[2024-04-08T08:27:16.968+0000] {processor.py:161} INFO - Started process (PID=165) to work on /opt/airflow/dags/my_first_dag.py
[2024-04-08T08:27:16.973+0000] {processor.py:830} INFO - Processing file /opt/airflow/dags/my_first_dag.py for tasks to queue
[2024-04-08T08:27:16.976+0000] {logging_mixin.py:188} INFO - [2024-04-08T08:27:16.975+0000] {dagbag.py:540} INFO - Filling up the DagBag from /opt/airflow/dags/my_first_dag.py
[2024-04-08T08:27:17.068+0000] {processor.py:840} INFO - DAG(s) 'my_first_dag' retrieved from /opt/airflow/dags/my_first_dag.py
[2024-04-08T08:27:17.241+0000] {logging_mixin.py:188} INFO - [2024-04-08T08:27:17.240+0000] {dag.py:3047} INFO - Sync 1 DAGs
[2024-04-08T08:27:17.268+0000] {logging_mixin.py:188} INFO - [2024-04-08T08:27:17.265+0000] {dag.py:3834} INFO - Setting next_dagrun for my_first_dag to None, run_after=None
[2024-04-08T08:27:17.295+0000] {processor.py:183} INFO - Processing /opt/airflow/dags/my_first_dag.py took 0.333 seconds
[2024-04-08T08:27:48.205+0000] {processor.py:161} INFO - Started process (PID=424) to work on /opt/airflow/dags/my_first_dag.py
[2024-04-08T08:27:48.206+0000] {processor.py:830} INFO - Processing file /opt/airflow/dags/my_first_dag.py for tasks to queue
[2024-04-08T08:27:48.207+0000] {logging_mixin.py:188} INFO - [2024-04-08T08:27:48.207+0000] {dagbag.py:540} INFO - Filling up the DagBag from /opt/airflow/dags/my_first_dag.py
[2024-04-08T08:27:48.211+0000] {processor.py:840} INFO - DAG(s) 'my_first_dag' retrieved from /opt/airflow/dags/my_first_dag.py
[2024-04-08T08:27:48.237+0000] {logging_mixin.py:188} INFO - [2024-04-08T08:27:48.236+0000] {dag.py:3047} INFO - Sync 1 DAGs
[2024-04-08T08:27:48.252+0000] {logging_mixin.py:188} INFO - [2024-04-08T08:27:48.251+0000] {dag.py:3834} INFO - Setting next_dagrun for my_first_dag to None, run_after=None
[2024-04-08T08:27:48.276+0000] {processor.py:183} INFO - Processing /opt/airflow/dags/my_first_dag.py took 0.074 seconds
[2024-04-08T08:28:19.022+0000] {processor.py:161} INFO - Started process (PID=682) to work on /opt/airflow/dags/my_first_dag.py
[2024-04-08T08:28:19.023+0000] {processor.py:830} INFO - Processing file /opt/airflow/dags/my_first_dag.py for tasks to queue
[2024-04-08T08:28:19.024+0000] {logging_mixin.py:188} INFO - [2024-04-08T08:28:19.024+0000] {dagbag.py:540} INFO - Filling up the DagBag from /opt/airflow/dags/my_first_dag.py
[2024-04-08T08:28:19.039+0000] {processor.py:840} INFO - DAG(s) 'my_first_dag' retrieved from /opt/airflow/dags/my_first_dag.py
[2024-04-08T08:28:19.076+0000] {logging_mixin.py:188} INFO - [2024-04-08T08:28:19.076+0000] {dag.py:3047} INFO - Sync 1 DAGs
[2024-04-08T08:28:19.091+0000] {logging_mixin.py:188} INFO - [2024-04-08T08:28:19.091+0000] {dag.py:3834} INFO - Setting next_dagrun for my_first_dag to None, run_after=None
[2024-04-08T08:28:19.129+0000] {processor.py:183} INFO - Processing /opt/airflow/dags/my_first_dag.py took 0.110 seconds
[2024-04-08T08:28:49.625+0000] {processor.py:161} INFO - Started process (PID=940) to work on /opt/airflow/dags/my_first_dag.py
[2024-04-08T08:28:49.626+0000] {processor.py:830} INFO - Processing file /opt/airflow/dags/my_first_dag.py for tasks to queue
[2024-04-08T08:28:49.627+0000] {logging_mixin.py:188} INFO - [2024-04-08T08:28:49.626+0000] {dagbag.py:540} INFO - Filling up the DagBag from /opt/airflow/dags/my_first_dag.py
[2024-04-08T08:28:49.631+0000] {processor.py:840} INFO - DAG(s) 'my_first_dag' retrieved from /opt/airflow/dags/my_first_dag.py
[2024-04-08T08:28:49.654+0000] {logging_mixin.py:188} INFO - [2024-04-08T08:28:49.654+0000] {dag.py:3047} INFO - Sync 1 DAGs
[2024-04-08T08:28:49.669+0000] {logging_mixin.py:188} INFO - [2024-04-08T08:28:49.669+0000] {dag.py:3834} INFO - Setting next_dagrun for my_first_dag to None, run_after=None
[2024-04-08T08:28:49.693+0000] {processor.py:183} INFO - Processing /opt/airflow/dags/my_first_dag.py took 0.072 seconds
[2024-04-08T08:29:20.337+0000] {processor.py:161} INFO - Started process (PID=1198) to work on /opt/airflow/dags/my_first_dag.py
[2024-04-08T08:29:20.338+0000] {processor.py:830} INFO - Processing file /opt/airflow/dags/my_first_dag.py for tasks to queue
[2024-04-08T08:29:20.339+0000] {logging_mixin.py:188} INFO - [2024-04-08T08:29:20.339+0000] {dagbag.py:540} INFO - Filling up the DagBag from /opt/airflow/dags/my_first_dag.py
[2024-04-08T08:29:20.344+0000] {processor.py:840} INFO - DAG(s) 'my_first_dag' retrieved from /opt/airflow/dags/my_first_dag.py
[2024-04-08T08:29:20.368+0000] {logging_mixin.py:188} INFO - [2024-04-08T08:29:20.367+0000] {dag.py:3047} INFO - Sync 1 DAGs
[2024-04-08T08:29:20.382+0000] {logging_mixin.py:188} INFO - [2024-04-08T08:29:20.382+0000] {dag.py:3834} INFO - Setting next_dagrun for my_first_dag to None, run_after=None
[2024-04-08T08:29:20.406+0000] {processor.py:183} INFO - Processing /opt/airflow/dags/my_first_dag.py took 0.072 seconds
[2024-04-08T08:29:50.700+0000] {processor.py:161} INFO - Started process (PID=1455) to work on /opt/airflow/dags/my_first_dag.py
[2024-04-08T08:29:50.701+0000] {processor.py:830} INFO - Processing file /opt/airflow/dags/my_first_dag.py for tasks to queue
[2024-04-08T08:29:50.702+0000] {logging_mixin.py:188} INFO - [2024-04-08T08:29:50.702+0000] {dagbag.py:540} INFO - Filling up the DagBag from /opt/airflow/dags/my_first_dag.py
[2024-04-08T08:29:50.706+0000] {processor.py:840} INFO - DAG(s) 'my_first_dag' retrieved from /opt/airflow/dags/my_first_dag.py
[2024-04-08T08:29:50.731+0000] {logging_mixin.py:188} INFO - [2024-04-08T08:29:50.731+0000] {dag.py:3047} INFO - Sync 1 DAGs
[2024-04-08T08:29:50.747+0000] {logging_mixin.py:188} INFO - [2024-04-08T08:29:50.746+0000] {dag.py:3834} INFO - Setting next_dagrun for my_first_dag to None, run_after=None
[2024-04-08T08:29:50.770+0000] {processor.py:183} INFO - Processing /opt/airflow/dags/my_first_dag.py took 0.074 seconds
[2024-04-08T08:30:21.239+0000] {processor.py:161} INFO - Started process (PID=1713) to work on /opt/airflow/dags/my_first_dag.py
[2024-04-08T08:30:21.243+0000] {processor.py:830} INFO - Processing file /opt/airflow/dags/my_first_dag.py for tasks to queue
[2024-04-08T08:30:21.246+0000] {logging_mixin.py:188} INFO - [2024-04-08T08:30:21.245+0000] {dagbag.py:540} INFO - Filling up the DagBag from /opt/airflow/dags/my_first_dag.py
[2024-04-08T08:30:21.258+0000] {processor.py:840} INFO - DAG(s) 'my_first_dag' retrieved from /opt/airflow/dags/my_first_dag.py
[2024-04-08T08:30:21.285+0000] {logging_mixin.py:188} INFO - [2024-04-08T08:30:21.284+0000] {dag.py:3047} INFO - Sync 1 DAGs
[2024-04-08T08:30:21.298+0000] {logging_mixin.py:188} INFO - [2024-04-08T08:30:21.298+0000] {dag.py:3834} INFO - Setting next_dagrun for my_first_dag to None, run_after=None
[2024-04-08T08:30:21.340+0000] {processor.py:183} INFO - Processing /opt/airflow/dags/my_first_dag.py took 0.112 seconds
[2024-04-08T08:30:52.123+0000] {processor.py:161} INFO - Started process (PID=1970) to work on /opt/airflow/dags/my_first_dag.py
[2024-04-08T08:30:52.124+0000] {processor.py:830} INFO - Processing file /opt/airflow/dags/my_first_dag.py for tasks to queue
[2024-04-08T08:30:52.125+0000] {logging_mixin.py:188} INFO - [2024-04-08T08:30:52.124+0000] {dagbag.py:540} INFO - Filling up the DagBag from /opt/airflow/dags/my_first_dag.py
[2024-04-08T08:30:52.131+0000] {processor.py:840} INFO - DAG(s) 'my_first_dag' retrieved from /opt/airflow/dags/my_first_dag.py
[2024-04-08T08:30:52.157+0000] {logging_mixin.py:188} INFO - [2024-04-08T08:30:52.156+0000] {dag.py:3047} INFO - Sync 1 DAGs
[2024-04-08T08:30:52.172+0000] {logging_mixin.py:188} INFO - [2024-04-08T08:30:52.171+0000] {dag.py:3834} INFO - Setting next_dagrun for my_first_dag to None, run_after=None
[2024-04-08T08:30:52.197+0000] {processor.py:183} INFO - Processing /opt/airflow/dags/my_first_dag.py took 0.077 seconds
[2024-04-08T08:31:22.757+0000] {processor.py:161} INFO - Started process (PID=2227) to work on /opt/airflow/dags/my_first_dag.py
[2024-04-08T08:31:22.759+0000] {processor.py:830} INFO - Processing file /opt/airflow/dags/my_first_dag.py for tasks to queue
[2024-04-08T08:31:22.760+0000] {logging_mixin.py:188} INFO - [2024-04-08T08:31:22.759+0000] {dagbag.py:540} INFO - Filling up the DagBag from /opt/airflow/dags/my_first_dag.py
[2024-04-08T08:31:22.764+0000] {processor.py:840} INFO - DAG(s) 'my_first_dag' retrieved from /opt/airflow/dags/my_first_dag.py
[2024-04-08T08:31:22.788+0000] {logging_mixin.py:188} INFO - [2024-04-08T08:31:22.787+0000] {dag.py:3047} INFO - Sync 1 DAGs
[2024-04-08T08:31:22.803+0000] {logging_mixin.py:188} INFO - [2024-04-08T08:31:22.802+0000] {dag.py:3834} INFO - Setting next_dagrun for my_first_dag to None, run_after=None
[2024-04-08T08:31:22.829+0000] {processor.py:183} INFO - Processing /opt/airflow/dags/my_first_dag.py took 0.075 seconds
[2024-04-08T08:31:53.300+0000] {processor.py:161} INFO - Started process (PID=2484) to work on /opt/airflow/dags/my_first_dag.py
[2024-04-08T08:31:53.301+0000] {processor.py:830} INFO - Processing file /opt/airflow/dags/my_first_dag.py for tasks to queue
[2024-04-08T08:31:53.302+0000] {logging_mixin.py:188} INFO - [2024-04-08T08:31:53.302+0000] {dagbag.py:540} INFO - Filling up the DagBag from /opt/airflow/dags/my_first_dag.py
[2024-04-08T08:31:53.307+0000] {processor.py:840} INFO - DAG(s) 'my_first_dag' retrieved from /opt/airflow/dags/my_first_dag.py
[2024-04-08T08:31:53.332+0000] {logging_mixin.py:188} INFO - [2024-04-08T08:31:53.332+0000] {dag.py:3047} INFO - Sync 1 DAGs
[2024-04-08T08:31:53.347+0000] {logging_mixin.py:188} INFO - [2024-04-08T08:31:53.347+0000] {dag.py:3834} INFO - Setting next_dagrun for my_first_dag to None, run_after=None
[2024-04-08T08:31:53.371+0000] {processor.py:183} INFO - Processing /opt/airflow/dags/my_first_dag.py took 0.074 seconds
[2024-04-08T08:32:23.886+0000] {processor.py:161} INFO - Started process (PID=2741) to work on /opt/airflow/dags/my_first_dag.py
[2024-04-08T08:32:23.887+0000] {processor.py:830} INFO - Processing file /opt/airflow/dags/my_first_dag.py for tasks to queue
[2024-04-08T08:32:23.887+0000] {logging_mixin.py:188} INFO - [2024-04-08T08:32:23.887+0000] {dagbag.py:540} INFO - Filling up the DagBag from /opt/airflow/dags/my_first_dag.py
[2024-04-08T08:32:23.892+0000] {processor.py:840} INFO - DAG(s) 'my_first_dag' retrieved from /opt/airflow/dags/my_first_dag.py
[2024-04-08T08:32:23.915+0000] {logging_mixin.py:188} INFO - [2024-04-08T08:32:23.915+0000] {dag.py:3047} INFO - Sync 1 DAGs
[2024-04-08T08:32:23.934+0000] {logging_mixin.py:188} INFO - [2024-04-08T08:32:23.934+0000] {dag.py:3834} INFO - Setting next_dagrun for my_first_dag to None, run_after=None
[2024-04-08T08:32:23.965+0000] {processor.py:183} INFO - Processing /opt/airflow/dags/my_first_dag.py took 0.082 seconds
[2024-04-08T08:32:54.123+0000] {processor.py:161} INFO - Started process (PID=2998) to work on /opt/airflow/dags/my_first_dag.py
[2024-04-08T08:32:54.125+0000] {processor.py:830} INFO - Processing file /opt/airflow/dags/my_first_dag.py for tasks to queue
[2024-04-08T08:32:54.126+0000] {logging_mixin.py:188} INFO - [2024-04-08T08:32:54.126+0000] {dagbag.py:540} INFO - Filling up the DagBag from /opt/airflow/dags/my_first_dag.py
[2024-04-08T08:32:54.132+0000] {processor.py:840} INFO - DAG(s) 'my_first_dag' retrieved from /opt/airflow/dags/my_first_dag.py
[2024-04-08T08:32:54.161+0000] {logging_mixin.py:188} INFO - [2024-04-08T08:32:54.161+0000] {dag.py:3047} INFO - Sync 1 DAGs
[2024-04-08T08:32:54.177+0000] {logging_mixin.py:188} INFO - [2024-04-08T08:32:54.177+0000] {dag.py:3834} INFO - Setting next_dagrun for my_first_dag to None, run_after=None
[2024-04-08T08:32:54.202+0000] {processor.py:183} INFO - Processing /opt/airflow/dags/my_first_dag.py took 0.083 seconds
[2024-04-08T08:33:24.577+0000] {processor.py:161} INFO - Started process (PID=3255) to work on /opt/airflow/dags/my_first_dag.py
[2024-04-08T08:33:24.578+0000] {processor.py:830} INFO - Processing file /opt/airflow/dags/my_first_dag.py for tasks to queue
[2024-04-08T08:33:24.579+0000] {logging_mixin.py:188} INFO - [2024-04-08T08:33:24.578+0000] {dagbag.py:540} INFO - Filling up the DagBag from /opt/airflow/dags/my_first_dag.py
[2024-04-08T08:33:24.583+0000] {processor.py:840} INFO - DAG(s) 'my_first_dag' retrieved from /opt/airflow/dags/my_first_dag.py
[2024-04-08T08:33:24.607+0000] {logging_mixin.py:188} INFO - [2024-04-08T08:33:24.607+0000] {dag.py:3047} INFO - Sync 1 DAGs
[2024-04-08T08:33:24.623+0000] {logging_mixin.py:188} INFO - [2024-04-08T08:33:24.622+0000] {dag.py:3834} INFO - Setting next_dagrun for my_first_dag to None, run_after=None
[2024-04-08T08:33:24.649+0000] {processor.py:183} INFO - Processing /opt/airflow/dags/my_first_dag.py took 0.076 seconds
[2024-04-08T08:33:54.999+0000] {processor.py:161} INFO - Started process (PID=3512) to work on /opt/airflow/dags/my_first_dag.py
[2024-04-08T08:33:55.000+0000] {processor.py:830} INFO - Processing file /opt/airflow/dags/my_first_dag.py for tasks to queue
[2024-04-08T08:33:55.000+0000] {logging_mixin.py:188} INFO - [2024-04-08T08:33:55.000+0000] {dagbag.py:540} INFO - Filling up the DagBag from /opt/airflow/dags/my_first_dag.py
[2024-04-08T08:33:55.005+0000] {processor.py:840} INFO - DAG(s) 'my_first_dag' retrieved from /opt/airflow/dags/my_first_dag.py
[2024-04-08T08:33:55.047+0000] {logging_mixin.py:188} INFO - [2024-04-08T08:33:55.047+0000] {dag.py:3047} INFO - Sync 1 DAGs
[2024-04-08T08:33:55.062+0000] {logging_mixin.py:188} INFO - [2024-04-08T08:33:55.062+0000] {dag.py:3834} INFO - Setting next_dagrun for my_first_dag to None, run_after=None
[2024-04-08T08:33:55.109+0000] {processor.py:183} INFO - Processing /opt/airflow/dags/my_first_dag.py took 0.113 seconds
[2024-04-08T08:34:25.386+0000] {processor.py:161} INFO - Started process (PID=3768) to work on /opt/airflow/dags/my_first_dag.py
[2024-04-08T08:34:25.388+0000] {processor.py:830} INFO - Processing file /opt/airflow/dags/my_first_dag.py for tasks to queue
[2024-04-08T08:34:25.389+0000] {logging_mixin.py:188} INFO - [2024-04-08T08:34:25.389+0000] {dagbag.py:540} INFO - Filling up the DagBag from /opt/airflow/dags/my_first_dag.py
[2024-04-08T08:34:25.394+0000] {processor.py:840} INFO - DAG(s) 'my_first_dag' retrieved from /opt/airflow/dags/my_first_dag.py
[2024-04-08T08:34:25.417+0000] {logging_mixin.py:188} INFO - [2024-04-08T08:34:25.417+0000] {dag.py:3047} INFO - Sync 1 DAGs
[2024-04-08T08:34:25.432+0000] {logging_mixin.py:188} INFO - [2024-04-08T08:34:25.432+0000] {dag.py:3834} INFO - Setting next_dagrun for my_first_dag to None, run_after=None
[2024-04-08T08:34:25.469+0000] {processor.py:183} INFO - Processing /opt/airflow/dags/my_first_dag.py took 0.086 seconds
[2024-04-08T08:34:55.596+0000] {processor.py:161} INFO - Started process (PID=4025) to work on /opt/airflow/dags/my_first_dag.py
[2024-04-08T08:34:55.597+0000] {processor.py:830} INFO - Processing file /opt/airflow/dags/my_first_dag.py for tasks to queue
[2024-04-08T08:34:55.598+0000] {logging_mixin.py:188} INFO - [2024-04-08T08:34:55.598+0000] {dagbag.py:540} INFO - Filling up the DagBag from /opt/airflow/dags/my_first_dag.py
[2024-04-08T08:34:55.603+0000] {processor.py:840} INFO - DAG(s) 'my_first_dag' retrieved from /opt/airflow/dags/my_first_dag.py
[2024-04-08T08:34:55.626+0000] {logging_mixin.py:188} INFO - [2024-04-08T08:34:55.626+0000] {dag.py:3047} INFO - Sync 1 DAGs
[2024-04-08T08:34:55.640+0000] {logging_mixin.py:188} INFO - [2024-04-08T08:34:55.640+0000] {dag.py:3834} INFO - Setting next_dagrun for my_first_dag to None, run_after=None
[2024-04-08T08:34:55.665+0000] {processor.py:183} INFO - Processing /opt/airflow/dags/my_first_dag.py took 0.072 seconds
[2024-04-08T08:35:26.126+0000] {processor.py:161} INFO - Started process (PID=4283) to work on /opt/airflow/dags/my_first_dag.py
[2024-04-08T08:35:26.127+0000] {processor.py:830} INFO - Processing file /opt/airflow/dags/my_first_dag.py for tasks to queue
[2024-04-08T08:35:26.128+0000] {logging_mixin.py:188} INFO - [2024-04-08T08:35:26.128+0000] {dagbag.py:540} INFO - Filling up the DagBag from /opt/airflow/dags/my_first_dag.py
[2024-04-08T08:35:26.134+0000] {processor.py:840} INFO - DAG(s) 'my_first_dag' retrieved from /opt/airflow/dags/my_first_dag.py
[2024-04-08T08:35:26.174+0000] {logging_mixin.py:188} INFO - [2024-04-08T08:35:26.174+0000] {dag.py:3047} INFO - Sync 1 DAGs
[2024-04-08T08:35:26.188+0000] {logging_mixin.py:188} INFO - [2024-04-08T08:35:26.188+0000] {dag.py:3834} INFO - Setting next_dagrun for my_first_dag to None, run_after=None
[2024-04-08T08:35:26.211+0000] {processor.py:183} INFO - Processing /opt/airflow/dags/my_first_dag.py took 0.089 seconds
[2024-04-08T08:35:56.777+0000] {processor.py:161} INFO - Started process (PID=4540) to work on /opt/airflow/dags/my_first_dag.py
[2024-04-08T08:35:56.778+0000] {processor.py:830} INFO - Processing file /opt/airflow/dags/my_first_dag.py for tasks to queue
[2024-04-08T08:35:56.779+0000] {logging_mixin.py:188} INFO - [2024-04-08T08:35:56.779+0000] {dagbag.py:540} INFO - Filling up the DagBag from /opt/airflow/dags/my_first_dag.py
[2024-04-08T08:35:56.784+0000] {processor.py:840} INFO - DAG(s) 'my_first_dag' retrieved from /opt/airflow/dags/my_first_dag.py
[2024-04-08T08:35:56.809+0000] {logging_mixin.py:188} INFO - [2024-04-08T08:35:56.809+0000] {dag.py:3047} INFO - Sync 1 DAGs
[2024-04-08T08:35:56.824+0000] {logging_mixin.py:188} INFO - [2024-04-08T08:35:56.824+0000] {dag.py:3834} INFO - Setting next_dagrun for my_first_dag to None, run_after=None
[2024-04-08T08:35:56.850+0000] {processor.py:183} INFO - Processing /opt/airflow/dags/my_first_dag.py took 0.075 seconds
[2024-04-08T08:36:27.307+0000] {processor.py:161} INFO - Started process (PID=4798) to work on /opt/airflow/dags/my_first_dag.py
[2024-04-08T08:36:27.307+0000] {processor.py:830} INFO - Processing file /opt/airflow/dags/my_first_dag.py for tasks to queue
[2024-04-08T08:36:27.308+0000] {logging_mixin.py:188} INFO - [2024-04-08T08:36:27.308+0000] {dagbag.py:540} INFO - Filling up the DagBag from /opt/airflow/dags/my_first_dag.py
[2024-04-08T08:36:27.313+0000] {processor.py:840} INFO - DAG(s) 'my_first_dag' retrieved from /opt/airflow/dags/my_first_dag.py
[2024-04-08T08:36:27.337+0000] {logging_mixin.py:188} INFO - [2024-04-08T08:36:27.337+0000] {dag.py:3047} INFO - Sync 1 DAGs
[2024-04-08T08:36:27.353+0000] {logging_mixin.py:188} INFO - [2024-04-08T08:36:27.353+0000] {dag.py:3834} INFO - Setting next_dagrun for my_first_dag to None, run_after=None
[2024-04-08T08:36:27.377+0000] {processor.py:183} INFO - Processing /opt/airflow/dags/my_first_dag.py took 0.074 seconds
[2024-04-08T08:36:57.632+0000] {processor.py:161} INFO - Started process (PID=5055) to work on /opt/airflow/dags/my_first_dag.py
[2024-04-08T08:36:57.633+0000] {processor.py:830} INFO - Processing file /opt/airflow/dags/my_first_dag.py for tasks to queue
[2024-04-08T08:36:57.634+0000] {logging_mixin.py:188} INFO - [2024-04-08T08:36:57.633+0000] {dagbag.py:540} INFO - Filling up the DagBag from /opt/airflow/dags/my_first_dag.py
[2024-04-08T08:36:57.639+0000] {processor.py:840} INFO - DAG(s) 'my_first_dag' retrieved from /opt/airflow/dags/my_first_dag.py
[2024-04-08T08:36:57.665+0000] {logging_mixin.py:188} INFO - [2024-04-08T08:36:57.664+0000] {dag.py:3047} INFO - Sync 1 DAGs
[2024-04-08T08:36:57.679+0000] {logging_mixin.py:188} INFO - [2024-04-08T08:36:57.679+0000] {dag.py:3834} INFO - Setting next_dagrun for my_first_dag to None, run_after=None
[2024-04-08T08:36:57.704+0000] {processor.py:183} INFO - Processing /opt/airflow/dags/my_first_dag.py took 0.075 seconds
[2024-04-08T08:37:28.012+0000] {processor.py:161} INFO - Started process (PID=5311) to work on /opt/airflow/dags/my_first_dag.py
[2024-04-08T08:37:28.014+0000] {processor.py:830} INFO - Processing file /opt/airflow/dags/my_first_dag.py for tasks to queue
[2024-04-08T08:37:28.017+0000] {logging_mixin.py:188} INFO - [2024-04-08T08:37:28.017+0000] {dagbag.py:540} INFO - Filling up the DagBag from /opt/airflow/dags/my_first_dag.py
[2024-04-08T08:37:28.022+0000] {processor.py:840} INFO - DAG(s) 'my_first_dag' retrieved from /opt/airflow/dags/my_first_dag.py
[2024-04-08T08:37:28.062+0000] {logging_mixin.py:188} INFO - [2024-04-08T08:37:28.062+0000] {dag.py:3047} INFO - Sync 1 DAGs
[2024-04-08T08:37:28.077+0000] {logging_mixin.py:188} INFO - [2024-04-08T08:37:28.077+0000] {dag.py:3834} INFO - Setting next_dagrun for my_first_dag to None, run_after=None
[2024-04-08T08:37:28.101+0000] {processor.py:183} INFO - Processing /opt/airflow/dags/my_first_dag.py took 0.093 seconds
[2024-04-08T08:37:58.600+0000] {processor.py:161} INFO - Started process (PID=5568) to work on /opt/airflow/dags/my_first_dag.py
[2024-04-08T08:37:58.602+0000] {processor.py:830} INFO - Processing file /opt/airflow/dags/my_first_dag.py for tasks to queue
[2024-04-08T08:37:58.604+0000] {logging_mixin.py:188} INFO - [2024-04-08T08:37:58.603+0000] {dagbag.py:540} INFO - Filling up the DagBag from /opt/airflow/dags/my_first_dag.py
[2024-04-08T08:37:58.613+0000] {processor.py:840} INFO - DAG(s) 'my_first_dag' retrieved from /opt/airflow/dags/my_first_dag.py
[2024-04-08T08:37:58.683+0000] {logging_mixin.py:188} INFO - [2024-04-08T08:37:58.683+0000] {dag.py:3047} INFO - Sync 1 DAGs
[2024-04-08T08:37:58.702+0000] {logging_mixin.py:188} INFO - [2024-04-08T08:37:58.702+0000] {dag.py:3834} INFO - Setting next_dagrun for my_first_dag to None, run_after=None
[2024-04-08T08:37:58.735+0000] {processor.py:183} INFO - Processing /opt/airflow/dags/my_first_dag.py took 0.152 seconds
[2024-04-08T08:38:29.238+0000] {processor.py:161} INFO - Started process (PID=5826) to work on /opt/airflow/dags/my_first_dag.py
[2024-04-08T08:38:29.240+0000] {processor.py:830} INFO - Processing file /opt/airflow/dags/my_first_dag.py for tasks to queue
[2024-04-08T08:38:29.240+0000] {logging_mixin.py:188} INFO - [2024-04-08T08:38:29.240+0000] {dagbag.py:540} INFO - Filling up the DagBag from /opt/airflow/dags/my_first_dag.py
[2024-04-08T08:38:29.250+0000] {processor.py:840} INFO - DAG(s) 'my_first_dag' retrieved from /opt/airflow/dags/my_first_dag.py
[2024-04-08T08:38:29.289+0000] {logging_mixin.py:188} INFO - [2024-04-08T08:38:29.289+0000] {dag.py:3047} INFO - Sync 1 DAGs
[2024-04-08T08:38:29.304+0000] {logging_mixin.py:188} INFO - [2024-04-08T08:38:29.304+0000] {dag.py:3834} INFO - Setting next_dagrun for my_first_dag to None, run_after=None
[2024-04-08T08:38:29.328+0000] {processor.py:183} INFO - Processing /opt/airflow/dags/my_first_dag.py took 0.093 seconds
[2024-04-08T08:38:59.755+0000] {processor.py:161} INFO - Started process (PID=6083) to work on /opt/airflow/dags/my_first_dag.py
[2024-04-08T08:38:59.756+0000] {processor.py:830} INFO - Processing file /opt/airflow/dags/my_first_dag.py for tasks to queue
[2024-04-08T08:38:59.757+0000] {logging_mixin.py:188} INFO - [2024-04-08T08:38:59.757+0000] {dagbag.py:540} INFO - Filling up the DagBag from /opt/airflow/dags/my_first_dag.py
[2024-04-08T08:38:59.762+0000] {processor.py:840} INFO - DAG(s) 'my_first_dag' retrieved from /opt/airflow/dags/my_first_dag.py
[2024-04-08T08:38:59.791+0000] {logging_mixin.py:188} INFO - [2024-04-08T08:38:59.791+0000] {dag.py:3047} INFO - Sync 1 DAGs
[2024-04-08T08:38:59.853+0000] {logging_mixin.py:188} INFO - [2024-04-08T08:38:59.852+0000] {dag.py:3834} INFO - Setting next_dagrun for my_first_dag to None, run_after=None
[2024-04-08T08:38:59.892+0000] {processor.py:183} INFO - Processing /opt/airflow/dags/my_first_dag.py took 0.141 seconds
[2024-04-08T08:39:30.480+0000] {processor.py:161} INFO - Started process (PID=6339) to work on /opt/airflow/dags/my_first_dag.py
[2024-04-08T08:39:30.481+0000] {processor.py:830} INFO - Processing file /opt/airflow/dags/my_first_dag.py for tasks to queue
[2024-04-08T08:39:30.482+0000] {logging_mixin.py:188} INFO - [2024-04-08T08:39:30.482+0000] {dagbag.py:540} INFO - Filling up the DagBag from /opt/airflow/dags/my_first_dag.py
[2024-04-08T08:39:30.487+0000] {processor.py:840} INFO - DAG(s) 'my_first_dag' retrieved from /opt/airflow/dags/my_first_dag.py
[2024-04-08T08:39:30.510+0000] {logging_mixin.py:188} INFO - [2024-04-08T08:39:30.509+0000] {dag.py:3047} INFO - Sync 1 DAGs
[2024-04-08T08:39:30.524+0000] {logging_mixin.py:188} INFO - [2024-04-08T08:39:30.524+0000] {dag.py:3834} INFO - Setting next_dagrun for my_first_dag to None, run_after=None
[2024-04-08T08:39:30.549+0000] {processor.py:183} INFO - Processing /opt/airflow/dags/my_first_dag.py took 0.072 seconds
[2024-04-08T08:40:00.906+0000] {processor.py:161} INFO - Started process (PID=6596) to work on /opt/airflow/dags/my_first_dag.py
[2024-04-08T08:40:00.907+0000] {processor.py:830} INFO - Processing file /opt/airflow/dags/my_first_dag.py for tasks to queue
[2024-04-08T08:40:00.909+0000] {logging_mixin.py:188} INFO - [2024-04-08T08:40:00.908+0000] {dagbag.py:540} INFO - Filling up the DagBag from /opt/airflow/dags/my_first_dag.py
[2024-04-08T08:40:00.915+0000] {processor.py:840} INFO - DAG(s) 'my_first_dag' retrieved from /opt/airflow/dags/my_first_dag.py
[2024-04-08T08:40:00.945+0000] {logging_mixin.py:188} INFO - [2024-04-08T08:40:00.944+0000] {dag.py:3047} INFO - Sync 1 DAGs
[2024-04-08T08:40:00.963+0000] {logging_mixin.py:188} INFO - [2024-04-08T08:40:00.963+0000] {dag.py:3834} INFO - Setting next_dagrun for my_first_dag to None, run_after=None
[2024-04-08T08:40:00.996+0000] {processor.py:183} INFO - Processing /opt/airflow/dags/my_first_dag.py took 0.094 seconds
[2024-04-08T08:40:31.265+0000] {processor.py:161} INFO - Started process (PID=6853) to work on /opt/airflow/dags/my_first_dag.py
[2024-04-08T08:40:31.266+0000] {processor.py:830} INFO - Processing file /opt/airflow/dags/my_first_dag.py for tasks to queue
[2024-04-08T08:40:31.267+0000] {logging_mixin.py:188} INFO - [2024-04-08T08:40:31.267+0000] {dagbag.py:540} INFO - Filling up the DagBag from /opt/airflow/dags/my_first_dag.py
[2024-04-08T08:40:31.271+0000] {processor.py:840} INFO - DAG(s) 'my_first_dag' retrieved from /opt/airflow/dags/my_first_dag.py
[2024-04-08T08:40:31.299+0000] {logging_mixin.py:188} INFO - [2024-04-08T08:40:31.298+0000] {dag.py:3047} INFO - Sync 1 DAGs
[2024-04-08T08:40:31.339+0000] {logging_mixin.py:188} INFO - [2024-04-08T08:40:31.338+0000] {dag.py:3834} INFO - Setting next_dagrun for my_first_dag to None, run_after=None
[2024-04-08T08:40:31.397+0000] {processor.py:183} INFO - Processing /opt/airflow/dags/my_first_dag.py took 0.135 seconds
[2024-04-08T08:41:01.712+0000] {processor.py:161} INFO - Started process (PID=7110) to work on /opt/airflow/dags/my_first_dag.py
[2024-04-08T08:41:01.713+0000] {processor.py:830} INFO - Processing file /opt/airflow/dags/my_first_dag.py for tasks to queue
[2024-04-08T08:41:01.714+0000] {logging_mixin.py:188} INFO - [2024-04-08T08:41:01.714+0000] {dagbag.py:540} INFO - Filling up the DagBag from /opt/airflow/dags/my_first_dag.py
[2024-04-08T08:41:01.718+0000] {processor.py:840} INFO - DAG(s) 'my_first_dag' retrieved from /opt/airflow/dags/my_first_dag.py
[2024-04-08T08:41:01.761+0000] {logging_mixin.py:188} INFO - [2024-04-08T08:41:01.760+0000] {dag.py:3047} INFO - Sync 1 DAGs
[2024-04-08T08:41:01.816+0000] {logging_mixin.py:188} INFO - [2024-04-08T08:41:01.816+0000] {dag.py:3834} INFO - Setting next_dagrun for my_first_dag to None, run_after=None
[2024-04-08T08:41:01.839+0000] {processor.py:183} INFO - Processing /opt/airflow/dags/my_first_dag.py took 0.130 seconds
[2024-04-08T08:41:32.317+0000] {processor.py:161} INFO - Started process (PID=7367) to work on /opt/airflow/dags/my_first_dag.py
[2024-04-08T08:41:32.318+0000] {processor.py:830} INFO - Processing file /opt/airflow/dags/my_first_dag.py for tasks to queue
[2024-04-08T08:41:32.319+0000] {logging_mixin.py:188} INFO - [2024-04-08T08:41:32.319+0000] {dagbag.py:540} INFO - Filling up the DagBag from /opt/airflow/dags/my_first_dag.py
[2024-04-08T08:41:32.324+0000] {processor.py:840} INFO - DAG(s) 'my_first_dag' retrieved from /opt/airflow/dags/my_first_dag.py
[2024-04-08T08:41:32.347+0000] {logging_mixin.py:188} INFO - [2024-04-08T08:41:32.346+0000] {dag.py:3047} INFO - Sync 1 DAGs
[2024-04-08T08:41:32.361+0000] {logging_mixin.py:188} INFO - [2024-04-08T08:41:32.361+0000] {dag.py:3834} INFO - Setting next_dagrun for my_first_dag to None, run_after=None
[2024-04-08T08:41:32.384+0000] {processor.py:183} INFO - Processing /opt/airflow/dags/my_first_dag.py took 0.070 seconds
[2024-04-08T08:42:02.618+0000] {processor.py:161} INFO - Started process (PID=7624) to work on /opt/airflow/dags/my_first_dag.py
[2024-04-08T08:42:02.619+0000] {processor.py:830} INFO - Processing file /opt/airflow/dags/my_first_dag.py for tasks to queue
[2024-04-08T08:42:02.620+0000] {logging_mixin.py:188} INFO - [2024-04-08T08:42:02.620+0000] {dagbag.py:540} INFO - Filling up the DagBag from /opt/airflow/dags/my_first_dag.py
[2024-04-08T08:42:02.625+0000] {processor.py:840} INFO - DAG(s) 'my_first_dag' retrieved from /opt/airflow/dags/my_first_dag.py
[2024-04-08T08:42:02.647+0000] {logging_mixin.py:188} INFO - [2024-04-08T08:42:02.647+0000] {dag.py:3047} INFO - Sync 1 DAGs
[2024-04-08T08:42:02.662+0000] {logging_mixin.py:188} INFO - [2024-04-08T08:42:02.662+0000] {dag.py:3834} INFO - Setting next_dagrun for my_first_dag to None, run_after=None
[2024-04-08T08:42:02.690+0000] {processor.py:183} INFO - Processing /opt/airflow/dags/my_first_dag.py took 0.076 seconds
[2024-04-08T08:42:32.988+0000] {processor.py:161} INFO - Started process (PID=7881) to work on /opt/airflow/dags/my_first_dag.py
[2024-04-08T08:42:32.989+0000] {processor.py:830} INFO - Processing file /opt/airflow/dags/my_first_dag.py for tasks to queue
[2024-04-08T08:42:32.990+0000] {logging_mixin.py:188} INFO - [2024-04-08T08:42:32.990+0000] {dagbag.py:540} INFO - Filling up the DagBag from /opt/airflow/dags/my_first_dag.py
[2024-04-08T08:42:32.995+0000] {processor.py:840} INFO - DAG(s) 'my_first_dag' retrieved from /opt/airflow/dags/my_first_dag.py
[2024-04-08T08:42:33.017+0000] {logging_mixin.py:188} INFO - [2024-04-08T08:42:33.017+0000] {dag.py:3047} INFO - Sync 1 DAGs
[2024-04-08T08:42:33.032+0000] {logging_mixin.py:188} INFO - [2024-04-08T08:42:33.032+0000] {dag.py:3834} INFO - Setting next_dagrun for my_first_dag to None, run_after=None
[2024-04-08T08:42:33.059+0000] {processor.py:183} INFO - Processing /opt/airflow/dags/my_first_dag.py took 0.074 seconds
[2024-04-08T08:43:03.339+0000] {processor.py:161} INFO - Started process (PID=8138) to work on /opt/airflow/dags/my_first_dag.py
[2024-04-08T08:43:03.340+0000] {processor.py:830} INFO - Processing file /opt/airflow/dags/my_first_dag.py for tasks to queue
[2024-04-08T08:43:03.341+0000] {logging_mixin.py:188} INFO - [2024-04-08T08:43:03.340+0000] {dagbag.py:540} INFO - Filling up the DagBag from /opt/airflow/dags/my_first_dag.py
[2024-04-08T08:43:03.345+0000] {processor.py:840} INFO - DAG(s) 'my_first_dag' retrieved from /opt/airflow/dags/my_first_dag.py
[2024-04-08T08:43:03.372+0000] {logging_mixin.py:188} INFO - [2024-04-08T08:43:03.372+0000] {dag.py:3047} INFO - Sync 1 DAGs
[2024-04-08T08:43:03.387+0000] {logging_mixin.py:188} INFO - [2024-04-08T08:43:03.387+0000] {dag.py:3834} INFO - Setting next_dagrun for my_first_dag to None, run_after=None
[2024-04-08T08:43:03.413+0000] {processor.py:183} INFO - Processing /opt/airflow/dags/my_first_dag.py took 0.078 seconds
[2024-04-08T08:43:33.876+0000] {processor.py:161} INFO - Started process (PID=8395) to work on /opt/airflow/dags/my_first_dag.py
[2024-04-08T08:43:33.877+0000] {processor.py:830} INFO - Processing file /opt/airflow/dags/my_first_dag.py for tasks to queue
[2024-04-08T08:43:33.878+0000] {logging_mixin.py:188} INFO - [2024-04-08T08:43:33.877+0000] {dagbag.py:540} INFO - Filling up the DagBag from /opt/airflow/dags/my_first_dag.py
[2024-04-08T08:43:33.882+0000] {processor.py:840} INFO - DAG(s) 'my_first_dag' retrieved from /opt/airflow/dags/my_first_dag.py
[2024-04-08T08:43:33.905+0000] {logging_mixin.py:188} INFO - [2024-04-08T08:43:33.905+0000] {dag.py:3047} INFO - Sync 1 DAGs
[2024-04-08T08:43:33.920+0000] {logging_mixin.py:188} INFO - [2024-04-08T08:43:33.920+0000] {dag.py:3834} INFO - Setting next_dagrun for my_first_dag to None, run_after=None
[2024-04-08T08:43:33.945+0000] {processor.py:183} INFO - Processing /opt/airflow/dags/my_first_dag.py took 0.073 seconds
[2024-04-08T08:44:04.425+0000] {processor.py:161} INFO - Started process (PID=8652) to work on /opt/airflow/dags/my_first_dag.py
[2024-04-08T08:44:04.426+0000] {processor.py:830} INFO - Processing file /opt/airflow/dags/my_first_dag.py for tasks to queue
[2024-04-08T08:44:04.427+0000] {logging_mixin.py:188} INFO - [2024-04-08T08:44:04.426+0000] {dagbag.py:540} INFO - Filling up the DagBag from /opt/airflow/dags/my_first_dag.py
[2024-04-08T08:44:04.431+0000] {processor.py:840} INFO - DAG(s) 'my_first_dag' retrieved from /opt/airflow/dags/my_first_dag.py
[2024-04-08T08:44:04.453+0000] {logging_mixin.py:188} INFO - [2024-04-08T08:44:04.453+0000] {dag.py:3047} INFO - Sync 1 DAGs
[2024-04-08T08:44:04.468+0000] {logging_mixin.py:188} INFO - [2024-04-08T08:44:04.467+0000] {dag.py:3834} INFO - Setting next_dagrun for my_first_dag to None, run_after=None
[2024-04-08T08:44:04.500+0000] {processor.py:183} INFO - Processing /opt/airflow/dags/my_first_dag.py took 0.079 seconds
[2024-04-08T08:44:35.061+0000] {processor.py:161} INFO - Started process (PID=8910) to work on /opt/airflow/dags/my_first_dag.py
[2024-04-08T08:44:35.062+0000] {processor.py:830} INFO - Processing file /opt/airflow/dags/my_first_dag.py for tasks to queue
[2024-04-08T08:44:35.063+0000] {logging_mixin.py:188} INFO - [2024-04-08T08:44:35.063+0000] {dagbag.py:540} INFO - Filling up the DagBag from /opt/airflow/dags/my_first_dag.py
[2024-04-08T08:44:35.067+0000] {processor.py:840} INFO - DAG(s) 'my_first_dag' retrieved from /opt/airflow/dags/my_first_dag.py
[2024-04-08T08:44:35.091+0000] {logging_mixin.py:188} INFO - [2024-04-08T08:44:35.090+0000] {dag.py:3047} INFO - Sync 1 DAGs
[2024-04-08T08:44:35.106+0000] {logging_mixin.py:188} INFO - [2024-04-08T08:44:35.106+0000] {dag.py:3834} INFO - Setting next_dagrun for my_first_dag to None, run_after=None
[2024-04-08T08:44:35.131+0000] {processor.py:183} INFO - Processing /opt/airflow/dags/my_first_dag.py took 0.074 seconds
[2024-04-08T08:45:05.424+0000] {processor.py:161} INFO - Started process (PID=9169) to work on /opt/airflow/dags/my_first_dag.py
[2024-04-08T08:45:05.425+0000] {processor.py:830} INFO - Processing file /opt/airflow/dags/my_first_dag.py for tasks to queue
[2024-04-08T08:45:05.426+0000] {logging_mixin.py:188} INFO - [2024-04-08T08:45:05.426+0000] {dagbag.py:540} INFO - Filling up the DagBag from /opt/airflow/dags/my_first_dag.py
[2024-04-08T08:45:05.430+0000] {processor.py:840} INFO - DAG(s) 'my_first_dag' retrieved from /opt/airflow/dags/my_first_dag.py
[2024-04-08T08:45:05.453+0000] {logging_mixin.py:188} INFO - [2024-04-08T08:45:05.453+0000] {dag.py:3047} INFO - Sync 1 DAGs
[2024-04-08T08:45:05.469+0000] {logging_mixin.py:188} INFO - [2024-04-08T08:45:05.469+0000] {dag.py:3834} INFO - Setting next_dagrun for my_first_dag to None, run_after=None
[2024-04-08T08:45:05.492+0000] {processor.py:183} INFO - Processing /opt/airflow/dags/my_first_dag.py took 0.071 seconds
[2024-04-08T08:45:35.803+0000] {processor.py:161} INFO - Started process (PID=9427) to work on /opt/airflow/dags/my_first_dag.py
[2024-04-08T08:45:35.805+0000] {processor.py:830} INFO - Processing file /opt/airflow/dags/my_first_dag.py for tasks to queue
[2024-04-08T08:45:35.806+0000] {logging_mixin.py:188} INFO - [2024-04-08T08:45:35.805+0000] {dagbag.py:540} INFO - Filling up the DagBag from /opt/airflow/dags/my_first_dag.py
[2024-04-08T08:45:35.810+0000] {processor.py:840} INFO - DAG(s) 'my_first_dag' retrieved from /opt/airflow/dags/my_first_dag.py
[2024-04-08T08:45:35.838+0000] {logging_mixin.py:188} INFO - [2024-04-08T08:45:35.838+0000] {dag.py:3047} INFO - Sync 1 DAGs
[2024-04-08T08:45:35.853+0000] {logging_mixin.py:188} INFO - [2024-04-08T08:45:35.853+0000] {dag.py:3834} INFO - Setting next_dagrun for my_first_dag to None, run_after=None
[2024-04-08T08:45:35.877+0000] {processor.py:183} INFO - Processing /opt/airflow/dags/my_first_dag.py took 0.077 seconds
[2024-04-08T08:46:06.099+0000] {processor.py:161} INFO - Started process (PID=9684) to work on /opt/airflow/dags/my_first_dag.py
[2024-04-08T08:46:06.100+0000] {processor.py:830} INFO - Processing file /opt/airflow/dags/my_first_dag.py for tasks to queue
[2024-04-08T08:46:06.101+0000] {logging_mixin.py:188} INFO - [2024-04-08T08:46:06.100+0000] {dagbag.py:540} INFO - Filling up the DagBag from /opt/airflow/dags/my_first_dag.py
[2024-04-08T08:46:06.105+0000] {processor.py:840} INFO - DAG(s) 'my_first_dag' retrieved from /opt/airflow/dags/my_first_dag.py
[2024-04-08T08:46:06.128+0000] {logging_mixin.py:188} INFO - [2024-04-08T08:46:06.128+0000] {dag.py:3047} INFO - Sync 1 DAGs
[2024-04-08T08:46:06.143+0000] {logging_mixin.py:188} INFO - [2024-04-08T08:46:06.143+0000] {dag.py:3834} INFO - Setting next_dagrun for my_first_dag to None, run_after=None
[2024-04-08T08:46:06.169+0000] {processor.py:183} INFO - Processing /opt/airflow/dags/my_first_dag.py took 0.073 seconds
[2024-04-08T08:46:36.465+0000] {processor.py:161} INFO - Started process (PID=9941) to work on /opt/airflow/dags/my_first_dag.py
[2024-04-08T08:46:36.466+0000] {processor.py:830} INFO - Processing file /opt/airflow/dags/my_first_dag.py for tasks to queue
[2024-04-08T08:46:36.467+0000] {logging_mixin.py:188} INFO - [2024-04-08T08:46:36.467+0000] {dagbag.py:540} INFO - Filling up the DagBag from /opt/airflow/dags/my_first_dag.py
[2024-04-08T08:46:36.472+0000] {processor.py:840} INFO - DAG(s) 'my_first_dag' retrieved from /opt/airflow/dags/my_first_dag.py
[2024-04-08T08:46:36.509+0000] {logging_mixin.py:188} INFO - [2024-04-08T08:46:36.509+0000] {dag.py:3047} INFO - Sync 1 DAGs
[2024-04-08T08:46:36.529+0000] {logging_mixin.py:188} INFO - [2024-04-08T08:46:36.529+0000] {dag.py:3834} INFO - Setting next_dagrun for my_first_dag to None, run_after=None
[2024-04-08T08:46:36.556+0000] {processor.py:183} INFO - Processing /opt/airflow/dags/my_first_dag.py took 0.094 seconds
[2024-04-08T08:47:07.051+0000] {processor.py:161} INFO - Started process (PID=10198) to work on /opt/airflow/dags/my_first_dag.py
[2024-04-08T08:47:07.052+0000] {processor.py:830} INFO - Processing file /opt/airflow/dags/my_first_dag.py for tasks to queue
[2024-04-08T08:47:07.053+0000] {logging_mixin.py:188} INFO - [2024-04-08T08:47:07.053+0000] {dagbag.py:540} INFO - Filling up the DagBag from /opt/airflow/dags/my_first_dag.py
[2024-04-08T08:47:07.057+0000] {processor.py:840} INFO - DAG(s) 'my_first_dag' retrieved from /opt/airflow/dags/my_first_dag.py
[2024-04-08T08:47:07.082+0000] {logging_mixin.py:188} INFO - [2024-04-08T08:47:07.082+0000] {dag.py:3047} INFO - Sync 1 DAGs
[2024-04-08T08:47:07.098+0000] {logging_mixin.py:188} INFO - [2024-04-08T08:47:07.097+0000] {dag.py:3834} INFO - Setting next_dagrun for my_first_dag to None, run_after=None
[2024-04-08T08:47:07.128+0000] {processor.py:183} INFO - Processing /opt/airflow/dags/my_first_dag.py took 0.081 seconds
[2024-04-08T08:47:37.166+0000] {processor.py:161} INFO - Started process (PID=10455) to work on /opt/airflow/dags/my_first_dag.py
[2024-04-08T08:47:37.167+0000] {processor.py:830} INFO - Processing file /opt/airflow/dags/my_first_dag.py for tasks to queue
[2024-04-08T08:47:37.168+0000] {logging_mixin.py:188} INFO - [2024-04-08T08:47:37.168+0000] {dagbag.py:540} INFO - Filling up the DagBag from /opt/airflow/dags/my_first_dag.py
[2024-04-08T08:47:37.171+0000] {processor.py:840} INFO - DAG(s) 'my_first_dag' retrieved from /opt/airflow/dags/my_first_dag.py
[2024-04-08T08:47:37.188+0000] {logging_mixin.py:188} INFO - [2024-04-08T08:47:37.187+0000] {dag.py:3047} INFO - Sync 1 DAGs
[2024-04-08T08:47:37.199+0000] {logging_mixin.py:188} INFO - [2024-04-08T08:47:37.199+0000] {dag.py:3834} INFO - Setting next_dagrun for my_first_dag to None, run_after=None
[2024-04-08T08:47:37.221+0000] {processor.py:183} INFO - Processing /opt/airflow/dags/my_first_dag.py took 0.057 seconds
[2024-04-08T08:48:07.362+0000] {processor.py:161} INFO - Started process (PID=10712) to work on /opt/airflow/dags/my_first_dag.py
[2024-04-08T08:48:07.363+0000] {processor.py:830} INFO - Processing file /opt/airflow/dags/my_first_dag.py for tasks to queue
[2024-04-08T08:48:07.364+0000] {logging_mixin.py:188} INFO - [2024-04-08T08:48:07.363+0000] {dagbag.py:540} INFO - Filling up the DagBag from /opt/airflow/dags/my_first_dag.py
[2024-04-08T08:48:07.368+0000] {processor.py:840} INFO - DAG(s) 'my_first_dag' retrieved from /opt/airflow/dags/my_first_dag.py
[2024-04-08T08:48:07.393+0000] {logging_mixin.py:188} INFO - [2024-04-08T08:48:07.393+0000] {dag.py:3047} INFO - Sync 1 DAGs
[2024-04-08T08:48:07.407+0000] {logging_mixin.py:188} INFO - [2024-04-08T08:48:07.407+0000] {dag.py:3834} INFO - Setting next_dagrun for my_first_dag to None, run_after=None
[2024-04-08T08:48:07.431+0000] {processor.py:183} INFO - Processing /opt/airflow/dags/my_first_dag.py took 0.072 seconds
[2024-04-08T08:48:37.909+0000] {processor.py:161} INFO - Started process (PID=10969) to work on /opt/airflow/dags/my_first_dag.py
[2024-04-08T08:48:37.909+0000] {processor.py:830} INFO - Processing file /opt/airflow/dags/my_first_dag.py for tasks to queue
[2024-04-08T08:48:37.910+0000] {logging_mixin.py:188} INFO - [2024-04-08T08:48:37.910+0000] {dagbag.py:540} INFO - Filling up the DagBag from /opt/airflow/dags/my_first_dag.py
[2024-04-08T08:48:37.916+0000] {processor.py:840} INFO - DAG(s) 'my_first_dag' retrieved from /opt/airflow/dags/my_first_dag.py
[2024-04-08T08:48:37.939+0000] {logging_mixin.py:188} INFO - [2024-04-08T08:48:37.939+0000] {dag.py:3047} INFO - Sync 1 DAGs
[2024-04-08T08:48:37.954+0000] {logging_mixin.py:188} INFO - [2024-04-08T08:48:37.954+0000] {dag.py:3834} INFO - Setting next_dagrun for my_first_dag to None, run_after=None
[2024-04-08T08:48:37.979+0000] {processor.py:183} INFO - Processing /opt/airflow/dags/my_first_dag.py took 0.074 seconds
[2024-04-08T08:49:08.293+0000] {processor.py:161} INFO - Started process (PID=11226) to work on /opt/airflow/dags/my_first_dag.py
[2024-04-08T08:49:08.293+0000] {processor.py:830} INFO - Processing file /opt/airflow/dags/my_first_dag.py for tasks to queue
[2024-04-08T08:49:08.294+0000] {logging_mixin.py:188} INFO - [2024-04-08T08:49:08.294+0000] {dagbag.py:540} INFO - Filling up the DagBag from /opt/airflow/dags/my_first_dag.py
[2024-04-08T08:49:08.298+0000] {processor.py:840} INFO - DAG(s) 'my_first_dag' retrieved from /opt/airflow/dags/my_first_dag.py
[2024-04-08T08:49:08.320+0000] {logging_mixin.py:188} INFO - [2024-04-08T08:49:08.320+0000] {dag.py:3047} INFO - Sync 1 DAGs
[2024-04-08T08:49:08.349+0000] {logging_mixin.py:188} INFO - [2024-04-08T08:49:08.348+0000] {dag.py:3834} INFO - Setting next_dagrun for my_first_dag to None, run_after=None
[2024-04-08T08:49:08.383+0000] {processor.py:183} INFO - Processing /opt/airflow/dags/my_first_dag.py took 0.094 seconds
[2024-04-08T08:49:38.706+0000] {processor.py:161} INFO - Started process (PID=11483) to work on /opt/airflow/dags/my_first_dag.py
[2024-04-08T08:49:38.707+0000] {processor.py:830} INFO - Processing file /opt/airflow/dags/my_first_dag.py for tasks to queue
[2024-04-08T08:49:38.709+0000] {logging_mixin.py:188} INFO - [2024-04-08T08:49:38.708+0000] {dagbag.py:540} INFO - Filling up the DagBag from /opt/airflow/dags/my_first_dag.py
[2024-04-08T08:49:38.713+0000] {processor.py:840} INFO - DAG(s) 'my_first_dag' retrieved from /opt/airflow/dags/my_first_dag.py
[2024-04-08T08:49:38.735+0000] {logging_mixin.py:188} INFO - [2024-04-08T08:49:38.735+0000] {dag.py:3047} INFO - Sync 1 DAGs
[2024-04-08T08:49:38.761+0000] {logging_mixin.py:188} INFO - [2024-04-08T08:49:38.761+0000] {dag.py:3834} INFO - Setting next_dagrun for my_first_dag to None, run_after=None
[2024-04-08T08:49:38.800+0000] {processor.py:183} INFO - Processing /opt/airflow/dags/my_first_dag.py took 0.098 seconds
[2024-04-08T08:50:09.229+0000] {processor.py:161} INFO - Started process (PID=11741) to work on /opt/airflow/dags/my_first_dag.py
[2024-04-08T08:50:09.230+0000] {processor.py:830} INFO - Processing file /opt/airflow/dags/my_first_dag.py for tasks to queue
[2024-04-08T08:50:09.241+0000] {logging_mixin.py:188} INFO - [2024-04-08T08:50:09.241+0000] {dagbag.py:540} INFO - Filling up the DagBag from /opt/airflow/dags/my_first_dag.py
[2024-04-08T08:50:09.253+0000] {processor.py:840} INFO - DAG(s) 'my_first_dag' retrieved from /opt/airflow/dags/my_first_dag.py
[2024-04-08T08:50:09.291+0000] {logging_mixin.py:188} INFO - [2024-04-08T08:50:09.290+0000] {dag.py:3047} INFO - Sync 1 DAGs
[2024-04-08T08:50:09.320+0000] {logging_mixin.py:188} INFO - [2024-04-08T08:50:09.320+0000] {dag.py:3834} INFO - Setting next_dagrun for my_first_dag to None, run_after=None
[2024-04-08T08:50:09.356+0000] {processor.py:183} INFO - Processing /opt/airflow/dags/my_first_dag.py took 0.131 seconds
[2024-04-08T08:50:39.777+0000] {processor.py:161} INFO - Started process (PID=11997) to work on /opt/airflow/dags/my_first_dag.py
[2024-04-08T08:50:39.778+0000] {processor.py:830} INFO - Processing file /opt/airflow/dags/my_first_dag.py for tasks to queue
[2024-04-08T08:50:39.779+0000] {logging_mixin.py:188} INFO - [2024-04-08T08:50:39.778+0000] {dagbag.py:540} INFO - Filling up the DagBag from /opt/airflow/dags/my_first_dag.py
[2024-04-08T08:50:39.783+0000] {processor.py:840} INFO - DAG(s) 'my_first_dag' retrieved from /opt/airflow/dags/my_first_dag.py
[2024-04-08T08:50:39.811+0000] {logging_mixin.py:188} INFO - [2024-04-08T08:50:39.810+0000] {dag.py:3047} INFO - Sync 1 DAGs
[2024-04-08T08:50:39.826+0000] {logging_mixin.py:188} INFO - [2024-04-08T08:50:39.826+0000] {dag.py:3834} INFO - Setting next_dagrun for my_first_dag to None, run_after=None
[2024-04-08T08:50:39.852+0000] {processor.py:183} INFO - Processing /opt/airflow/dags/my_first_dag.py took 0.080 seconds
[2024-04-08T08:51:10.208+0000] {processor.py:161} INFO - Started process (PID=12255) to work on /opt/airflow/dags/my_first_dag.py
[2024-04-08T08:51:10.209+0000] {processor.py:830} INFO - Processing file /opt/airflow/dags/my_first_dag.py for tasks to queue
[2024-04-08T08:51:10.210+0000] {logging_mixin.py:188} INFO - [2024-04-08T08:51:10.210+0000] {dagbag.py:540} INFO - Filling up the DagBag from /opt/airflow/dags/my_first_dag.py
[2024-04-08T08:51:10.215+0000] {processor.py:840} INFO - DAG(s) 'my_first_dag' retrieved from /opt/airflow/dags/my_first_dag.py
[2024-04-08T08:51:10.253+0000] {logging_mixin.py:188} INFO - [2024-04-08T08:51:10.253+0000] {dag.py:3047} INFO - Sync 1 DAGs
[2024-04-08T08:51:10.268+0000] {logging_mixin.py:188} INFO - [2024-04-08T08:51:10.268+0000] {dag.py:3834} INFO - Setting next_dagrun for my_first_dag to None, run_after=None
[2024-04-08T08:51:10.295+0000] {processor.py:183} INFO - Processing /opt/airflow/dags/my_first_dag.py took 0.090 seconds
[2024-04-08T08:51:40.679+0000] {processor.py:161} INFO - Started process (PID=12513) to work on /opt/airflow/dags/my_first_dag.py
[2024-04-08T08:51:40.680+0000] {processor.py:830} INFO - Processing file /opt/airflow/dags/my_first_dag.py for tasks to queue
[2024-04-08T08:51:40.681+0000] {logging_mixin.py:188} INFO - [2024-04-08T08:51:40.681+0000] {dagbag.py:540} INFO - Filling up the DagBag from /opt/airflow/dags/my_first_dag.py
[2024-04-08T08:51:40.686+0000] {processor.py:840} INFO - DAG(s) 'my_first_dag' retrieved from /opt/airflow/dags/my_first_dag.py
[2024-04-08T08:51:40.709+0000] {logging_mixin.py:188} INFO - [2024-04-08T08:51:40.709+0000] {dag.py:3047} INFO - Sync 1 DAGs
[2024-04-08T08:51:40.726+0000] {logging_mixin.py:188} INFO - [2024-04-08T08:51:40.725+0000] {dag.py:3834} INFO - Setting next_dagrun for my_first_dag to None, run_after=None
[2024-04-08T08:51:40.752+0000] {processor.py:183} INFO - Processing /opt/airflow/dags/my_first_dag.py took 0.078 seconds
[2024-04-08T08:52:11.008+0000] {processor.py:161} INFO - Started process (PID=12770) to work on /opt/airflow/dags/my_first_dag.py
[2024-04-08T08:52:11.012+0000] {processor.py:830} INFO - Processing file /opt/airflow/dags/my_first_dag.py for tasks to queue
[2024-04-08T08:52:11.013+0000] {logging_mixin.py:188} INFO - [2024-04-08T08:52:11.013+0000] {dagbag.py:540} INFO - Filling up the DagBag from /opt/airflow/dags/my_first_dag.py
[2024-04-08T08:52:11.023+0000] {processor.py:840} INFO - DAG(s) 'my_first_dag' retrieved from /opt/airflow/dags/my_first_dag.py
[2024-04-08T08:52:11.077+0000] {logging_mixin.py:188} INFO - [2024-04-08T08:52:11.077+0000] {dag.py:3047} INFO - Sync 1 DAGs
[2024-04-08T08:52:11.108+0000] {logging_mixin.py:188} INFO - [2024-04-08T08:52:11.108+0000] {dag.py:3834} INFO - Setting next_dagrun for my_first_dag to None, run_after=None
[2024-04-08T08:52:11.152+0000] {processor.py:183} INFO - Processing /opt/airflow/dags/my_first_dag.py took 0.148 seconds
[2024-04-08T08:52:41.635+0000] {processor.py:161} INFO - Started process (PID=13033) to work on /opt/airflow/dags/my_first_dag.py
[2024-04-08T08:52:41.636+0000] {processor.py:830} INFO - Processing file /opt/airflow/dags/my_first_dag.py for tasks to queue
[2024-04-08T08:52:41.639+0000] {logging_mixin.py:188} INFO - [2024-04-08T08:52:41.639+0000] {dagbag.py:540} INFO - Filling up the DagBag from /opt/airflow/dags/my_first_dag.py
[2024-04-08T08:52:41.648+0000] {processor.py:840} INFO - DAG(s) 'my_first_dag' retrieved from /opt/airflow/dags/my_first_dag.py
[2024-04-08T08:52:41.670+0000] {logging_mixin.py:188} INFO - [2024-04-08T08:52:41.670+0000] {dag.py:3047} INFO - Sync 1 DAGs
[2024-04-08T08:52:41.686+0000] {logging_mixin.py:188} INFO - [2024-04-08T08:52:41.685+0000] {dag.py:3834} INFO - Setting next_dagrun for my_first_dag to None, run_after=None
[2024-04-08T08:52:41.709+0000] {processor.py:183} INFO - Processing /opt/airflow/dags/my_first_dag.py took 0.077 seconds
[2024-04-08T08:53:12.214+0000] {processor.py:161} INFO - Started process (PID=13290) to work on /opt/airflow/dags/my_first_dag.py
[2024-04-08T08:53:12.215+0000] {processor.py:830} INFO - Processing file /opt/airflow/dags/my_first_dag.py for tasks to queue
[2024-04-08T08:53:12.216+0000] {logging_mixin.py:188} INFO - [2024-04-08T08:53:12.216+0000] {dagbag.py:540} INFO - Filling up the DagBag from /opt/airflow/dags/my_first_dag.py
[2024-04-08T08:53:12.221+0000] {processor.py:840} INFO - DAG(s) 'my_first_dag' retrieved from /opt/airflow/dags/my_first_dag.py
[2024-04-08T08:53:12.243+0000] {logging_mixin.py:188} INFO - [2024-04-08T08:53:12.243+0000] {dag.py:3047} INFO - Sync 1 DAGs
[2024-04-08T08:53:12.258+0000] {logging_mixin.py:188} INFO - [2024-04-08T08:53:12.258+0000] {dag.py:3834} INFO - Setting next_dagrun for my_first_dag to None, run_after=None
[2024-04-08T08:53:12.285+0000] {processor.py:183} INFO - Processing /opt/airflow/dags/my_first_dag.py took 0.074 seconds
[2024-04-08T08:53:42.475+0000] {processor.py:161} INFO - Started process (PID=13547) to work on /opt/airflow/dags/my_first_dag.py
[2024-04-08T08:53:42.476+0000] {processor.py:830} INFO - Processing file /opt/airflow/dags/my_first_dag.py for tasks to queue
[2024-04-08T08:53:42.477+0000] {logging_mixin.py:188} INFO - [2024-04-08T08:53:42.476+0000] {dagbag.py:540} INFO - Filling up the DagBag from /opt/airflow/dags/my_first_dag.py
[2024-04-08T08:53:42.482+0000] {processor.py:840} INFO - DAG(s) 'my_first_dag' retrieved from /opt/airflow/dags/my_first_dag.py
[2024-04-08T08:53:42.508+0000] {logging_mixin.py:188} INFO - [2024-04-08T08:53:42.508+0000] {dag.py:3047} INFO - Sync 1 DAGs
[2024-04-08T08:53:42.522+0000] {logging_mixin.py:188} INFO - [2024-04-08T08:53:42.522+0000] {dag.py:3834} INFO - Setting next_dagrun for my_first_dag to None, run_after=None
[2024-04-08T08:53:42.571+0000] {processor.py:183} INFO - Processing /opt/airflow/dags/my_first_dag.py took 0.099 seconds
[2024-04-08T08:54:13.098+0000] {processor.py:161} INFO - Started process (PID=13805) to work on /opt/airflow/dags/my_first_dag.py
[2024-04-08T08:54:13.099+0000] {processor.py:830} INFO - Processing file /opt/airflow/dags/my_first_dag.py for tasks to queue
[2024-04-08T08:54:13.100+0000] {logging_mixin.py:188} INFO - [2024-04-08T08:54:13.100+0000] {dagbag.py:540} INFO - Filling up the DagBag from /opt/airflow/dags/my_first_dag.py
[2024-04-08T08:54:13.105+0000] {processor.py:840} INFO - DAG(s) 'my_first_dag' retrieved from /opt/airflow/dags/my_first_dag.py
[2024-04-08T08:54:13.132+0000] {logging_mixin.py:188} INFO - [2024-04-08T08:54:13.132+0000] {dag.py:3047} INFO - Sync 1 DAGs
[2024-04-08T08:54:13.147+0000] {logging_mixin.py:188} INFO - [2024-04-08T08:54:13.147+0000] {dag.py:3834} INFO - Setting next_dagrun for my_first_dag to None, run_after=None
[2024-04-08T08:54:13.172+0000] {processor.py:183} INFO - Processing /opt/airflow/dags/my_first_dag.py took 0.077 seconds
[2024-04-08T08:54:43.512+0000] {processor.py:161} INFO - Started process (PID=14063) to work on /opt/airflow/dags/my_first_dag.py
[2024-04-08T08:54:43.513+0000] {processor.py:830} INFO - Processing file /opt/airflow/dags/my_first_dag.py for tasks to queue
[2024-04-08T08:54:43.513+0000] {logging_mixin.py:188} INFO - [2024-04-08T08:54:43.513+0000] {dagbag.py:540} INFO - Filling up the DagBag from /opt/airflow/dags/my_first_dag.py
[2024-04-08T08:54:43.518+0000] {processor.py:840} INFO - DAG(s) 'my_first_dag' retrieved from /opt/airflow/dags/my_first_dag.py
[2024-04-08T08:54:43.542+0000] {logging_mixin.py:188} INFO - [2024-04-08T08:54:43.541+0000] {dag.py:3047} INFO - Sync 1 DAGs
[2024-04-08T08:54:43.556+0000] {logging_mixin.py:188} INFO - [2024-04-08T08:54:43.556+0000] {dag.py:3834} INFO - Setting next_dagrun for my_first_dag to None, run_after=None
[2024-04-08T08:54:43.580+0000] {processor.py:183} INFO - Processing /opt/airflow/dags/my_first_dag.py took 0.072 seconds
[2024-04-08T08:55:13.863+0000] {processor.py:161} INFO - Started process (PID=14321) to work on /opt/airflow/dags/my_first_dag.py
[2024-04-08T08:55:13.864+0000] {processor.py:830} INFO - Processing file /opt/airflow/dags/my_first_dag.py for tasks to queue
[2024-04-08T08:55:13.865+0000] {logging_mixin.py:188} INFO - [2024-04-08T08:55:13.864+0000] {dagbag.py:540} INFO - Filling up the DagBag from /opt/airflow/dags/my_first_dag.py
[2024-04-08T08:55:13.869+0000] {processor.py:840} INFO - DAG(s) 'my_first_dag' retrieved from /opt/airflow/dags/my_first_dag.py
[2024-04-08T08:55:13.893+0000] {logging_mixin.py:188} INFO - [2024-04-08T08:55:13.893+0000] {dag.py:3047} INFO - Sync 1 DAGs
[2024-04-08T08:55:13.908+0000] {logging_mixin.py:188} INFO - [2024-04-08T08:55:13.907+0000] {dag.py:3834} INFO - Setting next_dagrun for my_first_dag to None, run_after=None
[2024-04-08T08:55:13.933+0000] {processor.py:183} INFO - Processing /opt/airflow/dags/my_first_dag.py took 0.074 seconds
[2024-04-08T08:55:44.248+0000] {processor.py:161} INFO - Started process (PID=14579) to work on /opt/airflow/dags/my_first_dag.py
[2024-04-08T08:55:44.249+0000] {processor.py:830} INFO - Processing file /opt/airflow/dags/my_first_dag.py for tasks to queue
[2024-04-08T08:55:44.250+0000] {logging_mixin.py:188} INFO - [2024-04-08T08:55:44.249+0000] {dagbag.py:540} INFO - Filling up the DagBag from /opt/airflow/dags/my_first_dag.py
[2024-04-08T08:55:44.254+0000] {processor.py:840} INFO - DAG(s) 'my_first_dag' retrieved from /opt/airflow/dags/my_first_dag.py
[2024-04-08T08:55:44.277+0000] {logging_mixin.py:188} INFO - [2024-04-08T08:55:44.276+0000] {dag.py:3047} INFO - Sync 1 DAGs
[2024-04-08T08:55:44.295+0000] {logging_mixin.py:188} INFO - [2024-04-08T08:55:44.295+0000] {dag.py:3834} INFO - Setting next_dagrun for my_first_dag to None, run_after=None
[2024-04-08T08:55:44.320+0000] {processor.py:183} INFO - Processing /opt/airflow/dags/my_first_dag.py took 0.075 seconds
[2024-04-08T08:56:14.548+0000] {processor.py:161} INFO - Started process (PID=14837) to work on /opt/airflow/dags/my_first_dag.py
[2024-04-08T08:56:14.549+0000] {processor.py:830} INFO - Processing file /opt/airflow/dags/my_first_dag.py for tasks to queue
[2024-04-08T08:56:14.550+0000] {logging_mixin.py:188} INFO - [2024-04-08T08:56:14.550+0000] {dagbag.py:540} INFO - Filling up the DagBag from /opt/airflow/dags/my_first_dag.py
[2024-04-08T08:56:14.555+0000] {processor.py:840} INFO - DAG(s) 'my_first_dag' retrieved from /opt/airflow/dags/my_first_dag.py
[2024-04-08T08:56:14.579+0000] {logging_mixin.py:188} INFO - [2024-04-08T08:56:14.579+0000] {dag.py:3047} INFO - Sync 1 DAGs
[2024-04-08T08:56:14.597+0000] {logging_mixin.py:188} INFO - [2024-04-08T08:56:14.597+0000] {dag.py:3834} INFO - Setting next_dagrun for my_first_dag to None, run_after=None
[2024-04-08T08:56:14.621+0000] {processor.py:183} INFO - Processing /opt/airflow/dags/my_first_dag.py took 0.076 seconds
[2024-04-08T08:56:44.964+0000] {processor.py:161} INFO - Started process (PID=15094) to work on /opt/airflow/dags/my_first_dag.py
[2024-04-08T08:56:44.965+0000] {processor.py:830} INFO - Processing file /opt/airflow/dags/my_first_dag.py for tasks to queue
[2024-04-08T08:56:44.966+0000] {logging_mixin.py:188} INFO - [2024-04-08T08:56:44.966+0000] {dagbag.py:540} INFO - Filling up the DagBag from /opt/airflow/dags/my_first_dag.py
[2024-04-08T08:56:44.971+0000] {processor.py:840} INFO - DAG(s) 'my_first_dag' retrieved from /opt/airflow/dags/my_first_dag.py
[2024-04-08T08:56:44.996+0000] {logging_mixin.py:188} INFO - [2024-04-08T08:56:44.996+0000] {dag.py:3047} INFO - Sync 1 DAGs
[2024-04-08T08:56:45.011+0000] {logging_mixin.py:188} INFO - [2024-04-08T08:56:45.011+0000] {dag.py:3834} INFO - Setting next_dagrun for my_first_dag to None, run_after=None
[2024-04-08T08:56:45.036+0000] {processor.py:183} INFO - Processing /opt/airflow/dags/my_first_dag.py took 0.075 seconds
