[2024-04-08T08:27:21.513+0000] {processor.py:161} INFO - Started process (PID=317) to work on /home/airflow/.local/lib/python3.8/site-packages/airflow/example_dags/example_task_group.py
[2024-04-08T08:27:21.514+0000] {processor.py:830} INFO - Processing file /home/airflow/.local/lib/python3.8/site-packages/airflow/example_dags/example_task_group.py for tasks to queue
[2024-04-08T08:27:21.515+0000] {logging_mixin.py:188} INFO - [2024-04-08T08:27:21.515+0000] {dagbag.py:540} INFO - Filling up the DagBag from /home/airflow/.local/lib/python3.8/site-packages/airflow/example_dags/example_task_group.py
[2024-04-08T08:27:21.525+0000] {processor.py:840} INFO - DAG(s) 'example_task_group' retrieved from /home/airflow/.local/lib/python3.8/site-packages/airflow/example_dags/example_task_group.py
[2024-04-08T08:27:21.629+0000] {logging_mixin.py:188} INFO - [2024-04-08T08:27:21.629+0000] {dag.py:3047} INFO - Sync 1 DAGs
[2024-04-08T08:27:21.705+0000] {logging_mixin.py:188} INFO - [2024-04-08T08:27:21.693+0000] {dag.py:3834} INFO - Setting next_dagrun for example_task_group to 2024-04-07 00:00:00+00:00, run_after=2024-04-08 00:00:00+00:00
[2024-04-08T08:27:21.754+0000] {processor.py:183} INFO - Processing /home/airflow/.local/lib/python3.8/site-packages/airflow/example_dags/example_task_group.py took 0.245 seconds
[2024-04-08T08:27:52.310+0000] {processor.py:161} INFO - Started process (PID=572) to work on /home/airflow/.local/lib/python3.8/site-packages/airflow/example_dags/example_task_group.py
[2024-04-08T08:27:52.312+0000] {processor.py:830} INFO - Processing file /home/airflow/.local/lib/python3.8/site-packages/airflow/example_dags/example_task_group.py for tasks to queue
[2024-04-08T08:27:52.313+0000] {logging_mixin.py:188} INFO - [2024-04-08T08:27:52.313+0000] {dagbag.py:540} INFO - Filling up the DagBag from /home/airflow/.local/lib/python3.8/site-packages/airflow/example_dags/example_task_group.py
[2024-04-08T08:27:52.322+0000] {processor.py:840} INFO - DAG(s) 'example_task_group' retrieved from /home/airflow/.local/lib/python3.8/site-packages/airflow/example_dags/example_task_group.py
[2024-04-08T08:27:52.348+0000] {logging_mixin.py:188} INFO - [2024-04-08T08:27:52.348+0000] {dag.py:3047} INFO - Sync 1 DAGs
[2024-04-08T08:27:52.376+0000] {logging_mixin.py:188} INFO - [2024-04-08T08:27:52.375+0000] {dag.py:3834} INFO - Setting next_dagrun for example_task_group to 2024-04-07 00:00:00+00:00, run_after=2024-04-08 00:00:00+00:00
[2024-04-08T08:27:52.400+0000] {processor.py:183} INFO - Processing /home/airflow/.local/lib/python3.8/site-packages/airflow/example_dags/example_task_group.py took 0.092 seconds
[2024-04-08T08:28:23.182+0000] {processor.py:161} INFO - Started process (PID=830) to work on /home/airflow/.local/lib/python3.8/site-packages/airflow/example_dags/example_task_group.py
[2024-04-08T08:28:23.184+0000] {processor.py:830} INFO - Processing file /home/airflow/.local/lib/python3.8/site-packages/airflow/example_dags/example_task_group.py for tasks to queue
[2024-04-08T08:28:23.185+0000] {logging_mixin.py:188} INFO - [2024-04-08T08:28:23.185+0000] {dagbag.py:540} INFO - Filling up the DagBag from /home/airflow/.local/lib/python3.8/site-packages/airflow/example_dags/example_task_group.py
[2024-04-08T08:28:23.200+0000] {processor.py:840} INFO - DAG(s) 'example_task_group' retrieved from /home/airflow/.local/lib/python3.8/site-packages/airflow/example_dags/example_task_group.py
[2024-04-08T08:28:23.238+0000] {logging_mixin.py:188} INFO - [2024-04-08T08:28:23.237+0000] {dag.py:3047} INFO - Sync 1 DAGs
[2024-04-08T08:28:23.291+0000] {logging_mixin.py:188} INFO - [2024-04-08T08:28:23.291+0000] {dag.py:3834} INFO - Setting next_dagrun for example_task_group to 2024-04-07 00:00:00+00:00, run_after=2024-04-08 00:00:00+00:00
[2024-04-08T08:28:23.343+0000] {processor.py:183} INFO - Processing /home/airflow/.local/lib/python3.8/site-packages/airflow/example_dags/example_task_group.py took 0.165 seconds
[2024-04-08T08:28:53.554+0000] {processor.py:161} INFO - Started process (PID=1088) to work on /home/airflow/.local/lib/python3.8/site-packages/airflow/example_dags/example_task_group.py
[2024-04-08T08:28:53.555+0000] {processor.py:830} INFO - Processing file /home/airflow/.local/lib/python3.8/site-packages/airflow/example_dags/example_task_group.py for tasks to queue
[2024-04-08T08:28:53.557+0000] {logging_mixin.py:188} INFO - [2024-04-08T08:28:53.556+0000] {dagbag.py:540} INFO - Filling up the DagBag from /home/airflow/.local/lib/python3.8/site-packages/airflow/example_dags/example_task_group.py
[2024-04-08T08:28:53.565+0000] {processor.py:840} INFO - DAG(s) 'example_task_group' retrieved from /home/airflow/.local/lib/python3.8/site-packages/airflow/example_dags/example_task_group.py
[2024-04-08T08:28:53.589+0000] {logging_mixin.py:188} INFO - [2024-04-08T08:28:53.589+0000] {dag.py:3047} INFO - Sync 1 DAGs
[2024-04-08T08:28:53.614+0000] {logging_mixin.py:188} INFO - [2024-04-08T08:28:53.614+0000] {dag.py:3834} INFO - Setting next_dagrun for example_task_group to 2024-04-07 00:00:00+00:00, run_after=2024-04-08 00:00:00+00:00
[2024-04-08T08:28:53.638+0000] {processor.py:183} INFO - Processing /home/airflow/.local/lib/python3.8/site-packages/airflow/example_dags/example_task_group.py took 0.088 seconds
[2024-04-08T08:29:24.293+0000] {processor.py:161} INFO - Started process (PID=1346) to work on /home/airflow/.local/lib/python3.8/site-packages/airflow/example_dags/example_task_group.py
[2024-04-08T08:29:24.294+0000] {processor.py:830} INFO - Processing file /home/airflow/.local/lib/python3.8/site-packages/airflow/example_dags/example_task_group.py for tasks to queue
[2024-04-08T08:29:24.295+0000] {logging_mixin.py:188} INFO - [2024-04-08T08:29:24.295+0000] {dagbag.py:540} INFO - Filling up the DagBag from /home/airflow/.local/lib/python3.8/site-packages/airflow/example_dags/example_task_group.py
[2024-04-08T08:29:24.305+0000] {processor.py:840} INFO - DAG(s) 'example_task_group' retrieved from /home/airflow/.local/lib/python3.8/site-packages/airflow/example_dags/example_task_group.py
[2024-04-08T08:29:24.329+0000] {logging_mixin.py:188} INFO - [2024-04-08T08:29:24.329+0000] {dag.py:3047} INFO - Sync 1 DAGs
[2024-04-08T08:29:24.353+0000] {logging_mixin.py:188} INFO - [2024-04-08T08:29:24.353+0000] {dag.py:3834} INFO - Setting next_dagrun for example_task_group to 2024-04-07 00:00:00+00:00, run_after=2024-04-08 00:00:00+00:00
[2024-04-08T08:29:24.387+0000] {processor.py:183} INFO - Processing /home/airflow/.local/lib/python3.8/site-packages/airflow/example_dags/example_task_group.py took 0.098 seconds
[2024-04-08T08:29:54.697+0000] {processor.py:161} INFO - Started process (PID=1603) to work on /home/airflow/.local/lib/python3.8/site-packages/airflow/example_dags/example_task_group.py
[2024-04-08T08:29:54.699+0000] {processor.py:830} INFO - Processing file /home/airflow/.local/lib/python3.8/site-packages/airflow/example_dags/example_task_group.py for tasks to queue
[2024-04-08T08:29:54.700+0000] {logging_mixin.py:188} INFO - [2024-04-08T08:29:54.699+0000] {dagbag.py:540} INFO - Filling up the DagBag from /home/airflow/.local/lib/python3.8/site-packages/airflow/example_dags/example_task_group.py
[2024-04-08T08:29:54.710+0000] {processor.py:840} INFO - DAG(s) 'example_task_group' retrieved from /home/airflow/.local/lib/python3.8/site-packages/airflow/example_dags/example_task_group.py
[2024-04-08T08:29:54.757+0000] {logging_mixin.py:188} INFO - [2024-04-08T08:29:54.757+0000] {dag.py:3047} INFO - Sync 1 DAGs
[2024-04-08T08:29:54.794+0000] {logging_mixin.py:188} INFO - [2024-04-08T08:29:54.794+0000] {dag.py:3834} INFO - Setting next_dagrun for example_task_group to 2024-04-07 00:00:00+00:00, run_after=2024-04-08 00:00:00+00:00
[2024-04-08T08:29:54.833+0000] {processor.py:183} INFO - Processing /home/airflow/.local/lib/python3.8/site-packages/airflow/example_dags/example_task_group.py took 0.139 seconds
[2024-04-08T08:30:25.454+0000] {processor.py:161} INFO - Started process (PID=1861) to work on /home/airflow/.local/lib/python3.8/site-packages/airflow/example_dags/example_task_group.py
[2024-04-08T08:30:25.455+0000] {processor.py:830} INFO - Processing file /home/airflow/.local/lib/python3.8/site-packages/airflow/example_dags/example_task_group.py for tasks to queue
[2024-04-08T08:30:25.456+0000] {logging_mixin.py:188} INFO - [2024-04-08T08:30:25.456+0000] {dagbag.py:540} INFO - Filling up the DagBag from /home/airflow/.local/lib/python3.8/site-packages/airflow/example_dags/example_task_group.py
[2024-04-08T08:30:25.465+0000] {processor.py:840} INFO - DAG(s) 'example_task_group' retrieved from /home/airflow/.local/lib/python3.8/site-packages/airflow/example_dags/example_task_group.py
[2024-04-08T08:30:25.490+0000] {logging_mixin.py:188} INFO - [2024-04-08T08:30:25.489+0000] {dag.py:3047} INFO - Sync 1 DAGs
[2024-04-08T08:30:25.517+0000] {logging_mixin.py:188} INFO - [2024-04-08T08:30:25.517+0000] {dag.py:3834} INFO - Setting next_dagrun for example_task_group to 2024-04-07 00:00:00+00:00, run_after=2024-04-08 00:00:00+00:00
[2024-04-08T08:30:25.541+0000] {processor.py:183} INFO - Processing /home/airflow/.local/lib/python3.8/site-packages/airflow/example_dags/example_task_group.py took 0.091 seconds
[2024-04-08T08:30:56.396+0000] {processor.py:161} INFO - Started process (PID=2118) to work on /home/airflow/.local/lib/python3.8/site-packages/airflow/example_dags/example_task_group.py
[2024-04-08T08:30:56.398+0000] {processor.py:830} INFO - Processing file /home/airflow/.local/lib/python3.8/site-packages/airflow/example_dags/example_task_group.py for tasks to queue
[2024-04-08T08:30:56.399+0000] {logging_mixin.py:188} INFO - [2024-04-08T08:30:56.398+0000] {dagbag.py:540} INFO - Filling up the DagBag from /home/airflow/.local/lib/python3.8/site-packages/airflow/example_dags/example_task_group.py
[2024-04-08T08:30:56.408+0000] {processor.py:840} INFO - DAG(s) 'example_task_group' retrieved from /home/airflow/.local/lib/python3.8/site-packages/airflow/example_dags/example_task_group.py
[2024-04-08T08:30:56.431+0000] {logging_mixin.py:188} INFO - [2024-04-08T08:30:56.431+0000] {dag.py:3047} INFO - Sync 1 DAGs
[2024-04-08T08:30:56.459+0000] {logging_mixin.py:188} INFO - [2024-04-08T08:30:56.459+0000] {dag.py:3834} INFO - Setting next_dagrun for example_task_group to 2024-04-07 00:00:00+00:00, run_after=2024-04-08 00:00:00+00:00
[2024-04-08T08:30:56.484+0000] {processor.py:183} INFO - Processing /home/airflow/.local/lib/python3.8/site-packages/airflow/example_dags/example_task_group.py took 0.091 seconds
[2024-04-08T08:31:26.725+0000] {processor.py:161} INFO - Started process (PID=2375) to work on /home/airflow/.local/lib/python3.8/site-packages/airflow/example_dags/example_task_group.py
[2024-04-08T08:31:26.726+0000] {processor.py:830} INFO - Processing file /home/airflow/.local/lib/python3.8/site-packages/airflow/example_dags/example_task_group.py for tasks to queue
[2024-04-08T08:31:26.727+0000] {logging_mixin.py:188} INFO - [2024-04-08T08:31:26.727+0000] {dagbag.py:540} INFO - Filling up the DagBag from /home/airflow/.local/lib/python3.8/site-packages/airflow/example_dags/example_task_group.py
[2024-04-08T08:31:26.736+0000] {processor.py:840} INFO - DAG(s) 'example_task_group' retrieved from /home/airflow/.local/lib/python3.8/site-packages/airflow/example_dags/example_task_group.py
[2024-04-08T08:31:26.770+0000] {logging_mixin.py:188} INFO - [2024-04-08T08:31:26.770+0000] {dag.py:3047} INFO - Sync 1 DAGs
[2024-04-08T08:31:26.797+0000] {logging_mixin.py:188} INFO - [2024-04-08T08:31:26.796+0000] {dag.py:3834} INFO - Setting next_dagrun for example_task_group to 2024-04-07 00:00:00+00:00, run_after=2024-04-08 00:00:00+00:00
[2024-04-08T08:31:26.822+0000] {processor.py:183} INFO - Processing /home/airflow/.local/lib/python3.8/site-packages/airflow/example_dags/example_task_group.py took 0.101 seconds
[2024-04-08T08:31:57.417+0000] {processor.py:161} INFO - Started process (PID=2634) to work on /home/airflow/.local/lib/python3.8/site-packages/airflow/example_dags/example_task_group.py
[2024-04-08T08:31:57.419+0000] {processor.py:830} INFO - Processing file /home/airflow/.local/lib/python3.8/site-packages/airflow/example_dags/example_task_group.py for tasks to queue
[2024-04-08T08:31:57.419+0000] {logging_mixin.py:188} INFO - [2024-04-08T08:31:57.419+0000] {dagbag.py:540} INFO - Filling up the DagBag from /home/airflow/.local/lib/python3.8/site-packages/airflow/example_dags/example_task_group.py
[2024-04-08T08:31:57.427+0000] {processor.py:840} INFO - DAG(s) 'example_task_group' retrieved from /home/airflow/.local/lib/python3.8/site-packages/airflow/example_dags/example_task_group.py
[2024-04-08T08:31:57.452+0000] {logging_mixin.py:188} INFO - [2024-04-08T08:31:57.452+0000] {dag.py:3047} INFO - Sync 1 DAGs
[2024-04-08T08:31:57.477+0000] {logging_mixin.py:188} INFO - [2024-04-08T08:31:57.477+0000] {dag.py:3834} INFO - Setting next_dagrun for example_task_group to 2024-04-07 00:00:00+00:00, run_after=2024-04-08 00:00:00+00:00
[2024-04-08T08:31:57.500+0000] {processor.py:183} INFO - Processing /home/airflow/.local/lib/python3.8/site-packages/airflow/example_dags/example_task_group.py took 0.086 seconds
[2024-04-08T08:32:28.264+0000] {processor.py:161} INFO - Started process (PID=2889) to work on /home/airflow/.local/lib/python3.8/site-packages/airflow/example_dags/example_task_group.py
[2024-04-08T08:32:28.277+0000] {processor.py:830} INFO - Processing file /home/airflow/.local/lib/python3.8/site-packages/airflow/example_dags/example_task_group.py for tasks to queue
[2024-04-08T08:32:28.278+0000] {logging_mixin.py:188} INFO - [2024-04-08T08:32:28.278+0000] {dagbag.py:540} INFO - Filling up the DagBag from /home/airflow/.local/lib/python3.8/site-packages/airflow/example_dags/example_task_group.py
[2024-04-08T08:32:28.289+0000] {processor.py:840} INFO - DAG(s) 'example_task_group' retrieved from /home/airflow/.local/lib/python3.8/site-packages/airflow/example_dags/example_task_group.py
[2024-04-08T08:32:28.318+0000] {logging_mixin.py:188} INFO - [2024-04-08T08:32:28.318+0000] {dag.py:3047} INFO - Sync 1 DAGs
[2024-04-08T08:32:28.352+0000] {logging_mixin.py:188} INFO - [2024-04-08T08:32:28.352+0000] {dag.py:3834} INFO - Setting next_dagrun for example_task_group to 2024-04-07 00:00:00+00:00, run_after=2024-04-08 00:00:00+00:00
[2024-04-08T08:32:28.387+0000] {processor.py:183} INFO - Processing /home/airflow/.local/lib/python3.8/site-packages/airflow/example_dags/example_task_group.py took 0.126 seconds
[2024-04-08T08:32:59.182+0000] {processor.py:161} INFO - Started process (PID=3146) to work on /home/airflow/.local/lib/python3.8/site-packages/airflow/example_dags/example_task_group.py
[2024-04-08T08:32:59.184+0000] {processor.py:830} INFO - Processing file /home/airflow/.local/lib/python3.8/site-packages/airflow/example_dags/example_task_group.py for tasks to queue
[2024-04-08T08:32:59.185+0000] {logging_mixin.py:188} INFO - [2024-04-08T08:32:59.185+0000] {dagbag.py:540} INFO - Filling up the DagBag from /home/airflow/.local/lib/python3.8/site-packages/airflow/example_dags/example_task_group.py
[2024-04-08T08:32:59.193+0000] {processor.py:840} INFO - DAG(s) 'example_task_group' retrieved from /home/airflow/.local/lib/python3.8/site-packages/airflow/example_dags/example_task_group.py
[2024-04-08T08:32:59.217+0000] {logging_mixin.py:188} INFO - [2024-04-08T08:32:59.217+0000] {dag.py:3047} INFO - Sync 1 DAGs
[2024-04-08T08:32:59.242+0000] {logging_mixin.py:188} INFO - [2024-04-08T08:32:59.242+0000] {dag.py:3834} INFO - Setting next_dagrun for example_task_group to 2024-04-07 00:00:00+00:00, run_after=2024-04-08 00:00:00+00:00
[2024-04-08T08:32:59.267+0000] {processor.py:183} INFO - Processing /home/airflow/.local/lib/python3.8/site-packages/airflow/example_dags/example_task_group.py took 0.088 seconds
[2024-04-08T08:33:29.689+0000] {processor.py:161} INFO - Started process (PID=3403) to work on /home/airflow/.local/lib/python3.8/site-packages/airflow/example_dags/example_task_group.py
[2024-04-08T08:33:29.690+0000] {processor.py:830} INFO - Processing file /home/airflow/.local/lib/python3.8/site-packages/airflow/example_dags/example_task_group.py for tasks to queue
[2024-04-08T08:33:29.691+0000] {logging_mixin.py:188} INFO - [2024-04-08T08:33:29.690+0000] {dagbag.py:540} INFO - Filling up the DagBag from /home/airflow/.local/lib/python3.8/site-packages/airflow/example_dags/example_task_group.py
[2024-04-08T08:33:29.700+0000] {processor.py:840} INFO - DAG(s) 'example_task_group' retrieved from /home/airflow/.local/lib/python3.8/site-packages/airflow/example_dags/example_task_group.py
[2024-04-08T08:33:29.727+0000] {logging_mixin.py:188} INFO - [2024-04-08T08:33:29.727+0000] {dag.py:3047} INFO - Sync 1 DAGs
[2024-04-08T08:33:29.754+0000] {logging_mixin.py:188} INFO - [2024-04-08T08:33:29.754+0000] {dag.py:3834} INFO - Setting next_dagrun for example_task_group to 2024-04-07 00:00:00+00:00, run_after=2024-04-08 00:00:00+00:00
[2024-04-08T08:33:29.779+0000] {processor.py:183} INFO - Processing /home/airflow/.local/lib/python3.8/site-packages/airflow/example_dags/example_task_group.py took 0.094 seconds
[2024-04-08T08:34:00.073+0000] {processor.py:161} INFO - Started process (PID=3660) to work on /home/airflow/.local/lib/python3.8/site-packages/airflow/example_dags/example_task_group.py
[2024-04-08T08:34:00.074+0000] {processor.py:830} INFO - Processing file /home/airflow/.local/lib/python3.8/site-packages/airflow/example_dags/example_task_group.py for tasks to queue
[2024-04-08T08:34:00.075+0000] {logging_mixin.py:188} INFO - [2024-04-08T08:34:00.075+0000] {dagbag.py:540} INFO - Filling up the DagBag from /home/airflow/.local/lib/python3.8/site-packages/airflow/example_dags/example_task_group.py
[2024-04-08T08:34:00.084+0000] {processor.py:840} INFO - DAG(s) 'example_task_group' retrieved from /home/airflow/.local/lib/python3.8/site-packages/airflow/example_dags/example_task_group.py
[2024-04-08T08:34:00.108+0000] {logging_mixin.py:188} INFO - [2024-04-08T08:34:00.108+0000] {dag.py:3047} INFO - Sync 1 DAGs
[2024-04-08T08:34:00.138+0000] {logging_mixin.py:188} INFO - [2024-04-08T08:34:00.138+0000] {dag.py:3834} INFO - Setting next_dagrun for example_task_group to 2024-04-07 00:00:00+00:00, run_after=2024-04-08 00:00:00+00:00
[2024-04-08T08:34:00.162+0000] {processor.py:183} INFO - Processing /home/airflow/.local/lib/python3.8/site-packages/airflow/example_dags/example_task_group.py took 0.093 seconds
[2024-04-08T08:34:30.222+0000] {processor.py:161} INFO - Started process (PID=3916) to work on /home/airflow/.local/lib/python3.8/site-packages/airflow/example_dags/example_task_group.py
[2024-04-08T08:34:30.223+0000] {processor.py:830} INFO - Processing file /home/airflow/.local/lib/python3.8/site-packages/airflow/example_dags/example_task_group.py for tasks to queue
[2024-04-08T08:34:30.227+0000] {logging_mixin.py:188} INFO - [2024-04-08T08:34:30.224+0000] {dagbag.py:540} INFO - Filling up the DagBag from /home/airflow/.local/lib/python3.8/site-packages/airflow/example_dags/example_task_group.py
[2024-04-08T08:34:30.237+0000] {processor.py:840} INFO - DAG(s) 'example_task_group' retrieved from /home/airflow/.local/lib/python3.8/site-packages/airflow/example_dags/example_task_group.py
[2024-04-08T08:34:30.282+0000] {logging_mixin.py:188} INFO - [2024-04-08T08:34:30.281+0000] {dag.py:3047} INFO - Sync 1 DAGs
[2024-04-08T08:34:30.310+0000] {logging_mixin.py:188} INFO - [2024-04-08T08:34:30.309+0000] {dag.py:3834} INFO - Setting next_dagrun for example_task_group to 2024-04-07 00:00:00+00:00, run_after=2024-04-08 00:00:00+00:00
[2024-04-08T08:34:30.345+0000] {processor.py:183} INFO - Processing /home/airflow/.local/lib/python3.8/site-packages/airflow/example_dags/example_task_group.py took 0.129 seconds
[2024-04-08T08:35:00.625+0000] {processor.py:161} INFO - Started process (PID=4173) to work on /home/airflow/.local/lib/python3.8/site-packages/airflow/example_dags/example_task_group.py
[2024-04-08T08:35:00.627+0000] {processor.py:830} INFO - Processing file /home/airflow/.local/lib/python3.8/site-packages/airflow/example_dags/example_task_group.py for tasks to queue
[2024-04-08T08:35:00.628+0000] {logging_mixin.py:188} INFO - [2024-04-08T08:35:00.627+0000] {dagbag.py:540} INFO - Filling up the DagBag from /home/airflow/.local/lib/python3.8/site-packages/airflow/example_dags/example_task_group.py
[2024-04-08T08:35:00.638+0000] {processor.py:840} INFO - DAG(s) 'example_task_group' retrieved from /home/airflow/.local/lib/python3.8/site-packages/airflow/example_dags/example_task_group.py
[2024-04-08T08:35:00.697+0000] {logging_mixin.py:188} INFO - [2024-04-08T08:35:00.697+0000] {dag.py:3047} INFO - Sync 1 DAGs
[2024-04-08T08:35:00.760+0000] {logging_mixin.py:188} INFO - [2024-04-08T08:35:00.760+0000] {dag.py:3834} INFO - Setting next_dagrun for example_task_group to 2024-04-07 00:00:00+00:00, run_after=2024-04-08 00:00:00+00:00
[2024-04-08T08:35:00.818+0000] {processor.py:183} INFO - Processing /home/airflow/.local/lib/python3.8/site-packages/airflow/example_dags/example_task_group.py took 0.198 seconds
[2024-04-08T08:35:31.431+0000] {processor.py:161} INFO - Started process (PID=4431) to work on /home/airflow/.local/lib/python3.8/site-packages/airflow/example_dags/example_task_group.py
[2024-04-08T08:35:31.432+0000] {processor.py:830} INFO - Processing file /home/airflow/.local/lib/python3.8/site-packages/airflow/example_dags/example_task_group.py for tasks to queue
[2024-04-08T08:35:31.433+0000] {logging_mixin.py:188} INFO - [2024-04-08T08:35:31.433+0000] {dagbag.py:540} INFO - Filling up the DagBag from /home/airflow/.local/lib/python3.8/site-packages/airflow/example_dags/example_task_group.py
[2024-04-08T08:35:31.441+0000] {processor.py:840} INFO - DAG(s) 'example_task_group' retrieved from /home/airflow/.local/lib/python3.8/site-packages/airflow/example_dags/example_task_group.py
[2024-04-08T08:35:31.465+0000] {logging_mixin.py:188} INFO - [2024-04-08T08:35:31.465+0000] {dag.py:3047} INFO - Sync 1 DAGs
[2024-04-08T08:35:31.492+0000] {logging_mixin.py:188} INFO - [2024-04-08T08:35:31.491+0000] {dag.py:3834} INFO - Setting next_dagrun for example_task_group to 2024-04-07 00:00:00+00:00, run_after=2024-04-08 00:00:00+00:00
[2024-04-08T08:35:31.525+0000] {processor.py:183} INFO - Processing /home/airflow/.local/lib/python3.8/site-packages/airflow/example_dags/example_task_group.py took 0.098 seconds
[2024-04-08T08:36:01.931+0000] {processor.py:161} INFO - Started process (PID=4688) to work on /home/airflow/.local/lib/python3.8/site-packages/airflow/example_dags/example_task_group.py
[2024-04-08T08:36:01.933+0000] {processor.py:830} INFO - Processing file /home/airflow/.local/lib/python3.8/site-packages/airflow/example_dags/example_task_group.py for tasks to queue
[2024-04-08T08:36:01.934+0000] {logging_mixin.py:188} INFO - [2024-04-08T08:36:01.933+0000] {dagbag.py:540} INFO - Filling up the DagBag from /home/airflow/.local/lib/python3.8/site-packages/airflow/example_dags/example_task_group.py
[2024-04-08T08:36:01.941+0000] {processor.py:840} INFO - DAG(s) 'example_task_group' retrieved from /home/airflow/.local/lib/python3.8/site-packages/airflow/example_dags/example_task_group.py
[2024-04-08T08:36:01.966+0000] {logging_mixin.py:188} INFO - [2024-04-08T08:36:01.966+0000] {dag.py:3047} INFO - Sync 1 DAGs
[2024-04-08T08:36:01.993+0000] {logging_mixin.py:188} INFO - [2024-04-08T08:36:01.992+0000] {dag.py:3834} INFO - Setting next_dagrun for example_task_group to 2024-04-07 00:00:00+00:00, run_after=2024-04-08 00:00:00+00:00
[2024-04-08T08:36:02.018+0000] {processor.py:183} INFO - Processing /home/airflow/.local/lib/python3.8/site-packages/airflow/example_dags/example_task_group.py took 0.090 seconds
[2024-04-08T08:36:32.234+0000] {processor.py:161} INFO - Started process (PID=4946) to work on /home/airflow/.local/lib/python3.8/site-packages/airflow/example_dags/example_task_group.py
[2024-04-08T08:36:32.235+0000] {processor.py:830} INFO - Processing file /home/airflow/.local/lib/python3.8/site-packages/airflow/example_dags/example_task_group.py for tasks to queue
[2024-04-08T08:36:32.236+0000] {logging_mixin.py:188} INFO - [2024-04-08T08:36:32.236+0000] {dagbag.py:540} INFO - Filling up the DagBag from /home/airflow/.local/lib/python3.8/site-packages/airflow/example_dags/example_task_group.py
[2024-04-08T08:36:32.245+0000] {processor.py:840} INFO - DAG(s) 'example_task_group' retrieved from /home/airflow/.local/lib/python3.8/site-packages/airflow/example_dags/example_task_group.py
[2024-04-08T08:36:32.269+0000] {logging_mixin.py:188} INFO - [2024-04-08T08:36:32.269+0000] {dag.py:3047} INFO - Sync 1 DAGs
[2024-04-08T08:36:32.296+0000] {logging_mixin.py:188} INFO - [2024-04-08T08:36:32.296+0000] {dag.py:3834} INFO - Setting next_dagrun for example_task_group to 2024-04-07 00:00:00+00:00, run_after=2024-04-08 00:00:00+00:00
[2024-04-08T08:36:32.320+0000] {processor.py:183} INFO - Processing /home/airflow/.local/lib/python3.8/site-packages/airflow/example_dags/example_task_group.py took 0.089 seconds
[2024-04-08T08:37:02.553+0000] {processor.py:161} INFO - Started process (PID=5203) to work on /home/airflow/.local/lib/python3.8/site-packages/airflow/example_dags/example_task_group.py
[2024-04-08T08:37:02.554+0000] {processor.py:830} INFO - Processing file /home/airflow/.local/lib/python3.8/site-packages/airflow/example_dags/example_task_group.py for tasks to queue
[2024-04-08T08:37:02.555+0000] {logging_mixin.py:188} INFO - [2024-04-08T08:37:02.555+0000] {dagbag.py:540} INFO - Filling up the DagBag from /home/airflow/.local/lib/python3.8/site-packages/airflow/example_dags/example_task_group.py
[2024-04-08T08:37:02.564+0000] {processor.py:840} INFO - DAG(s) 'example_task_group' retrieved from /home/airflow/.local/lib/python3.8/site-packages/airflow/example_dags/example_task_group.py
[2024-04-08T08:37:02.588+0000] {logging_mixin.py:188} INFO - [2024-04-08T08:37:02.588+0000] {dag.py:3047} INFO - Sync 1 DAGs
[2024-04-08T08:37:02.616+0000] {logging_mixin.py:188} INFO - [2024-04-08T08:37:02.615+0000] {dag.py:3834} INFO - Setting next_dagrun for example_task_group to 2024-04-07 00:00:00+00:00, run_after=2024-04-08 00:00:00+00:00
[2024-04-08T08:37:02.642+0000] {processor.py:183} INFO - Processing /home/airflow/.local/lib/python3.8/site-packages/airflow/example_dags/example_task_group.py took 0.093 seconds
[2024-04-08T08:37:33.067+0000] {processor.py:161} INFO - Started process (PID=5459) to work on /home/airflow/.local/lib/python3.8/site-packages/airflow/example_dags/example_task_group.py
[2024-04-08T08:37:33.068+0000] {processor.py:830} INFO - Processing file /home/airflow/.local/lib/python3.8/site-packages/airflow/example_dags/example_task_group.py for tasks to queue
[2024-04-08T08:37:33.069+0000] {logging_mixin.py:188} INFO - [2024-04-08T08:37:33.068+0000] {dagbag.py:540} INFO - Filling up the DagBag from /home/airflow/.local/lib/python3.8/site-packages/airflow/example_dags/example_task_group.py
[2024-04-08T08:37:33.078+0000] {processor.py:840} INFO - DAG(s) 'example_task_group' retrieved from /home/airflow/.local/lib/python3.8/site-packages/airflow/example_dags/example_task_group.py
[2024-04-08T08:37:33.104+0000] {logging_mixin.py:188} INFO - [2024-04-08T08:37:33.104+0000] {dag.py:3047} INFO - Sync 1 DAGs
[2024-04-08T08:37:33.179+0000] {logging_mixin.py:188} INFO - [2024-04-08T08:37:33.179+0000] {dag.py:3834} INFO - Setting next_dagrun for example_task_group to 2024-04-07 00:00:00+00:00, run_after=2024-04-08 00:00:00+00:00
[2024-04-08T08:37:33.226+0000] {processor.py:183} INFO - Processing /home/airflow/.local/lib/python3.8/site-packages/airflow/example_dags/example_task_group.py took 0.163 seconds
[2024-04-08T08:38:03.721+0000] {processor.py:161} INFO - Started process (PID=5716) to work on /home/airflow/.local/lib/python3.8/site-packages/airflow/example_dags/example_task_group.py
[2024-04-08T08:38:03.723+0000] {processor.py:830} INFO - Processing file /home/airflow/.local/lib/python3.8/site-packages/airflow/example_dags/example_task_group.py for tasks to queue
[2024-04-08T08:38:03.725+0000] {logging_mixin.py:188} INFO - [2024-04-08T08:38:03.724+0000] {dagbag.py:540} INFO - Filling up the DagBag from /home/airflow/.local/lib/python3.8/site-packages/airflow/example_dags/example_task_group.py
[2024-04-08T08:38:03.734+0000] {processor.py:840} INFO - DAG(s) 'example_task_group' retrieved from /home/airflow/.local/lib/python3.8/site-packages/airflow/example_dags/example_task_group.py
[2024-04-08T08:38:03.761+0000] {logging_mixin.py:188} INFO - [2024-04-08T08:38:03.761+0000] {dag.py:3047} INFO - Sync 1 DAGs
[2024-04-08T08:38:03.788+0000] {logging_mixin.py:188} INFO - [2024-04-08T08:38:03.788+0000] {dag.py:3834} INFO - Setting next_dagrun for example_task_group to 2024-04-07 00:00:00+00:00, run_after=2024-04-08 00:00:00+00:00
[2024-04-08T08:38:03.812+0000] {processor.py:183} INFO - Processing /home/airflow/.local/lib/python3.8/site-packages/airflow/example_dags/example_task_group.py took 0.095 seconds
[2024-04-08T08:38:34.333+0000] {processor.py:161} INFO - Started process (PID=5974) to work on /home/airflow/.local/lib/python3.8/site-packages/airflow/example_dags/example_task_group.py
[2024-04-08T08:38:34.334+0000] {processor.py:830} INFO - Processing file /home/airflow/.local/lib/python3.8/site-packages/airflow/example_dags/example_task_group.py for tasks to queue
[2024-04-08T08:38:34.336+0000] {logging_mixin.py:188} INFO - [2024-04-08T08:38:34.336+0000] {dagbag.py:540} INFO - Filling up the DagBag from /home/airflow/.local/lib/python3.8/site-packages/airflow/example_dags/example_task_group.py
[2024-04-08T08:38:34.354+0000] {processor.py:840} INFO - DAG(s) 'example_task_group' retrieved from /home/airflow/.local/lib/python3.8/site-packages/airflow/example_dags/example_task_group.py
[2024-04-08T08:38:34.383+0000] {logging_mixin.py:188} INFO - [2024-04-08T08:38:34.383+0000] {dag.py:3047} INFO - Sync 1 DAGs
[2024-04-08T08:38:34.431+0000] {logging_mixin.py:188} INFO - [2024-04-08T08:38:34.430+0000] {dag.py:3834} INFO - Setting next_dagrun for example_task_group to 2024-04-07 00:00:00+00:00, run_after=2024-04-08 00:00:00+00:00
[2024-04-08T08:38:34.474+0000] {processor.py:183} INFO - Processing /home/airflow/.local/lib/python3.8/site-packages/airflow/example_dags/example_task_group.py took 0.148 seconds
[2024-04-08T08:39:04.874+0000] {processor.py:161} INFO - Started process (PID=6231) to work on /home/airflow/.local/lib/python3.8/site-packages/airflow/example_dags/example_task_group.py
[2024-04-08T08:39:04.875+0000] {processor.py:830} INFO - Processing file /home/airflow/.local/lib/python3.8/site-packages/airflow/example_dags/example_task_group.py for tasks to queue
[2024-04-08T08:39:04.876+0000] {logging_mixin.py:188} INFO - [2024-04-08T08:39:04.875+0000] {dagbag.py:540} INFO - Filling up the DagBag from /home/airflow/.local/lib/python3.8/site-packages/airflow/example_dags/example_task_group.py
[2024-04-08T08:39:04.884+0000] {processor.py:840} INFO - DAG(s) 'example_task_group' retrieved from /home/airflow/.local/lib/python3.8/site-packages/airflow/example_dags/example_task_group.py
[2024-04-08T08:39:04.908+0000] {logging_mixin.py:188} INFO - [2024-04-08T08:39:04.908+0000] {dag.py:3047} INFO - Sync 1 DAGs
[2024-04-08T08:39:04.934+0000] {logging_mixin.py:188} INFO - [2024-04-08T08:39:04.933+0000] {dag.py:3834} INFO - Setting next_dagrun for example_task_group to 2024-04-07 00:00:00+00:00, run_after=2024-04-08 00:00:00+00:00
[2024-04-08T08:39:04.964+0000] {processor.py:183} INFO - Processing /home/airflow/.local/lib/python3.8/site-packages/airflow/example_dags/example_task_group.py took 0.094 seconds
[2024-04-08T08:39:35.503+0000] {processor.py:161} INFO - Started process (PID=6487) to work on /home/airflow/.local/lib/python3.8/site-packages/airflow/example_dags/example_task_group.py
[2024-04-08T08:39:35.505+0000] {processor.py:830} INFO - Processing file /home/airflow/.local/lib/python3.8/site-packages/airflow/example_dags/example_task_group.py for tasks to queue
[2024-04-08T08:39:35.506+0000] {logging_mixin.py:188} INFO - [2024-04-08T08:39:35.506+0000] {dagbag.py:540} INFO - Filling up the DagBag from /home/airflow/.local/lib/python3.8/site-packages/airflow/example_dags/example_task_group.py
[2024-04-08T08:39:35.516+0000] {processor.py:840} INFO - DAG(s) 'example_task_group' retrieved from /home/airflow/.local/lib/python3.8/site-packages/airflow/example_dags/example_task_group.py
[2024-04-08T08:39:35.540+0000] {logging_mixin.py:188} INFO - [2024-04-08T08:39:35.540+0000] {dag.py:3047} INFO - Sync 1 DAGs
[2024-04-08T08:39:35.590+0000] {logging_mixin.py:188} INFO - [2024-04-08T08:39:35.589+0000] {dag.py:3834} INFO - Setting next_dagrun for example_task_group to 2024-04-07 00:00:00+00:00, run_after=2024-04-08 00:00:00+00:00
[2024-04-08T08:39:35.647+0000] {processor.py:183} INFO - Processing /home/airflow/.local/lib/python3.8/site-packages/airflow/example_dags/example_task_group.py took 0.147 seconds
[2024-04-08T08:40:05.859+0000] {processor.py:161} INFO - Started process (PID=6744) to work on /home/airflow/.local/lib/python3.8/site-packages/airflow/example_dags/example_task_group.py
[2024-04-08T08:40:05.860+0000] {processor.py:830} INFO - Processing file /home/airflow/.local/lib/python3.8/site-packages/airflow/example_dags/example_task_group.py for tasks to queue
[2024-04-08T08:40:05.861+0000] {logging_mixin.py:188} INFO - [2024-04-08T08:40:05.861+0000] {dagbag.py:540} INFO - Filling up the DagBag from /home/airflow/.local/lib/python3.8/site-packages/airflow/example_dags/example_task_group.py
[2024-04-08T08:40:05.870+0000] {processor.py:840} INFO - DAG(s) 'example_task_group' retrieved from /home/airflow/.local/lib/python3.8/site-packages/airflow/example_dags/example_task_group.py
[2024-04-08T08:40:05.894+0000] {logging_mixin.py:188} INFO - [2024-04-08T08:40:05.894+0000] {dag.py:3047} INFO - Sync 1 DAGs
[2024-04-08T08:40:05.923+0000] {logging_mixin.py:188} INFO - [2024-04-08T08:40:05.923+0000] {dag.py:3834} INFO - Setting next_dagrun for example_task_group to 2024-04-07 00:00:00+00:00, run_after=2024-04-08 00:00:00+00:00
[2024-04-08T08:40:05.948+0000] {processor.py:183} INFO - Processing /home/airflow/.local/lib/python3.8/site-packages/airflow/example_dags/example_task_group.py took 0.093 seconds
[2024-04-08T08:40:36.283+0000] {processor.py:161} INFO - Started process (PID=7001) to work on /home/airflow/.local/lib/python3.8/site-packages/airflow/example_dags/example_task_group.py
[2024-04-08T08:40:36.285+0000] {processor.py:830} INFO - Processing file /home/airflow/.local/lib/python3.8/site-packages/airflow/example_dags/example_task_group.py for tasks to queue
[2024-04-08T08:40:36.286+0000] {logging_mixin.py:188} INFO - [2024-04-08T08:40:36.285+0000] {dagbag.py:540} INFO - Filling up the DagBag from /home/airflow/.local/lib/python3.8/site-packages/airflow/example_dags/example_task_group.py
[2024-04-08T08:40:36.294+0000] {processor.py:840} INFO - DAG(s) 'example_task_group' retrieved from /home/airflow/.local/lib/python3.8/site-packages/airflow/example_dags/example_task_group.py
[2024-04-08T08:40:36.319+0000] {logging_mixin.py:188} INFO - [2024-04-08T08:40:36.319+0000] {dag.py:3047} INFO - Sync 1 DAGs
[2024-04-08T08:40:36.348+0000] {logging_mixin.py:188} INFO - [2024-04-08T08:40:36.348+0000] {dag.py:3834} INFO - Setting next_dagrun for example_task_group to 2024-04-07 00:00:00+00:00, run_after=2024-04-08 00:00:00+00:00
[2024-04-08T08:40:36.376+0000] {processor.py:183} INFO - Processing /home/airflow/.local/lib/python3.8/site-packages/airflow/example_dags/example_task_group.py took 0.096 seconds
[2024-04-08T08:41:06.862+0000] {processor.py:161} INFO - Started process (PID=7258) to work on /home/airflow/.local/lib/python3.8/site-packages/airflow/example_dags/example_task_group.py
[2024-04-08T08:41:06.863+0000] {processor.py:830} INFO - Processing file /home/airflow/.local/lib/python3.8/site-packages/airflow/example_dags/example_task_group.py for tasks to queue
[2024-04-08T08:41:06.864+0000] {logging_mixin.py:188} INFO - [2024-04-08T08:41:06.864+0000] {dagbag.py:540} INFO - Filling up the DagBag from /home/airflow/.local/lib/python3.8/site-packages/airflow/example_dags/example_task_group.py
[2024-04-08T08:41:06.873+0000] {processor.py:840} INFO - DAG(s) 'example_task_group' retrieved from /home/airflow/.local/lib/python3.8/site-packages/airflow/example_dags/example_task_group.py
[2024-04-08T08:41:06.896+0000] {logging_mixin.py:188} INFO - [2024-04-08T08:41:06.896+0000] {dag.py:3047} INFO - Sync 1 DAGs
[2024-04-08T08:41:06.922+0000] {logging_mixin.py:188} INFO - [2024-04-08T08:41:06.921+0000] {dag.py:3834} INFO - Setting next_dagrun for example_task_group to 2024-04-07 00:00:00+00:00, run_after=2024-04-08 00:00:00+00:00
[2024-04-08T08:41:06.948+0000] {processor.py:183} INFO - Processing /home/airflow/.local/lib/python3.8/site-packages/airflow/example_dags/example_task_group.py took 0.089 seconds
[2024-04-08T08:41:37.369+0000] {processor.py:161} INFO - Started process (PID=7515) to work on /home/airflow/.local/lib/python3.8/site-packages/airflow/example_dags/example_task_group.py
[2024-04-08T08:41:37.370+0000] {processor.py:830} INFO - Processing file /home/airflow/.local/lib/python3.8/site-packages/airflow/example_dags/example_task_group.py for tasks to queue
[2024-04-08T08:41:37.371+0000] {logging_mixin.py:188} INFO - [2024-04-08T08:41:37.371+0000] {dagbag.py:540} INFO - Filling up the DagBag from /home/airflow/.local/lib/python3.8/site-packages/airflow/example_dags/example_task_group.py
[2024-04-08T08:41:37.379+0000] {processor.py:840} INFO - DAG(s) 'example_task_group' retrieved from /home/airflow/.local/lib/python3.8/site-packages/airflow/example_dags/example_task_group.py
[2024-04-08T08:41:37.403+0000] {logging_mixin.py:188} INFO - [2024-04-08T08:41:37.403+0000] {dag.py:3047} INFO - Sync 1 DAGs
[2024-04-08T08:41:37.429+0000] {logging_mixin.py:188} INFO - [2024-04-08T08:41:37.428+0000] {dag.py:3834} INFO - Setting next_dagrun for example_task_group to 2024-04-07 00:00:00+00:00, run_after=2024-04-08 00:00:00+00:00
[2024-04-08T08:41:37.453+0000] {processor.py:183} INFO - Processing /home/airflow/.local/lib/python3.8/site-packages/airflow/example_dags/example_task_group.py took 0.087 seconds
[2024-04-08T08:42:07.692+0000] {processor.py:161} INFO - Started process (PID=7772) to work on /home/airflow/.local/lib/python3.8/site-packages/airflow/example_dags/example_task_group.py
[2024-04-08T08:42:07.693+0000] {processor.py:830} INFO - Processing file /home/airflow/.local/lib/python3.8/site-packages/airflow/example_dags/example_task_group.py for tasks to queue
[2024-04-08T08:42:07.694+0000] {logging_mixin.py:188} INFO - [2024-04-08T08:42:07.694+0000] {dagbag.py:540} INFO - Filling up the DagBag from /home/airflow/.local/lib/python3.8/site-packages/airflow/example_dags/example_task_group.py
[2024-04-08T08:42:07.702+0000] {processor.py:840} INFO - DAG(s) 'example_task_group' retrieved from /home/airflow/.local/lib/python3.8/site-packages/airflow/example_dags/example_task_group.py
[2024-04-08T08:42:07.729+0000] {logging_mixin.py:188} INFO - [2024-04-08T08:42:07.729+0000] {dag.py:3047} INFO - Sync 1 DAGs
[2024-04-08T08:42:07.756+0000] {logging_mixin.py:188} INFO - [2024-04-08T08:42:07.756+0000] {dag.py:3834} INFO - Setting next_dagrun for example_task_group to 2024-04-07 00:00:00+00:00, run_after=2024-04-08 00:00:00+00:00
[2024-04-08T08:42:07.779+0000] {processor.py:183} INFO - Processing /home/airflow/.local/lib/python3.8/site-packages/airflow/example_dags/example_task_group.py took 0.090 seconds
[2024-04-08T08:42:37.976+0000] {processor.py:161} INFO - Started process (PID=8029) to work on /home/airflow/.local/lib/python3.8/site-packages/airflow/example_dags/example_task_group.py
[2024-04-08T08:42:37.977+0000] {processor.py:830} INFO - Processing file /home/airflow/.local/lib/python3.8/site-packages/airflow/example_dags/example_task_group.py for tasks to queue
[2024-04-08T08:42:37.978+0000] {logging_mixin.py:188} INFO - [2024-04-08T08:42:37.978+0000] {dagbag.py:540} INFO - Filling up the DagBag from /home/airflow/.local/lib/python3.8/site-packages/airflow/example_dags/example_task_group.py
[2024-04-08T08:42:37.987+0000] {processor.py:840} INFO - DAG(s) 'example_task_group' retrieved from /home/airflow/.local/lib/python3.8/site-packages/airflow/example_dags/example_task_group.py
[2024-04-08T08:42:38.013+0000] {logging_mixin.py:188} INFO - [2024-04-08T08:42:38.012+0000] {dag.py:3047} INFO - Sync 1 DAGs
[2024-04-08T08:42:38.040+0000] {logging_mixin.py:188} INFO - [2024-04-08T08:42:38.040+0000] {dag.py:3834} INFO - Setting next_dagrun for example_task_group to 2024-04-07 00:00:00+00:00, run_after=2024-04-08 00:00:00+00:00
[2024-04-08T08:42:38.067+0000] {processor.py:183} INFO - Processing /home/airflow/.local/lib/python3.8/site-packages/airflow/example_dags/example_task_group.py took 0.094 seconds
[2024-04-08T08:43:08.308+0000] {processor.py:161} INFO - Started process (PID=8286) to work on /home/airflow/.local/lib/python3.8/site-packages/airflow/example_dags/example_task_group.py
[2024-04-08T08:43:08.310+0000] {processor.py:830} INFO - Processing file /home/airflow/.local/lib/python3.8/site-packages/airflow/example_dags/example_task_group.py for tasks to queue
[2024-04-08T08:43:08.311+0000] {logging_mixin.py:188} INFO - [2024-04-08T08:43:08.310+0000] {dagbag.py:540} INFO - Filling up the DagBag from /home/airflow/.local/lib/python3.8/site-packages/airflow/example_dags/example_task_group.py
[2024-04-08T08:43:08.320+0000] {processor.py:840} INFO - DAG(s) 'example_task_group' retrieved from /home/airflow/.local/lib/python3.8/site-packages/airflow/example_dags/example_task_group.py
[2024-04-08T08:43:08.344+0000] {logging_mixin.py:188} INFO - [2024-04-08T08:43:08.344+0000] {dag.py:3047} INFO - Sync 1 DAGs
[2024-04-08T08:43:08.371+0000] {logging_mixin.py:188} INFO - [2024-04-08T08:43:08.370+0000] {dag.py:3834} INFO - Setting next_dagrun for example_task_group to 2024-04-07 00:00:00+00:00, run_after=2024-04-08 00:00:00+00:00
[2024-04-08T08:43:08.396+0000] {processor.py:183} INFO - Processing /home/airflow/.local/lib/python3.8/site-packages/airflow/example_dags/example_task_group.py took 0.092 seconds
[2024-04-08T08:43:38.764+0000] {processor.py:161} INFO - Started process (PID=8543) to work on /home/airflow/.local/lib/python3.8/site-packages/airflow/example_dags/example_task_group.py
[2024-04-08T08:43:38.769+0000] {processor.py:830} INFO - Processing file /home/airflow/.local/lib/python3.8/site-packages/airflow/example_dags/example_task_group.py for tasks to queue
[2024-04-08T08:43:38.770+0000] {logging_mixin.py:188} INFO - [2024-04-08T08:43:38.770+0000] {dagbag.py:540} INFO - Filling up the DagBag from /home/airflow/.local/lib/python3.8/site-packages/airflow/example_dags/example_task_group.py
[2024-04-08T08:43:38.784+0000] {processor.py:840} INFO - DAG(s) 'example_task_group' retrieved from /home/airflow/.local/lib/python3.8/site-packages/airflow/example_dags/example_task_group.py
[2024-04-08T08:43:38.808+0000] {logging_mixin.py:188} INFO - [2024-04-08T08:43:38.808+0000] {dag.py:3047} INFO - Sync 1 DAGs
[2024-04-08T08:43:38.854+0000] {logging_mixin.py:188} INFO - [2024-04-08T08:43:38.854+0000] {dag.py:3834} INFO - Setting next_dagrun for example_task_group to 2024-04-07 00:00:00+00:00, run_after=2024-04-08 00:00:00+00:00
[2024-04-08T08:43:38.903+0000] {processor.py:183} INFO - Processing /home/airflow/.local/lib/python3.8/site-packages/airflow/example_dags/example_task_group.py took 0.142 seconds
[2024-04-08T08:44:09.819+0000] {processor.py:161} INFO - Started process (PID=8807) to work on /home/airflow/.local/lib/python3.8/site-packages/airflow/example_dags/example_task_group.py
[2024-04-08T08:44:09.820+0000] {processor.py:830} INFO - Processing file /home/airflow/.local/lib/python3.8/site-packages/airflow/example_dags/example_task_group.py for tasks to queue
[2024-04-08T08:44:09.821+0000] {logging_mixin.py:188} INFO - [2024-04-08T08:44:09.820+0000] {dagbag.py:540} INFO - Filling up the DagBag from /home/airflow/.local/lib/python3.8/site-packages/airflow/example_dags/example_task_group.py
[2024-04-08T08:44:09.829+0000] {processor.py:840} INFO - DAG(s) 'example_task_group' retrieved from /home/airflow/.local/lib/python3.8/site-packages/airflow/example_dags/example_task_group.py
[2024-04-08T08:44:09.856+0000] {logging_mixin.py:188} INFO - [2024-04-08T08:44:09.855+0000] {dag.py:3047} INFO - Sync 1 DAGs
[2024-04-08T08:44:09.884+0000] {logging_mixin.py:188} INFO - [2024-04-08T08:44:09.883+0000] {dag.py:3834} INFO - Setting next_dagrun for example_task_group to 2024-04-07 00:00:00+00:00, run_after=2024-04-08 00:00:00+00:00
[2024-04-08T08:44:09.908+0000] {processor.py:183} INFO - Processing /home/airflow/.local/lib/python3.8/site-packages/airflow/example_dags/example_task_group.py took 0.093 seconds
[2024-04-08T08:44:40.047+0000] {processor.py:161} INFO - Started process (PID=9066) to work on /home/airflow/.local/lib/python3.8/site-packages/airflow/example_dags/example_task_group.py
[2024-04-08T08:44:40.048+0000] {processor.py:830} INFO - Processing file /home/airflow/.local/lib/python3.8/site-packages/airflow/example_dags/example_task_group.py for tasks to queue
[2024-04-08T08:44:40.048+0000] {logging_mixin.py:188} INFO - [2024-04-08T08:44:40.048+0000] {dagbag.py:540} INFO - Filling up the DagBag from /home/airflow/.local/lib/python3.8/site-packages/airflow/example_dags/example_task_group.py
[2024-04-08T08:44:40.070+0000] {processor.py:840} INFO - DAG(s) 'example_task_group' retrieved from /home/airflow/.local/lib/python3.8/site-packages/airflow/example_dags/example_task_group.py
[2024-04-08T08:44:40.106+0000] {logging_mixin.py:188} INFO - [2024-04-08T08:44:40.106+0000] {dag.py:3047} INFO - Sync 1 DAGs
[2024-04-08T08:44:40.138+0000] {logging_mixin.py:188} INFO - [2024-04-08T08:44:40.138+0000] {dag.py:3834} INFO - Setting next_dagrun for example_task_group to 2024-04-07 00:00:00+00:00, run_after=2024-04-08 00:00:00+00:00
[2024-04-08T08:44:40.172+0000] {processor.py:183} INFO - Processing /home/airflow/.local/lib/python3.8/site-packages/airflow/example_dags/example_task_group.py took 0.129 seconds
[2024-04-08T08:45:10.467+0000] {processor.py:161} INFO - Started process (PID=9324) to work on /home/airflow/.local/lib/python3.8/site-packages/airflow/example_dags/example_task_group.py
[2024-04-08T08:45:10.468+0000] {processor.py:830} INFO - Processing file /home/airflow/.local/lib/python3.8/site-packages/airflow/example_dags/example_task_group.py for tasks to queue
[2024-04-08T08:45:10.469+0000] {logging_mixin.py:188} INFO - [2024-04-08T08:45:10.468+0000] {dagbag.py:540} INFO - Filling up the DagBag from /home/airflow/.local/lib/python3.8/site-packages/airflow/example_dags/example_task_group.py
[2024-04-08T08:45:10.477+0000] {processor.py:840} INFO - DAG(s) 'example_task_group' retrieved from /home/airflow/.local/lib/python3.8/site-packages/airflow/example_dags/example_task_group.py
[2024-04-08T08:45:10.502+0000] {logging_mixin.py:188} INFO - [2024-04-08T08:45:10.502+0000] {dag.py:3047} INFO - Sync 1 DAGs
[2024-04-08T08:45:10.530+0000] {logging_mixin.py:188} INFO - [2024-04-08T08:45:10.530+0000] {dag.py:3834} INFO - Setting next_dagrun for example_task_group to 2024-04-07 00:00:00+00:00, run_after=2024-04-08 00:00:00+00:00
[2024-04-08T08:45:10.555+0000] {processor.py:183} INFO - Processing /home/airflow/.local/lib/python3.8/site-packages/airflow/example_dags/example_task_group.py took 0.092 seconds
[2024-04-08T08:45:40.737+0000] {processor.py:161} INFO - Started process (PID=9581) to work on /home/airflow/.local/lib/python3.8/site-packages/airflow/example_dags/example_task_group.py
[2024-04-08T08:45:40.738+0000] {processor.py:830} INFO - Processing file /home/airflow/.local/lib/python3.8/site-packages/airflow/example_dags/example_task_group.py for tasks to queue
[2024-04-08T08:45:40.739+0000] {logging_mixin.py:188} INFO - [2024-04-08T08:45:40.739+0000] {dagbag.py:540} INFO - Filling up the DagBag from /home/airflow/.local/lib/python3.8/site-packages/airflow/example_dags/example_task_group.py
[2024-04-08T08:45:40.752+0000] {processor.py:840} INFO - DAG(s) 'example_task_group' retrieved from /home/airflow/.local/lib/python3.8/site-packages/airflow/example_dags/example_task_group.py
[2024-04-08T08:45:40.775+0000] {logging_mixin.py:188} INFO - [2024-04-08T08:45:40.775+0000] {dag.py:3047} INFO - Sync 1 DAGs
[2024-04-08T08:45:40.798+0000] {logging_mixin.py:188} INFO - [2024-04-08T08:45:40.798+0000] {dag.py:3834} INFO - Setting next_dagrun for example_task_group to 2024-04-07 00:00:00+00:00, run_after=2024-04-08 00:00:00+00:00
[2024-04-08T08:45:40.822+0000] {processor.py:183} INFO - Processing /home/airflow/.local/lib/python3.8/site-packages/airflow/example_dags/example_task_group.py took 0.090 seconds
[2024-04-08T08:46:11.158+0000] {processor.py:161} INFO - Started process (PID=9840) to work on /home/airflow/.local/lib/python3.8/site-packages/airflow/example_dags/example_task_group.py
[2024-04-08T08:46:11.159+0000] {processor.py:830} INFO - Processing file /home/airflow/.local/lib/python3.8/site-packages/airflow/example_dags/example_task_group.py for tasks to queue
[2024-04-08T08:46:11.160+0000] {logging_mixin.py:188} INFO - [2024-04-08T08:46:11.160+0000] {dagbag.py:540} INFO - Filling up the DagBag from /home/airflow/.local/lib/python3.8/site-packages/airflow/example_dags/example_task_group.py
[2024-04-08T08:46:11.166+0000] {processor.py:840} INFO - DAG(s) 'example_task_group' retrieved from /home/airflow/.local/lib/python3.8/site-packages/airflow/example_dags/example_task_group.py
[2024-04-08T08:46:11.184+0000] {logging_mixin.py:188} INFO - [2024-04-08T08:46:11.183+0000] {dag.py:3047} INFO - Sync 1 DAGs
[2024-04-08T08:46:11.201+0000] {logging_mixin.py:188} INFO - [2024-04-08T08:46:11.200+0000] {dag.py:3834} INFO - Setting next_dagrun for example_task_group to 2024-04-07 00:00:00+00:00, run_after=2024-04-08 00:00:00+00:00
[2024-04-08T08:46:11.219+0000] {processor.py:183} INFO - Processing /home/airflow/.local/lib/python3.8/site-packages/airflow/example_dags/example_task_group.py took 0.063 seconds
[2024-04-08T08:46:41.585+0000] {processor.py:161} INFO - Started process (PID=10095) to work on /home/airflow/.local/lib/python3.8/site-packages/airflow/example_dags/example_task_group.py
[2024-04-08T08:46:41.594+0000] {processor.py:830} INFO - Processing file /home/airflow/.local/lib/python3.8/site-packages/airflow/example_dags/example_task_group.py for tasks to queue
[2024-04-08T08:46:41.602+0000] {logging_mixin.py:188} INFO - [2024-04-08T08:46:41.601+0000] {dagbag.py:540} INFO - Filling up the DagBag from /home/airflow/.local/lib/python3.8/site-packages/airflow/example_dags/example_task_group.py
[2024-04-08T08:46:41.624+0000] {processor.py:840} INFO - DAG(s) 'example_task_group' retrieved from /home/airflow/.local/lib/python3.8/site-packages/airflow/example_dags/example_task_group.py
[2024-04-08T08:46:41.664+0000] {logging_mixin.py:188} INFO - [2024-04-08T08:46:41.664+0000] {dag.py:3047} INFO - Sync 1 DAGs
[2024-04-08T08:46:41.690+0000] {logging_mixin.py:188} INFO - [2024-04-08T08:46:41.690+0000] {dag.py:3834} INFO - Setting next_dagrun for example_task_group to 2024-04-07 00:00:00+00:00, run_after=2024-04-08 00:00:00+00:00
[2024-04-08T08:46:41.719+0000] {processor.py:183} INFO - Processing /home/airflow/.local/lib/python3.8/site-packages/airflow/example_dags/example_task_group.py took 0.138 seconds
[2024-04-08T08:47:12.245+0000] {processor.py:161} INFO - Started process (PID=10352) to work on /home/airflow/.local/lib/python3.8/site-packages/airflow/example_dags/example_task_group.py
[2024-04-08T08:47:12.246+0000] {processor.py:830} INFO - Processing file /home/airflow/.local/lib/python3.8/site-packages/airflow/example_dags/example_task_group.py for tasks to queue
[2024-04-08T08:47:12.258+0000] {logging_mixin.py:188} INFO - [2024-04-08T08:47:12.247+0000] {dagbag.py:540} INFO - Filling up the DagBag from /home/airflow/.local/lib/python3.8/site-packages/airflow/example_dags/example_task_group.py
[2024-04-08T08:47:12.269+0000] {processor.py:840} INFO - DAG(s) 'example_task_group' retrieved from /home/airflow/.local/lib/python3.8/site-packages/airflow/example_dags/example_task_group.py
[2024-04-08T08:47:12.331+0000] {logging_mixin.py:188} INFO - [2024-04-08T08:47:12.331+0000] {dag.py:3047} INFO - Sync 1 DAGs
[2024-04-08T08:47:12.385+0000] {logging_mixin.py:188} INFO - [2024-04-08T08:47:12.385+0000] {dag.py:3834} INFO - Setting next_dagrun for example_task_group to 2024-04-07 00:00:00+00:00, run_after=2024-04-08 00:00:00+00:00
[2024-04-08T08:47:12.444+0000] {processor.py:183} INFO - Processing /home/airflow/.local/lib/python3.8/site-packages/airflow/example_dags/example_task_group.py took 0.204 seconds
[2024-04-08T08:47:42.501+0000] {processor.py:161} INFO - Started process (PID=10611) to work on /home/airflow/.local/lib/python3.8/site-packages/airflow/example_dags/example_task_group.py
[2024-04-08T08:47:42.502+0000] {processor.py:830} INFO - Processing file /home/airflow/.local/lib/python3.8/site-packages/airflow/example_dags/example_task_group.py for tasks to queue
[2024-04-08T08:47:42.503+0000] {logging_mixin.py:188} INFO - [2024-04-08T08:47:42.503+0000] {dagbag.py:540} INFO - Filling up the DagBag from /home/airflow/.local/lib/python3.8/site-packages/airflow/example_dags/example_task_group.py
[2024-04-08T08:47:42.509+0000] {processor.py:840} INFO - DAG(s) 'example_task_group' retrieved from /home/airflow/.local/lib/python3.8/site-packages/airflow/example_dags/example_task_group.py
[2024-04-08T08:47:42.527+0000] {logging_mixin.py:188} INFO - [2024-04-08T08:47:42.527+0000] {dag.py:3047} INFO - Sync 1 DAGs
[2024-04-08T08:47:42.548+0000] {logging_mixin.py:188} INFO - [2024-04-08T08:47:42.548+0000] {dag.py:3834} INFO - Setting next_dagrun for example_task_group to 2024-04-07 00:00:00+00:00, run_after=2024-04-08 00:00:00+00:00
[2024-04-08T08:47:42.573+0000] {processor.py:183} INFO - Processing /home/airflow/.local/lib/python3.8/site-packages/airflow/example_dags/example_task_group.py took 0.074 seconds
[2024-04-08T08:48:12.625+0000] {processor.py:161} INFO - Started process (PID=10866) to work on /home/airflow/.local/lib/python3.8/site-packages/airflow/example_dags/example_task_group.py
[2024-04-08T08:48:12.626+0000] {processor.py:830} INFO - Processing file /home/airflow/.local/lib/python3.8/site-packages/airflow/example_dags/example_task_group.py for tasks to queue
[2024-04-08T08:48:12.627+0000] {logging_mixin.py:188} INFO - [2024-04-08T08:48:12.627+0000] {dagbag.py:540} INFO - Filling up the DagBag from /home/airflow/.local/lib/python3.8/site-packages/airflow/example_dags/example_task_group.py
[2024-04-08T08:48:12.636+0000] {processor.py:840} INFO - DAG(s) 'example_task_group' retrieved from /home/airflow/.local/lib/python3.8/site-packages/airflow/example_dags/example_task_group.py
[2024-04-08T08:48:12.661+0000] {logging_mixin.py:188} INFO - [2024-04-08T08:48:12.660+0000] {dag.py:3047} INFO - Sync 1 DAGs
[2024-04-08T08:48:12.685+0000] {logging_mixin.py:188} INFO - [2024-04-08T08:48:12.685+0000] {dag.py:3834} INFO - Setting next_dagrun for example_task_group to 2024-04-07 00:00:00+00:00, run_after=2024-04-08 00:00:00+00:00
[2024-04-08T08:48:12.706+0000] {processor.py:183} INFO - Processing /home/airflow/.local/lib/python3.8/site-packages/airflow/example_dags/example_task_group.py took 0.085 seconds
[2024-04-08T08:48:43.147+0000] {processor.py:161} INFO - Started process (PID=11125) to work on /home/airflow/.local/lib/python3.8/site-packages/airflow/example_dags/example_task_group.py
[2024-04-08T08:48:43.148+0000] {processor.py:830} INFO - Processing file /home/airflow/.local/lib/python3.8/site-packages/airflow/example_dags/example_task_group.py for tasks to queue
[2024-04-08T08:48:43.149+0000] {logging_mixin.py:188} INFO - [2024-04-08T08:48:43.148+0000] {dagbag.py:540} INFO - Filling up the DagBag from /home/airflow/.local/lib/python3.8/site-packages/airflow/example_dags/example_task_group.py
[2024-04-08T08:48:43.154+0000] {processor.py:840} INFO - DAG(s) 'example_task_group' retrieved from /home/airflow/.local/lib/python3.8/site-packages/airflow/example_dags/example_task_group.py
[2024-04-08T08:48:43.172+0000] {logging_mixin.py:188} INFO - [2024-04-08T08:48:43.172+0000] {dag.py:3047} INFO - Sync 1 DAGs
[2024-04-08T08:48:43.189+0000] {logging_mixin.py:188} INFO - [2024-04-08T08:48:43.189+0000] {dag.py:3834} INFO - Setting next_dagrun for example_task_group to 2024-04-07 00:00:00+00:00, run_after=2024-04-08 00:00:00+00:00
[2024-04-08T08:48:43.208+0000] {processor.py:183} INFO - Processing /home/airflow/.local/lib/python3.8/site-packages/airflow/example_dags/example_task_group.py took 0.063 seconds
[2024-04-08T08:49:14.192+0000] {processor.py:161} INFO - Started process (PID=11381) to work on /home/airflow/.local/lib/python3.8/site-packages/airflow/example_dags/example_task_group.py
[2024-04-08T08:49:14.193+0000] {processor.py:830} INFO - Processing file /home/airflow/.local/lib/python3.8/site-packages/airflow/example_dags/example_task_group.py for tasks to queue
[2024-04-08T08:49:14.194+0000] {logging_mixin.py:188} INFO - [2024-04-08T08:49:14.193+0000] {dagbag.py:540} INFO - Filling up the DagBag from /home/airflow/.local/lib/python3.8/site-packages/airflow/example_dags/example_task_group.py
[2024-04-08T08:49:14.203+0000] {processor.py:840} INFO - DAG(s) 'example_task_group' retrieved from /home/airflow/.local/lib/python3.8/site-packages/airflow/example_dags/example_task_group.py
[2024-04-08T08:49:14.237+0000] {logging_mixin.py:188} INFO - [2024-04-08T08:49:14.236+0000] {dag.py:3047} INFO - Sync 1 DAGs
[2024-04-08T08:49:14.266+0000] {logging_mixin.py:188} INFO - [2024-04-08T08:49:14.265+0000] {dag.py:3834} INFO - Setting next_dagrun for example_task_group to 2024-04-07 00:00:00+00:00, run_after=2024-04-08 00:00:00+00:00
[2024-04-08T08:49:14.291+0000] {processor.py:183} INFO - Processing /home/airflow/.local/lib/python3.8/site-packages/airflow/example_dags/example_task_group.py took 0.103 seconds
[2024-04-08T08:49:44.613+0000] {processor.py:161} INFO - Started process (PID=11638) to work on /home/airflow/.local/lib/python3.8/site-packages/airflow/example_dags/example_task_group.py
[2024-04-08T08:49:44.614+0000] {processor.py:830} INFO - Processing file /home/airflow/.local/lib/python3.8/site-packages/airflow/example_dags/example_task_group.py for tasks to queue
[2024-04-08T08:49:44.615+0000] {logging_mixin.py:188} INFO - [2024-04-08T08:49:44.615+0000] {dagbag.py:540} INFO - Filling up the DagBag from /home/airflow/.local/lib/python3.8/site-packages/airflow/example_dags/example_task_group.py
[2024-04-08T08:49:44.649+0000] {processor.py:840} INFO - DAG(s) 'example_task_group' retrieved from /home/airflow/.local/lib/python3.8/site-packages/airflow/example_dags/example_task_group.py
[2024-04-08T08:49:44.735+0000] {logging_mixin.py:188} INFO - [2024-04-08T08:49:44.734+0000] {dag.py:3047} INFO - Sync 1 DAGs
[2024-04-08T08:49:44.798+0000] {logging_mixin.py:188} INFO - [2024-04-08T08:49:44.798+0000] {dag.py:3834} INFO - Setting next_dagrun for example_task_group to 2024-04-07 00:00:00+00:00, run_after=2024-04-08 00:00:00+00:00
[2024-04-08T08:49:44.848+0000] {processor.py:183} INFO - Processing /home/airflow/.local/lib/python3.8/site-packages/airflow/example_dags/example_task_group.py took 0.240 seconds
[2024-04-08T08:50:15.393+0000] {processor.py:161} INFO - Started process (PID=11894) to work on /home/airflow/.local/lib/python3.8/site-packages/airflow/example_dags/example_task_group.py
[2024-04-08T08:50:15.395+0000] {processor.py:830} INFO - Processing file /home/airflow/.local/lib/python3.8/site-packages/airflow/example_dags/example_task_group.py for tasks to queue
[2024-04-08T08:50:15.396+0000] {logging_mixin.py:188} INFO - [2024-04-08T08:50:15.396+0000] {dagbag.py:540} INFO - Filling up the DagBag from /home/airflow/.local/lib/python3.8/site-packages/airflow/example_dags/example_task_group.py
[2024-04-08T08:50:15.430+0000] {processor.py:840} INFO - DAG(s) 'example_task_group' retrieved from /home/airflow/.local/lib/python3.8/site-packages/airflow/example_dags/example_task_group.py
[2024-04-08T08:50:15.464+0000] {logging_mixin.py:188} INFO - [2024-04-08T08:50:15.464+0000] {dag.py:3047} INFO - Sync 1 DAGs
[2024-04-08T08:50:15.491+0000] {logging_mixin.py:188} INFO - [2024-04-08T08:50:15.491+0000] {dag.py:3834} INFO - Setting next_dagrun for example_task_group to 2024-04-07 00:00:00+00:00, run_after=2024-04-08 00:00:00+00:00
[2024-04-08T08:50:15.533+0000] {processor.py:183} INFO - Processing /home/airflow/.local/lib/python3.8/site-packages/airflow/example_dags/example_task_group.py took 0.143 seconds
[2024-04-08T08:50:45.725+0000] {processor.py:161} INFO - Started process (PID=12154) to work on /home/airflow/.local/lib/python3.8/site-packages/airflow/example_dags/example_task_group.py
[2024-04-08T08:50:45.726+0000] {processor.py:830} INFO - Processing file /home/airflow/.local/lib/python3.8/site-packages/airflow/example_dags/example_task_group.py for tasks to queue
[2024-04-08T08:50:45.727+0000] {logging_mixin.py:188} INFO - [2024-04-08T08:50:45.727+0000] {dagbag.py:540} INFO - Filling up the DagBag from /home/airflow/.local/lib/python3.8/site-packages/airflow/example_dags/example_task_group.py
[2024-04-08T08:50:45.736+0000] {processor.py:840} INFO - DAG(s) 'example_task_group' retrieved from /home/airflow/.local/lib/python3.8/site-packages/airflow/example_dags/example_task_group.py
[2024-04-08T08:50:45.769+0000] {logging_mixin.py:188} INFO - [2024-04-08T08:50:45.768+0000] {dag.py:3047} INFO - Sync 1 DAGs
[2024-04-08T08:50:45.811+0000] {logging_mixin.py:188} INFO - [2024-04-08T08:50:45.811+0000] {dag.py:3834} INFO - Setting next_dagrun for example_task_group to 2024-04-07 00:00:00+00:00, run_after=2024-04-08 00:00:00+00:00
[2024-04-08T08:50:45.843+0000] {processor.py:183} INFO - Processing /home/airflow/.local/lib/python3.8/site-packages/airflow/example_dags/example_task_group.py took 0.122 seconds
[2024-04-08T08:51:16.120+0000] {processor.py:161} INFO - Started process (PID=12410) to work on /home/airflow/.local/lib/python3.8/site-packages/airflow/example_dags/example_task_group.py
[2024-04-08T08:51:16.121+0000] {processor.py:830} INFO - Processing file /home/airflow/.local/lib/python3.8/site-packages/airflow/example_dags/example_task_group.py for tasks to queue
[2024-04-08T08:51:16.122+0000] {logging_mixin.py:188} INFO - [2024-04-08T08:51:16.122+0000] {dagbag.py:540} INFO - Filling up the DagBag from /home/airflow/.local/lib/python3.8/site-packages/airflow/example_dags/example_task_group.py
[2024-04-08T08:51:16.133+0000] {processor.py:840} INFO - DAG(s) 'example_task_group' retrieved from /home/airflow/.local/lib/python3.8/site-packages/airflow/example_dags/example_task_group.py
[2024-04-08T08:51:16.170+0000] {logging_mixin.py:188} INFO - [2024-04-08T08:51:16.170+0000] {dag.py:3047} INFO - Sync 1 DAGs
[2024-04-08T08:51:16.203+0000] {logging_mixin.py:188} INFO - [2024-04-08T08:51:16.203+0000] {dag.py:3834} INFO - Setting next_dagrun for example_task_group to 2024-04-07 00:00:00+00:00, run_after=2024-04-08 00:00:00+00:00
[2024-04-08T08:51:16.252+0000] {processor.py:183} INFO - Processing /home/airflow/.local/lib/python3.8/site-packages/airflow/example_dags/example_task_group.py took 0.135 seconds
[2024-04-08T08:51:46.539+0000] {processor.py:161} INFO - Started process (PID=12667) to work on /home/airflow/.local/lib/python3.8/site-packages/airflow/example_dags/example_task_group.py
[2024-04-08T08:51:46.540+0000] {processor.py:830} INFO - Processing file /home/airflow/.local/lib/python3.8/site-packages/airflow/example_dags/example_task_group.py for tasks to queue
[2024-04-08T08:51:46.542+0000] {logging_mixin.py:188} INFO - [2024-04-08T08:51:46.541+0000] {dagbag.py:540} INFO - Filling up the DagBag from /home/airflow/.local/lib/python3.8/site-packages/airflow/example_dags/example_task_group.py
[2024-04-08T08:51:46.552+0000] {processor.py:840} INFO - DAG(s) 'example_task_group' retrieved from /home/airflow/.local/lib/python3.8/site-packages/airflow/example_dags/example_task_group.py
[2024-04-08T08:51:46.578+0000] {logging_mixin.py:188} INFO - [2024-04-08T08:51:46.577+0000] {dag.py:3047} INFO - Sync 1 DAGs
[2024-04-08T08:51:46.596+0000] {logging_mixin.py:188} INFO - [2024-04-08T08:51:46.596+0000] {dag.py:3834} INFO - Setting next_dagrun for example_task_group to 2024-04-07 00:00:00+00:00, run_after=2024-04-08 00:00:00+00:00
[2024-04-08T08:51:46.616+0000] {processor.py:183} INFO - Processing /home/airflow/.local/lib/python3.8/site-packages/airflow/example_dags/example_task_group.py took 0.081 seconds
[2024-04-08T08:52:17.185+0000] {processor.py:161} INFO - Started process (PID=12926) to work on /home/airflow/.local/lib/python3.8/site-packages/airflow/example_dags/example_task_group.py
[2024-04-08T08:52:17.187+0000] {processor.py:830} INFO - Processing file /home/airflow/.local/lib/python3.8/site-packages/airflow/example_dags/example_task_group.py for tasks to queue
[2024-04-08T08:52:17.188+0000] {logging_mixin.py:188} INFO - [2024-04-08T08:52:17.187+0000] {dagbag.py:540} INFO - Filling up the DagBag from /home/airflow/.local/lib/python3.8/site-packages/airflow/example_dags/example_task_group.py
[2024-04-08T08:52:17.198+0000] {processor.py:840} INFO - DAG(s) 'example_task_group' retrieved from /home/airflow/.local/lib/python3.8/site-packages/airflow/example_dags/example_task_group.py
[2024-04-08T08:52:17.227+0000] {logging_mixin.py:188} INFO - [2024-04-08T08:52:17.226+0000] {dag.py:3047} INFO - Sync 1 DAGs
[2024-04-08T08:52:17.256+0000] {logging_mixin.py:188} INFO - [2024-04-08T08:52:17.255+0000] {dag.py:3834} INFO - Setting next_dagrun for example_task_group to 2024-04-07 00:00:00+00:00, run_after=2024-04-08 00:00:00+00:00
[2024-04-08T08:52:17.283+0000] {processor.py:183} INFO - Processing /home/airflow/.local/lib/python3.8/site-packages/airflow/example_dags/example_task_group.py took 0.102 seconds
[2024-04-08T08:52:47.640+0000] {processor.py:161} INFO - Started process (PID=13181) to work on /home/airflow/.local/lib/python3.8/site-packages/airflow/example_dags/example_task_group.py
[2024-04-08T08:52:47.642+0000] {processor.py:830} INFO - Processing file /home/airflow/.local/lib/python3.8/site-packages/airflow/example_dags/example_task_group.py for tasks to queue
[2024-04-08T08:52:47.643+0000] {logging_mixin.py:188} INFO - [2024-04-08T08:52:47.642+0000] {dagbag.py:540} INFO - Filling up the DagBag from /home/airflow/.local/lib/python3.8/site-packages/airflow/example_dags/example_task_group.py
[2024-04-08T08:52:47.653+0000] {processor.py:840} INFO - DAG(s) 'example_task_group' retrieved from /home/airflow/.local/lib/python3.8/site-packages/airflow/example_dags/example_task_group.py
[2024-04-08T08:52:47.684+0000] {logging_mixin.py:188} INFO - [2024-04-08T08:52:47.684+0000] {dag.py:3047} INFO - Sync 1 DAGs
[2024-04-08T08:52:47.723+0000] {logging_mixin.py:188} INFO - [2024-04-08T08:52:47.723+0000] {dag.py:3834} INFO - Setting next_dagrun for example_task_group to 2024-04-07 00:00:00+00:00, run_after=2024-04-08 00:00:00+00:00
[2024-04-08T08:52:47.774+0000] {processor.py:183} INFO - Processing /home/airflow/.local/lib/python3.8/site-packages/airflow/example_dags/example_task_group.py took 0.138 seconds
[2024-04-08T08:53:18.126+0000] {processor.py:161} INFO - Started process (PID=13440) to work on /home/airflow/.local/lib/python3.8/site-packages/airflow/example_dags/example_task_group.py
[2024-04-08T08:53:18.127+0000] {processor.py:830} INFO - Processing file /home/airflow/.local/lib/python3.8/site-packages/airflow/example_dags/example_task_group.py for tasks to queue
[2024-04-08T08:53:18.128+0000] {logging_mixin.py:188} INFO - [2024-04-08T08:53:18.128+0000] {dagbag.py:540} INFO - Filling up the DagBag from /home/airflow/.local/lib/python3.8/site-packages/airflow/example_dags/example_task_group.py
[2024-04-08T08:53:18.134+0000] {processor.py:840} INFO - DAG(s) 'example_task_group' retrieved from /home/airflow/.local/lib/python3.8/site-packages/airflow/example_dags/example_task_group.py
[2024-04-08T08:53:18.152+0000] {logging_mixin.py:188} INFO - [2024-04-08T08:53:18.151+0000] {dag.py:3047} INFO - Sync 1 DAGs
[2024-04-08T08:53:18.170+0000] {logging_mixin.py:188} INFO - [2024-04-08T08:53:18.169+0000] {dag.py:3834} INFO - Setting next_dagrun for example_task_group to 2024-04-07 00:00:00+00:00, run_after=2024-04-08 00:00:00+00:00
[2024-04-08T08:53:18.188+0000] {processor.py:183} INFO - Processing /home/airflow/.local/lib/python3.8/site-packages/airflow/example_dags/example_task_group.py took 0.064 seconds
[2024-04-08T08:53:48.771+0000] {processor.py:161} INFO - Started process (PID=13695) to work on /home/airflow/.local/lib/python3.8/site-packages/airflow/example_dags/example_task_group.py
[2024-04-08T08:53:48.772+0000] {processor.py:830} INFO - Processing file /home/airflow/.local/lib/python3.8/site-packages/airflow/example_dags/example_task_group.py for tasks to queue
[2024-04-08T08:53:48.772+0000] {logging_mixin.py:188} INFO - [2024-04-08T08:53:48.772+0000] {dagbag.py:540} INFO - Filling up the DagBag from /home/airflow/.local/lib/python3.8/site-packages/airflow/example_dags/example_task_group.py
[2024-04-08T08:53:48.780+0000] {processor.py:840} INFO - DAG(s) 'example_task_group' retrieved from /home/airflow/.local/lib/python3.8/site-packages/airflow/example_dags/example_task_group.py
[2024-04-08T08:53:48.805+0000] {logging_mixin.py:188} INFO - [2024-04-08T08:53:48.805+0000] {dag.py:3047} INFO - Sync 1 DAGs
[2024-04-08T08:53:48.830+0000] {logging_mixin.py:188} INFO - [2024-04-08T08:53:48.830+0000] {dag.py:3834} INFO - Setting next_dagrun for example_task_group to 2024-04-07 00:00:00+00:00, run_after=2024-04-08 00:00:00+00:00
[2024-04-08T08:53:48.854+0000] {processor.py:183} INFO - Processing /home/airflow/.local/lib/python3.8/site-packages/airflow/example_dags/example_task_group.py took 0.087 seconds
[2024-04-08T08:54:19.115+0000] {processor.py:161} INFO - Started process (PID=13953) to work on /home/airflow/.local/lib/python3.8/site-packages/airflow/example_dags/example_task_group.py
[2024-04-08T08:54:19.116+0000] {processor.py:830} INFO - Processing file /home/airflow/.local/lib/python3.8/site-packages/airflow/example_dags/example_task_group.py for tasks to queue
[2024-04-08T08:54:19.117+0000] {logging_mixin.py:188} INFO - [2024-04-08T08:54:19.117+0000] {dagbag.py:540} INFO - Filling up the DagBag from /home/airflow/.local/lib/python3.8/site-packages/airflow/example_dags/example_task_group.py
[2024-04-08T08:54:19.127+0000] {processor.py:840} INFO - DAG(s) 'example_task_group' retrieved from /home/airflow/.local/lib/python3.8/site-packages/airflow/example_dags/example_task_group.py
[2024-04-08T08:54:19.156+0000] {logging_mixin.py:188} INFO - [2024-04-08T08:54:19.156+0000] {dag.py:3047} INFO - Sync 1 DAGs
[2024-04-08T08:54:19.181+0000] {logging_mixin.py:188} INFO - [2024-04-08T08:54:19.181+0000] {dag.py:3834} INFO - Setting next_dagrun for example_task_group to 2024-04-07 00:00:00+00:00, run_after=2024-04-08 00:00:00+00:00
[2024-04-08T08:54:19.205+0000] {processor.py:183} INFO - Processing /home/airflow/.local/lib/python3.8/site-packages/airflow/example_dags/example_task_group.py took 0.094 seconds
[2024-04-08T08:54:49.530+0000] {processor.py:161} INFO - Started process (PID=14211) to work on /home/airflow/.local/lib/python3.8/site-packages/airflow/example_dags/example_task_group.py
[2024-04-08T08:54:49.531+0000] {processor.py:830} INFO - Processing file /home/airflow/.local/lib/python3.8/site-packages/airflow/example_dags/example_task_group.py for tasks to queue
[2024-04-08T08:54:49.532+0000] {logging_mixin.py:188} INFO - [2024-04-08T08:54:49.532+0000] {dagbag.py:540} INFO - Filling up the DagBag from /home/airflow/.local/lib/python3.8/site-packages/airflow/example_dags/example_task_group.py
[2024-04-08T08:54:49.542+0000] {processor.py:840} INFO - DAG(s) 'example_task_group' retrieved from /home/airflow/.local/lib/python3.8/site-packages/airflow/example_dags/example_task_group.py
[2024-04-08T08:54:49.569+0000] {logging_mixin.py:188} INFO - [2024-04-08T08:54:49.569+0000] {dag.py:3047} INFO - Sync 1 DAGs
[2024-04-08T08:54:49.595+0000] {logging_mixin.py:188} INFO - [2024-04-08T08:54:49.594+0000] {dag.py:3834} INFO - Setting next_dagrun for example_task_group to 2024-04-07 00:00:00+00:00, run_after=2024-04-08 00:00:00+00:00
[2024-04-08T08:54:49.618+0000] {processor.py:183} INFO - Processing /home/airflow/.local/lib/python3.8/site-packages/airflow/example_dags/example_task_group.py took 0.093 seconds
[2024-04-08T08:55:19.795+0000] {processor.py:161} INFO - Started process (PID=14469) to work on /home/airflow/.local/lib/python3.8/site-packages/airflow/example_dags/example_task_group.py
[2024-04-08T08:55:19.797+0000] {processor.py:830} INFO - Processing file /home/airflow/.local/lib/python3.8/site-packages/airflow/example_dags/example_task_group.py for tasks to queue
[2024-04-08T08:55:19.798+0000] {logging_mixin.py:188} INFO - [2024-04-08T08:55:19.798+0000] {dagbag.py:540} INFO - Filling up the DagBag from /home/airflow/.local/lib/python3.8/site-packages/airflow/example_dags/example_task_group.py
[2024-04-08T08:55:19.807+0000] {processor.py:840} INFO - DAG(s) 'example_task_group' retrieved from /home/airflow/.local/lib/python3.8/site-packages/airflow/example_dags/example_task_group.py
[2024-04-08T08:55:19.835+0000] {logging_mixin.py:188} INFO - [2024-04-08T08:55:19.835+0000] {dag.py:3047} INFO - Sync 1 DAGs
[2024-04-08T08:55:19.864+0000] {logging_mixin.py:188} INFO - [2024-04-08T08:55:19.864+0000] {dag.py:3834} INFO - Setting next_dagrun for example_task_group to 2024-04-07 00:00:00+00:00, run_after=2024-04-08 00:00:00+00:00
[2024-04-08T08:55:19.888+0000] {processor.py:183} INFO - Processing /home/airflow/.local/lib/python3.8/site-packages/airflow/example_dags/example_task_group.py took 0.097 seconds
[2024-04-08T08:55:50.148+0000] {processor.py:161} INFO - Started process (PID=14727) to work on /home/airflow/.local/lib/python3.8/site-packages/airflow/example_dags/example_task_group.py
[2024-04-08T08:55:50.149+0000] {processor.py:830} INFO - Processing file /home/airflow/.local/lib/python3.8/site-packages/airflow/example_dags/example_task_group.py for tasks to queue
[2024-04-08T08:55:50.150+0000] {logging_mixin.py:188} INFO - [2024-04-08T08:55:50.150+0000] {dagbag.py:540} INFO - Filling up the DagBag from /home/airflow/.local/lib/python3.8/site-packages/airflow/example_dags/example_task_group.py
[2024-04-08T08:55:50.158+0000] {processor.py:840} INFO - DAG(s) 'example_task_group' retrieved from /home/airflow/.local/lib/python3.8/site-packages/airflow/example_dags/example_task_group.py
[2024-04-08T08:55:50.182+0000] {logging_mixin.py:188} INFO - [2024-04-08T08:55:50.182+0000] {dag.py:3047} INFO - Sync 1 DAGs
[2024-04-08T08:55:50.207+0000] {logging_mixin.py:188} INFO - [2024-04-08T08:55:50.207+0000] {dag.py:3834} INFO - Setting next_dagrun for example_task_group to 2024-04-07 00:00:00+00:00, run_after=2024-04-08 00:00:00+00:00
[2024-04-08T08:55:50.233+0000] {processor.py:183} INFO - Processing /home/airflow/.local/lib/python3.8/site-packages/airflow/example_dags/example_task_group.py took 0.088 seconds
[2024-04-08T08:56:20.410+0000] {processor.py:161} INFO - Started process (PID=14987) to work on /home/airflow/.local/lib/python3.8/site-packages/airflow/example_dags/example_task_group.py
[2024-04-08T08:56:20.411+0000] {processor.py:830} INFO - Processing file /home/airflow/.local/lib/python3.8/site-packages/airflow/example_dags/example_task_group.py for tasks to queue
[2024-04-08T08:56:20.412+0000] {logging_mixin.py:188} INFO - [2024-04-08T08:56:20.411+0000] {dagbag.py:540} INFO - Filling up the DagBag from /home/airflow/.local/lib/python3.8/site-packages/airflow/example_dags/example_task_group.py
[2024-04-08T08:56:20.420+0000] {processor.py:840} INFO - DAG(s) 'example_task_group' retrieved from /home/airflow/.local/lib/python3.8/site-packages/airflow/example_dags/example_task_group.py
[2024-04-08T08:56:20.444+0000] {logging_mixin.py:188} INFO - [2024-04-08T08:56:20.444+0000] {dag.py:3047} INFO - Sync 1 DAGs
[2024-04-08T08:56:20.470+0000] {logging_mixin.py:188} INFO - [2024-04-08T08:56:20.470+0000] {dag.py:3834} INFO - Setting next_dagrun for example_task_group to 2024-04-07 00:00:00+00:00, run_after=2024-04-08 00:00:00+00:00
[2024-04-08T08:56:20.493+0000] {processor.py:183} INFO - Processing /home/airflow/.local/lib/python3.8/site-packages/airflow/example_dags/example_task_group.py took 0.087 seconds
[2024-04-08T08:56:50.905+0000] {processor.py:161} INFO - Started process (PID=15242) to work on /home/airflow/.local/lib/python3.8/site-packages/airflow/example_dags/example_task_group.py
[2024-04-08T08:56:50.907+0000] {processor.py:830} INFO - Processing file /home/airflow/.local/lib/python3.8/site-packages/airflow/example_dags/example_task_group.py for tasks to queue
[2024-04-08T08:56:50.908+0000] {logging_mixin.py:188} INFO - [2024-04-08T08:56:50.907+0000] {dagbag.py:540} INFO - Filling up the DagBag from /home/airflow/.local/lib/python3.8/site-packages/airflow/example_dags/example_task_group.py
[2024-04-08T08:56:50.917+0000] {processor.py:840} INFO - DAG(s) 'example_task_group' retrieved from /home/airflow/.local/lib/python3.8/site-packages/airflow/example_dags/example_task_group.py
[2024-04-08T08:56:50.943+0000] {logging_mixin.py:188} INFO - [2024-04-08T08:56:50.942+0000] {dag.py:3047} INFO - Sync 1 DAGs
[2024-04-08T08:56:50.967+0000] {logging_mixin.py:188} INFO - [2024-04-08T08:56:50.966+0000] {dag.py:3834} INFO - Setting next_dagrun for example_task_group to 2024-04-07 00:00:00+00:00, run_after=2024-04-08 00:00:00+00:00
[2024-04-08T08:56:50.989+0000] {processor.py:183} INFO - Processing /home/airflow/.local/lib/python3.8/site-packages/airflow/example_dags/example_task_group.py took 0.088 seconds
