[2024-04-08T08:27:23.507+0000] {processor.py:161} INFO - Started process (PID=385) to work on /home/airflow/.local/lib/python3.8/site-packages/airflow/example_dags/example_branch_operator_decorator.py
[2024-04-08T08:27:23.508+0000] {processor.py:830} INFO - Processing file /home/airflow/.local/lib/python3.8/site-packages/airflow/example_dags/example_branch_operator_decorator.py for tasks to queue
[2024-04-08T08:27:23.510+0000] {logging_mixin.py:188} INFO - [2024-04-08T08:27:23.509+0000] {dagbag.py:540} INFO - Filling up the DagBag from /home/airflow/.local/lib/python3.8/site-packages/airflow/example_dags/example_branch_operator_decorator.py
[2024-04-08T08:27:23.547+0000] {processor.py:840} INFO - DAG(s) 'example_branch_python_operator_decorator' retrieved from /home/airflow/.local/lib/python3.8/site-packages/airflow/example_dags/example_branch_operator_decorator.py
[2024-04-08T08:27:23.719+0000] {logging_mixin.py:188} INFO - [2024-04-08T08:27:23.719+0000] {dag.py:3047} INFO - Sync 1 DAGs
[2024-04-08T08:27:23.747+0000] {logging_mixin.py:188} INFO - [2024-04-08T08:27:23.747+0000] {dag.py:3834} INFO - Setting next_dagrun for example_branch_python_operator_decorator to 2024-04-07 00:00:00+00:00, run_after=2024-04-08 00:00:00+00:00
[2024-04-08T08:27:23.788+0000] {processor.py:183} INFO - Processing /home/airflow/.local/lib/python3.8/site-packages/airflow/example_dags/example_branch_operator_decorator.py took 0.286 seconds
[2024-04-08T08:27:54.682+0000] {processor.py:161} INFO - Started process (PID=642) to work on /home/airflow/.local/lib/python3.8/site-packages/airflow/example_dags/example_branch_operator_decorator.py
[2024-04-08T08:27:54.682+0000] {processor.py:830} INFO - Processing file /home/airflow/.local/lib/python3.8/site-packages/airflow/example_dags/example_branch_operator_decorator.py for tasks to queue
[2024-04-08T08:27:54.683+0000] {logging_mixin.py:188} INFO - [2024-04-08T08:27:54.683+0000] {dagbag.py:540} INFO - Filling up the DagBag from /home/airflow/.local/lib/python3.8/site-packages/airflow/example_dags/example_branch_operator_decorator.py
[2024-04-08T08:27:54.709+0000] {processor.py:840} INFO - DAG(s) 'example_branch_python_operator_decorator' retrieved from /home/airflow/.local/lib/python3.8/site-packages/airflow/example_dags/example_branch_operator_decorator.py
[2024-04-08T08:27:54.743+0000] {logging_mixin.py:188} INFO - [2024-04-08T08:27:54.743+0000] {dag.py:3047} INFO - Sync 1 DAGs
[2024-04-08T08:27:54.771+0000] {logging_mixin.py:188} INFO - [2024-04-08T08:27:54.771+0000] {dag.py:3834} INFO - Setting next_dagrun for example_branch_python_operator_decorator to 2024-04-07 00:00:00+00:00, run_after=2024-04-08 00:00:00+00:00
[2024-04-08T08:27:54.794+0000] {processor.py:183} INFO - Processing /home/airflow/.local/lib/python3.8/site-packages/airflow/example_dags/example_branch_operator_decorator.py took 0.116 seconds
[2024-04-08T08:28:25.272+0000] {processor.py:161} INFO - Started process (PID=900) to work on /home/airflow/.local/lib/python3.8/site-packages/airflow/example_dags/example_branch_operator_decorator.py
[2024-04-08T08:28:25.273+0000] {processor.py:830} INFO - Processing file /home/airflow/.local/lib/python3.8/site-packages/airflow/example_dags/example_branch_operator_decorator.py for tasks to queue
[2024-04-08T08:28:25.275+0000] {logging_mixin.py:188} INFO - [2024-04-08T08:28:25.274+0000] {dagbag.py:540} INFO - Filling up the DagBag from /home/airflow/.local/lib/python3.8/site-packages/airflow/example_dags/example_branch_operator_decorator.py
[2024-04-08T08:28:25.301+0000] {processor.py:840} INFO - DAG(s) 'example_branch_python_operator_decorator' retrieved from /home/airflow/.local/lib/python3.8/site-packages/airflow/example_dags/example_branch_operator_decorator.py
[2024-04-08T08:28:25.335+0000] {logging_mixin.py:188} INFO - [2024-04-08T08:28:25.334+0000] {dag.py:3047} INFO - Sync 1 DAGs
[2024-04-08T08:28:25.364+0000] {logging_mixin.py:188} INFO - [2024-04-08T08:28:25.363+0000] {dag.py:3834} INFO - Setting next_dagrun for example_branch_python_operator_decorator to 2024-04-07 00:00:00+00:00, run_after=2024-04-08 00:00:00+00:00
[2024-04-08T08:28:25.387+0000] {processor.py:183} INFO - Processing /home/airflow/.local/lib/python3.8/site-packages/airflow/example_dags/example_branch_operator_decorator.py took 0.119 seconds
[2024-04-08T08:28:55.836+0000] {processor.py:161} INFO - Started process (PID=1158) to work on /home/airflow/.local/lib/python3.8/site-packages/airflow/example_dags/example_branch_operator_decorator.py
[2024-04-08T08:28:55.837+0000] {processor.py:830} INFO - Processing file /home/airflow/.local/lib/python3.8/site-packages/airflow/example_dags/example_branch_operator_decorator.py for tasks to queue
[2024-04-08T08:28:55.838+0000] {logging_mixin.py:188} INFO - [2024-04-08T08:28:55.838+0000] {dagbag.py:540} INFO - Filling up the DagBag from /home/airflow/.local/lib/python3.8/site-packages/airflow/example_dags/example_branch_operator_decorator.py
[2024-04-08T08:28:55.866+0000] {processor.py:840} INFO - DAG(s) 'example_branch_python_operator_decorator' retrieved from /home/airflow/.local/lib/python3.8/site-packages/airflow/example_dags/example_branch_operator_decorator.py
[2024-04-08T08:28:55.902+0000] {logging_mixin.py:188} INFO - [2024-04-08T08:28:55.902+0000] {dag.py:3047} INFO - Sync 1 DAGs
[2024-04-08T08:28:55.936+0000] {logging_mixin.py:188} INFO - [2024-04-08T08:28:55.936+0000] {dag.py:3834} INFO - Setting next_dagrun for example_branch_python_operator_decorator to 2024-04-07 00:00:00+00:00, run_after=2024-04-08 00:00:00+00:00
[2024-04-08T08:28:55.962+0000] {processor.py:183} INFO - Processing /home/airflow/.local/lib/python3.8/site-packages/airflow/example_dags/example_branch_operator_decorator.py took 0.130 seconds
[2024-04-08T08:29:26.305+0000] {processor.py:161} INFO - Started process (PID=1416) to work on /home/airflow/.local/lib/python3.8/site-packages/airflow/example_dags/example_branch_operator_decorator.py
[2024-04-08T08:29:26.306+0000] {processor.py:830} INFO - Processing file /home/airflow/.local/lib/python3.8/site-packages/airflow/example_dags/example_branch_operator_decorator.py for tasks to queue
[2024-04-08T08:29:26.307+0000] {logging_mixin.py:188} INFO - [2024-04-08T08:29:26.306+0000] {dagbag.py:540} INFO - Filling up the DagBag from /home/airflow/.local/lib/python3.8/site-packages/airflow/example_dags/example_branch_operator_decorator.py
[2024-04-08T08:29:26.335+0000] {processor.py:840} INFO - DAG(s) 'example_branch_python_operator_decorator' retrieved from /home/airflow/.local/lib/python3.8/site-packages/airflow/example_dags/example_branch_operator_decorator.py
[2024-04-08T08:29:26.371+0000] {logging_mixin.py:188} INFO - [2024-04-08T08:29:26.370+0000] {dag.py:3047} INFO - Sync 1 DAGs
[2024-04-08T08:29:26.398+0000] {logging_mixin.py:188} INFO - [2024-04-08T08:29:26.398+0000] {dag.py:3834} INFO - Setting next_dagrun for example_branch_python_operator_decorator to 2024-04-07 00:00:00+00:00, run_after=2024-04-08 00:00:00+00:00
[2024-04-08T08:29:26.426+0000] {processor.py:183} INFO - Processing /home/airflow/.local/lib/python3.8/site-packages/airflow/example_dags/example_branch_operator_decorator.py took 0.126 seconds
[2024-04-08T08:29:56.785+0000] {processor.py:161} INFO - Started process (PID=1673) to work on /home/airflow/.local/lib/python3.8/site-packages/airflow/example_dags/example_branch_operator_decorator.py
[2024-04-08T08:29:56.787+0000] {processor.py:830} INFO - Processing file /home/airflow/.local/lib/python3.8/site-packages/airflow/example_dags/example_branch_operator_decorator.py for tasks to queue
[2024-04-08T08:29:56.788+0000] {logging_mixin.py:188} INFO - [2024-04-08T08:29:56.788+0000] {dagbag.py:540} INFO - Filling up the DagBag from /home/airflow/.local/lib/python3.8/site-packages/airflow/example_dags/example_branch_operator_decorator.py
[2024-04-08T08:29:56.836+0000] {processor.py:840} INFO - DAG(s) 'example_branch_python_operator_decorator' retrieved from /home/airflow/.local/lib/python3.8/site-packages/airflow/example_dags/example_branch_operator_decorator.py
[2024-04-08T08:29:56.876+0000] {logging_mixin.py:188} INFO - [2024-04-08T08:29:56.876+0000] {dag.py:3047} INFO - Sync 1 DAGs
[2024-04-08T08:29:56.946+0000] {logging_mixin.py:188} INFO - [2024-04-08T08:29:56.945+0000] {dag.py:3834} INFO - Setting next_dagrun for example_branch_python_operator_decorator to 2024-04-07 00:00:00+00:00, run_after=2024-04-08 00:00:00+00:00
[2024-04-08T08:29:56.973+0000] {processor.py:183} INFO - Processing /home/airflow/.local/lib/python3.8/site-packages/airflow/example_dags/example_branch_operator_decorator.py took 0.192 seconds
[2024-04-08T08:30:27.753+0000] {processor.py:161} INFO - Started process (PID=1931) to work on /home/airflow/.local/lib/python3.8/site-packages/airflow/example_dags/example_branch_operator_decorator.py
[2024-04-08T08:30:27.754+0000] {processor.py:830} INFO - Processing file /home/airflow/.local/lib/python3.8/site-packages/airflow/example_dags/example_branch_operator_decorator.py for tasks to queue
[2024-04-08T08:30:27.755+0000] {logging_mixin.py:188} INFO - [2024-04-08T08:30:27.755+0000] {dagbag.py:540} INFO - Filling up the DagBag from /home/airflow/.local/lib/python3.8/site-packages/airflow/example_dags/example_branch_operator_decorator.py
[2024-04-08T08:30:27.780+0000] {processor.py:840} INFO - DAG(s) 'example_branch_python_operator_decorator' retrieved from /home/airflow/.local/lib/python3.8/site-packages/airflow/example_dags/example_branch_operator_decorator.py
[2024-04-08T08:30:27.814+0000] {logging_mixin.py:188} INFO - [2024-04-08T08:30:27.813+0000] {dag.py:3047} INFO - Sync 1 DAGs
[2024-04-08T08:30:27.843+0000] {logging_mixin.py:188} INFO - [2024-04-08T08:30:27.843+0000] {dag.py:3834} INFO - Setting next_dagrun for example_branch_python_operator_decorator to 2024-04-07 00:00:00+00:00, run_after=2024-04-08 00:00:00+00:00
[2024-04-08T08:30:27.867+0000] {processor.py:183} INFO - Processing /home/airflow/.local/lib/python3.8/site-packages/airflow/example_dags/example_branch_operator_decorator.py took 0.119 seconds
[2024-04-08T08:30:58.354+0000] {processor.py:161} INFO - Started process (PID=2188) to work on /home/airflow/.local/lib/python3.8/site-packages/airflow/example_dags/example_branch_operator_decorator.py
[2024-04-08T08:30:58.355+0000] {processor.py:830} INFO - Processing file /home/airflow/.local/lib/python3.8/site-packages/airflow/example_dags/example_branch_operator_decorator.py for tasks to queue
[2024-04-08T08:30:58.355+0000] {logging_mixin.py:188} INFO - [2024-04-08T08:30:58.355+0000] {dagbag.py:540} INFO - Filling up the DagBag from /home/airflow/.local/lib/python3.8/site-packages/airflow/example_dags/example_branch_operator_decorator.py
[2024-04-08T08:30:58.382+0000] {processor.py:840} INFO - DAG(s) 'example_branch_python_operator_decorator' retrieved from /home/airflow/.local/lib/python3.8/site-packages/airflow/example_dags/example_branch_operator_decorator.py
[2024-04-08T08:30:58.416+0000] {logging_mixin.py:188} INFO - [2024-04-08T08:30:58.416+0000] {dag.py:3047} INFO - Sync 1 DAGs
[2024-04-08T08:30:58.443+0000] {logging_mixin.py:188} INFO - [2024-04-08T08:30:58.443+0000] {dag.py:3834} INFO - Setting next_dagrun for example_branch_python_operator_decorator to 2024-04-07 00:00:00+00:00, run_after=2024-04-08 00:00:00+00:00
[2024-04-08T08:30:58.468+0000] {processor.py:183} INFO - Processing /home/airflow/.local/lib/python3.8/site-packages/airflow/example_dags/example_branch_operator_decorator.py took 0.119 seconds
[2024-04-08T08:31:28.934+0000] {processor.py:161} INFO - Started process (PID=2445) to work on /home/airflow/.local/lib/python3.8/site-packages/airflow/example_dags/example_branch_operator_decorator.py
[2024-04-08T08:31:28.935+0000] {processor.py:830} INFO - Processing file /home/airflow/.local/lib/python3.8/site-packages/airflow/example_dags/example_branch_operator_decorator.py for tasks to queue
[2024-04-08T08:31:28.936+0000] {logging_mixin.py:188} INFO - [2024-04-08T08:31:28.935+0000] {dagbag.py:540} INFO - Filling up the DagBag from /home/airflow/.local/lib/python3.8/site-packages/airflow/example_dags/example_branch_operator_decorator.py
[2024-04-08T08:31:28.961+0000] {processor.py:840} INFO - DAG(s) 'example_branch_python_operator_decorator' retrieved from /home/airflow/.local/lib/python3.8/site-packages/airflow/example_dags/example_branch_operator_decorator.py
[2024-04-08T08:31:28.996+0000] {logging_mixin.py:188} INFO - [2024-04-08T08:31:28.996+0000] {dag.py:3047} INFO - Sync 1 DAGs
[2024-04-08T08:31:29.022+0000] {logging_mixin.py:188} INFO - [2024-04-08T08:31:29.021+0000] {dag.py:3834} INFO - Setting next_dagrun for example_branch_python_operator_decorator to 2024-04-07 00:00:00+00:00, run_after=2024-04-08 00:00:00+00:00
[2024-04-08T08:31:29.045+0000] {processor.py:183} INFO - Processing /home/airflow/.local/lib/python3.8/site-packages/airflow/example_dags/example_branch_operator_decorator.py took 0.115 seconds
[2024-04-08T08:31:59.487+0000] {processor.py:161} INFO - Started process (PID=2702) to work on /home/airflow/.local/lib/python3.8/site-packages/airflow/example_dags/example_branch_operator_decorator.py
[2024-04-08T08:31:59.489+0000] {processor.py:830} INFO - Processing file /home/airflow/.local/lib/python3.8/site-packages/airflow/example_dags/example_branch_operator_decorator.py for tasks to queue
[2024-04-08T08:31:59.490+0000] {logging_mixin.py:188} INFO - [2024-04-08T08:31:59.490+0000] {dagbag.py:540} INFO - Filling up the DagBag from /home/airflow/.local/lib/python3.8/site-packages/airflow/example_dags/example_branch_operator_decorator.py
[2024-04-08T08:31:59.517+0000] {processor.py:840} INFO - DAG(s) 'example_branch_python_operator_decorator' retrieved from /home/airflow/.local/lib/python3.8/site-packages/airflow/example_dags/example_branch_operator_decorator.py
[2024-04-08T08:31:59.548+0000] {logging_mixin.py:188} INFO - [2024-04-08T08:31:59.548+0000] {dag.py:3047} INFO - Sync 1 DAGs
[2024-04-08T08:31:59.575+0000] {logging_mixin.py:188} INFO - [2024-04-08T08:31:59.574+0000] {dag.py:3834} INFO - Setting next_dagrun for example_branch_python_operator_decorator to 2024-04-07 00:00:00+00:00, run_after=2024-04-08 00:00:00+00:00
[2024-04-08T08:31:59.601+0000] {processor.py:183} INFO - Processing /home/airflow/.local/lib/python3.8/site-packages/airflow/example_dags/example_branch_operator_decorator.py took 0.118 seconds
[2024-04-08T08:32:30.753+0000] {processor.py:161} INFO - Started process (PID=2959) to work on /home/airflow/.local/lib/python3.8/site-packages/airflow/example_dags/example_branch_operator_decorator.py
[2024-04-08T08:32:30.754+0000] {processor.py:830} INFO - Processing file /home/airflow/.local/lib/python3.8/site-packages/airflow/example_dags/example_branch_operator_decorator.py for tasks to queue
[2024-04-08T08:32:30.755+0000] {logging_mixin.py:188} INFO - [2024-04-08T08:32:30.754+0000] {dagbag.py:540} INFO - Filling up the DagBag from /home/airflow/.local/lib/python3.8/site-packages/airflow/example_dags/example_branch_operator_decorator.py
[2024-04-08T08:32:30.781+0000] {processor.py:840} INFO - DAG(s) 'example_branch_python_operator_decorator' retrieved from /home/airflow/.local/lib/python3.8/site-packages/airflow/example_dags/example_branch_operator_decorator.py
[2024-04-08T08:32:30.812+0000] {logging_mixin.py:188} INFO - [2024-04-08T08:32:30.812+0000] {dag.py:3047} INFO - Sync 1 DAGs
[2024-04-08T08:32:30.846+0000] {logging_mixin.py:188} INFO - [2024-04-08T08:32:30.846+0000] {dag.py:3834} INFO - Setting next_dagrun for example_branch_python_operator_decorator to 2024-04-07 00:00:00+00:00, run_after=2024-04-08 00:00:00+00:00
[2024-04-08T08:32:30.870+0000] {processor.py:183} INFO - Processing /home/airflow/.local/lib/python3.8/site-packages/airflow/example_dags/example_branch_operator_decorator.py took 0.120 seconds
[2024-04-08T08:33:01.179+0000] {processor.py:161} INFO - Started process (PID=3216) to work on /home/airflow/.local/lib/python3.8/site-packages/airflow/example_dags/example_branch_operator_decorator.py
[2024-04-08T08:33:01.185+0000] {processor.py:830} INFO - Processing file /home/airflow/.local/lib/python3.8/site-packages/airflow/example_dags/example_branch_operator_decorator.py for tasks to queue
[2024-04-08T08:33:01.186+0000] {logging_mixin.py:188} INFO - [2024-04-08T08:33:01.185+0000] {dagbag.py:540} INFO - Filling up the DagBag from /home/airflow/.local/lib/python3.8/site-packages/airflow/example_dags/example_branch_operator_decorator.py
[2024-04-08T08:33:01.225+0000] {processor.py:840} INFO - DAG(s) 'example_branch_python_operator_decorator' retrieved from /home/airflow/.local/lib/python3.8/site-packages/airflow/example_dags/example_branch_operator_decorator.py
[2024-04-08T08:33:01.263+0000] {logging_mixin.py:188} INFO - [2024-04-08T08:33:01.262+0000] {dag.py:3047} INFO - Sync 1 DAGs
[2024-04-08T08:33:01.290+0000] {logging_mixin.py:188} INFO - [2024-04-08T08:33:01.290+0000] {dag.py:3834} INFO - Setting next_dagrun for example_branch_python_operator_decorator to 2024-04-07 00:00:00+00:00, run_after=2024-04-08 00:00:00+00:00
[2024-04-08T08:33:01.321+0000] {processor.py:183} INFO - Processing /home/airflow/.local/lib/python3.8/site-packages/airflow/example_dags/example_branch_operator_decorator.py took 0.147 seconds
[2024-04-08T08:33:31.659+0000] {processor.py:161} INFO - Started process (PID=3473) to work on /home/airflow/.local/lib/python3.8/site-packages/airflow/example_dags/example_branch_operator_decorator.py
[2024-04-08T08:33:31.660+0000] {processor.py:830} INFO - Processing file /home/airflow/.local/lib/python3.8/site-packages/airflow/example_dags/example_branch_operator_decorator.py for tasks to queue
[2024-04-08T08:33:31.661+0000] {logging_mixin.py:188} INFO - [2024-04-08T08:33:31.661+0000] {dagbag.py:540} INFO - Filling up the DagBag from /home/airflow/.local/lib/python3.8/site-packages/airflow/example_dags/example_branch_operator_decorator.py
[2024-04-08T08:33:31.690+0000] {processor.py:840} INFO - DAG(s) 'example_branch_python_operator_decorator' retrieved from /home/airflow/.local/lib/python3.8/site-packages/airflow/example_dags/example_branch_operator_decorator.py
[2024-04-08T08:33:31.726+0000] {logging_mixin.py:188} INFO - [2024-04-08T08:33:31.726+0000] {dag.py:3047} INFO - Sync 1 DAGs
[2024-04-08T08:33:31.753+0000] {logging_mixin.py:188} INFO - [2024-04-08T08:33:31.753+0000] {dag.py:3834} INFO - Setting next_dagrun for example_branch_python_operator_decorator to 2024-04-07 00:00:00+00:00, run_after=2024-04-08 00:00:00+00:00
[2024-04-08T08:33:31.780+0000] {processor.py:183} INFO - Processing /home/airflow/.local/lib/python3.8/site-packages/airflow/example_dags/example_branch_operator_decorator.py took 0.125 seconds
[2024-04-08T08:34:02.049+0000] {processor.py:161} INFO - Started process (PID=3730) to work on /home/airflow/.local/lib/python3.8/site-packages/airflow/example_dags/example_branch_operator_decorator.py
[2024-04-08T08:34:02.050+0000] {processor.py:830} INFO - Processing file /home/airflow/.local/lib/python3.8/site-packages/airflow/example_dags/example_branch_operator_decorator.py for tasks to queue
[2024-04-08T08:34:02.052+0000] {logging_mixin.py:188} INFO - [2024-04-08T08:34:02.051+0000] {dagbag.py:540} INFO - Filling up the DagBag from /home/airflow/.local/lib/python3.8/site-packages/airflow/example_dags/example_branch_operator_decorator.py
[2024-04-08T08:34:02.079+0000] {processor.py:840} INFO - DAG(s) 'example_branch_python_operator_decorator' retrieved from /home/airflow/.local/lib/python3.8/site-packages/airflow/example_dags/example_branch_operator_decorator.py
[2024-04-08T08:34:02.112+0000] {logging_mixin.py:188} INFO - [2024-04-08T08:34:02.111+0000] {dag.py:3047} INFO - Sync 1 DAGs
[2024-04-08T08:34:02.139+0000] {logging_mixin.py:188} INFO - [2024-04-08T08:34:02.139+0000] {dag.py:3834} INFO - Setting next_dagrun for example_branch_python_operator_decorator to 2024-04-07 00:00:00+00:00, run_after=2024-04-08 00:00:00+00:00
[2024-04-08T08:34:02.168+0000] {processor.py:183} INFO - Processing /home/airflow/.local/lib/python3.8/site-packages/airflow/example_dags/example_branch_operator_decorator.py took 0.123 seconds
[2024-04-08T08:34:32.255+0000] {processor.py:161} INFO - Started process (PID=3986) to work on /home/airflow/.local/lib/python3.8/site-packages/airflow/example_dags/example_branch_operator_decorator.py
[2024-04-08T08:34:32.256+0000] {processor.py:830} INFO - Processing file /home/airflow/.local/lib/python3.8/site-packages/airflow/example_dags/example_branch_operator_decorator.py for tasks to queue
[2024-04-08T08:34:32.257+0000] {logging_mixin.py:188} INFO - [2024-04-08T08:34:32.257+0000] {dagbag.py:540} INFO - Filling up the DagBag from /home/airflow/.local/lib/python3.8/site-packages/airflow/example_dags/example_branch_operator_decorator.py
[2024-04-08T08:34:32.287+0000] {processor.py:840} INFO - DAG(s) 'example_branch_python_operator_decorator' retrieved from /home/airflow/.local/lib/python3.8/site-packages/airflow/example_dags/example_branch_operator_decorator.py
[2024-04-08T08:34:32.321+0000] {logging_mixin.py:188} INFO - [2024-04-08T08:34:32.320+0000] {dag.py:3047} INFO - Sync 1 DAGs
[2024-04-08T08:34:32.347+0000] {logging_mixin.py:188} INFO - [2024-04-08T08:34:32.346+0000] {dag.py:3834} INFO - Setting next_dagrun for example_branch_python_operator_decorator to 2024-04-07 00:00:00+00:00, run_after=2024-04-08 00:00:00+00:00
[2024-04-08T08:34:32.371+0000] {processor.py:183} INFO - Processing /home/airflow/.local/lib/python3.8/site-packages/airflow/example_dags/example_branch_operator_decorator.py took 0.120 seconds
[2024-04-08T08:35:02.714+0000] {processor.py:161} INFO - Started process (PID=4243) to work on /home/airflow/.local/lib/python3.8/site-packages/airflow/example_dags/example_branch_operator_decorator.py
[2024-04-08T08:35:02.715+0000] {processor.py:830} INFO - Processing file /home/airflow/.local/lib/python3.8/site-packages/airflow/example_dags/example_branch_operator_decorator.py for tasks to queue
[2024-04-08T08:35:02.716+0000] {logging_mixin.py:188} INFO - [2024-04-08T08:35:02.716+0000] {dagbag.py:540} INFO - Filling up the DagBag from /home/airflow/.local/lib/python3.8/site-packages/airflow/example_dags/example_branch_operator_decorator.py
[2024-04-08T08:35:02.744+0000] {processor.py:840} INFO - DAG(s) 'example_branch_python_operator_decorator' retrieved from /home/airflow/.local/lib/python3.8/site-packages/airflow/example_dags/example_branch_operator_decorator.py
[2024-04-08T08:35:02.775+0000] {logging_mixin.py:188} INFO - [2024-04-08T08:35:02.775+0000] {dag.py:3047} INFO - Sync 1 DAGs
[2024-04-08T08:35:02.803+0000] {logging_mixin.py:188} INFO - [2024-04-08T08:35:02.803+0000] {dag.py:3834} INFO - Setting next_dagrun for example_branch_python_operator_decorator to 2024-04-07 00:00:00+00:00, run_after=2024-04-08 00:00:00+00:00
[2024-04-08T08:35:02.841+0000] {processor.py:183} INFO - Processing /home/airflow/.local/lib/python3.8/site-packages/airflow/example_dags/example_branch_operator_decorator.py took 0.131 seconds
[2024-04-08T08:35:33.445+0000] {processor.py:161} INFO - Started process (PID=4501) to work on /home/airflow/.local/lib/python3.8/site-packages/airflow/example_dags/example_branch_operator_decorator.py
[2024-04-08T08:35:33.446+0000] {processor.py:830} INFO - Processing file /home/airflow/.local/lib/python3.8/site-packages/airflow/example_dags/example_branch_operator_decorator.py for tasks to queue
[2024-04-08T08:35:33.448+0000] {logging_mixin.py:188} INFO - [2024-04-08T08:35:33.447+0000] {dagbag.py:540} INFO - Filling up the DagBag from /home/airflow/.local/lib/python3.8/site-packages/airflow/example_dags/example_branch_operator_decorator.py
[2024-04-08T08:35:33.488+0000] {processor.py:840} INFO - DAG(s) 'example_branch_python_operator_decorator' retrieved from /home/airflow/.local/lib/python3.8/site-packages/airflow/example_dags/example_branch_operator_decorator.py
[2024-04-08T08:35:33.519+0000] {logging_mixin.py:188} INFO - [2024-04-08T08:35:33.519+0000] {dag.py:3047} INFO - Sync 1 DAGs
[2024-04-08T08:35:33.548+0000] {logging_mixin.py:188} INFO - [2024-04-08T08:35:33.548+0000] {dag.py:3834} INFO - Setting next_dagrun for example_branch_python_operator_decorator to 2024-04-07 00:00:00+00:00, run_after=2024-04-08 00:00:00+00:00
[2024-04-08T08:35:33.572+0000] {processor.py:183} INFO - Processing /home/airflow/.local/lib/python3.8/site-packages/airflow/example_dags/example_branch_operator_decorator.py took 0.131 seconds
[2024-04-08T08:36:04.053+0000] {processor.py:161} INFO - Started process (PID=4763) to work on /home/airflow/.local/lib/python3.8/site-packages/airflow/example_dags/example_branch_operator_decorator.py
[2024-04-08T08:36:04.055+0000] {processor.py:830} INFO - Processing file /home/airflow/.local/lib/python3.8/site-packages/airflow/example_dags/example_branch_operator_decorator.py for tasks to queue
[2024-04-08T08:36:04.056+0000] {logging_mixin.py:188} INFO - [2024-04-08T08:36:04.055+0000] {dagbag.py:540} INFO - Filling up the DagBag from /home/airflow/.local/lib/python3.8/site-packages/airflow/example_dags/example_branch_operator_decorator.py
[2024-04-08T08:36:04.081+0000] {processor.py:840} INFO - DAG(s) 'example_branch_python_operator_decorator' retrieved from /home/airflow/.local/lib/python3.8/site-packages/airflow/example_dags/example_branch_operator_decorator.py
[2024-04-08T08:36:04.117+0000] {logging_mixin.py:188} INFO - [2024-04-08T08:36:04.117+0000] {dag.py:3047} INFO - Sync 1 DAGs
[2024-04-08T08:36:04.144+0000] {logging_mixin.py:188} INFO - [2024-04-08T08:36:04.144+0000] {dag.py:3834} INFO - Setting next_dagrun for example_branch_python_operator_decorator to 2024-04-07 00:00:00+00:00, run_after=2024-04-08 00:00:00+00:00
[2024-04-08T08:36:04.170+0000] {processor.py:183} INFO - Processing /home/airflow/.local/lib/python3.8/site-packages/airflow/example_dags/example_branch_operator_decorator.py took 0.120 seconds
[2024-04-08T08:36:34.375+0000] {processor.py:161} INFO - Started process (PID=5026) to work on /home/airflow/.local/lib/python3.8/site-packages/airflow/example_dags/example_branch_operator_decorator.py
[2024-04-08T08:36:34.376+0000] {processor.py:830} INFO - Processing file /home/airflow/.local/lib/python3.8/site-packages/airflow/example_dags/example_branch_operator_decorator.py for tasks to queue
[2024-04-08T08:36:34.377+0000] {logging_mixin.py:188} INFO - [2024-04-08T08:36:34.377+0000] {dagbag.py:540} INFO - Filling up the DagBag from /home/airflow/.local/lib/python3.8/site-packages/airflow/example_dags/example_branch_operator_decorator.py
[2024-04-08T08:36:34.404+0000] {processor.py:840} INFO - DAG(s) 'example_branch_python_operator_decorator' retrieved from /home/airflow/.local/lib/python3.8/site-packages/airflow/example_dags/example_branch_operator_decorator.py
[2024-04-08T08:36:34.438+0000] {logging_mixin.py:188} INFO - [2024-04-08T08:36:34.438+0000] {dag.py:3047} INFO - Sync 1 DAGs
[2024-04-08T08:36:34.457+0000] {logging_mixin.py:188} INFO - [2024-04-08T08:36:34.457+0000] {dag.py:3834} INFO - Setting next_dagrun for example_branch_python_operator_decorator to 2024-04-07 00:00:00+00:00, run_after=2024-04-08 00:00:00+00:00
[2024-04-08T08:36:34.476+0000] {processor.py:183} INFO - Processing /home/airflow/.local/lib/python3.8/site-packages/airflow/example_dags/example_branch_operator_decorator.py took 0.104 seconds
[2024-04-08T08:37:04.757+0000] {processor.py:161} INFO - Started process (PID=5288) to work on /home/airflow/.local/lib/python3.8/site-packages/airflow/example_dags/example_branch_operator_decorator.py
[2024-04-08T08:37:04.758+0000] {processor.py:830} INFO - Processing file /home/airflow/.local/lib/python3.8/site-packages/airflow/example_dags/example_branch_operator_decorator.py for tasks to queue
[2024-04-08T08:37:04.759+0000] {logging_mixin.py:188} INFO - [2024-04-08T08:37:04.759+0000] {dagbag.py:540} INFO - Filling up the DagBag from /home/airflow/.local/lib/python3.8/site-packages/airflow/example_dags/example_branch_operator_decorator.py
[2024-04-08T08:37:04.781+0000] {processor.py:840} INFO - DAG(s) 'example_branch_python_operator_decorator' retrieved from /home/airflow/.local/lib/python3.8/site-packages/airflow/example_dags/example_branch_operator_decorator.py
[2024-04-08T08:37:04.803+0000] {logging_mixin.py:188} INFO - [2024-04-08T08:37:04.802+0000] {dag.py:3047} INFO - Sync 1 DAGs
[2024-04-08T08:37:04.821+0000] {logging_mixin.py:188} INFO - [2024-04-08T08:37:04.821+0000] {dag.py:3834} INFO - Setting next_dagrun for example_branch_python_operator_decorator to 2024-04-07 00:00:00+00:00, run_after=2024-04-08 00:00:00+00:00
[2024-04-08T08:37:04.841+0000] {processor.py:183} INFO - Processing /home/airflow/.local/lib/python3.8/site-packages/airflow/example_dags/example_branch_operator_decorator.py took 0.088 seconds
[2024-04-08T08:37:35.359+0000] {processor.py:161} INFO - Started process (PID=5546) to work on /home/airflow/.local/lib/python3.8/site-packages/airflow/example_dags/example_branch_operator_decorator.py
[2024-04-08T08:37:35.360+0000] {processor.py:830} INFO - Processing file /home/airflow/.local/lib/python3.8/site-packages/airflow/example_dags/example_branch_operator_decorator.py for tasks to queue
[2024-04-08T08:37:35.361+0000] {logging_mixin.py:188} INFO - [2024-04-08T08:37:35.360+0000] {dagbag.py:540} INFO - Filling up the DagBag from /home/airflow/.local/lib/python3.8/site-packages/airflow/example_dags/example_branch_operator_decorator.py
[2024-04-08T08:37:35.378+0000] {processor.py:840} INFO - DAG(s) 'example_branch_python_operator_decorator' retrieved from /home/airflow/.local/lib/python3.8/site-packages/airflow/example_dags/example_branch_operator_decorator.py
[2024-04-08T08:37:35.402+0000] {logging_mixin.py:188} INFO - [2024-04-08T08:37:35.402+0000] {dag.py:3047} INFO - Sync 1 DAGs
[2024-04-08T08:37:35.420+0000] {logging_mixin.py:188} INFO - [2024-04-08T08:37:35.420+0000] {dag.py:3834} INFO - Setting next_dagrun for example_branch_python_operator_decorator to 2024-04-07 00:00:00+00:00, run_after=2024-04-08 00:00:00+00:00
[2024-04-08T08:37:35.440+0000] {processor.py:183} INFO - Processing /home/airflow/.local/lib/python3.8/site-packages/airflow/example_dags/example_branch_operator_decorator.py took 0.083 seconds
[2024-04-08T08:38:05.878+0000] {processor.py:161} INFO - Started process (PID=5786) to work on /home/airflow/.local/lib/python3.8/site-packages/airflow/example_dags/example_branch_operator_decorator.py
[2024-04-08T08:38:05.879+0000] {processor.py:830} INFO - Processing file /home/airflow/.local/lib/python3.8/site-packages/airflow/example_dags/example_branch_operator_decorator.py for tasks to queue
[2024-04-08T08:38:05.880+0000] {logging_mixin.py:188} INFO - [2024-04-08T08:38:05.880+0000] {dagbag.py:540} INFO - Filling up the DagBag from /home/airflow/.local/lib/python3.8/site-packages/airflow/example_dags/example_branch_operator_decorator.py
[2024-04-08T08:38:05.907+0000] {processor.py:840} INFO - DAG(s) 'example_branch_python_operator_decorator' retrieved from /home/airflow/.local/lib/python3.8/site-packages/airflow/example_dags/example_branch_operator_decorator.py
[2024-04-08T08:38:05.940+0000] {logging_mixin.py:188} INFO - [2024-04-08T08:38:05.940+0000] {dag.py:3047} INFO - Sync 1 DAGs
[2024-04-08T08:38:05.967+0000] {logging_mixin.py:188} INFO - [2024-04-08T08:38:05.967+0000] {dag.py:3834} INFO - Setting next_dagrun for example_branch_python_operator_decorator to 2024-04-07 00:00:00+00:00, run_after=2024-04-08 00:00:00+00:00
[2024-04-08T08:38:05.992+0000] {processor.py:183} INFO - Processing /home/airflow/.local/lib/python3.8/site-packages/airflow/example_dags/example_branch_operator_decorator.py took 0.118 seconds
[2024-04-08T08:38:36.438+0000] {processor.py:161} INFO - Started process (PID=6044) to work on /home/airflow/.local/lib/python3.8/site-packages/airflow/example_dags/example_branch_operator_decorator.py
[2024-04-08T08:38:36.440+0000] {processor.py:830} INFO - Processing file /home/airflow/.local/lib/python3.8/site-packages/airflow/example_dags/example_branch_operator_decorator.py for tasks to queue
[2024-04-08T08:38:36.441+0000] {logging_mixin.py:188} INFO - [2024-04-08T08:38:36.440+0000] {dagbag.py:540} INFO - Filling up the DagBag from /home/airflow/.local/lib/python3.8/site-packages/airflow/example_dags/example_branch_operator_decorator.py
[2024-04-08T08:38:36.466+0000] {processor.py:840} INFO - DAG(s) 'example_branch_python_operator_decorator' retrieved from /home/airflow/.local/lib/python3.8/site-packages/airflow/example_dags/example_branch_operator_decorator.py
[2024-04-08T08:38:36.499+0000] {logging_mixin.py:188} INFO - [2024-04-08T08:38:36.499+0000] {dag.py:3047} INFO - Sync 1 DAGs
[2024-04-08T08:38:36.534+0000] {logging_mixin.py:188} INFO - [2024-04-08T08:38:36.533+0000] {dag.py:3834} INFO - Setting next_dagrun for example_branch_python_operator_decorator to 2024-04-07 00:00:00+00:00, run_after=2024-04-08 00:00:00+00:00
[2024-04-08T08:38:36.556+0000] {processor.py:183} INFO - Processing /home/airflow/.local/lib/python3.8/site-packages/airflow/example_dags/example_branch_operator_decorator.py took 0.121 seconds
[2024-04-08T08:39:07.112+0000] {processor.py:161} INFO - Started process (PID=6301) to work on /home/airflow/.local/lib/python3.8/site-packages/airflow/example_dags/example_branch_operator_decorator.py
[2024-04-08T08:39:07.113+0000] {processor.py:830} INFO - Processing file /home/airflow/.local/lib/python3.8/site-packages/airflow/example_dags/example_branch_operator_decorator.py for tasks to queue
[2024-04-08T08:39:07.114+0000] {logging_mixin.py:188} INFO - [2024-04-08T08:39:07.114+0000] {dagbag.py:540} INFO - Filling up the DagBag from /home/airflow/.local/lib/python3.8/site-packages/airflow/example_dags/example_branch_operator_decorator.py
[2024-04-08T08:39:07.142+0000] {processor.py:840} INFO - DAG(s) 'example_branch_python_operator_decorator' retrieved from /home/airflow/.local/lib/python3.8/site-packages/airflow/example_dags/example_branch_operator_decorator.py
[2024-04-08T08:39:07.201+0000] {logging_mixin.py:188} INFO - [2024-04-08T08:39:07.201+0000] {dag.py:3047} INFO - Sync 1 DAGs
[2024-04-08T08:39:07.232+0000] {logging_mixin.py:188} INFO - [2024-04-08T08:39:07.232+0000] {dag.py:3834} INFO - Setting next_dagrun for example_branch_python_operator_decorator to 2024-04-07 00:00:00+00:00, run_after=2024-04-08 00:00:00+00:00
[2024-04-08T08:39:07.254+0000] {processor.py:183} INFO - Processing /home/airflow/.local/lib/python3.8/site-packages/airflow/example_dags/example_branch_operator_decorator.py took 0.146 seconds
[2024-04-08T08:39:37.558+0000] {processor.py:161} INFO - Started process (PID=6557) to work on /home/airflow/.local/lib/python3.8/site-packages/airflow/example_dags/example_branch_operator_decorator.py
[2024-04-08T08:39:37.560+0000] {processor.py:830} INFO - Processing file /home/airflow/.local/lib/python3.8/site-packages/airflow/example_dags/example_branch_operator_decorator.py for tasks to queue
[2024-04-08T08:39:37.561+0000] {logging_mixin.py:188} INFO - [2024-04-08T08:39:37.560+0000] {dagbag.py:540} INFO - Filling up the DagBag from /home/airflow/.local/lib/python3.8/site-packages/airflow/example_dags/example_branch_operator_decorator.py
[2024-04-08T08:39:37.589+0000] {processor.py:840} INFO - DAG(s) 'example_branch_python_operator_decorator' retrieved from /home/airflow/.local/lib/python3.8/site-packages/airflow/example_dags/example_branch_operator_decorator.py
[2024-04-08T08:39:37.624+0000] {logging_mixin.py:188} INFO - [2024-04-08T08:39:37.623+0000] {dag.py:3047} INFO - Sync 1 DAGs
[2024-04-08T08:39:37.651+0000] {logging_mixin.py:188} INFO - [2024-04-08T08:39:37.650+0000] {dag.py:3834} INFO - Setting next_dagrun for example_branch_python_operator_decorator to 2024-04-07 00:00:00+00:00, run_after=2024-04-08 00:00:00+00:00
[2024-04-08T08:39:37.676+0000] {processor.py:183} INFO - Processing /home/airflow/.local/lib/python3.8/site-packages/airflow/example_dags/example_branch_operator_decorator.py took 0.122 seconds
[2024-04-08T08:40:07.952+0000] {processor.py:161} INFO - Started process (PID=6814) to work on /home/airflow/.local/lib/python3.8/site-packages/airflow/example_dags/example_branch_operator_decorator.py
[2024-04-08T08:40:07.953+0000] {processor.py:830} INFO - Processing file /home/airflow/.local/lib/python3.8/site-packages/airflow/example_dags/example_branch_operator_decorator.py for tasks to queue
[2024-04-08T08:40:07.954+0000] {logging_mixin.py:188} INFO - [2024-04-08T08:40:07.954+0000] {dagbag.py:540} INFO - Filling up the DagBag from /home/airflow/.local/lib/python3.8/site-packages/airflow/example_dags/example_branch_operator_decorator.py
[2024-04-08T08:40:07.982+0000] {processor.py:840} INFO - DAG(s) 'example_branch_python_operator_decorator' retrieved from /home/airflow/.local/lib/python3.8/site-packages/airflow/example_dags/example_branch_operator_decorator.py
[2024-04-08T08:40:08.014+0000] {logging_mixin.py:188} INFO - [2024-04-08T08:40:08.013+0000] {dag.py:3047} INFO - Sync 1 DAGs
[2024-04-08T08:40:08.047+0000] {logging_mixin.py:188} INFO - [2024-04-08T08:40:08.047+0000] {dag.py:3834} INFO - Setting next_dagrun for example_branch_python_operator_decorator to 2024-04-07 00:00:00+00:00, run_after=2024-04-08 00:00:00+00:00
[2024-04-08T08:40:08.072+0000] {processor.py:183} INFO - Processing /home/airflow/.local/lib/python3.8/site-packages/airflow/example_dags/example_branch_operator_decorator.py took 0.124 seconds
[2024-04-08T08:40:38.317+0000] {processor.py:161} INFO - Started process (PID=7071) to work on /home/airflow/.local/lib/python3.8/site-packages/airflow/example_dags/example_branch_operator_decorator.py
[2024-04-08T08:40:38.325+0000] {processor.py:830} INFO - Processing file /home/airflow/.local/lib/python3.8/site-packages/airflow/example_dags/example_branch_operator_decorator.py for tasks to queue
[2024-04-08T08:40:38.327+0000] {logging_mixin.py:188} INFO - [2024-04-08T08:40:38.326+0000] {dagbag.py:540} INFO - Filling up the DagBag from /home/airflow/.local/lib/python3.8/site-packages/airflow/example_dags/example_branch_operator_decorator.py
[2024-04-08T08:40:38.399+0000] {processor.py:840} INFO - DAG(s) 'example_branch_python_operator_decorator' retrieved from /home/airflow/.local/lib/python3.8/site-packages/airflow/example_dags/example_branch_operator_decorator.py
[2024-04-08T08:40:38.468+0000] {logging_mixin.py:188} INFO - [2024-04-08T08:40:38.468+0000] {dag.py:3047} INFO - Sync 1 DAGs
[2024-04-08T08:40:38.497+0000] {logging_mixin.py:188} INFO - [2024-04-08T08:40:38.497+0000] {dag.py:3834} INFO - Setting next_dagrun for example_branch_python_operator_decorator to 2024-04-07 00:00:00+00:00, run_after=2024-04-08 00:00:00+00:00
[2024-04-08T08:40:38.521+0000] {processor.py:183} INFO - Processing /home/airflow/.local/lib/python3.8/site-packages/airflow/example_dags/example_branch_operator_decorator.py took 0.217 seconds
[2024-04-08T08:41:09.024+0000] {processor.py:161} INFO - Started process (PID=7334) to work on /home/airflow/.local/lib/python3.8/site-packages/airflow/example_dags/example_branch_operator_decorator.py
[2024-04-08T08:41:09.025+0000] {processor.py:830} INFO - Processing file /home/airflow/.local/lib/python3.8/site-packages/airflow/example_dags/example_branch_operator_decorator.py for tasks to queue
[2024-04-08T08:41:09.026+0000] {logging_mixin.py:188} INFO - [2024-04-08T08:41:09.026+0000] {dagbag.py:540} INFO - Filling up the DagBag from /home/airflow/.local/lib/python3.8/site-packages/airflow/example_dags/example_branch_operator_decorator.py
[2024-04-08T08:41:09.051+0000] {processor.py:840} INFO - DAG(s) 'example_branch_python_operator_decorator' retrieved from /home/airflow/.local/lib/python3.8/site-packages/airflow/example_dags/example_branch_operator_decorator.py
[2024-04-08T08:41:09.083+0000] {logging_mixin.py:188} INFO - [2024-04-08T08:41:09.083+0000] {dag.py:3047} INFO - Sync 1 DAGs
[2024-04-08T08:41:09.114+0000] {logging_mixin.py:188} INFO - [2024-04-08T08:41:09.113+0000] {dag.py:3834} INFO - Setting next_dagrun for example_branch_python_operator_decorator to 2024-04-07 00:00:00+00:00, run_after=2024-04-08 00:00:00+00:00
[2024-04-08T08:41:09.139+0000] {processor.py:183} INFO - Processing /home/airflow/.local/lib/python3.8/site-packages/airflow/example_dags/example_branch_operator_decorator.py took 0.118 seconds
[2024-04-08T08:41:39.306+0000] {processor.py:161} INFO - Started process (PID=7591) to work on /home/airflow/.local/lib/python3.8/site-packages/airflow/example_dags/example_branch_operator_decorator.py
[2024-04-08T08:41:39.308+0000] {processor.py:830} INFO - Processing file /home/airflow/.local/lib/python3.8/site-packages/airflow/example_dags/example_branch_operator_decorator.py for tasks to queue
[2024-04-08T08:41:39.309+0000] {logging_mixin.py:188} INFO - [2024-04-08T08:41:39.309+0000] {dagbag.py:540} INFO - Filling up the DagBag from /home/airflow/.local/lib/python3.8/site-packages/airflow/example_dags/example_branch_operator_decorator.py
[2024-04-08T08:41:39.336+0000] {processor.py:840} INFO - DAG(s) 'example_branch_python_operator_decorator' retrieved from /home/airflow/.local/lib/python3.8/site-packages/airflow/example_dags/example_branch_operator_decorator.py
[2024-04-08T08:41:39.368+0000] {logging_mixin.py:188} INFO - [2024-04-08T08:41:39.368+0000] {dag.py:3047} INFO - Sync 1 DAGs
[2024-04-08T08:41:39.394+0000] {logging_mixin.py:188} INFO - [2024-04-08T08:41:39.394+0000] {dag.py:3834} INFO - Setting next_dagrun for example_branch_python_operator_decorator to 2024-04-07 00:00:00+00:00, run_after=2024-04-08 00:00:00+00:00
[2024-04-08T08:41:39.419+0000] {processor.py:183} INFO - Processing /home/airflow/.local/lib/python3.8/site-packages/airflow/example_dags/example_branch_operator_decorator.py took 0.116 seconds
[2024-04-08T08:42:09.649+0000] {processor.py:161} INFO - Started process (PID=7848) to work on /home/airflow/.local/lib/python3.8/site-packages/airflow/example_dags/example_branch_operator_decorator.py
[2024-04-08T08:42:09.650+0000] {processor.py:830} INFO - Processing file /home/airflow/.local/lib/python3.8/site-packages/airflow/example_dags/example_branch_operator_decorator.py for tasks to queue
[2024-04-08T08:42:09.651+0000] {logging_mixin.py:188} INFO - [2024-04-08T08:42:09.651+0000] {dagbag.py:540} INFO - Filling up the DagBag from /home/airflow/.local/lib/python3.8/site-packages/airflow/example_dags/example_branch_operator_decorator.py
[2024-04-08T08:42:09.678+0000] {processor.py:840} INFO - DAG(s) 'example_branch_python_operator_decorator' retrieved from /home/airflow/.local/lib/python3.8/site-packages/airflow/example_dags/example_branch_operator_decorator.py
[2024-04-08T08:42:09.720+0000] {logging_mixin.py:188} INFO - [2024-04-08T08:42:09.720+0000] {dag.py:3047} INFO - Sync 1 DAGs
[2024-04-08T08:42:09.746+0000] {logging_mixin.py:188} INFO - [2024-04-08T08:42:09.746+0000] {dag.py:3834} INFO - Setting next_dagrun for example_branch_python_operator_decorator to 2024-04-07 00:00:00+00:00, run_after=2024-04-08 00:00:00+00:00
[2024-04-08T08:42:09.772+0000] {processor.py:183} INFO - Processing /home/airflow/.local/lib/python3.8/site-packages/airflow/example_dags/example_branch_operator_decorator.py took 0.127 seconds
[2024-04-08T08:42:40.000+0000] {processor.py:161} INFO - Started process (PID=8105) to work on /home/airflow/.local/lib/python3.8/site-packages/airflow/example_dags/example_branch_operator_decorator.py
[2024-04-08T08:42:40.001+0000] {processor.py:830} INFO - Processing file /home/airflow/.local/lib/python3.8/site-packages/airflow/example_dags/example_branch_operator_decorator.py for tasks to queue
[2024-04-08T08:42:40.003+0000] {logging_mixin.py:188} INFO - [2024-04-08T08:42:40.002+0000] {dagbag.py:540} INFO - Filling up the DagBag from /home/airflow/.local/lib/python3.8/site-packages/airflow/example_dags/example_branch_operator_decorator.py
[2024-04-08T08:42:40.042+0000] {processor.py:840} INFO - DAG(s) 'example_branch_python_operator_decorator' retrieved from /home/airflow/.local/lib/python3.8/site-packages/airflow/example_dags/example_branch_operator_decorator.py
[2024-04-08T08:42:40.080+0000] {logging_mixin.py:188} INFO - [2024-04-08T08:42:40.080+0000] {dag.py:3047} INFO - Sync 1 DAGs
[2024-04-08T08:42:40.108+0000] {logging_mixin.py:188} INFO - [2024-04-08T08:42:40.108+0000] {dag.py:3834} INFO - Setting next_dagrun for example_branch_python_operator_decorator to 2024-04-07 00:00:00+00:00, run_after=2024-04-08 00:00:00+00:00
[2024-04-08T08:42:40.148+0000] {processor.py:183} INFO - Processing /home/airflow/.local/lib/python3.8/site-packages/airflow/example_dags/example_branch_operator_decorator.py took 0.152 seconds
[2024-04-08T08:43:10.626+0000] {processor.py:161} INFO - Started process (PID=8367) to work on /home/airflow/.local/lib/python3.8/site-packages/airflow/example_dags/example_branch_operator_decorator.py
[2024-04-08T08:43:10.627+0000] {processor.py:830} INFO - Processing file /home/airflow/.local/lib/python3.8/site-packages/airflow/example_dags/example_branch_operator_decorator.py for tasks to queue
[2024-04-08T08:43:10.628+0000] {logging_mixin.py:188} INFO - [2024-04-08T08:43:10.627+0000] {dagbag.py:540} INFO - Filling up the DagBag from /home/airflow/.local/lib/python3.8/site-packages/airflow/example_dags/example_branch_operator_decorator.py
[2024-04-08T08:43:10.653+0000] {processor.py:840} INFO - DAG(s) 'example_branch_python_operator_decorator' retrieved from /home/airflow/.local/lib/python3.8/site-packages/airflow/example_dags/example_branch_operator_decorator.py
[2024-04-08T08:43:10.691+0000] {logging_mixin.py:188} INFO - [2024-04-08T08:43:10.690+0000] {dag.py:3047} INFO - Sync 1 DAGs
[2024-04-08T08:43:10.718+0000] {logging_mixin.py:188} INFO - [2024-04-08T08:43:10.717+0000] {dag.py:3834} INFO - Setting next_dagrun for example_branch_python_operator_decorator to 2024-04-07 00:00:00+00:00, run_after=2024-04-08 00:00:00+00:00
[2024-04-08T08:43:10.745+0000] {processor.py:183} INFO - Processing /home/airflow/.local/lib/python3.8/site-packages/airflow/example_dags/example_branch_operator_decorator.py took 0.122 seconds
[2024-04-08T08:43:41.087+0000] {processor.py:161} INFO - Started process (PID=8619) to work on /home/airflow/.local/lib/python3.8/site-packages/airflow/example_dags/example_branch_operator_decorator.py
[2024-04-08T08:43:41.088+0000] {processor.py:830} INFO - Processing file /home/airflow/.local/lib/python3.8/site-packages/airflow/example_dags/example_branch_operator_decorator.py for tasks to queue
[2024-04-08T08:43:41.089+0000] {logging_mixin.py:188} INFO - [2024-04-08T08:43:41.088+0000] {dagbag.py:540} INFO - Filling up the DagBag from /home/airflow/.local/lib/python3.8/site-packages/airflow/example_dags/example_branch_operator_decorator.py
[2024-04-08T08:43:41.118+0000] {processor.py:840} INFO - DAG(s) 'example_branch_python_operator_decorator' retrieved from /home/airflow/.local/lib/python3.8/site-packages/airflow/example_dags/example_branch_operator_decorator.py
[2024-04-08T08:43:41.151+0000] {logging_mixin.py:188} INFO - [2024-04-08T08:43:41.151+0000] {dag.py:3047} INFO - Sync 1 DAGs
[2024-04-08T08:43:41.181+0000] {logging_mixin.py:188} INFO - [2024-04-08T08:43:41.180+0000] {dag.py:3834} INFO - Setting next_dagrun for example_branch_python_operator_decorator to 2024-04-07 00:00:00+00:00, run_after=2024-04-08 00:00:00+00:00
[2024-04-08T08:43:41.212+0000] {processor.py:183} INFO - Processing /home/airflow/.local/lib/python3.8/site-packages/airflow/example_dags/example_branch_operator_decorator.py took 0.129 seconds
[2024-04-08T08:44:11.741+0000] {processor.py:161} INFO - Started process (PID=8877) to work on /home/airflow/.local/lib/python3.8/site-packages/airflow/example_dags/example_branch_operator_decorator.py
[2024-04-08T08:44:11.742+0000] {processor.py:830} INFO - Processing file /home/airflow/.local/lib/python3.8/site-packages/airflow/example_dags/example_branch_operator_decorator.py for tasks to queue
[2024-04-08T08:44:11.743+0000] {logging_mixin.py:188} INFO - [2024-04-08T08:44:11.743+0000] {dagbag.py:540} INFO - Filling up the DagBag from /home/airflow/.local/lib/python3.8/site-packages/airflow/example_dags/example_branch_operator_decorator.py
[2024-04-08T08:44:11.771+0000] {processor.py:840} INFO - DAG(s) 'example_branch_python_operator_decorator' retrieved from /home/airflow/.local/lib/python3.8/site-packages/airflow/example_dags/example_branch_operator_decorator.py
[2024-04-08T08:44:11.804+0000] {logging_mixin.py:188} INFO - [2024-04-08T08:44:11.803+0000] {dag.py:3047} INFO - Sync 1 DAGs
[2024-04-08T08:44:11.830+0000] {logging_mixin.py:188} INFO - [2024-04-08T08:44:11.829+0000] {dag.py:3834} INFO - Setting next_dagrun for example_branch_python_operator_decorator to 2024-04-07 00:00:00+00:00, run_after=2024-04-08 00:00:00+00:00
[2024-04-08T08:44:11.860+0000] {processor.py:183} INFO - Processing /home/airflow/.local/lib/python3.8/site-packages/airflow/example_dags/example_branch_operator_decorator.py took 0.122 seconds
[2024-04-08T08:44:42.087+0000] {processor.py:161} INFO - Started process (PID=9136) to work on /home/airflow/.local/lib/python3.8/site-packages/airflow/example_dags/example_branch_operator_decorator.py
[2024-04-08T08:44:42.089+0000] {processor.py:830} INFO - Processing file /home/airflow/.local/lib/python3.8/site-packages/airflow/example_dags/example_branch_operator_decorator.py for tasks to queue
[2024-04-08T08:44:42.090+0000] {logging_mixin.py:188} INFO - [2024-04-08T08:44:42.090+0000] {dagbag.py:540} INFO - Filling up the DagBag from /home/airflow/.local/lib/python3.8/site-packages/airflow/example_dags/example_branch_operator_decorator.py
[2024-04-08T08:44:42.120+0000] {processor.py:840} INFO - DAG(s) 'example_branch_python_operator_decorator' retrieved from /home/airflow/.local/lib/python3.8/site-packages/airflow/example_dags/example_branch_operator_decorator.py
[2024-04-08T08:44:42.153+0000] {logging_mixin.py:188} INFO - [2024-04-08T08:44:42.153+0000] {dag.py:3047} INFO - Sync 1 DAGs
[2024-04-08T08:44:42.180+0000] {logging_mixin.py:188} INFO - [2024-04-08T08:44:42.180+0000] {dag.py:3834} INFO - Setting next_dagrun for example_branch_python_operator_decorator to 2024-04-07 00:00:00+00:00, run_after=2024-04-08 00:00:00+00:00
[2024-04-08T08:44:42.205+0000] {processor.py:183} INFO - Processing /home/airflow/.local/lib/python3.8/site-packages/airflow/example_dags/example_branch_operator_decorator.py took 0.121 seconds
[2024-04-08T08:45:12.482+0000] {processor.py:161} INFO - Started process (PID=9394) to work on /home/airflow/.local/lib/python3.8/site-packages/airflow/example_dags/example_branch_operator_decorator.py
[2024-04-08T08:45:12.483+0000] {processor.py:830} INFO - Processing file /home/airflow/.local/lib/python3.8/site-packages/airflow/example_dags/example_branch_operator_decorator.py for tasks to queue
[2024-04-08T08:45:12.484+0000] {logging_mixin.py:188} INFO - [2024-04-08T08:45:12.484+0000] {dagbag.py:540} INFO - Filling up the DagBag from /home/airflow/.local/lib/python3.8/site-packages/airflow/example_dags/example_branch_operator_decorator.py
[2024-04-08T08:45:12.510+0000] {processor.py:840} INFO - DAG(s) 'example_branch_python_operator_decorator' retrieved from /home/airflow/.local/lib/python3.8/site-packages/airflow/example_dags/example_branch_operator_decorator.py
[2024-04-08T08:45:12.542+0000] {logging_mixin.py:188} INFO - [2024-04-08T08:45:12.542+0000] {dag.py:3047} INFO - Sync 1 DAGs
[2024-04-08T08:45:12.569+0000] {logging_mixin.py:188} INFO - [2024-04-08T08:45:12.569+0000] {dag.py:3834} INFO - Setting next_dagrun for example_branch_python_operator_decorator to 2024-04-07 00:00:00+00:00, run_after=2024-04-08 00:00:00+00:00
[2024-04-08T08:45:12.602+0000] {processor.py:183} INFO - Processing /home/airflow/.local/lib/python3.8/site-packages/airflow/example_dags/example_branch_operator_decorator.py took 0.124 seconds
[2024-04-08T08:45:42.852+0000] {processor.py:161} INFO - Started process (PID=9656) to work on /home/airflow/.local/lib/python3.8/site-packages/airflow/example_dags/example_branch_operator_decorator.py
[2024-04-08T08:45:42.853+0000] {processor.py:830} INFO - Processing file /home/airflow/.local/lib/python3.8/site-packages/airflow/example_dags/example_branch_operator_decorator.py for tasks to queue
[2024-04-08T08:45:42.854+0000] {logging_mixin.py:188} INFO - [2024-04-08T08:45:42.854+0000] {dagbag.py:540} INFO - Filling up the DagBag from /home/airflow/.local/lib/python3.8/site-packages/airflow/example_dags/example_branch_operator_decorator.py
[2024-04-08T08:45:42.879+0000] {processor.py:840} INFO - DAG(s) 'example_branch_python_operator_decorator' retrieved from /home/airflow/.local/lib/python3.8/site-packages/airflow/example_dags/example_branch_operator_decorator.py
[2024-04-08T08:45:42.915+0000] {logging_mixin.py:188} INFO - [2024-04-08T08:45:42.914+0000] {dag.py:3047} INFO - Sync 1 DAGs
[2024-04-08T08:45:42.945+0000] {logging_mixin.py:188} INFO - [2024-04-08T08:45:42.945+0000] {dag.py:3834} INFO - Setting next_dagrun for example_branch_python_operator_decorator to 2024-04-07 00:00:00+00:00, run_after=2024-04-08 00:00:00+00:00
[2024-04-08T08:45:42.969+0000] {processor.py:183} INFO - Processing /home/airflow/.local/lib/python3.8/site-packages/airflow/example_dags/example_branch_operator_decorator.py took 0.120 seconds
[2024-04-08T08:46:13.219+0000] {processor.py:161} INFO - Started process (PID=9920) to work on /home/airflow/.local/lib/python3.8/site-packages/airflow/example_dags/example_branch_operator_decorator.py
[2024-04-08T08:46:13.220+0000] {processor.py:830} INFO - Processing file /home/airflow/.local/lib/python3.8/site-packages/airflow/example_dags/example_branch_operator_decorator.py for tasks to queue
[2024-04-08T08:46:13.221+0000] {logging_mixin.py:188} INFO - [2024-04-08T08:46:13.221+0000] {dagbag.py:540} INFO - Filling up the DagBag from /home/airflow/.local/lib/python3.8/site-packages/airflow/example_dags/example_branch_operator_decorator.py
[2024-04-08T08:46:13.239+0000] {processor.py:840} INFO - DAG(s) 'example_branch_python_operator_decorator' retrieved from /home/airflow/.local/lib/python3.8/site-packages/airflow/example_dags/example_branch_operator_decorator.py
[2024-04-08T08:46:13.262+0000] {logging_mixin.py:188} INFO - [2024-04-08T08:46:13.261+0000] {dag.py:3047} INFO - Sync 1 DAGs
[2024-04-08T08:46:13.281+0000] {logging_mixin.py:188} INFO - [2024-04-08T08:46:13.280+0000] {dag.py:3834} INFO - Setting next_dagrun for example_branch_python_operator_decorator to 2024-04-07 00:00:00+00:00, run_after=2024-04-08 00:00:00+00:00
[2024-04-08T08:46:13.302+0000] {processor.py:183} INFO - Processing /home/airflow/.local/lib/python3.8/site-packages/airflow/example_dags/example_branch_operator_decorator.py took 0.085 seconds
[2024-04-08T08:46:43.715+0000] {processor.py:161} INFO - Started process (PID=10165) to work on /home/airflow/.local/lib/python3.8/site-packages/airflow/example_dags/example_branch_operator_decorator.py
[2024-04-08T08:46:43.716+0000] {processor.py:830} INFO - Processing file /home/airflow/.local/lib/python3.8/site-packages/airflow/example_dags/example_branch_operator_decorator.py for tasks to queue
[2024-04-08T08:46:43.717+0000] {logging_mixin.py:188} INFO - [2024-04-08T08:46:43.717+0000] {dagbag.py:540} INFO - Filling up the DagBag from /home/airflow/.local/lib/python3.8/site-packages/airflow/example_dags/example_branch_operator_decorator.py
[2024-04-08T08:46:43.746+0000] {processor.py:840} INFO - DAG(s) 'example_branch_python_operator_decorator' retrieved from /home/airflow/.local/lib/python3.8/site-packages/airflow/example_dags/example_branch_operator_decorator.py
[2024-04-08T08:46:43.777+0000] {logging_mixin.py:188} INFO - [2024-04-08T08:46:43.777+0000] {dag.py:3047} INFO - Sync 1 DAGs
[2024-04-08T08:46:43.802+0000] {logging_mixin.py:188} INFO - [2024-04-08T08:46:43.801+0000] {dag.py:3834} INFO - Setting next_dagrun for example_branch_python_operator_decorator to 2024-04-07 00:00:00+00:00, run_after=2024-04-08 00:00:00+00:00
[2024-04-08T08:46:43.827+0000] {processor.py:183} INFO - Processing /home/airflow/.local/lib/python3.8/site-packages/airflow/example_dags/example_branch_operator_decorator.py took 0.116 seconds
[2024-04-08T08:47:14.434+0000] {processor.py:161} INFO - Started process (PID=10422) to work on /home/airflow/.local/lib/python3.8/site-packages/airflow/example_dags/example_branch_operator_decorator.py
[2024-04-08T08:47:14.435+0000] {processor.py:830} INFO - Processing file /home/airflow/.local/lib/python3.8/site-packages/airflow/example_dags/example_branch_operator_decorator.py for tasks to queue
[2024-04-08T08:47:14.436+0000] {logging_mixin.py:188} INFO - [2024-04-08T08:47:14.436+0000] {dagbag.py:540} INFO - Filling up the DagBag from /home/airflow/.local/lib/python3.8/site-packages/airflow/example_dags/example_branch_operator_decorator.py
[2024-04-08T08:47:14.464+0000] {processor.py:840} INFO - DAG(s) 'example_branch_python_operator_decorator' retrieved from /home/airflow/.local/lib/python3.8/site-packages/airflow/example_dags/example_branch_operator_decorator.py
[2024-04-08T08:47:14.496+0000] {logging_mixin.py:188} INFO - [2024-04-08T08:47:14.496+0000] {dag.py:3047} INFO - Sync 1 DAGs
[2024-04-08T08:47:14.521+0000] {logging_mixin.py:188} INFO - [2024-04-08T08:47:14.521+0000] {dag.py:3834} INFO - Setting next_dagrun for example_branch_python_operator_decorator to 2024-04-07 00:00:00+00:00, run_after=2024-04-08 00:00:00+00:00
[2024-04-08T08:47:14.546+0000] {processor.py:183} INFO - Processing /home/airflow/.local/lib/python3.8/site-packages/airflow/example_dags/example_branch_operator_decorator.py took 0.116 seconds
[2024-04-08T08:47:44.622+0000] {processor.py:161} INFO - Started process (PID=10679) to work on /home/airflow/.local/lib/python3.8/site-packages/airflow/example_dags/example_branch_operator_decorator.py
[2024-04-08T08:47:44.624+0000] {processor.py:830} INFO - Processing file /home/airflow/.local/lib/python3.8/site-packages/airflow/example_dags/example_branch_operator_decorator.py for tasks to queue
[2024-04-08T08:47:44.625+0000] {logging_mixin.py:188} INFO - [2024-04-08T08:47:44.624+0000] {dagbag.py:540} INFO - Filling up the DagBag from /home/airflow/.local/lib/python3.8/site-packages/airflow/example_dags/example_branch_operator_decorator.py
[2024-04-08T08:47:44.652+0000] {processor.py:840} INFO - DAG(s) 'example_branch_python_operator_decorator' retrieved from /home/airflow/.local/lib/python3.8/site-packages/airflow/example_dags/example_branch_operator_decorator.py
[2024-04-08T08:47:44.686+0000] {logging_mixin.py:188} INFO - [2024-04-08T08:47:44.685+0000] {dag.py:3047} INFO - Sync 1 DAGs
[2024-04-08T08:47:44.716+0000] {logging_mixin.py:188} INFO - [2024-04-08T08:47:44.715+0000] {dag.py:3834} INFO - Setting next_dagrun for example_branch_python_operator_decorator to 2024-04-07 00:00:00+00:00, run_after=2024-04-08 00:00:00+00:00
[2024-04-08T08:47:44.739+0000] {processor.py:183} INFO - Processing /home/airflow/.local/lib/python3.8/site-packages/airflow/example_dags/example_branch_operator_decorator.py took 0.121 seconds
[2024-04-08T08:48:15.592+0000] {processor.py:161} INFO - Started process (PID=10936) to work on /home/airflow/.local/lib/python3.8/site-packages/airflow/example_dags/example_branch_operator_decorator.py
[2024-04-08T08:48:15.593+0000] {processor.py:830} INFO - Processing file /home/airflow/.local/lib/python3.8/site-packages/airflow/example_dags/example_branch_operator_decorator.py for tasks to queue
[2024-04-08T08:48:15.594+0000] {logging_mixin.py:188} INFO - [2024-04-08T08:48:15.594+0000] {dagbag.py:540} INFO - Filling up the DagBag from /home/airflow/.local/lib/python3.8/site-packages/airflow/example_dags/example_branch_operator_decorator.py
[2024-04-08T08:48:15.621+0000] {processor.py:840} INFO - DAG(s) 'example_branch_python_operator_decorator' retrieved from /home/airflow/.local/lib/python3.8/site-packages/airflow/example_dags/example_branch_operator_decorator.py
[2024-04-08T08:48:15.654+0000] {logging_mixin.py:188} INFO - [2024-04-08T08:48:15.654+0000] {dag.py:3047} INFO - Sync 1 DAGs
[2024-04-08T08:48:15.680+0000] {logging_mixin.py:188} INFO - [2024-04-08T08:48:15.680+0000] {dag.py:3834} INFO - Setting next_dagrun for example_branch_python_operator_decorator to 2024-04-07 00:00:00+00:00, run_after=2024-04-08 00:00:00+00:00
[2024-04-08T08:48:15.705+0000] {processor.py:183} INFO - Processing /home/airflow/.local/lib/python3.8/site-packages/airflow/example_dags/example_branch_operator_decorator.py took 0.117 seconds
[2024-04-08T08:48:45.988+0000] {processor.py:161} INFO - Started process (PID=11193) to work on /home/airflow/.local/lib/python3.8/site-packages/airflow/example_dags/example_branch_operator_decorator.py
[2024-04-08T08:48:45.990+0000] {processor.py:830} INFO - Processing file /home/airflow/.local/lib/python3.8/site-packages/airflow/example_dags/example_branch_operator_decorator.py for tasks to queue
[2024-04-08T08:48:45.991+0000] {logging_mixin.py:188} INFO - [2024-04-08T08:48:45.990+0000] {dagbag.py:540} INFO - Filling up the DagBag from /home/airflow/.local/lib/python3.8/site-packages/airflow/example_dags/example_branch_operator_decorator.py
[2024-04-08T08:48:46.018+0000] {processor.py:840} INFO - DAG(s) 'example_branch_python_operator_decorator' retrieved from /home/airflow/.local/lib/python3.8/site-packages/airflow/example_dags/example_branch_operator_decorator.py
[2024-04-08T08:48:46.051+0000] {logging_mixin.py:188} INFO - [2024-04-08T08:48:46.051+0000] {dag.py:3047} INFO - Sync 1 DAGs
[2024-04-08T08:48:46.078+0000] {logging_mixin.py:188} INFO - [2024-04-08T08:48:46.078+0000] {dag.py:3834} INFO - Setting next_dagrun for example_branch_python_operator_decorator to 2024-04-07 00:00:00+00:00, run_after=2024-04-08 00:00:00+00:00
[2024-04-08T08:48:46.103+0000] {processor.py:183} INFO - Processing /home/airflow/.local/lib/python3.8/site-packages/airflow/example_dags/example_branch_operator_decorator.py took 0.119 seconds
[2024-04-08T08:49:16.392+0000] {processor.py:161} INFO - Started process (PID=11450) to work on /home/airflow/.local/lib/python3.8/site-packages/airflow/example_dags/example_branch_operator_decorator.py
[2024-04-08T08:49:16.394+0000] {processor.py:830} INFO - Processing file /home/airflow/.local/lib/python3.8/site-packages/airflow/example_dags/example_branch_operator_decorator.py for tasks to queue
[2024-04-08T08:49:16.395+0000] {logging_mixin.py:188} INFO - [2024-04-08T08:49:16.394+0000] {dagbag.py:540} INFO - Filling up the DagBag from /home/airflow/.local/lib/python3.8/site-packages/airflow/example_dags/example_branch_operator_decorator.py
[2024-04-08T08:49:16.427+0000] {processor.py:840} INFO - DAG(s) 'example_branch_python_operator_decorator' retrieved from /home/airflow/.local/lib/python3.8/site-packages/airflow/example_dags/example_branch_operator_decorator.py
[2024-04-08T08:49:16.460+0000] {logging_mixin.py:188} INFO - [2024-04-08T08:49:16.460+0000] {dag.py:3047} INFO - Sync 1 DAGs
[2024-04-08T08:49:16.487+0000] {logging_mixin.py:188} INFO - [2024-04-08T08:49:16.487+0000] {dag.py:3834} INFO - Setting next_dagrun for example_branch_python_operator_decorator to 2024-04-07 00:00:00+00:00, run_after=2024-04-08 00:00:00+00:00
[2024-04-08T08:49:16.525+0000] {processor.py:183} INFO - Processing /home/airflow/.local/lib/python3.8/site-packages/airflow/example_dags/example_branch_operator_decorator.py took 0.137 seconds
[2024-04-08T08:49:46.839+0000] {processor.py:161} INFO - Started process (PID=11708) to work on /home/airflow/.local/lib/python3.8/site-packages/airflow/example_dags/example_branch_operator_decorator.py
[2024-04-08T08:49:46.840+0000] {processor.py:830} INFO - Processing file /home/airflow/.local/lib/python3.8/site-packages/airflow/example_dags/example_branch_operator_decorator.py for tasks to queue
[2024-04-08T08:49:46.841+0000] {logging_mixin.py:188} INFO - [2024-04-08T08:49:46.841+0000] {dagbag.py:540} INFO - Filling up the DagBag from /home/airflow/.local/lib/python3.8/site-packages/airflow/example_dags/example_branch_operator_decorator.py
[2024-04-08T08:49:46.869+0000] {processor.py:840} INFO - DAG(s) 'example_branch_python_operator_decorator' retrieved from /home/airflow/.local/lib/python3.8/site-packages/airflow/example_dags/example_branch_operator_decorator.py
[2024-04-08T08:49:46.903+0000] {logging_mixin.py:188} INFO - [2024-04-08T08:49:46.902+0000] {dag.py:3047} INFO - Sync 1 DAGs
[2024-04-08T08:49:46.932+0000] {logging_mixin.py:188} INFO - [2024-04-08T08:49:46.932+0000] {dag.py:3834} INFO - Setting next_dagrun for example_branch_python_operator_decorator to 2024-04-07 00:00:00+00:00, run_after=2024-04-08 00:00:00+00:00
[2024-04-08T08:49:46.958+0000] {processor.py:183} INFO - Processing /home/airflow/.local/lib/python3.8/site-packages/airflow/example_dags/example_branch_operator_decorator.py took 0.123 seconds
[2024-04-08T08:50:17.508+0000] {processor.py:161} INFO - Started process (PID=11966) to work on /home/airflow/.local/lib/python3.8/site-packages/airflow/example_dags/example_branch_operator_decorator.py
[2024-04-08T08:50:17.509+0000] {processor.py:830} INFO - Processing file /home/airflow/.local/lib/python3.8/site-packages/airflow/example_dags/example_branch_operator_decorator.py for tasks to queue
[2024-04-08T08:50:17.511+0000] {logging_mixin.py:188} INFO - [2024-04-08T08:50:17.510+0000] {dagbag.py:540} INFO - Filling up the DagBag from /home/airflow/.local/lib/python3.8/site-packages/airflow/example_dags/example_branch_operator_decorator.py
[2024-04-08T08:50:17.541+0000] {processor.py:840} INFO - DAG(s) 'example_branch_python_operator_decorator' retrieved from /home/airflow/.local/lib/python3.8/site-packages/airflow/example_dags/example_branch_operator_decorator.py
[2024-04-08T08:50:17.573+0000] {logging_mixin.py:188} INFO - [2024-04-08T08:50:17.573+0000] {dag.py:3047} INFO - Sync 1 DAGs
[2024-04-08T08:50:17.606+0000] {logging_mixin.py:188} INFO - [2024-04-08T08:50:17.606+0000] {dag.py:3834} INFO - Setting next_dagrun for example_branch_python_operator_decorator to 2024-04-07 00:00:00+00:00, run_after=2024-04-08 00:00:00+00:00
[2024-04-08T08:50:17.630+0000] {processor.py:183} INFO - Processing /home/airflow/.local/lib/python3.8/site-packages/airflow/example_dags/example_branch_operator_decorator.py took 0.125 seconds
[2024-04-08T08:50:47.885+0000] {processor.py:161} INFO - Started process (PID=12227) to work on /home/airflow/.local/lib/python3.8/site-packages/airflow/example_dags/example_branch_operator_decorator.py
[2024-04-08T08:50:47.887+0000] {processor.py:830} INFO - Processing file /home/airflow/.local/lib/python3.8/site-packages/airflow/example_dags/example_branch_operator_decorator.py for tasks to queue
[2024-04-08T08:50:47.888+0000] {logging_mixin.py:188} INFO - [2024-04-08T08:50:47.887+0000] {dagbag.py:540} INFO - Filling up the DagBag from /home/airflow/.local/lib/python3.8/site-packages/airflow/example_dags/example_branch_operator_decorator.py
[2024-04-08T08:50:47.914+0000] {processor.py:840} INFO - DAG(s) 'example_branch_python_operator_decorator' retrieved from /home/airflow/.local/lib/python3.8/site-packages/airflow/example_dags/example_branch_operator_decorator.py
[2024-04-08T08:50:47.950+0000] {logging_mixin.py:188} INFO - [2024-04-08T08:50:47.949+0000] {dag.py:3047} INFO - Sync 1 DAGs
[2024-04-08T08:50:47.991+0000] {logging_mixin.py:188} INFO - [2024-04-08T08:50:47.991+0000] {dag.py:3834} INFO - Setting next_dagrun for example_branch_python_operator_decorator to 2024-04-07 00:00:00+00:00, run_after=2024-04-08 00:00:00+00:00
[2024-04-08T08:50:48.054+0000] {processor.py:183} INFO - Processing /home/airflow/.local/lib/python3.8/site-packages/airflow/example_dags/example_branch_operator_decorator.py took 0.173 seconds
[2024-04-08T08:51:18.410+0000] {processor.py:161} INFO - Started process (PID=12487) to work on /home/airflow/.local/lib/python3.8/site-packages/airflow/example_dags/example_branch_operator_decorator.py
[2024-04-08T08:51:18.411+0000] {processor.py:830} INFO - Processing file /home/airflow/.local/lib/python3.8/site-packages/airflow/example_dags/example_branch_operator_decorator.py for tasks to queue
[2024-04-08T08:51:18.412+0000] {logging_mixin.py:188} INFO - [2024-04-08T08:51:18.412+0000] {dagbag.py:540} INFO - Filling up the DagBag from /home/airflow/.local/lib/python3.8/site-packages/airflow/example_dags/example_branch_operator_decorator.py
[2024-04-08T08:51:18.442+0000] {processor.py:840} INFO - DAG(s) 'example_branch_python_operator_decorator' retrieved from /home/airflow/.local/lib/python3.8/site-packages/airflow/example_dags/example_branch_operator_decorator.py
[2024-04-08T08:51:18.477+0000] {logging_mixin.py:188} INFO - [2024-04-08T08:51:18.477+0000] {dag.py:3047} INFO - Sync 1 DAGs
[2024-04-08T08:51:18.507+0000] {logging_mixin.py:188} INFO - [2024-04-08T08:51:18.507+0000] {dag.py:3834} INFO - Setting next_dagrun for example_branch_python_operator_decorator to 2024-04-07 00:00:00+00:00, run_after=2024-04-08 00:00:00+00:00
[2024-04-08T08:51:18.530+0000] {processor.py:183} INFO - Processing /home/airflow/.local/lib/python3.8/site-packages/airflow/example_dags/example_branch_operator_decorator.py took 0.124 seconds
[2024-04-08T08:51:48.758+0000] {processor.py:161} INFO - Started process (PID=12749) to work on /home/airflow/.local/lib/python3.8/site-packages/airflow/example_dags/example_branch_operator_decorator.py
[2024-04-08T08:51:48.759+0000] {processor.py:830} INFO - Processing file /home/airflow/.local/lib/python3.8/site-packages/airflow/example_dags/example_branch_operator_decorator.py for tasks to queue
[2024-04-08T08:51:48.760+0000] {logging_mixin.py:188} INFO - [2024-04-08T08:51:48.759+0000] {dagbag.py:540} INFO - Filling up the DagBag from /home/airflow/.local/lib/python3.8/site-packages/airflow/example_dags/example_branch_operator_decorator.py
[2024-04-08T08:51:48.777+0000] {processor.py:840} INFO - DAG(s) 'example_branch_python_operator_decorator' retrieved from /home/airflow/.local/lib/python3.8/site-packages/airflow/example_dags/example_branch_operator_decorator.py
[2024-04-08T08:51:48.800+0000] {logging_mixin.py:188} INFO - [2024-04-08T08:51:48.800+0000] {dag.py:3047} INFO - Sync 1 DAGs
[2024-04-08T08:51:48.819+0000] {logging_mixin.py:188} INFO - [2024-04-08T08:51:48.818+0000] {dag.py:3834} INFO - Setting next_dagrun for example_branch_python_operator_decorator to 2024-04-07 00:00:00+00:00, run_after=2024-04-08 00:00:00+00:00
[2024-04-08T08:51:48.837+0000] {processor.py:183} INFO - Processing /home/airflow/.local/lib/python3.8/site-packages/airflow/example_dags/example_branch_operator_decorator.py took 0.082 seconds
[2024-04-08T08:52:19.316+0000] {processor.py:161} INFO - Started process (PID=12994) to work on /home/airflow/.local/lib/python3.8/site-packages/airflow/example_dags/example_branch_operator_decorator.py
[2024-04-08T08:52:19.317+0000] {processor.py:830} INFO - Processing file /home/airflow/.local/lib/python3.8/site-packages/airflow/example_dags/example_branch_operator_decorator.py for tasks to queue
[2024-04-08T08:52:19.318+0000] {logging_mixin.py:188} INFO - [2024-04-08T08:52:19.318+0000] {dagbag.py:540} INFO - Filling up the DagBag from /home/airflow/.local/lib/python3.8/site-packages/airflow/example_dags/example_branch_operator_decorator.py
[2024-04-08T08:52:19.349+0000] {processor.py:840} INFO - DAG(s) 'example_branch_python_operator_decorator' retrieved from /home/airflow/.local/lib/python3.8/site-packages/airflow/example_dags/example_branch_operator_decorator.py
[2024-04-08T08:52:19.381+0000] {logging_mixin.py:188} INFO - [2024-04-08T08:52:19.381+0000] {dag.py:3047} INFO - Sync 1 DAGs
[2024-04-08T08:52:19.409+0000] {logging_mixin.py:188} INFO - [2024-04-08T08:52:19.409+0000] {dag.py:3834} INFO - Setting next_dagrun for example_branch_python_operator_decorator to 2024-04-07 00:00:00+00:00, run_after=2024-04-08 00:00:00+00:00
[2024-04-08T08:52:19.438+0000] {processor.py:183} INFO - Processing /home/airflow/.local/lib/python3.8/site-packages/airflow/example_dags/example_branch_operator_decorator.py took 0.127 seconds
[2024-04-08T08:52:49.888+0000] {processor.py:161} INFO - Started process (PID=13251) to work on /home/airflow/.local/lib/python3.8/site-packages/airflow/example_dags/example_branch_operator_decorator.py
[2024-04-08T08:52:49.889+0000] {processor.py:830} INFO - Processing file /home/airflow/.local/lib/python3.8/site-packages/airflow/example_dags/example_branch_operator_decorator.py for tasks to queue
[2024-04-08T08:52:49.890+0000] {logging_mixin.py:188} INFO - [2024-04-08T08:52:49.890+0000] {dagbag.py:540} INFO - Filling up the DagBag from /home/airflow/.local/lib/python3.8/site-packages/airflow/example_dags/example_branch_operator_decorator.py
[2024-04-08T08:52:49.920+0000] {processor.py:840} INFO - DAG(s) 'example_branch_python_operator_decorator' retrieved from /home/airflow/.local/lib/python3.8/site-packages/airflow/example_dags/example_branch_operator_decorator.py
[2024-04-08T08:52:49.952+0000] {logging_mixin.py:188} INFO - [2024-04-08T08:52:49.952+0000] {dag.py:3047} INFO - Sync 1 DAGs
[2024-04-08T08:52:49.978+0000] {logging_mixin.py:188} INFO - [2024-04-08T08:52:49.978+0000] {dag.py:3834} INFO - Setting next_dagrun for example_branch_python_operator_decorator to 2024-04-07 00:00:00+00:00, run_after=2024-04-08 00:00:00+00:00
[2024-04-08T08:52:50.007+0000] {processor.py:183} INFO - Processing /home/airflow/.local/lib/python3.8/site-packages/airflow/example_dags/example_branch_operator_decorator.py took 0.124 seconds
[2024-04-08T08:53:20.172+0000] {processor.py:161} INFO - Started process (PID=13508) to work on /home/airflow/.local/lib/python3.8/site-packages/airflow/example_dags/example_branch_operator_decorator.py
[2024-04-08T08:53:20.173+0000] {processor.py:830} INFO - Processing file /home/airflow/.local/lib/python3.8/site-packages/airflow/example_dags/example_branch_operator_decorator.py for tasks to queue
[2024-04-08T08:53:20.174+0000] {logging_mixin.py:188} INFO - [2024-04-08T08:53:20.173+0000] {dagbag.py:540} INFO - Filling up the DagBag from /home/airflow/.local/lib/python3.8/site-packages/airflow/example_dags/example_branch_operator_decorator.py
[2024-04-08T08:53:20.203+0000] {processor.py:840} INFO - DAG(s) 'example_branch_python_operator_decorator' retrieved from /home/airflow/.local/lib/python3.8/site-packages/airflow/example_dags/example_branch_operator_decorator.py
[2024-04-08T08:53:20.235+0000] {logging_mixin.py:188} INFO - [2024-04-08T08:53:20.235+0000] {dag.py:3047} INFO - Sync 1 DAGs
[2024-04-08T08:53:20.263+0000] {logging_mixin.py:188} INFO - [2024-04-08T08:53:20.263+0000] {dag.py:3834} INFO - Setting next_dagrun for example_branch_python_operator_decorator to 2024-04-07 00:00:00+00:00, run_after=2024-04-08 00:00:00+00:00
[2024-04-08T08:53:20.288+0000] {processor.py:183} INFO - Processing /home/airflow/.local/lib/python3.8/site-packages/airflow/example_dags/example_branch_operator_decorator.py took 0.120 seconds
[2024-04-08T08:53:50.818+0000] {processor.py:161} INFO - Started process (PID=13767) to work on /home/airflow/.local/lib/python3.8/site-packages/airflow/example_dags/example_branch_operator_decorator.py
[2024-04-08T08:53:50.819+0000] {processor.py:830} INFO - Processing file /home/airflow/.local/lib/python3.8/site-packages/airflow/example_dags/example_branch_operator_decorator.py for tasks to queue
[2024-04-08T08:53:50.819+0000] {logging_mixin.py:188} INFO - [2024-04-08T08:53:50.819+0000] {dagbag.py:540} INFO - Filling up the DagBag from /home/airflow/.local/lib/python3.8/site-packages/airflow/example_dags/example_branch_operator_decorator.py
[2024-04-08T08:53:50.846+0000] {processor.py:840} INFO - DAG(s) 'example_branch_python_operator_decorator' retrieved from /home/airflow/.local/lib/python3.8/site-packages/airflow/example_dags/example_branch_operator_decorator.py
[2024-04-08T08:53:50.884+0000] {logging_mixin.py:188} INFO - [2024-04-08T08:53:50.884+0000] {dag.py:3047} INFO - Sync 1 DAGs
[2024-04-08T08:53:50.912+0000] {logging_mixin.py:188} INFO - [2024-04-08T08:53:50.912+0000] {dag.py:3834} INFO - Setting next_dagrun for example_branch_python_operator_decorator to 2024-04-07 00:00:00+00:00, run_after=2024-04-08 00:00:00+00:00
[2024-04-08T08:53:50.939+0000] {processor.py:183} INFO - Processing /home/airflow/.local/lib/python3.8/site-packages/airflow/example_dags/example_branch_operator_decorator.py took 0.125 seconds
[2024-04-08T08:54:21.228+0000] {processor.py:161} INFO - Started process (PID=14028) to work on /home/airflow/.local/lib/python3.8/site-packages/airflow/example_dags/example_branch_operator_decorator.py
[2024-04-08T08:54:21.229+0000] {processor.py:830} INFO - Processing file /home/airflow/.local/lib/python3.8/site-packages/airflow/example_dags/example_branch_operator_decorator.py for tasks to queue
[2024-04-08T08:54:21.230+0000] {logging_mixin.py:188} INFO - [2024-04-08T08:54:21.230+0000] {dagbag.py:540} INFO - Filling up the DagBag from /home/airflow/.local/lib/python3.8/site-packages/airflow/example_dags/example_branch_operator_decorator.py
[2024-04-08T08:54:21.256+0000] {processor.py:840} INFO - DAG(s) 'example_branch_python_operator_decorator' retrieved from /home/airflow/.local/lib/python3.8/site-packages/airflow/example_dags/example_branch_operator_decorator.py
[2024-04-08T08:54:21.291+0000] {logging_mixin.py:188} INFO - [2024-04-08T08:54:21.291+0000] {dag.py:3047} INFO - Sync 1 DAGs
[2024-04-08T08:54:21.323+0000] {logging_mixin.py:188} INFO - [2024-04-08T08:54:21.323+0000] {dag.py:3834} INFO - Setting next_dagrun for example_branch_python_operator_decorator to 2024-04-07 00:00:00+00:00, run_after=2024-04-08 00:00:00+00:00
[2024-04-08T08:54:21.369+0000] {processor.py:183} INFO - Processing /home/airflow/.local/lib/python3.8/site-packages/airflow/example_dags/example_branch_operator_decorator.py took 0.145 seconds
[2024-04-08T08:54:51.624+0000] {processor.py:161} INFO - Started process (PID=14293) to work on /home/airflow/.local/lib/python3.8/site-packages/airflow/example_dags/example_branch_operator_decorator.py
[2024-04-08T08:54:51.625+0000] {processor.py:830} INFO - Processing file /home/airflow/.local/lib/python3.8/site-packages/airflow/example_dags/example_branch_operator_decorator.py for tasks to queue
[2024-04-08T08:54:51.625+0000] {logging_mixin.py:188} INFO - [2024-04-08T08:54:51.625+0000] {dagbag.py:540} INFO - Filling up the DagBag from /home/airflow/.local/lib/python3.8/site-packages/airflow/example_dags/example_branch_operator_decorator.py
[2024-04-08T08:54:51.644+0000] {processor.py:840} INFO - DAG(s) 'example_branch_python_operator_decorator' retrieved from /home/airflow/.local/lib/python3.8/site-packages/airflow/example_dags/example_branch_operator_decorator.py
[2024-04-08T08:54:51.667+0000] {logging_mixin.py:188} INFO - [2024-04-08T08:54:51.667+0000] {dag.py:3047} INFO - Sync 1 DAGs
[2024-04-08T08:54:51.685+0000] {logging_mixin.py:188} INFO - [2024-04-08T08:54:51.685+0000] {dag.py:3834} INFO - Setting next_dagrun for example_branch_python_operator_decorator to 2024-04-07 00:00:00+00:00, run_after=2024-04-08 00:00:00+00:00
[2024-04-08T08:54:51.704+0000] {processor.py:183} INFO - Processing /home/airflow/.local/lib/python3.8/site-packages/airflow/example_dags/example_branch_operator_decorator.py took 0.083 seconds
[2024-04-08T08:55:22.019+0000] {processor.py:161} INFO - Started process (PID=14549) to work on /home/airflow/.local/lib/python3.8/site-packages/airflow/example_dags/example_branch_operator_decorator.py
[2024-04-08T08:55:22.020+0000] {processor.py:830} INFO - Processing file /home/airflow/.local/lib/python3.8/site-packages/airflow/example_dags/example_branch_operator_decorator.py for tasks to queue
[2024-04-08T08:55:22.021+0000] {logging_mixin.py:188} INFO - [2024-04-08T08:55:22.021+0000] {dagbag.py:540} INFO - Filling up the DagBag from /home/airflow/.local/lib/python3.8/site-packages/airflow/example_dags/example_branch_operator_decorator.py
[2024-04-08T08:55:22.048+0000] {processor.py:840} INFO - DAG(s) 'example_branch_python_operator_decorator' retrieved from /home/airflow/.local/lib/python3.8/site-packages/airflow/example_dags/example_branch_operator_decorator.py
[2024-04-08T08:55:22.080+0000] {logging_mixin.py:188} INFO - [2024-04-08T08:55:22.080+0000] {dag.py:3047} INFO - Sync 1 DAGs
[2024-04-08T08:55:22.099+0000] {logging_mixin.py:188} INFO - [2024-04-08T08:55:22.099+0000] {dag.py:3834} INFO - Setting next_dagrun for example_branch_python_operator_decorator to 2024-04-07 00:00:00+00:00, run_after=2024-04-08 00:00:00+00:00
[2024-04-08T08:55:22.117+0000] {processor.py:183} INFO - Processing /home/airflow/.local/lib/python3.8/site-packages/airflow/example_dags/example_branch_operator_decorator.py took 0.102 seconds
[2024-04-08T08:55:52.322+0000] {processor.py:161} INFO - Started process (PID=14807) to work on /home/airflow/.local/lib/python3.8/site-packages/airflow/example_dags/example_branch_operator_decorator.py
[2024-04-08T08:55:52.323+0000] {processor.py:830} INFO - Processing file /home/airflow/.local/lib/python3.8/site-packages/airflow/example_dags/example_branch_operator_decorator.py for tasks to queue
[2024-04-08T08:55:52.324+0000] {logging_mixin.py:188} INFO - [2024-04-08T08:55:52.324+0000] {dagbag.py:540} INFO - Filling up the DagBag from /home/airflow/.local/lib/python3.8/site-packages/airflow/example_dags/example_branch_operator_decorator.py
[2024-04-08T08:55:52.351+0000] {processor.py:840} INFO - DAG(s) 'example_branch_python_operator_decorator' retrieved from /home/airflow/.local/lib/python3.8/site-packages/airflow/example_dags/example_branch_operator_decorator.py
[2024-04-08T08:55:52.386+0000] {logging_mixin.py:188} INFO - [2024-04-08T08:55:52.385+0000] {dag.py:3047} INFO - Sync 1 DAGs
[2024-04-08T08:55:52.406+0000] {logging_mixin.py:188} INFO - [2024-04-08T08:55:52.406+0000] {dag.py:3834} INFO - Setting next_dagrun for example_branch_python_operator_decorator to 2024-04-07 00:00:00+00:00, run_after=2024-04-08 00:00:00+00:00
[2024-04-08T08:55:52.424+0000] {processor.py:183} INFO - Processing /home/airflow/.local/lib/python3.8/site-packages/airflow/example_dags/example_branch_operator_decorator.py took 0.106 seconds
[2024-04-08T08:56:22.766+0000] {processor.py:161} INFO - Started process (PID=15070) to work on /home/airflow/.local/lib/python3.8/site-packages/airflow/example_dags/example_branch_operator_decorator.py
[2024-04-08T08:56:22.767+0000] {processor.py:830} INFO - Processing file /home/airflow/.local/lib/python3.8/site-packages/airflow/example_dags/example_branch_operator_decorator.py for tasks to queue
[2024-04-08T08:56:22.768+0000] {logging_mixin.py:188} INFO - [2024-04-08T08:56:22.768+0000] {dagbag.py:540} INFO - Filling up the DagBag from /home/airflow/.local/lib/python3.8/site-packages/airflow/example_dags/example_branch_operator_decorator.py
[2024-04-08T08:56:22.789+0000] {processor.py:840} INFO - DAG(s) 'example_branch_python_operator_decorator' retrieved from /home/airflow/.local/lib/python3.8/site-packages/airflow/example_dags/example_branch_operator_decorator.py
[2024-04-08T08:56:22.811+0000] {logging_mixin.py:188} INFO - [2024-04-08T08:56:22.811+0000] {dag.py:3047} INFO - Sync 1 DAGs
[2024-04-08T08:56:22.829+0000] {logging_mixin.py:188} INFO - [2024-04-08T08:56:22.829+0000] {dag.py:3834} INFO - Setting next_dagrun for example_branch_python_operator_decorator to 2024-04-07 00:00:00+00:00, run_after=2024-04-08 00:00:00+00:00
[2024-04-08T08:56:22.848+0000] {processor.py:183} INFO - Processing /home/airflow/.local/lib/python3.8/site-packages/airflow/example_dags/example_branch_operator_decorator.py took 0.085 seconds
