[2024-04-08T08:27:23.157+0000] {processor.py:161} INFO - Started process (PID=365) to work on /home/airflow/.local/lib/python3.8/site-packages/airflow/example_dags/example_branch_labels.py
[2024-04-08T08:27:23.162+0000] {processor.py:830} INFO - Processing file /home/airflow/.local/lib/python3.8/site-packages/airflow/example_dags/example_branch_labels.py for tasks to queue
[2024-04-08T08:27:23.163+0000] {logging_mixin.py:188} INFO - [2024-04-08T08:27:23.163+0000] {dagbag.py:540} INFO - Filling up the DagBag from /home/airflow/.local/lib/python3.8/site-packages/airflow/example_dags/example_branch_labels.py
[2024-04-08T08:27:23.179+0000] {processor.py:840} INFO - DAG(s) 'example_branch_labels' retrieved from /home/airflow/.local/lib/python3.8/site-packages/airflow/example_dags/example_branch_labels.py
[2024-04-08T08:27:23.216+0000] {logging_mixin.py:188} INFO - [2024-04-08T08:27:23.216+0000] {dag.py:3047} INFO - Sync 1 DAGs
[2024-04-08T08:27:23.243+0000] {logging_mixin.py:188} INFO - [2024-04-08T08:27:23.242+0000] {dag.py:3834} INFO - Setting next_dagrun for example_branch_labels to 2024-04-07 00:00:00+00:00, run_after=2024-04-08 00:00:00+00:00
[2024-04-08T08:27:23.268+0000] {processor.py:183} INFO - Processing /home/airflow/.local/lib/python3.8/site-packages/airflow/example_dags/example_branch_labels.py took 0.126 seconds
[2024-04-08T08:27:54.283+0000] {processor.py:161} INFO - Started process (PID=622) to work on /home/airflow/.local/lib/python3.8/site-packages/airflow/example_dags/example_branch_labels.py
[2024-04-08T08:27:54.298+0000] {processor.py:830} INFO - Processing file /home/airflow/.local/lib/python3.8/site-packages/airflow/example_dags/example_branch_labels.py for tasks to queue
[2024-04-08T08:27:54.300+0000] {logging_mixin.py:188} INFO - [2024-04-08T08:27:54.300+0000] {dagbag.py:540} INFO - Filling up the DagBag from /home/airflow/.local/lib/python3.8/site-packages/airflow/example_dags/example_branch_labels.py
[2024-04-08T08:27:54.320+0000] {processor.py:840} INFO - DAG(s) 'example_branch_labels' retrieved from /home/airflow/.local/lib/python3.8/site-packages/airflow/example_dags/example_branch_labels.py
[2024-04-08T08:27:54.364+0000] {logging_mixin.py:188} INFO - [2024-04-08T08:27:54.363+0000] {dag.py:3047} INFO - Sync 1 DAGs
[2024-04-08T08:27:54.391+0000] {logging_mixin.py:188} INFO - [2024-04-08T08:27:54.391+0000] {dag.py:3834} INFO - Setting next_dagrun for example_branch_labels to 2024-04-07 00:00:00+00:00, run_after=2024-04-08 00:00:00+00:00
[2024-04-08T08:27:54.456+0000] {processor.py:183} INFO - Processing /home/airflow/.local/lib/python3.8/site-packages/airflow/example_dags/example_branch_labels.py took 0.192 seconds
[2024-04-08T08:28:25.019+0000] {processor.py:161} INFO - Started process (PID=880) to work on /home/airflow/.local/lib/python3.8/site-packages/airflow/example_dags/example_branch_labels.py
[2024-04-08T08:28:25.020+0000] {processor.py:830} INFO - Processing file /home/airflow/.local/lib/python3.8/site-packages/airflow/example_dags/example_branch_labels.py for tasks to queue
[2024-04-08T08:28:25.021+0000] {logging_mixin.py:188} INFO - [2024-04-08T08:28:25.021+0000] {dagbag.py:540} INFO - Filling up the DagBag from /home/airflow/.local/lib/python3.8/site-packages/airflow/example_dags/example_branch_labels.py
[2024-04-08T08:28:25.031+0000] {processor.py:840} INFO - DAG(s) 'example_branch_labels' retrieved from /home/airflow/.local/lib/python3.8/site-packages/airflow/example_dags/example_branch_labels.py
[2024-04-08T08:28:25.054+0000] {logging_mixin.py:188} INFO - [2024-04-08T08:28:25.054+0000] {dag.py:3047} INFO - Sync 1 DAGs
[2024-04-08T08:28:25.080+0000] {logging_mixin.py:188} INFO - [2024-04-08T08:28:25.079+0000] {dag.py:3834} INFO - Setting next_dagrun for example_branch_labels to 2024-04-07 00:00:00+00:00, run_after=2024-04-08 00:00:00+00:00
[2024-04-08T08:28:25.103+0000] {processor.py:183} INFO - Processing /home/airflow/.local/lib/python3.8/site-packages/airflow/example_dags/example_branch_labels.py took 0.088 seconds
[2024-04-08T08:28:55.596+0000] {processor.py:161} INFO - Started process (PID=1138) to work on /home/airflow/.local/lib/python3.8/site-packages/airflow/example_dags/example_branch_labels.py
[2024-04-08T08:28:55.597+0000] {processor.py:830} INFO - Processing file /home/airflow/.local/lib/python3.8/site-packages/airflow/example_dags/example_branch_labels.py for tasks to queue
[2024-04-08T08:28:55.599+0000] {logging_mixin.py:188} INFO - [2024-04-08T08:28:55.598+0000] {dagbag.py:540} INFO - Filling up the DagBag from /home/airflow/.local/lib/python3.8/site-packages/airflow/example_dags/example_branch_labels.py
[2024-04-08T08:28:55.611+0000] {processor.py:840} INFO - DAG(s) 'example_branch_labels' retrieved from /home/airflow/.local/lib/python3.8/site-packages/airflow/example_dags/example_branch_labels.py
[2024-04-08T08:28:55.635+0000] {logging_mixin.py:188} INFO - [2024-04-08T08:28:55.634+0000] {dag.py:3047} INFO - Sync 1 DAGs
[2024-04-08T08:28:55.661+0000] {logging_mixin.py:188} INFO - [2024-04-08T08:28:55.660+0000] {dag.py:3834} INFO - Setting next_dagrun for example_branch_labels to 2024-04-07 00:00:00+00:00, run_after=2024-04-08 00:00:00+00:00
[2024-04-08T08:28:55.683+0000] {processor.py:183} INFO - Processing /home/airflow/.local/lib/python3.8/site-packages/airflow/example_dags/example_branch_labels.py took 0.091 seconds
[2024-04-08T08:29:26.024+0000] {processor.py:161} INFO - Started process (PID=1396) to work on /home/airflow/.local/lib/python3.8/site-packages/airflow/example_dags/example_branch_labels.py
[2024-04-08T08:29:26.025+0000] {processor.py:830} INFO - Processing file /home/airflow/.local/lib/python3.8/site-packages/airflow/example_dags/example_branch_labels.py for tasks to queue
[2024-04-08T08:29:26.027+0000] {logging_mixin.py:188} INFO - [2024-04-08T08:29:26.027+0000] {dagbag.py:540} INFO - Filling up the DagBag from /home/airflow/.local/lib/python3.8/site-packages/airflow/example_dags/example_branch_labels.py
[2024-04-08T08:29:26.039+0000] {processor.py:840} INFO - DAG(s) 'example_branch_labels' retrieved from /home/airflow/.local/lib/python3.8/site-packages/airflow/example_dags/example_branch_labels.py
[2024-04-08T08:29:26.077+0000] {logging_mixin.py:188} INFO - [2024-04-08T08:29:26.077+0000] {dag.py:3047} INFO - Sync 1 DAGs
[2024-04-08T08:29:26.105+0000] {logging_mixin.py:188} INFO - [2024-04-08T08:29:26.105+0000] {dag.py:3834} INFO - Setting next_dagrun for example_branch_labels to 2024-04-07 00:00:00+00:00, run_after=2024-04-08 00:00:00+00:00
[2024-04-08T08:29:26.129+0000] {processor.py:183} INFO - Processing /home/airflow/.local/lib/python3.8/site-packages/airflow/example_dags/example_branch_labels.py took 0.115 seconds
[2024-04-08T08:29:56.549+0000] {processor.py:161} INFO - Started process (PID=1653) to work on /home/airflow/.local/lib/python3.8/site-packages/airflow/example_dags/example_branch_labels.py
[2024-04-08T08:29:56.551+0000] {processor.py:830} INFO - Processing file /home/airflow/.local/lib/python3.8/site-packages/airflow/example_dags/example_branch_labels.py for tasks to queue
[2024-04-08T08:29:56.552+0000] {logging_mixin.py:188} INFO - [2024-04-08T08:29:56.552+0000] {dagbag.py:540} INFO - Filling up the DagBag from /home/airflow/.local/lib/python3.8/site-packages/airflow/example_dags/example_branch_labels.py
[2024-04-08T08:29:56.561+0000] {processor.py:840} INFO - DAG(s) 'example_branch_labels' retrieved from /home/airflow/.local/lib/python3.8/site-packages/airflow/example_dags/example_branch_labels.py
[2024-04-08T08:29:56.592+0000] {logging_mixin.py:188} INFO - [2024-04-08T08:29:56.592+0000] {dag.py:3047} INFO - Sync 1 DAGs
[2024-04-08T08:29:56.620+0000] {logging_mixin.py:188} INFO - [2024-04-08T08:29:56.619+0000] {dag.py:3834} INFO - Setting next_dagrun for example_branch_labels to 2024-04-07 00:00:00+00:00, run_after=2024-04-08 00:00:00+00:00
[2024-04-08T08:29:56.643+0000] {processor.py:183} INFO - Processing /home/airflow/.local/lib/python3.8/site-packages/airflow/example_dags/example_branch_labels.py took 0.097 seconds
[2024-04-08T08:30:27.277+0000] {processor.py:161} INFO - Started process (PID=1911) to work on /home/airflow/.local/lib/python3.8/site-packages/airflow/example_dags/example_branch_labels.py
[2024-04-08T08:30:27.279+0000] {processor.py:830} INFO - Processing file /home/airflow/.local/lib/python3.8/site-packages/airflow/example_dags/example_branch_labels.py for tasks to queue
[2024-04-08T08:30:27.280+0000] {logging_mixin.py:188} INFO - [2024-04-08T08:30:27.280+0000] {dagbag.py:540} INFO - Filling up the DagBag from /home/airflow/.local/lib/python3.8/site-packages/airflow/example_dags/example_branch_labels.py
[2024-04-08T08:30:27.298+0000] {processor.py:840} INFO - DAG(s) 'example_branch_labels' retrieved from /home/airflow/.local/lib/python3.8/site-packages/airflow/example_dags/example_branch_labels.py
[2024-04-08T08:30:27.356+0000] {logging_mixin.py:188} INFO - [2024-04-08T08:30:27.356+0000] {dag.py:3047} INFO - Sync 1 DAGs
[2024-04-08T08:30:27.501+0000] {logging_mixin.py:188} INFO - [2024-04-08T08:30:27.500+0000] {dag.py:3834} INFO - Setting next_dagrun for example_branch_labels to 2024-04-07 00:00:00+00:00, run_after=2024-04-08 00:00:00+00:00
[2024-04-08T08:30:27.561+0000] {processor.py:183} INFO - Processing /home/airflow/.local/lib/python3.8/site-packages/airflow/example_dags/example_branch_labels.py took 0.292 seconds
[2024-04-08T08:30:58.130+0000] {processor.py:161} INFO - Started process (PID=2168) to work on /home/airflow/.local/lib/python3.8/site-packages/airflow/example_dags/example_branch_labels.py
[2024-04-08T08:30:58.131+0000] {processor.py:830} INFO - Processing file /home/airflow/.local/lib/python3.8/site-packages/airflow/example_dags/example_branch_labels.py for tasks to queue
[2024-04-08T08:30:58.132+0000] {logging_mixin.py:188} INFO - [2024-04-08T08:30:58.132+0000] {dagbag.py:540} INFO - Filling up the DagBag from /home/airflow/.local/lib/python3.8/site-packages/airflow/example_dags/example_branch_labels.py
[2024-04-08T08:30:58.141+0000] {processor.py:840} INFO - DAG(s) 'example_branch_labels' retrieved from /home/airflow/.local/lib/python3.8/site-packages/airflow/example_dags/example_branch_labels.py
[2024-04-08T08:30:58.166+0000] {logging_mixin.py:188} INFO - [2024-04-08T08:30:58.166+0000] {dag.py:3047} INFO - Sync 1 DAGs
[2024-04-08T08:30:58.191+0000] {logging_mixin.py:188} INFO - [2024-04-08T08:30:58.191+0000] {dag.py:3834} INFO - Setting next_dagrun for example_branch_labels to 2024-04-07 00:00:00+00:00, run_after=2024-04-08 00:00:00+00:00
[2024-04-08T08:30:58.214+0000] {processor.py:183} INFO - Processing /home/airflow/.local/lib/python3.8/site-packages/airflow/example_dags/example_branch_labels.py took 0.087 seconds
[2024-04-08T08:31:28.703+0000] {processor.py:161} INFO - Started process (PID=2425) to work on /home/airflow/.local/lib/python3.8/site-packages/airflow/example_dags/example_branch_labels.py
[2024-04-08T08:31:28.704+0000] {processor.py:830} INFO - Processing file /home/airflow/.local/lib/python3.8/site-packages/airflow/example_dags/example_branch_labels.py for tasks to queue
[2024-04-08T08:31:28.705+0000] {logging_mixin.py:188} INFO - [2024-04-08T08:31:28.704+0000] {dagbag.py:540} INFO - Filling up the DagBag from /home/airflow/.local/lib/python3.8/site-packages/airflow/example_dags/example_branch_labels.py
[2024-04-08T08:31:28.714+0000] {processor.py:840} INFO - DAG(s) 'example_branch_labels' retrieved from /home/airflow/.local/lib/python3.8/site-packages/airflow/example_dags/example_branch_labels.py
[2024-04-08T08:31:28.740+0000] {logging_mixin.py:188} INFO - [2024-04-08T08:31:28.740+0000] {dag.py:3047} INFO - Sync 1 DAGs
[2024-04-08T08:31:28.768+0000] {logging_mixin.py:188} INFO - [2024-04-08T08:31:28.768+0000] {dag.py:3834} INFO - Setting next_dagrun for example_branch_labels to 2024-04-07 00:00:00+00:00, run_after=2024-04-08 00:00:00+00:00
[2024-04-08T08:31:28.794+0000] {processor.py:183} INFO - Processing /home/airflow/.local/lib/python3.8/site-packages/airflow/example_dags/example_branch_labels.py took 0.095 seconds
[2024-04-08T08:31:59.139+0000] {processor.py:161} INFO - Started process (PID=2682) to work on /home/airflow/.local/lib/python3.8/site-packages/airflow/example_dags/example_branch_labels.py
[2024-04-08T08:31:59.140+0000] {processor.py:830} INFO - Processing file /home/airflow/.local/lib/python3.8/site-packages/airflow/example_dags/example_branch_labels.py for tasks to queue
[2024-04-08T08:31:59.141+0000] {logging_mixin.py:188} INFO - [2024-04-08T08:31:59.140+0000] {dagbag.py:540} INFO - Filling up the DagBag from /home/airflow/.local/lib/python3.8/site-packages/airflow/example_dags/example_branch_labels.py
[2024-04-08T08:31:59.161+0000] {processor.py:840} INFO - DAG(s) 'example_branch_labels' retrieved from /home/airflow/.local/lib/python3.8/site-packages/airflow/example_dags/example_branch_labels.py
[2024-04-08T08:31:59.202+0000] {logging_mixin.py:188} INFO - [2024-04-08T08:31:59.201+0000] {dag.py:3047} INFO - Sync 1 DAGs
[2024-04-08T08:31:59.230+0000] {logging_mixin.py:188} INFO - [2024-04-08T08:31:59.230+0000] {dag.py:3834} INFO - Setting next_dagrun for example_branch_labels to 2024-04-07 00:00:00+00:00, run_after=2024-04-08 00:00:00+00:00
[2024-04-08T08:31:59.266+0000] {processor.py:183} INFO - Processing /home/airflow/.local/lib/python3.8/site-packages/airflow/example_dags/example_branch_labels.py took 0.131 seconds
[2024-04-08T08:32:30.364+0000] {processor.py:161} INFO - Started process (PID=2939) to work on /home/airflow/.local/lib/python3.8/site-packages/airflow/example_dags/example_branch_labels.py
[2024-04-08T08:32:30.377+0000] {processor.py:830} INFO - Processing file /home/airflow/.local/lib/python3.8/site-packages/airflow/example_dags/example_branch_labels.py for tasks to queue
[2024-04-08T08:32:30.379+0000] {logging_mixin.py:188} INFO - [2024-04-08T08:32:30.377+0000] {dagbag.py:540} INFO - Filling up the DagBag from /home/airflow/.local/lib/python3.8/site-packages/airflow/example_dags/example_branch_labels.py
[2024-04-08T08:32:30.414+0000] {processor.py:840} INFO - DAG(s) 'example_branch_labels' retrieved from /home/airflow/.local/lib/python3.8/site-packages/airflow/example_dags/example_branch_labels.py
[2024-04-08T08:32:30.443+0000] {logging_mixin.py:188} INFO - [2024-04-08T08:32:30.442+0000] {dag.py:3047} INFO - Sync 1 DAGs
[2024-04-08T08:32:30.505+0000] {logging_mixin.py:188} INFO - [2024-04-08T08:32:30.505+0000] {dag.py:3834} INFO - Setting next_dagrun for example_branch_labels to 2024-04-07 00:00:00+00:00, run_after=2024-04-08 00:00:00+00:00
[2024-04-08T08:32:30.551+0000] {processor.py:183} INFO - Processing /home/airflow/.local/lib/python3.8/site-packages/airflow/example_dags/example_branch_labels.py took 0.195 seconds
[2024-04-08T08:33:00.900+0000] {processor.py:161} INFO - Started process (PID=3196) to work on /home/airflow/.local/lib/python3.8/site-packages/airflow/example_dags/example_branch_labels.py
[2024-04-08T08:33:00.902+0000] {processor.py:830} INFO - Processing file /home/airflow/.local/lib/python3.8/site-packages/airflow/example_dags/example_branch_labels.py for tasks to queue
[2024-04-08T08:33:00.903+0000] {logging_mixin.py:188} INFO - [2024-04-08T08:33:00.903+0000] {dagbag.py:540} INFO - Filling up the DagBag from /home/airflow/.local/lib/python3.8/site-packages/airflow/example_dags/example_branch_labels.py
[2024-04-08T08:33:00.914+0000] {processor.py:840} INFO - DAG(s) 'example_branch_labels' retrieved from /home/airflow/.local/lib/python3.8/site-packages/airflow/example_dags/example_branch_labels.py
[2024-04-08T08:33:00.939+0000] {logging_mixin.py:188} INFO - [2024-04-08T08:33:00.939+0000] {dag.py:3047} INFO - Sync 1 DAGs
[2024-04-08T08:33:00.964+0000] {logging_mixin.py:188} INFO - [2024-04-08T08:33:00.964+0000] {dag.py:3834} INFO - Setting next_dagrun for example_branch_labels to 2024-04-07 00:00:00+00:00, run_after=2024-04-08 00:00:00+00:00
[2024-04-08T08:33:00.987+0000] {processor.py:183} INFO - Processing /home/airflow/.local/lib/python3.8/site-packages/airflow/example_dags/example_branch_labels.py took 0.091 seconds
[2024-04-08T08:33:31.414+0000] {processor.py:161} INFO - Started process (PID=3453) to work on /home/airflow/.local/lib/python3.8/site-packages/airflow/example_dags/example_branch_labels.py
[2024-04-08T08:33:31.415+0000] {processor.py:830} INFO - Processing file /home/airflow/.local/lib/python3.8/site-packages/airflow/example_dags/example_branch_labels.py for tasks to queue
[2024-04-08T08:33:31.416+0000] {logging_mixin.py:188} INFO - [2024-04-08T08:33:31.416+0000] {dagbag.py:540} INFO - Filling up the DagBag from /home/airflow/.local/lib/python3.8/site-packages/airflow/example_dags/example_branch_labels.py
[2024-04-08T08:33:31.426+0000] {processor.py:840} INFO - DAG(s) 'example_branch_labels' retrieved from /home/airflow/.local/lib/python3.8/site-packages/airflow/example_dags/example_branch_labels.py
[2024-04-08T08:33:31.449+0000] {logging_mixin.py:188} INFO - [2024-04-08T08:33:31.449+0000] {dag.py:3047} INFO - Sync 1 DAGs
[2024-04-08T08:33:31.475+0000] {logging_mixin.py:188} INFO - [2024-04-08T08:33:31.474+0000] {dag.py:3834} INFO - Setting next_dagrun for example_branch_labels to 2024-04-07 00:00:00+00:00, run_after=2024-04-08 00:00:00+00:00
[2024-04-08T08:33:31.500+0000] {processor.py:183} INFO - Processing /home/airflow/.local/lib/python3.8/site-packages/airflow/example_dags/example_branch_labels.py took 0.090 seconds
[2024-04-08T08:34:01.820+0000] {processor.py:161} INFO - Started process (PID=3710) to work on /home/airflow/.local/lib/python3.8/site-packages/airflow/example_dags/example_branch_labels.py
[2024-04-08T08:34:01.821+0000] {processor.py:830} INFO - Processing file /home/airflow/.local/lib/python3.8/site-packages/airflow/example_dags/example_branch_labels.py for tasks to queue
[2024-04-08T08:34:01.822+0000] {logging_mixin.py:188} INFO - [2024-04-08T08:34:01.822+0000] {dagbag.py:540} INFO - Filling up the DagBag from /home/airflow/.local/lib/python3.8/site-packages/airflow/example_dags/example_branch_labels.py
[2024-04-08T08:34:01.832+0000] {processor.py:840} INFO - DAG(s) 'example_branch_labels' retrieved from /home/airflow/.local/lib/python3.8/site-packages/airflow/example_dags/example_branch_labels.py
[2024-04-08T08:34:01.855+0000] {logging_mixin.py:188} INFO - [2024-04-08T08:34:01.855+0000] {dag.py:3047} INFO - Sync 1 DAGs
[2024-04-08T08:34:01.881+0000] {logging_mixin.py:188} INFO - [2024-04-08T08:34:01.880+0000] {dag.py:3834} INFO - Setting next_dagrun for example_branch_labels to 2024-04-07 00:00:00+00:00, run_after=2024-04-08 00:00:00+00:00
[2024-04-08T08:34:01.909+0000] {processor.py:183} INFO - Processing /home/airflow/.local/lib/python3.8/site-packages/airflow/example_dags/example_branch_labels.py took 0.093 seconds
[2024-04-08T08:34:32.026+0000] {processor.py:161} INFO - Started process (PID=3966) to work on /home/airflow/.local/lib/python3.8/site-packages/airflow/example_dags/example_branch_labels.py
[2024-04-08T08:34:32.027+0000] {processor.py:830} INFO - Processing file /home/airflow/.local/lib/python3.8/site-packages/airflow/example_dags/example_branch_labels.py for tasks to queue
[2024-04-08T08:34:32.028+0000] {logging_mixin.py:188} INFO - [2024-04-08T08:34:32.028+0000] {dagbag.py:540} INFO - Filling up the DagBag from /home/airflow/.local/lib/python3.8/site-packages/airflow/example_dags/example_branch_labels.py
[2024-04-08T08:34:32.037+0000] {processor.py:840} INFO - DAG(s) 'example_branch_labels' retrieved from /home/airflow/.local/lib/python3.8/site-packages/airflow/example_dags/example_branch_labels.py
[2024-04-08T08:34:32.062+0000] {logging_mixin.py:188} INFO - [2024-04-08T08:34:32.062+0000] {dag.py:3047} INFO - Sync 1 DAGs
[2024-04-08T08:34:32.088+0000] {logging_mixin.py:188} INFO - [2024-04-08T08:34:32.088+0000] {dag.py:3834} INFO - Setting next_dagrun for example_branch_labels to 2024-04-07 00:00:00+00:00, run_after=2024-04-08 00:00:00+00:00
[2024-04-08T08:34:32.111+0000] {processor.py:183} INFO - Processing /home/airflow/.local/lib/python3.8/site-packages/airflow/example_dags/example_branch_labels.py took 0.089 seconds
[2024-04-08T08:35:02.473+0000] {processor.py:161} INFO - Started process (PID=4223) to work on /home/airflow/.local/lib/python3.8/site-packages/airflow/example_dags/example_branch_labels.py
[2024-04-08T08:35:02.475+0000] {processor.py:830} INFO - Processing file /home/airflow/.local/lib/python3.8/site-packages/airflow/example_dags/example_branch_labels.py for tasks to queue
[2024-04-08T08:35:02.476+0000] {logging_mixin.py:188} INFO - [2024-04-08T08:35:02.475+0000] {dagbag.py:540} INFO - Filling up the DagBag from /home/airflow/.local/lib/python3.8/site-packages/airflow/example_dags/example_branch_labels.py
[2024-04-08T08:35:02.485+0000] {processor.py:840} INFO - DAG(s) 'example_branch_labels' retrieved from /home/airflow/.local/lib/python3.8/site-packages/airflow/example_dags/example_branch_labels.py
[2024-04-08T08:35:02.509+0000] {logging_mixin.py:188} INFO - [2024-04-08T08:35:02.509+0000] {dag.py:3047} INFO - Sync 1 DAGs
[2024-04-08T08:35:02.538+0000] {logging_mixin.py:188} INFO - [2024-04-08T08:35:02.538+0000] {dag.py:3834} INFO - Setting next_dagrun for example_branch_labels to 2024-04-07 00:00:00+00:00, run_after=2024-04-08 00:00:00+00:00
[2024-04-08T08:35:02.568+0000] {processor.py:183} INFO - Processing /home/airflow/.local/lib/python3.8/site-packages/airflow/example_dags/example_branch_labels.py took 0.098 seconds
[2024-04-08T08:35:33.183+0000] {processor.py:161} INFO - Started process (PID=4481) to work on /home/airflow/.local/lib/python3.8/site-packages/airflow/example_dags/example_branch_labels.py
[2024-04-08T08:35:33.184+0000] {processor.py:830} INFO - Processing file /home/airflow/.local/lib/python3.8/site-packages/airflow/example_dags/example_branch_labels.py for tasks to queue
[2024-04-08T08:35:33.185+0000] {logging_mixin.py:188} INFO - [2024-04-08T08:35:33.185+0000] {dagbag.py:540} INFO - Filling up the DagBag from /home/airflow/.local/lib/python3.8/site-packages/airflow/example_dags/example_branch_labels.py
[2024-04-08T08:35:33.194+0000] {processor.py:840} INFO - DAG(s) 'example_branch_labels' retrieved from /home/airflow/.local/lib/python3.8/site-packages/airflow/example_dags/example_branch_labels.py
[2024-04-08T08:35:33.217+0000] {logging_mixin.py:188} INFO - [2024-04-08T08:35:33.217+0000] {dag.py:3047} INFO - Sync 1 DAGs
[2024-04-08T08:35:33.244+0000] {logging_mixin.py:188} INFO - [2024-04-08T08:35:33.243+0000] {dag.py:3834} INFO - Setting next_dagrun for example_branch_labels to 2024-04-07 00:00:00+00:00, run_after=2024-04-08 00:00:00+00:00
[2024-04-08T08:35:33.268+0000] {processor.py:183} INFO - Processing /home/airflow/.local/lib/python3.8/site-packages/airflow/example_dags/example_branch_labels.py took 0.090 seconds
[2024-04-08T08:36:03.765+0000] {processor.py:161} INFO - Started process (PID=4738) to work on /home/airflow/.local/lib/python3.8/site-packages/airflow/example_dags/example_branch_labels.py
[2024-04-08T08:36:03.766+0000] {processor.py:830} INFO - Processing file /home/airflow/.local/lib/python3.8/site-packages/airflow/example_dags/example_branch_labels.py for tasks to queue
[2024-04-08T08:36:03.767+0000] {logging_mixin.py:188} INFO - [2024-04-08T08:36:03.766+0000] {dagbag.py:540} INFO - Filling up the DagBag from /home/airflow/.local/lib/python3.8/site-packages/airflow/example_dags/example_branch_labels.py
[2024-04-08T08:36:03.776+0000] {processor.py:840} INFO - DAG(s) 'example_branch_labels' retrieved from /home/airflow/.local/lib/python3.8/site-packages/airflow/example_dags/example_branch_labels.py
[2024-04-08T08:36:03.800+0000] {logging_mixin.py:188} INFO - [2024-04-08T08:36:03.800+0000] {dag.py:3047} INFO - Sync 1 DAGs
[2024-04-08T08:36:03.825+0000] {logging_mixin.py:188} INFO - [2024-04-08T08:36:03.825+0000] {dag.py:3834} INFO - Setting next_dagrun for example_branch_labels to 2024-04-07 00:00:00+00:00, run_after=2024-04-08 00:00:00+00:00
[2024-04-08T08:36:03.849+0000] {processor.py:183} INFO - Processing /home/airflow/.local/lib/python3.8/site-packages/airflow/example_dags/example_branch_labels.py took 0.088 seconds
[2024-04-08T08:36:34.050+0000] {processor.py:161} INFO - Started process (PID=4996) to work on /home/airflow/.local/lib/python3.8/site-packages/airflow/example_dags/example_branch_labels.py
[2024-04-08T08:36:34.051+0000] {processor.py:830} INFO - Processing file /home/airflow/.local/lib/python3.8/site-packages/airflow/example_dags/example_branch_labels.py for tasks to queue
[2024-04-08T08:36:34.052+0000] {logging_mixin.py:188} INFO - [2024-04-08T08:36:34.052+0000] {dagbag.py:540} INFO - Filling up the DagBag from /home/airflow/.local/lib/python3.8/site-packages/airflow/example_dags/example_branch_labels.py
[2024-04-08T08:36:34.062+0000] {processor.py:840} INFO - DAG(s) 'example_branch_labels' retrieved from /home/airflow/.local/lib/python3.8/site-packages/airflow/example_dags/example_branch_labels.py
[2024-04-08T08:36:34.086+0000] {logging_mixin.py:188} INFO - [2024-04-08T08:36:34.085+0000] {dag.py:3047} INFO - Sync 1 DAGs
[2024-04-08T08:36:34.112+0000] {logging_mixin.py:188} INFO - [2024-04-08T08:36:34.112+0000] {dag.py:3834} INFO - Setting next_dagrun for example_branch_labels to 2024-04-07 00:00:00+00:00, run_after=2024-04-08 00:00:00+00:00
[2024-04-08T08:36:34.137+0000] {processor.py:183} INFO - Processing /home/airflow/.local/lib/python3.8/site-packages/airflow/example_dags/example_branch_labels.py took 0.091 seconds
[2024-04-08T08:37:04.370+0000] {processor.py:161} INFO - Started process (PID=5253) to work on /home/airflow/.local/lib/python3.8/site-packages/airflow/example_dags/example_branch_labels.py
[2024-04-08T08:37:04.372+0000] {processor.py:830} INFO - Processing file /home/airflow/.local/lib/python3.8/site-packages/airflow/example_dags/example_branch_labels.py for tasks to queue
[2024-04-08T08:37:04.373+0000] {logging_mixin.py:188} INFO - [2024-04-08T08:37:04.372+0000] {dagbag.py:540} INFO - Filling up the DagBag from /home/airflow/.local/lib/python3.8/site-packages/airflow/example_dags/example_branch_labels.py
[2024-04-08T08:37:04.382+0000] {processor.py:840} INFO - DAG(s) 'example_branch_labels' retrieved from /home/airflow/.local/lib/python3.8/site-packages/airflow/example_dags/example_branch_labels.py
[2024-04-08T08:37:04.416+0000] {logging_mixin.py:188} INFO - [2024-04-08T08:37:04.416+0000] {dag.py:3047} INFO - Sync 1 DAGs
[2024-04-08T08:37:04.442+0000] {logging_mixin.py:188} INFO - [2024-04-08T08:37:04.441+0000] {dag.py:3834} INFO - Setting next_dagrun for example_branch_labels to 2024-04-07 00:00:00+00:00, run_after=2024-04-08 00:00:00+00:00
[2024-04-08T08:37:04.464+0000] {processor.py:183} INFO - Processing /home/airflow/.local/lib/python3.8/site-packages/airflow/example_dags/example_branch_labels.py took 0.097 seconds
[2024-04-08T08:37:34.980+0000] {processor.py:161} INFO - Started process (PID=5509) to work on /home/airflow/.local/lib/python3.8/site-packages/airflow/example_dags/example_branch_labels.py
[2024-04-08T08:37:34.981+0000] {processor.py:830} INFO - Processing file /home/airflow/.local/lib/python3.8/site-packages/airflow/example_dags/example_branch_labels.py for tasks to queue
[2024-04-08T08:37:34.982+0000] {logging_mixin.py:188} INFO - [2024-04-08T08:37:34.982+0000] {dagbag.py:540} INFO - Filling up the DagBag from /home/airflow/.local/lib/python3.8/site-packages/airflow/example_dags/example_branch_labels.py
[2024-04-08T08:37:34.992+0000] {processor.py:840} INFO - DAG(s) 'example_branch_labels' retrieved from /home/airflow/.local/lib/python3.8/site-packages/airflow/example_dags/example_branch_labels.py
[2024-04-08T08:37:35.021+0000] {logging_mixin.py:188} INFO - [2024-04-08T08:37:35.020+0000] {dag.py:3047} INFO - Sync 1 DAGs
[2024-04-08T08:37:35.049+0000] {logging_mixin.py:188} INFO - [2024-04-08T08:37:35.049+0000] {dag.py:3834} INFO - Setting next_dagrun for example_branch_labels to 2024-04-07 00:00:00+00:00, run_after=2024-04-08 00:00:00+00:00
[2024-04-08T08:37:35.072+0000] {processor.py:183} INFO - Processing /home/airflow/.local/lib/python3.8/site-packages/airflow/example_dags/example_branch_labels.py took 0.095 seconds
[2024-04-08T08:38:05.656+0000] {processor.py:161} INFO - Started process (PID=5766) to work on /home/airflow/.local/lib/python3.8/site-packages/airflow/example_dags/example_branch_labels.py
[2024-04-08T08:38:05.657+0000] {processor.py:830} INFO - Processing file /home/airflow/.local/lib/python3.8/site-packages/airflow/example_dags/example_branch_labels.py for tasks to queue
[2024-04-08T08:38:05.658+0000] {logging_mixin.py:188} INFO - [2024-04-08T08:38:05.658+0000] {dagbag.py:540} INFO - Filling up the DagBag from /home/airflow/.local/lib/python3.8/site-packages/airflow/example_dags/example_branch_labels.py
[2024-04-08T08:38:05.668+0000] {processor.py:840} INFO - DAG(s) 'example_branch_labels' retrieved from /home/airflow/.local/lib/python3.8/site-packages/airflow/example_dags/example_branch_labels.py
[2024-04-08T08:38:05.690+0000] {logging_mixin.py:188} INFO - [2024-04-08T08:38:05.690+0000] {dag.py:3047} INFO - Sync 1 DAGs
[2024-04-08T08:38:05.717+0000] {logging_mixin.py:188} INFO - [2024-04-08T08:38:05.717+0000] {dag.py:3834} INFO - Setting next_dagrun for example_branch_labels to 2024-04-07 00:00:00+00:00, run_after=2024-04-08 00:00:00+00:00
[2024-04-08T08:38:05.740+0000] {processor.py:183} INFO - Processing /home/airflow/.local/lib/python3.8/site-packages/airflow/example_dags/example_branch_labels.py took 0.089 seconds
[2024-04-08T08:38:36.210+0000] {processor.py:161} INFO - Started process (PID=6024) to work on /home/airflow/.local/lib/python3.8/site-packages/airflow/example_dags/example_branch_labels.py
[2024-04-08T08:38:36.211+0000] {processor.py:830} INFO - Processing file /home/airflow/.local/lib/python3.8/site-packages/airflow/example_dags/example_branch_labels.py for tasks to queue
[2024-04-08T08:38:36.212+0000] {logging_mixin.py:188} INFO - [2024-04-08T08:38:36.212+0000] {dagbag.py:540} INFO - Filling up the DagBag from /home/airflow/.local/lib/python3.8/site-packages/airflow/example_dags/example_branch_labels.py
[2024-04-08T08:38:36.221+0000] {processor.py:840} INFO - DAG(s) 'example_branch_labels' retrieved from /home/airflow/.local/lib/python3.8/site-packages/airflow/example_dags/example_branch_labels.py
[2024-04-08T08:38:36.246+0000] {logging_mixin.py:188} INFO - [2024-04-08T08:38:36.246+0000] {dag.py:3047} INFO - Sync 1 DAGs
[2024-04-08T08:38:36.274+0000] {logging_mixin.py:188} INFO - [2024-04-08T08:38:36.274+0000] {dag.py:3834} INFO - Setting next_dagrun for example_branch_labels to 2024-04-07 00:00:00+00:00, run_after=2024-04-08 00:00:00+00:00
[2024-04-08T08:38:36.298+0000] {processor.py:183} INFO - Processing /home/airflow/.local/lib/python3.8/site-packages/airflow/example_dags/example_branch_labels.py took 0.092 seconds
[2024-04-08T08:39:06.837+0000] {processor.py:161} INFO - Started process (PID=6281) to work on /home/airflow/.local/lib/python3.8/site-packages/airflow/example_dags/example_branch_labels.py
[2024-04-08T08:39:06.838+0000] {processor.py:830} INFO - Processing file /home/airflow/.local/lib/python3.8/site-packages/airflow/example_dags/example_branch_labels.py for tasks to queue
[2024-04-08T08:39:06.839+0000] {logging_mixin.py:188} INFO - [2024-04-08T08:39:06.839+0000] {dagbag.py:540} INFO - Filling up the DagBag from /home/airflow/.local/lib/python3.8/site-packages/airflow/example_dags/example_branch_labels.py
[2024-04-08T08:39:06.848+0000] {processor.py:840} INFO - DAG(s) 'example_branch_labels' retrieved from /home/airflow/.local/lib/python3.8/site-packages/airflow/example_dags/example_branch_labels.py
[2024-04-08T08:39:06.905+0000] {logging_mixin.py:188} INFO - [2024-04-08T08:39:06.905+0000] {dag.py:3047} INFO - Sync 1 DAGs
[2024-04-08T08:39:06.932+0000] {logging_mixin.py:188} INFO - [2024-04-08T08:39:06.932+0000] {dag.py:3834} INFO - Setting next_dagrun for example_branch_labels to 2024-04-07 00:00:00+00:00, run_after=2024-04-08 00:00:00+00:00
[2024-04-08T08:39:06.960+0000] {processor.py:183} INFO - Processing /home/airflow/.local/lib/python3.8/site-packages/airflow/example_dags/example_branch_labels.py took 0.127 seconds
[2024-04-08T08:39:37.325+0000] {processor.py:161} INFO - Started process (PID=6537) to work on /home/airflow/.local/lib/python3.8/site-packages/airflow/example_dags/example_branch_labels.py
[2024-04-08T08:39:37.326+0000] {processor.py:830} INFO - Processing file /home/airflow/.local/lib/python3.8/site-packages/airflow/example_dags/example_branch_labels.py for tasks to queue
[2024-04-08T08:39:37.327+0000] {logging_mixin.py:188} INFO - [2024-04-08T08:39:37.327+0000] {dagbag.py:540} INFO - Filling up the DagBag from /home/airflow/.local/lib/python3.8/site-packages/airflow/example_dags/example_branch_labels.py
[2024-04-08T08:39:37.338+0000] {processor.py:840} INFO - DAG(s) 'example_branch_labels' retrieved from /home/airflow/.local/lib/python3.8/site-packages/airflow/example_dags/example_branch_labels.py
[2024-04-08T08:39:37.364+0000] {logging_mixin.py:188} INFO - [2024-04-08T08:39:37.363+0000] {dag.py:3047} INFO - Sync 1 DAGs
[2024-04-08T08:39:37.391+0000] {logging_mixin.py:188} INFO - [2024-04-08T08:39:37.390+0000] {dag.py:3834} INFO - Setting next_dagrun for example_branch_labels to 2024-04-07 00:00:00+00:00, run_after=2024-04-08 00:00:00+00:00
[2024-04-08T08:39:37.416+0000] {processor.py:183} INFO - Processing /home/airflow/.local/lib/python3.8/site-packages/airflow/example_dags/example_branch_labels.py took 0.095 seconds
[2024-04-08T08:40:07.701+0000] {processor.py:161} INFO - Started process (PID=6794) to work on /home/airflow/.local/lib/python3.8/site-packages/airflow/example_dags/example_branch_labels.py
[2024-04-08T08:40:07.702+0000] {processor.py:830} INFO - Processing file /home/airflow/.local/lib/python3.8/site-packages/airflow/example_dags/example_branch_labels.py for tasks to queue
[2024-04-08T08:40:07.703+0000] {logging_mixin.py:188} INFO - [2024-04-08T08:40:07.702+0000] {dagbag.py:540} INFO - Filling up the DagBag from /home/airflow/.local/lib/python3.8/site-packages/airflow/example_dags/example_branch_labels.py
[2024-04-08T08:40:07.713+0000] {processor.py:840} INFO - DAG(s) 'example_branch_labels' retrieved from /home/airflow/.local/lib/python3.8/site-packages/airflow/example_dags/example_branch_labels.py
[2024-04-08T08:40:07.738+0000] {logging_mixin.py:188} INFO - [2024-04-08T08:40:07.737+0000] {dag.py:3047} INFO - Sync 1 DAGs
[2024-04-08T08:40:07.765+0000] {logging_mixin.py:188} INFO - [2024-04-08T08:40:07.765+0000] {dag.py:3834} INFO - Setting next_dagrun for example_branch_labels to 2024-04-07 00:00:00+00:00, run_after=2024-04-08 00:00:00+00:00
[2024-04-08T08:40:07.790+0000] {processor.py:183} INFO - Processing /home/airflow/.local/lib/python3.8/site-packages/airflow/example_dags/example_branch_labels.py took 0.093 seconds
[2024-04-08T08:40:38.029+0000] {processor.py:161} INFO - Started process (PID=7051) to work on /home/airflow/.local/lib/python3.8/site-packages/airflow/example_dags/example_branch_labels.py
[2024-04-08T08:40:38.031+0000] {processor.py:830} INFO - Processing file /home/airflow/.local/lib/python3.8/site-packages/airflow/example_dags/example_branch_labels.py for tasks to queue
[2024-04-08T08:40:38.032+0000] {logging_mixin.py:188} INFO - [2024-04-08T08:40:38.032+0000] {dagbag.py:540} INFO - Filling up the DagBag from /home/airflow/.local/lib/python3.8/site-packages/airflow/example_dags/example_branch_labels.py
[2024-04-08T08:40:38.041+0000] {processor.py:840} INFO - DAG(s) 'example_branch_labels' retrieved from /home/airflow/.local/lib/python3.8/site-packages/airflow/example_dags/example_branch_labels.py
[2024-04-08T08:40:38.067+0000] {logging_mixin.py:188} INFO - [2024-04-08T08:40:38.067+0000] {dag.py:3047} INFO - Sync 1 DAGs
[2024-04-08T08:40:38.094+0000] {logging_mixin.py:188} INFO - [2024-04-08T08:40:38.094+0000] {dag.py:3834} INFO - Setting next_dagrun for example_branch_labels to 2024-04-07 00:00:00+00:00, run_after=2024-04-08 00:00:00+00:00
[2024-04-08T08:40:38.118+0000] {processor.py:183} INFO - Processing /home/airflow/.local/lib/python3.8/site-packages/airflow/example_dags/example_branch_labels.py took 0.093 seconds
[2024-04-08T08:41:08.793+0000] {processor.py:161} INFO - Started process (PID=7314) to work on /home/airflow/.local/lib/python3.8/site-packages/airflow/example_dags/example_branch_labels.py
[2024-04-08T08:41:08.794+0000] {processor.py:830} INFO - Processing file /home/airflow/.local/lib/python3.8/site-packages/airflow/example_dags/example_branch_labels.py for tasks to queue
[2024-04-08T08:41:08.795+0000] {logging_mixin.py:188} INFO - [2024-04-08T08:41:08.795+0000] {dagbag.py:540} INFO - Filling up the DagBag from /home/airflow/.local/lib/python3.8/site-packages/airflow/example_dags/example_branch_labels.py
[2024-04-08T08:41:08.805+0000] {processor.py:840} INFO - DAG(s) 'example_branch_labels' retrieved from /home/airflow/.local/lib/python3.8/site-packages/airflow/example_dags/example_branch_labels.py
[2024-04-08T08:41:08.829+0000] {logging_mixin.py:188} INFO - [2024-04-08T08:41:08.829+0000] {dag.py:3047} INFO - Sync 1 DAGs
[2024-04-08T08:41:08.856+0000] {logging_mixin.py:188} INFO - [2024-04-08T08:41:08.856+0000] {dag.py:3834} INFO - Setting next_dagrun for example_branch_labels to 2024-04-07 00:00:00+00:00, run_after=2024-04-08 00:00:00+00:00
[2024-04-08T08:41:08.880+0000] {processor.py:183} INFO - Processing /home/airflow/.local/lib/python3.8/site-packages/airflow/example_dags/example_branch_labels.py took 0.089 seconds
[2024-04-08T08:41:39.058+0000] {processor.py:161} INFO - Started process (PID=7571) to work on /home/airflow/.local/lib/python3.8/site-packages/airflow/example_dags/example_branch_labels.py
[2024-04-08T08:41:39.059+0000] {processor.py:830} INFO - Processing file /home/airflow/.local/lib/python3.8/site-packages/airflow/example_dags/example_branch_labels.py for tasks to queue
[2024-04-08T08:41:39.060+0000] {logging_mixin.py:188} INFO - [2024-04-08T08:41:39.059+0000] {dagbag.py:540} INFO - Filling up the DagBag from /home/airflow/.local/lib/python3.8/site-packages/airflow/example_dags/example_branch_labels.py
[2024-04-08T08:41:39.069+0000] {processor.py:840} INFO - DAG(s) 'example_branch_labels' retrieved from /home/airflow/.local/lib/python3.8/site-packages/airflow/example_dags/example_branch_labels.py
[2024-04-08T08:41:39.093+0000] {logging_mixin.py:188} INFO - [2024-04-08T08:41:39.093+0000] {dag.py:3047} INFO - Sync 1 DAGs
[2024-04-08T08:41:39.121+0000] {logging_mixin.py:188} INFO - [2024-04-08T08:41:39.120+0000] {dag.py:3834} INFO - Setting next_dagrun for example_branch_labels to 2024-04-07 00:00:00+00:00, run_after=2024-04-08 00:00:00+00:00
[2024-04-08T08:41:39.144+0000] {processor.py:183} INFO - Processing /home/airflow/.local/lib/python3.8/site-packages/airflow/example_dags/example_branch_labels.py took 0.091 seconds
[2024-04-08T08:42:09.416+0000] {processor.py:161} INFO - Started process (PID=7828) to work on /home/airflow/.local/lib/python3.8/site-packages/airflow/example_dags/example_branch_labels.py
[2024-04-08T08:42:09.417+0000] {processor.py:830} INFO - Processing file /home/airflow/.local/lib/python3.8/site-packages/airflow/example_dags/example_branch_labels.py for tasks to queue
[2024-04-08T08:42:09.418+0000] {logging_mixin.py:188} INFO - [2024-04-08T08:42:09.418+0000] {dagbag.py:540} INFO - Filling up the DagBag from /home/airflow/.local/lib/python3.8/site-packages/airflow/example_dags/example_branch_labels.py
[2024-04-08T08:42:09.428+0000] {processor.py:840} INFO - DAG(s) 'example_branch_labels' retrieved from /home/airflow/.local/lib/python3.8/site-packages/airflow/example_dags/example_branch_labels.py
[2024-04-08T08:42:09.452+0000] {logging_mixin.py:188} INFO - [2024-04-08T08:42:09.451+0000] {dag.py:3047} INFO - Sync 1 DAGs
[2024-04-08T08:42:09.476+0000] {logging_mixin.py:188} INFO - [2024-04-08T08:42:09.476+0000] {dag.py:3834} INFO - Setting next_dagrun for example_branch_labels to 2024-04-07 00:00:00+00:00, run_after=2024-04-08 00:00:00+00:00
[2024-04-08T08:42:09.500+0000] {processor.py:183} INFO - Processing /home/airflow/.local/lib/python3.8/site-packages/airflow/example_dags/example_branch_labels.py took 0.088 seconds
[2024-04-08T08:42:39.767+0000] {processor.py:161} INFO - Started process (PID=8085) to work on /home/airflow/.local/lib/python3.8/site-packages/airflow/example_dags/example_branch_labels.py
[2024-04-08T08:42:39.768+0000] {processor.py:830} INFO - Processing file /home/airflow/.local/lib/python3.8/site-packages/airflow/example_dags/example_branch_labels.py for tasks to queue
[2024-04-08T08:42:39.769+0000] {logging_mixin.py:188} INFO - [2024-04-08T08:42:39.769+0000] {dagbag.py:540} INFO - Filling up the DagBag from /home/airflow/.local/lib/python3.8/site-packages/airflow/example_dags/example_branch_labels.py
[2024-04-08T08:42:39.779+0000] {processor.py:840} INFO - DAG(s) 'example_branch_labels' retrieved from /home/airflow/.local/lib/python3.8/site-packages/airflow/example_dags/example_branch_labels.py
[2024-04-08T08:42:39.804+0000] {logging_mixin.py:188} INFO - [2024-04-08T08:42:39.804+0000] {dag.py:3047} INFO - Sync 1 DAGs
[2024-04-08T08:42:39.830+0000] {logging_mixin.py:188} INFO - [2024-04-08T08:42:39.830+0000] {dag.py:3834} INFO - Setting next_dagrun for example_branch_labels to 2024-04-07 00:00:00+00:00, run_after=2024-04-08 00:00:00+00:00
[2024-04-08T08:42:39.854+0000] {processor.py:183} INFO - Processing /home/airflow/.local/lib/python3.8/site-packages/airflow/example_dags/example_branch_labels.py took 0.091 seconds
[2024-04-08T08:43:10.329+0000] {processor.py:161} INFO - Started process (PID=8342) to work on /home/airflow/.local/lib/python3.8/site-packages/airflow/example_dags/example_branch_labels.py
[2024-04-08T08:43:10.331+0000] {processor.py:830} INFO - Processing file /home/airflow/.local/lib/python3.8/site-packages/airflow/example_dags/example_branch_labels.py for tasks to queue
[2024-04-08T08:43:10.332+0000] {logging_mixin.py:188} INFO - [2024-04-08T08:43:10.331+0000] {dagbag.py:540} INFO - Filling up the DagBag from /home/airflow/.local/lib/python3.8/site-packages/airflow/example_dags/example_branch_labels.py
[2024-04-08T08:43:10.341+0000] {processor.py:840} INFO - DAG(s) 'example_branch_labels' retrieved from /home/airflow/.local/lib/python3.8/site-packages/airflow/example_dags/example_branch_labels.py
[2024-04-08T08:43:10.366+0000] {logging_mixin.py:188} INFO - [2024-04-08T08:43:10.366+0000] {dag.py:3047} INFO - Sync 1 DAGs
[2024-04-08T08:43:10.393+0000] {logging_mixin.py:188} INFO - [2024-04-08T08:43:10.393+0000] {dag.py:3834} INFO - Setting next_dagrun for example_branch_labels to 2024-04-07 00:00:00+00:00, run_after=2024-04-08 00:00:00+00:00
[2024-04-08T08:43:10.417+0000] {processor.py:183} INFO - Processing /home/airflow/.local/lib/python3.8/site-packages/airflow/example_dags/example_branch_labels.py took 0.097 seconds
[2024-04-08T08:43:40.833+0000] {processor.py:161} INFO - Started process (PID=8601) to work on /home/airflow/.local/lib/python3.8/site-packages/airflow/example_dags/example_branch_labels.py
[2024-04-08T08:43:40.834+0000] {processor.py:830} INFO - Processing file /home/airflow/.local/lib/python3.8/site-packages/airflow/example_dags/example_branch_labels.py for tasks to queue
[2024-04-08T08:43:40.835+0000] {logging_mixin.py:188} INFO - [2024-04-08T08:43:40.834+0000] {dagbag.py:540} INFO - Filling up the DagBag from /home/airflow/.local/lib/python3.8/site-packages/airflow/example_dags/example_branch_labels.py
[2024-04-08T08:43:40.844+0000] {processor.py:840} INFO - DAG(s) 'example_branch_labels' retrieved from /home/airflow/.local/lib/python3.8/site-packages/airflow/example_dags/example_branch_labels.py
[2024-04-08T08:43:40.871+0000] {logging_mixin.py:188} INFO - [2024-04-08T08:43:40.870+0000] {dag.py:3047} INFO - Sync 1 DAGs
[2024-04-08T08:43:40.900+0000] {logging_mixin.py:188} INFO - [2024-04-08T08:43:40.900+0000] {dag.py:3834} INFO - Setting next_dagrun for example_branch_labels to 2024-04-07 00:00:00+00:00, run_after=2024-04-08 00:00:00+00:00
[2024-04-08T08:43:40.937+0000] {processor.py:183} INFO - Processing /home/airflow/.local/lib/python3.8/site-packages/airflow/example_dags/example_branch_labels.py took 0.108 seconds
[2024-04-08T08:44:11.511+0000] {processor.py:161} INFO - Started process (PID=8857) to work on /home/airflow/.local/lib/python3.8/site-packages/airflow/example_dags/example_branch_labels.py
[2024-04-08T08:44:11.512+0000] {processor.py:830} INFO - Processing file /home/airflow/.local/lib/python3.8/site-packages/airflow/example_dags/example_branch_labels.py for tasks to queue
[2024-04-08T08:44:11.513+0000] {logging_mixin.py:188} INFO - [2024-04-08T08:44:11.513+0000] {dagbag.py:540} INFO - Filling up the DagBag from /home/airflow/.local/lib/python3.8/site-packages/airflow/example_dags/example_branch_labels.py
[2024-04-08T08:44:11.524+0000] {processor.py:840} INFO - DAG(s) 'example_branch_labels' retrieved from /home/airflow/.local/lib/python3.8/site-packages/airflow/example_dags/example_branch_labels.py
[2024-04-08T08:44:11.553+0000] {logging_mixin.py:188} INFO - [2024-04-08T08:44:11.553+0000] {dag.py:3047} INFO - Sync 1 DAGs
[2024-04-08T08:44:11.579+0000] {logging_mixin.py:188} INFO - [2024-04-08T08:44:11.579+0000] {dag.py:3834} INFO - Setting next_dagrun for example_branch_labels to 2024-04-07 00:00:00+00:00, run_after=2024-04-08 00:00:00+00:00
[2024-04-08T08:44:11.603+0000] {processor.py:183} INFO - Processing /home/airflow/.local/lib/python3.8/site-packages/airflow/example_dags/example_branch_labels.py took 0.096 seconds
[2024-04-08T08:44:41.853+0000] {processor.py:161} INFO - Started process (PID=9116) to work on /home/airflow/.local/lib/python3.8/site-packages/airflow/example_dags/example_branch_labels.py
[2024-04-08T08:44:41.853+0000] {processor.py:830} INFO - Processing file /home/airflow/.local/lib/python3.8/site-packages/airflow/example_dags/example_branch_labels.py for tasks to queue
[2024-04-08T08:44:41.854+0000] {logging_mixin.py:188} INFO - [2024-04-08T08:44:41.854+0000] {dagbag.py:540} INFO - Filling up the DagBag from /home/airflow/.local/lib/python3.8/site-packages/airflow/example_dags/example_branch_labels.py
[2024-04-08T08:44:41.864+0000] {processor.py:840} INFO - DAG(s) 'example_branch_labels' retrieved from /home/airflow/.local/lib/python3.8/site-packages/airflow/example_dags/example_branch_labels.py
[2024-04-08T08:44:41.886+0000] {logging_mixin.py:188} INFO - [2024-04-08T08:44:41.886+0000] {dag.py:3047} INFO - Sync 1 DAGs
[2024-04-08T08:44:41.915+0000] {logging_mixin.py:188} INFO - [2024-04-08T08:44:41.915+0000] {dag.py:3834} INFO - Setting next_dagrun for example_branch_labels to 2024-04-07 00:00:00+00:00, run_after=2024-04-08 00:00:00+00:00
[2024-04-08T08:44:41.940+0000] {processor.py:183} INFO - Processing /home/airflow/.local/lib/python3.8/site-packages/airflow/example_dags/example_branch_labels.py took 0.091 seconds
[2024-04-08T08:45:12.248+0000] {processor.py:161} INFO - Started process (PID=9374) to work on /home/airflow/.local/lib/python3.8/site-packages/airflow/example_dags/example_branch_labels.py
[2024-04-08T08:45:12.250+0000] {processor.py:830} INFO - Processing file /home/airflow/.local/lib/python3.8/site-packages/airflow/example_dags/example_branch_labels.py for tasks to queue
[2024-04-08T08:45:12.251+0000] {logging_mixin.py:188} INFO - [2024-04-08T08:45:12.251+0000] {dagbag.py:540} INFO - Filling up the DagBag from /home/airflow/.local/lib/python3.8/site-packages/airflow/example_dags/example_branch_labels.py
[2024-04-08T08:45:12.265+0000] {processor.py:840} INFO - DAG(s) 'example_branch_labels' retrieved from /home/airflow/.local/lib/python3.8/site-packages/airflow/example_dags/example_branch_labels.py
[2024-04-08T08:45:12.290+0000] {logging_mixin.py:188} INFO - [2024-04-08T08:45:12.290+0000] {dag.py:3047} INFO - Sync 1 DAGs
[2024-04-08T08:45:12.317+0000] {logging_mixin.py:188} INFO - [2024-04-08T08:45:12.317+0000] {dag.py:3834} INFO - Setting next_dagrun for example_branch_labels to 2024-04-07 00:00:00+00:00, run_after=2024-04-08 00:00:00+00:00
[2024-04-08T08:45:12.343+0000] {processor.py:183} INFO - Processing /home/airflow/.local/lib/python3.8/site-packages/airflow/example_dags/example_branch_labels.py took 0.098 seconds
[2024-04-08T08:45:42.539+0000] {processor.py:161} INFO - Started process (PID=9631) to work on /home/airflow/.local/lib/python3.8/site-packages/airflow/example_dags/example_branch_labels.py
[2024-04-08T08:45:42.540+0000] {processor.py:830} INFO - Processing file /home/airflow/.local/lib/python3.8/site-packages/airflow/example_dags/example_branch_labels.py for tasks to queue
[2024-04-08T08:45:42.542+0000] {logging_mixin.py:188} INFO - [2024-04-08T08:45:42.541+0000] {dagbag.py:540} INFO - Filling up the DagBag from /home/airflow/.local/lib/python3.8/site-packages/airflow/example_dags/example_branch_labels.py
[2024-04-08T08:45:42.551+0000] {processor.py:840} INFO - DAG(s) 'example_branch_labels' retrieved from /home/airflow/.local/lib/python3.8/site-packages/airflow/example_dags/example_branch_labels.py
[2024-04-08T08:45:42.574+0000] {logging_mixin.py:188} INFO - [2024-04-08T08:45:42.574+0000] {dag.py:3047} INFO - Sync 1 DAGs
[2024-04-08T08:45:42.609+0000] {logging_mixin.py:188} INFO - [2024-04-08T08:45:42.609+0000] {dag.py:3834} INFO - Setting next_dagrun for example_branch_labels to 2024-04-07 00:00:00+00:00, run_after=2024-04-08 00:00:00+00:00
[2024-04-08T08:45:42.634+0000] {processor.py:183} INFO - Processing /home/airflow/.local/lib/python3.8/site-packages/airflow/example_dags/example_branch_labels.py took 0.099 seconds
[2024-04-08T08:46:12.871+0000] {processor.py:161} INFO - Started process (PID=9888) to work on /home/airflow/.local/lib/python3.8/site-packages/airflow/example_dags/example_branch_labels.py
[2024-04-08T08:46:12.872+0000] {processor.py:830} INFO - Processing file /home/airflow/.local/lib/python3.8/site-packages/airflow/example_dags/example_branch_labels.py for tasks to queue
[2024-04-08T08:46:12.873+0000] {logging_mixin.py:188} INFO - [2024-04-08T08:46:12.873+0000] {dagbag.py:540} INFO - Filling up the DagBag from /home/airflow/.local/lib/python3.8/site-packages/airflow/example_dags/example_branch_labels.py
[2024-04-08T08:46:12.882+0000] {processor.py:840} INFO - DAG(s) 'example_branch_labels' retrieved from /home/airflow/.local/lib/python3.8/site-packages/airflow/example_dags/example_branch_labels.py
[2024-04-08T08:46:12.905+0000] {logging_mixin.py:188} INFO - [2024-04-08T08:46:12.905+0000] {dag.py:3047} INFO - Sync 1 DAGs
[2024-04-08T08:46:12.935+0000] {logging_mixin.py:188} INFO - [2024-04-08T08:46:12.935+0000] {dag.py:3834} INFO - Setting next_dagrun for example_branch_labels to 2024-04-07 00:00:00+00:00, run_after=2024-04-08 00:00:00+00:00
[2024-04-08T08:46:12.960+0000] {processor.py:183} INFO - Processing /home/airflow/.local/lib/python3.8/site-packages/airflow/example_dags/example_branch_labels.py took 0.092 seconds
[2024-04-08T08:46:43.481+0000] {processor.py:161} INFO - Started process (PID=10145) to work on /home/airflow/.local/lib/python3.8/site-packages/airflow/example_dags/example_branch_labels.py
[2024-04-08T08:46:43.483+0000] {processor.py:830} INFO - Processing file /home/airflow/.local/lib/python3.8/site-packages/airflow/example_dags/example_branch_labels.py for tasks to queue
[2024-04-08T08:46:43.484+0000] {logging_mixin.py:188} INFO - [2024-04-08T08:46:43.483+0000] {dagbag.py:540} INFO - Filling up the DagBag from /home/airflow/.local/lib/python3.8/site-packages/airflow/example_dags/example_branch_labels.py
[2024-04-08T08:46:43.493+0000] {processor.py:840} INFO - DAG(s) 'example_branch_labels' retrieved from /home/airflow/.local/lib/python3.8/site-packages/airflow/example_dags/example_branch_labels.py
[2024-04-08T08:46:43.517+0000] {logging_mixin.py:188} INFO - [2024-04-08T08:46:43.517+0000] {dag.py:3047} INFO - Sync 1 DAGs
[2024-04-08T08:46:43.543+0000] {logging_mixin.py:188} INFO - [2024-04-08T08:46:43.543+0000] {dag.py:3834} INFO - Setting next_dagrun for example_branch_labels to 2024-04-07 00:00:00+00:00, run_after=2024-04-08 00:00:00+00:00
[2024-04-08T08:46:43.566+0000] {processor.py:183} INFO - Processing /home/airflow/.local/lib/python3.8/site-packages/airflow/example_dags/example_branch_labels.py took 0.088 seconds
[2024-04-08T08:47:14.153+0000] {processor.py:161} INFO - Started process (PID=10402) to work on /home/airflow/.local/lib/python3.8/site-packages/airflow/example_dags/example_branch_labels.py
[2024-04-08T08:47:14.154+0000] {processor.py:830} INFO - Processing file /home/airflow/.local/lib/python3.8/site-packages/airflow/example_dags/example_branch_labels.py for tasks to queue
[2024-04-08T08:47:14.156+0000] {logging_mixin.py:188} INFO - [2024-04-08T08:47:14.155+0000] {dagbag.py:540} INFO - Filling up the DagBag from /home/airflow/.local/lib/python3.8/site-packages/airflow/example_dags/example_branch_labels.py
[2024-04-08T08:47:14.176+0000] {processor.py:840} INFO - DAG(s) 'example_branch_labels' retrieved from /home/airflow/.local/lib/python3.8/site-packages/airflow/example_dags/example_branch_labels.py
[2024-04-08T08:47:14.211+0000] {logging_mixin.py:188} INFO - [2024-04-08T08:47:14.211+0000] {dag.py:3047} INFO - Sync 1 DAGs
[2024-04-08T08:47:14.243+0000] {logging_mixin.py:188} INFO - [2024-04-08T08:47:14.243+0000] {dag.py:3834} INFO - Setting next_dagrun for example_branch_labels to 2024-04-07 00:00:00+00:00, run_after=2024-04-08 00:00:00+00:00
[2024-04-08T08:47:14.266+0000] {processor.py:183} INFO - Processing /home/airflow/.local/lib/python3.8/site-packages/airflow/example_dags/example_branch_labels.py took 0.120 seconds
[2024-04-08T08:47:44.394+0000] {processor.py:161} INFO - Started process (PID=10659) to work on /home/airflow/.local/lib/python3.8/site-packages/airflow/example_dags/example_branch_labels.py
[2024-04-08T08:47:44.395+0000] {processor.py:830} INFO - Processing file /home/airflow/.local/lib/python3.8/site-packages/airflow/example_dags/example_branch_labels.py for tasks to queue
[2024-04-08T08:47:44.396+0000] {logging_mixin.py:188} INFO - [2024-04-08T08:47:44.396+0000] {dagbag.py:540} INFO - Filling up the DagBag from /home/airflow/.local/lib/python3.8/site-packages/airflow/example_dags/example_branch_labels.py
[2024-04-08T08:47:44.405+0000] {processor.py:840} INFO - DAG(s) 'example_branch_labels' retrieved from /home/airflow/.local/lib/python3.8/site-packages/airflow/example_dags/example_branch_labels.py
[2024-04-08T08:47:44.428+0000] {logging_mixin.py:188} INFO - [2024-04-08T08:47:44.428+0000] {dag.py:3047} INFO - Sync 1 DAGs
[2024-04-08T08:47:44.453+0000] {logging_mixin.py:188} INFO - [2024-04-08T08:47:44.453+0000] {dag.py:3834} INFO - Setting next_dagrun for example_branch_labels to 2024-04-07 00:00:00+00:00, run_after=2024-04-08 00:00:00+00:00
[2024-04-08T08:47:44.476+0000] {processor.py:183} INFO - Processing /home/airflow/.local/lib/python3.8/site-packages/airflow/example_dags/example_branch_labels.py took 0.086 seconds
[2024-04-08T08:48:15.348+0000] {processor.py:161} INFO - Started process (PID=10916) to work on /home/airflow/.local/lib/python3.8/site-packages/airflow/example_dags/example_branch_labels.py
[2024-04-08T08:48:15.350+0000] {processor.py:830} INFO - Processing file /home/airflow/.local/lib/python3.8/site-packages/airflow/example_dags/example_branch_labels.py for tasks to queue
[2024-04-08T08:48:15.350+0000] {logging_mixin.py:188} INFO - [2024-04-08T08:48:15.350+0000] {dagbag.py:540} INFO - Filling up the DagBag from /home/airflow/.local/lib/python3.8/site-packages/airflow/example_dags/example_branch_labels.py
[2024-04-08T08:48:15.360+0000] {processor.py:840} INFO - DAG(s) 'example_branch_labels' retrieved from /home/airflow/.local/lib/python3.8/site-packages/airflow/example_dags/example_branch_labels.py
[2024-04-08T08:48:15.398+0000] {logging_mixin.py:188} INFO - [2024-04-08T08:48:15.398+0000] {dag.py:3047} INFO - Sync 1 DAGs
[2024-04-08T08:48:15.423+0000] {logging_mixin.py:188} INFO - [2024-04-08T08:48:15.423+0000] {dag.py:3834} INFO - Setting next_dagrun for example_branch_labels to 2024-04-07 00:00:00+00:00, run_after=2024-04-08 00:00:00+00:00
[2024-04-08T08:48:15.447+0000] {processor.py:183} INFO - Processing /home/airflow/.local/lib/python3.8/site-packages/airflow/example_dags/example_branch_labels.py took 0.102 seconds
[2024-04-08T08:48:45.736+0000] {processor.py:161} INFO - Started process (PID=11173) to work on /home/airflow/.local/lib/python3.8/site-packages/airflow/example_dags/example_branch_labels.py
[2024-04-08T08:48:45.737+0000] {processor.py:830} INFO - Processing file /home/airflow/.local/lib/python3.8/site-packages/airflow/example_dags/example_branch_labels.py for tasks to queue
[2024-04-08T08:48:45.739+0000] {logging_mixin.py:188} INFO - [2024-04-08T08:48:45.738+0000] {dagbag.py:540} INFO - Filling up the DagBag from /home/airflow/.local/lib/python3.8/site-packages/airflow/example_dags/example_branch_labels.py
[2024-04-08T08:48:45.748+0000] {processor.py:840} INFO - DAG(s) 'example_branch_labels' retrieved from /home/airflow/.local/lib/python3.8/site-packages/airflow/example_dags/example_branch_labels.py
[2024-04-08T08:48:45.772+0000] {logging_mixin.py:188} INFO - [2024-04-08T08:48:45.771+0000] {dag.py:3047} INFO - Sync 1 DAGs
[2024-04-08T08:48:45.798+0000] {logging_mixin.py:188} INFO - [2024-04-08T08:48:45.798+0000] {dag.py:3834} INFO - Setting next_dagrun for example_branch_labels to 2024-04-07 00:00:00+00:00, run_after=2024-04-08 00:00:00+00:00
[2024-04-08T08:48:45.824+0000] {processor.py:183} INFO - Processing /home/airflow/.local/lib/python3.8/site-packages/airflow/example_dags/example_branch_labels.py took 0.092 seconds
[2024-04-08T08:49:16.150+0000] {processor.py:161} INFO - Started process (PID=11430) to work on /home/airflow/.local/lib/python3.8/site-packages/airflow/example_dags/example_branch_labels.py
[2024-04-08T08:49:16.151+0000] {processor.py:830} INFO - Processing file /home/airflow/.local/lib/python3.8/site-packages/airflow/example_dags/example_branch_labels.py for tasks to queue
[2024-04-08T08:49:16.152+0000] {logging_mixin.py:188} INFO - [2024-04-08T08:49:16.152+0000] {dagbag.py:540} INFO - Filling up the DagBag from /home/airflow/.local/lib/python3.8/site-packages/airflow/example_dags/example_branch_labels.py
[2024-04-08T08:49:16.162+0000] {processor.py:840} INFO - DAG(s) 'example_branch_labels' retrieved from /home/airflow/.local/lib/python3.8/site-packages/airflow/example_dags/example_branch_labels.py
[2024-04-08T08:49:16.185+0000] {logging_mixin.py:188} INFO - [2024-04-08T08:49:16.185+0000] {dag.py:3047} INFO - Sync 1 DAGs
[2024-04-08T08:49:16.214+0000] {logging_mixin.py:188} INFO - [2024-04-08T08:49:16.214+0000] {dag.py:3834} INFO - Setting next_dagrun for example_branch_labels to 2024-04-07 00:00:00+00:00, run_after=2024-04-08 00:00:00+00:00
[2024-04-08T08:49:16.239+0000] {processor.py:183} INFO - Processing /home/airflow/.local/lib/python3.8/site-packages/airflow/example_dags/example_branch_labels.py took 0.093 seconds
[2024-04-08T08:49:46.604+0000] {processor.py:161} INFO - Started process (PID=11688) to work on /home/airflow/.local/lib/python3.8/site-packages/airflow/example_dags/example_branch_labels.py
[2024-04-08T08:49:46.605+0000] {processor.py:830} INFO - Processing file /home/airflow/.local/lib/python3.8/site-packages/airflow/example_dags/example_branch_labels.py for tasks to queue
[2024-04-08T08:49:46.606+0000] {logging_mixin.py:188} INFO - [2024-04-08T08:49:46.606+0000] {dagbag.py:540} INFO - Filling up the DagBag from /home/airflow/.local/lib/python3.8/site-packages/airflow/example_dags/example_branch_labels.py
[2024-04-08T08:49:46.617+0000] {processor.py:840} INFO - DAG(s) 'example_branch_labels' retrieved from /home/airflow/.local/lib/python3.8/site-packages/airflow/example_dags/example_branch_labels.py
[2024-04-08T08:49:46.643+0000] {logging_mixin.py:188} INFO - [2024-04-08T08:49:46.642+0000] {dag.py:3047} INFO - Sync 1 DAGs
[2024-04-08T08:49:46.668+0000] {logging_mixin.py:188} INFO - [2024-04-08T08:49:46.668+0000] {dag.py:3834} INFO - Setting next_dagrun for example_branch_labels to 2024-04-07 00:00:00+00:00, run_after=2024-04-08 00:00:00+00:00
[2024-04-08T08:49:46.694+0000] {processor.py:183} INFO - Processing /home/airflow/.local/lib/python3.8/site-packages/airflow/example_dags/example_branch_labels.py took 0.095 seconds
[2024-04-08T08:50:17.180+0000] {processor.py:161} INFO - Started process (PID=11944) to work on /home/airflow/.local/lib/python3.8/site-packages/airflow/example_dags/example_branch_labels.py
[2024-04-08T08:50:17.181+0000] {processor.py:830} INFO - Processing file /home/airflow/.local/lib/python3.8/site-packages/airflow/example_dags/example_branch_labels.py for tasks to queue
[2024-04-08T08:50:17.182+0000] {logging_mixin.py:188} INFO - [2024-04-08T08:50:17.182+0000] {dagbag.py:540} INFO - Filling up the DagBag from /home/airflow/.local/lib/python3.8/site-packages/airflow/example_dags/example_branch_labels.py
[2024-04-08T08:50:17.192+0000] {processor.py:840} INFO - DAG(s) 'example_branch_labels' retrieved from /home/airflow/.local/lib/python3.8/site-packages/airflow/example_dags/example_branch_labels.py
[2024-04-08T08:50:17.215+0000] {logging_mixin.py:188} INFO - [2024-04-08T08:50:17.215+0000] {dag.py:3047} INFO - Sync 1 DAGs
[2024-04-08T08:50:17.241+0000] {logging_mixin.py:188} INFO - [2024-04-08T08:50:17.241+0000] {dag.py:3834} INFO - Setting next_dagrun for example_branch_labels to 2024-04-07 00:00:00+00:00, run_after=2024-04-08 00:00:00+00:00
[2024-04-08T08:50:17.269+0000] {processor.py:183} INFO - Processing /home/airflow/.local/lib/python3.8/site-packages/airflow/example_dags/example_branch_labels.py took 0.093 seconds
[2024-04-08T08:50:47.521+0000] {processor.py:161} INFO - Started process (PID=12202) to work on /home/airflow/.local/lib/python3.8/site-packages/airflow/example_dags/example_branch_labels.py
[2024-04-08T08:50:47.530+0000] {processor.py:830} INFO - Processing file /home/airflow/.local/lib/python3.8/site-packages/airflow/example_dags/example_branch_labels.py for tasks to queue
[2024-04-08T08:50:47.531+0000] {logging_mixin.py:188} INFO - [2024-04-08T08:50:47.531+0000] {dagbag.py:540} INFO - Filling up the DagBag from /home/airflow/.local/lib/python3.8/site-packages/airflow/example_dags/example_branch_labels.py
[2024-04-08T08:50:47.541+0000] {processor.py:840} INFO - DAG(s) 'example_branch_labels' retrieved from /home/airflow/.local/lib/python3.8/site-packages/airflow/example_dags/example_branch_labels.py
[2024-04-08T08:50:47.573+0000] {logging_mixin.py:188} INFO - [2024-04-08T08:50:47.573+0000] {dag.py:3047} INFO - Sync 1 DAGs
[2024-04-08T08:50:47.599+0000] {logging_mixin.py:188} INFO - [2024-04-08T08:50:47.598+0000] {dag.py:3834} INFO - Setting next_dagrun for example_branch_labels to 2024-04-07 00:00:00+00:00, run_after=2024-04-08 00:00:00+00:00
[2024-04-08T08:50:47.622+0000] {processor.py:183} INFO - Processing /home/airflow/.local/lib/python3.8/site-packages/airflow/example_dags/example_branch_labels.py took 0.105 seconds
[2024-04-08T08:51:18.041+0000] {processor.py:161} INFO - Started process (PID=12460) to work on /home/airflow/.local/lib/python3.8/site-packages/airflow/example_dags/example_branch_labels.py
[2024-04-08T08:51:18.043+0000] {processor.py:830} INFO - Processing file /home/airflow/.local/lib/python3.8/site-packages/airflow/example_dags/example_branch_labels.py for tasks to queue
[2024-04-08T08:51:18.044+0000] {logging_mixin.py:188} INFO - [2024-04-08T08:51:18.043+0000] {dagbag.py:540} INFO - Filling up the DagBag from /home/airflow/.local/lib/python3.8/site-packages/airflow/example_dags/example_branch_labels.py
[2024-04-08T08:51:18.062+0000] {processor.py:840} INFO - DAG(s) 'example_branch_labels' retrieved from /home/airflow/.local/lib/python3.8/site-packages/airflow/example_dags/example_branch_labels.py
[2024-04-08T08:51:18.102+0000] {logging_mixin.py:188} INFO - [2024-04-08T08:51:18.101+0000] {dag.py:3047} INFO - Sync 1 DAGs
[2024-04-08T08:51:18.133+0000] {logging_mixin.py:188} INFO - [2024-04-08T08:51:18.133+0000] {dag.py:3834} INFO - Setting next_dagrun for example_branch_labels to 2024-04-07 00:00:00+00:00, run_after=2024-04-08 00:00:00+00:00
[2024-04-08T08:51:18.160+0000] {processor.py:183} INFO - Processing /home/airflow/.local/lib/python3.8/site-packages/airflow/example_dags/example_branch_labels.py took 0.122 seconds
[2024-04-08T08:51:48.410+0000] {processor.py:161} INFO - Started process (PID=12717) to work on /home/airflow/.local/lib/python3.8/site-packages/airflow/example_dags/example_branch_labels.py
[2024-04-08T08:51:48.411+0000] {processor.py:830} INFO - Processing file /home/airflow/.local/lib/python3.8/site-packages/airflow/example_dags/example_branch_labels.py for tasks to queue
[2024-04-08T08:51:48.412+0000] {logging_mixin.py:188} INFO - [2024-04-08T08:51:48.412+0000] {dagbag.py:540} INFO - Filling up the DagBag from /home/airflow/.local/lib/python3.8/site-packages/airflow/example_dags/example_branch_labels.py
[2024-04-08T08:51:48.422+0000] {processor.py:840} INFO - DAG(s) 'example_branch_labels' retrieved from /home/airflow/.local/lib/python3.8/site-packages/airflow/example_dags/example_branch_labels.py
[2024-04-08T08:51:48.446+0000] {logging_mixin.py:188} INFO - [2024-04-08T08:51:48.446+0000] {dag.py:3047} INFO - Sync 1 DAGs
[2024-04-08T08:51:48.482+0000] {logging_mixin.py:188} INFO - [2024-04-08T08:51:48.482+0000] {dag.py:3834} INFO - Setting next_dagrun for example_branch_labels to 2024-04-07 00:00:00+00:00, run_after=2024-04-08 00:00:00+00:00
[2024-04-08T08:51:48.508+0000] {processor.py:183} INFO - Processing /home/airflow/.local/lib/python3.8/site-packages/airflow/example_dags/example_branch_labels.py took 0.102 seconds
[2024-04-08T08:52:19.086+0000] {processor.py:161} INFO - Started process (PID=12974) to work on /home/airflow/.local/lib/python3.8/site-packages/airflow/example_dags/example_branch_labels.py
[2024-04-08T08:52:19.087+0000] {processor.py:830} INFO - Processing file /home/airflow/.local/lib/python3.8/site-packages/airflow/example_dags/example_branch_labels.py for tasks to queue
[2024-04-08T08:52:19.088+0000] {logging_mixin.py:188} INFO - [2024-04-08T08:52:19.087+0000] {dagbag.py:540} INFO - Filling up the DagBag from /home/airflow/.local/lib/python3.8/site-packages/airflow/example_dags/example_branch_labels.py
[2024-04-08T08:52:19.097+0000] {processor.py:840} INFO - DAG(s) 'example_branch_labels' retrieved from /home/airflow/.local/lib/python3.8/site-packages/airflow/example_dags/example_branch_labels.py
[2024-04-08T08:52:19.122+0000] {logging_mixin.py:188} INFO - [2024-04-08T08:52:19.122+0000] {dag.py:3047} INFO - Sync 1 DAGs
[2024-04-08T08:52:19.149+0000] {logging_mixin.py:188} INFO - [2024-04-08T08:52:19.149+0000] {dag.py:3834} INFO - Setting next_dagrun for example_branch_labels to 2024-04-07 00:00:00+00:00, run_after=2024-04-08 00:00:00+00:00
[2024-04-08T08:52:19.175+0000] {processor.py:183} INFO - Processing /home/airflow/.local/lib/python3.8/site-packages/airflow/example_dags/example_branch_labels.py took 0.093 seconds
[2024-04-08T08:52:49.656+0000] {processor.py:161} INFO - Started process (PID=13231) to work on /home/airflow/.local/lib/python3.8/site-packages/airflow/example_dags/example_branch_labels.py
[2024-04-08T08:52:49.657+0000] {processor.py:830} INFO - Processing file /home/airflow/.local/lib/python3.8/site-packages/airflow/example_dags/example_branch_labels.py for tasks to queue
[2024-04-08T08:52:49.658+0000] {logging_mixin.py:188} INFO - [2024-04-08T08:52:49.658+0000] {dagbag.py:540} INFO - Filling up the DagBag from /home/airflow/.local/lib/python3.8/site-packages/airflow/example_dags/example_branch_labels.py
[2024-04-08T08:52:49.667+0000] {processor.py:840} INFO - DAG(s) 'example_branch_labels' retrieved from /home/airflow/.local/lib/python3.8/site-packages/airflow/example_dags/example_branch_labels.py
[2024-04-08T08:52:49.692+0000] {logging_mixin.py:188} INFO - [2024-04-08T08:52:49.692+0000] {dag.py:3047} INFO - Sync 1 DAGs
[2024-04-08T08:52:49.719+0000] {logging_mixin.py:188} INFO - [2024-04-08T08:52:49.718+0000] {dag.py:3834} INFO - Setting next_dagrun for example_branch_labels to 2024-04-07 00:00:00+00:00, run_after=2024-04-08 00:00:00+00:00
[2024-04-08T08:52:49.743+0000] {processor.py:183} INFO - Processing /home/airflow/.local/lib/python3.8/site-packages/airflow/example_dags/example_branch_labels.py took 0.090 seconds
[2024-04-08T08:53:19.936+0000] {processor.py:161} INFO - Started process (PID=13488) to work on /home/airflow/.local/lib/python3.8/site-packages/airflow/example_dags/example_branch_labels.py
[2024-04-08T08:53:19.937+0000] {processor.py:830} INFO - Processing file /home/airflow/.local/lib/python3.8/site-packages/airflow/example_dags/example_branch_labels.py for tasks to queue
[2024-04-08T08:53:19.939+0000] {logging_mixin.py:188} INFO - [2024-04-08T08:53:19.938+0000] {dagbag.py:540} INFO - Filling up the DagBag from /home/airflow/.local/lib/python3.8/site-packages/airflow/example_dags/example_branch_labels.py
[2024-04-08T08:53:19.948+0000] {processor.py:840} INFO - DAG(s) 'example_branch_labels' retrieved from /home/airflow/.local/lib/python3.8/site-packages/airflow/example_dags/example_branch_labels.py
[2024-04-08T08:53:19.972+0000] {logging_mixin.py:188} INFO - [2024-04-08T08:53:19.972+0000] {dag.py:3047} INFO - Sync 1 DAGs
[2024-04-08T08:53:19.997+0000] {logging_mixin.py:188} INFO - [2024-04-08T08:53:19.997+0000] {dag.py:3834} INFO - Setting next_dagrun for example_branch_labels to 2024-04-07 00:00:00+00:00, run_after=2024-04-08 00:00:00+00:00
[2024-04-08T08:53:20.021+0000] {processor.py:183} INFO - Processing /home/airflow/.local/lib/python3.8/site-packages/airflow/example_dags/example_branch_labels.py took 0.089 seconds
[2024-04-08T08:53:50.507+0000] {processor.py:161} INFO - Started process (PID=13745) to work on /home/airflow/.local/lib/python3.8/site-packages/airflow/example_dags/example_branch_labels.py
[2024-04-08T08:53:50.508+0000] {processor.py:830} INFO - Processing file /home/airflow/.local/lib/python3.8/site-packages/airflow/example_dags/example_branch_labels.py for tasks to queue
[2024-04-08T08:53:50.512+0000] {logging_mixin.py:188} INFO - [2024-04-08T08:53:50.512+0000] {dagbag.py:540} INFO - Filling up the DagBag from /home/airflow/.local/lib/python3.8/site-packages/airflow/example_dags/example_branch_labels.py
[2024-04-08T08:53:50.522+0000] {processor.py:840} INFO - DAG(s) 'example_branch_labels' retrieved from /home/airflow/.local/lib/python3.8/site-packages/airflow/example_dags/example_branch_labels.py
[2024-04-08T08:53:50.548+0000] {logging_mixin.py:188} INFO - [2024-04-08T08:53:50.547+0000] {dag.py:3047} INFO - Sync 1 DAGs
[2024-04-08T08:53:50.573+0000] {logging_mixin.py:188} INFO - [2024-04-08T08:53:50.573+0000] {dag.py:3834} INFO - Setting next_dagrun for example_branch_labels to 2024-04-07 00:00:00+00:00, run_after=2024-04-08 00:00:00+00:00
[2024-04-08T08:53:50.598+0000] {processor.py:183} INFO - Processing /home/airflow/.local/lib/python3.8/site-packages/airflow/example_dags/example_branch_labels.py took 0.095 seconds
[2024-04-08T08:54:20.859+0000] {processor.py:161} INFO - Started process (PID=14003) to work on /home/airflow/.local/lib/python3.8/site-packages/airflow/example_dags/example_branch_labels.py
[2024-04-08T08:54:20.860+0000] {processor.py:830} INFO - Processing file /home/airflow/.local/lib/python3.8/site-packages/airflow/example_dags/example_branch_labels.py for tasks to queue
[2024-04-08T08:54:20.861+0000] {logging_mixin.py:188} INFO - [2024-04-08T08:54:20.860+0000] {dagbag.py:540} INFO - Filling up the DagBag from /home/airflow/.local/lib/python3.8/site-packages/airflow/example_dags/example_branch_labels.py
[2024-04-08T08:54:20.875+0000] {processor.py:840} INFO - DAG(s) 'example_branch_labels' retrieved from /home/airflow/.local/lib/python3.8/site-packages/airflow/example_dags/example_branch_labels.py
[2024-04-08T08:54:20.907+0000] {logging_mixin.py:188} INFO - [2024-04-08T08:54:20.907+0000] {dag.py:3047} INFO - Sync 1 DAGs
[2024-04-08T08:54:20.954+0000] {logging_mixin.py:188} INFO - [2024-04-08T08:54:20.954+0000] {dag.py:3834} INFO - Setting next_dagrun for example_branch_labels to 2024-04-07 00:00:00+00:00, run_after=2024-04-08 00:00:00+00:00
[2024-04-08T08:54:20.978+0000] {processor.py:183} INFO - Processing /home/airflow/.local/lib/python3.8/site-packages/airflow/example_dags/example_branch_labels.py took 0.123 seconds
[2024-04-08T08:54:51.228+0000] {processor.py:161} INFO - Started process (PID=14261) to work on /home/airflow/.local/lib/python3.8/site-packages/airflow/example_dags/example_branch_labels.py
[2024-04-08T08:54:51.229+0000] {processor.py:830} INFO - Processing file /home/airflow/.local/lib/python3.8/site-packages/airflow/example_dags/example_branch_labels.py for tasks to queue
[2024-04-08T08:54:51.230+0000] {logging_mixin.py:188} INFO - [2024-04-08T08:54:51.230+0000] {dagbag.py:540} INFO - Filling up the DagBag from /home/airflow/.local/lib/python3.8/site-packages/airflow/example_dags/example_branch_labels.py
[2024-04-08T08:54:51.240+0000] {processor.py:840} INFO - DAG(s) 'example_branch_labels' retrieved from /home/airflow/.local/lib/python3.8/site-packages/airflow/example_dags/example_branch_labels.py
[2024-04-08T08:54:51.263+0000] {logging_mixin.py:188} INFO - [2024-04-08T08:54:51.263+0000] {dag.py:3047} INFO - Sync 1 DAGs
[2024-04-08T08:54:51.289+0000] {logging_mixin.py:188} INFO - [2024-04-08T08:54:51.289+0000] {dag.py:3834} INFO - Setting next_dagrun for example_branch_labels to 2024-04-07 00:00:00+00:00, run_after=2024-04-08 00:00:00+00:00
[2024-04-08T08:54:51.311+0000] {processor.py:183} INFO - Processing /home/airflow/.local/lib/python3.8/site-packages/airflow/example_dags/example_branch_labels.py took 0.087 seconds
[2024-04-08T08:55:21.567+0000] {processor.py:161} INFO - Started process (PID=14519) to work on /home/airflow/.local/lib/python3.8/site-packages/airflow/example_dags/example_branch_labels.py
[2024-04-08T08:55:21.569+0000] {processor.py:830} INFO - Processing file /home/airflow/.local/lib/python3.8/site-packages/airflow/example_dags/example_branch_labels.py for tasks to queue
[2024-04-08T08:55:21.570+0000] {logging_mixin.py:188} INFO - [2024-04-08T08:55:21.569+0000] {dagbag.py:540} INFO - Filling up the DagBag from /home/airflow/.local/lib/python3.8/site-packages/airflow/example_dags/example_branch_labels.py
[2024-04-08T08:55:21.589+0000] {processor.py:840} INFO - DAG(s) 'example_branch_labels' retrieved from /home/airflow/.local/lib/python3.8/site-packages/airflow/example_dags/example_branch_labels.py
[2024-04-08T08:55:21.624+0000] {logging_mixin.py:188} INFO - [2024-04-08T08:55:21.624+0000] {dag.py:3047} INFO - Sync 1 DAGs
[2024-04-08T08:55:21.678+0000] {logging_mixin.py:188} INFO - [2024-04-08T08:55:21.678+0000] {dag.py:3834} INFO - Setting next_dagrun for example_branch_labels to 2024-04-07 00:00:00+00:00, run_after=2024-04-08 00:00:00+00:00
[2024-04-08T08:55:21.729+0000] {processor.py:183} INFO - Processing /home/airflow/.local/lib/python3.8/site-packages/airflow/example_dags/example_branch_labels.py took 0.165 seconds
[2024-04-08T08:55:52.024+0000] {processor.py:161} INFO - Started process (PID=14777) to work on /home/airflow/.local/lib/python3.8/site-packages/airflow/example_dags/example_branch_labels.py
[2024-04-08T08:55:52.025+0000] {processor.py:830} INFO - Processing file /home/airflow/.local/lib/python3.8/site-packages/airflow/example_dags/example_branch_labels.py for tasks to queue
[2024-04-08T08:55:52.026+0000] {logging_mixin.py:188} INFO - [2024-04-08T08:55:52.026+0000] {dagbag.py:540} INFO - Filling up the DagBag from /home/airflow/.local/lib/python3.8/site-packages/airflow/example_dags/example_branch_labels.py
[2024-04-08T08:55:52.033+0000] {processor.py:840} INFO - DAG(s) 'example_branch_labels' retrieved from /home/airflow/.local/lib/python3.8/site-packages/airflow/example_dags/example_branch_labels.py
[2024-04-08T08:55:52.057+0000] {logging_mixin.py:188} INFO - [2024-04-08T08:55:52.057+0000] {dag.py:3047} INFO - Sync 1 DAGs
[2024-04-08T08:55:52.086+0000] {logging_mixin.py:188} INFO - [2024-04-08T08:55:52.086+0000] {dag.py:3834} INFO - Setting next_dagrun for example_branch_labels to 2024-04-07 00:00:00+00:00, run_after=2024-04-08 00:00:00+00:00
[2024-04-08T08:55:52.111+0000] {processor.py:183} INFO - Processing /home/airflow/.local/lib/python3.8/site-packages/airflow/example_dags/example_branch_labels.py took 0.090 seconds
[2024-04-08T08:56:22.305+0000] {processor.py:161} INFO - Started process (PID=15035) to work on /home/airflow/.local/lib/python3.8/site-packages/airflow/example_dags/example_branch_labels.py
[2024-04-08T08:56:22.307+0000] {processor.py:830} INFO - Processing file /home/airflow/.local/lib/python3.8/site-packages/airflow/example_dags/example_branch_labels.py for tasks to queue
[2024-04-08T08:56:22.308+0000] {logging_mixin.py:188} INFO - [2024-04-08T08:56:22.308+0000] {dagbag.py:540} INFO - Filling up the DagBag from /home/airflow/.local/lib/python3.8/site-packages/airflow/example_dags/example_branch_labels.py
[2024-04-08T08:56:22.317+0000] {processor.py:840} INFO - DAG(s) 'example_branch_labels' retrieved from /home/airflow/.local/lib/python3.8/site-packages/airflow/example_dags/example_branch_labels.py
[2024-04-08T08:56:22.344+0000] {logging_mixin.py:188} INFO - [2024-04-08T08:56:22.344+0000] {dag.py:3047} INFO - Sync 1 DAGs
[2024-04-08T08:56:22.368+0000] {logging_mixin.py:188} INFO - [2024-04-08T08:56:22.367+0000] {dag.py:3834} INFO - Setting next_dagrun for example_branch_labels to 2024-04-07 00:00:00+00:00, run_after=2024-04-08 00:00:00+00:00
[2024-04-08T08:56:22.391+0000] {processor.py:183} INFO - Processing /home/airflow/.local/lib/python3.8/site-packages/airflow/example_dags/example_branch_labels.py took 0.089 seconds
