[2024-04-08T08:27:20.628+0000] {processor.py:161} INFO - Started process (PID=280) to work on /home/airflow/.local/lib/python3.8/site-packages/airflow/example_dags/example_branch_operator.py
[2024-04-08T08:27:20.629+0000] {processor.py:830} INFO - Processing file /home/airflow/.local/lib/python3.8/site-packages/airflow/example_dags/example_branch_operator.py for tasks to queue
[2024-04-08T08:27:20.630+0000] {logging_mixin.py:188} INFO - [2024-04-08T08:27:20.630+0000] {dagbag.py:540} INFO - Filling up the DagBag from /home/airflow/.local/lib/python3.8/site-packages/airflow/example_dags/example_branch_operator.py
[2024-04-08T08:27:20.653+0000] {processor.py:840} INFO - DAG(s) 'example_branch_operator' retrieved from /home/airflow/.local/lib/python3.8/site-packages/airflow/example_dags/example_branch_operator.py
[2024-04-08T08:27:20.842+0000] {logging_mixin.py:188} INFO - [2024-04-08T08:27:20.842+0000] {dag.py:3047} INFO - Sync 1 DAGs
[2024-04-08T08:27:20.870+0000] {logging_mixin.py:188} INFO - [2024-04-08T08:27:20.869+0000] {dag.py:3834} INFO - Setting next_dagrun for example_branch_operator to 2024-04-07 00:00:00+00:00, run_after=2024-04-08 00:00:00+00:00
[2024-04-08T08:27:20.902+0000] {processor.py:183} INFO - Processing /home/airflow/.local/lib/python3.8/site-packages/airflow/example_dags/example_branch_operator.py took 0.277 seconds
[2024-04-08T08:27:50.978+0000] {processor.py:161} INFO - Started process (PID=544) to work on /home/airflow/.local/lib/python3.8/site-packages/airflow/example_dags/example_branch_operator.py
[2024-04-08T08:27:50.979+0000] {processor.py:830} INFO - Processing file /home/airflow/.local/lib/python3.8/site-packages/airflow/example_dags/example_branch_operator.py for tasks to queue
[2024-04-08T08:27:50.980+0000] {logging_mixin.py:188} INFO - [2024-04-08T08:27:50.979+0000] {dagbag.py:540} INFO - Filling up the DagBag from /home/airflow/.local/lib/python3.8/site-packages/airflow/example_dags/example_branch_operator.py
[2024-04-08T08:27:50.995+0000] {processor.py:840} INFO - DAG(s) 'example_branch_operator' retrieved from /home/airflow/.local/lib/python3.8/site-packages/airflow/example_dags/example_branch_operator.py
[2024-04-08T08:27:51.017+0000] {logging_mixin.py:188} INFO - [2024-04-08T08:27:51.017+0000] {dag.py:3047} INFO - Sync 1 DAGs
[2024-04-08T08:27:51.035+0000] {logging_mixin.py:188} INFO - [2024-04-08T08:27:51.035+0000] {dag.py:3834} INFO - Setting next_dagrun for example_branch_operator to 2024-04-07 00:00:00+00:00, run_after=2024-04-08 00:00:00+00:00
[2024-04-08T08:27:51.054+0000] {processor.py:183} INFO - Processing /home/airflow/.local/lib/python3.8/site-packages/airflow/example_dags/example_branch_operator.py took 0.080 seconds
[2024-04-08T08:28:21.661+0000] {processor.py:161} INFO - Started process (PID=795) to work on /home/airflow/.local/lib/python3.8/site-packages/airflow/example_dags/example_branch_operator.py
[2024-04-08T08:28:21.664+0000] {processor.py:830} INFO - Processing file /home/airflow/.local/lib/python3.8/site-packages/airflow/example_dags/example_branch_operator.py for tasks to queue
[2024-04-08T08:28:21.665+0000] {logging_mixin.py:188} INFO - [2024-04-08T08:28:21.665+0000] {dagbag.py:540} INFO - Filling up the DagBag from /home/airflow/.local/lib/python3.8/site-packages/airflow/example_dags/example_branch_operator.py
[2024-04-08T08:28:21.715+0000] {processor.py:840} INFO - DAG(s) 'example_branch_operator' retrieved from /home/airflow/.local/lib/python3.8/site-packages/airflow/example_dags/example_branch_operator.py
[2024-04-08T08:28:21.769+0000] {logging_mixin.py:188} INFO - [2024-04-08T08:28:21.769+0000] {dag.py:3047} INFO - Sync 1 DAGs
[2024-04-08T08:28:21.796+0000] {logging_mixin.py:188} INFO - [2024-04-08T08:28:21.796+0000] {dag.py:3834} INFO - Setting next_dagrun for example_branch_operator to 2024-04-07 00:00:00+00:00, run_after=2024-04-08 00:00:00+00:00
[2024-04-08T08:28:21.822+0000] {processor.py:183} INFO - Processing /home/airflow/.local/lib/python3.8/site-packages/airflow/example_dags/example_branch_operator.py took 0.166 seconds
[2024-04-08T08:28:52.131+0000] {processor.py:161} INFO - Started process (PID=1053) to work on /home/airflow/.local/lib/python3.8/site-packages/airflow/example_dags/example_branch_operator.py
[2024-04-08T08:28:52.132+0000] {processor.py:830} INFO - Processing file /home/airflow/.local/lib/python3.8/site-packages/airflow/example_dags/example_branch_operator.py for tasks to queue
[2024-04-08T08:28:52.134+0000] {logging_mixin.py:188} INFO - [2024-04-08T08:28:52.133+0000] {dagbag.py:540} INFO - Filling up the DagBag from /home/airflow/.local/lib/python3.8/site-packages/airflow/example_dags/example_branch_operator.py
[2024-04-08T08:28:52.153+0000] {processor.py:840} INFO - DAG(s) 'example_branch_operator' retrieved from /home/airflow/.local/lib/python3.8/site-packages/airflow/example_dags/example_branch_operator.py
[2024-04-08T08:28:52.187+0000] {logging_mixin.py:188} INFO - [2024-04-08T08:28:52.187+0000] {dag.py:3047} INFO - Sync 1 DAGs
[2024-04-08T08:28:52.214+0000] {logging_mixin.py:188} INFO - [2024-04-08T08:28:52.213+0000] {dag.py:3834} INFO - Setting next_dagrun for example_branch_operator to 2024-04-07 00:00:00+00:00, run_after=2024-04-08 00:00:00+00:00
[2024-04-08T08:28:52.260+0000] {processor.py:183} INFO - Processing /home/airflow/.local/lib/python3.8/site-packages/airflow/example_dags/example_branch_operator.py took 0.134 seconds
[2024-04-08T08:29:22.902+0000] {processor.py:161} INFO - Started process (PID=1311) to work on /home/airflow/.local/lib/python3.8/site-packages/airflow/example_dags/example_branch_operator.py
[2024-04-08T08:29:22.903+0000] {processor.py:830} INFO - Processing file /home/airflow/.local/lib/python3.8/site-packages/airflow/example_dags/example_branch_operator.py for tasks to queue
[2024-04-08T08:29:22.904+0000] {logging_mixin.py:188} INFO - [2024-04-08T08:29:22.904+0000] {dagbag.py:540} INFO - Filling up the DagBag from /home/airflow/.local/lib/python3.8/site-packages/airflow/example_dags/example_branch_operator.py
[2024-04-08T08:29:22.924+0000] {processor.py:840} INFO - DAG(s) 'example_branch_operator' retrieved from /home/airflow/.local/lib/python3.8/site-packages/airflow/example_dags/example_branch_operator.py
[2024-04-08T08:29:22.957+0000] {logging_mixin.py:188} INFO - [2024-04-08T08:29:22.956+0000] {dag.py:3047} INFO - Sync 1 DAGs
[2024-04-08T08:29:22.985+0000] {logging_mixin.py:188} INFO - [2024-04-08T08:29:22.985+0000] {dag.py:3834} INFO - Setting next_dagrun for example_branch_operator to 2024-04-07 00:00:00+00:00, run_after=2024-04-08 00:00:00+00:00
[2024-04-08T08:29:23.009+0000] {processor.py:183} INFO - Processing /home/airflow/.local/lib/python3.8/site-packages/airflow/example_dags/example_branch_operator.py took 0.112 seconds
[2024-04-08T08:29:53.243+0000] {processor.py:161} INFO - Started process (PID=1570) to work on /home/airflow/.local/lib/python3.8/site-packages/airflow/example_dags/example_branch_operator.py
[2024-04-08T08:29:53.244+0000] {processor.py:830} INFO - Processing file /home/airflow/.local/lib/python3.8/site-packages/airflow/example_dags/example_branch_operator.py for tasks to queue
[2024-04-08T08:29:53.245+0000] {logging_mixin.py:188} INFO - [2024-04-08T08:29:53.245+0000] {dagbag.py:540} INFO - Filling up the DagBag from /home/airflow/.local/lib/python3.8/site-packages/airflow/example_dags/example_branch_operator.py
[2024-04-08T08:29:53.266+0000] {processor.py:840} INFO - DAG(s) 'example_branch_operator' retrieved from /home/airflow/.local/lib/python3.8/site-packages/airflow/example_dags/example_branch_operator.py
[2024-04-08T08:29:53.301+0000] {logging_mixin.py:188} INFO - [2024-04-08T08:29:53.301+0000] {dag.py:3047} INFO - Sync 1 DAGs
[2024-04-08T08:29:53.329+0000] {logging_mixin.py:188} INFO - [2024-04-08T08:29:53.329+0000] {dag.py:3834} INFO - Setting next_dagrun for example_branch_operator to 2024-04-07 00:00:00+00:00, run_after=2024-04-08 00:00:00+00:00
[2024-04-08T08:29:53.353+0000] {processor.py:183} INFO - Processing /home/airflow/.local/lib/python3.8/site-packages/airflow/example_dags/example_branch_operator.py took 0.113 seconds
[2024-04-08T08:30:23.996+0000] {processor.py:161} INFO - Started process (PID=1826) to work on /home/airflow/.local/lib/python3.8/site-packages/airflow/example_dags/example_branch_operator.py
[2024-04-08T08:30:24.002+0000] {processor.py:830} INFO - Processing file /home/airflow/.local/lib/python3.8/site-packages/airflow/example_dags/example_branch_operator.py for tasks to queue
[2024-04-08T08:30:24.003+0000] {logging_mixin.py:188} INFO - [2024-04-08T08:30:24.003+0000] {dagbag.py:540} INFO - Filling up the DagBag from /home/airflow/.local/lib/python3.8/site-packages/airflow/example_dags/example_branch_operator.py
[2024-04-08T08:30:24.040+0000] {processor.py:840} INFO - DAG(s) 'example_branch_operator' retrieved from /home/airflow/.local/lib/python3.8/site-packages/airflow/example_dags/example_branch_operator.py
[2024-04-08T08:30:24.077+0000] {logging_mixin.py:188} INFO - [2024-04-08T08:30:24.077+0000] {dag.py:3047} INFO - Sync 1 DAGs
[2024-04-08T08:30:24.106+0000] {logging_mixin.py:188} INFO - [2024-04-08T08:30:24.105+0000] {dag.py:3834} INFO - Setting next_dagrun for example_branch_operator to 2024-04-07 00:00:00+00:00, run_after=2024-04-08 00:00:00+00:00
[2024-04-08T08:30:24.133+0000] {processor.py:183} INFO - Processing /home/airflow/.local/lib/python3.8/site-packages/airflow/example_dags/example_branch_operator.py took 0.145 seconds
[2024-04-08T08:30:54.994+0000] {processor.py:161} INFO - Started process (PID=2083) to work on /home/airflow/.local/lib/python3.8/site-packages/airflow/example_dags/example_branch_operator.py
[2024-04-08T08:30:54.995+0000] {processor.py:830} INFO - Processing file /home/airflow/.local/lib/python3.8/site-packages/airflow/example_dags/example_branch_operator.py for tasks to queue
[2024-04-08T08:30:54.996+0000] {logging_mixin.py:188} INFO - [2024-04-08T08:30:54.995+0000] {dagbag.py:540} INFO - Filling up the DagBag from /home/airflow/.local/lib/python3.8/site-packages/airflow/example_dags/example_branch_operator.py
[2024-04-08T08:30:55.015+0000] {processor.py:840} INFO - DAG(s) 'example_branch_operator' retrieved from /home/airflow/.local/lib/python3.8/site-packages/airflow/example_dags/example_branch_operator.py
[2024-04-08T08:30:55.049+0000] {logging_mixin.py:188} INFO - [2024-04-08T08:30:55.049+0000] {dag.py:3047} INFO - Sync 1 DAGs
[2024-04-08T08:30:55.078+0000] {logging_mixin.py:188} INFO - [2024-04-08T08:30:55.077+0000] {dag.py:3834} INFO - Setting next_dagrun for example_branch_operator to 2024-04-07 00:00:00+00:00, run_after=2024-04-08 00:00:00+00:00
[2024-04-08T08:30:55.104+0000] {processor.py:183} INFO - Processing /home/airflow/.local/lib/python3.8/site-packages/airflow/example_dags/example_branch_operator.py took 0.114 seconds
[2024-04-08T08:31:25.264+0000] {processor.py:161} INFO - Started process (PID=2342) to work on /home/airflow/.local/lib/python3.8/site-packages/airflow/example_dags/example_branch_operator.py
[2024-04-08T08:31:25.265+0000] {processor.py:830} INFO - Processing file /home/airflow/.local/lib/python3.8/site-packages/airflow/example_dags/example_branch_operator.py for tasks to queue
[2024-04-08T08:31:25.266+0000] {logging_mixin.py:188} INFO - [2024-04-08T08:31:25.266+0000] {dagbag.py:540} INFO - Filling up the DagBag from /home/airflow/.local/lib/python3.8/site-packages/airflow/example_dags/example_branch_operator.py
[2024-04-08T08:31:25.301+0000] {processor.py:840} INFO - DAG(s) 'example_branch_operator' retrieved from /home/airflow/.local/lib/python3.8/site-packages/airflow/example_dags/example_branch_operator.py
[2024-04-08T08:31:25.356+0000] {logging_mixin.py:188} INFO - [2024-04-08T08:31:25.356+0000] {dag.py:3047} INFO - Sync 1 DAGs
[2024-04-08T08:31:25.412+0000] {logging_mixin.py:188} INFO - [2024-04-08T08:31:25.412+0000] {dag.py:3834} INFO - Setting next_dagrun for example_branch_operator to 2024-04-07 00:00:00+00:00, run_after=2024-04-08 00:00:00+00:00
[2024-04-08T08:31:25.451+0000] {processor.py:183} INFO - Processing /home/airflow/.local/lib/python3.8/site-packages/airflow/example_dags/example_branch_operator.py took 0.191 seconds
[2024-04-08T08:31:55.940+0000] {processor.py:161} INFO - Started process (PID=2597) to work on /home/airflow/.local/lib/python3.8/site-packages/airflow/example_dags/example_branch_operator.py
[2024-04-08T08:31:55.942+0000] {processor.py:830} INFO - Processing file /home/airflow/.local/lib/python3.8/site-packages/airflow/example_dags/example_branch_operator.py for tasks to queue
[2024-04-08T08:31:55.943+0000] {logging_mixin.py:188} INFO - [2024-04-08T08:31:55.942+0000] {dagbag.py:540} INFO - Filling up the DagBag from /home/airflow/.local/lib/python3.8/site-packages/airflow/example_dags/example_branch_operator.py
[2024-04-08T08:31:55.962+0000] {processor.py:840} INFO - DAG(s) 'example_branch_operator' retrieved from /home/airflow/.local/lib/python3.8/site-packages/airflow/example_dags/example_branch_operator.py
[2024-04-08T08:31:56.008+0000] {logging_mixin.py:188} INFO - [2024-04-08T08:31:56.008+0000] {dag.py:3047} INFO - Sync 1 DAGs
[2024-04-08T08:31:56.064+0000] {logging_mixin.py:188} INFO - [2024-04-08T08:31:56.064+0000] {dag.py:3834} INFO - Setting next_dagrun for example_branch_operator to 2024-04-07 00:00:00+00:00, run_after=2024-04-08 00:00:00+00:00
[2024-04-08T08:31:56.104+0000] {processor.py:183} INFO - Processing /home/airflow/.local/lib/python3.8/site-packages/airflow/example_dags/example_branch_operator.py took 0.168 seconds
[2024-04-08T08:32:26.589+0000] {processor.py:161} INFO - Started process (PID=2854) to work on /home/airflow/.local/lib/python3.8/site-packages/airflow/example_dags/example_branch_operator.py
[2024-04-08T08:32:26.590+0000] {processor.py:830} INFO - Processing file /home/airflow/.local/lib/python3.8/site-packages/airflow/example_dags/example_branch_operator.py for tasks to queue
[2024-04-08T08:32:26.593+0000] {logging_mixin.py:188} INFO - [2024-04-08T08:32:26.592+0000] {dagbag.py:540} INFO - Filling up the DagBag from /home/airflow/.local/lib/python3.8/site-packages/airflow/example_dags/example_branch_operator.py
[2024-04-08T08:32:26.615+0000] {processor.py:840} INFO - DAG(s) 'example_branch_operator' retrieved from /home/airflow/.local/lib/python3.8/site-packages/airflow/example_dags/example_branch_operator.py
[2024-04-08T08:32:26.650+0000] {logging_mixin.py:188} INFO - [2024-04-08T08:32:26.650+0000] {dag.py:3047} INFO - Sync 1 DAGs
[2024-04-08T08:32:26.676+0000] {logging_mixin.py:188} INFO - [2024-04-08T08:32:26.676+0000] {dag.py:3834} INFO - Setting next_dagrun for example_branch_operator to 2024-04-07 00:00:00+00:00, run_after=2024-04-08 00:00:00+00:00
[2024-04-08T08:32:26.713+0000] {processor.py:183} INFO - Processing /home/airflow/.local/lib/python3.8/site-packages/airflow/example_dags/example_branch_operator.py took 0.130 seconds
[2024-04-08T08:32:57.666+0000] {processor.py:161} INFO - Started process (PID=3113) to work on /home/airflow/.local/lib/python3.8/site-packages/airflow/example_dags/example_branch_operator.py
[2024-04-08T08:32:57.667+0000] {processor.py:830} INFO - Processing file /home/airflow/.local/lib/python3.8/site-packages/airflow/example_dags/example_branch_operator.py for tasks to queue
[2024-04-08T08:32:57.668+0000] {logging_mixin.py:188} INFO - [2024-04-08T08:32:57.667+0000] {dagbag.py:540} INFO - Filling up the DagBag from /home/airflow/.local/lib/python3.8/site-packages/airflow/example_dags/example_branch_operator.py
[2024-04-08T08:32:57.683+0000] {processor.py:840} INFO - DAG(s) 'example_branch_operator' retrieved from /home/airflow/.local/lib/python3.8/site-packages/airflow/example_dags/example_branch_operator.py
[2024-04-08T08:32:57.709+0000] {logging_mixin.py:188} INFO - [2024-04-08T08:32:57.709+0000] {dag.py:3047} INFO - Sync 1 DAGs
[2024-04-08T08:32:57.729+0000] {logging_mixin.py:188} INFO - [2024-04-08T08:32:57.729+0000] {dag.py:3834} INFO - Setting next_dagrun for example_branch_operator to 2024-04-07 00:00:00+00:00, run_after=2024-04-08 00:00:00+00:00
[2024-04-08T08:32:57.748+0000] {processor.py:183} INFO - Processing /home/airflow/.local/lib/python3.8/site-packages/airflow/example_dags/example_branch_operator.py took 0.085 seconds
[2024-04-08T08:33:28.219+0000] {processor.py:161} INFO - Started process (PID=3368) to work on /home/airflow/.local/lib/python3.8/site-packages/airflow/example_dags/example_branch_operator.py
[2024-04-08T08:33:28.220+0000] {processor.py:830} INFO - Processing file /home/airflow/.local/lib/python3.8/site-packages/airflow/example_dags/example_branch_operator.py for tasks to queue
[2024-04-08T08:33:28.221+0000] {logging_mixin.py:188} INFO - [2024-04-08T08:33:28.220+0000] {dagbag.py:540} INFO - Filling up the DagBag from /home/airflow/.local/lib/python3.8/site-packages/airflow/example_dags/example_branch_operator.py
[2024-04-08T08:33:28.243+0000] {processor.py:840} INFO - DAG(s) 'example_branch_operator' retrieved from /home/airflow/.local/lib/python3.8/site-packages/airflow/example_dags/example_branch_operator.py
[2024-04-08T08:33:28.277+0000] {logging_mixin.py:188} INFO - [2024-04-08T08:33:28.277+0000] {dag.py:3047} INFO - Sync 1 DAGs
[2024-04-08T08:33:28.306+0000] {logging_mixin.py:188} INFO - [2024-04-08T08:33:28.305+0000] {dag.py:3834} INFO - Setting next_dagrun for example_branch_operator to 2024-04-07 00:00:00+00:00, run_after=2024-04-08 00:00:00+00:00
[2024-04-08T08:33:28.331+0000] {processor.py:183} INFO - Processing /home/airflow/.local/lib/python3.8/site-packages/airflow/example_dags/example_branch_operator.py took 0.116 seconds
[2024-04-08T08:33:58.580+0000] {processor.py:161} INFO - Started process (PID=3625) to work on /home/airflow/.local/lib/python3.8/site-packages/airflow/example_dags/example_branch_operator.py
[2024-04-08T08:33:58.581+0000] {processor.py:830} INFO - Processing file /home/airflow/.local/lib/python3.8/site-packages/airflow/example_dags/example_branch_operator.py for tasks to queue
[2024-04-08T08:33:58.582+0000] {logging_mixin.py:188} INFO - [2024-04-08T08:33:58.582+0000] {dagbag.py:540} INFO - Filling up the DagBag from /home/airflow/.local/lib/python3.8/site-packages/airflow/example_dags/example_branch_operator.py
[2024-04-08T08:33:58.605+0000] {processor.py:840} INFO - DAG(s) 'example_branch_operator' retrieved from /home/airflow/.local/lib/python3.8/site-packages/airflow/example_dags/example_branch_operator.py
[2024-04-08T08:33:58.637+0000] {logging_mixin.py:188} INFO - [2024-04-08T08:33:58.637+0000] {dag.py:3047} INFO - Sync 1 DAGs
[2024-04-08T08:33:58.664+0000] {logging_mixin.py:188} INFO - [2024-04-08T08:33:58.663+0000] {dag.py:3834} INFO - Setting next_dagrun for example_branch_operator to 2024-04-07 00:00:00+00:00, run_after=2024-04-08 00:00:00+00:00
[2024-04-08T08:33:58.689+0000] {processor.py:183} INFO - Processing /home/airflow/.local/lib/python3.8/site-packages/airflow/example_dags/example_branch_operator.py took 0.113 seconds
[2024-04-08T08:34:28.793+0000] {processor.py:161} INFO - Started process (PID=3881) to work on /home/airflow/.local/lib/python3.8/site-packages/airflow/example_dags/example_branch_operator.py
[2024-04-08T08:34:28.794+0000] {processor.py:830} INFO - Processing file /home/airflow/.local/lib/python3.8/site-packages/airflow/example_dags/example_branch_operator.py for tasks to queue
[2024-04-08T08:34:28.795+0000] {logging_mixin.py:188} INFO - [2024-04-08T08:34:28.795+0000] {dagbag.py:540} INFO - Filling up the DagBag from /home/airflow/.local/lib/python3.8/site-packages/airflow/example_dags/example_branch_operator.py
[2024-04-08T08:34:28.818+0000] {processor.py:840} INFO - DAG(s) 'example_branch_operator' retrieved from /home/airflow/.local/lib/python3.8/site-packages/airflow/example_dags/example_branch_operator.py
[2024-04-08T08:34:28.849+0000] {logging_mixin.py:188} INFO - [2024-04-08T08:34:28.849+0000] {dag.py:3047} INFO - Sync 1 DAGs
[2024-04-08T08:34:28.876+0000] {logging_mixin.py:188} INFO - [2024-04-08T08:34:28.876+0000] {dag.py:3834} INFO - Setting next_dagrun for example_branch_operator to 2024-04-07 00:00:00+00:00, run_after=2024-04-08 00:00:00+00:00
[2024-04-08T08:34:28.901+0000] {processor.py:183} INFO - Processing /home/airflow/.local/lib/python3.8/site-packages/airflow/example_dags/example_branch_operator.py took 0.112 seconds
[2024-04-08T08:34:59.131+0000] {processor.py:161} INFO - Started process (PID=4138) to work on /home/airflow/.local/lib/python3.8/site-packages/airflow/example_dags/example_branch_operator.py
[2024-04-08T08:34:59.132+0000] {processor.py:830} INFO - Processing file /home/airflow/.local/lib/python3.8/site-packages/airflow/example_dags/example_branch_operator.py for tasks to queue
[2024-04-08T08:34:59.133+0000] {logging_mixin.py:188} INFO - [2024-04-08T08:34:59.133+0000] {dagbag.py:540} INFO - Filling up the DagBag from /home/airflow/.local/lib/python3.8/site-packages/airflow/example_dags/example_branch_operator.py
[2024-04-08T08:34:59.174+0000] {processor.py:840} INFO - DAG(s) 'example_branch_operator' retrieved from /home/airflow/.local/lib/python3.8/site-packages/airflow/example_dags/example_branch_operator.py
[2024-04-08T08:34:59.208+0000] {logging_mixin.py:188} INFO - [2024-04-08T08:34:59.208+0000] {dag.py:3047} INFO - Sync 1 DAGs
[2024-04-08T08:34:59.237+0000] {logging_mixin.py:188} INFO - [2024-04-08T08:34:59.236+0000] {dag.py:3834} INFO - Setting next_dagrun for example_branch_operator to 2024-04-07 00:00:00+00:00, run_after=2024-04-08 00:00:00+00:00
[2024-04-08T08:34:59.264+0000] {processor.py:183} INFO - Processing /home/airflow/.local/lib/python3.8/site-packages/airflow/example_dags/example_branch_operator.py took 0.137 seconds
[2024-04-08T08:35:29.909+0000] {processor.py:161} INFO - Started process (PID=4398) to work on /home/airflow/.local/lib/python3.8/site-packages/airflow/example_dags/example_branch_operator.py
[2024-04-08T08:35:29.911+0000] {processor.py:830} INFO - Processing file /home/airflow/.local/lib/python3.8/site-packages/airflow/example_dags/example_branch_operator.py for tasks to queue
[2024-04-08T08:35:29.912+0000] {logging_mixin.py:188} INFO - [2024-04-08T08:35:29.911+0000] {dagbag.py:540} INFO - Filling up the DagBag from /home/airflow/.local/lib/python3.8/site-packages/airflow/example_dags/example_branch_operator.py
[2024-04-08T08:35:29.936+0000] {processor.py:840} INFO - DAG(s) 'example_branch_operator' retrieved from /home/airflow/.local/lib/python3.8/site-packages/airflow/example_dags/example_branch_operator.py
[2024-04-08T08:35:29.977+0000] {logging_mixin.py:188} INFO - [2024-04-08T08:35:29.977+0000] {dag.py:3047} INFO - Sync 1 DAGs
[2024-04-08T08:35:30.006+0000] {logging_mixin.py:188} INFO - [2024-04-08T08:35:30.006+0000] {dag.py:3834} INFO - Setting next_dagrun for example_branch_operator to 2024-04-07 00:00:00+00:00, run_after=2024-04-08 00:00:00+00:00
[2024-04-08T08:35:30.030+0000] {processor.py:183} INFO - Processing /home/airflow/.local/lib/python3.8/site-packages/airflow/example_dags/example_branch_operator.py took 0.125 seconds
[2024-04-08T08:36:00.424+0000] {processor.py:161} INFO - Started process (PID=4653) to work on /home/airflow/.local/lib/python3.8/site-packages/airflow/example_dags/example_branch_operator.py
[2024-04-08T08:36:00.428+0000] {processor.py:830} INFO - Processing file /home/airflow/.local/lib/python3.8/site-packages/airflow/example_dags/example_branch_operator.py for tasks to queue
[2024-04-08T08:36:00.429+0000] {logging_mixin.py:188} INFO - [2024-04-08T08:36:00.429+0000] {dagbag.py:540} INFO - Filling up the DagBag from /home/airflow/.local/lib/python3.8/site-packages/airflow/example_dags/example_branch_operator.py
[2024-04-08T08:36:00.483+0000] {processor.py:840} INFO - DAG(s) 'example_branch_operator' retrieved from /home/airflow/.local/lib/python3.8/site-packages/airflow/example_dags/example_branch_operator.py
[2024-04-08T08:36:00.529+0000] {logging_mixin.py:188} INFO - [2024-04-08T08:36:00.529+0000] {dag.py:3047} INFO - Sync 1 DAGs
[2024-04-08T08:36:00.556+0000] {logging_mixin.py:188} INFO - [2024-04-08T08:36:00.556+0000] {dag.py:3834} INFO - Setting next_dagrun for example_branch_operator to 2024-04-07 00:00:00+00:00, run_after=2024-04-08 00:00:00+00:00
[2024-04-08T08:36:00.581+0000] {processor.py:183} INFO - Processing /home/airflow/.local/lib/python3.8/site-packages/airflow/example_dags/example_branch_operator.py took 0.161 seconds
[2024-04-08T08:36:30.802+0000] {processor.py:161} INFO - Started process (PID=4911) to work on /home/airflow/.local/lib/python3.8/site-packages/airflow/example_dags/example_branch_operator.py
[2024-04-08T08:36:30.803+0000] {processor.py:830} INFO - Processing file /home/airflow/.local/lib/python3.8/site-packages/airflow/example_dags/example_branch_operator.py for tasks to queue
[2024-04-08T08:36:30.804+0000] {logging_mixin.py:188} INFO - [2024-04-08T08:36:30.803+0000] {dagbag.py:540} INFO - Filling up the DagBag from /home/airflow/.local/lib/python3.8/site-packages/airflow/example_dags/example_branch_operator.py
[2024-04-08T08:36:30.826+0000] {processor.py:840} INFO - DAG(s) 'example_branch_operator' retrieved from /home/airflow/.local/lib/python3.8/site-packages/airflow/example_dags/example_branch_operator.py
[2024-04-08T08:36:30.858+0000] {logging_mixin.py:188} INFO - [2024-04-08T08:36:30.857+0000] {dag.py:3047} INFO - Sync 1 DAGs
[2024-04-08T08:36:30.887+0000] {logging_mixin.py:188} INFO - [2024-04-08T08:36:30.887+0000] {dag.py:3834} INFO - Setting next_dagrun for example_branch_operator to 2024-04-07 00:00:00+00:00, run_after=2024-04-08 00:00:00+00:00
[2024-04-08T08:36:30.912+0000] {processor.py:183} INFO - Processing /home/airflow/.local/lib/python3.8/site-packages/airflow/example_dags/example_branch_operator.py took 0.114 seconds
[2024-04-08T08:37:01.130+0000] {processor.py:161} INFO - Started process (PID=5168) to work on /home/airflow/.local/lib/python3.8/site-packages/airflow/example_dags/example_branch_operator.py
[2024-04-08T08:37:01.131+0000] {processor.py:830} INFO - Processing file /home/airflow/.local/lib/python3.8/site-packages/airflow/example_dags/example_branch_operator.py for tasks to queue
[2024-04-08T08:37:01.133+0000] {logging_mixin.py:188} INFO - [2024-04-08T08:37:01.132+0000] {dagbag.py:540} INFO - Filling up the DagBag from /home/airflow/.local/lib/python3.8/site-packages/airflow/example_dags/example_branch_operator.py
[2024-04-08T08:37:01.151+0000] {processor.py:840} INFO - DAG(s) 'example_branch_operator' retrieved from /home/airflow/.local/lib/python3.8/site-packages/airflow/example_dags/example_branch_operator.py
[2024-04-08T08:37:01.187+0000] {logging_mixin.py:188} INFO - [2024-04-08T08:37:01.186+0000] {dag.py:3047} INFO - Sync 1 DAGs
[2024-04-08T08:37:01.215+0000] {logging_mixin.py:188} INFO - [2024-04-08T08:37:01.215+0000] {dag.py:3834} INFO - Setting next_dagrun for example_branch_operator to 2024-04-07 00:00:00+00:00, run_after=2024-04-08 00:00:00+00:00
[2024-04-08T08:37:01.239+0000] {processor.py:183} INFO - Processing /home/airflow/.local/lib/python3.8/site-packages/airflow/example_dags/example_branch_operator.py took 0.113 seconds
[2024-04-08T08:37:31.637+0000] {processor.py:161} INFO - Started process (PID=5424) to work on /home/airflow/.local/lib/python3.8/site-packages/airflow/example_dags/example_branch_operator.py
[2024-04-08T08:37:31.639+0000] {processor.py:830} INFO - Processing file /home/airflow/.local/lib/python3.8/site-packages/airflow/example_dags/example_branch_operator.py for tasks to queue
[2024-04-08T08:37:31.640+0000] {logging_mixin.py:188} INFO - [2024-04-08T08:37:31.640+0000] {dagbag.py:540} INFO - Filling up the DagBag from /home/airflow/.local/lib/python3.8/site-packages/airflow/example_dags/example_branch_operator.py
[2024-04-08T08:37:31.663+0000] {processor.py:840} INFO - DAG(s) 'example_branch_operator' retrieved from /home/airflow/.local/lib/python3.8/site-packages/airflow/example_dags/example_branch_operator.py
[2024-04-08T08:37:31.696+0000] {logging_mixin.py:188} INFO - [2024-04-08T08:37:31.696+0000] {dag.py:3047} INFO - Sync 1 DAGs
[2024-04-08T08:37:31.725+0000] {logging_mixin.py:188} INFO - [2024-04-08T08:37:31.724+0000] {dag.py:3834} INFO - Setting next_dagrun for example_branch_operator to 2024-04-07 00:00:00+00:00, run_after=2024-04-08 00:00:00+00:00
[2024-04-08T08:37:31.749+0000] {processor.py:183} INFO - Processing /home/airflow/.local/lib/python3.8/site-packages/airflow/example_dags/example_branch_operator.py took 0.115 seconds
[2024-04-08T08:38:02.289+0000] {processor.py:161} INFO - Started process (PID=5681) to work on /home/airflow/.local/lib/python3.8/site-packages/airflow/example_dags/example_branch_operator.py
[2024-04-08T08:38:02.290+0000] {processor.py:830} INFO - Processing file /home/airflow/.local/lib/python3.8/site-packages/airflow/example_dags/example_branch_operator.py for tasks to queue
[2024-04-08T08:38:02.291+0000] {logging_mixin.py:188} INFO - [2024-04-08T08:38:02.291+0000] {dagbag.py:540} INFO - Filling up the DagBag from /home/airflow/.local/lib/python3.8/site-packages/airflow/example_dags/example_branch_operator.py
[2024-04-08T08:38:02.311+0000] {processor.py:840} INFO - DAG(s) 'example_branch_operator' retrieved from /home/airflow/.local/lib/python3.8/site-packages/airflow/example_dags/example_branch_operator.py
[2024-04-08T08:38:02.346+0000] {logging_mixin.py:188} INFO - [2024-04-08T08:38:02.345+0000] {dag.py:3047} INFO - Sync 1 DAGs
[2024-04-08T08:38:02.375+0000] {logging_mixin.py:188} INFO - [2024-04-08T08:38:02.375+0000] {dag.py:3834} INFO - Setting next_dagrun for example_branch_operator to 2024-04-07 00:00:00+00:00, run_after=2024-04-08 00:00:00+00:00
[2024-04-08T08:38:02.406+0000] {processor.py:183} INFO - Processing /home/airflow/.local/lib/python3.8/site-packages/airflow/example_dags/example_branch_operator.py took 0.121 seconds
[2024-04-08T08:38:32.821+0000] {processor.py:161} INFO - Started process (PID=5941) to work on /home/airflow/.local/lib/python3.8/site-packages/airflow/example_dags/example_branch_operator.py
[2024-04-08T08:38:32.823+0000] {processor.py:830} INFO - Processing file /home/airflow/.local/lib/python3.8/site-packages/airflow/example_dags/example_branch_operator.py for tasks to queue
[2024-04-08T08:38:32.824+0000] {logging_mixin.py:188} INFO - [2024-04-08T08:38:32.823+0000] {dagbag.py:540} INFO - Filling up the DagBag from /home/airflow/.local/lib/python3.8/site-packages/airflow/example_dags/example_branch_operator.py
[2024-04-08T08:38:32.845+0000] {processor.py:840} INFO - DAG(s) 'example_branch_operator' retrieved from /home/airflow/.local/lib/python3.8/site-packages/airflow/example_dags/example_branch_operator.py
[2024-04-08T08:38:32.878+0000] {logging_mixin.py:188} INFO - [2024-04-08T08:38:32.878+0000] {dag.py:3047} INFO - Sync 1 DAGs
[2024-04-08T08:38:32.925+0000] {logging_mixin.py:188} INFO - [2024-04-08T08:38:32.925+0000] {dag.py:3834} INFO - Setting next_dagrun for example_branch_operator to 2024-04-07 00:00:00+00:00, run_after=2024-04-08 00:00:00+00:00
[2024-04-08T08:38:32.949+0000] {processor.py:183} INFO - Processing /home/airflow/.local/lib/python3.8/site-packages/airflow/example_dags/example_branch_operator.py took 0.131 seconds
[2024-04-08T08:39:03.461+0000] {processor.py:161} INFO - Started process (PID=6196) to work on /home/airflow/.local/lib/python3.8/site-packages/airflow/example_dags/example_branch_operator.py
[2024-04-08T08:39:03.462+0000] {processor.py:830} INFO - Processing file /home/airflow/.local/lib/python3.8/site-packages/airflow/example_dags/example_branch_operator.py for tasks to queue
[2024-04-08T08:39:03.463+0000] {logging_mixin.py:188} INFO - [2024-04-08T08:39:03.463+0000] {dagbag.py:540} INFO - Filling up the DagBag from /home/airflow/.local/lib/python3.8/site-packages/airflow/example_dags/example_branch_operator.py
[2024-04-08T08:39:03.483+0000] {processor.py:840} INFO - DAG(s) 'example_branch_operator' retrieved from /home/airflow/.local/lib/python3.8/site-packages/airflow/example_dags/example_branch_operator.py
[2024-04-08T08:39:03.518+0000] {logging_mixin.py:188} INFO - [2024-04-08T08:39:03.518+0000] {dag.py:3047} INFO - Sync 1 DAGs
[2024-04-08T08:39:03.547+0000] {logging_mixin.py:188} INFO - [2024-04-08T08:39:03.546+0000] {dag.py:3834} INFO - Setting next_dagrun for example_branch_operator to 2024-04-07 00:00:00+00:00, run_after=2024-04-08 00:00:00+00:00
[2024-04-08T08:39:03.570+0000] {processor.py:183} INFO - Processing /home/airflow/.local/lib/python3.8/site-packages/airflow/example_dags/example_branch_operator.py took 0.112 seconds
[2024-04-08T08:39:33.960+0000] {processor.py:161} INFO - Started process (PID=6452) to work on /home/airflow/.local/lib/python3.8/site-packages/airflow/example_dags/example_branch_operator.py
[2024-04-08T08:39:33.961+0000] {processor.py:830} INFO - Processing file /home/airflow/.local/lib/python3.8/site-packages/airflow/example_dags/example_branch_operator.py for tasks to queue
[2024-04-08T08:39:33.962+0000] {logging_mixin.py:188} INFO - [2024-04-08T08:39:33.962+0000] {dagbag.py:540} INFO - Filling up the DagBag from /home/airflow/.local/lib/python3.8/site-packages/airflow/example_dags/example_branch_operator.py
[2024-04-08T08:39:33.986+0000] {processor.py:840} INFO - DAG(s) 'example_branch_operator' retrieved from /home/airflow/.local/lib/python3.8/site-packages/airflow/example_dags/example_branch_operator.py
[2024-04-08T08:39:34.059+0000] {logging_mixin.py:188} INFO - [2024-04-08T08:39:34.058+0000] {dag.py:3047} INFO - Sync 1 DAGs
[2024-04-08T08:39:34.149+0000] {logging_mixin.py:188} INFO - [2024-04-08T08:39:34.149+0000] {dag.py:3834} INFO - Setting next_dagrun for example_branch_operator to 2024-04-07 00:00:00+00:00, run_after=2024-04-08 00:00:00+00:00
[2024-04-08T08:39:34.178+0000] {processor.py:183} INFO - Processing /home/airflow/.local/lib/python3.8/site-packages/airflow/example_dags/example_branch_operator.py took 0.222 seconds
[2024-04-08T08:40:04.361+0000] {processor.py:161} INFO - Started process (PID=6709) to work on /home/airflow/.local/lib/python3.8/site-packages/airflow/example_dags/example_branch_operator.py
[2024-04-08T08:40:04.362+0000] {processor.py:830} INFO - Processing file /home/airflow/.local/lib/python3.8/site-packages/airflow/example_dags/example_branch_operator.py for tasks to queue
[2024-04-08T08:40:04.363+0000] {logging_mixin.py:188} INFO - [2024-04-08T08:40:04.362+0000] {dagbag.py:540} INFO - Filling up the DagBag from /home/airflow/.local/lib/python3.8/site-packages/airflow/example_dags/example_branch_operator.py
[2024-04-08T08:40:04.383+0000] {processor.py:840} INFO - DAG(s) 'example_branch_operator' retrieved from /home/airflow/.local/lib/python3.8/site-packages/airflow/example_dags/example_branch_operator.py
[2024-04-08T08:40:04.424+0000] {logging_mixin.py:188} INFO - [2024-04-08T08:40:04.424+0000] {dag.py:3047} INFO - Sync 1 DAGs
[2024-04-08T08:40:04.457+0000] {logging_mixin.py:188} INFO - [2024-04-08T08:40:04.457+0000] {dag.py:3834} INFO - Setting next_dagrun for example_branch_operator to 2024-04-07 00:00:00+00:00, run_after=2024-04-08 00:00:00+00:00
[2024-04-08T08:40:04.515+0000] {processor.py:183} INFO - Processing /home/airflow/.local/lib/python3.8/site-packages/airflow/example_dags/example_branch_operator.py took 0.157 seconds
[2024-04-08T08:40:34.780+0000] {processor.py:161} INFO - Started process (PID=6966) to work on /home/airflow/.local/lib/python3.8/site-packages/airflow/example_dags/example_branch_operator.py
[2024-04-08T08:40:34.782+0000] {processor.py:830} INFO - Processing file /home/airflow/.local/lib/python3.8/site-packages/airflow/example_dags/example_branch_operator.py for tasks to queue
[2024-04-08T08:40:34.783+0000] {logging_mixin.py:188} INFO - [2024-04-08T08:40:34.783+0000] {dagbag.py:540} INFO - Filling up the DagBag from /home/airflow/.local/lib/python3.8/site-packages/airflow/example_dags/example_branch_operator.py
[2024-04-08T08:40:34.802+0000] {processor.py:840} INFO - DAG(s) 'example_branch_operator' retrieved from /home/airflow/.local/lib/python3.8/site-packages/airflow/example_dags/example_branch_operator.py
[2024-04-08T08:40:34.837+0000] {logging_mixin.py:188} INFO - [2024-04-08T08:40:34.836+0000] {dag.py:3047} INFO - Sync 1 DAGs
[2024-04-08T08:40:34.881+0000] {logging_mixin.py:188} INFO - [2024-04-08T08:40:34.881+0000] {dag.py:3834} INFO - Setting next_dagrun for example_branch_operator to 2024-04-07 00:00:00+00:00, run_after=2024-04-08 00:00:00+00:00
[2024-04-08T08:40:34.923+0000] {processor.py:183} INFO - Processing /home/airflow/.local/lib/python3.8/site-packages/airflow/example_dags/example_branch_operator.py took 0.146 seconds
[2024-04-08T08:41:05.407+0000] {processor.py:161} INFO - Started process (PID=7223) to work on /home/airflow/.local/lib/python3.8/site-packages/airflow/example_dags/example_branch_operator.py
[2024-04-08T08:41:05.408+0000] {processor.py:830} INFO - Processing file /home/airflow/.local/lib/python3.8/site-packages/airflow/example_dags/example_branch_operator.py for tasks to queue
[2024-04-08T08:41:05.413+0000] {logging_mixin.py:188} INFO - [2024-04-08T08:41:05.412+0000] {dagbag.py:540} INFO - Filling up the DagBag from /home/airflow/.local/lib/python3.8/site-packages/airflow/example_dags/example_branch_operator.py
[2024-04-08T08:41:05.441+0000] {processor.py:840} INFO - DAG(s) 'example_branch_operator' retrieved from /home/airflow/.local/lib/python3.8/site-packages/airflow/example_dags/example_branch_operator.py
[2024-04-08T08:41:05.476+0000] {logging_mixin.py:188} INFO - [2024-04-08T08:41:05.475+0000] {dag.py:3047} INFO - Sync 1 DAGs
[2024-04-08T08:41:05.506+0000] {logging_mixin.py:188} INFO - [2024-04-08T08:41:05.506+0000] {dag.py:3834} INFO - Setting next_dagrun for example_branch_operator to 2024-04-07 00:00:00+00:00, run_after=2024-04-08 00:00:00+00:00
[2024-04-08T08:41:05.531+0000] {processor.py:183} INFO - Processing /home/airflow/.local/lib/python3.8/site-packages/airflow/example_dags/example_branch_operator.py took 0.128 seconds
[2024-04-08T08:41:35.952+0000] {processor.py:161} INFO - Started process (PID=7480) to work on /home/airflow/.local/lib/python3.8/site-packages/airflow/example_dags/example_branch_operator.py
[2024-04-08T08:41:35.953+0000] {processor.py:830} INFO - Processing file /home/airflow/.local/lib/python3.8/site-packages/airflow/example_dags/example_branch_operator.py for tasks to queue
[2024-04-08T08:41:35.954+0000] {logging_mixin.py:188} INFO - [2024-04-08T08:41:35.954+0000] {dagbag.py:540} INFO - Filling up the DagBag from /home/airflow/.local/lib/python3.8/site-packages/airflow/example_dags/example_branch_operator.py
[2024-04-08T08:41:35.973+0000] {processor.py:840} INFO - DAG(s) 'example_branch_operator' retrieved from /home/airflow/.local/lib/python3.8/site-packages/airflow/example_dags/example_branch_operator.py
[2024-04-08T08:41:36.006+0000] {logging_mixin.py:188} INFO - [2024-04-08T08:41:36.006+0000] {dag.py:3047} INFO - Sync 1 DAGs
[2024-04-08T08:41:36.034+0000] {logging_mixin.py:188} INFO - [2024-04-08T08:41:36.034+0000] {dag.py:3834} INFO - Setting next_dagrun for example_branch_operator to 2024-04-07 00:00:00+00:00, run_after=2024-04-08 00:00:00+00:00
[2024-04-08T08:41:36.059+0000] {processor.py:183} INFO - Processing /home/airflow/.local/lib/python3.8/site-packages/airflow/example_dags/example_branch_operator.py took 0.111 seconds
[2024-04-08T08:42:06.213+0000] {processor.py:161} INFO - Started process (PID=7737) to work on /home/airflow/.local/lib/python3.8/site-packages/airflow/example_dags/example_branch_operator.py
[2024-04-08T08:42:06.214+0000] {processor.py:830} INFO - Processing file /home/airflow/.local/lib/python3.8/site-packages/airflow/example_dags/example_branch_operator.py for tasks to queue
[2024-04-08T08:42:06.216+0000] {logging_mixin.py:188} INFO - [2024-04-08T08:42:06.215+0000] {dagbag.py:540} INFO - Filling up the DagBag from /home/airflow/.local/lib/python3.8/site-packages/airflow/example_dags/example_branch_operator.py
[2024-04-08T08:42:06.238+0000] {processor.py:840} INFO - DAG(s) 'example_branch_operator' retrieved from /home/airflow/.local/lib/python3.8/site-packages/airflow/example_dags/example_branch_operator.py
[2024-04-08T08:42:06.274+0000] {logging_mixin.py:188} INFO - [2024-04-08T08:42:06.273+0000] {dag.py:3047} INFO - Sync 1 DAGs
[2024-04-08T08:42:06.302+0000] {logging_mixin.py:188} INFO - [2024-04-08T08:42:06.301+0000] {dag.py:3834} INFO - Setting next_dagrun for example_branch_operator to 2024-04-07 00:00:00+00:00, run_after=2024-04-08 00:00:00+00:00
[2024-04-08T08:42:06.326+0000] {processor.py:183} INFO - Processing /home/airflow/.local/lib/python3.8/site-packages/airflow/example_dags/example_branch_operator.py took 0.122 seconds
[2024-04-08T08:42:36.502+0000] {processor.py:161} INFO - Started process (PID=7994) to work on /home/airflow/.local/lib/python3.8/site-packages/airflow/example_dags/example_branch_operator.py
[2024-04-08T08:42:36.503+0000] {processor.py:830} INFO - Processing file /home/airflow/.local/lib/python3.8/site-packages/airflow/example_dags/example_branch_operator.py for tasks to queue
[2024-04-08T08:42:36.504+0000] {logging_mixin.py:188} INFO - [2024-04-08T08:42:36.504+0000] {dagbag.py:540} INFO - Filling up the DagBag from /home/airflow/.local/lib/python3.8/site-packages/airflow/example_dags/example_branch_operator.py
[2024-04-08T08:42:36.528+0000] {processor.py:840} INFO - DAG(s) 'example_branch_operator' retrieved from /home/airflow/.local/lib/python3.8/site-packages/airflow/example_dags/example_branch_operator.py
[2024-04-08T08:42:36.576+0000] {logging_mixin.py:188} INFO - [2024-04-08T08:42:36.576+0000] {dag.py:3047} INFO - Sync 1 DAGs
[2024-04-08T08:42:36.603+0000] {logging_mixin.py:188} INFO - [2024-04-08T08:42:36.603+0000] {dag.py:3834} INFO - Setting next_dagrun for example_branch_operator to 2024-04-07 00:00:00+00:00, run_after=2024-04-08 00:00:00+00:00
[2024-04-08T08:42:36.634+0000] {processor.py:183} INFO - Processing /home/airflow/.local/lib/python3.8/site-packages/airflow/example_dags/example_branch_operator.py took 0.136 seconds
[2024-04-08T08:43:06.790+0000] {processor.py:161} INFO - Started process (PID=8251) to work on /home/airflow/.local/lib/python3.8/site-packages/airflow/example_dags/example_branch_operator.py
[2024-04-08T08:43:06.791+0000] {processor.py:830} INFO - Processing file /home/airflow/.local/lib/python3.8/site-packages/airflow/example_dags/example_branch_operator.py for tasks to queue
[2024-04-08T08:43:06.792+0000] {logging_mixin.py:188} INFO - [2024-04-08T08:43:06.792+0000] {dagbag.py:540} INFO - Filling up the DagBag from /home/airflow/.local/lib/python3.8/site-packages/airflow/example_dags/example_branch_operator.py
[2024-04-08T08:43:06.813+0000] {processor.py:840} INFO - DAG(s) 'example_branch_operator' retrieved from /home/airflow/.local/lib/python3.8/site-packages/airflow/example_dags/example_branch_operator.py
[2024-04-08T08:43:06.845+0000] {logging_mixin.py:188} INFO - [2024-04-08T08:43:06.845+0000] {dag.py:3047} INFO - Sync 1 DAGs
[2024-04-08T08:43:06.888+0000] {logging_mixin.py:188} INFO - [2024-04-08T08:43:06.888+0000] {dag.py:3834} INFO - Setting next_dagrun for example_branch_operator to 2024-04-07 00:00:00+00:00, run_after=2024-04-08 00:00:00+00:00
[2024-04-08T08:43:06.936+0000] {processor.py:183} INFO - Processing /home/airflow/.local/lib/python3.8/site-packages/airflow/example_dags/example_branch_operator.py took 0.149 seconds
[2024-04-08T08:43:37.279+0000] {processor.py:161} INFO - Started process (PID=8508) to work on /home/airflow/.local/lib/python3.8/site-packages/airflow/example_dags/example_branch_operator.py
[2024-04-08T08:43:37.280+0000] {processor.py:830} INFO - Processing file /home/airflow/.local/lib/python3.8/site-packages/airflow/example_dags/example_branch_operator.py for tasks to queue
[2024-04-08T08:43:37.281+0000] {logging_mixin.py:188} INFO - [2024-04-08T08:43:37.281+0000] {dagbag.py:540} INFO - Filling up the DagBag from /home/airflow/.local/lib/python3.8/site-packages/airflow/example_dags/example_branch_operator.py
[2024-04-08T08:43:37.303+0000] {processor.py:840} INFO - DAG(s) 'example_branch_operator' retrieved from /home/airflow/.local/lib/python3.8/site-packages/airflow/example_dags/example_branch_operator.py
[2024-04-08T08:43:37.399+0000] {logging_mixin.py:188} INFO - [2024-04-08T08:43:37.399+0000] {dag.py:3047} INFO - Sync 1 DAGs
[2024-04-08T08:43:37.429+0000] {logging_mixin.py:188} INFO - [2024-04-08T08:43:37.428+0000] {dag.py:3834} INFO - Setting next_dagrun for example_branch_operator to 2024-04-07 00:00:00+00:00, run_after=2024-04-08 00:00:00+00:00
[2024-04-08T08:43:37.466+0000] {processor.py:183} INFO - Processing /home/airflow/.local/lib/python3.8/site-packages/airflow/example_dags/example_branch_operator.py took 0.190 seconds
[2024-04-08T08:44:08.210+0000] {processor.py:161} INFO - Started process (PID=8765) to work on /home/airflow/.local/lib/python3.8/site-packages/airflow/example_dags/example_branch_operator.py
[2024-04-08T08:44:08.211+0000] {processor.py:830} INFO - Processing file /home/airflow/.local/lib/python3.8/site-packages/airflow/example_dags/example_branch_operator.py for tasks to queue
[2024-04-08T08:44:08.215+0000] {logging_mixin.py:188} INFO - [2024-04-08T08:44:08.215+0000] {dagbag.py:540} INFO - Filling up the DagBag from /home/airflow/.local/lib/python3.8/site-packages/airflow/example_dags/example_branch_operator.py
[2024-04-08T08:44:08.254+0000] {processor.py:840} INFO - DAG(s) 'example_branch_operator' retrieved from /home/airflow/.local/lib/python3.8/site-packages/airflow/example_dags/example_branch_operator.py
[2024-04-08T08:44:08.287+0000] {logging_mixin.py:188} INFO - [2024-04-08T08:44:08.286+0000] {dag.py:3047} INFO - Sync 1 DAGs
[2024-04-08T08:44:08.319+0000] {logging_mixin.py:188} INFO - [2024-04-08T08:44:08.318+0000] {dag.py:3834} INFO - Setting next_dagrun for example_branch_operator to 2024-04-07 00:00:00+00:00, run_after=2024-04-08 00:00:00+00:00
[2024-04-08T08:44:08.343+0000] {processor.py:183} INFO - Processing /home/airflow/.local/lib/python3.8/site-packages/airflow/example_dags/example_branch_operator.py took 0.141 seconds
[2024-04-08T08:44:38.661+0000] {processor.py:161} INFO - Started process (PID=9023) to work on /home/airflow/.local/lib/python3.8/site-packages/airflow/example_dags/example_branch_operator.py
[2024-04-08T08:44:38.662+0000] {processor.py:830} INFO - Processing file /home/airflow/.local/lib/python3.8/site-packages/airflow/example_dags/example_branch_operator.py for tasks to queue
[2024-04-08T08:44:38.663+0000] {logging_mixin.py:188} INFO - [2024-04-08T08:44:38.663+0000] {dagbag.py:540} INFO - Filling up the DagBag from /home/airflow/.local/lib/python3.8/site-packages/airflow/example_dags/example_branch_operator.py
[2024-04-08T08:44:38.683+0000] {processor.py:840} INFO - DAG(s) 'example_branch_operator' retrieved from /home/airflow/.local/lib/python3.8/site-packages/airflow/example_dags/example_branch_operator.py
[2024-04-08T08:44:38.718+0000] {logging_mixin.py:188} INFO - [2024-04-08T08:44:38.717+0000] {dag.py:3047} INFO - Sync 1 DAGs
[2024-04-08T08:44:38.746+0000] {logging_mixin.py:188} INFO - [2024-04-08T08:44:38.746+0000] {dag.py:3834} INFO - Setting next_dagrun for example_branch_operator to 2024-04-07 00:00:00+00:00, run_after=2024-04-08 00:00:00+00:00
[2024-04-08T08:44:38.772+0000] {processor.py:183} INFO - Processing /home/airflow/.local/lib/python3.8/site-packages/airflow/example_dags/example_branch_operator.py took 0.114 seconds
[2024-04-08T08:45:08.955+0000] {processor.py:161} INFO - Started process (PID=9284) to work on /home/airflow/.local/lib/python3.8/site-packages/airflow/example_dags/example_branch_operator.py
[2024-04-08T08:45:08.957+0000] {processor.py:830} INFO - Processing file /home/airflow/.local/lib/python3.8/site-packages/airflow/example_dags/example_branch_operator.py for tasks to queue
[2024-04-08T08:45:08.958+0000] {logging_mixin.py:188} INFO - [2024-04-08T08:45:08.958+0000] {dagbag.py:540} INFO - Filling up the DagBag from /home/airflow/.local/lib/python3.8/site-packages/airflow/example_dags/example_branch_operator.py
[2024-04-08T08:45:08.977+0000] {processor.py:840} INFO - DAG(s) 'example_branch_operator' retrieved from /home/airflow/.local/lib/python3.8/site-packages/airflow/example_dags/example_branch_operator.py
[2024-04-08T08:45:09.001+0000] {logging_mixin.py:188} INFO - [2024-04-08T08:45:09.001+0000] {dag.py:3047} INFO - Sync 1 DAGs
[2024-04-08T08:45:09.023+0000] {logging_mixin.py:188} INFO - [2024-04-08T08:45:09.022+0000] {dag.py:3834} INFO - Setting next_dagrun for example_branch_operator to 2024-04-07 00:00:00+00:00, run_after=2024-04-08 00:00:00+00:00
[2024-04-08T08:45:09.050+0000] {processor.py:183} INFO - Processing /home/airflow/.local/lib/python3.8/site-packages/airflow/example_dags/example_branch_operator.py took 0.099 seconds
[2024-04-08T08:45:39.213+0000] {processor.py:161} INFO - Started process (PID=9540) to work on /home/airflow/.local/lib/python3.8/site-packages/airflow/example_dags/example_branch_operator.py
[2024-04-08T08:45:39.214+0000] {processor.py:830} INFO - Processing file /home/airflow/.local/lib/python3.8/site-packages/airflow/example_dags/example_branch_operator.py for tasks to queue
[2024-04-08T08:45:39.215+0000] {logging_mixin.py:188} INFO - [2024-04-08T08:45:39.215+0000] {dagbag.py:540} INFO - Filling up the DagBag from /home/airflow/.local/lib/python3.8/site-packages/airflow/example_dags/example_branch_operator.py
[2024-04-08T08:45:39.247+0000] {processor.py:840} INFO - DAG(s) 'example_branch_operator' retrieved from /home/airflow/.local/lib/python3.8/site-packages/airflow/example_dags/example_branch_operator.py
[2024-04-08T08:45:39.324+0000] {logging_mixin.py:188} INFO - [2024-04-08T08:45:39.323+0000] {dag.py:3047} INFO - Sync 1 DAGs
[2024-04-08T08:45:39.381+0000] {logging_mixin.py:188} INFO - [2024-04-08T08:45:39.381+0000] {dag.py:3834} INFO - Setting next_dagrun for example_branch_operator to 2024-04-07 00:00:00+00:00, run_after=2024-04-08 00:00:00+00:00
[2024-04-08T08:45:39.415+0000] {processor.py:183} INFO - Processing /home/airflow/.local/lib/python3.8/site-packages/airflow/example_dags/example_branch_operator.py took 0.206 seconds
[2024-04-08T08:46:09.554+0000] {processor.py:161} INFO - Started process (PID=9797) to work on /home/airflow/.local/lib/python3.8/site-packages/airflow/example_dags/example_branch_operator.py
[2024-04-08T08:46:09.555+0000] {processor.py:830} INFO - Processing file /home/airflow/.local/lib/python3.8/site-packages/airflow/example_dags/example_branch_operator.py for tasks to queue
[2024-04-08T08:46:09.556+0000] {logging_mixin.py:188} INFO - [2024-04-08T08:46:09.556+0000] {dagbag.py:540} INFO - Filling up the DagBag from /home/airflow/.local/lib/python3.8/site-packages/airflow/example_dags/example_branch_operator.py
[2024-04-08T08:46:09.578+0000] {processor.py:840} INFO - DAG(s) 'example_branch_operator' retrieved from /home/airflow/.local/lib/python3.8/site-packages/airflow/example_dags/example_branch_operator.py
[2024-04-08T08:46:09.610+0000] {logging_mixin.py:188} INFO - [2024-04-08T08:46:09.610+0000] {dag.py:3047} INFO - Sync 1 DAGs
[2024-04-08T08:46:09.677+0000] {logging_mixin.py:188} INFO - [2024-04-08T08:46:09.677+0000] {dag.py:3834} INFO - Setting next_dagrun for example_branch_operator to 2024-04-07 00:00:00+00:00, run_after=2024-04-08 00:00:00+00:00
[2024-04-08T08:46:09.730+0000] {processor.py:183} INFO - Processing /home/airflow/.local/lib/python3.8/site-packages/airflow/example_dags/example_branch_operator.py took 0.180 seconds
[2024-04-08T08:46:40.098+0000] {processor.py:161} INFO - Started process (PID=10060) to work on /home/airflow/.local/lib/python3.8/site-packages/airflow/example_dags/example_branch_operator.py
[2024-04-08T08:46:40.099+0000] {processor.py:830} INFO - Processing file /home/airflow/.local/lib/python3.8/site-packages/airflow/example_dags/example_branch_operator.py for tasks to queue
[2024-04-08T08:46:40.101+0000] {logging_mixin.py:188} INFO - [2024-04-08T08:46:40.100+0000] {dagbag.py:540} INFO - Filling up the DagBag from /home/airflow/.local/lib/python3.8/site-packages/airflow/example_dags/example_branch_operator.py
[2024-04-08T08:46:40.123+0000] {processor.py:840} INFO - DAG(s) 'example_branch_operator' retrieved from /home/airflow/.local/lib/python3.8/site-packages/airflow/example_dags/example_branch_operator.py
[2024-04-08T08:46:40.159+0000] {logging_mixin.py:188} INFO - [2024-04-08T08:46:40.159+0000] {dag.py:3047} INFO - Sync 1 DAGs
[2024-04-08T08:46:40.187+0000] {logging_mixin.py:188} INFO - [2024-04-08T08:46:40.186+0000] {dag.py:3834} INFO - Setting next_dagrun for example_branch_operator to 2024-04-07 00:00:00+00:00, run_after=2024-04-08 00:00:00+00:00
[2024-04-08T08:46:40.211+0000] {processor.py:183} INFO - Processing /home/airflow/.local/lib/python3.8/site-packages/airflow/example_dags/example_branch_operator.py took 0.115 seconds
[2024-04-08T08:47:10.764+0000] {processor.py:161} INFO - Started process (PID=10317) to work on /home/airflow/.local/lib/python3.8/site-packages/airflow/example_dags/example_branch_operator.py
[2024-04-08T08:47:10.765+0000] {processor.py:830} INFO - Processing file /home/airflow/.local/lib/python3.8/site-packages/airflow/example_dags/example_branch_operator.py for tasks to queue
[2024-04-08T08:47:10.766+0000] {logging_mixin.py:188} INFO - [2024-04-08T08:47:10.766+0000] {dagbag.py:540} INFO - Filling up the DagBag from /home/airflow/.local/lib/python3.8/site-packages/airflow/example_dags/example_branch_operator.py
[2024-04-08T08:47:10.788+0000] {processor.py:840} INFO - DAG(s) 'example_branch_operator' retrieved from /home/airflow/.local/lib/python3.8/site-packages/airflow/example_dags/example_branch_operator.py
[2024-04-08T08:47:10.820+0000] {logging_mixin.py:188} INFO - [2024-04-08T08:47:10.820+0000] {dag.py:3047} INFO - Sync 1 DAGs
[2024-04-08T08:47:10.849+0000] {logging_mixin.py:188} INFO - [2024-04-08T08:47:10.849+0000] {dag.py:3834} INFO - Setting next_dagrun for example_branch_operator to 2024-04-07 00:00:00+00:00, run_after=2024-04-08 00:00:00+00:00
[2024-04-08T08:47:10.874+0000] {processor.py:183} INFO - Processing /home/airflow/.local/lib/python3.8/site-packages/airflow/example_dags/example_branch_operator.py took 0.113 seconds
[2024-04-08T08:47:41.938+0000] {processor.py:161} INFO - Started process (PID=10576) to work on /home/airflow/.local/lib/python3.8/site-packages/airflow/example_dags/example_branch_operator.py
[2024-04-08T08:47:41.939+0000] {processor.py:830} INFO - Processing file /home/airflow/.local/lib/python3.8/site-packages/airflow/example_dags/example_branch_operator.py for tasks to queue
[2024-04-08T08:47:41.940+0000] {logging_mixin.py:188} INFO - [2024-04-08T08:47:41.940+0000] {dagbag.py:540} INFO - Filling up the DagBag from /home/airflow/.local/lib/python3.8/site-packages/airflow/example_dags/example_branch_operator.py
[2024-04-08T08:47:41.979+0000] {processor.py:840} INFO - DAG(s) 'example_branch_operator' retrieved from /home/airflow/.local/lib/python3.8/site-packages/airflow/example_dags/example_branch_operator.py
[2024-04-08T08:47:42.069+0000] {logging_mixin.py:188} INFO - [2024-04-08T08:47:42.069+0000] {dag.py:3047} INFO - Sync 1 DAGs
[2024-04-08T08:47:42.097+0000] {logging_mixin.py:188} INFO - [2024-04-08T08:47:42.096+0000] {dag.py:3834} INFO - Setting next_dagrun for example_branch_operator to 2024-04-07 00:00:00+00:00, run_after=2024-04-08 00:00:00+00:00
[2024-04-08T08:47:42.131+0000] {processor.py:183} INFO - Processing /home/airflow/.local/lib/python3.8/site-packages/airflow/example_dags/example_branch_operator.py took 0.197 seconds
[2024-04-08T08:48:12.175+0000] {processor.py:161} INFO - Started process (PID=10831) to work on /home/airflow/.local/lib/python3.8/site-packages/airflow/example_dags/example_branch_operator.py
[2024-04-08T08:48:12.176+0000] {processor.py:830} INFO - Processing file /home/airflow/.local/lib/python3.8/site-packages/airflow/example_dags/example_branch_operator.py for tasks to queue
[2024-04-08T08:48:12.177+0000] {logging_mixin.py:188} INFO - [2024-04-08T08:48:12.177+0000] {dagbag.py:540} INFO - Filling up the DagBag from /home/airflow/.local/lib/python3.8/site-packages/airflow/example_dags/example_branch_operator.py
[2024-04-08T08:48:12.198+0000] {processor.py:840} INFO - DAG(s) 'example_branch_operator' retrieved from /home/airflow/.local/lib/python3.8/site-packages/airflow/example_dags/example_branch_operator.py
[2024-04-08T08:48:12.230+0000] {logging_mixin.py:188} INFO - [2024-04-08T08:48:12.230+0000] {dag.py:3047} INFO - Sync 1 DAGs
[2024-04-08T08:48:12.258+0000] {logging_mixin.py:188} INFO - [2024-04-08T08:48:12.257+0000] {dag.py:3834} INFO - Setting next_dagrun for example_branch_operator to 2024-04-07 00:00:00+00:00, run_after=2024-04-08 00:00:00+00:00
[2024-04-08T08:48:12.291+0000] {processor.py:183} INFO - Processing /home/airflow/.local/lib/python3.8/site-packages/airflow/example_dags/example_branch_operator.py took 0.120 seconds
[2024-04-08T08:48:42.651+0000] {processor.py:161} INFO - Started process (PID=11088) to work on /home/airflow/.local/lib/python3.8/site-packages/airflow/example_dags/example_branch_operator.py
[2024-04-08T08:48:42.652+0000] {processor.py:830} INFO - Processing file /home/airflow/.local/lib/python3.8/site-packages/airflow/example_dags/example_branch_operator.py for tasks to queue
[2024-04-08T08:48:42.652+0000] {logging_mixin.py:188} INFO - [2024-04-08T08:48:42.652+0000] {dagbag.py:540} INFO - Filling up the DagBag from /home/airflow/.local/lib/python3.8/site-packages/airflow/example_dags/example_branch_operator.py
[2024-04-08T08:48:42.673+0000] {processor.py:840} INFO - DAG(s) 'example_branch_operator' retrieved from /home/airflow/.local/lib/python3.8/site-packages/airflow/example_dags/example_branch_operator.py
[2024-04-08T08:48:42.707+0000] {logging_mixin.py:188} INFO - [2024-04-08T08:48:42.707+0000] {dag.py:3047} INFO - Sync 1 DAGs
[2024-04-08T08:48:42.737+0000] {logging_mixin.py:188} INFO - [2024-04-08T08:48:42.737+0000] {dag.py:3834} INFO - Setting next_dagrun for example_branch_operator to 2024-04-07 00:00:00+00:00, run_after=2024-04-08 00:00:00+00:00
[2024-04-08T08:48:42.761+0000] {processor.py:183} INFO - Processing /home/airflow/.local/lib/python3.8/site-packages/airflow/example_dags/example_branch_operator.py took 0.114 seconds
[2024-04-08T08:49:13.625+0000] {processor.py:161} INFO - Started process (PID=11345) to work on /home/airflow/.local/lib/python3.8/site-packages/airflow/example_dags/example_branch_operator.py
[2024-04-08T08:49:13.626+0000] {processor.py:830} INFO - Processing file /home/airflow/.local/lib/python3.8/site-packages/airflow/example_dags/example_branch_operator.py for tasks to queue
[2024-04-08T08:49:13.628+0000] {logging_mixin.py:188} INFO - [2024-04-08T08:49:13.627+0000] {dagbag.py:540} INFO - Filling up the DagBag from /home/airflow/.local/lib/python3.8/site-packages/airflow/example_dags/example_branch_operator.py
[2024-04-08T08:49:13.650+0000] {processor.py:840} INFO - DAG(s) 'example_branch_operator' retrieved from /home/airflow/.local/lib/python3.8/site-packages/airflow/example_dags/example_branch_operator.py
[2024-04-08T08:49:13.687+0000] {logging_mixin.py:188} INFO - [2024-04-08T08:49:13.687+0000] {dag.py:3047} INFO - Sync 1 DAGs
[2024-04-08T08:49:13.717+0000] {logging_mixin.py:188} INFO - [2024-04-08T08:49:13.716+0000] {dag.py:3834} INFO - Setting next_dagrun for example_branch_operator to 2024-04-07 00:00:00+00:00, run_after=2024-04-08 00:00:00+00:00
[2024-04-08T08:49:13.739+0000] {processor.py:183} INFO - Processing /home/airflow/.local/lib/python3.8/site-packages/airflow/example_dags/example_branch_operator.py took 0.123 seconds
[2024-04-08T08:49:44.176+0000] {processor.py:161} INFO - Started process (PID=11608) to work on /home/airflow/.local/lib/python3.8/site-packages/airflow/example_dags/example_branch_operator.py
[2024-04-08T08:49:44.177+0000] {processor.py:830} INFO - Processing file /home/airflow/.local/lib/python3.8/site-packages/airflow/example_dags/example_branch_operator.py for tasks to queue
[2024-04-08T08:49:44.178+0000] {logging_mixin.py:188} INFO - [2024-04-08T08:49:44.178+0000] {dagbag.py:540} INFO - Filling up the DagBag from /home/airflow/.local/lib/python3.8/site-packages/airflow/example_dags/example_branch_operator.py
[2024-04-08T08:49:44.198+0000] {processor.py:840} INFO - DAG(s) 'example_branch_operator' retrieved from /home/airflow/.local/lib/python3.8/site-packages/airflow/example_dags/example_branch_operator.py
[2024-04-08T08:49:44.233+0000] {logging_mixin.py:188} INFO - [2024-04-08T08:49:44.233+0000] {dag.py:3047} INFO - Sync 1 DAGs
[2024-04-08T08:49:44.261+0000] {logging_mixin.py:188} INFO - [2024-04-08T08:49:44.261+0000] {dag.py:3834} INFO - Setting next_dagrun for example_branch_operator to 2024-04-07 00:00:00+00:00, run_after=2024-04-08 00:00:00+00:00
[2024-04-08T08:49:44.288+0000] {processor.py:183} INFO - Processing /home/airflow/.local/lib/python3.8/site-packages/airflow/example_dags/example_branch_operator.py took 0.116 seconds
[2024-04-08T08:50:14.776+0000] {processor.py:161} INFO - Started process (PID=11859) to work on /home/airflow/.local/lib/python3.8/site-packages/airflow/example_dags/example_branch_operator.py
[2024-04-08T08:50:14.777+0000] {processor.py:830} INFO - Processing file /home/airflow/.local/lib/python3.8/site-packages/airflow/example_dags/example_branch_operator.py for tasks to queue
[2024-04-08T08:50:14.778+0000] {logging_mixin.py:188} INFO - [2024-04-08T08:50:14.778+0000] {dagbag.py:540} INFO - Filling up the DagBag from /home/airflow/.local/lib/python3.8/site-packages/airflow/example_dags/example_branch_operator.py
[2024-04-08T08:50:14.799+0000] {processor.py:840} INFO - DAG(s) 'example_branch_operator' retrieved from /home/airflow/.local/lib/python3.8/site-packages/airflow/example_dags/example_branch_operator.py
[2024-04-08T08:50:14.835+0000] {logging_mixin.py:188} INFO - [2024-04-08T08:50:14.835+0000] {dag.py:3047} INFO - Sync 1 DAGs
[2024-04-08T08:50:14.862+0000] {logging_mixin.py:188} INFO - [2024-04-08T08:50:14.861+0000] {dag.py:3834} INFO - Setting next_dagrun for example_branch_operator to 2024-04-07 00:00:00+00:00, run_after=2024-04-08 00:00:00+00:00
[2024-04-08T08:50:14.907+0000] {processor.py:183} INFO - Processing /home/airflow/.local/lib/python3.8/site-packages/airflow/example_dags/example_branch_operator.py took 0.134 seconds
[2024-04-08T08:50:45.188+0000] {processor.py:161} INFO - Started process (PID=12117) to work on /home/airflow/.local/lib/python3.8/site-packages/airflow/example_dags/example_branch_operator.py
[2024-04-08T08:50:45.189+0000] {processor.py:830} INFO - Processing file /home/airflow/.local/lib/python3.8/site-packages/airflow/example_dags/example_branch_operator.py for tasks to queue
[2024-04-08T08:50:45.191+0000] {logging_mixin.py:188} INFO - [2024-04-08T08:50:45.190+0000] {dagbag.py:540} INFO - Filling up the DagBag from /home/airflow/.local/lib/python3.8/site-packages/airflow/example_dags/example_branch_operator.py
[2024-04-08T08:50:45.211+0000] {processor.py:840} INFO - DAG(s) 'example_branch_operator' retrieved from /home/airflow/.local/lib/python3.8/site-packages/airflow/example_dags/example_branch_operator.py
[2024-04-08T08:50:45.243+0000] {logging_mixin.py:188} INFO - [2024-04-08T08:50:45.243+0000] {dag.py:3047} INFO - Sync 1 DAGs
[2024-04-08T08:50:45.270+0000] {logging_mixin.py:188} INFO - [2024-04-08T08:50:45.270+0000] {dag.py:3834} INFO - Setting next_dagrun for example_branch_operator to 2024-04-07 00:00:00+00:00, run_after=2024-04-08 00:00:00+00:00
[2024-04-08T08:50:45.293+0000] {processor.py:183} INFO - Processing /home/airflow/.local/lib/python3.8/site-packages/airflow/example_dags/example_branch_operator.py took 0.109 seconds
[2024-04-08T08:51:15.651+0000] {processor.py:161} INFO - Started process (PID=12375) to work on /home/airflow/.local/lib/python3.8/site-packages/airflow/example_dags/example_branch_operator.py
[2024-04-08T08:51:15.652+0000] {processor.py:830} INFO - Processing file /home/airflow/.local/lib/python3.8/site-packages/airflow/example_dags/example_branch_operator.py for tasks to queue
[2024-04-08T08:51:15.653+0000] {logging_mixin.py:188} INFO - [2024-04-08T08:51:15.653+0000] {dagbag.py:540} INFO - Filling up the DagBag from /home/airflow/.local/lib/python3.8/site-packages/airflow/example_dags/example_branch_operator.py
[2024-04-08T08:51:15.673+0000] {processor.py:840} INFO - DAG(s) 'example_branch_operator' retrieved from /home/airflow/.local/lib/python3.8/site-packages/airflow/example_dags/example_branch_operator.py
[2024-04-08T08:51:15.710+0000] {logging_mixin.py:188} INFO - [2024-04-08T08:51:15.709+0000] {dag.py:3047} INFO - Sync 1 DAGs
[2024-04-08T08:51:15.741+0000] {logging_mixin.py:188} INFO - [2024-04-08T08:51:15.740+0000] {dag.py:3834} INFO - Setting next_dagrun for example_branch_operator to 2024-04-07 00:00:00+00:00, run_after=2024-04-08 00:00:00+00:00
[2024-04-08T08:51:15.781+0000] {processor.py:183} INFO - Processing /home/airflow/.local/lib/python3.8/site-packages/airflow/example_dags/example_branch_operator.py took 0.133 seconds
[2024-04-08T08:51:46.076+0000] {processor.py:161} INFO - Started process (PID=12632) to work on /home/airflow/.local/lib/python3.8/site-packages/airflow/example_dags/example_branch_operator.py
[2024-04-08T08:51:46.078+0000] {processor.py:830} INFO - Processing file /home/airflow/.local/lib/python3.8/site-packages/airflow/example_dags/example_branch_operator.py for tasks to queue
[2024-04-08T08:51:46.079+0000] {logging_mixin.py:188} INFO - [2024-04-08T08:51:46.078+0000] {dagbag.py:540} INFO - Filling up the DagBag from /home/airflow/.local/lib/python3.8/site-packages/airflow/example_dags/example_branch_operator.py
[2024-04-08T08:51:46.099+0000] {processor.py:840} INFO - DAG(s) 'example_branch_operator' retrieved from /home/airflow/.local/lib/python3.8/site-packages/airflow/example_dags/example_branch_operator.py
[2024-04-08T08:51:46.137+0000] {logging_mixin.py:188} INFO - [2024-04-08T08:51:46.136+0000] {dag.py:3047} INFO - Sync 1 DAGs
[2024-04-08T08:51:46.164+0000] {logging_mixin.py:188} INFO - [2024-04-08T08:51:46.164+0000] {dag.py:3834} INFO - Setting next_dagrun for example_branch_operator to 2024-04-07 00:00:00+00:00, run_after=2024-04-08 00:00:00+00:00
[2024-04-08T08:51:46.188+0000] {processor.py:183} INFO - Processing /home/airflow/.local/lib/python3.8/site-packages/airflow/example_dags/example_branch_operator.py took 0.115 seconds
[2024-04-08T08:52:16.644+0000] {processor.py:161} INFO - Started process (PID=12889) to work on /home/airflow/.local/lib/python3.8/site-packages/airflow/example_dags/example_branch_operator.py
[2024-04-08T08:52:16.645+0000] {processor.py:830} INFO - Processing file /home/airflow/.local/lib/python3.8/site-packages/airflow/example_dags/example_branch_operator.py for tasks to queue
[2024-04-08T08:52:16.646+0000] {logging_mixin.py:188} INFO - [2024-04-08T08:52:16.646+0000] {dagbag.py:540} INFO - Filling up the DagBag from /home/airflow/.local/lib/python3.8/site-packages/airflow/example_dags/example_branch_operator.py
[2024-04-08T08:52:16.668+0000] {processor.py:840} INFO - DAG(s) 'example_branch_operator' retrieved from /home/airflow/.local/lib/python3.8/site-packages/airflow/example_dags/example_branch_operator.py
[2024-04-08T08:52:16.706+0000] {logging_mixin.py:188} INFO - [2024-04-08T08:52:16.706+0000] {dag.py:3047} INFO - Sync 1 DAGs
[2024-04-08T08:52:16.739+0000] {logging_mixin.py:188} INFO - [2024-04-08T08:52:16.739+0000] {dag.py:3834} INFO - Setting next_dagrun for example_branch_operator to 2024-04-07 00:00:00+00:00, run_after=2024-04-08 00:00:00+00:00
[2024-04-08T08:52:16.765+0000] {processor.py:183} INFO - Processing /home/airflow/.local/lib/python3.8/site-packages/airflow/example_dags/example_branch_operator.py took 0.125 seconds
[2024-04-08T08:52:47.147+0000] {processor.py:161} INFO - Started process (PID=13146) to work on /home/airflow/.local/lib/python3.8/site-packages/airflow/example_dags/example_branch_operator.py
[2024-04-08T08:52:47.149+0000] {processor.py:830} INFO - Processing file /home/airflow/.local/lib/python3.8/site-packages/airflow/example_dags/example_branch_operator.py for tasks to queue
[2024-04-08T08:52:47.150+0000] {logging_mixin.py:188} INFO - [2024-04-08T08:52:47.150+0000] {dagbag.py:540} INFO - Filling up the DagBag from /home/airflow/.local/lib/python3.8/site-packages/airflow/example_dags/example_branch_operator.py
[2024-04-08T08:52:47.173+0000] {processor.py:840} INFO - DAG(s) 'example_branch_operator' retrieved from /home/airflow/.local/lib/python3.8/site-packages/airflow/example_dags/example_branch_operator.py
[2024-04-08T08:52:47.205+0000] {logging_mixin.py:188} INFO - [2024-04-08T08:52:47.205+0000] {dag.py:3047} INFO - Sync 1 DAGs
[2024-04-08T08:52:47.230+0000] {logging_mixin.py:188} INFO - [2024-04-08T08:52:47.229+0000] {dag.py:3834} INFO - Setting next_dagrun for example_branch_operator to 2024-04-07 00:00:00+00:00, run_after=2024-04-08 00:00:00+00:00
[2024-04-08T08:52:47.254+0000] {processor.py:183} INFO - Processing /home/airflow/.local/lib/python3.8/site-packages/airflow/example_dags/example_branch_operator.py took 0.111 seconds
[2024-04-08T08:53:17.551+0000] {processor.py:161} INFO - Started process (PID=13403) to work on /home/airflow/.local/lib/python3.8/site-packages/airflow/example_dags/example_branch_operator.py
[2024-04-08T08:53:17.552+0000] {processor.py:830} INFO - Processing file /home/airflow/.local/lib/python3.8/site-packages/airflow/example_dags/example_branch_operator.py for tasks to queue
[2024-04-08T08:53:17.553+0000] {logging_mixin.py:188} INFO - [2024-04-08T08:53:17.553+0000] {dagbag.py:540} INFO - Filling up the DagBag from /home/airflow/.local/lib/python3.8/site-packages/airflow/example_dags/example_branch_operator.py
[2024-04-08T08:53:17.571+0000] {processor.py:840} INFO - DAG(s) 'example_branch_operator' retrieved from /home/airflow/.local/lib/python3.8/site-packages/airflow/example_dags/example_branch_operator.py
[2024-04-08T08:53:17.605+0000] {logging_mixin.py:188} INFO - [2024-04-08T08:53:17.605+0000] {dag.py:3047} INFO - Sync 1 DAGs
[2024-04-08T08:53:17.635+0000] {logging_mixin.py:188} INFO - [2024-04-08T08:53:17.634+0000] {dag.py:3834} INFO - Setting next_dagrun for example_branch_operator to 2024-04-07 00:00:00+00:00, run_after=2024-04-08 00:00:00+00:00
[2024-04-08T08:53:17.659+0000] {processor.py:183} INFO - Processing /home/airflow/.local/lib/python3.8/site-packages/airflow/example_dags/example_branch_operator.py took 0.111 seconds
[2024-04-08T08:53:48.101+0000] {processor.py:161} INFO - Started process (PID=13660) to work on /home/airflow/.local/lib/python3.8/site-packages/airflow/example_dags/example_branch_operator.py
[2024-04-08T08:53:48.106+0000] {processor.py:830} INFO - Processing file /home/airflow/.local/lib/python3.8/site-packages/airflow/example_dags/example_branch_operator.py for tasks to queue
[2024-04-08T08:53:48.107+0000] {logging_mixin.py:188} INFO - [2024-04-08T08:53:48.107+0000] {dagbag.py:540} INFO - Filling up the DagBag from /home/airflow/.local/lib/python3.8/site-packages/airflow/example_dags/example_branch_operator.py
[2024-04-08T08:53:48.138+0000] {processor.py:840} INFO - DAG(s) 'example_branch_operator' retrieved from /home/airflow/.local/lib/python3.8/site-packages/airflow/example_dags/example_branch_operator.py
[2024-04-08T08:53:48.218+0000] {logging_mixin.py:188} INFO - [2024-04-08T08:53:48.218+0000] {dag.py:3047} INFO - Sync 1 DAGs
[2024-04-08T08:53:48.350+0000] {logging_mixin.py:188} INFO - [2024-04-08T08:53:48.350+0000] {dag.py:3834} INFO - Setting next_dagrun for example_branch_operator to 2024-04-07 00:00:00+00:00, run_after=2024-04-08 00:00:00+00:00
[2024-04-08T08:53:48.394+0000] {processor.py:183} INFO - Processing /home/airflow/.local/lib/python3.8/site-packages/airflow/example_dags/example_branch_operator.py took 0.296 seconds
[2024-04-08T08:54:18.632+0000] {processor.py:161} INFO - Started process (PID=13918) to work on /home/airflow/.local/lib/python3.8/site-packages/airflow/example_dags/example_branch_operator.py
[2024-04-08T08:54:18.632+0000] {processor.py:830} INFO - Processing file /home/airflow/.local/lib/python3.8/site-packages/airflow/example_dags/example_branch_operator.py for tasks to queue
[2024-04-08T08:54:18.633+0000] {logging_mixin.py:188} INFO - [2024-04-08T08:54:18.633+0000] {dagbag.py:540} INFO - Filling up the DagBag from /home/airflow/.local/lib/python3.8/site-packages/airflow/example_dags/example_branch_operator.py
[2024-04-08T08:54:18.659+0000] {processor.py:840} INFO - DAG(s) 'example_branch_operator' retrieved from /home/airflow/.local/lib/python3.8/site-packages/airflow/example_dags/example_branch_operator.py
[2024-04-08T08:54:18.693+0000] {logging_mixin.py:188} INFO - [2024-04-08T08:54:18.692+0000] {dag.py:3047} INFO - Sync 1 DAGs
[2024-04-08T08:54:18.720+0000] {logging_mixin.py:188} INFO - [2024-04-08T08:54:18.720+0000] {dag.py:3834} INFO - Setting next_dagrun for example_branch_operator to 2024-04-07 00:00:00+00:00, run_after=2024-04-08 00:00:00+00:00
[2024-04-08T08:54:18.744+0000] {processor.py:183} INFO - Processing /home/airflow/.local/lib/python3.8/site-packages/airflow/example_dags/example_branch_operator.py took 0.116 seconds
[2024-04-08T08:54:49.051+0000] {processor.py:161} INFO - Started process (PID=14176) to work on /home/airflow/.local/lib/python3.8/site-packages/airflow/example_dags/example_branch_operator.py
[2024-04-08T08:54:49.052+0000] {processor.py:830} INFO - Processing file /home/airflow/.local/lib/python3.8/site-packages/airflow/example_dags/example_branch_operator.py for tasks to queue
[2024-04-08T08:54:49.053+0000] {logging_mixin.py:188} INFO - [2024-04-08T08:54:49.053+0000] {dagbag.py:540} INFO - Filling up the DagBag from /home/airflow/.local/lib/python3.8/site-packages/airflow/example_dags/example_branch_operator.py
[2024-04-08T08:54:49.074+0000] {processor.py:840} INFO - DAG(s) 'example_branch_operator' retrieved from /home/airflow/.local/lib/python3.8/site-packages/airflow/example_dags/example_branch_operator.py
[2024-04-08T08:54:49.109+0000] {logging_mixin.py:188} INFO - [2024-04-08T08:54:49.109+0000] {dag.py:3047} INFO - Sync 1 DAGs
[2024-04-08T08:54:49.137+0000] {logging_mixin.py:188} INFO - [2024-04-08T08:54:49.137+0000] {dag.py:3834} INFO - Setting next_dagrun for example_branch_operator to 2024-04-07 00:00:00+00:00, run_after=2024-04-08 00:00:00+00:00
[2024-04-08T08:54:49.160+0000] {processor.py:183} INFO - Processing /home/airflow/.local/lib/python3.8/site-packages/airflow/example_dags/example_branch_operator.py took 0.113 seconds
[2024-04-08T08:55:19.323+0000] {processor.py:161} INFO - Started process (PID=14434) to work on /home/airflow/.local/lib/python3.8/site-packages/airflow/example_dags/example_branch_operator.py
[2024-04-08T08:55:19.324+0000] {processor.py:830} INFO - Processing file /home/airflow/.local/lib/python3.8/site-packages/airflow/example_dags/example_branch_operator.py for tasks to queue
[2024-04-08T08:55:19.325+0000] {logging_mixin.py:188} INFO - [2024-04-08T08:55:19.325+0000] {dagbag.py:540} INFO - Filling up the DagBag from /home/airflow/.local/lib/python3.8/site-packages/airflow/example_dags/example_branch_operator.py
[2024-04-08T08:55:19.345+0000] {processor.py:840} INFO - DAG(s) 'example_branch_operator' retrieved from /home/airflow/.local/lib/python3.8/site-packages/airflow/example_dags/example_branch_operator.py
[2024-04-08T08:55:19.379+0000] {logging_mixin.py:188} INFO - [2024-04-08T08:55:19.378+0000] {dag.py:3047} INFO - Sync 1 DAGs
[2024-04-08T08:55:19.406+0000] {logging_mixin.py:188} INFO - [2024-04-08T08:55:19.406+0000] {dag.py:3834} INFO - Setting next_dagrun for example_branch_operator to 2024-04-07 00:00:00+00:00, run_after=2024-04-08 00:00:00+00:00
[2024-04-08T08:55:19.429+0000] {processor.py:183} INFO - Processing /home/airflow/.local/lib/python3.8/site-packages/airflow/example_dags/example_branch_operator.py took 0.110 seconds
[2024-04-08T08:55:49.684+0000] {processor.py:161} INFO - Started process (PID=14694) to work on /home/airflow/.local/lib/python3.8/site-packages/airflow/example_dags/example_branch_operator.py
[2024-04-08T08:55:49.685+0000] {processor.py:830} INFO - Processing file /home/airflow/.local/lib/python3.8/site-packages/airflow/example_dags/example_branch_operator.py for tasks to queue
[2024-04-08T08:55:49.686+0000] {logging_mixin.py:188} INFO - [2024-04-08T08:55:49.685+0000] {dagbag.py:540} INFO - Filling up the DagBag from /home/airflow/.local/lib/python3.8/site-packages/airflow/example_dags/example_branch_operator.py
[2024-04-08T08:55:49.708+0000] {processor.py:840} INFO - DAG(s) 'example_branch_operator' retrieved from /home/airflow/.local/lib/python3.8/site-packages/airflow/example_dags/example_branch_operator.py
[2024-04-08T08:55:49.744+0000] {logging_mixin.py:188} INFO - [2024-04-08T08:55:49.743+0000] {dag.py:3047} INFO - Sync 1 DAGs
[2024-04-08T08:55:49.771+0000] {logging_mixin.py:188} INFO - [2024-04-08T08:55:49.771+0000] {dag.py:3834} INFO - Setting next_dagrun for example_branch_operator to 2024-04-07 00:00:00+00:00, run_after=2024-04-08 00:00:00+00:00
[2024-04-08T08:55:49.793+0000] {processor.py:183} INFO - Processing /home/airflow/.local/lib/python3.8/site-packages/airflow/example_dags/example_branch_operator.py took 0.113 seconds
[2024-04-08T08:56:19.909+0000] {processor.py:161} INFO - Started process (PID=14950) to work on /home/airflow/.local/lib/python3.8/site-packages/airflow/example_dags/example_branch_operator.py
[2024-04-08T08:56:19.910+0000] {processor.py:830} INFO - Processing file /home/airflow/.local/lib/python3.8/site-packages/airflow/example_dags/example_branch_operator.py for tasks to queue
[2024-04-08T08:56:19.913+0000] {logging_mixin.py:188} INFO - [2024-04-08T08:56:19.913+0000] {dagbag.py:540} INFO - Filling up the DagBag from /home/airflow/.local/lib/python3.8/site-packages/airflow/example_dags/example_branch_operator.py
[2024-04-08T08:56:19.935+0000] {processor.py:840} INFO - DAG(s) 'example_branch_operator' retrieved from /home/airflow/.local/lib/python3.8/site-packages/airflow/example_dags/example_branch_operator.py
[2024-04-08T08:56:19.972+0000] {logging_mixin.py:188} INFO - [2024-04-08T08:56:19.972+0000] {dag.py:3047} INFO - Sync 1 DAGs
[2024-04-08T08:56:20.001+0000] {logging_mixin.py:188} INFO - [2024-04-08T08:56:20.001+0000] {dag.py:3834} INFO - Setting next_dagrun for example_branch_operator to 2024-04-07 00:00:00+00:00, run_after=2024-04-08 00:00:00+00:00
[2024-04-08T08:56:20.027+0000] {processor.py:183} INFO - Processing /home/airflow/.local/lib/python3.8/site-packages/airflow/example_dags/example_branch_operator.py took 0.122 seconds
[2024-04-08T08:56:50.451+0000] {processor.py:161} INFO - Started process (PID=15207) to work on /home/airflow/.local/lib/python3.8/site-packages/airflow/example_dags/example_branch_operator.py
[2024-04-08T08:56:50.452+0000] {processor.py:830} INFO - Processing file /home/airflow/.local/lib/python3.8/site-packages/airflow/example_dags/example_branch_operator.py for tasks to queue
[2024-04-08T08:56:50.453+0000] {logging_mixin.py:188} INFO - [2024-04-08T08:56:50.453+0000] {dagbag.py:540} INFO - Filling up the DagBag from /home/airflow/.local/lib/python3.8/site-packages/airflow/example_dags/example_branch_operator.py
[2024-04-08T08:56:50.474+0000] {processor.py:840} INFO - DAG(s) 'example_branch_operator' retrieved from /home/airflow/.local/lib/python3.8/site-packages/airflow/example_dags/example_branch_operator.py
[2024-04-08T08:56:50.506+0000] {logging_mixin.py:188} INFO - [2024-04-08T08:56:50.506+0000] {dag.py:3047} INFO - Sync 1 DAGs
[2024-04-08T08:56:50.534+0000] {logging_mixin.py:188} INFO - [2024-04-08T08:56:50.533+0000] {dag.py:3834} INFO - Setting next_dagrun for example_branch_operator to 2024-04-07 00:00:00+00:00, run_after=2024-04-08 00:00:00+00:00
[2024-04-08T08:56:50.564+0000] {processor.py:183} INFO - Processing /home/airflow/.local/lib/python3.8/site-packages/airflow/example_dags/example_branch_operator.py took 0.117 seconds
