[2024-04-08T08:27:20.220+0000] {processor.py:161} INFO - Started process (PID=260) to work on /home/airflow/.local/lib/python3.8/site-packages/airflow/example_dags/example_task_group_decorator.py
[2024-04-08T08:27:20.221+0000] {processor.py:830} INFO - Processing file /home/airflow/.local/lib/python3.8/site-packages/airflow/example_dags/example_task_group_decorator.py for tasks to queue
[2024-04-08T08:27:20.222+0000] {logging_mixin.py:188} INFO - [2024-04-08T08:27:20.222+0000] {dagbag.py:540} INFO - Filling up the DagBag from /home/airflow/.local/lib/python3.8/site-packages/airflow/example_dags/example_task_group_decorator.py
[2024-04-08T08:27:20.244+0000] {processor.py:840} INFO - DAG(s) 'example_task_group_decorator' retrieved from /home/airflow/.local/lib/python3.8/site-packages/airflow/example_dags/example_task_group_decorator.py
[2024-04-08T08:27:20.283+0000] {logging_mixin.py:188} INFO - [2024-04-08T08:27:20.283+0000] {dag.py:3047} INFO - Sync 1 DAGs
[2024-04-08T08:27:20.311+0000] {logging_mixin.py:188} INFO - [2024-04-08T08:27:20.311+0000] {dag.py:3834} INFO - Setting next_dagrun for example_task_group_decorator to 2024-04-07 00:00:00+00:00, run_after=2024-04-08 00:00:00+00:00
[2024-04-08T08:27:20.338+0000] {processor.py:183} INFO - Processing /home/airflow/.local/lib/python3.8/site-packages/airflow/example_dags/example_task_group_decorator.py took 0.122 seconds
[2024-04-08T08:27:50.474+0000] {processor.py:161} INFO - Started process (PID=517) to work on /home/airflow/.local/lib/python3.8/site-packages/airflow/example_dags/example_task_group_decorator.py
[2024-04-08T08:27:50.475+0000] {processor.py:830} INFO - Processing file /home/airflow/.local/lib/python3.8/site-packages/airflow/example_dags/example_task_group_decorator.py for tasks to queue
[2024-04-08T08:27:50.476+0000] {logging_mixin.py:188} INFO - [2024-04-08T08:27:50.476+0000] {dagbag.py:540} INFO - Filling up the DagBag from /home/airflow/.local/lib/python3.8/site-packages/airflow/example_dags/example_task_group_decorator.py
[2024-04-08T08:27:50.496+0000] {processor.py:840} INFO - DAG(s) 'example_task_group_decorator' retrieved from /home/airflow/.local/lib/python3.8/site-packages/airflow/example_dags/example_task_group_decorator.py
[2024-04-08T08:27:50.527+0000] {logging_mixin.py:188} INFO - [2024-04-08T08:27:50.527+0000] {dag.py:3047} INFO - Sync 1 DAGs
[2024-04-08T08:27:50.576+0000] {logging_mixin.py:188} INFO - [2024-04-08T08:27:50.576+0000] {dag.py:3834} INFO - Setting next_dagrun for example_task_group_decorator to 2024-04-07 00:00:00+00:00, run_after=2024-04-08 00:00:00+00:00
[2024-04-08T08:27:50.604+0000] {processor.py:183} INFO - Processing /home/airflow/.local/lib/python3.8/site-packages/airflow/example_dags/example_task_group_decorator.py took 0.134 seconds
[2024-04-08T08:28:21.336+0000] {processor.py:161} INFO - Started process (PID=775) to work on /home/airflow/.local/lib/python3.8/site-packages/airflow/example_dags/example_task_group_decorator.py
[2024-04-08T08:28:21.337+0000] {processor.py:830} INFO - Processing file /home/airflow/.local/lib/python3.8/site-packages/airflow/example_dags/example_task_group_decorator.py for tasks to queue
[2024-04-08T08:28:21.338+0000] {logging_mixin.py:188} INFO - [2024-04-08T08:28:21.338+0000] {dagbag.py:540} INFO - Filling up the DagBag from /home/airflow/.local/lib/python3.8/site-packages/airflow/example_dags/example_task_group_decorator.py
[2024-04-08T08:28:21.358+0000] {processor.py:840} INFO - DAG(s) 'example_task_group_decorator' retrieved from /home/airflow/.local/lib/python3.8/site-packages/airflow/example_dags/example_task_group_decorator.py
[2024-04-08T08:28:21.387+0000] {logging_mixin.py:188} INFO - [2024-04-08T08:28:21.387+0000] {dag.py:3047} INFO - Sync 1 DAGs
[2024-04-08T08:28:21.427+0000] {logging_mixin.py:188} INFO - [2024-04-08T08:28:21.427+0000] {dag.py:3834} INFO - Setting next_dagrun for example_task_group_decorator to 2024-04-07 00:00:00+00:00, run_after=2024-04-08 00:00:00+00:00
[2024-04-08T08:28:21.473+0000] {processor.py:183} INFO - Processing /home/airflow/.local/lib/python3.8/site-packages/airflow/example_dags/example_task_group_decorator.py took 0.141 seconds
[2024-04-08T08:28:51.871+0000] {processor.py:161} INFO - Started process (PID=1033) to work on /home/airflow/.local/lib/python3.8/site-packages/airflow/example_dags/example_task_group_decorator.py
[2024-04-08T08:28:51.872+0000] {processor.py:830} INFO - Processing file /home/airflow/.local/lib/python3.8/site-packages/airflow/example_dags/example_task_group_decorator.py for tasks to queue
[2024-04-08T08:28:51.873+0000] {logging_mixin.py:188} INFO - [2024-04-08T08:28:51.872+0000] {dagbag.py:540} INFO - Filling up the DagBag from /home/airflow/.local/lib/python3.8/site-packages/airflow/example_dags/example_task_group_decorator.py
[2024-04-08T08:28:51.891+0000] {processor.py:840} INFO - DAG(s) 'example_task_group_decorator' retrieved from /home/airflow/.local/lib/python3.8/site-packages/airflow/example_dags/example_task_group_decorator.py
[2024-04-08T08:28:51.922+0000] {logging_mixin.py:188} INFO - [2024-04-08T08:28:51.922+0000] {dag.py:3047} INFO - Sync 1 DAGs
[2024-04-08T08:28:51.945+0000] {logging_mixin.py:188} INFO - [2024-04-08T08:28:51.945+0000] {dag.py:3834} INFO - Setting next_dagrun for example_task_group_decorator to 2024-04-07 00:00:00+00:00, run_after=2024-04-08 00:00:00+00:00
[2024-04-08T08:28:51.968+0000] {processor.py:183} INFO - Processing /home/airflow/.local/lib/python3.8/site-packages/airflow/example_dags/example_task_group_decorator.py took 0.102 seconds
[2024-04-08T08:29:22.558+0000] {processor.py:161} INFO - Started process (PID=1291) to work on /home/airflow/.local/lib/python3.8/site-packages/airflow/example_dags/example_task_group_decorator.py
[2024-04-08T08:29:22.559+0000] {processor.py:830} INFO - Processing file /home/airflow/.local/lib/python3.8/site-packages/airflow/example_dags/example_task_group_decorator.py for tasks to queue
[2024-04-08T08:29:22.561+0000] {logging_mixin.py:188} INFO - [2024-04-08T08:29:22.560+0000] {dagbag.py:540} INFO - Filling up the DagBag from /home/airflow/.local/lib/python3.8/site-packages/airflow/example_dags/example_task_group_decorator.py
[2024-04-08T08:29:22.580+0000] {processor.py:840} INFO - DAG(s) 'example_task_group_decorator' retrieved from /home/airflow/.local/lib/python3.8/site-packages/airflow/example_dags/example_task_group_decorator.py
[2024-04-08T08:29:22.611+0000] {logging_mixin.py:188} INFO - [2024-04-08T08:29:22.611+0000] {dag.py:3047} INFO - Sync 1 DAGs
[2024-04-08T08:29:22.638+0000] {logging_mixin.py:188} INFO - [2024-04-08T08:29:22.638+0000] {dag.py:3834} INFO - Setting next_dagrun for example_task_group_decorator to 2024-04-07 00:00:00+00:00, run_after=2024-04-08 00:00:00+00:00
[2024-04-08T08:29:22.661+0000] {processor.py:183} INFO - Processing /home/airflow/.local/lib/python3.8/site-packages/airflow/example_dags/example_task_group_decorator.py took 0.107 seconds
[2024-04-08T08:29:52.932+0000] {processor.py:161} INFO - Started process (PID=1548) to work on /home/airflow/.local/lib/python3.8/site-packages/airflow/example_dags/example_task_group_decorator.py
[2024-04-08T08:29:52.933+0000] {processor.py:830} INFO - Processing file /home/airflow/.local/lib/python3.8/site-packages/airflow/example_dags/example_task_group_decorator.py for tasks to queue
[2024-04-08T08:29:52.934+0000] {logging_mixin.py:188} INFO - [2024-04-08T08:29:52.934+0000] {dagbag.py:540} INFO - Filling up the DagBag from /home/airflow/.local/lib/python3.8/site-packages/airflow/example_dags/example_task_group_decorator.py
[2024-04-08T08:29:52.956+0000] {processor.py:840} INFO - DAG(s) 'example_task_group_decorator' retrieved from /home/airflow/.local/lib/python3.8/site-packages/airflow/example_dags/example_task_group_decorator.py
[2024-04-08T08:29:52.987+0000] {logging_mixin.py:188} INFO - [2024-04-08T08:29:52.986+0000] {dag.py:3047} INFO - Sync 1 DAGs
[2024-04-08T08:29:53.011+0000] {logging_mixin.py:188} INFO - [2024-04-08T08:29:53.011+0000] {dag.py:3834} INFO - Setting next_dagrun for example_task_group_decorator to 2024-04-07 00:00:00+00:00, run_after=2024-04-08 00:00:00+00:00
[2024-04-08T08:29:53.033+0000] {processor.py:183} INFO - Processing /home/airflow/.local/lib/python3.8/site-packages/airflow/example_dags/example_task_group_decorator.py took 0.105 seconds
[2024-04-08T08:30:23.682+0000] {processor.py:161} INFO - Started process (PID=1806) to work on /home/airflow/.local/lib/python3.8/site-packages/airflow/example_dags/example_task_group_decorator.py
[2024-04-08T08:30:23.683+0000] {processor.py:830} INFO - Processing file /home/airflow/.local/lib/python3.8/site-packages/airflow/example_dags/example_task_group_decorator.py for tasks to queue
[2024-04-08T08:30:23.684+0000] {logging_mixin.py:188} INFO - [2024-04-08T08:30:23.684+0000] {dagbag.py:540} INFO - Filling up the DagBag from /home/airflow/.local/lib/python3.8/site-packages/airflow/example_dags/example_task_group_decorator.py
[2024-04-08T08:30:23.705+0000] {processor.py:840} INFO - DAG(s) 'example_task_group_decorator' retrieved from /home/airflow/.local/lib/python3.8/site-packages/airflow/example_dags/example_task_group_decorator.py
[2024-04-08T08:30:23.736+0000] {logging_mixin.py:188} INFO - [2024-04-08T08:30:23.736+0000] {dag.py:3047} INFO - Sync 1 DAGs
[2024-04-08T08:30:23.760+0000] {logging_mixin.py:188} INFO - [2024-04-08T08:30:23.760+0000] {dag.py:3834} INFO - Setting next_dagrun for example_task_group_decorator to 2024-04-07 00:00:00+00:00, run_after=2024-04-08 00:00:00+00:00
[2024-04-08T08:30:23.783+0000] {processor.py:183} INFO - Processing /home/airflow/.local/lib/python3.8/site-packages/airflow/example_dags/example_task_group_decorator.py took 0.105 seconds
[2024-04-08T08:30:54.440+0000] {processor.py:161} INFO - Started process (PID=2063) to work on /home/airflow/.local/lib/python3.8/site-packages/airflow/example_dags/example_task_group_decorator.py
[2024-04-08T08:30:54.441+0000] {processor.py:830} INFO - Processing file /home/airflow/.local/lib/python3.8/site-packages/airflow/example_dags/example_task_group_decorator.py for tasks to queue
[2024-04-08T08:30:54.442+0000] {logging_mixin.py:188} INFO - [2024-04-08T08:30:54.441+0000] {dagbag.py:540} INFO - Filling up the DagBag from /home/airflow/.local/lib/python3.8/site-packages/airflow/example_dags/example_task_group_decorator.py
[2024-04-08T08:30:54.461+0000] {processor.py:840} INFO - DAG(s) 'example_task_group_decorator' retrieved from /home/airflow/.local/lib/python3.8/site-packages/airflow/example_dags/example_task_group_decorator.py
[2024-04-08T08:30:54.491+0000] {logging_mixin.py:188} INFO - [2024-04-08T08:30:54.491+0000] {dag.py:3047} INFO - Sync 1 DAGs
[2024-04-08T08:30:54.516+0000] {logging_mixin.py:188} INFO - [2024-04-08T08:30:54.516+0000] {dag.py:3834} INFO - Setting next_dagrun for example_task_group_decorator to 2024-04-07 00:00:00+00:00, run_after=2024-04-08 00:00:00+00:00
[2024-04-08T08:30:54.563+0000] {processor.py:183} INFO - Processing /home/airflow/.local/lib/python3.8/site-packages/airflow/example_dags/example_task_group_decorator.py took 0.127 seconds
[2024-04-08T08:31:24.833+0000] {processor.py:161} INFO - Started process (PID=2320) to work on /home/airflow/.local/lib/python3.8/site-packages/airflow/example_dags/example_task_group_decorator.py
[2024-04-08T08:31:24.835+0000] {processor.py:830} INFO - Processing file /home/airflow/.local/lib/python3.8/site-packages/airflow/example_dags/example_task_group_decorator.py for tasks to queue
[2024-04-08T08:31:24.836+0000] {logging_mixin.py:188} INFO - [2024-04-08T08:31:24.835+0000] {dagbag.py:540} INFO - Filling up the DagBag from /home/airflow/.local/lib/python3.8/site-packages/airflow/example_dags/example_task_group_decorator.py
[2024-04-08T08:31:24.857+0000] {processor.py:840} INFO - DAG(s) 'example_task_group_decorator' retrieved from /home/airflow/.local/lib/python3.8/site-packages/airflow/example_dags/example_task_group_decorator.py
[2024-04-08T08:31:24.890+0000] {logging_mixin.py:188} INFO - [2024-04-08T08:31:24.889+0000] {dag.py:3047} INFO - Sync 1 DAGs
[2024-04-08T08:31:24.917+0000] {logging_mixin.py:188} INFO - [2024-04-08T08:31:24.917+0000] {dag.py:3834} INFO - Setting next_dagrun for example_task_group_decorator to 2024-04-07 00:00:00+00:00, run_after=2024-04-08 00:00:00+00:00
[2024-04-08T08:31:24.945+0000] {processor.py:183} INFO - Processing /home/airflow/.local/lib/python3.8/site-packages/airflow/example_dags/example_task_group_decorator.py took 0.115 seconds
[2024-04-08T08:31:55.560+0000] {processor.py:161} INFO - Started process (PID=2577) to work on /home/airflow/.local/lib/python3.8/site-packages/airflow/example_dags/example_task_group_decorator.py
[2024-04-08T08:31:55.562+0000] {processor.py:830} INFO - Processing file /home/airflow/.local/lib/python3.8/site-packages/airflow/example_dags/example_task_group_decorator.py for tasks to queue
[2024-04-08T08:31:55.563+0000] {logging_mixin.py:188} INFO - [2024-04-08T08:31:55.563+0000] {dagbag.py:540} INFO - Filling up the DagBag from /home/airflow/.local/lib/python3.8/site-packages/airflow/example_dags/example_task_group_decorator.py
[2024-04-08T08:31:55.582+0000] {processor.py:840} INFO - DAG(s) 'example_task_group_decorator' retrieved from /home/airflow/.local/lib/python3.8/site-packages/airflow/example_dags/example_task_group_decorator.py
[2024-04-08T08:31:55.614+0000] {logging_mixin.py:188} INFO - [2024-04-08T08:31:55.614+0000] {dag.py:3047} INFO - Sync 1 DAGs
[2024-04-08T08:31:55.639+0000] {logging_mixin.py:188} INFO - [2024-04-08T08:31:55.639+0000] {dag.py:3834} INFO - Setting next_dagrun for example_task_group_decorator to 2024-04-07 00:00:00+00:00, run_after=2024-04-08 00:00:00+00:00
[2024-04-08T08:31:55.692+0000] {processor.py:183} INFO - Processing /home/airflow/.local/lib/python3.8/site-packages/airflow/example_dags/example_task_group_decorator.py took 0.136 seconds
[2024-04-08T08:32:26.167+0000] {processor.py:161} INFO - Started process (PID=2834) to work on /home/airflow/.local/lib/python3.8/site-packages/airflow/example_dags/example_task_group_decorator.py
[2024-04-08T08:32:26.169+0000] {processor.py:830} INFO - Processing file /home/airflow/.local/lib/python3.8/site-packages/airflow/example_dags/example_task_group_decorator.py for tasks to queue
[2024-04-08T08:32:26.170+0000] {logging_mixin.py:188} INFO - [2024-04-08T08:32:26.170+0000] {dagbag.py:540} INFO - Filling up the DagBag from /home/airflow/.local/lib/python3.8/site-packages/airflow/example_dags/example_task_group_decorator.py
[2024-04-08T08:32:26.190+0000] {processor.py:840} INFO - DAG(s) 'example_task_group_decorator' retrieved from /home/airflow/.local/lib/python3.8/site-packages/airflow/example_dags/example_task_group_decorator.py
[2024-04-08T08:32:26.222+0000] {logging_mixin.py:188} INFO - [2024-04-08T08:32:26.221+0000] {dag.py:3047} INFO - Sync 1 DAGs
[2024-04-08T08:32:26.248+0000] {logging_mixin.py:188} INFO - [2024-04-08T08:32:26.248+0000] {dag.py:3834} INFO - Setting next_dagrun for example_task_group_decorator to 2024-04-07 00:00:00+00:00, run_after=2024-04-08 00:00:00+00:00
[2024-04-08T08:32:26.279+0000] {processor.py:183} INFO - Processing /home/airflow/.local/lib/python3.8/site-packages/airflow/example_dags/example_task_group_decorator.py took 0.115 seconds
[2024-04-08T08:32:57.331+0000] {processor.py:161} INFO - Started process (PID=3091) to work on /home/airflow/.local/lib/python3.8/site-packages/airflow/example_dags/example_task_group_decorator.py
[2024-04-08T08:32:57.332+0000] {processor.py:830} INFO - Processing file /home/airflow/.local/lib/python3.8/site-packages/airflow/example_dags/example_task_group_decorator.py for tasks to queue
[2024-04-08T08:32:57.333+0000] {logging_mixin.py:188} INFO - [2024-04-08T08:32:57.332+0000] {dagbag.py:540} INFO - Filling up the DagBag from /home/airflow/.local/lib/python3.8/site-packages/airflow/example_dags/example_task_group_decorator.py
[2024-04-08T08:32:57.352+0000] {processor.py:840} INFO - DAG(s) 'example_task_group_decorator' retrieved from /home/airflow/.local/lib/python3.8/site-packages/airflow/example_dags/example_task_group_decorator.py
[2024-04-08T08:32:57.382+0000] {logging_mixin.py:188} INFO - [2024-04-08T08:32:57.381+0000] {dag.py:3047} INFO - Sync 1 DAGs
[2024-04-08T08:32:57.413+0000] {logging_mixin.py:188} INFO - [2024-04-08T08:32:57.413+0000] {dag.py:3834} INFO - Setting next_dagrun for example_task_group_decorator to 2024-04-07 00:00:00+00:00, run_after=2024-04-08 00:00:00+00:00
[2024-04-08T08:32:57.438+0000] {processor.py:183} INFO - Processing /home/airflow/.local/lib/python3.8/site-packages/airflow/example_dags/example_task_group_decorator.py took 0.110 seconds
[2024-04-08T08:33:27.851+0000] {processor.py:161} INFO - Started process (PID=3348) to work on /home/airflow/.local/lib/python3.8/site-packages/airflow/example_dags/example_task_group_decorator.py
[2024-04-08T08:33:27.852+0000] {processor.py:830} INFO - Processing file /home/airflow/.local/lib/python3.8/site-packages/airflow/example_dags/example_task_group_decorator.py for tasks to queue
[2024-04-08T08:33:27.853+0000] {logging_mixin.py:188} INFO - [2024-04-08T08:33:27.852+0000] {dagbag.py:540} INFO - Filling up the DagBag from /home/airflow/.local/lib/python3.8/site-packages/airflow/example_dags/example_task_group_decorator.py
[2024-04-08T08:33:27.872+0000] {processor.py:840} INFO - DAG(s) 'example_task_group_decorator' retrieved from /home/airflow/.local/lib/python3.8/site-packages/airflow/example_dags/example_task_group_decorator.py
[2024-04-08T08:33:27.905+0000] {logging_mixin.py:188} INFO - [2024-04-08T08:33:27.905+0000] {dag.py:3047} INFO - Sync 1 DAGs
[2024-04-08T08:33:27.939+0000] {logging_mixin.py:188} INFO - [2024-04-08T08:33:27.939+0000] {dag.py:3834} INFO - Setting next_dagrun for example_task_group_decorator to 2024-04-07 00:00:00+00:00, run_after=2024-04-08 00:00:00+00:00
[2024-04-08T08:33:27.993+0000] {processor.py:183} INFO - Processing /home/airflow/.local/lib/python3.8/site-packages/airflow/example_dags/example_task_group_decorator.py took 0.145 seconds
[2024-04-08T08:33:58.296+0000] {processor.py:161} INFO - Started process (PID=3605) to work on /home/airflow/.local/lib/python3.8/site-packages/airflow/example_dags/example_task_group_decorator.py
[2024-04-08T08:33:58.298+0000] {processor.py:830} INFO - Processing file /home/airflow/.local/lib/python3.8/site-packages/airflow/example_dags/example_task_group_decorator.py for tasks to queue
[2024-04-08T08:33:58.299+0000] {logging_mixin.py:188} INFO - [2024-04-08T08:33:58.298+0000] {dagbag.py:540} INFO - Filling up the DagBag from /home/airflow/.local/lib/python3.8/site-packages/airflow/example_dags/example_task_group_decorator.py
[2024-04-08T08:33:58.320+0000] {processor.py:840} INFO - DAG(s) 'example_task_group_decorator' retrieved from /home/airflow/.local/lib/python3.8/site-packages/airflow/example_dags/example_task_group_decorator.py
[2024-04-08T08:33:58.349+0000] {logging_mixin.py:188} INFO - [2024-04-08T08:33:58.349+0000] {dag.py:3047} INFO - Sync 1 DAGs
[2024-04-08T08:33:58.380+0000] {logging_mixin.py:188} INFO - [2024-04-08T08:33:58.380+0000] {dag.py:3834} INFO - Setting next_dagrun for example_task_group_decorator to 2024-04-07 00:00:00+00:00, run_after=2024-04-08 00:00:00+00:00
[2024-04-08T08:33:58.405+0000] {processor.py:183} INFO - Processing /home/airflow/.local/lib/python3.8/site-packages/airflow/example_dags/example_task_group_decorator.py took 0.112 seconds
[2024-04-08T08:34:28.497+0000] {processor.py:161} INFO - Started process (PID=3861) to work on /home/airflow/.local/lib/python3.8/site-packages/airflow/example_dags/example_task_group_decorator.py
[2024-04-08T08:34:28.498+0000] {processor.py:830} INFO - Processing file /home/airflow/.local/lib/python3.8/site-packages/airflow/example_dags/example_task_group_decorator.py for tasks to queue
[2024-04-08T08:34:28.499+0000] {logging_mixin.py:188} INFO - [2024-04-08T08:34:28.499+0000] {dagbag.py:540} INFO - Filling up the DagBag from /home/airflow/.local/lib/python3.8/site-packages/airflow/example_dags/example_task_group_decorator.py
[2024-04-08T08:34:28.518+0000] {processor.py:840} INFO - DAG(s) 'example_task_group_decorator' retrieved from /home/airflow/.local/lib/python3.8/site-packages/airflow/example_dags/example_task_group_decorator.py
[2024-04-08T08:34:28.552+0000] {logging_mixin.py:188} INFO - [2024-04-08T08:34:28.552+0000] {dag.py:3047} INFO - Sync 1 DAGs
[2024-04-08T08:34:28.579+0000] {logging_mixin.py:188} INFO - [2024-04-08T08:34:28.578+0000] {dag.py:3834} INFO - Setting next_dagrun for example_task_group_decorator to 2024-04-07 00:00:00+00:00, run_after=2024-04-08 00:00:00+00:00
[2024-04-08T08:34:28.621+0000] {processor.py:183} INFO - Processing /home/airflow/.local/lib/python3.8/site-packages/airflow/example_dags/example_task_group_decorator.py took 0.127 seconds
[2024-04-08T08:34:58.780+0000] {processor.py:161} INFO - Started process (PID=4118) to work on /home/airflow/.local/lib/python3.8/site-packages/airflow/example_dags/example_task_group_decorator.py
[2024-04-08T08:34:58.781+0000] {processor.py:830} INFO - Processing file /home/airflow/.local/lib/python3.8/site-packages/airflow/example_dags/example_task_group_decorator.py for tasks to queue
[2024-04-08T08:34:58.782+0000] {logging_mixin.py:188} INFO - [2024-04-08T08:34:58.782+0000] {dagbag.py:540} INFO - Filling up the DagBag from /home/airflow/.local/lib/python3.8/site-packages/airflow/example_dags/example_task_group_decorator.py
[2024-04-08T08:34:58.804+0000] {processor.py:840} INFO - DAG(s) 'example_task_group_decorator' retrieved from /home/airflow/.local/lib/python3.8/site-packages/airflow/example_dags/example_task_group_decorator.py
[2024-04-08T08:34:58.833+0000] {logging_mixin.py:188} INFO - [2024-04-08T08:34:58.833+0000] {dag.py:3047} INFO - Sync 1 DAGs
[2024-04-08T08:34:58.873+0000] {logging_mixin.py:188} INFO - [2024-04-08T08:34:58.872+0000] {dag.py:3834} INFO - Setting next_dagrun for example_task_group_decorator to 2024-04-07 00:00:00+00:00, run_after=2024-04-08 00:00:00+00:00
[2024-04-08T08:34:58.920+0000] {processor.py:183} INFO - Processing /home/airflow/.local/lib/python3.8/site-packages/airflow/example_dags/example_task_group_decorator.py took 0.143 seconds
[2024-04-08T08:35:29.430+0000] {processor.py:161} INFO - Started process (PID=4376) to work on /home/airflow/.local/lib/python3.8/site-packages/airflow/example_dags/example_task_group_decorator.py
[2024-04-08T08:35:29.431+0000] {processor.py:830} INFO - Processing file /home/airflow/.local/lib/python3.8/site-packages/airflow/example_dags/example_task_group_decorator.py for tasks to queue
[2024-04-08T08:35:29.432+0000] {logging_mixin.py:188} INFO - [2024-04-08T08:35:29.432+0000] {dagbag.py:540} INFO - Filling up the DagBag from /home/airflow/.local/lib/python3.8/site-packages/airflow/example_dags/example_task_group_decorator.py
[2024-04-08T08:35:29.452+0000] {processor.py:840} INFO - DAG(s) 'example_task_group_decorator' retrieved from /home/airflow/.local/lib/python3.8/site-packages/airflow/example_dags/example_task_group_decorator.py
[2024-04-08T08:35:29.500+0000] {logging_mixin.py:188} INFO - [2024-04-08T08:35:29.500+0000] {dag.py:3047} INFO - Sync 1 DAGs
[2024-04-08T08:35:29.553+0000] {logging_mixin.py:188} INFO - [2024-04-08T08:35:29.553+0000] {dag.py:3834} INFO - Setting next_dagrun for example_task_group_decorator to 2024-04-07 00:00:00+00:00, run_after=2024-04-08 00:00:00+00:00
[2024-04-08T08:35:29.584+0000] {processor.py:183} INFO - Processing /home/airflow/.local/lib/python3.8/site-packages/airflow/example_dags/example_task_group_decorator.py took 0.158 seconds
[2024-04-08T08:36:00.096+0000] {processor.py:161} INFO - Started process (PID=4631) to work on /home/airflow/.local/lib/python3.8/site-packages/airflow/example_dags/example_task_group_decorator.py
[2024-04-08T08:36:00.097+0000] {processor.py:830} INFO - Processing file /home/airflow/.local/lib/python3.8/site-packages/airflow/example_dags/example_task_group_decorator.py for tasks to queue
[2024-04-08T08:36:00.098+0000] {logging_mixin.py:188} INFO - [2024-04-08T08:36:00.097+0000] {dagbag.py:540} INFO - Filling up the DagBag from /home/airflow/.local/lib/python3.8/site-packages/airflow/example_dags/example_task_group_decorator.py
[2024-04-08T08:36:00.118+0000] {processor.py:840} INFO - DAG(s) 'example_task_group_decorator' retrieved from /home/airflow/.local/lib/python3.8/site-packages/airflow/example_dags/example_task_group_decorator.py
[2024-04-08T08:36:00.155+0000] {logging_mixin.py:188} INFO - [2024-04-08T08:36:00.154+0000] {dag.py:3047} INFO - Sync 1 DAGs
[2024-04-08T08:36:00.182+0000] {logging_mixin.py:188} INFO - [2024-04-08T08:36:00.181+0000] {dag.py:3834} INFO - Setting next_dagrun for example_task_group_decorator to 2024-04-07 00:00:00+00:00, run_after=2024-04-08 00:00:00+00:00
[2024-04-08T08:36:00.206+0000] {processor.py:183} INFO - Processing /home/airflow/.local/lib/python3.8/site-packages/airflow/example_dags/example_task_group_decorator.py took 0.114 seconds
[2024-04-08T08:36:30.467+0000] {processor.py:161} INFO - Started process (PID=4891) to work on /home/airflow/.local/lib/python3.8/site-packages/airflow/example_dags/example_task_group_decorator.py
[2024-04-08T08:36:30.468+0000] {processor.py:830} INFO - Processing file /home/airflow/.local/lib/python3.8/site-packages/airflow/example_dags/example_task_group_decorator.py for tasks to queue
[2024-04-08T08:36:30.469+0000] {logging_mixin.py:188} INFO - [2024-04-08T08:36:30.469+0000] {dagbag.py:540} INFO - Filling up the DagBag from /home/airflow/.local/lib/python3.8/site-packages/airflow/example_dags/example_task_group_decorator.py
[2024-04-08T08:36:30.488+0000] {processor.py:840} INFO - DAG(s) 'example_task_group_decorator' retrieved from /home/airflow/.local/lib/python3.8/site-packages/airflow/example_dags/example_task_group_decorator.py
[2024-04-08T08:36:30.524+0000] {logging_mixin.py:188} INFO - [2024-04-08T08:36:30.524+0000] {dag.py:3047} INFO - Sync 1 DAGs
[2024-04-08T08:36:30.553+0000] {logging_mixin.py:188} INFO - [2024-04-08T08:36:30.553+0000] {dag.py:3834} INFO - Setting next_dagrun for example_task_group_decorator to 2024-04-07 00:00:00+00:00, run_after=2024-04-08 00:00:00+00:00
[2024-04-08T08:36:30.576+0000] {processor.py:183} INFO - Processing /home/airflow/.local/lib/python3.8/site-packages/airflow/example_dags/example_task_group_decorator.py took 0.113 seconds
[2024-04-08T08:37:00.748+0000] {processor.py:161} INFO - Started process (PID=5148) to work on /home/airflow/.local/lib/python3.8/site-packages/airflow/example_dags/example_task_group_decorator.py
[2024-04-08T08:37:00.749+0000] {processor.py:830} INFO - Processing file /home/airflow/.local/lib/python3.8/site-packages/airflow/example_dags/example_task_group_decorator.py for tasks to queue
[2024-04-08T08:37:00.750+0000] {logging_mixin.py:188} INFO - [2024-04-08T08:37:00.749+0000] {dagbag.py:540} INFO - Filling up the DagBag from /home/airflow/.local/lib/python3.8/site-packages/airflow/example_dags/example_task_group_decorator.py
[2024-04-08T08:37:00.768+0000] {processor.py:840} INFO - DAG(s) 'example_task_group_decorator' retrieved from /home/airflow/.local/lib/python3.8/site-packages/airflow/example_dags/example_task_group_decorator.py
[2024-04-08T08:37:00.798+0000] {logging_mixin.py:188} INFO - [2024-04-08T08:37:00.798+0000] {dag.py:3047} INFO - Sync 1 DAGs
[2024-04-08T08:37:00.829+0000] {logging_mixin.py:188} INFO - [2024-04-08T08:37:00.829+0000] {dag.py:3834} INFO - Setting next_dagrun for example_task_group_decorator to 2024-04-07 00:00:00+00:00, run_after=2024-04-08 00:00:00+00:00
[2024-04-08T08:37:00.878+0000] {processor.py:183} INFO - Processing /home/airflow/.local/lib/python3.8/site-packages/airflow/example_dags/example_task_group_decorator.py took 0.134 seconds
[2024-04-08T08:37:31.347+0000] {processor.py:161} INFO - Started process (PID=5404) to work on /home/airflow/.local/lib/python3.8/site-packages/airflow/example_dags/example_task_group_decorator.py
[2024-04-08T08:37:31.348+0000] {processor.py:830} INFO - Processing file /home/airflow/.local/lib/python3.8/site-packages/airflow/example_dags/example_task_group_decorator.py for tasks to queue
[2024-04-08T08:37:31.349+0000] {logging_mixin.py:188} INFO - [2024-04-08T08:37:31.349+0000] {dagbag.py:540} INFO - Filling up the DagBag from /home/airflow/.local/lib/python3.8/site-packages/airflow/example_dags/example_task_group_decorator.py
[2024-04-08T08:37:31.369+0000] {processor.py:840} INFO - DAG(s) 'example_task_group_decorator' retrieved from /home/airflow/.local/lib/python3.8/site-packages/airflow/example_dags/example_task_group_decorator.py
[2024-04-08T08:37:31.403+0000] {logging_mixin.py:188} INFO - [2024-04-08T08:37:31.403+0000] {dag.py:3047} INFO - Sync 1 DAGs
[2024-04-08T08:37:31.430+0000] {logging_mixin.py:188} INFO - [2024-04-08T08:37:31.430+0000] {dag.py:3834} INFO - Setting next_dagrun for example_task_group_decorator to 2024-04-07 00:00:00+00:00, run_after=2024-04-08 00:00:00+00:00
[2024-04-08T08:37:31.456+0000] {processor.py:183} INFO - Processing /home/airflow/.local/lib/python3.8/site-packages/airflow/example_dags/example_task_group_decorator.py took 0.112 seconds
[2024-04-08T08:38:01.985+0000] {processor.py:161} INFO - Started process (PID=5661) to work on /home/airflow/.local/lib/python3.8/site-packages/airflow/example_dags/example_task_group_decorator.py
[2024-04-08T08:38:01.986+0000] {processor.py:830} INFO - Processing file /home/airflow/.local/lib/python3.8/site-packages/airflow/example_dags/example_task_group_decorator.py for tasks to queue
[2024-04-08T08:38:01.986+0000] {logging_mixin.py:188} INFO - [2024-04-08T08:38:01.986+0000] {dagbag.py:540} INFO - Filling up the DagBag from /home/airflow/.local/lib/python3.8/site-packages/airflow/example_dags/example_task_group_decorator.py
[2024-04-08T08:38:02.006+0000] {processor.py:840} INFO - DAG(s) 'example_task_group_decorator' retrieved from /home/airflow/.local/lib/python3.8/site-packages/airflow/example_dags/example_task_group_decorator.py
[2024-04-08T08:38:02.037+0000] {logging_mixin.py:188} INFO - [2024-04-08T08:38:02.037+0000] {dag.py:3047} INFO - Sync 1 DAGs
[2024-04-08T08:38:02.069+0000] {logging_mixin.py:188} INFO - [2024-04-08T08:38:02.069+0000] {dag.py:3834} INFO - Setting next_dagrun for example_task_group_decorator to 2024-04-07 00:00:00+00:00, run_after=2024-04-08 00:00:00+00:00
[2024-04-08T08:38:02.103+0000] {processor.py:183} INFO - Processing /home/airflow/.local/lib/python3.8/site-packages/airflow/example_dags/example_task_group_decorator.py took 0.122 seconds
[2024-04-08T08:38:32.496+0000] {processor.py:161} INFO - Started process (PID=5919) to work on /home/airflow/.local/lib/python3.8/site-packages/airflow/example_dags/example_task_group_decorator.py
[2024-04-08T08:38:32.497+0000] {processor.py:830} INFO - Processing file /home/airflow/.local/lib/python3.8/site-packages/airflow/example_dags/example_task_group_decorator.py for tasks to queue
[2024-04-08T08:38:32.498+0000] {logging_mixin.py:188} INFO - [2024-04-08T08:38:32.498+0000] {dagbag.py:540} INFO - Filling up the DagBag from /home/airflow/.local/lib/python3.8/site-packages/airflow/example_dags/example_task_group_decorator.py
[2024-04-08T08:38:32.518+0000] {processor.py:840} INFO - DAG(s) 'example_task_group_decorator' retrieved from /home/airflow/.local/lib/python3.8/site-packages/airflow/example_dags/example_task_group_decorator.py
[2024-04-08T08:38:32.554+0000] {logging_mixin.py:188} INFO - [2024-04-08T08:38:32.553+0000] {dag.py:3047} INFO - Sync 1 DAGs
[2024-04-08T08:38:32.581+0000] {logging_mixin.py:188} INFO - [2024-04-08T08:38:32.581+0000] {dag.py:3834} INFO - Setting next_dagrun for example_task_group_decorator to 2024-04-07 00:00:00+00:00, run_after=2024-04-08 00:00:00+00:00
[2024-04-08T08:38:32.604+0000] {processor.py:183} INFO - Processing /home/airflow/.local/lib/python3.8/site-packages/airflow/example_dags/example_task_group_decorator.py took 0.112 seconds
[2024-04-08T08:39:03.115+0000] {processor.py:161} INFO - Started process (PID=6176) to work on /home/airflow/.local/lib/python3.8/site-packages/airflow/example_dags/example_task_group_decorator.py
[2024-04-08T08:39:03.116+0000] {processor.py:830} INFO - Processing file /home/airflow/.local/lib/python3.8/site-packages/airflow/example_dags/example_task_group_decorator.py for tasks to queue
[2024-04-08T08:39:03.117+0000] {logging_mixin.py:188} INFO - [2024-04-08T08:39:03.117+0000] {dagbag.py:540} INFO - Filling up the DagBag from /home/airflow/.local/lib/python3.8/site-packages/airflow/example_dags/example_task_group_decorator.py
[2024-04-08T08:39:03.136+0000] {processor.py:840} INFO - DAG(s) 'example_task_group_decorator' retrieved from /home/airflow/.local/lib/python3.8/site-packages/airflow/example_dags/example_task_group_decorator.py
[2024-04-08T08:39:03.167+0000] {logging_mixin.py:188} INFO - [2024-04-08T08:39:03.167+0000] {dag.py:3047} INFO - Sync 1 DAGs
[2024-04-08T08:39:03.198+0000] {logging_mixin.py:188} INFO - [2024-04-08T08:39:03.198+0000] {dag.py:3834} INFO - Setting next_dagrun for example_task_group_decorator to 2024-04-07 00:00:00+00:00, run_after=2024-04-08 00:00:00+00:00
[2024-04-08T08:39:03.222+0000] {processor.py:183} INFO - Processing /home/airflow/.local/lib/python3.8/site-packages/airflow/example_dags/example_task_group_decorator.py took 0.112 seconds
[2024-04-08T08:39:33.659+0000] {processor.py:161} INFO - Started process (PID=6432) to work on /home/airflow/.local/lib/python3.8/site-packages/airflow/example_dags/example_task_group_decorator.py
[2024-04-08T08:39:33.660+0000] {processor.py:830} INFO - Processing file /home/airflow/.local/lib/python3.8/site-packages/airflow/example_dags/example_task_group_decorator.py for tasks to queue
[2024-04-08T08:39:33.661+0000] {logging_mixin.py:188} INFO - [2024-04-08T08:39:33.661+0000] {dagbag.py:540} INFO - Filling up the DagBag from /home/airflow/.local/lib/python3.8/site-packages/airflow/example_dags/example_task_group_decorator.py
[2024-04-08T08:39:33.680+0000] {processor.py:840} INFO - DAG(s) 'example_task_group_decorator' retrieved from /home/airflow/.local/lib/python3.8/site-packages/airflow/example_dags/example_task_group_decorator.py
[2024-04-08T08:39:33.712+0000] {logging_mixin.py:188} INFO - [2024-04-08T08:39:33.712+0000] {dag.py:3047} INFO - Sync 1 DAGs
[2024-04-08T08:39:33.739+0000] {logging_mixin.py:188} INFO - [2024-04-08T08:39:33.739+0000] {dag.py:3834} INFO - Setting next_dagrun for example_task_group_decorator to 2024-04-07 00:00:00+00:00, run_after=2024-04-08 00:00:00+00:00
[2024-04-08T08:39:33.763+0000] {processor.py:183} INFO - Processing /home/airflow/.local/lib/python3.8/site-packages/airflow/example_dags/example_task_group_decorator.py took 0.108 seconds
[2024-04-08T08:40:04.057+0000] {processor.py:161} INFO - Started process (PID=6689) to work on /home/airflow/.local/lib/python3.8/site-packages/airflow/example_dags/example_task_group_decorator.py
[2024-04-08T08:40:04.058+0000] {processor.py:830} INFO - Processing file /home/airflow/.local/lib/python3.8/site-packages/airflow/example_dags/example_task_group_decorator.py for tasks to queue
[2024-04-08T08:40:04.059+0000] {logging_mixin.py:188} INFO - [2024-04-08T08:40:04.059+0000] {dagbag.py:540} INFO - Filling up the DagBag from /home/airflow/.local/lib/python3.8/site-packages/airflow/example_dags/example_task_group_decorator.py
[2024-04-08T08:40:04.079+0000] {processor.py:840} INFO - DAG(s) 'example_task_group_decorator' retrieved from /home/airflow/.local/lib/python3.8/site-packages/airflow/example_dags/example_task_group_decorator.py
[2024-04-08T08:40:04.109+0000] {logging_mixin.py:188} INFO - [2024-04-08T08:40:04.109+0000] {dag.py:3047} INFO - Sync 1 DAGs
[2024-04-08T08:40:04.136+0000] {logging_mixin.py:188} INFO - [2024-04-08T08:40:04.136+0000] {dag.py:3834} INFO - Setting next_dagrun for example_task_group_decorator to 2024-04-07 00:00:00+00:00, run_after=2024-04-08 00:00:00+00:00
[2024-04-08T08:40:04.161+0000] {processor.py:183} INFO - Processing /home/airflow/.local/lib/python3.8/site-packages/airflow/example_dags/example_task_group_decorator.py took 0.107 seconds
[2024-04-08T08:40:34.420+0000] {processor.py:161} INFO - Started process (PID=6946) to work on /home/airflow/.local/lib/python3.8/site-packages/airflow/example_dags/example_task_group_decorator.py
[2024-04-08T08:40:34.421+0000] {processor.py:830} INFO - Processing file /home/airflow/.local/lib/python3.8/site-packages/airflow/example_dags/example_task_group_decorator.py for tasks to queue
[2024-04-08T08:40:34.422+0000] {logging_mixin.py:188} INFO - [2024-04-08T08:40:34.422+0000] {dagbag.py:540} INFO - Filling up the DagBag from /home/airflow/.local/lib/python3.8/site-packages/airflow/example_dags/example_task_group_decorator.py
[2024-04-08T08:40:34.447+0000] {processor.py:840} INFO - DAG(s) 'example_task_group_decorator' retrieved from /home/airflow/.local/lib/python3.8/site-packages/airflow/example_dags/example_task_group_decorator.py
[2024-04-08T08:40:34.477+0000] {logging_mixin.py:188} INFO - [2024-04-08T08:40:34.477+0000] {dag.py:3047} INFO - Sync 1 DAGs
[2024-04-08T08:40:34.504+0000] {logging_mixin.py:188} INFO - [2024-04-08T08:40:34.504+0000] {dag.py:3834} INFO - Setting next_dagrun for example_task_group_decorator to 2024-04-07 00:00:00+00:00, run_after=2024-04-08 00:00:00+00:00
[2024-04-08T08:40:34.543+0000] {processor.py:183} INFO - Processing /home/airflow/.local/lib/python3.8/site-packages/airflow/example_dags/example_task_group_decorator.py took 0.127 seconds
[2024-04-08T08:41:05.054+0000] {processor.py:161} INFO - Started process (PID=7203) to work on /home/airflow/.local/lib/python3.8/site-packages/airflow/example_dags/example_task_group_decorator.py
[2024-04-08T08:41:05.054+0000] {processor.py:830} INFO - Processing file /home/airflow/.local/lib/python3.8/site-packages/airflow/example_dags/example_task_group_decorator.py for tasks to queue
[2024-04-08T08:41:05.055+0000] {logging_mixin.py:188} INFO - [2024-04-08T08:41:05.055+0000] {dagbag.py:540} INFO - Filling up the DagBag from /home/airflow/.local/lib/python3.8/site-packages/airflow/example_dags/example_task_group_decorator.py
[2024-04-08T08:41:05.074+0000] {processor.py:840} INFO - DAG(s) 'example_task_group_decorator' retrieved from /home/airflow/.local/lib/python3.8/site-packages/airflow/example_dags/example_task_group_decorator.py
[2024-04-08T08:41:05.109+0000] {logging_mixin.py:188} INFO - [2024-04-08T08:41:05.109+0000] {dag.py:3047} INFO - Sync 1 DAGs
[2024-04-08T08:41:05.139+0000] {logging_mixin.py:188} INFO - [2024-04-08T08:41:05.139+0000] {dag.py:3834} INFO - Setting next_dagrun for example_task_group_decorator to 2024-04-07 00:00:00+00:00, run_after=2024-04-08 00:00:00+00:00
[2024-04-08T08:41:05.167+0000] {processor.py:183} INFO - Processing /home/airflow/.local/lib/python3.8/site-packages/airflow/example_dags/example_task_group_decorator.py took 0.117 seconds
[2024-04-08T08:41:35.591+0000] {processor.py:161} INFO - Started process (PID=7460) to work on /home/airflow/.local/lib/python3.8/site-packages/airflow/example_dags/example_task_group_decorator.py
[2024-04-08T08:41:35.593+0000] {processor.py:830} INFO - Processing file /home/airflow/.local/lib/python3.8/site-packages/airflow/example_dags/example_task_group_decorator.py for tasks to queue
[2024-04-08T08:41:35.594+0000] {logging_mixin.py:188} INFO - [2024-04-08T08:41:35.593+0000] {dagbag.py:540} INFO - Filling up the DagBag from /home/airflow/.local/lib/python3.8/site-packages/airflow/example_dags/example_task_group_decorator.py
[2024-04-08T08:41:35.617+0000] {processor.py:840} INFO - DAG(s) 'example_task_group_decorator' retrieved from /home/airflow/.local/lib/python3.8/site-packages/airflow/example_dags/example_task_group_decorator.py
[2024-04-08T08:41:35.653+0000] {logging_mixin.py:188} INFO - [2024-04-08T08:41:35.652+0000] {dag.py:3047} INFO - Sync 1 DAGs
[2024-04-08T08:41:35.698+0000] {logging_mixin.py:188} INFO - [2024-04-08T08:41:35.697+0000] {dag.py:3834} INFO - Setting next_dagrun for example_task_group_decorator to 2024-04-07 00:00:00+00:00, run_after=2024-04-08 00:00:00+00:00
[2024-04-08T08:41:35.732+0000] {processor.py:183} INFO - Processing /home/airflow/.local/lib/python3.8/site-packages/airflow/example_dags/example_task_group_decorator.py took 0.144 seconds
[2024-04-08T08:42:05.775+0000] {processor.py:161} INFO - Started process (PID=7714) to work on /home/airflow/.local/lib/python3.8/site-packages/airflow/example_dags/example_task_group_decorator.py
[2024-04-08T08:42:05.776+0000] {processor.py:830} INFO - Processing file /home/airflow/.local/lib/python3.8/site-packages/airflow/example_dags/example_task_group_decorator.py for tasks to queue
[2024-04-08T08:42:05.776+0000] {logging_mixin.py:188} INFO - [2024-04-08T08:42:05.776+0000] {dagbag.py:540} INFO - Filling up the DagBag from /home/airflow/.local/lib/python3.8/site-packages/airflow/example_dags/example_task_group_decorator.py
[2024-04-08T08:42:05.788+0000] {processor.py:840} INFO - DAG(s) 'example_task_group_decorator' retrieved from /home/airflow/.local/lib/python3.8/site-packages/airflow/example_dags/example_task_group_decorator.py
[2024-04-08T08:42:05.808+0000] {logging_mixin.py:188} INFO - [2024-04-08T08:42:05.808+0000] {dag.py:3047} INFO - Sync 1 DAGs
[2024-04-08T08:42:05.826+0000] {logging_mixin.py:188} INFO - [2024-04-08T08:42:05.826+0000] {dag.py:3834} INFO - Setting next_dagrun for example_task_group_decorator to 2024-04-07 00:00:00+00:00, run_after=2024-04-08 00:00:00+00:00
[2024-04-08T08:42:05.845+0000] {processor.py:183} INFO - Processing /home/airflow/.local/lib/python3.8/site-packages/airflow/example_dags/example_task_group_decorator.py took 0.073 seconds
[2024-04-08T08:42:36.202+0000] {processor.py:161} INFO - Started process (PID=7972) to work on /home/airflow/.local/lib/python3.8/site-packages/airflow/example_dags/example_task_group_decorator.py
[2024-04-08T08:42:36.203+0000] {processor.py:830} INFO - Processing file /home/airflow/.local/lib/python3.8/site-packages/airflow/example_dags/example_task_group_decorator.py for tasks to queue
[2024-04-08T08:42:36.204+0000] {logging_mixin.py:188} INFO - [2024-04-08T08:42:36.204+0000] {dagbag.py:540} INFO - Filling up the DagBag from /home/airflow/.local/lib/python3.8/site-packages/airflow/example_dags/example_task_group_decorator.py
[2024-04-08T08:42:36.223+0000] {processor.py:840} INFO - DAG(s) 'example_task_group_decorator' retrieved from /home/airflow/.local/lib/python3.8/site-packages/airflow/example_dags/example_task_group_decorator.py
[2024-04-08T08:42:36.254+0000] {logging_mixin.py:188} INFO - [2024-04-08T08:42:36.253+0000] {dag.py:3047} INFO - Sync 1 DAGs
[2024-04-08T08:42:36.284+0000] {logging_mixin.py:188} INFO - [2024-04-08T08:42:36.284+0000] {dag.py:3834} INFO - Setting next_dagrun for example_task_group_decorator to 2024-04-07 00:00:00+00:00, run_after=2024-04-08 00:00:00+00:00
[2024-04-08T08:42:36.307+0000] {processor.py:183} INFO - Processing /home/airflow/.local/lib/python3.8/site-packages/airflow/example_dags/example_task_group_decorator.py took 0.108 seconds
[2024-04-08T08:43:06.481+0000] {processor.py:161} INFO - Started process (PID=8231) to work on /home/airflow/.local/lib/python3.8/site-packages/airflow/example_dags/example_task_group_decorator.py
[2024-04-08T08:43:06.482+0000] {processor.py:830} INFO - Processing file /home/airflow/.local/lib/python3.8/site-packages/airflow/example_dags/example_task_group_decorator.py for tasks to queue
[2024-04-08T08:43:06.483+0000] {logging_mixin.py:188} INFO - [2024-04-08T08:43:06.483+0000] {dagbag.py:540} INFO - Filling up the DagBag from /home/airflow/.local/lib/python3.8/site-packages/airflow/example_dags/example_task_group_decorator.py
[2024-04-08T08:43:06.502+0000] {processor.py:840} INFO - DAG(s) 'example_task_group_decorator' retrieved from /home/airflow/.local/lib/python3.8/site-packages/airflow/example_dags/example_task_group_decorator.py
[2024-04-08T08:43:06.532+0000] {logging_mixin.py:188} INFO - [2024-04-08T08:43:06.532+0000] {dag.py:3047} INFO - Sync 1 DAGs
[2024-04-08T08:43:06.559+0000] {logging_mixin.py:188} INFO - [2024-04-08T08:43:06.559+0000] {dag.py:3834} INFO - Setting next_dagrun for example_task_group_decorator to 2024-04-07 00:00:00+00:00, run_after=2024-04-08 00:00:00+00:00
[2024-04-08T08:43:06.585+0000] {processor.py:183} INFO - Processing /home/airflow/.local/lib/python3.8/site-packages/airflow/example_dags/example_task_group_decorator.py took 0.107 seconds
[2024-04-08T08:43:36.956+0000] {processor.py:161} INFO - Started process (PID=8488) to work on /home/airflow/.local/lib/python3.8/site-packages/airflow/example_dags/example_task_group_decorator.py
[2024-04-08T08:43:36.957+0000] {processor.py:830} INFO - Processing file /home/airflow/.local/lib/python3.8/site-packages/airflow/example_dags/example_task_group_decorator.py for tasks to queue
[2024-04-08T08:43:36.958+0000] {logging_mixin.py:188} INFO - [2024-04-08T08:43:36.958+0000] {dagbag.py:540} INFO - Filling up the DagBag from /home/airflow/.local/lib/python3.8/site-packages/airflow/example_dags/example_task_group_decorator.py
[2024-04-08T08:43:36.976+0000] {processor.py:840} INFO - DAG(s) 'example_task_group_decorator' retrieved from /home/airflow/.local/lib/python3.8/site-packages/airflow/example_dags/example_task_group_decorator.py
[2024-04-08T08:43:37.006+0000] {logging_mixin.py:188} INFO - [2024-04-08T08:43:37.006+0000] {dag.py:3047} INFO - Sync 1 DAGs
[2024-04-08T08:43:37.036+0000] {logging_mixin.py:188} INFO - [2024-04-08T08:43:37.036+0000] {dag.py:3834} INFO - Setting next_dagrun for example_task_group_decorator to 2024-04-07 00:00:00+00:00, run_after=2024-04-08 00:00:00+00:00
[2024-04-08T08:43:37.063+0000] {processor.py:183} INFO - Processing /home/airflow/.local/lib/python3.8/site-packages/airflow/example_dags/example_task_group_decorator.py took 0.110 seconds
[2024-04-08T08:44:07.635+0000] {processor.py:161} INFO - Started process (PID=8745) to work on /home/airflow/.local/lib/python3.8/site-packages/airflow/example_dags/example_task_group_decorator.py
[2024-04-08T08:44:07.637+0000] {processor.py:830} INFO - Processing file /home/airflow/.local/lib/python3.8/site-packages/airflow/example_dags/example_task_group_decorator.py for tasks to queue
[2024-04-08T08:44:07.639+0000] {logging_mixin.py:188} INFO - [2024-04-08T08:44:07.639+0000] {dagbag.py:540} INFO - Filling up the DagBag from /home/airflow/.local/lib/python3.8/site-packages/airflow/example_dags/example_task_group_decorator.py
[2024-04-08T08:44:07.669+0000] {processor.py:840} INFO - DAG(s) 'example_task_group_decorator' retrieved from /home/airflow/.local/lib/python3.8/site-packages/airflow/example_dags/example_task_group_decorator.py
[2024-04-08T08:44:07.720+0000] {logging_mixin.py:188} INFO - [2024-04-08T08:44:07.719+0000] {dag.py:3047} INFO - Sync 1 DAGs
[2024-04-08T08:44:07.776+0000] {logging_mixin.py:188} INFO - [2024-04-08T08:44:07.775+0000] {dag.py:3834} INFO - Setting next_dagrun for example_task_group_decorator to 2024-04-07 00:00:00+00:00, run_after=2024-04-08 00:00:00+00:00
[2024-04-08T08:44:07.844+0000] {processor.py:183} INFO - Processing /home/airflow/.local/lib/python3.8/site-packages/airflow/example_dags/example_task_group_decorator.py took 0.213 seconds
[2024-04-08T08:44:38.319+0000] {processor.py:161} INFO - Started process (PID=9003) to work on /home/airflow/.local/lib/python3.8/site-packages/airflow/example_dags/example_task_group_decorator.py
[2024-04-08T08:44:38.320+0000] {processor.py:830} INFO - Processing file /home/airflow/.local/lib/python3.8/site-packages/airflow/example_dags/example_task_group_decorator.py for tasks to queue
[2024-04-08T08:44:38.321+0000] {logging_mixin.py:188} INFO - [2024-04-08T08:44:38.321+0000] {dagbag.py:540} INFO - Filling up the DagBag from /home/airflow/.local/lib/python3.8/site-packages/airflow/example_dags/example_task_group_decorator.py
[2024-04-08T08:44:38.342+0000] {processor.py:840} INFO - DAG(s) 'example_task_group_decorator' retrieved from /home/airflow/.local/lib/python3.8/site-packages/airflow/example_dags/example_task_group_decorator.py
[2024-04-08T08:44:38.371+0000] {logging_mixin.py:188} INFO - [2024-04-08T08:44:38.371+0000] {dag.py:3047} INFO - Sync 1 DAGs
[2024-04-08T08:44:38.400+0000] {logging_mixin.py:188} INFO - [2024-04-08T08:44:38.400+0000] {dag.py:3834} INFO - Setting next_dagrun for example_task_group_decorator to 2024-04-07 00:00:00+00:00, run_after=2024-04-08 00:00:00+00:00
[2024-04-08T08:44:38.424+0000] {processor.py:183} INFO - Processing /home/airflow/.local/lib/python3.8/site-packages/airflow/example_dags/example_task_group_decorator.py took 0.108 seconds
[2024-04-08T08:45:08.506+0000] {processor.py:161} INFO - Started process (PID=9261) to work on /home/airflow/.local/lib/python3.8/site-packages/airflow/example_dags/example_task_group_decorator.py
[2024-04-08T08:45:08.507+0000] {processor.py:830} INFO - Processing file /home/airflow/.local/lib/python3.8/site-packages/airflow/example_dags/example_task_group_decorator.py for tasks to queue
[2024-04-08T08:45:08.508+0000] {logging_mixin.py:188} INFO - [2024-04-08T08:45:08.508+0000] {dagbag.py:540} INFO - Filling up the DagBag from /home/airflow/.local/lib/python3.8/site-packages/airflow/example_dags/example_task_group_decorator.py
[2024-04-08T08:45:08.531+0000] {processor.py:840} INFO - DAG(s) 'example_task_group_decorator' retrieved from /home/airflow/.local/lib/python3.8/site-packages/airflow/example_dags/example_task_group_decorator.py
[2024-04-08T08:45:08.616+0000] {logging_mixin.py:188} INFO - [2024-04-08T08:45:08.616+0000] {dag.py:3047} INFO - Sync 1 DAGs
[2024-04-08T08:45:08.668+0000] {logging_mixin.py:188} INFO - [2024-04-08T08:45:08.667+0000] {dag.py:3834} INFO - Setting next_dagrun for example_task_group_decorator to 2024-04-07 00:00:00+00:00, run_after=2024-04-08 00:00:00+00:00
[2024-04-08T08:45:08.690+0000] {processor.py:183} INFO - Processing /home/airflow/.local/lib/python3.8/site-packages/airflow/example_dags/example_task_group_decorator.py took 0.188 seconds
[2024-04-08T08:45:38.928+0000] {processor.py:161} INFO - Started process (PID=9520) to work on /home/airflow/.local/lib/python3.8/site-packages/airflow/example_dags/example_task_group_decorator.py
[2024-04-08T08:45:38.929+0000] {processor.py:830} INFO - Processing file /home/airflow/.local/lib/python3.8/site-packages/airflow/example_dags/example_task_group_decorator.py for tasks to queue
[2024-04-08T08:45:38.930+0000] {logging_mixin.py:188} INFO - [2024-04-08T08:45:38.930+0000] {dagbag.py:540} INFO - Filling up the DagBag from /home/airflow/.local/lib/python3.8/site-packages/airflow/example_dags/example_task_group_decorator.py
[2024-04-08T08:45:38.953+0000] {processor.py:840} INFO - DAG(s) 'example_task_group_decorator' retrieved from /home/airflow/.local/lib/python3.8/site-packages/airflow/example_dags/example_task_group_decorator.py
[2024-04-08T08:45:38.983+0000] {logging_mixin.py:188} INFO - [2024-04-08T08:45:38.983+0000] {dag.py:3047} INFO - Sync 1 DAGs
[2024-04-08T08:45:39.012+0000] {logging_mixin.py:188} INFO - [2024-04-08T08:45:39.011+0000] {dag.py:3834} INFO - Setting next_dagrun for example_task_group_decorator to 2024-04-07 00:00:00+00:00, run_after=2024-04-08 00:00:00+00:00
[2024-04-08T08:45:39.037+0000] {processor.py:183} INFO - Processing /home/airflow/.local/lib/python3.8/site-packages/airflow/example_dags/example_task_group_decorator.py took 0.114 seconds
[2024-04-08T08:46:09.233+0000] {processor.py:161} INFO - Started process (PID=9777) to work on /home/airflow/.local/lib/python3.8/site-packages/airflow/example_dags/example_task_group_decorator.py
[2024-04-08T08:46:09.234+0000] {processor.py:830} INFO - Processing file /home/airflow/.local/lib/python3.8/site-packages/airflow/example_dags/example_task_group_decorator.py for tasks to queue
[2024-04-08T08:46:09.235+0000] {logging_mixin.py:188} INFO - [2024-04-08T08:46:09.235+0000] {dagbag.py:540} INFO - Filling up the DagBag from /home/airflow/.local/lib/python3.8/site-packages/airflow/example_dags/example_task_group_decorator.py
[2024-04-08T08:46:09.254+0000] {processor.py:840} INFO - DAG(s) 'example_task_group_decorator' retrieved from /home/airflow/.local/lib/python3.8/site-packages/airflow/example_dags/example_task_group_decorator.py
[2024-04-08T08:46:09.288+0000] {logging_mixin.py:188} INFO - [2024-04-08T08:46:09.288+0000] {dag.py:3047} INFO - Sync 1 DAGs
[2024-04-08T08:46:09.322+0000] {logging_mixin.py:188} INFO - [2024-04-08T08:46:09.321+0000] {dag.py:3834} INFO - Setting next_dagrun for example_task_group_decorator to 2024-04-07 00:00:00+00:00, run_after=2024-04-08 00:00:00+00:00
[2024-04-08T08:46:09.347+0000] {processor.py:183} INFO - Processing /home/airflow/.local/lib/python3.8/site-packages/airflow/example_dags/example_task_group_decorator.py took 0.118 seconds
[2024-04-08T08:46:39.674+0000] {processor.py:161} INFO - Started process (PID=10034) to work on /home/airflow/.local/lib/python3.8/site-packages/airflow/example_dags/example_task_group_decorator.py
[2024-04-08T08:46:39.676+0000] {processor.py:830} INFO - Processing file /home/airflow/.local/lib/python3.8/site-packages/airflow/example_dags/example_task_group_decorator.py for tasks to queue
[2024-04-08T08:46:39.677+0000] {logging_mixin.py:188} INFO - [2024-04-08T08:46:39.676+0000] {dagbag.py:540} INFO - Filling up the DagBag from /home/airflow/.local/lib/python3.8/site-packages/airflow/example_dags/example_task_group_decorator.py
[2024-04-08T08:46:39.696+0000] {processor.py:840} INFO - DAG(s) 'example_task_group_decorator' retrieved from /home/airflow/.local/lib/python3.8/site-packages/airflow/example_dags/example_task_group_decorator.py
[2024-04-08T08:46:39.726+0000] {logging_mixin.py:188} INFO - [2024-04-08T08:46:39.725+0000] {dag.py:3047} INFO - Sync 1 DAGs
[2024-04-08T08:46:39.757+0000] {logging_mixin.py:188} INFO - [2024-04-08T08:46:39.756+0000] {dag.py:3834} INFO - Setting next_dagrun for example_task_group_decorator to 2024-04-07 00:00:00+00:00, run_after=2024-04-08 00:00:00+00:00
[2024-04-08T08:46:39.783+0000] {processor.py:183} INFO - Processing /home/airflow/.local/lib/python3.8/site-packages/airflow/example_dags/example_task_group_decorator.py took 0.112 seconds
[2024-04-08T08:47:10.468+0000] {processor.py:161} INFO - Started process (PID=10297) to work on /home/airflow/.local/lib/python3.8/site-packages/airflow/example_dags/example_task_group_decorator.py
[2024-04-08T08:47:10.469+0000] {processor.py:830} INFO - Processing file /home/airflow/.local/lib/python3.8/site-packages/airflow/example_dags/example_task_group_decorator.py for tasks to queue
[2024-04-08T08:47:10.470+0000] {logging_mixin.py:188} INFO - [2024-04-08T08:47:10.470+0000] {dagbag.py:540} INFO - Filling up the DagBag from /home/airflow/.local/lib/python3.8/site-packages/airflow/example_dags/example_task_group_decorator.py
[2024-04-08T08:47:10.490+0000] {processor.py:840} INFO - DAG(s) 'example_task_group_decorator' retrieved from /home/airflow/.local/lib/python3.8/site-packages/airflow/example_dags/example_task_group_decorator.py
[2024-04-08T08:47:10.523+0000] {logging_mixin.py:188} INFO - [2024-04-08T08:47:10.523+0000] {dag.py:3047} INFO - Sync 1 DAGs
[2024-04-08T08:47:10.551+0000] {logging_mixin.py:188} INFO - [2024-04-08T08:47:10.550+0000] {dag.py:3834} INFO - Setting next_dagrun for example_task_group_decorator to 2024-04-07 00:00:00+00:00, run_after=2024-04-08 00:00:00+00:00
[2024-04-08T08:47:10.575+0000] {processor.py:183} INFO - Processing /home/airflow/.local/lib/python3.8/site-packages/airflow/example_dags/example_task_group_decorator.py took 0.110 seconds
[2024-04-08T08:47:41.583+0000] {processor.py:161} INFO - Started process (PID=10554) to work on /home/airflow/.local/lib/python3.8/site-packages/airflow/example_dags/example_task_group_decorator.py
[2024-04-08T08:47:41.585+0000] {processor.py:830} INFO - Processing file /home/airflow/.local/lib/python3.8/site-packages/airflow/example_dags/example_task_group_decorator.py for tasks to queue
[2024-04-08T08:47:41.586+0000] {logging_mixin.py:188} INFO - [2024-04-08T08:47:41.585+0000] {dagbag.py:540} INFO - Filling up the DagBag from /home/airflow/.local/lib/python3.8/site-packages/airflow/example_dags/example_task_group_decorator.py
[2024-04-08T08:47:41.604+0000] {processor.py:840} INFO - DAG(s) 'example_task_group_decorator' retrieved from /home/airflow/.local/lib/python3.8/site-packages/airflow/example_dags/example_task_group_decorator.py
[2024-04-08T08:47:41.638+0000] {logging_mixin.py:188} INFO - [2024-04-08T08:47:41.638+0000] {dag.py:3047} INFO - Sync 1 DAGs
[2024-04-08T08:47:41.665+0000] {logging_mixin.py:188} INFO - [2024-04-08T08:47:41.664+0000] {dag.py:3834} INFO - Setting next_dagrun for example_task_group_decorator to 2024-04-07 00:00:00+00:00, run_after=2024-04-08 00:00:00+00:00
[2024-04-08T08:47:41.687+0000] {processor.py:183} INFO - Processing /home/airflow/.local/lib/python3.8/site-packages/airflow/example_dags/example_task_group_decorator.py took 0.108 seconds
[2024-04-08T08:48:11.892+0000] {processor.py:161} INFO - Started process (PID=10811) to work on /home/airflow/.local/lib/python3.8/site-packages/airflow/example_dags/example_task_group_decorator.py
[2024-04-08T08:48:11.893+0000] {processor.py:830} INFO - Processing file /home/airflow/.local/lib/python3.8/site-packages/airflow/example_dags/example_task_group_decorator.py for tasks to queue
[2024-04-08T08:48:11.894+0000] {logging_mixin.py:188} INFO - [2024-04-08T08:48:11.893+0000] {dagbag.py:540} INFO - Filling up the DagBag from /home/airflow/.local/lib/python3.8/site-packages/airflow/example_dags/example_task_group_decorator.py
[2024-04-08T08:48:11.913+0000] {processor.py:840} INFO - DAG(s) 'example_task_group_decorator' retrieved from /home/airflow/.local/lib/python3.8/site-packages/airflow/example_dags/example_task_group_decorator.py
[2024-04-08T08:48:11.948+0000] {logging_mixin.py:188} INFO - [2024-04-08T08:48:11.948+0000] {dag.py:3047} INFO - Sync 1 DAGs
[2024-04-08T08:48:11.975+0000] {logging_mixin.py:188} INFO - [2024-04-08T08:48:11.975+0000] {dag.py:3834} INFO - Setting next_dagrun for example_task_group_decorator to 2024-04-07 00:00:00+00:00, run_after=2024-04-08 00:00:00+00:00
[2024-04-08T08:48:11.999+0000] {processor.py:183} INFO - Processing /home/airflow/.local/lib/python3.8/site-packages/airflow/example_dags/example_task_group_decorator.py took 0.111 seconds
[2024-04-08T08:48:42.344+0000] {processor.py:161} INFO - Started process (PID=11068) to work on /home/airflow/.local/lib/python3.8/site-packages/airflow/example_dags/example_task_group_decorator.py
[2024-04-08T08:48:42.346+0000] {processor.py:830} INFO - Processing file /home/airflow/.local/lib/python3.8/site-packages/airflow/example_dags/example_task_group_decorator.py for tasks to queue
[2024-04-08T08:48:42.347+0000] {logging_mixin.py:188} INFO - [2024-04-08T08:48:42.347+0000] {dagbag.py:540} INFO - Filling up the DagBag from /home/airflow/.local/lib/python3.8/site-packages/airflow/example_dags/example_task_group_decorator.py
[2024-04-08T08:48:42.366+0000] {processor.py:840} INFO - DAG(s) 'example_task_group_decorator' retrieved from /home/airflow/.local/lib/python3.8/site-packages/airflow/example_dags/example_task_group_decorator.py
[2024-04-08T08:48:42.400+0000] {logging_mixin.py:188} INFO - [2024-04-08T08:48:42.400+0000] {dag.py:3047} INFO - Sync 1 DAGs
[2024-04-08T08:48:42.429+0000] {logging_mixin.py:188} INFO - [2024-04-08T08:48:42.429+0000] {dag.py:3834} INFO - Setting next_dagrun for example_task_group_decorator to 2024-04-07 00:00:00+00:00, run_after=2024-04-08 00:00:00+00:00
[2024-04-08T08:48:42.452+0000] {processor.py:183} INFO - Processing /home/airflow/.local/lib/python3.8/site-packages/airflow/example_dags/example_task_group_decorator.py took 0.116 seconds
[2024-04-08T08:49:13.279+0000] {processor.py:161} INFO - Started process (PID=11325) to work on /home/airflow/.local/lib/python3.8/site-packages/airflow/example_dags/example_task_group_decorator.py
[2024-04-08T08:49:13.281+0000] {processor.py:830} INFO - Processing file /home/airflow/.local/lib/python3.8/site-packages/airflow/example_dags/example_task_group_decorator.py for tasks to queue
[2024-04-08T08:49:13.281+0000] {logging_mixin.py:188} INFO - [2024-04-08T08:49:13.281+0000] {dagbag.py:540} INFO - Filling up the DagBag from /home/airflow/.local/lib/python3.8/site-packages/airflow/example_dags/example_task_group_decorator.py
[2024-04-08T08:49:13.300+0000] {processor.py:840} INFO - DAG(s) 'example_task_group_decorator' retrieved from /home/airflow/.local/lib/python3.8/site-packages/airflow/example_dags/example_task_group_decorator.py
[2024-04-08T08:49:13.330+0000] {logging_mixin.py:188} INFO - [2024-04-08T08:49:13.330+0000] {dag.py:3047} INFO - Sync 1 DAGs
[2024-04-08T08:49:13.363+0000] {logging_mixin.py:188} INFO - [2024-04-08T08:49:13.362+0000] {dag.py:3834} INFO - Setting next_dagrun for example_task_group_decorator to 2024-04-07 00:00:00+00:00, run_after=2024-04-08 00:00:00+00:00
[2024-04-08T08:49:13.391+0000] {processor.py:183} INFO - Processing /home/airflow/.local/lib/python3.8/site-packages/airflow/example_dags/example_task_group_decorator.py took 0.115 seconds
[2024-04-08T08:49:43.793+0000] {processor.py:161} INFO - Started process (PID=11583) to work on /home/airflow/.local/lib/python3.8/site-packages/airflow/example_dags/example_task_group_decorator.py
[2024-04-08T08:49:43.795+0000] {processor.py:830} INFO - Processing file /home/airflow/.local/lib/python3.8/site-packages/airflow/example_dags/example_task_group_decorator.py for tasks to queue
[2024-04-08T08:49:43.796+0000] {logging_mixin.py:188} INFO - [2024-04-08T08:49:43.795+0000] {dagbag.py:540} INFO - Filling up the DagBag from /home/airflow/.local/lib/python3.8/site-packages/airflow/example_dags/example_task_group_decorator.py
[2024-04-08T08:49:43.835+0000] {processor.py:840} INFO - DAG(s) 'example_task_group_decorator' retrieved from /home/airflow/.local/lib/python3.8/site-packages/airflow/example_dags/example_task_group_decorator.py
[2024-04-08T08:49:43.873+0000] {logging_mixin.py:188} INFO - [2024-04-08T08:49:43.873+0000] {dag.py:3047} INFO - Sync 1 DAGs
[2024-04-08T08:49:43.899+0000] {logging_mixin.py:188} INFO - [2024-04-08T08:49:43.899+0000] {dag.py:3834} INFO - Setting next_dagrun for example_task_group_decorator to 2024-04-07 00:00:00+00:00, run_after=2024-04-08 00:00:00+00:00
[2024-04-08T08:49:43.921+0000] {processor.py:183} INFO - Processing /home/airflow/.local/lib/python3.8/site-packages/airflow/example_dags/example_task_group_decorator.py took 0.131 seconds
[2024-04-08T08:50:14.408+0000] {processor.py:161} INFO - Started process (PID=11839) to work on /home/airflow/.local/lib/python3.8/site-packages/airflow/example_dags/example_task_group_decorator.py
[2024-04-08T08:50:14.409+0000] {processor.py:830} INFO - Processing file /home/airflow/.local/lib/python3.8/site-packages/airflow/example_dags/example_task_group_decorator.py for tasks to queue
[2024-04-08T08:50:14.410+0000] {logging_mixin.py:188} INFO - [2024-04-08T08:50:14.409+0000] {dagbag.py:540} INFO - Filling up the DagBag from /home/airflow/.local/lib/python3.8/site-packages/airflow/example_dags/example_task_group_decorator.py
[2024-04-08T08:50:14.429+0000] {processor.py:840} INFO - DAG(s) 'example_task_group_decorator' retrieved from /home/airflow/.local/lib/python3.8/site-packages/airflow/example_dags/example_task_group_decorator.py
[2024-04-08T08:50:14.458+0000] {logging_mixin.py:188} INFO - [2024-04-08T08:50:14.458+0000] {dag.py:3047} INFO - Sync 1 DAGs
[2024-04-08T08:50:14.486+0000] {logging_mixin.py:188} INFO - [2024-04-08T08:50:14.485+0000] {dag.py:3834} INFO - Setting next_dagrun for example_task_group_decorator to 2024-04-07 00:00:00+00:00, run_after=2024-04-08 00:00:00+00:00
[2024-04-08T08:50:14.516+0000] {processor.py:183} INFO - Processing /home/airflow/.local/lib/python3.8/site-packages/airflow/example_dags/example_task_group_decorator.py took 0.112 seconds
[2024-04-08T08:50:44.896+0000] {processor.py:161} INFO - Started process (PID=12097) to work on /home/airflow/.local/lib/python3.8/site-packages/airflow/example_dags/example_task_group_decorator.py
[2024-04-08T08:50:44.897+0000] {processor.py:830} INFO - Processing file /home/airflow/.local/lib/python3.8/site-packages/airflow/example_dags/example_task_group_decorator.py for tasks to queue
[2024-04-08T08:50:44.898+0000] {logging_mixin.py:188} INFO - [2024-04-08T08:50:44.897+0000] {dagbag.py:540} INFO - Filling up the DagBag from /home/airflow/.local/lib/python3.8/site-packages/airflow/example_dags/example_task_group_decorator.py
[2024-04-08T08:50:44.918+0000] {processor.py:840} INFO - DAG(s) 'example_task_group_decorator' retrieved from /home/airflow/.local/lib/python3.8/site-packages/airflow/example_dags/example_task_group_decorator.py
[2024-04-08T08:50:44.948+0000] {logging_mixin.py:188} INFO - [2024-04-08T08:50:44.947+0000] {dag.py:3047} INFO - Sync 1 DAGs
[2024-04-08T08:50:44.978+0000] {logging_mixin.py:188} INFO - [2024-04-08T08:50:44.978+0000] {dag.py:3834} INFO - Setting next_dagrun for example_task_group_decorator to 2024-04-07 00:00:00+00:00, run_after=2024-04-08 00:00:00+00:00
[2024-04-08T08:50:45.001+0000] {processor.py:183} INFO - Processing /home/airflow/.local/lib/python3.8/site-packages/airflow/example_dags/example_task_group_decorator.py took 0.108 seconds
[2024-04-08T08:51:15.312+0000] {processor.py:161} INFO - Started process (PID=12354) to work on /home/airflow/.local/lib/python3.8/site-packages/airflow/example_dags/example_task_group_decorator.py
[2024-04-08T08:51:15.314+0000] {processor.py:830} INFO - Processing file /home/airflow/.local/lib/python3.8/site-packages/airflow/example_dags/example_task_group_decorator.py for tasks to queue
[2024-04-08T08:51:15.315+0000] {logging_mixin.py:188} INFO - [2024-04-08T08:51:15.314+0000] {dagbag.py:540} INFO - Filling up the DagBag from /home/airflow/.local/lib/python3.8/site-packages/airflow/example_dags/example_task_group_decorator.py
[2024-04-08T08:51:15.333+0000] {processor.py:840} INFO - DAG(s) 'example_task_group_decorator' retrieved from /home/airflow/.local/lib/python3.8/site-packages/airflow/example_dags/example_task_group_decorator.py
[2024-04-08T08:51:15.368+0000] {logging_mixin.py:188} INFO - [2024-04-08T08:51:15.367+0000] {dag.py:3047} INFO - Sync 1 DAGs
[2024-04-08T08:51:15.395+0000] {logging_mixin.py:188} INFO - [2024-04-08T08:51:15.395+0000] {dag.py:3834} INFO - Setting next_dagrun for example_task_group_decorator to 2024-04-07 00:00:00+00:00, run_after=2024-04-08 00:00:00+00:00
[2024-04-08T08:51:15.418+0000] {processor.py:183} INFO - Processing /home/airflow/.local/lib/python3.8/site-packages/airflow/example_dags/example_task_group_decorator.py took 0.111 seconds
[2024-04-08T08:51:45.751+0000] {processor.py:161} INFO - Started process (PID=12612) to work on /home/airflow/.local/lib/python3.8/site-packages/airflow/example_dags/example_task_group_decorator.py
[2024-04-08T08:51:45.752+0000] {processor.py:830} INFO - Processing file /home/airflow/.local/lib/python3.8/site-packages/airflow/example_dags/example_task_group_decorator.py for tasks to queue
[2024-04-08T08:51:45.753+0000] {logging_mixin.py:188} INFO - [2024-04-08T08:51:45.753+0000] {dagbag.py:540} INFO - Filling up the DagBag from /home/airflow/.local/lib/python3.8/site-packages/airflow/example_dags/example_task_group_decorator.py
[2024-04-08T08:51:45.772+0000] {processor.py:840} INFO - DAG(s) 'example_task_group_decorator' retrieved from /home/airflow/.local/lib/python3.8/site-packages/airflow/example_dags/example_task_group_decorator.py
[2024-04-08T08:51:45.802+0000] {logging_mixin.py:188} INFO - [2024-04-08T08:51:45.801+0000] {dag.py:3047} INFO - Sync 1 DAGs
[2024-04-08T08:51:45.834+0000] {logging_mixin.py:188} INFO - [2024-04-08T08:51:45.834+0000] {dag.py:3834} INFO - Setting next_dagrun for example_task_group_decorator to 2024-04-07 00:00:00+00:00, run_after=2024-04-08 00:00:00+00:00
[2024-04-08T08:51:45.861+0000] {processor.py:183} INFO - Processing /home/airflow/.local/lib/python3.8/site-packages/airflow/example_dags/example_task_group_decorator.py took 0.113 seconds
[2024-04-08T08:52:16.344+0000] {processor.py:161} INFO - Started process (PID=12869) to work on /home/airflow/.local/lib/python3.8/site-packages/airflow/example_dags/example_task_group_decorator.py
[2024-04-08T08:52:16.345+0000] {processor.py:830} INFO - Processing file /home/airflow/.local/lib/python3.8/site-packages/airflow/example_dags/example_task_group_decorator.py for tasks to queue
[2024-04-08T08:52:16.346+0000] {logging_mixin.py:188} INFO - [2024-04-08T08:52:16.346+0000] {dagbag.py:540} INFO - Filling up the DagBag from /home/airflow/.local/lib/python3.8/site-packages/airflow/example_dags/example_task_group_decorator.py
[2024-04-08T08:52:16.365+0000] {processor.py:840} INFO - DAG(s) 'example_task_group_decorator' retrieved from /home/airflow/.local/lib/python3.8/site-packages/airflow/example_dags/example_task_group_decorator.py
[2024-04-08T08:52:16.393+0000] {logging_mixin.py:188} INFO - [2024-04-08T08:52:16.393+0000] {dag.py:3047} INFO - Sync 1 DAGs
[2024-04-08T08:52:16.419+0000] {logging_mixin.py:188} INFO - [2024-04-08T08:52:16.419+0000] {dag.py:3834} INFO - Setting next_dagrun for example_task_group_decorator to 2024-04-07 00:00:00+00:00, run_after=2024-04-08 00:00:00+00:00
[2024-04-08T08:52:16.444+0000] {processor.py:183} INFO - Processing /home/airflow/.local/lib/python3.8/site-packages/airflow/example_dags/example_task_group_decorator.py took 0.103 seconds
[2024-04-08T08:52:46.860+0000] {processor.py:161} INFO - Started process (PID=13126) to work on /home/airflow/.local/lib/python3.8/site-packages/airflow/example_dags/example_task_group_decorator.py
[2024-04-08T08:52:46.861+0000] {processor.py:830} INFO - Processing file /home/airflow/.local/lib/python3.8/site-packages/airflow/example_dags/example_task_group_decorator.py for tasks to queue
[2024-04-08T08:52:46.862+0000] {logging_mixin.py:188} INFO - [2024-04-08T08:52:46.862+0000] {dagbag.py:540} INFO - Filling up the DagBag from /home/airflow/.local/lib/python3.8/site-packages/airflow/example_dags/example_task_group_decorator.py
[2024-04-08T08:52:46.881+0000] {processor.py:840} INFO - DAG(s) 'example_task_group_decorator' retrieved from /home/airflow/.local/lib/python3.8/site-packages/airflow/example_dags/example_task_group_decorator.py
[2024-04-08T08:52:46.912+0000] {logging_mixin.py:188} INFO - [2024-04-08T08:52:46.911+0000] {dag.py:3047} INFO - Sync 1 DAGs
[2024-04-08T08:52:46.939+0000] {logging_mixin.py:188} INFO - [2024-04-08T08:52:46.939+0000] {dag.py:3834} INFO - Setting next_dagrun for example_task_group_decorator to 2024-04-07 00:00:00+00:00, run_after=2024-04-08 00:00:00+00:00
[2024-04-08T08:52:46.965+0000] {processor.py:183} INFO - Processing /home/airflow/.local/lib/python3.8/site-packages/airflow/example_dags/example_task_group_decorator.py took 0.110 seconds
[2024-04-08T08:53:17.241+0000] {processor.py:161} INFO - Started process (PID=13383) to work on /home/airflow/.local/lib/python3.8/site-packages/airflow/example_dags/example_task_group_decorator.py
[2024-04-08T08:53:17.242+0000] {processor.py:830} INFO - Processing file /home/airflow/.local/lib/python3.8/site-packages/airflow/example_dags/example_task_group_decorator.py for tasks to queue
[2024-04-08T08:53:17.243+0000] {logging_mixin.py:188} INFO - [2024-04-08T08:53:17.242+0000] {dagbag.py:540} INFO - Filling up the DagBag from /home/airflow/.local/lib/python3.8/site-packages/airflow/example_dags/example_task_group_decorator.py
[2024-04-08T08:53:17.266+0000] {processor.py:840} INFO - DAG(s) 'example_task_group_decorator' retrieved from /home/airflow/.local/lib/python3.8/site-packages/airflow/example_dags/example_task_group_decorator.py
[2024-04-08T08:53:17.295+0000] {logging_mixin.py:188} INFO - [2024-04-08T08:53:17.295+0000] {dag.py:3047} INFO - Sync 1 DAGs
[2024-04-08T08:53:17.323+0000] {logging_mixin.py:188} INFO - [2024-04-08T08:53:17.322+0000] {dag.py:3834} INFO - Setting next_dagrun for example_task_group_decorator to 2024-04-07 00:00:00+00:00, run_after=2024-04-08 00:00:00+00:00
[2024-04-08T08:53:17.347+0000] {processor.py:183} INFO - Processing /home/airflow/.local/lib/python3.8/site-packages/airflow/example_dags/example_task_group_decorator.py took 0.109 seconds
[2024-04-08T08:53:47.744+0000] {processor.py:161} INFO - Started process (PID=13640) to work on /home/airflow/.local/lib/python3.8/site-packages/airflow/example_dags/example_task_group_decorator.py
[2024-04-08T08:53:47.745+0000] {processor.py:830} INFO - Processing file /home/airflow/.local/lib/python3.8/site-packages/airflow/example_dags/example_task_group_decorator.py for tasks to queue
[2024-04-08T08:53:47.747+0000] {logging_mixin.py:188} INFO - [2024-04-08T08:53:47.746+0000] {dagbag.py:540} INFO - Filling up the DagBag from /home/airflow/.local/lib/python3.8/site-packages/airflow/example_dags/example_task_group_decorator.py
[2024-04-08T08:53:47.767+0000] {processor.py:840} INFO - DAG(s) 'example_task_group_decorator' retrieved from /home/airflow/.local/lib/python3.8/site-packages/airflow/example_dags/example_task_group_decorator.py
[2024-04-08T08:53:47.796+0000] {logging_mixin.py:188} INFO - [2024-04-08T08:53:47.796+0000] {dag.py:3047} INFO - Sync 1 DAGs
[2024-04-08T08:53:47.823+0000] {logging_mixin.py:188} INFO - [2024-04-08T08:53:47.822+0000] {dag.py:3834} INFO - Setting next_dagrun for example_task_group_decorator to 2024-04-07 00:00:00+00:00, run_after=2024-04-08 00:00:00+00:00
[2024-04-08T08:53:47.848+0000] {processor.py:183} INFO - Processing /home/airflow/.local/lib/python3.8/site-packages/airflow/example_dags/example_task_group_decorator.py took 0.107 seconds
[2024-04-08T08:54:18.227+0000] {processor.py:161} INFO - Started process (PID=13898) to work on /home/airflow/.local/lib/python3.8/site-packages/airflow/example_dags/example_task_group_decorator.py
[2024-04-08T08:54:18.228+0000] {processor.py:830} INFO - Processing file /home/airflow/.local/lib/python3.8/site-packages/airflow/example_dags/example_task_group_decorator.py for tasks to queue
[2024-04-08T08:54:18.229+0000] {logging_mixin.py:188} INFO - [2024-04-08T08:54:18.229+0000] {dagbag.py:540} INFO - Filling up the DagBag from /home/airflow/.local/lib/python3.8/site-packages/airflow/example_dags/example_task_group_decorator.py
[2024-04-08T08:54:18.248+0000] {processor.py:840} INFO - DAG(s) 'example_task_group_decorator' retrieved from /home/airflow/.local/lib/python3.8/site-packages/airflow/example_dags/example_task_group_decorator.py
[2024-04-08T08:54:18.278+0000] {logging_mixin.py:188} INFO - [2024-04-08T08:54:18.278+0000] {dag.py:3047} INFO - Sync 1 DAGs
[2024-04-08T08:54:18.304+0000] {logging_mixin.py:188} INFO - [2024-04-08T08:54:18.303+0000] {dag.py:3834} INFO - Setting next_dagrun for example_task_group_decorator to 2024-04-07 00:00:00+00:00, run_after=2024-04-08 00:00:00+00:00
[2024-04-08T08:54:18.329+0000] {processor.py:183} INFO - Processing /home/airflow/.local/lib/python3.8/site-packages/airflow/example_dags/example_task_group_decorator.py took 0.106 seconds
[2024-04-08T08:54:48.581+0000] {processor.py:161} INFO - Started process (PID=14156) to work on /home/airflow/.local/lib/python3.8/site-packages/airflow/example_dags/example_task_group_decorator.py
[2024-04-08T08:54:48.582+0000] {processor.py:830} INFO - Processing file /home/airflow/.local/lib/python3.8/site-packages/airflow/example_dags/example_task_group_decorator.py for tasks to queue
[2024-04-08T08:54:48.583+0000] {logging_mixin.py:188} INFO - [2024-04-08T08:54:48.582+0000] {dagbag.py:540} INFO - Filling up the DagBag from /home/airflow/.local/lib/python3.8/site-packages/airflow/example_dags/example_task_group_decorator.py
[2024-04-08T08:54:48.602+0000] {processor.py:840} INFO - DAG(s) 'example_task_group_decorator' retrieved from /home/airflow/.local/lib/python3.8/site-packages/airflow/example_dags/example_task_group_decorator.py
[2024-04-08T08:54:48.661+0000] {logging_mixin.py:188} INFO - [2024-04-08T08:54:48.660+0000] {dag.py:3047} INFO - Sync 1 DAGs
[2024-04-08T08:54:48.757+0000] {logging_mixin.py:188} INFO - [2024-04-08T08:54:48.756+0000] {dag.py:3834} INFO - Setting next_dagrun for example_task_group_decorator to 2024-04-07 00:00:00+00:00, run_after=2024-04-08 00:00:00+00:00
[2024-04-08T08:54:48.799+0000] {processor.py:183} INFO - Processing /home/airflow/.local/lib/python3.8/site-packages/airflow/example_dags/example_task_group_decorator.py took 0.222 seconds
[2024-04-08T08:55:18.891+0000] {processor.py:161} INFO - Started process (PID=14413) to work on /home/airflow/.local/lib/python3.8/site-packages/airflow/example_dags/example_task_group_decorator.py
[2024-04-08T08:55:18.895+0000] {processor.py:830} INFO - Processing file /home/airflow/.local/lib/python3.8/site-packages/airflow/example_dags/example_task_group_decorator.py for tasks to queue
[2024-04-08T08:55:18.896+0000] {logging_mixin.py:188} INFO - [2024-04-08T08:55:18.896+0000] {dagbag.py:540} INFO - Filling up the DagBag from /home/airflow/.local/lib/python3.8/site-packages/airflow/example_dags/example_task_group_decorator.py
[2024-04-08T08:55:18.916+0000] {processor.py:840} INFO - DAG(s) 'example_task_group_decorator' retrieved from /home/airflow/.local/lib/python3.8/site-packages/airflow/example_dags/example_task_group_decorator.py
[2024-04-08T08:55:18.946+0000] {logging_mixin.py:188} INFO - [2024-04-08T08:55:18.946+0000] {dag.py:3047} INFO - Sync 1 DAGs
[2024-04-08T08:55:18.972+0000] {logging_mixin.py:188} INFO - [2024-04-08T08:55:18.972+0000] {dag.py:3834} INFO - Setting next_dagrun for example_task_group_decorator to 2024-04-07 00:00:00+00:00, run_after=2024-04-08 00:00:00+00:00
[2024-04-08T08:55:18.996+0000] {processor.py:183} INFO - Processing /home/airflow/.local/lib/python3.8/site-packages/airflow/example_dags/example_task_group_decorator.py took 0.109 seconds
[2024-04-08T08:55:49.248+0000] {processor.py:161} INFO - Started process (PID=14672) to work on /home/airflow/.local/lib/python3.8/site-packages/airflow/example_dags/example_task_group_decorator.py
[2024-04-08T08:55:49.249+0000] {processor.py:830} INFO - Processing file /home/airflow/.local/lib/python3.8/site-packages/airflow/example_dags/example_task_group_decorator.py for tasks to queue
[2024-04-08T08:55:49.250+0000] {logging_mixin.py:188} INFO - [2024-04-08T08:55:49.250+0000] {dagbag.py:540} INFO - Filling up the DagBag from /home/airflow/.local/lib/python3.8/site-packages/airflow/example_dags/example_task_group_decorator.py
[2024-04-08T08:55:49.269+0000] {processor.py:840} INFO - DAG(s) 'example_task_group_decorator' retrieved from /home/airflow/.local/lib/python3.8/site-packages/airflow/example_dags/example_task_group_decorator.py
[2024-04-08T08:55:49.303+0000] {logging_mixin.py:188} INFO - [2024-04-08T08:55:49.302+0000] {dag.py:3047} INFO - Sync 1 DAGs
[2024-04-08T08:55:49.329+0000] {logging_mixin.py:188} INFO - [2024-04-08T08:55:49.329+0000] {dag.py:3834} INFO - Setting next_dagrun for example_task_group_decorator to 2024-04-07 00:00:00+00:00, run_after=2024-04-08 00:00:00+00:00
[2024-04-08T08:55:49.369+0000] {processor.py:183} INFO - Processing /home/airflow/.local/lib/python3.8/site-packages/airflow/example_dags/example_task_group_decorator.py took 0.125 seconds
[2024-04-08T08:56:19.613+0000] {processor.py:161} INFO - Started process (PID=14930) to work on /home/airflow/.local/lib/python3.8/site-packages/airflow/example_dags/example_task_group_decorator.py
[2024-04-08T08:56:19.615+0000] {processor.py:830} INFO - Processing file /home/airflow/.local/lib/python3.8/site-packages/airflow/example_dags/example_task_group_decorator.py for tasks to queue
[2024-04-08T08:56:19.616+0000] {logging_mixin.py:188} INFO - [2024-04-08T08:56:19.615+0000] {dagbag.py:540} INFO - Filling up the DagBag from /home/airflow/.local/lib/python3.8/site-packages/airflow/example_dags/example_task_group_decorator.py
[2024-04-08T08:56:19.635+0000] {processor.py:840} INFO - DAG(s) 'example_task_group_decorator' retrieved from /home/airflow/.local/lib/python3.8/site-packages/airflow/example_dags/example_task_group_decorator.py
[2024-04-08T08:56:19.668+0000] {logging_mixin.py:188} INFO - [2024-04-08T08:56:19.667+0000] {dag.py:3047} INFO - Sync 1 DAGs
[2024-04-08T08:56:19.695+0000] {logging_mixin.py:188} INFO - [2024-04-08T08:56:19.694+0000] {dag.py:3834} INFO - Setting next_dagrun for example_task_group_decorator to 2024-04-07 00:00:00+00:00, run_after=2024-04-08 00:00:00+00:00
[2024-04-08T08:56:19.720+0000] {processor.py:183} INFO - Processing /home/airflow/.local/lib/python3.8/site-packages/airflow/example_dags/example_task_group_decorator.py took 0.110 seconds
[2024-04-08T08:56:50.168+0000] {processor.py:161} INFO - Started process (PID=15187) to work on /home/airflow/.local/lib/python3.8/site-packages/airflow/example_dags/example_task_group_decorator.py
[2024-04-08T08:56:50.170+0000] {processor.py:830} INFO - Processing file /home/airflow/.local/lib/python3.8/site-packages/airflow/example_dags/example_task_group_decorator.py for tasks to queue
[2024-04-08T08:56:50.171+0000] {logging_mixin.py:188} INFO - [2024-04-08T08:56:50.170+0000] {dagbag.py:540} INFO - Filling up the DagBag from /home/airflow/.local/lib/python3.8/site-packages/airflow/example_dags/example_task_group_decorator.py
[2024-04-08T08:56:50.190+0000] {processor.py:840} INFO - DAG(s) 'example_task_group_decorator' retrieved from /home/airflow/.local/lib/python3.8/site-packages/airflow/example_dags/example_task_group_decorator.py
[2024-04-08T08:56:50.221+0000] {logging_mixin.py:188} INFO - [2024-04-08T08:56:50.220+0000] {dag.py:3047} INFO - Sync 1 DAGs
[2024-04-08T08:56:50.250+0000] {logging_mixin.py:188} INFO - [2024-04-08T08:56:50.250+0000] {dag.py:3834} INFO - Setting next_dagrun for example_task_group_decorator to 2024-04-07 00:00:00+00:00, run_after=2024-04-08 00:00:00+00:00
[2024-04-08T08:56:50.276+0000] {processor.py:183} INFO - Processing /home/airflow/.local/lib/python3.8/site-packages/airflow/example_dags/example_task_group_decorator.py took 0.111 seconds
