[2024-04-08T08:27:23.051+0000] {processor.py:161} INFO - Started process (PID=360) to work on /home/airflow/.local/lib/python3.8/site-packages/airflow/example_dags/example_xcomargs.py
[2024-04-08T08:27:23.054+0000] {processor.py:830} INFO - Processing file /home/airflow/.local/lib/python3.8/site-packages/airflow/example_dags/example_xcomargs.py for tasks to queue
[2024-04-08T08:27:23.054+0000] {logging_mixin.py:188} INFO - [2024-04-08T08:27:23.054+0000] {dagbag.py:540} INFO - Filling up the DagBag from /home/airflow/.local/lib/python3.8/site-packages/airflow/example_dags/example_xcomargs.py
[2024-04-08T08:27:23.088+0000] {processor.py:840} INFO - DAG(s) 'example_xcom_args_with_operators', 'example_xcom_args' retrieved from /home/airflow/.local/lib/python3.8/site-packages/airflow/example_dags/example_xcomargs.py
[2024-04-08T08:27:23.120+0000] {logging_mixin.py:188} INFO - [2024-04-08T08:27:23.120+0000] {dag.py:3047} INFO - Sync 2 DAGs
[2024-04-08T08:27:23.149+0000] {logging_mixin.py:188} INFO - [2024-04-08T08:27:23.149+0000] {dag.py:3834} INFO - Setting next_dagrun for example_xcom_args to None, run_after=None
[2024-04-08T08:27:23.153+0000] {logging_mixin.py:188} INFO - [2024-04-08T08:27:23.153+0000] {dag.py:3834} INFO - Setting next_dagrun for example_xcom_args_with_operators to None, run_after=None
[2024-04-08T08:27:23.183+0000] {processor.py:183} INFO - Processing /home/airflow/.local/lib/python3.8/site-packages/airflow/example_dags/example_xcomargs.py took 0.145 seconds
[2024-04-08T08:27:54.130+0000] {processor.py:161} INFO - Started process (PID=617) to work on /home/airflow/.local/lib/python3.8/site-packages/airflow/example_dags/example_xcomargs.py
[2024-04-08T08:27:54.134+0000] {processor.py:830} INFO - Processing file /home/airflow/.local/lib/python3.8/site-packages/airflow/example_dags/example_xcomargs.py for tasks to queue
[2024-04-08T08:27:54.137+0000] {logging_mixin.py:188} INFO - [2024-04-08T08:27:54.136+0000] {dagbag.py:540} INFO - Filling up the DagBag from /home/airflow/.local/lib/python3.8/site-packages/airflow/example_dags/example_xcomargs.py
[2024-04-08T08:27:54.164+0000] {processor.py:840} INFO - DAG(s) 'example_xcom_args', 'example_xcom_args_with_operators' retrieved from /home/airflow/.local/lib/python3.8/site-packages/airflow/example_dags/example_xcomargs.py
[2024-04-08T08:27:54.196+0000] {logging_mixin.py:188} INFO - [2024-04-08T08:27:54.195+0000] {dag.py:3047} INFO - Sync 2 DAGs
[2024-04-08T08:27:54.224+0000] {logging_mixin.py:188} INFO - [2024-04-08T08:27:54.224+0000] {dag.py:3834} INFO - Setting next_dagrun for example_xcom_args to None, run_after=None
[2024-04-08T08:27:54.228+0000] {logging_mixin.py:188} INFO - [2024-04-08T08:27:54.228+0000] {dag.py:3834} INFO - Setting next_dagrun for example_xcom_args_with_operators to None, run_after=None
[2024-04-08T08:27:54.289+0000] {processor.py:183} INFO - Processing /home/airflow/.local/lib/python3.8/site-packages/airflow/example_dags/example_xcomargs.py took 0.170 seconds
[2024-04-08T08:28:24.969+0000] {processor.py:161} INFO - Started process (PID=875) to work on /home/airflow/.local/lib/python3.8/site-packages/airflow/example_dags/example_xcomargs.py
[2024-04-08T08:28:24.970+0000] {processor.py:830} INFO - Processing file /home/airflow/.local/lib/python3.8/site-packages/airflow/example_dags/example_xcomargs.py for tasks to queue
[2024-04-08T08:28:24.971+0000] {logging_mixin.py:188} INFO - [2024-04-08T08:28:24.971+0000] {dagbag.py:540} INFO - Filling up the DagBag from /home/airflow/.local/lib/python3.8/site-packages/airflow/example_dags/example_xcomargs.py
[2024-04-08T08:28:24.979+0000] {processor.py:840} INFO - DAG(s) 'example_xcom_args_with_operators', 'example_xcom_args' retrieved from /home/airflow/.local/lib/python3.8/site-packages/airflow/example_dags/example_xcomargs.py
[2024-04-08T08:28:25.005+0000] {logging_mixin.py:188} INFO - [2024-04-08T08:28:25.005+0000] {dag.py:3047} INFO - Sync 2 DAGs
[2024-04-08T08:28:25.020+0000] {logging_mixin.py:188} INFO - [2024-04-08T08:28:25.019+0000] {dag.py:3834} INFO - Setting next_dagrun for example_xcom_args to None, run_after=None
[2024-04-08T08:28:25.024+0000] {logging_mixin.py:188} INFO - [2024-04-08T08:28:25.023+0000] {dag.py:3834} INFO - Setting next_dagrun for example_xcom_args_with_operators to None, run_after=None
[2024-04-08T08:28:25.045+0000] {processor.py:183} INFO - Processing /home/airflow/.local/lib/python3.8/site-packages/airflow/example_dags/example_xcomargs.py took 0.079 seconds
[2024-04-08T08:28:55.542+0000] {processor.py:161} INFO - Started process (PID=1133) to work on /home/airflow/.local/lib/python3.8/site-packages/airflow/example_dags/example_xcomargs.py
[2024-04-08T08:28:55.543+0000] {processor.py:830} INFO - Processing file /home/airflow/.local/lib/python3.8/site-packages/airflow/example_dags/example_xcomargs.py for tasks to queue
[2024-04-08T08:28:55.544+0000] {logging_mixin.py:188} INFO - [2024-04-08T08:28:55.544+0000] {dagbag.py:540} INFO - Filling up the DagBag from /home/airflow/.local/lib/python3.8/site-packages/airflow/example_dags/example_xcomargs.py
[2024-04-08T08:28:55.551+0000] {processor.py:840} INFO - DAG(s) 'example_xcom_args_with_operators', 'example_xcom_args' retrieved from /home/airflow/.local/lib/python3.8/site-packages/airflow/example_dags/example_xcomargs.py
[2024-04-08T08:28:55.581+0000] {logging_mixin.py:188} INFO - [2024-04-08T08:28:55.581+0000] {dag.py:3047} INFO - Sync 2 DAGs
[2024-04-08T08:28:55.600+0000] {logging_mixin.py:188} INFO - [2024-04-08T08:28:55.599+0000] {dag.py:3834} INFO - Setting next_dagrun for example_xcom_args to None, run_after=None
[2024-04-08T08:28:55.604+0000] {logging_mixin.py:188} INFO - [2024-04-08T08:28:55.604+0000] {dag.py:3834} INFO - Setting next_dagrun for example_xcom_args_with_operators to None, run_after=None
[2024-04-08T08:28:55.626+0000] {processor.py:183} INFO - Processing /home/airflow/.local/lib/python3.8/site-packages/airflow/example_dags/example_xcomargs.py took 0.088 seconds
[2024-04-08T08:29:25.956+0000] {processor.py:161} INFO - Started process (PID=1391) to work on /home/airflow/.local/lib/python3.8/site-packages/airflow/example_dags/example_xcomargs.py
[2024-04-08T08:29:25.957+0000] {processor.py:830} INFO - Processing file /home/airflow/.local/lib/python3.8/site-packages/airflow/example_dags/example_xcomargs.py for tasks to queue
[2024-04-08T08:29:25.958+0000] {logging_mixin.py:188} INFO - [2024-04-08T08:29:25.958+0000] {dagbag.py:540} INFO - Filling up the DagBag from /home/airflow/.local/lib/python3.8/site-packages/airflow/example_dags/example_xcomargs.py
[2024-04-08T08:29:25.967+0000] {processor.py:840} INFO - DAG(s) 'example_xcom_args', 'example_xcom_args_with_operators' retrieved from /home/airflow/.local/lib/python3.8/site-packages/airflow/example_dags/example_xcomargs.py
[2024-04-08T08:29:25.997+0000] {logging_mixin.py:188} INFO - [2024-04-08T08:29:25.997+0000] {dag.py:3047} INFO - Sync 2 DAGs
[2024-04-08T08:29:26.016+0000] {logging_mixin.py:188} INFO - [2024-04-08T08:29:26.015+0000] {dag.py:3834} INFO - Setting next_dagrun for example_xcom_args to None, run_after=None
[2024-04-08T08:29:26.020+0000] {logging_mixin.py:188} INFO - [2024-04-08T08:29:26.020+0000] {dag.py:3834} INFO - Setting next_dagrun for example_xcom_args_with_operators to None, run_after=None
[2024-04-08T08:29:26.054+0000] {processor.py:183} INFO - Processing /home/airflow/.local/lib/python3.8/site-packages/airflow/example_dags/example_xcomargs.py took 0.101 seconds
[2024-04-08T08:29:56.507+0000] {processor.py:161} INFO - Started process (PID=1648) to work on /home/airflow/.local/lib/python3.8/site-packages/airflow/example_dags/example_xcomargs.py
[2024-04-08T08:29:56.508+0000] {processor.py:830} INFO - Processing file /home/airflow/.local/lib/python3.8/site-packages/airflow/example_dags/example_xcomargs.py for tasks to queue
[2024-04-08T08:29:56.509+0000] {logging_mixin.py:188} INFO - [2024-04-08T08:29:56.509+0000] {dagbag.py:540} INFO - Filling up the DagBag from /home/airflow/.local/lib/python3.8/site-packages/airflow/example_dags/example_xcomargs.py
[2024-04-08T08:29:56.520+0000] {processor.py:840} INFO - DAG(s) 'example_xcom_args', 'example_xcom_args_with_operators' retrieved from /home/airflow/.local/lib/python3.8/site-packages/airflow/example_dags/example_xcomargs.py
[2024-04-08T08:29:56.551+0000] {logging_mixin.py:188} INFO - [2024-04-08T08:29:56.551+0000] {dag.py:3047} INFO - Sync 2 DAGs
[2024-04-08T08:29:56.566+0000] {logging_mixin.py:188} INFO - [2024-04-08T08:29:56.566+0000] {dag.py:3834} INFO - Setting next_dagrun for example_xcom_args to None, run_after=None
[2024-04-08T08:29:56.570+0000] {logging_mixin.py:188} INFO - [2024-04-08T08:29:56.570+0000] {dag.py:3834} INFO - Setting next_dagrun for example_xcom_args_with_operators to None, run_after=None
[2024-04-08T08:29:56.592+0000] {processor.py:183} INFO - Processing /home/airflow/.local/lib/python3.8/site-packages/airflow/example_dags/example_xcomargs.py took 0.088 seconds
[2024-04-08T08:30:27.160+0000] {processor.py:161} INFO - Started process (PID=1906) to work on /home/airflow/.local/lib/python3.8/site-packages/airflow/example_dags/example_xcomargs.py
[2024-04-08T08:30:27.162+0000] {processor.py:830} INFO - Processing file /home/airflow/.local/lib/python3.8/site-packages/airflow/example_dags/example_xcomargs.py for tasks to queue
[2024-04-08T08:30:27.163+0000] {logging_mixin.py:188} INFO - [2024-04-08T08:30:27.163+0000] {dagbag.py:540} INFO - Filling up the DagBag from /home/airflow/.local/lib/python3.8/site-packages/airflow/example_dags/example_xcomargs.py
[2024-04-08T08:30:27.173+0000] {processor.py:840} INFO - DAG(s) 'example_xcom_args_with_operators', 'example_xcom_args' retrieved from /home/airflow/.local/lib/python3.8/site-packages/airflow/example_dags/example_xcomargs.py
[2024-04-08T08:30:27.216+0000] {logging_mixin.py:188} INFO - [2024-04-08T08:30:27.215+0000] {dag.py:3047} INFO - Sync 2 DAGs
[2024-04-08T08:30:27.237+0000] {logging_mixin.py:188} INFO - [2024-04-08T08:30:27.237+0000] {dag.py:3834} INFO - Setting next_dagrun for example_xcom_args to None, run_after=None
[2024-04-08T08:30:27.246+0000] {logging_mixin.py:188} INFO - [2024-04-08T08:30:27.246+0000] {dag.py:3834} INFO - Setting next_dagrun for example_xcom_args_with_operators to None, run_after=None
[2024-04-08T08:30:27.291+0000] {processor.py:183} INFO - Processing /home/airflow/.local/lib/python3.8/site-packages/airflow/example_dags/example_xcomargs.py took 0.135 seconds
[2024-04-08T08:30:58.101+0000] {processor.py:161} INFO - Started process (PID=2163) to work on /home/airflow/.local/lib/python3.8/site-packages/airflow/example_dags/example_xcomargs.py
[2024-04-08T08:30:58.102+0000] {processor.py:830} INFO - Processing file /home/airflow/.local/lib/python3.8/site-packages/airflow/example_dags/example_xcomargs.py for tasks to queue
[2024-04-08T08:30:58.102+0000] {logging_mixin.py:188} INFO - [2024-04-08T08:30:58.102+0000] {dagbag.py:540} INFO - Filling up the DagBag from /home/airflow/.local/lib/python3.8/site-packages/airflow/example_dags/example_xcomargs.py
[2024-04-08T08:30:58.111+0000] {processor.py:840} INFO - DAG(s) 'example_xcom_args_with_operators', 'example_xcom_args' retrieved from /home/airflow/.local/lib/python3.8/site-packages/airflow/example_dags/example_xcomargs.py
[2024-04-08T08:30:58.142+0000] {logging_mixin.py:188} INFO - [2024-04-08T08:30:58.141+0000] {dag.py:3047} INFO - Sync 2 DAGs
[2024-04-08T08:30:58.157+0000] {logging_mixin.py:188} INFO - [2024-04-08T08:30:58.157+0000] {dag.py:3834} INFO - Setting next_dagrun for example_xcom_args to None, run_after=None
[2024-04-08T08:30:58.162+0000] {logging_mixin.py:188} INFO - [2024-04-08T08:30:58.161+0000] {dag.py:3834} INFO - Setting next_dagrun for example_xcom_args_with_operators to None, run_after=None
[2024-04-08T08:30:58.184+0000] {processor.py:183} INFO - Processing /home/airflow/.local/lib/python3.8/site-packages/airflow/example_dags/example_xcomargs.py took 0.087 seconds
[2024-04-08T08:31:28.543+0000] {processor.py:161} INFO - Started process (PID=2420) to work on /home/airflow/.local/lib/python3.8/site-packages/airflow/example_dags/example_xcomargs.py
[2024-04-08T08:31:28.548+0000] {processor.py:830} INFO - Processing file /home/airflow/.local/lib/python3.8/site-packages/airflow/example_dags/example_xcomargs.py for tasks to queue
[2024-04-08T08:31:28.550+0000] {logging_mixin.py:188} INFO - [2024-04-08T08:31:28.549+0000] {dagbag.py:540} INFO - Filling up the DagBag from /home/airflow/.local/lib/python3.8/site-packages/airflow/example_dags/example_xcomargs.py
[2024-04-08T08:31:28.568+0000] {processor.py:840} INFO - DAG(s) 'example_xcom_args_with_operators', 'example_xcom_args' retrieved from /home/airflow/.local/lib/python3.8/site-packages/airflow/example_dags/example_xcomargs.py
[2024-04-08T08:31:28.612+0000] {logging_mixin.py:188} INFO - [2024-04-08T08:31:28.612+0000] {dag.py:3047} INFO - Sync 2 DAGs
[2024-04-08T08:31:28.642+0000] {logging_mixin.py:188} INFO - [2024-04-08T08:31:28.629+0000] {dag.py:3834} INFO - Setting next_dagrun for example_xcom_args to None, run_after=None
[2024-04-08T08:31:28.652+0000] {logging_mixin.py:188} INFO - [2024-04-08T08:31:28.652+0000] {dag.py:3834} INFO - Setting next_dagrun for example_xcom_args_with_operators to None, run_after=None
[2024-04-08T08:31:28.692+0000] {processor.py:183} INFO - Processing /home/airflow/.local/lib/python3.8/site-packages/airflow/example_dags/example_xcomargs.py took 0.153 seconds
[2024-04-08T08:31:59.104+0000] {processor.py:161} INFO - Started process (PID=2677) to work on /home/airflow/.local/lib/python3.8/site-packages/airflow/example_dags/example_xcomargs.py
[2024-04-08T08:31:59.105+0000] {processor.py:830} INFO - Processing file /home/airflow/.local/lib/python3.8/site-packages/airflow/example_dags/example_xcomargs.py for tasks to queue
[2024-04-08T08:31:59.106+0000] {logging_mixin.py:188} INFO - [2024-04-08T08:31:59.106+0000] {dagbag.py:540} INFO - Filling up the DagBag from /home/airflow/.local/lib/python3.8/site-packages/airflow/example_dags/example_xcomargs.py
[2024-04-08T08:31:59.116+0000] {processor.py:840} INFO - DAG(s) 'example_xcom_args', 'example_xcom_args_with_operators' retrieved from /home/airflow/.local/lib/python3.8/site-packages/airflow/example_dags/example_xcomargs.py
[2024-04-08T08:31:59.144+0000] {logging_mixin.py:188} INFO - [2024-04-08T08:31:59.143+0000] {dag.py:3047} INFO - Sync 2 DAGs
[2024-04-08T08:31:59.158+0000] {logging_mixin.py:188} INFO - [2024-04-08T08:31:59.158+0000] {dag.py:3834} INFO - Setting next_dagrun for example_xcom_args to None, run_after=None
[2024-04-08T08:31:59.163+0000] {logging_mixin.py:188} INFO - [2024-04-08T08:31:59.163+0000] {dag.py:3834} INFO - Setting next_dagrun for example_xcom_args_with_operators to None, run_after=None
[2024-04-08T08:31:59.191+0000] {processor.py:183} INFO - Processing /home/airflow/.local/lib/python3.8/site-packages/airflow/example_dags/example_xcomargs.py took 0.090 seconds
[2024-04-08T08:32:30.268+0000] {processor.py:161} INFO - Started process (PID=2936) to work on /home/airflow/.local/lib/python3.8/site-packages/airflow/example_dags/example_xcomargs.py
[2024-04-08T08:32:30.269+0000] {processor.py:830} INFO - Processing file /home/airflow/.local/lib/python3.8/site-packages/airflow/example_dags/example_xcomargs.py for tasks to queue
[2024-04-08T08:32:30.270+0000] {logging_mixin.py:188} INFO - [2024-04-08T08:32:30.270+0000] {dagbag.py:540} INFO - Filling up the DagBag from /home/airflow/.local/lib/python3.8/site-packages/airflow/example_dags/example_xcomargs.py
[2024-04-08T08:32:30.278+0000] {processor.py:840} INFO - DAG(s) 'example_xcom_args_with_operators', 'example_xcom_args' retrieved from /home/airflow/.local/lib/python3.8/site-packages/airflow/example_dags/example_xcomargs.py
[2024-04-08T08:32:30.337+0000] {logging_mixin.py:188} INFO - [2024-04-08T08:32:30.337+0000] {dag.py:3047} INFO - Sync 2 DAGs
[2024-04-08T08:32:30.353+0000] {logging_mixin.py:188} INFO - [2024-04-08T08:32:30.352+0000] {dag.py:3834} INFO - Setting next_dagrun for example_xcom_args to None, run_after=None
[2024-04-08T08:32:30.368+0000] {logging_mixin.py:188} INFO - [2024-04-08T08:32:30.368+0000] {dag.py:3834} INFO - Setting next_dagrun for example_xcom_args_with_operators to None, run_after=None
[2024-04-08T08:32:30.406+0000] {processor.py:183} INFO - Processing /home/airflow/.local/lib/python3.8/site-packages/airflow/example_dags/example_xcomargs.py took 0.141 seconds
[2024-04-08T08:33:00.853+0000] {processor.py:161} INFO - Started process (PID=3191) to work on /home/airflow/.local/lib/python3.8/site-packages/airflow/example_dags/example_xcomargs.py
[2024-04-08T08:33:00.854+0000] {processor.py:830} INFO - Processing file /home/airflow/.local/lib/python3.8/site-packages/airflow/example_dags/example_xcomargs.py for tasks to queue
[2024-04-08T08:33:00.855+0000] {logging_mixin.py:188} INFO - [2024-04-08T08:33:00.855+0000] {dagbag.py:540} INFO - Filling up the DagBag from /home/airflow/.local/lib/python3.8/site-packages/airflow/example_dags/example_xcomargs.py
[2024-04-08T08:33:00.865+0000] {processor.py:840} INFO - DAG(s) 'example_xcom_args_with_operators', 'example_xcom_args' retrieved from /home/airflow/.local/lib/python3.8/site-packages/airflow/example_dags/example_xcomargs.py
[2024-04-08T08:33:00.892+0000] {logging_mixin.py:188} INFO - [2024-04-08T08:33:00.892+0000] {dag.py:3047} INFO - Sync 2 DAGs
[2024-04-08T08:33:00.907+0000] {logging_mixin.py:188} INFO - [2024-04-08T08:33:00.907+0000] {dag.py:3834} INFO - Setting next_dagrun for example_xcom_args to None, run_after=None
[2024-04-08T08:33:00.911+0000] {logging_mixin.py:188} INFO - [2024-04-08T08:33:00.911+0000] {dag.py:3834} INFO - Setting next_dagrun for example_xcom_args_with_operators to None, run_after=None
[2024-04-08T08:33:00.934+0000] {processor.py:183} INFO - Processing /home/airflow/.local/lib/python3.8/site-packages/airflow/example_dags/example_xcomargs.py took 0.084 seconds
[2024-04-08T08:33:31.374+0000] {processor.py:161} INFO - Started process (PID=3448) to work on /home/airflow/.local/lib/python3.8/site-packages/airflow/example_dags/example_xcomargs.py
[2024-04-08T08:33:31.375+0000] {processor.py:830} INFO - Processing file /home/airflow/.local/lib/python3.8/site-packages/airflow/example_dags/example_xcomargs.py for tasks to queue
[2024-04-08T08:33:31.376+0000] {logging_mixin.py:188} INFO - [2024-04-08T08:33:31.376+0000] {dagbag.py:540} INFO - Filling up the DagBag from /home/airflow/.local/lib/python3.8/site-packages/airflow/example_dags/example_xcomargs.py
[2024-04-08T08:33:31.385+0000] {processor.py:840} INFO - DAG(s) 'example_xcom_args', 'example_xcom_args_with_operators' retrieved from /home/airflow/.local/lib/python3.8/site-packages/airflow/example_dags/example_xcomargs.py
[2024-04-08T08:33:31.411+0000] {logging_mixin.py:188} INFO - [2024-04-08T08:33:31.411+0000] {dag.py:3047} INFO - Sync 2 DAGs
[2024-04-08T08:33:31.427+0000] {logging_mixin.py:188} INFO - [2024-04-08T08:33:31.426+0000] {dag.py:3834} INFO - Setting next_dagrun for example_xcom_args to None, run_after=None
[2024-04-08T08:33:31.431+0000] {logging_mixin.py:188} INFO - [2024-04-08T08:33:31.431+0000] {dag.py:3834} INFO - Setting next_dagrun for example_xcom_args_with_operators to None, run_after=None
[2024-04-08T08:33:31.454+0000] {processor.py:183} INFO - Processing /home/airflow/.local/lib/python3.8/site-packages/airflow/example_dags/example_xcomargs.py took 0.084 seconds
[2024-04-08T08:34:01.774+0000] {processor.py:161} INFO - Started process (PID=3705) to work on /home/airflow/.local/lib/python3.8/site-packages/airflow/example_dags/example_xcomargs.py
[2024-04-08T08:34:01.775+0000] {processor.py:830} INFO - Processing file /home/airflow/.local/lib/python3.8/site-packages/airflow/example_dags/example_xcomargs.py for tasks to queue
[2024-04-08T08:34:01.775+0000] {logging_mixin.py:188} INFO - [2024-04-08T08:34:01.775+0000] {dagbag.py:540} INFO - Filling up the DagBag from /home/airflow/.local/lib/python3.8/site-packages/airflow/example_dags/example_xcomargs.py
[2024-04-08T08:34:01.785+0000] {processor.py:840} INFO - DAG(s) 'example_xcom_args', 'example_xcom_args_with_operators' retrieved from /home/airflow/.local/lib/python3.8/site-packages/airflow/example_dags/example_xcomargs.py
[2024-04-08T08:34:01.811+0000] {logging_mixin.py:188} INFO - [2024-04-08T08:34:01.810+0000] {dag.py:3047} INFO - Sync 2 DAGs
[2024-04-08T08:34:01.825+0000] {logging_mixin.py:188} INFO - [2024-04-08T08:34:01.825+0000] {dag.py:3834} INFO - Setting next_dagrun for example_xcom_args to None, run_after=None
[2024-04-08T08:34:01.829+0000] {logging_mixin.py:188} INFO - [2024-04-08T08:34:01.829+0000] {dag.py:3834} INFO - Setting next_dagrun for example_xcom_args_with_operators to None, run_after=None
[2024-04-08T08:34:01.852+0000] {processor.py:183} INFO - Processing /home/airflow/.local/lib/python3.8/site-packages/airflow/example_dags/example_xcomargs.py took 0.082 seconds
[2024-04-08T08:34:31.993+0000] {processor.py:161} INFO - Started process (PID=3961) to work on /home/airflow/.local/lib/python3.8/site-packages/airflow/example_dags/example_xcomargs.py
[2024-04-08T08:34:31.994+0000] {processor.py:830} INFO - Processing file /home/airflow/.local/lib/python3.8/site-packages/airflow/example_dags/example_xcomargs.py for tasks to queue
[2024-04-08T08:34:31.996+0000] {logging_mixin.py:188} INFO - [2024-04-08T08:34:31.995+0000] {dagbag.py:540} INFO - Filling up the DagBag from /home/airflow/.local/lib/python3.8/site-packages/airflow/example_dags/example_xcomargs.py
[2024-04-08T08:34:32.004+0000] {processor.py:840} INFO - DAG(s) 'example_xcom_args_with_operators', 'example_xcom_args' retrieved from /home/airflow/.local/lib/python3.8/site-packages/airflow/example_dags/example_xcomargs.py
[2024-04-08T08:34:32.031+0000] {logging_mixin.py:188} INFO - [2024-04-08T08:34:32.030+0000] {dag.py:3047} INFO - Sync 2 DAGs
[2024-04-08T08:34:32.047+0000] {logging_mixin.py:188} INFO - [2024-04-08T08:34:32.047+0000] {dag.py:3834} INFO - Setting next_dagrun for example_xcom_args to None, run_after=None
[2024-04-08T08:34:32.051+0000] {logging_mixin.py:188} INFO - [2024-04-08T08:34:32.051+0000] {dag.py:3834} INFO - Setting next_dagrun for example_xcom_args_with_operators to None, run_after=None
[2024-04-08T08:34:32.073+0000] {processor.py:183} INFO - Processing /home/airflow/.local/lib/python3.8/site-packages/airflow/example_dags/example_xcomargs.py took 0.084 seconds
[2024-04-08T08:35:02.432+0000] {processor.py:161} INFO - Started process (PID=4218) to work on /home/airflow/.local/lib/python3.8/site-packages/airflow/example_dags/example_xcomargs.py
[2024-04-08T08:35:02.434+0000] {processor.py:830} INFO - Processing file /home/airflow/.local/lib/python3.8/site-packages/airflow/example_dags/example_xcomargs.py for tasks to queue
[2024-04-08T08:35:02.435+0000] {logging_mixin.py:188} INFO - [2024-04-08T08:35:02.434+0000] {dagbag.py:540} INFO - Filling up the DagBag from /home/airflow/.local/lib/python3.8/site-packages/airflow/example_dags/example_xcomargs.py
[2024-04-08T08:35:02.444+0000] {processor.py:840} INFO - DAG(s) 'example_xcom_args_with_operators', 'example_xcom_args' retrieved from /home/airflow/.local/lib/python3.8/site-packages/airflow/example_dags/example_xcomargs.py
[2024-04-08T08:35:02.471+0000] {logging_mixin.py:188} INFO - [2024-04-08T08:35:02.470+0000] {dag.py:3047} INFO - Sync 2 DAGs
[2024-04-08T08:35:02.486+0000] {logging_mixin.py:188} INFO - [2024-04-08T08:35:02.486+0000] {dag.py:3834} INFO - Setting next_dagrun for example_xcom_args to None, run_after=None
[2024-04-08T08:35:02.490+0000] {logging_mixin.py:188} INFO - [2024-04-08T08:35:02.490+0000] {dag.py:3834} INFO - Setting next_dagrun for example_xcom_args_with_operators to None, run_after=None
[2024-04-08T08:35:02.514+0000] {processor.py:183} INFO - Processing /home/airflow/.local/lib/python3.8/site-packages/airflow/example_dags/example_xcomargs.py took 0.085 seconds
[2024-04-08T08:35:33.143+0000] {processor.py:161} INFO - Started process (PID=4476) to work on /home/airflow/.local/lib/python3.8/site-packages/airflow/example_dags/example_xcomargs.py
[2024-04-08T08:35:33.144+0000] {processor.py:830} INFO - Processing file /home/airflow/.local/lib/python3.8/site-packages/airflow/example_dags/example_xcomargs.py for tasks to queue
[2024-04-08T08:35:33.145+0000] {logging_mixin.py:188} INFO - [2024-04-08T08:35:33.144+0000] {dagbag.py:540} INFO - Filling up the DagBag from /home/airflow/.local/lib/python3.8/site-packages/airflow/example_dags/example_xcomargs.py
[2024-04-08T08:35:33.153+0000] {processor.py:840} INFO - DAG(s) 'example_xcom_args_with_operators', 'example_xcom_args' retrieved from /home/airflow/.local/lib/python3.8/site-packages/airflow/example_dags/example_xcomargs.py
[2024-04-08T08:35:33.180+0000] {logging_mixin.py:188} INFO - [2024-04-08T08:35:33.179+0000] {dag.py:3047} INFO - Sync 2 DAGs
[2024-04-08T08:35:33.195+0000] {logging_mixin.py:188} INFO - [2024-04-08T08:35:33.195+0000] {dag.py:3834} INFO - Setting next_dagrun for example_xcom_args to None, run_after=None
[2024-04-08T08:35:33.199+0000] {logging_mixin.py:188} INFO - [2024-04-08T08:35:33.199+0000] {dag.py:3834} INFO - Setting next_dagrun for example_xcom_args_with_operators to None, run_after=None
[2024-04-08T08:35:33.222+0000] {processor.py:183} INFO - Processing /home/airflow/.local/lib/python3.8/site-packages/airflow/example_dags/example_xcomargs.py took 0.083 seconds
[2024-04-08T08:36:03.706+0000] {processor.py:161} INFO - Started process (PID=4733) to work on /home/airflow/.local/lib/python3.8/site-packages/airflow/example_dags/example_xcomargs.py
[2024-04-08T08:36:03.707+0000] {processor.py:830} INFO - Processing file /home/airflow/.local/lib/python3.8/site-packages/airflow/example_dags/example_xcomargs.py for tasks to queue
[2024-04-08T08:36:03.708+0000] {logging_mixin.py:188} INFO - [2024-04-08T08:36:03.708+0000] {dagbag.py:540} INFO - Filling up the DagBag from /home/airflow/.local/lib/python3.8/site-packages/airflow/example_dags/example_xcomargs.py
[2024-04-08T08:36:03.719+0000] {processor.py:840} INFO - DAG(s) 'example_xcom_args', 'example_xcom_args_with_operators' retrieved from /home/airflow/.local/lib/python3.8/site-packages/airflow/example_dags/example_xcomargs.py
[2024-04-08T08:36:03.754+0000] {logging_mixin.py:188} INFO - [2024-04-08T08:36:03.754+0000] {dag.py:3047} INFO - Sync 2 DAGs
[2024-04-08T08:36:03.771+0000] {logging_mixin.py:188} INFO - [2024-04-08T08:36:03.770+0000] {dag.py:3834} INFO - Setting next_dagrun for example_xcom_args to None, run_after=None
[2024-04-08T08:36:03.775+0000] {logging_mixin.py:188} INFO - [2024-04-08T08:36:03.775+0000] {dag.py:3834} INFO - Setting next_dagrun for example_xcom_args_with_operators to None, run_after=None
[2024-04-08T08:36:03.797+0000] {processor.py:183} INFO - Processing /home/airflow/.local/lib/python3.8/site-packages/airflow/example_dags/example_xcomargs.py took 0.095 seconds
[2024-04-08T08:36:34.016+0000] {processor.py:161} INFO - Started process (PID=4991) to work on /home/airflow/.local/lib/python3.8/site-packages/airflow/example_dags/example_xcomargs.py
[2024-04-08T08:36:34.018+0000] {processor.py:830} INFO - Processing file /home/airflow/.local/lib/python3.8/site-packages/airflow/example_dags/example_xcomargs.py for tasks to queue
[2024-04-08T08:36:34.019+0000] {logging_mixin.py:188} INFO - [2024-04-08T08:36:34.018+0000] {dagbag.py:540} INFO - Filling up the DagBag from /home/airflow/.local/lib/python3.8/site-packages/airflow/example_dags/example_xcomargs.py
[2024-04-08T08:36:34.027+0000] {processor.py:840} INFO - DAG(s) 'example_xcom_args', 'example_xcom_args_with_operators' retrieved from /home/airflow/.local/lib/python3.8/site-packages/airflow/example_dags/example_xcomargs.py
[2024-04-08T08:36:34.055+0000] {logging_mixin.py:188} INFO - [2024-04-08T08:36:34.054+0000] {dag.py:3047} INFO - Sync 2 DAGs
[2024-04-08T08:36:34.070+0000] {logging_mixin.py:188} INFO - [2024-04-08T08:36:34.070+0000] {dag.py:3834} INFO - Setting next_dagrun for example_xcom_args to None, run_after=None
[2024-04-08T08:36:34.074+0000] {logging_mixin.py:188} INFO - [2024-04-08T08:36:34.074+0000] {dag.py:3834} INFO - Setting next_dagrun for example_xcom_args_with_operators to None, run_after=None
[2024-04-08T08:36:34.096+0000] {processor.py:183} INFO - Processing /home/airflow/.local/lib/python3.8/site-packages/airflow/example_dags/example_xcomargs.py took 0.084 seconds
[2024-04-08T08:37:04.339+0000] {processor.py:161} INFO - Started process (PID=5248) to work on /home/airflow/.local/lib/python3.8/site-packages/airflow/example_dags/example_xcomargs.py
[2024-04-08T08:37:04.340+0000] {processor.py:830} INFO - Processing file /home/airflow/.local/lib/python3.8/site-packages/airflow/example_dags/example_xcomargs.py for tasks to queue
[2024-04-08T08:37:04.341+0000] {logging_mixin.py:188} INFO - [2024-04-08T08:37:04.341+0000] {dagbag.py:540} INFO - Filling up the DagBag from /home/airflow/.local/lib/python3.8/site-packages/airflow/example_dags/example_xcomargs.py
[2024-04-08T08:37:04.349+0000] {processor.py:840} INFO - DAG(s) 'example_xcom_args_with_operators', 'example_xcom_args' retrieved from /home/airflow/.local/lib/python3.8/site-packages/airflow/example_dags/example_xcomargs.py
[2024-04-08T08:37:04.377+0000] {logging_mixin.py:188} INFO - [2024-04-08T08:37:04.377+0000] {dag.py:3047} INFO - Sync 2 DAGs
[2024-04-08T08:37:04.406+0000] {logging_mixin.py:188} INFO - [2024-04-08T08:37:04.405+0000] {dag.py:3834} INFO - Setting next_dagrun for example_xcom_args to None, run_after=None
[2024-04-08T08:37:04.415+0000] {logging_mixin.py:188} INFO - [2024-04-08T08:37:04.414+0000] {dag.py:3834} INFO - Setting next_dagrun for example_xcom_args_with_operators to None, run_after=None
[2024-04-08T08:37:04.437+0000] {processor.py:183} INFO - Processing /home/airflow/.local/lib/python3.8/site-packages/airflow/example_dags/example_xcomargs.py took 0.102 seconds
[2024-04-08T08:37:34.935+0000] {processor.py:161} INFO - Started process (PID=5504) to work on /home/airflow/.local/lib/python3.8/site-packages/airflow/example_dags/example_xcomargs.py
[2024-04-08T08:37:34.942+0000] {processor.py:830} INFO - Processing file /home/airflow/.local/lib/python3.8/site-packages/airflow/example_dags/example_xcomargs.py for tasks to queue
[2024-04-08T08:37:34.944+0000] {logging_mixin.py:188} INFO - [2024-04-08T08:37:34.943+0000] {dagbag.py:540} INFO - Filling up the DagBag from /home/airflow/.local/lib/python3.8/site-packages/airflow/example_dags/example_xcomargs.py
[2024-04-08T08:37:34.957+0000] {processor.py:840} INFO - DAG(s) 'example_xcom_args_with_operators', 'example_xcom_args' retrieved from /home/airflow/.local/lib/python3.8/site-packages/airflow/example_dags/example_xcomargs.py
[2024-04-08T08:37:34.985+0000] {logging_mixin.py:188} INFO - [2024-04-08T08:37:34.985+0000] {dag.py:3047} INFO - Sync 2 DAGs
[2024-04-08T08:37:35.001+0000] {logging_mixin.py:188} INFO - [2024-04-08T08:37:35.001+0000] {dag.py:3834} INFO - Setting next_dagrun for example_xcom_args to None, run_after=None
[2024-04-08T08:37:35.006+0000] {logging_mixin.py:188} INFO - [2024-04-08T08:37:35.005+0000] {dag.py:3834} INFO - Setting next_dagrun for example_xcom_args_with_operators to None, run_after=None
[2024-04-08T08:37:35.045+0000] {processor.py:183} INFO - Processing /home/airflow/.local/lib/python3.8/site-packages/airflow/example_dags/example_xcomargs.py took 0.114 seconds
[2024-04-08T08:38:05.617+0000] {processor.py:161} INFO - Started process (PID=5761) to work on /home/airflow/.local/lib/python3.8/site-packages/airflow/example_dags/example_xcomargs.py
[2024-04-08T08:38:05.618+0000] {processor.py:830} INFO - Processing file /home/airflow/.local/lib/python3.8/site-packages/airflow/example_dags/example_xcomargs.py for tasks to queue
[2024-04-08T08:38:05.619+0000] {logging_mixin.py:188} INFO - [2024-04-08T08:38:05.619+0000] {dagbag.py:540} INFO - Filling up the DagBag from /home/airflow/.local/lib/python3.8/site-packages/airflow/example_dags/example_xcomargs.py
[2024-04-08T08:38:05.628+0000] {processor.py:840} INFO - DAG(s) 'example_xcom_args', 'example_xcom_args_with_operators' retrieved from /home/airflow/.local/lib/python3.8/site-packages/airflow/example_dags/example_xcomargs.py
[2024-04-08T08:38:05.654+0000] {logging_mixin.py:188} INFO - [2024-04-08T08:38:05.654+0000] {dag.py:3047} INFO - Sync 2 DAGs
[2024-04-08T08:38:05.669+0000] {logging_mixin.py:188} INFO - [2024-04-08T08:38:05.669+0000] {dag.py:3834} INFO - Setting next_dagrun for example_xcom_args to None, run_after=None
[2024-04-08T08:38:05.674+0000] {logging_mixin.py:188} INFO - [2024-04-08T08:38:05.674+0000] {dag.py:3834} INFO - Setting next_dagrun for example_xcom_args_with_operators to None, run_after=None
[2024-04-08T08:38:05.696+0000] {processor.py:183} INFO - Processing /home/airflow/.local/lib/python3.8/site-packages/airflow/example_dags/example_xcomargs.py took 0.083 seconds
[2024-04-08T08:38:36.144+0000] {processor.py:161} INFO - Started process (PID=6019) to work on /home/airflow/.local/lib/python3.8/site-packages/airflow/example_dags/example_xcomargs.py
[2024-04-08T08:38:36.145+0000] {processor.py:830} INFO - Processing file /home/airflow/.local/lib/python3.8/site-packages/airflow/example_dags/example_xcomargs.py for tasks to queue
[2024-04-08T08:38:36.146+0000] {logging_mixin.py:188} INFO - [2024-04-08T08:38:36.146+0000] {dagbag.py:540} INFO - Filling up the DagBag from /home/airflow/.local/lib/python3.8/site-packages/airflow/example_dags/example_xcomargs.py
[2024-04-08T08:38:36.156+0000] {processor.py:840} INFO - DAG(s) 'example_xcom_args', 'example_xcom_args_with_operators' retrieved from /home/airflow/.local/lib/python3.8/site-packages/airflow/example_dags/example_xcomargs.py
[2024-04-08T08:38:36.182+0000] {logging_mixin.py:188} INFO - [2024-04-08T08:38:36.181+0000] {dag.py:3047} INFO - Sync 2 DAGs
[2024-04-08T08:38:36.197+0000] {logging_mixin.py:188} INFO - [2024-04-08T08:38:36.197+0000] {dag.py:3834} INFO - Setting next_dagrun for example_xcom_args to None, run_after=None
[2024-04-08T08:38:36.201+0000] {logging_mixin.py:188} INFO - [2024-04-08T08:38:36.201+0000] {dag.py:3834} INFO - Setting next_dagrun for example_xcom_args_with_operators to None, run_after=None
[2024-04-08T08:38:36.223+0000] {processor.py:183} INFO - Processing /home/airflow/.local/lib/python3.8/site-packages/airflow/example_dags/example_xcomargs.py took 0.083 seconds
[2024-04-08T08:39:06.797+0000] {processor.py:161} INFO - Started process (PID=6276) to work on /home/airflow/.local/lib/python3.8/site-packages/airflow/example_dags/example_xcomargs.py
[2024-04-08T08:39:06.798+0000] {processor.py:830} INFO - Processing file /home/airflow/.local/lib/python3.8/site-packages/airflow/example_dags/example_xcomargs.py for tasks to queue
[2024-04-08T08:39:06.799+0000] {logging_mixin.py:188} INFO - [2024-04-08T08:39:06.798+0000] {dagbag.py:540} INFO - Filling up the DagBag from /home/airflow/.local/lib/python3.8/site-packages/airflow/example_dags/example_xcomargs.py
[2024-04-08T08:39:06.807+0000] {processor.py:840} INFO - DAG(s) 'example_xcom_args', 'example_xcom_args_with_operators' retrieved from /home/airflow/.local/lib/python3.8/site-packages/airflow/example_dags/example_xcomargs.py
[2024-04-08T08:39:06.834+0000] {logging_mixin.py:188} INFO - [2024-04-08T08:39:06.834+0000] {dag.py:3047} INFO - Sync 2 DAGs
[2024-04-08T08:39:06.850+0000] {logging_mixin.py:188} INFO - [2024-04-08T08:39:06.850+0000] {dag.py:3834} INFO - Setting next_dagrun for example_xcom_args to None, run_after=None
[2024-04-08T08:39:06.854+0000] {logging_mixin.py:188} INFO - [2024-04-08T08:39:06.854+0000] {dag.py:3834} INFO - Setting next_dagrun for example_xcom_args_with_operators to None, run_after=None
[2024-04-08T08:39:06.878+0000] {processor.py:183} INFO - Processing /home/airflow/.local/lib/python3.8/site-packages/airflow/example_dags/example_xcomargs.py took 0.085 seconds
[2024-04-08T08:39:37.277+0000] {processor.py:161} INFO - Started process (PID=6532) to work on /home/airflow/.local/lib/python3.8/site-packages/airflow/example_dags/example_xcomargs.py
[2024-04-08T08:39:37.277+0000] {processor.py:830} INFO - Processing file /home/airflow/.local/lib/python3.8/site-packages/airflow/example_dags/example_xcomargs.py for tasks to queue
[2024-04-08T08:39:37.278+0000] {logging_mixin.py:188} INFO - [2024-04-08T08:39:37.278+0000] {dagbag.py:540} INFO - Filling up the DagBag from /home/airflow/.local/lib/python3.8/site-packages/airflow/example_dags/example_xcomargs.py
[2024-04-08T08:39:37.288+0000] {processor.py:840} INFO - DAG(s) 'example_xcom_args', 'example_xcom_args_with_operators' retrieved from /home/airflow/.local/lib/python3.8/site-packages/airflow/example_dags/example_xcomargs.py
[2024-04-08T08:39:37.315+0000] {logging_mixin.py:188} INFO - [2024-04-08T08:39:37.315+0000] {dag.py:3047} INFO - Sync 2 DAGs
[2024-04-08T08:39:37.331+0000] {logging_mixin.py:188} INFO - [2024-04-08T08:39:37.331+0000] {dag.py:3834} INFO - Setting next_dagrun for example_xcom_args to None, run_after=None
[2024-04-08T08:39:37.335+0000] {logging_mixin.py:188} INFO - [2024-04-08T08:39:37.335+0000] {dag.py:3834} INFO - Setting next_dagrun for example_xcom_args_with_operators to None, run_after=None
[2024-04-08T08:39:37.358+0000] {processor.py:183} INFO - Processing /home/airflow/.local/lib/python3.8/site-packages/airflow/example_dags/example_xcomargs.py took 0.084 seconds
[2024-04-08T08:40:07.655+0000] {processor.py:161} INFO - Started process (PID=6789) to work on /home/airflow/.local/lib/python3.8/site-packages/airflow/example_dags/example_xcomargs.py
[2024-04-08T08:40:07.656+0000] {processor.py:830} INFO - Processing file /home/airflow/.local/lib/python3.8/site-packages/airflow/example_dags/example_xcomargs.py for tasks to queue
[2024-04-08T08:40:07.657+0000] {logging_mixin.py:188} INFO - [2024-04-08T08:40:07.657+0000] {dagbag.py:540} INFO - Filling up the DagBag from /home/airflow/.local/lib/python3.8/site-packages/airflow/example_dags/example_xcomargs.py
[2024-04-08T08:40:07.667+0000] {processor.py:840} INFO - DAG(s) 'example_xcom_args_with_operators', 'example_xcom_args' retrieved from /home/airflow/.local/lib/python3.8/site-packages/airflow/example_dags/example_xcomargs.py
[2024-04-08T08:40:07.695+0000] {logging_mixin.py:188} INFO - [2024-04-08T08:40:07.695+0000] {dag.py:3047} INFO - Sync 2 DAGs
[2024-04-08T08:40:07.712+0000] {logging_mixin.py:188} INFO - [2024-04-08T08:40:07.711+0000] {dag.py:3834} INFO - Setting next_dagrun for example_xcom_args to None, run_after=None
[2024-04-08T08:40:07.717+0000] {logging_mixin.py:188} INFO - [2024-04-08T08:40:07.717+0000] {dag.py:3834} INFO - Setting next_dagrun for example_xcom_args_with_operators to None, run_after=None
[2024-04-08T08:40:07.744+0000] {processor.py:183} INFO - Processing /home/airflow/.local/lib/python3.8/site-packages/airflow/example_dags/example_xcomargs.py took 0.092 seconds
[2024-04-08T08:40:37.989+0000] {processor.py:161} INFO - Started process (PID=7046) to work on /home/airflow/.local/lib/python3.8/site-packages/airflow/example_dags/example_xcomargs.py
[2024-04-08T08:40:37.991+0000] {processor.py:830} INFO - Processing file /home/airflow/.local/lib/python3.8/site-packages/airflow/example_dags/example_xcomargs.py for tasks to queue
[2024-04-08T08:40:37.992+0000] {logging_mixin.py:188} INFO - [2024-04-08T08:40:37.992+0000] {dagbag.py:540} INFO - Filling up the DagBag from /home/airflow/.local/lib/python3.8/site-packages/airflow/example_dags/example_xcomargs.py
[2024-04-08T08:40:38.001+0000] {processor.py:840} INFO - DAG(s) 'example_xcom_args', 'example_xcom_args_with_operators' retrieved from /home/airflow/.local/lib/python3.8/site-packages/airflow/example_dags/example_xcomargs.py
[2024-04-08T08:40:38.030+0000] {logging_mixin.py:188} INFO - [2024-04-08T08:40:38.030+0000] {dag.py:3047} INFO - Sync 2 DAGs
[2024-04-08T08:40:38.046+0000] {logging_mixin.py:188} INFO - [2024-04-08T08:40:38.045+0000] {dag.py:3834} INFO - Setting next_dagrun for example_xcom_args to None, run_after=None
[2024-04-08T08:40:38.050+0000] {logging_mixin.py:188} INFO - [2024-04-08T08:40:38.050+0000] {dag.py:3834} INFO - Setting next_dagrun for example_xcom_args_with_operators to None, run_after=None
[2024-04-08T08:40:38.076+0000] {processor.py:183} INFO - Processing /home/airflow/.local/lib/python3.8/site-packages/airflow/example_dags/example_xcomargs.py took 0.091 seconds
[2024-04-08T08:41:08.726+0000] {processor.py:161} INFO - Started process (PID=7309) to work on /home/airflow/.local/lib/python3.8/site-packages/airflow/example_dags/example_xcomargs.py
[2024-04-08T08:41:08.727+0000] {processor.py:830} INFO - Processing file /home/airflow/.local/lib/python3.8/site-packages/airflow/example_dags/example_xcomargs.py for tasks to queue
[2024-04-08T08:41:08.728+0000] {logging_mixin.py:188} INFO - [2024-04-08T08:41:08.728+0000] {dagbag.py:540} INFO - Filling up the DagBag from /home/airflow/.local/lib/python3.8/site-packages/airflow/example_dags/example_xcomargs.py
[2024-04-08T08:41:08.737+0000] {processor.py:840} INFO - DAG(s) 'example_xcom_args_with_operators', 'example_xcom_args' retrieved from /home/airflow/.local/lib/python3.8/site-packages/airflow/example_dags/example_xcomargs.py
[2024-04-08T08:41:08.764+0000] {logging_mixin.py:188} INFO - [2024-04-08T08:41:08.764+0000] {dag.py:3047} INFO - Sync 2 DAGs
[2024-04-08T08:41:08.778+0000] {logging_mixin.py:188} INFO - [2024-04-08T08:41:08.778+0000] {dag.py:3834} INFO - Setting next_dagrun for example_xcom_args to None, run_after=None
[2024-04-08T08:41:08.782+0000] {logging_mixin.py:188} INFO - [2024-04-08T08:41:08.781+0000] {dag.py:3834} INFO - Setting next_dagrun for example_xcom_args_with_operators to None, run_after=None
[2024-04-08T08:41:08.803+0000] {processor.py:183} INFO - Processing /home/airflow/.local/lib/python3.8/site-packages/airflow/example_dags/example_xcomargs.py took 0.081 seconds
[2024-04-08T08:41:39.016+0000] {processor.py:161} INFO - Started process (PID=7566) to work on /home/airflow/.local/lib/python3.8/site-packages/airflow/example_dags/example_xcomargs.py
[2024-04-08T08:41:39.018+0000] {processor.py:830} INFO - Processing file /home/airflow/.local/lib/python3.8/site-packages/airflow/example_dags/example_xcomargs.py for tasks to queue
[2024-04-08T08:41:39.019+0000] {logging_mixin.py:188} INFO - [2024-04-08T08:41:39.018+0000] {dagbag.py:540} INFO - Filling up the DagBag from /home/airflow/.local/lib/python3.8/site-packages/airflow/example_dags/example_xcomargs.py
[2024-04-08T08:41:39.027+0000] {processor.py:840} INFO - DAG(s) 'example_xcom_args_with_operators', 'example_xcom_args' retrieved from /home/airflow/.local/lib/python3.8/site-packages/airflow/example_dags/example_xcomargs.py
[2024-04-08T08:41:39.054+0000] {logging_mixin.py:188} INFO - [2024-04-08T08:41:39.054+0000] {dag.py:3047} INFO - Sync 2 DAGs
[2024-04-08T08:41:39.071+0000] {logging_mixin.py:188} INFO - [2024-04-08T08:41:39.071+0000] {dag.py:3834} INFO - Setting next_dagrun for example_xcom_args to None, run_after=None
[2024-04-08T08:41:39.076+0000] {logging_mixin.py:188} INFO - [2024-04-08T08:41:39.076+0000] {dag.py:3834} INFO - Setting next_dagrun for example_xcom_args_with_operators to None, run_after=None
[2024-04-08T08:41:39.102+0000] {processor.py:183} INFO - Processing /home/airflow/.local/lib/python3.8/site-packages/airflow/example_dags/example_xcomargs.py took 0.090 seconds
[2024-04-08T08:42:09.384+0000] {processor.py:161} INFO - Started process (PID=7823) to work on /home/airflow/.local/lib/python3.8/site-packages/airflow/example_dags/example_xcomargs.py
[2024-04-08T08:42:09.385+0000] {processor.py:830} INFO - Processing file /home/airflow/.local/lib/python3.8/site-packages/airflow/example_dags/example_xcomargs.py for tasks to queue
[2024-04-08T08:42:09.386+0000] {logging_mixin.py:188} INFO - [2024-04-08T08:42:09.385+0000] {dagbag.py:540} INFO - Filling up the DagBag from /home/airflow/.local/lib/python3.8/site-packages/airflow/example_dags/example_xcomargs.py
[2024-04-08T08:42:09.394+0000] {processor.py:840} INFO - DAG(s) 'example_xcom_args_with_operators', 'example_xcom_args' retrieved from /home/airflow/.local/lib/python3.8/site-packages/airflow/example_dags/example_xcomargs.py
[2024-04-08T08:42:09.420+0000] {logging_mixin.py:188} INFO - [2024-04-08T08:42:09.420+0000] {dag.py:3047} INFO - Sync 2 DAGs
[2024-04-08T08:42:09.436+0000] {logging_mixin.py:188} INFO - [2024-04-08T08:42:09.435+0000] {dag.py:3834} INFO - Setting next_dagrun for example_xcom_args to None, run_after=None
[2024-04-08T08:42:09.440+0000] {logging_mixin.py:188} INFO - [2024-04-08T08:42:09.440+0000] {dag.py:3834} INFO - Setting next_dagrun for example_xcom_args_with_operators to None, run_after=None
[2024-04-08T08:42:09.461+0000] {processor.py:183} INFO - Processing /home/airflow/.local/lib/python3.8/site-packages/airflow/example_dags/example_xcomargs.py took 0.082 seconds
[2024-04-08T08:42:39.724+0000] {processor.py:161} INFO - Started process (PID=8080) to work on /home/airflow/.local/lib/python3.8/site-packages/airflow/example_dags/example_xcomargs.py
[2024-04-08T08:42:39.725+0000] {processor.py:830} INFO - Processing file /home/airflow/.local/lib/python3.8/site-packages/airflow/example_dags/example_xcomargs.py for tasks to queue
[2024-04-08T08:42:39.726+0000] {logging_mixin.py:188} INFO - [2024-04-08T08:42:39.726+0000] {dagbag.py:540} INFO - Filling up the DagBag from /home/airflow/.local/lib/python3.8/site-packages/airflow/example_dags/example_xcomargs.py
[2024-04-08T08:42:39.737+0000] {processor.py:840} INFO - DAG(s) 'example_xcom_args', 'example_xcom_args_with_operators' retrieved from /home/airflow/.local/lib/python3.8/site-packages/airflow/example_dags/example_xcomargs.py
[2024-04-08T08:42:39.763+0000] {logging_mixin.py:188} INFO - [2024-04-08T08:42:39.763+0000] {dag.py:3047} INFO - Sync 2 DAGs
[2024-04-08T08:42:39.778+0000] {logging_mixin.py:188} INFO - [2024-04-08T08:42:39.778+0000] {dag.py:3834} INFO - Setting next_dagrun for example_xcom_args to None, run_after=None
[2024-04-08T08:42:39.783+0000] {logging_mixin.py:188} INFO - [2024-04-08T08:42:39.783+0000] {dag.py:3834} INFO - Setting next_dagrun for example_xcom_args_with_operators to None, run_after=None
[2024-04-08T08:42:39.805+0000] {processor.py:183} INFO - Processing /home/airflow/.local/lib/python3.8/site-packages/airflow/example_dags/example_xcomargs.py took 0.085 seconds
[2024-04-08T08:43:10.280+0000] {processor.py:161} INFO - Started process (PID=8337) to work on /home/airflow/.local/lib/python3.8/site-packages/airflow/example_dags/example_xcomargs.py
[2024-04-08T08:43:10.281+0000] {processor.py:830} INFO - Processing file /home/airflow/.local/lib/python3.8/site-packages/airflow/example_dags/example_xcomargs.py for tasks to queue
[2024-04-08T08:43:10.282+0000] {logging_mixin.py:188} INFO - [2024-04-08T08:43:10.281+0000] {dagbag.py:540} INFO - Filling up the DagBag from /home/airflow/.local/lib/python3.8/site-packages/airflow/example_dags/example_xcomargs.py
[2024-04-08T08:43:10.291+0000] {processor.py:840} INFO - DAG(s) 'example_xcom_args', 'example_xcom_args_with_operators' retrieved from /home/airflow/.local/lib/python3.8/site-packages/airflow/example_dags/example_xcomargs.py
[2024-04-08T08:43:10.317+0000] {logging_mixin.py:188} INFO - [2024-04-08T08:43:10.317+0000] {dag.py:3047} INFO - Sync 2 DAGs
[2024-04-08T08:43:10.335+0000] {logging_mixin.py:188} INFO - [2024-04-08T08:43:10.335+0000] {dag.py:3834} INFO - Setting next_dagrun for example_xcom_args to None, run_after=None
[2024-04-08T08:43:10.339+0000] {logging_mixin.py:188} INFO - [2024-04-08T08:43:10.339+0000] {dag.py:3834} INFO - Setting next_dagrun for example_xcom_args_with_operators to None, run_after=None
[2024-04-08T08:43:10.368+0000] {processor.py:183} INFO - Processing /home/airflow/.local/lib/python3.8/site-packages/airflow/example_dags/example_xcomargs.py took 0.092 seconds
[2024-04-08T08:43:40.747+0000] {processor.py:161} INFO - Started process (PID=8596) to work on /home/airflow/.local/lib/python3.8/site-packages/airflow/example_dags/example_xcomargs.py
[2024-04-08T08:43:40.747+0000] {processor.py:830} INFO - Processing file /home/airflow/.local/lib/python3.8/site-packages/airflow/example_dags/example_xcomargs.py for tasks to queue
[2024-04-08T08:43:40.748+0000] {logging_mixin.py:188} INFO - [2024-04-08T08:43:40.748+0000] {dagbag.py:540} INFO - Filling up the DagBag from /home/airflow/.local/lib/python3.8/site-packages/airflow/example_dags/example_xcomargs.py
[2024-04-08T08:43:40.756+0000] {processor.py:840} INFO - DAG(s) 'example_xcom_args_with_operators', 'example_xcom_args' retrieved from /home/airflow/.local/lib/python3.8/site-packages/airflow/example_dags/example_xcomargs.py
[2024-04-08T08:43:40.776+0000] {logging_mixin.py:188} INFO - [2024-04-08T08:43:40.776+0000] {dag.py:3047} INFO - Sync 2 DAGs
[2024-04-08T08:43:40.787+0000] {logging_mixin.py:188} INFO - [2024-04-08T08:43:40.786+0000] {dag.py:3834} INFO - Setting next_dagrun for example_xcom_args to None, run_after=None
[2024-04-08T08:43:40.790+0000] {logging_mixin.py:188} INFO - [2024-04-08T08:43:40.789+0000] {dag.py:3834} INFO - Setting next_dagrun for example_xcom_args_with_operators to None, run_after=None
[2024-04-08T08:43:40.808+0000] {processor.py:183} INFO - Processing /home/airflow/.local/lib/python3.8/site-packages/airflow/example_dags/example_xcomargs.py took 0.064 seconds
[2024-04-08T08:44:11.470+0000] {processor.py:161} INFO - Started process (PID=8852) to work on /home/airflow/.local/lib/python3.8/site-packages/airflow/example_dags/example_xcomargs.py
[2024-04-08T08:44:11.471+0000] {processor.py:830} INFO - Processing file /home/airflow/.local/lib/python3.8/site-packages/airflow/example_dags/example_xcomargs.py for tasks to queue
[2024-04-08T08:44:11.472+0000] {logging_mixin.py:188} INFO - [2024-04-08T08:44:11.472+0000] {dagbag.py:540} INFO - Filling up the DagBag from /home/airflow/.local/lib/python3.8/site-packages/airflow/example_dags/example_xcomargs.py
[2024-04-08T08:44:11.481+0000] {processor.py:840} INFO - DAG(s) 'example_xcom_args', 'example_xcom_args_with_operators' retrieved from /home/airflow/.local/lib/python3.8/site-packages/airflow/example_dags/example_xcomargs.py
[2024-04-08T08:44:11.508+0000] {logging_mixin.py:188} INFO - [2024-04-08T08:44:11.508+0000] {dag.py:3047} INFO - Sync 2 DAGs
[2024-04-08T08:44:11.525+0000] {logging_mixin.py:188} INFO - [2024-04-08T08:44:11.525+0000] {dag.py:3834} INFO - Setting next_dagrun for example_xcom_args to None, run_after=None
[2024-04-08T08:44:11.529+0000] {logging_mixin.py:188} INFO - [2024-04-08T08:44:11.529+0000] {dag.py:3834} INFO - Setting next_dagrun for example_xcom_args_with_operators to None, run_after=None
[2024-04-08T08:44:11.551+0000] {processor.py:183} INFO - Processing /home/airflow/.local/lib/python3.8/site-packages/airflow/example_dags/example_xcomargs.py took 0.085 seconds
[2024-04-08T08:44:41.811+0000] {processor.py:161} INFO - Started process (PID=9111) to work on /home/airflow/.local/lib/python3.8/site-packages/airflow/example_dags/example_xcomargs.py
[2024-04-08T08:44:41.812+0000] {processor.py:830} INFO - Processing file /home/airflow/.local/lib/python3.8/site-packages/airflow/example_dags/example_xcomargs.py for tasks to queue
[2024-04-08T08:44:41.813+0000] {logging_mixin.py:188} INFO - [2024-04-08T08:44:41.813+0000] {dagbag.py:540} INFO - Filling up the DagBag from /home/airflow/.local/lib/python3.8/site-packages/airflow/example_dags/example_xcomargs.py
[2024-04-08T08:44:41.822+0000] {processor.py:840} INFO - DAG(s) 'example_xcom_args', 'example_xcom_args_with_operators' retrieved from /home/airflow/.local/lib/python3.8/site-packages/airflow/example_dags/example_xcomargs.py
[2024-04-08T08:44:41.849+0000] {logging_mixin.py:188} INFO - [2024-04-08T08:44:41.849+0000] {dag.py:3047} INFO - Sync 2 DAGs
[2024-04-08T08:44:41.866+0000] {logging_mixin.py:188} INFO - [2024-04-08T08:44:41.866+0000] {dag.py:3834} INFO - Setting next_dagrun for example_xcom_args to None, run_after=None
[2024-04-08T08:44:41.871+0000] {logging_mixin.py:188} INFO - [2024-04-08T08:44:41.870+0000] {dag.py:3834} INFO - Setting next_dagrun for example_xcom_args_with_operators to None, run_after=None
[2024-04-08T08:44:41.895+0000] {processor.py:183} INFO - Processing /home/airflow/.local/lib/python3.8/site-packages/airflow/example_dags/example_xcomargs.py took 0.087 seconds
[2024-04-08T08:45:12.196+0000] {processor.py:161} INFO - Started process (PID=9369) to work on /home/airflow/.local/lib/python3.8/site-packages/airflow/example_dags/example_xcomargs.py
[2024-04-08T08:45:12.197+0000] {processor.py:830} INFO - Processing file /home/airflow/.local/lib/python3.8/site-packages/airflow/example_dags/example_xcomargs.py for tasks to queue
[2024-04-08T08:45:12.197+0000] {logging_mixin.py:188} INFO - [2024-04-08T08:45:12.197+0000] {dagbag.py:540} INFO - Filling up the DagBag from /home/airflow/.local/lib/python3.8/site-packages/airflow/example_dags/example_xcomargs.py
[2024-04-08T08:45:12.205+0000] {processor.py:840} INFO - DAG(s) 'example_xcom_args_with_operators', 'example_xcom_args' retrieved from /home/airflow/.local/lib/python3.8/site-packages/airflow/example_dags/example_xcomargs.py
[2024-04-08T08:45:12.232+0000] {logging_mixin.py:188} INFO - [2024-04-08T08:45:12.231+0000] {dag.py:3047} INFO - Sync 2 DAGs
[2024-04-08T08:45:12.246+0000] {logging_mixin.py:188} INFO - [2024-04-08T08:45:12.246+0000] {dag.py:3834} INFO - Setting next_dagrun for example_xcom_args to None, run_after=None
[2024-04-08T08:45:12.250+0000] {logging_mixin.py:188} INFO - [2024-04-08T08:45:12.250+0000] {dag.py:3834} INFO - Setting next_dagrun for example_xcom_args_with_operators to None, run_after=None
[2024-04-08T08:45:12.273+0000] {processor.py:183} INFO - Processing /home/airflow/.local/lib/python3.8/site-packages/airflow/example_dags/example_xcomargs.py took 0.080 seconds
[2024-04-08T08:45:42.499+0000] {processor.py:161} INFO - Started process (PID=9626) to work on /home/airflow/.local/lib/python3.8/site-packages/airflow/example_dags/example_xcomargs.py
[2024-04-08T08:45:42.500+0000] {processor.py:830} INFO - Processing file /home/airflow/.local/lib/python3.8/site-packages/airflow/example_dags/example_xcomargs.py for tasks to queue
[2024-04-08T08:45:42.502+0000] {logging_mixin.py:188} INFO - [2024-04-08T08:45:42.501+0000] {dagbag.py:540} INFO - Filling up the DagBag from /home/airflow/.local/lib/python3.8/site-packages/airflow/example_dags/example_xcomargs.py
[2024-04-08T08:45:42.510+0000] {processor.py:840} INFO - DAG(s) 'example_xcom_args', 'example_xcom_args_with_operators' retrieved from /home/airflow/.local/lib/python3.8/site-packages/airflow/example_dags/example_xcomargs.py
[2024-04-08T08:45:42.539+0000] {logging_mixin.py:188} INFO - [2024-04-08T08:45:42.539+0000] {dag.py:3047} INFO - Sync 2 DAGs
[2024-04-08T08:45:42.554+0000] {logging_mixin.py:188} INFO - [2024-04-08T08:45:42.554+0000] {dag.py:3834} INFO - Setting next_dagrun for example_xcom_args to None, run_after=None
[2024-04-08T08:45:42.558+0000] {logging_mixin.py:188} INFO - [2024-04-08T08:45:42.558+0000] {dag.py:3834} INFO - Setting next_dagrun for example_xcom_args_with_operators to None, run_after=None
[2024-04-08T08:45:42.581+0000] {processor.py:183} INFO - Processing /home/airflow/.local/lib/python3.8/site-packages/airflow/example_dags/example_xcomargs.py took 0.085 seconds
[2024-04-08T08:46:12.835+0000] {processor.py:161} INFO - Started process (PID=9883) to work on /home/airflow/.local/lib/python3.8/site-packages/airflow/example_dags/example_xcomargs.py
[2024-04-08T08:46:12.836+0000] {processor.py:830} INFO - Processing file /home/airflow/.local/lib/python3.8/site-packages/airflow/example_dags/example_xcomargs.py for tasks to queue
[2024-04-08T08:46:12.837+0000] {logging_mixin.py:188} INFO - [2024-04-08T08:46:12.836+0000] {dagbag.py:540} INFO - Filling up the DagBag from /home/airflow/.local/lib/python3.8/site-packages/airflow/example_dags/example_xcomargs.py
[2024-04-08T08:46:12.845+0000] {processor.py:840} INFO - DAG(s) 'example_xcom_args', 'example_xcom_args_with_operators' retrieved from /home/airflow/.local/lib/python3.8/site-packages/airflow/example_dags/example_xcomargs.py
[2024-04-08T08:46:12.871+0000] {logging_mixin.py:188} INFO - [2024-04-08T08:46:12.871+0000] {dag.py:3047} INFO - Sync 2 DAGs
[2024-04-08T08:46:12.888+0000] {logging_mixin.py:188} INFO - [2024-04-08T08:46:12.888+0000] {dag.py:3834} INFO - Setting next_dagrun for example_xcom_args to None, run_after=None
[2024-04-08T08:46:12.893+0000] {logging_mixin.py:188} INFO - [2024-04-08T08:46:12.892+0000] {dag.py:3834} INFO - Setting next_dagrun for example_xcom_args_with_operators to None, run_after=None
[2024-04-08T08:46:12.914+0000] {processor.py:183} INFO - Processing /home/airflow/.local/lib/python3.8/site-packages/airflow/example_dags/example_xcomargs.py took 0.083 seconds
[2024-04-08T08:46:43.440+0000] {processor.py:161} INFO - Started process (PID=10140) to work on /home/airflow/.local/lib/python3.8/site-packages/airflow/example_dags/example_xcomargs.py
[2024-04-08T08:46:43.441+0000] {processor.py:830} INFO - Processing file /home/airflow/.local/lib/python3.8/site-packages/airflow/example_dags/example_xcomargs.py for tasks to queue
[2024-04-08T08:46:43.442+0000] {logging_mixin.py:188} INFO - [2024-04-08T08:46:43.441+0000] {dagbag.py:540} INFO - Filling up the DagBag from /home/airflow/.local/lib/python3.8/site-packages/airflow/example_dags/example_xcomargs.py
[2024-04-08T08:46:43.451+0000] {processor.py:840} INFO - DAG(s) 'example_xcom_args_with_operators', 'example_xcom_args' retrieved from /home/airflow/.local/lib/python3.8/site-packages/airflow/example_dags/example_xcomargs.py
[2024-04-08T08:46:43.477+0000] {logging_mixin.py:188} INFO - [2024-04-08T08:46:43.476+0000] {dag.py:3047} INFO - Sync 2 DAGs
[2024-04-08T08:46:43.492+0000] {logging_mixin.py:188} INFO - [2024-04-08T08:46:43.491+0000] {dag.py:3834} INFO - Setting next_dagrun for example_xcom_args to None, run_after=None
[2024-04-08T08:46:43.496+0000] {logging_mixin.py:188} INFO - [2024-04-08T08:46:43.495+0000] {dag.py:3834} INFO - Setting next_dagrun for example_xcom_args_with_operators to None, run_after=None
[2024-04-08T08:46:43.522+0000] {processor.py:183} INFO - Processing /home/airflow/.local/lib/python3.8/site-packages/airflow/example_dags/example_xcomargs.py took 0.086 seconds
[2024-04-08T08:47:14.077+0000] {processor.py:161} INFO - Started process (PID=10397) to work on /home/airflow/.local/lib/python3.8/site-packages/airflow/example_dags/example_xcomargs.py
[2024-04-08T08:47:14.078+0000] {processor.py:830} INFO - Processing file /home/airflow/.local/lib/python3.8/site-packages/airflow/example_dags/example_xcomargs.py for tasks to queue
[2024-04-08T08:47:14.079+0000] {logging_mixin.py:188} INFO - [2024-04-08T08:47:14.078+0000] {dagbag.py:540} INFO - Filling up the DagBag from /home/airflow/.local/lib/python3.8/site-packages/airflow/example_dags/example_xcomargs.py
[2024-04-08T08:47:14.089+0000] {processor.py:840} INFO - DAG(s) 'example_xcom_args', 'example_xcom_args_with_operators' retrieved from /home/airflow/.local/lib/python3.8/site-packages/airflow/example_dags/example_xcomargs.py
[2024-04-08T08:47:14.115+0000] {logging_mixin.py:188} INFO - [2024-04-08T08:47:14.114+0000] {dag.py:3047} INFO - Sync 2 DAGs
[2024-04-08T08:47:14.131+0000] {logging_mixin.py:188} INFO - [2024-04-08T08:47:14.131+0000] {dag.py:3834} INFO - Setting next_dagrun for example_xcom_args to None, run_after=None
[2024-04-08T08:47:14.137+0000] {logging_mixin.py:188} INFO - [2024-04-08T08:47:14.137+0000] {dag.py:3834} INFO - Setting next_dagrun for example_xcom_args_with_operators to None, run_after=None
[2024-04-08T08:47:14.175+0000] {processor.py:183} INFO - Processing /home/airflow/.local/lib/python3.8/site-packages/airflow/example_dags/example_xcomargs.py took 0.102 seconds
[2024-04-08T08:47:44.340+0000] {processor.py:161} INFO - Started process (PID=10654) to work on /home/airflow/.local/lib/python3.8/site-packages/airflow/example_dags/example_xcomargs.py
[2024-04-08T08:47:44.341+0000] {processor.py:830} INFO - Processing file /home/airflow/.local/lib/python3.8/site-packages/airflow/example_dags/example_xcomargs.py for tasks to queue
[2024-04-08T08:47:44.342+0000] {logging_mixin.py:188} INFO - [2024-04-08T08:47:44.341+0000] {dagbag.py:540} INFO - Filling up the DagBag from /home/airflow/.local/lib/python3.8/site-packages/airflow/example_dags/example_xcomargs.py
[2024-04-08T08:47:44.351+0000] {processor.py:840} INFO - DAG(s) 'example_xcom_args_with_operators', 'example_xcom_args' retrieved from /home/airflow/.local/lib/python3.8/site-packages/airflow/example_dags/example_xcomargs.py
[2024-04-08T08:47:44.378+0000] {logging_mixin.py:188} INFO - [2024-04-08T08:47:44.377+0000] {dag.py:3047} INFO - Sync 2 DAGs
[2024-04-08T08:47:44.392+0000] {logging_mixin.py:188} INFO - [2024-04-08T08:47:44.392+0000] {dag.py:3834} INFO - Setting next_dagrun for example_xcom_args to None, run_after=None
[2024-04-08T08:47:44.396+0000] {logging_mixin.py:188} INFO - [2024-04-08T08:47:44.396+0000] {dag.py:3834} INFO - Setting next_dagrun for example_xcom_args_with_operators to None, run_after=None
[2024-04-08T08:47:44.419+0000] {processor.py:183} INFO - Processing /home/airflow/.local/lib/python3.8/site-packages/airflow/example_dags/example_xcomargs.py took 0.081 seconds
[2024-04-08T08:48:15.305+0000] {processor.py:161} INFO - Started process (PID=10911) to work on /home/airflow/.local/lib/python3.8/site-packages/airflow/example_dags/example_xcomargs.py
[2024-04-08T08:48:15.306+0000] {processor.py:830} INFO - Processing file /home/airflow/.local/lib/python3.8/site-packages/airflow/example_dags/example_xcomargs.py for tasks to queue
[2024-04-08T08:48:15.307+0000] {logging_mixin.py:188} INFO - [2024-04-08T08:48:15.307+0000] {dagbag.py:540} INFO - Filling up the DagBag from /home/airflow/.local/lib/python3.8/site-packages/airflow/example_dags/example_xcomargs.py
[2024-04-08T08:48:15.316+0000] {processor.py:840} INFO - DAG(s) 'example_xcom_args_with_operators', 'example_xcom_args' retrieved from /home/airflow/.local/lib/python3.8/site-packages/airflow/example_dags/example_xcomargs.py
[2024-04-08T08:48:15.343+0000] {logging_mixin.py:188} INFO - [2024-04-08T08:48:15.343+0000] {dag.py:3047} INFO - Sync 2 DAGs
[2024-04-08T08:48:15.359+0000] {logging_mixin.py:188} INFO - [2024-04-08T08:48:15.359+0000] {dag.py:3834} INFO - Setting next_dagrun for example_xcom_args to None, run_after=None
[2024-04-08T08:48:15.363+0000] {logging_mixin.py:188} INFO - [2024-04-08T08:48:15.363+0000] {dag.py:3834} INFO - Setting next_dagrun for example_xcom_args_with_operators to None, run_after=None
[2024-04-08T08:48:15.398+0000] {processor.py:183} INFO - Processing /home/airflow/.local/lib/python3.8/site-packages/airflow/example_dags/example_xcomargs.py took 0.097 seconds
[2024-04-08T08:48:45.693+0000] {processor.py:161} INFO - Started process (PID=11168) to work on /home/airflow/.local/lib/python3.8/site-packages/airflow/example_dags/example_xcomargs.py
[2024-04-08T08:48:45.694+0000] {processor.py:830} INFO - Processing file /home/airflow/.local/lib/python3.8/site-packages/airflow/example_dags/example_xcomargs.py for tasks to queue
[2024-04-08T08:48:45.695+0000] {logging_mixin.py:188} INFO - [2024-04-08T08:48:45.695+0000] {dagbag.py:540} INFO - Filling up the DagBag from /home/airflow/.local/lib/python3.8/site-packages/airflow/example_dags/example_xcomargs.py
[2024-04-08T08:48:45.704+0000] {processor.py:840} INFO - DAG(s) 'example_xcom_args', 'example_xcom_args_with_operators' retrieved from /home/airflow/.local/lib/python3.8/site-packages/airflow/example_dags/example_xcomargs.py
[2024-04-08T08:48:45.733+0000] {logging_mixin.py:188} INFO - [2024-04-08T08:48:45.733+0000] {dag.py:3047} INFO - Sync 2 DAGs
[2024-04-08T08:48:45.749+0000] {logging_mixin.py:188} INFO - [2024-04-08T08:48:45.749+0000] {dag.py:3834} INFO - Setting next_dagrun for example_xcom_args to None, run_after=None
[2024-04-08T08:48:45.753+0000] {logging_mixin.py:188} INFO - [2024-04-08T08:48:45.753+0000] {dag.py:3834} INFO - Setting next_dagrun for example_xcom_args_with_operators to None, run_after=None
[2024-04-08T08:48:45.777+0000] {processor.py:183} INFO - Processing /home/airflow/.local/lib/python3.8/site-packages/airflow/example_dags/example_xcomargs.py took 0.087 seconds
[2024-04-08T08:49:16.106+0000] {processor.py:161} INFO - Started process (PID=11425) to work on /home/airflow/.local/lib/python3.8/site-packages/airflow/example_dags/example_xcomargs.py
[2024-04-08T08:49:16.107+0000] {processor.py:830} INFO - Processing file /home/airflow/.local/lib/python3.8/site-packages/airflow/example_dags/example_xcomargs.py for tasks to queue
[2024-04-08T08:49:16.108+0000] {logging_mixin.py:188} INFO - [2024-04-08T08:49:16.108+0000] {dagbag.py:540} INFO - Filling up the DagBag from /home/airflow/.local/lib/python3.8/site-packages/airflow/example_dags/example_xcomargs.py
[2024-04-08T08:49:16.117+0000] {processor.py:840} INFO - DAG(s) 'example_xcom_args', 'example_xcom_args_with_operators' retrieved from /home/airflow/.local/lib/python3.8/site-packages/airflow/example_dags/example_xcomargs.py
[2024-04-08T08:49:16.145+0000] {logging_mixin.py:188} INFO - [2024-04-08T08:49:16.145+0000] {dag.py:3047} INFO - Sync 2 DAGs
[2024-04-08T08:49:16.162+0000] {logging_mixin.py:188} INFO - [2024-04-08T08:49:16.162+0000] {dag.py:3834} INFO - Setting next_dagrun for example_xcom_args to None, run_after=None
[2024-04-08T08:49:16.167+0000] {logging_mixin.py:188} INFO - [2024-04-08T08:49:16.167+0000] {dag.py:3834} INFO - Setting next_dagrun for example_xcom_args_with_operators to None, run_after=None
[2024-04-08T08:49:16.189+0000] {processor.py:183} INFO - Processing /home/airflow/.local/lib/python3.8/site-packages/airflow/example_dags/example_xcomargs.py took 0.086 seconds
[2024-04-08T08:49:46.552+0000] {processor.py:161} INFO - Started process (PID=11683) to work on /home/airflow/.local/lib/python3.8/site-packages/airflow/example_dags/example_xcomargs.py
[2024-04-08T08:49:46.553+0000] {processor.py:830} INFO - Processing file /home/airflow/.local/lib/python3.8/site-packages/airflow/example_dags/example_xcomargs.py for tasks to queue
[2024-04-08T08:49:46.554+0000] {logging_mixin.py:188} INFO - [2024-04-08T08:49:46.554+0000] {dagbag.py:540} INFO - Filling up the DagBag from /home/airflow/.local/lib/python3.8/site-packages/airflow/example_dags/example_xcomargs.py
[2024-04-08T08:49:46.565+0000] {processor.py:840} INFO - DAG(s) 'example_xcom_args_with_operators', 'example_xcom_args' retrieved from /home/airflow/.local/lib/python3.8/site-packages/airflow/example_dags/example_xcomargs.py
[2024-04-08T08:49:46.593+0000] {logging_mixin.py:188} INFO - [2024-04-08T08:49:46.592+0000] {dag.py:3047} INFO - Sync 2 DAGs
[2024-04-08T08:49:46.608+0000] {logging_mixin.py:188} INFO - [2024-04-08T08:49:46.608+0000] {dag.py:3834} INFO - Setting next_dagrun for example_xcom_args to None, run_after=None
[2024-04-08T08:49:46.612+0000] {logging_mixin.py:188} INFO - [2024-04-08T08:49:46.612+0000] {dag.py:3834} INFO - Setting next_dagrun for example_xcom_args_with_operators to None, run_after=None
[2024-04-08T08:49:46.636+0000] {processor.py:183} INFO - Processing /home/airflow/.local/lib/python3.8/site-packages/airflow/example_dags/example_xcomargs.py took 0.087 seconds
[2024-04-08T08:50:17.133+0000] {processor.py:161} INFO - Started process (PID=11939) to work on /home/airflow/.local/lib/python3.8/site-packages/airflow/example_dags/example_xcomargs.py
[2024-04-08T08:50:17.134+0000] {processor.py:830} INFO - Processing file /home/airflow/.local/lib/python3.8/site-packages/airflow/example_dags/example_xcomargs.py for tasks to queue
[2024-04-08T08:50:17.135+0000] {logging_mixin.py:188} INFO - [2024-04-08T08:50:17.135+0000] {dagbag.py:540} INFO - Filling up the DagBag from /home/airflow/.local/lib/python3.8/site-packages/airflow/example_dags/example_xcomargs.py
[2024-04-08T08:50:17.145+0000] {processor.py:840} INFO - DAG(s) 'example_xcom_args_with_operators', 'example_xcom_args' retrieved from /home/airflow/.local/lib/python3.8/site-packages/airflow/example_dags/example_xcomargs.py
[2024-04-08T08:50:17.172+0000] {logging_mixin.py:188} INFO - [2024-04-08T08:50:17.172+0000] {dag.py:3047} INFO - Sync 2 DAGs
[2024-04-08T08:50:17.189+0000] {logging_mixin.py:188} INFO - [2024-04-08T08:50:17.188+0000] {dag.py:3834} INFO - Setting next_dagrun for example_xcom_args to None, run_after=None
[2024-04-08T08:50:17.193+0000] {logging_mixin.py:188} INFO - [2024-04-08T08:50:17.193+0000] {dag.py:3834} INFO - Setting next_dagrun for example_xcom_args_with_operators to None, run_after=None
[2024-04-08T08:50:17.216+0000] {processor.py:183} INFO - Processing /home/airflow/.local/lib/python3.8/site-packages/airflow/example_dags/example_xcomargs.py took 0.086 seconds
[2024-04-08T08:50:47.462+0000] {processor.py:161} INFO - Started process (PID=12197) to work on /home/airflow/.local/lib/python3.8/site-packages/airflow/example_dags/example_xcomargs.py
[2024-04-08T08:50:47.463+0000] {processor.py:830} INFO - Processing file /home/airflow/.local/lib/python3.8/site-packages/airflow/example_dags/example_xcomargs.py for tasks to queue
[2024-04-08T08:50:47.464+0000] {logging_mixin.py:188} INFO - [2024-04-08T08:50:47.463+0000] {dagbag.py:540} INFO - Filling up the DagBag from /home/airflow/.local/lib/python3.8/site-packages/airflow/example_dags/example_xcomargs.py
[2024-04-08T08:50:47.472+0000] {processor.py:840} INFO - DAG(s) 'example_xcom_args_with_operators', 'example_xcom_args' retrieved from /home/airflow/.local/lib/python3.8/site-packages/airflow/example_dags/example_xcomargs.py
[2024-04-08T08:50:47.514+0000] {logging_mixin.py:188} INFO - [2024-04-08T08:50:47.514+0000] {dag.py:3047} INFO - Sync 2 DAGs
[2024-04-08T08:50:47.550+0000] {logging_mixin.py:188} INFO - [2024-04-08T08:50:47.550+0000] {dag.py:3834} INFO - Setting next_dagrun for example_xcom_args to None, run_after=None
[2024-04-08T08:50:47.559+0000] {logging_mixin.py:188} INFO - [2024-04-08T08:50:47.558+0000] {dag.py:3834} INFO - Setting next_dagrun for example_xcom_args_with_operators to None, run_after=None
[2024-04-08T08:50:47.589+0000] {processor.py:183} INFO - Processing /home/airflow/.local/lib/python3.8/site-packages/airflow/example_dags/example_xcomargs.py took 0.130 seconds
[2024-04-08T08:51:18.000+0000] {processor.py:161} INFO - Started process (PID=12455) to work on /home/airflow/.local/lib/python3.8/site-packages/airflow/example_dags/example_xcomargs.py
[2024-04-08T08:51:18.002+0000] {processor.py:830} INFO - Processing file /home/airflow/.local/lib/python3.8/site-packages/airflow/example_dags/example_xcomargs.py for tasks to queue
[2024-04-08T08:51:18.003+0000] {logging_mixin.py:188} INFO - [2024-04-08T08:51:18.003+0000] {dagbag.py:540} INFO - Filling up the DagBag from /home/airflow/.local/lib/python3.8/site-packages/airflow/example_dags/example_xcomargs.py
[2024-04-08T08:51:18.013+0000] {processor.py:840} INFO - DAG(s) 'example_xcom_args_with_operators', 'example_xcom_args' retrieved from /home/airflow/.local/lib/python3.8/site-packages/airflow/example_dags/example_xcomargs.py
[2024-04-08T08:51:18.038+0000] {logging_mixin.py:188} INFO - [2024-04-08T08:51:18.038+0000] {dag.py:3047} INFO - Sync 2 DAGs
[2024-04-08T08:51:18.056+0000] {logging_mixin.py:188} INFO - [2024-04-08T08:51:18.056+0000] {dag.py:3834} INFO - Setting next_dagrun for example_xcom_args to None, run_after=None
[2024-04-08T08:51:18.062+0000] {logging_mixin.py:188} INFO - [2024-04-08T08:51:18.062+0000] {dag.py:3834} INFO - Setting next_dagrun for example_xcom_args_with_operators to None, run_after=None
[2024-04-08T08:51:18.101+0000] {processor.py:183} INFO - Processing /home/airflow/.local/lib/python3.8/site-packages/airflow/example_dags/example_xcomargs.py took 0.105 seconds
[2024-04-08T08:51:48.363+0000] {processor.py:161} INFO - Started process (PID=12712) to work on /home/airflow/.local/lib/python3.8/site-packages/airflow/example_dags/example_xcomargs.py
[2024-04-08T08:51:48.364+0000] {processor.py:830} INFO - Processing file /home/airflow/.local/lib/python3.8/site-packages/airflow/example_dags/example_xcomargs.py for tasks to queue
[2024-04-08T08:51:48.365+0000] {logging_mixin.py:188} INFO - [2024-04-08T08:51:48.364+0000] {dagbag.py:540} INFO - Filling up the DagBag from /home/airflow/.local/lib/python3.8/site-packages/airflow/example_dags/example_xcomargs.py
[2024-04-08T08:51:48.374+0000] {processor.py:840} INFO - DAG(s) 'example_xcom_args_with_operators', 'example_xcom_args' retrieved from /home/airflow/.local/lib/python3.8/site-packages/airflow/example_dags/example_xcomargs.py
[2024-04-08T08:51:48.399+0000] {logging_mixin.py:188} INFO - [2024-04-08T08:51:48.399+0000] {dag.py:3047} INFO - Sync 2 DAGs
[2024-04-08T08:51:48.415+0000] {logging_mixin.py:188} INFO - [2024-04-08T08:51:48.415+0000] {dag.py:3834} INFO - Setting next_dagrun for example_xcom_args to None, run_after=None
[2024-04-08T08:51:48.420+0000] {logging_mixin.py:188} INFO - [2024-04-08T08:51:48.420+0000] {dag.py:3834} INFO - Setting next_dagrun for example_xcom_args_with_operators to None, run_after=None
[2024-04-08T08:51:48.443+0000] {processor.py:183} INFO - Processing /home/airflow/.local/lib/python3.8/site-packages/airflow/example_dags/example_xcomargs.py took 0.083 seconds
[2024-04-08T08:52:19.037+0000] {processor.py:161} INFO - Started process (PID=12969) to work on /home/airflow/.local/lib/python3.8/site-packages/airflow/example_dags/example_xcomargs.py
[2024-04-08T08:52:19.038+0000] {processor.py:830} INFO - Processing file /home/airflow/.local/lib/python3.8/site-packages/airflow/example_dags/example_xcomargs.py for tasks to queue
[2024-04-08T08:52:19.039+0000] {logging_mixin.py:188} INFO - [2024-04-08T08:52:19.039+0000] {dagbag.py:540} INFO - Filling up the DagBag from /home/airflow/.local/lib/python3.8/site-packages/airflow/example_dags/example_xcomargs.py
[2024-04-08T08:52:19.048+0000] {processor.py:840} INFO - DAG(s) 'example_xcom_args', 'example_xcom_args_with_operators' retrieved from /home/airflow/.local/lib/python3.8/site-packages/airflow/example_dags/example_xcomargs.py
[2024-04-08T08:52:19.073+0000] {logging_mixin.py:188} INFO - [2024-04-08T08:52:19.073+0000] {dag.py:3047} INFO - Sync 2 DAGs
[2024-04-08T08:52:19.089+0000] {logging_mixin.py:188} INFO - [2024-04-08T08:52:19.089+0000] {dag.py:3834} INFO - Setting next_dagrun for example_xcom_args to None, run_after=None
[2024-04-08T08:52:19.093+0000] {logging_mixin.py:188} INFO - [2024-04-08T08:52:19.093+0000] {dag.py:3834} INFO - Setting next_dagrun for example_xcom_args_with_operators to None, run_after=None
[2024-04-08T08:52:19.114+0000] {processor.py:183} INFO - Processing /home/airflow/.local/lib/python3.8/site-packages/airflow/example_dags/example_xcomargs.py took 0.080 seconds
[2024-04-08T08:52:49.629+0000] {processor.py:161} INFO - Started process (PID=13226) to work on /home/airflow/.local/lib/python3.8/site-packages/airflow/example_dags/example_xcomargs.py
[2024-04-08T08:52:49.630+0000] {processor.py:830} INFO - Processing file /home/airflow/.local/lib/python3.8/site-packages/airflow/example_dags/example_xcomargs.py for tasks to queue
[2024-04-08T08:52:49.631+0000] {logging_mixin.py:188} INFO - [2024-04-08T08:52:49.630+0000] {dagbag.py:540} INFO - Filling up the DagBag from /home/airflow/.local/lib/python3.8/site-packages/airflow/example_dags/example_xcomargs.py
[2024-04-08T08:52:49.639+0000] {processor.py:840} INFO - DAG(s) 'example_xcom_args_with_operators', 'example_xcom_args' retrieved from /home/airflow/.local/lib/python3.8/site-packages/airflow/example_dags/example_xcomargs.py
[2024-04-08T08:52:49.666+0000] {logging_mixin.py:188} INFO - [2024-04-08T08:52:49.666+0000] {dag.py:3047} INFO - Sync 2 DAGs
[2024-04-08T08:52:49.682+0000] {logging_mixin.py:188} INFO - [2024-04-08T08:52:49.682+0000] {dag.py:3834} INFO - Setting next_dagrun for example_xcom_args to None, run_after=None
[2024-04-08T08:52:49.686+0000] {logging_mixin.py:188} INFO - [2024-04-08T08:52:49.686+0000] {dag.py:3834} INFO - Setting next_dagrun for example_xcom_args_with_operators to None, run_after=None
[2024-04-08T08:52:49.709+0000] {processor.py:183} INFO - Processing /home/airflow/.local/lib/python3.8/site-packages/airflow/example_dags/example_xcomargs.py took 0.083 seconds
[2024-04-08T08:53:19.884+0000] {processor.py:161} INFO - Started process (PID=13483) to work on /home/airflow/.local/lib/python3.8/site-packages/airflow/example_dags/example_xcomargs.py
[2024-04-08T08:53:19.885+0000] {processor.py:830} INFO - Processing file /home/airflow/.local/lib/python3.8/site-packages/airflow/example_dags/example_xcomargs.py for tasks to queue
[2024-04-08T08:53:19.886+0000] {logging_mixin.py:188} INFO - [2024-04-08T08:53:19.886+0000] {dagbag.py:540} INFO - Filling up the DagBag from /home/airflow/.local/lib/python3.8/site-packages/airflow/example_dags/example_xcomargs.py
[2024-04-08T08:53:19.895+0000] {processor.py:840} INFO - DAG(s) 'example_xcom_args_with_operators', 'example_xcom_args' retrieved from /home/airflow/.local/lib/python3.8/site-packages/airflow/example_dags/example_xcomargs.py
[2024-04-08T08:53:19.923+0000] {logging_mixin.py:188} INFO - [2024-04-08T08:53:19.923+0000] {dag.py:3047} INFO - Sync 2 DAGs
[2024-04-08T08:53:19.938+0000] {logging_mixin.py:188} INFO - [2024-04-08T08:53:19.938+0000] {dag.py:3834} INFO - Setting next_dagrun for example_xcom_args to None, run_after=None
[2024-04-08T08:53:19.943+0000] {logging_mixin.py:188} INFO - [2024-04-08T08:53:19.942+0000] {dag.py:3834} INFO - Setting next_dagrun for example_xcom_args_with_operators to None, run_after=None
[2024-04-08T08:53:19.965+0000] {processor.py:183} INFO - Processing /home/airflow/.local/lib/python3.8/site-packages/airflow/example_dags/example_xcomargs.py took 0.084 seconds
[2024-04-08T08:53:50.497+0000] {processor.py:161} INFO - Started process (PID=13742) to work on /home/airflow/.local/lib/python3.8/site-packages/airflow/example_dags/example_xcomargs.py
[2024-04-08T08:53:50.498+0000] {processor.py:830} INFO - Processing file /home/airflow/.local/lib/python3.8/site-packages/airflow/example_dags/example_xcomargs.py for tasks to queue
[2024-04-08T08:53:50.499+0000] {logging_mixin.py:188} INFO - [2024-04-08T08:53:50.498+0000] {dagbag.py:540} INFO - Filling up the DagBag from /home/airflow/.local/lib/python3.8/site-packages/airflow/example_dags/example_xcomargs.py
[2024-04-08T08:53:50.508+0000] {processor.py:840} INFO - DAG(s) 'example_xcom_args_with_operators', 'example_xcom_args' retrieved from /home/airflow/.local/lib/python3.8/site-packages/airflow/example_dags/example_xcomargs.py
[2024-04-08T08:53:50.538+0000] {logging_mixin.py:188} INFO - [2024-04-08T08:53:50.538+0000] {dag.py:3047} INFO - Sync 2 DAGs
[2024-04-08T08:53:50.554+0000] {logging_mixin.py:188} INFO - [2024-04-08T08:53:50.553+0000] {dag.py:3834} INFO - Setting next_dagrun for example_xcom_args to None, run_after=None
[2024-04-08T08:53:50.557+0000] {logging_mixin.py:188} INFO - [2024-04-08T08:53:50.557+0000] {dag.py:3834} INFO - Setting next_dagrun for example_xcom_args_with_operators to None, run_after=None
[2024-04-08T08:53:50.580+0000] {processor.py:183} INFO - Processing /home/airflow/.local/lib/python3.8/site-packages/airflow/example_dags/example_xcomargs.py took 0.086 seconds
[2024-04-08T08:54:20.790+0000] {processor.py:161} INFO - Started process (PID=13998) to work on /home/airflow/.local/lib/python3.8/site-packages/airflow/example_dags/example_xcomargs.py
[2024-04-08T08:54:20.791+0000] {processor.py:830} INFO - Processing file /home/airflow/.local/lib/python3.8/site-packages/airflow/example_dags/example_xcomargs.py for tasks to queue
[2024-04-08T08:54:20.792+0000] {logging_mixin.py:188} INFO - [2024-04-08T08:54:20.792+0000] {dagbag.py:540} INFO - Filling up the DagBag from /home/airflow/.local/lib/python3.8/site-packages/airflow/example_dags/example_xcomargs.py
[2024-04-08T08:54:20.802+0000] {processor.py:840} INFO - DAG(s) 'example_xcom_args', 'example_xcom_args_with_operators' retrieved from /home/airflow/.local/lib/python3.8/site-packages/airflow/example_dags/example_xcomargs.py
[2024-04-08T08:54:20.832+0000] {logging_mixin.py:188} INFO - [2024-04-08T08:54:20.832+0000] {dag.py:3047} INFO - Sync 2 DAGs
[2024-04-08T08:54:20.847+0000] {logging_mixin.py:188} INFO - [2024-04-08T08:54:20.846+0000] {dag.py:3834} INFO - Setting next_dagrun for example_xcom_args to None, run_after=None
[2024-04-08T08:54:20.851+0000] {logging_mixin.py:188} INFO - [2024-04-08T08:54:20.851+0000] {dag.py:3834} INFO - Setting next_dagrun for example_xcom_args_with_operators to None, run_after=None
[2024-04-08T08:54:20.873+0000] {processor.py:183} INFO - Processing /home/airflow/.local/lib/python3.8/site-packages/airflow/example_dags/example_xcomargs.py took 0.086 seconds
[2024-04-08T08:54:51.184+0000] {processor.py:161} INFO - Started process (PID=14256) to work on /home/airflow/.local/lib/python3.8/site-packages/airflow/example_dags/example_xcomargs.py
[2024-04-08T08:54:51.185+0000] {processor.py:830} INFO - Processing file /home/airflow/.local/lib/python3.8/site-packages/airflow/example_dags/example_xcomargs.py for tasks to queue
[2024-04-08T08:54:51.186+0000] {logging_mixin.py:188} INFO - [2024-04-08T08:54:51.186+0000] {dagbag.py:540} INFO - Filling up the DagBag from /home/airflow/.local/lib/python3.8/site-packages/airflow/example_dags/example_xcomargs.py
[2024-04-08T08:54:51.196+0000] {processor.py:840} INFO - DAG(s) 'example_xcom_args_with_operators', 'example_xcom_args' retrieved from /home/airflow/.local/lib/python3.8/site-packages/airflow/example_dags/example_xcomargs.py
[2024-04-08T08:54:51.224+0000] {logging_mixin.py:188} INFO - [2024-04-08T08:54:51.223+0000] {dag.py:3047} INFO - Sync 2 DAGs
[2024-04-08T08:54:51.240+0000] {logging_mixin.py:188} INFO - [2024-04-08T08:54:51.240+0000] {dag.py:3834} INFO - Setting next_dagrun for example_xcom_args to None, run_after=None
[2024-04-08T08:54:51.245+0000] {logging_mixin.py:188} INFO - [2024-04-08T08:54:51.245+0000] {dag.py:3834} INFO - Setting next_dagrun for example_xcom_args_with_operators to None, run_after=None
[2024-04-08T08:54:51.267+0000] {processor.py:183} INFO - Processing /home/airflow/.local/lib/python3.8/site-packages/airflow/example_dags/example_xcomargs.py took 0.086 seconds
[2024-04-08T08:55:21.458+0000] {processor.py:161} INFO - Started process (PID=14514) to work on /home/airflow/.local/lib/python3.8/site-packages/airflow/example_dags/example_xcomargs.py
[2024-04-08T08:55:21.460+0000] {processor.py:830} INFO - Processing file /home/airflow/.local/lib/python3.8/site-packages/airflow/example_dags/example_xcomargs.py for tasks to queue
[2024-04-08T08:55:21.461+0000] {logging_mixin.py:188} INFO - [2024-04-08T08:55:21.460+0000] {dagbag.py:540} INFO - Filling up the DagBag from /home/airflow/.local/lib/python3.8/site-packages/airflow/example_dags/example_xcomargs.py
[2024-04-08T08:55:21.485+0000] {processor.py:840} INFO - DAG(s) 'example_xcom_args', 'example_xcom_args_with_operators' retrieved from /home/airflow/.local/lib/python3.8/site-packages/airflow/example_dags/example_xcomargs.py
[2024-04-08T08:55:21.551+0000] {logging_mixin.py:188} INFO - [2024-04-08T08:55:21.551+0000] {dag.py:3047} INFO - Sync 2 DAGs
[2024-04-08T08:55:21.583+0000] {logging_mixin.py:188} INFO - [2024-04-08T08:55:21.583+0000] {dag.py:3834} INFO - Setting next_dagrun for example_xcom_args to None, run_after=None
[2024-04-08T08:55:21.591+0000] {logging_mixin.py:188} INFO - [2024-04-08T08:55:21.590+0000] {dag.py:3834} INFO - Setting next_dagrun for example_xcom_args_with_operators to None, run_after=None
[2024-04-08T08:55:21.649+0000] {processor.py:183} INFO - Processing /home/airflow/.local/lib/python3.8/site-packages/airflow/example_dags/example_xcomargs.py took 0.194 seconds
[2024-04-08T08:55:51.958+0000] {processor.py:161} INFO - Started process (PID=14772) to work on /home/airflow/.local/lib/python3.8/site-packages/airflow/example_dags/example_xcomargs.py
[2024-04-08T08:55:51.959+0000] {processor.py:830} INFO - Processing file /home/airflow/.local/lib/python3.8/site-packages/airflow/example_dags/example_xcomargs.py for tasks to queue
[2024-04-08T08:55:51.960+0000] {logging_mixin.py:188} INFO - [2024-04-08T08:55:51.960+0000] {dagbag.py:540} INFO - Filling up the DagBag from /home/airflow/.local/lib/python3.8/site-packages/airflow/example_dags/example_xcomargs.py
[2024-04-08T08:55:51.970+0000] {processor.py:840} INFO - DAG(s) 'example_xcom_args_with_operators', 'example_xcom_args' retrieved from /home/airflow/.local/lib/python3.8/site-packages/airflow/example_dags/example_xcomargs.py
[2024-04-08T08:55:51.997+0000] {logging_mixin.py:188} INFO - [2024-04-08T08:55:51.997+0000] {dag.py:3047} INFO - Sync 2 DAGs
[2024-04-08T08:55:52.014+0000] {logging_mixin.py:188} INFO - [2024-04-08T08:55:52.013+0000] {dag.py:3834} INFO - Setting next_dagrun for example_xcom_args to None, run_after=None
[2024-04-08T08:55:52.018+0000] {logging_mixin.py:188} INFO - [2024-04-08T08:55:52.018+0000] {dag.py:3834} INFO - Setting next_dagrun for example_xcom_args_with_operators to None, run_after=None
[2024-04-08T08:55:52.042+0000] {processor.py:183} INFO - Processing /home/airflow/.local/lib/python3.8/site-packages/airflow/example_dags/example_xcomargs.py took 0.088 seconds
[2024-04-08T08:56:22.218+0000] {processor.py:161} INFO - Started process (PID=15030) to work on /home/airflow/.local/lib/python3.8/site-packages/airflow/example_dags/example_xcomargs.py
[2024-04-08T08:56:22.223+0000] {processor.py:830} INFO - Processing file /home/airflow/.local/lib/python3.8/site-packages/airflow/example_dags/example_xcomargs.py for tasks to queue
[2024-04-08T08:56:22.224+0000] {logging_mixin.py:188} INFO - [2024-04-08T08:56:22.224+0000] {dagbag.py:540} INFO - Filling up the DagBag from /home/airflow/.local/lib/python3.8/site-packages/airflow/example_dags/example_xcomargs.py
[2024-04-08T08:56:22.249+0000] {processor.py:840} INFO - DAG(s) 'example_xcom_args', 'example_xcom_args_with_operators' retrieved from /home/airflow/.local/lib/python3.8/site-packages/airflow/example_dags/example_xcomargs.py
[2024-04-08T08:56:22.323+0000] {logging_mixin.py:188} INFO - [2024-04-08T08:56:22.322+0000] {dag.py:3047} INFO - Sync 2 DAGs
[2024-04-08T08:56:22.338+0000] {logging_mixin.py:188} INFO - [2024-04-08T08:56:22.337+0000] {dag.py:3834} INFO - Setting next_dagrun for example_xcom_args to None, run_after=None
[2024-04-08T08:56:22.341+0000] {logging_mixin.py:188} INFO - [2024-04-08T08:56:22.341+0000] {dag.py:3834} INFO - Setting next_dagrun for example_xcom_args_with_operators to None, run_after=None
[2024-04-08T08:56:22.363+0000] {processor.py:183} INFO - Processing /home/airflow/.local/lib/python3.8/site-packages/airflow/example_dags/example_xcomargs.py took 0.160 seconds
