[2024-04-08T08:27:23.260+0000] {processor.py:161} INFO - Started process (PID=370) to work on /home/airflow/.local/lib/python3.8/site-packages/airflow/example_dags/example_latest_only.py
[2024-04-08T08:27:23.261+0000] {processor.py:830} INFO - Processing file /home/airflow/.local/lib/python3.8/site-packages/airflow/example_dags/example_latest_only.py for tasks to queue
[2024-04-08T08:27:23.263+0000] {logging_mixin.py:188} INFO - [2024-04-08T08:27:23.262+0000] {dagbag.py:540} INFO - Filling up the DagBag from /home/airflow/.local/lib/python3.8/site-packages/airflow/example_dags/example_latest_only.py
[2024-04-08T08:27:23.271+0000] {processor.py:840} INFO - DAG(s) 'latest_only' retrieved from /home/airflow/.local/lib/python3.8/site-packages/airflow/example_dags/example_latest_only.py
[2024-04-08T08:27:23.295+0000] {logging_mixin.py:188} INFO - [2024-04-08T08:27:23.295+0000] {dag.py:3047} INFO - Sync 1 DAGs
[2024-04-08T08:27:23.323+0000] {logging_mixin.py:188} INFO - [2024-04-08T08:27:23.323+0000] {dag.py:3834} INFO - Setting next_dagrun for latest_only to 2024-04-08 04:00:00+00:00, run_after=2024-04-08 08:00:00+00:00
[2024-04-08T08:27:23.357+0000] {processor.py:183} INFO - Processing /home/airflow/.local/lib/python3.8/site-packages/airflow/example_dags/example_latest_only.py took 0.101 seconds
[2024-04-08T08:27:54.359+0000] {processor.py:161} INFO - Started process (PID=627) to work on /home/airflow/.local/lib/python3.8/site-packages/airflow/example_dags/example_latest_only.py
[2024-04-08T08:27:54.361+0000] {processor.py:830} INFO - Processing file /home/airflow/.local/lib/python3.8/site-packages/airflow/example_dags/example_latest_only.py for tasks to queue
[2024-04-08T08:27:54.362+0000] {logging_mixin.py:188} INFO - [2024-04-08T08:27:54.361+0000] {dagbag.py:540} INFO - Filling up the DagBag from /home/airflow/.local/lib/python3.8/site-packages/airflow/example_dags/example_latest_only.py
[2024-04-08T08:27:54.368+0000] {processor.py:840} INFO - DAG(s) 'latest_only' retrieved from /home/airflow/.local/lib/python3.8/site-packages/airflow/example_dags/example_latest_only.py
[2024-04-08T08:27:54.390+0000] {logging_mixin.py:188} INFO - [2024-04-08T08:27:54.390+0000] {dag.py:3047} INFO - Sync 1 DAGs
[2024-04-08T08:27:54.415+0000] {logging_mixin.py:188} INFO - [2024-04-08T08:27:54.414+0000] {dag.py:3834} INFO - Setting next_dagrun for latest_only to 2024-04-08 04:00:00+00:00, run_after=2024-04-08 08:00:00+00:00
[2024-04-08T08:27:54.452+0000] {processor.py:183} INFO - Processing /home/airflow/.local/lib/python3.8/site-packages/airflow/example_dags/example_latest_only.py took 0.096 seconds
[2024-04-08T08:28:25.081+0000] {processor.py:161} INFO - Started process (PID=885) to work on /home/airflow/.local/lib/python3.8/site-packages/airflow/example_dags/example_latest_only.py
[2024-04-08T08:28:25.083+0000] {processor.py:830} INFO - Processing file /home/airflow/.local/lib/python3.8/site-packages/airflow/example_dags/example_latest_only.py for tasks to queue
[2024-04-08T08:28:25.084+0000] {logging_mixin.py:188} INFO - [2024-04-08T08:28:25.084+0000] {dagbag.py:540} INFO - Filling up the DagBag from /home/airflow/.local/lib/python3.8/site-packages/airflow/example_dags/example_latest_only.py
[2024-04-08T08:28:25.090+0000] {processor.py:840} INFO - DAG(s) 'latest_only' retrieved from /home/airflow/.local/lib/python3.8/site-packages/airflow/example_dags/example_latest_only.py
[2024-04-08T08:28:25.111+0000] {logging_mixin.py:188} INFO - [2024-04-08T08:28:25.111+0000] {dag.py:3047} INFO - Sync 1 DAGs
[2024-04-08T08:28:25.136+0000] {logging_mixin.py:188} INFO - [2024-04-08T08:28:25.136+0000] {dag.py:3834} INFO - Setting next_dagrun for latest_only to 2024-04-08 04:00:00+00:00, run_after=2024-04-08 08:00:00+00:00
[2024-04-08T08:28:25.160+0000] {processor.py:183} INFO - Processing /home/airflow/.local/lib/python3.8/site-packages/airflow/example_dags/example_latest_only.py took 0.083 seconds
[2024-04-08T08:28:55.661+0000] {processor.py:161} INFO - Started process (PID=1143) to work on /home/airflow/.local/lib/python3.8/site-packages/airflow/example_dags/example_latest_only.py
[2024-04-08T08:28:55.662+0000] {processor.py:830} INFO - Processing file /home/airflow/.local/lib/python3.8/site-packages/airflow/example_dags/example_latest_only.py for tasks to queue
[2024-04-08T08:28:55.663+0000] {logging_mixin.py:188} INFO - [2024-04-08T08:28:55.663+0000] {dagbag.py:540} INFO - Filling up the DagBag from /home/airflow/.local/lib/python3.8/site-packages/airflow/example_dags/example_latest_only.py
[2024-04-08T08:28:55.669+0000] {processor.py:840} INFO - DAG(s) 'latest_only' retrieved from /home/airflow/.local/lib/python3.8/site-packages/airflow/example_dags/example_latest_only.py
[2024-04-08T08:28:55.690+0000] {logging_mixin.py:188} INFO - [2024-04-08T08:28:55.690+0000] {dag.py:3047} INFO - Sync 1 DAGs
[2024-04-08T08:28:55.715+0000] {logging_mixin.py:188} INFO - [2024-04-08T08:28:55.715+0000] {dag.py:3834} INFO - Setting next_dagrun for latest_only to 2024-04-08 04:00:00+00:00, run_after=2024-04-08 08:00:00+00:00
[2024-04-08T08:28:55.742+0000] {processor.py:183} INFO - Processing /home/airflow/.local/lib/python3.8/site-packages/airflow/example_dags/example_latest_only.py took 0.084 seconds
[2024-04-08T08:29:26.091+0000] {processor.py:161} INFO - Started process (PID=1401) to work on /home/airflow/.local/lib/python3.8/site-packages/airflow/example_dags/example_latest_only.py
[2024-04-08T08:29:26.092+0000] {processor.py:830} INFO - Processing file /home/airflow/.local/lib/python3.8/site-packages/airflow/example_dags/example_latest_only.py for tasks to queue
[2024-04-08T08:29:26.093+0000] {logging_mixin.py:188} INFO - [2024-04-08T08:29:26.092+0000] {dagbag.py:540} INFO - Filling up the DagBag from /home/airflow/.local/lib/python3.8/site-packages/airflow/example_dags/example_latest_only.py
[2024-04-08T08:29:26.099+0000] {processor.py:840} INFO - DAG(s) 'latest_only' retrieved from /home/airflow/.local/lib/python3.8/site-packages/airflow/example_dags/example_latest_only.py
[2024-04-08T08:29:26.121+0000] {logging_mixin.py:188} INFO - [2024-04-08T08:29:26.121+0000] {dag.py:3047} INFO - Sync 1 DAGs
[2024-04-08T08:29:26.148+0000] {logging_mixin.py:188} INFO - [2024-04-08T08:29:26.147+0000] {dag.py:3834} INFO - Setting next_dagrun for latest_only to 2024-04-08 04:00:00+00:00, run_after=2024-04-08 08:00:00+00:00
[2024-04-08T08:29:26.173+0000] {processor.py:183} INFO - Processing /home/airflow/.local/lib/python3.8/site-packages/airflow/example_dags/example_latest_only.py took 0.086 seconds
[2024-04-08T08:29:56.627+0000] {processor.py:161} INFO - Started process (PID=1658) to work on /home/airflow/.local/lib/python3.8/site-packages/airflow/example_dags/example_latest_only.py
[2024-04-08T08:29:56.629+0000] {processor.py:830} INFO - Processing file /home/airflow/.local/lib/python3.8/site-packages/airflow/example_dags/example_latest_only.py for tasks to queue
[2024-04-08T08:29:56.630+0000] {logging_mixin.py:188} INFO - [2024-04-08T08:29:56.629+0000] {dagbag.py:540} INFO - Filling up the DagBag from /home/airflow/.local/lib/python3.8/site-packages/airflow/example_dags/example_latest_only.py
[2024-04-08T08:29:56.634+0000] {processor.py:840} INFO - DAG(s) 'latest_only' retrieved from /home/airflow/.local/lib/python3.8/site-packages/airflow/example_dags/example_latest_only.py
[2024-04-08T08:29:56.656+0000] {logging_mixin.py:188} INFO - [2024-04-08T08:29:56.656+0000] {dag.py:3047} INFO - Sync 1 DAGs
[2024-04-08T08:29:56.683+0000] {logging_mixin.py:188} INFO - [2024-04-08T08:29:56.682+0000] {dag.py:3834} INFO - Setting next_dagrun for latest_only to 2024-04-08 04:00:00+00:00, run_after=2024-04-08 08:00:00+00:00
[2024-04-08T08:29:56.707+0000] {processor.py:183} INFO - Processing /home/airflow/.local/lib/python3.8/site-packages/airflow/example_dags/example_latest_only.py took 0.083 seconds
[2024-04-08T08:30:27.391+0000] {processor.py:161} INFO - Started process (PID=1916) to work on /home/airflow/.local/lib/python3.8/site-packages/airflow/example_dags/example_latest_only.py
[2024-04-08T08:30:27.399+0000] {processor.py:830} INFO - Processing file /home/airflow/.local/lib/python3.8/site-packages/airflow/example_dags/example_latest_only.py for tasks to queue
[2024-04-08T08:30:27.400+0000] {logging_mixin.py:188} INFO - [2024-04-08T08:30:27.400+0000] {dagbag.py:540} INFO - Filling up the DagBag from /home/airflow/.local/lib/python3.8/site-packages/airflow/example_dags/example_latest_only.py
[2024-04-08T08:30:27.409+0000] {processor.py:840} INFO - DAG(s) 'latest_only' retrieved from /home/airflow/.local/lib/python3.8/site-packages/airflow/example_dags/example_latest_only.py
[2024-04-08T08:30:27.447+0000] {logging_mixin.py:188} INFO - [2024-04-08T08:30:27.447+0000] {dag.py:3047} INFO - Sync 1 DAGs
[2024-04-08T08:30:27.474+0000] {logging_mixin.py:188} INFO - [2024-04-08T08:30:27.473+0000] {dag.py:3834} INFO - Setting next_dagrun for latest_only to 2024-04-08 04:00:00+00:00, run_after=2024-04-08 08:00:00+00:00
[2024-04-08T08:30:27.516+0000] {processor.py:183} INFO - Processing /home/airflow/.local/lib/python3.8/site-packages/airflow/example_dags/example_latest_only.py took 0.139 seconds
[2024-04-08T08:30:58.217+0000] {processor.py:161} INFO - Started process (PID=2173) to work on /home/airflow/.local/lib/python3.8/site-packages/airflow/example_dags/example_latest_only.py
[2024-04-08T08:30:58.218+0000] {processor.py:830} INFO - Processing file /home/airflow/.local/lib/python3.8/site-packages/airflow/example_dags/example_latest_only.py for tasks to queue
[2024-04-08T08:30:58.219+0000] {logging_mixin.py:188} INFO - [2024-04-08T08:30:58.219+0000] {dagbag.py:540} INFO - Filling up the DagBag from /home/airflow/.local/lib/python3.8/site-packages/airflow/example_dags/example_latest_only.py
[2024-04-08T08:30:58.225+0000] {processor.py:840} INFO - DAG(s) 'latest_only' retrieved from /home/airflow/.local/lib/python3.8/site-packages/airflow/example_dags/example_latest_only.py
[2024-04-08T08:30:58.247+0000] {logging_mixin.py:188} INFO - [2024-04-08T08:30:58.246+0000] {dag.py:3047} INFO - Sync 1 DAGs
[2024-04-08T08:30:58.274+0000] {logging_mixin.py:188} INFO - [2024-04-08T08:30:58.274+0000] {dag.py:3834} INFO - Setting next_dagrun for latest_only to 2024-04-08 04:00:00+00:00, run_after=2024-04-08 08:00:00+00:00
[2024-04-08T08:30:58.298+0000] {processor.py:183} INFO - Processing /home/airflow/.local/lib/python3.8/site-packages/airflow/example_dags/example_latest_only.py took 0.085 seconds
[2024-04-08T08:31:28.731+0000] {processor.py:161} INFO - Started process (PID=2430) to work on /home/airflow/.local/lib/python3.8/site-packages/airflow/example_dags/example_latest_only.py
[2024-04-08T08:31:28.733+0000] {processor.py:830} INFO - Processing file /home/airflow/.local/lib/python3.8/site-packages/airflow/example_dags/example_latest_only.py for tasks to queue
[2024-04-08T08:31:28.734+0000] {logging_mixin.py:188} INFO - [2024-04-08T08:31:28.733+0000] {dagbag.py:540} INFO - Filling up the DagBag from /home/airflow/.local/lib/python3.8/site-packages/airflow/example_dags/example_latest_only.py
[2024-04-08T08:31:28.740+0000] {processor.py:840} INFO - DAG(s) 'latest_only' retrieved from /home/airflow/.local/lib/python3.8/site-packages/airflow/example_dags/example_latest_only.py
[2024-04-08T08:31:28.762+0000] {logging_mixin.py:188} INFO - [2024-04-08T08:31:28.762+0000] {dag.py:3047} INFO - Sync 1 DAGs
[2024-04-08T08:31:28.785+0000] {logging_mixin.py:188} INFO - [2024-04-08T08:31:28.784+0000] {dag.py:3834} INFO - Setting next_dagrun for latest_only to 2024-04-08 04:00:00+00:00, run_after=2024-04-08 08:00:00+00:00
[2024-04-08T08:31:28.807+0000] {processor.py:183} INFO - Processing /home/airflow/.local/lib/python3.8/site-packages/airflow/example_dags/example_latest_only.py took 0.080 seconds
[2024-04-08T08:31:59.287+0000] {processor.py:161} INFO - Started process (PID=2687) to work on /home/airflow/.local/lib/python3.8/site-packages/airflow/example_dags/example_latest_only.py
[2024-04-08T08:31:59.288+0000] {processor.py:830} INFO - Processing file /home/airflow/.local/lib/python3.8/site-packages/airflow/example_dags/example_latest_only.py for tasks to queue
[2024-04-08T08:31:59.290+0000] {logging_mixin.py:188} INFO - [2024-04-08T08:31:59.289+0000] {dagbag.py:540} INFO - Filling up the DagBag from /home/airflow/.local/lib/python3.8/site-packages/airflow/example_dags/example_latest_only.py
[2024-04-08T08:31:59.298+0000] {processor.py:840} INFO - DAG(s) 'latest_only' retrieved from /home/airflow/.local/lib/python3.8/site-packages/airflow/example_dags/example_latest_only.py
[2024-04-08T08:31:59.329+0000] {logging_mixin.py:188} INFO - [2024-04-08T08:31:59.329+0000] {dag.py:3047} INFO - Sync 1 DAGs
[2024-04-08T08:31:59.358+0000] {logging_mixin.py:188} INFO - [2024-04-08T08:31:59.357+0000] {dag.py:3834} INFO - Setting next_dagrun for latest_only to 2024-04-08 04:00:00+00:00, run_after=2024-04-08 08:00:00+00:00
[2024-04-08T08:31:59.391+0000] {processor.py:183} INFO - Processing /home/airflow/.local/lib/python3.8/site-packages/airflow/example_dags/example_latest_only.py took 0.115 seconds
[2024-04-08T08:32:30.451+0000] {processor.py:161} INFO - Started process (PID=2944) to work on /home/airflow/.local/lib/python3.8/site-packages/airflow/example_dags/example_latest_only.py
[2024-04-08T08:32:30.462+0000] {processor.py:830} INFO - Processing file /home/airflow/.local/lib/python3.8/site-packages/airflow/example_dags/example_latest_only.py for tasks to queue
[2024-04-08T08:32:30.468+0000] {logging_mixin.py:188} INFO - [2024-04-08T08:32:30.465+0000] {dagbag.py:540} INFO - Filling up the DagBag from /home/airflow/.local/lib/python3.8/site-packages/airflow/example_dags/example_latest_only.py
[2024-04-08T08:32:30.485+0000] {processor.py:840} INFO - DAG(s) 'latest_only' retrieved from /home/airflow/.local/lib/python3.8/site-packages/airflow/example_dags/example_latest_only.py
[2024-04-08T08:32:30.537+0000] {logging_mixin.py:188} INFO - [2024-04-08T08:32:30.536+0000] {dag.py:3047} INFO - Sync 1 DAGs
[2024-04-08T08:32:30.561+0000] {logging_mixin.py:188} INFO - [2024-04-08T08:32:30.561+0000] {dag.py:3834} INFO - Setting next_dagrun for latest_only to 2024-04-08 04:00:00+00:00, run_after=2024-04-08 08:00:00+00:00
[2024-04-08T08:32:30.608+0000] {processor.py:183} INFO - Processing /home/airflow/.local/lib/python3.8/site-packages/airflow/example_dags/example_latest_only.py took 0.160 seconds
[2024-04-08T08:33:00.969+0000] {processor.py:161} INFO - Started process (PID=3201) to work on /home/airflow/.local/lib/python3.8/site-packages/airflow/example_dags/example_latest_only.py
[2024-04-08T08:33:00.971+0000] {processor.py:830} INFO - Processing file /home/airflow/.local/lib/python3.8/site-packages/airflow/example_dags/example_latest_only.py for tasks to queue
[2024-04-08T08:33:00.972+0000] {logging_mixin.py:188} INFO - [2024-04-08T08:33:00.971+0000] {dagbag.py:540} INFO - Filling up the DagBag from /home/airflow/.local/lib/python3.8/site-packages/airflow/example_dags/example_latest_only.py
[2024-04-08T08:33:00.977+0000] {processor.py:840} INFO - DAG(s) 'latest_only' retrieved from /home/airflow/.local/lib/python3.8/site-packages/airflow/example_dags/example_latest_only.py
[2024-04-08T08:33:00.999+0000] {logging_mixin.py:188} INFO - [2024-04-08T08:33:00.998+0000] {dag.py:3047} INFO - Sync 1 DAGs
[2024-04-08T08:33:01.023+0000] {logging_mixin.py:188} INFO - [2024-04-08T08:33:01.023+0000] {dag.py:3834} INFO - Setting next_dagrun for latest_only to 2024-04-08 04:00:00+00:00, run_after=2024-04-08 08:00:00+00:00
[2024-04-08T08:33:01.046+0000] {processor.py:183} INFO - Processing /home/airflow/.local/lib/python3.8/site-packages/airflow/example_dags/example_latest_only.py took 0.081 seconds
[2024-04-08T08:33:31.488+0000] {processor.py:161} INFO - Started process (PID=3458) to work on /home/airflow/.local/lib/python3.8/site-packages/airflow/example_dags/example_latest_only.py
[2024-04-08T08:33:31.489+0000] {processor.py:830} INFO - Processing file /home/airflow/.local/lib/python3.8/site-packages/airflow/example_dags/example_latest_only.py for tasks to queue
[2024-04-08T08:33:31.490+0000] {logging_mixin.py:188} INFO - [2024-04-08T08:33:31.489+0000] {dagbag.py:540} INFO - Filling up the DagBag from /home/airflow/.local/lib/python3.8/site-packages/airflow/example_dags/example_latest_only.py
[2024-04-08T08:33:31.497+0000] {processor.py:840} INFO - DAG(s) 'latest_only' retrieved from /home/airflow/.local/lib/python3.8/site-packages/airflow/example_dags/example_latest_only.py
[2024-04-08T08:33:31.524+0000] {logging_mixin.py:188} INFO - [2024-04-08T08:33:31.524+0000] {dag.py:3047} INFO - Sync 1 DAGs
[2024-04-08T08:33:31.552+0000] {logging_mixin.py:188} INFO - [2024-04-08T08:33:31.552+0000] {dag.py:3834} INFO - Setting next_dagrun for latest_only to 2024-04-08 04:00:00+00:00, run_after=2024-04-08 08:00:00+00:00
[2024-04-08T08:33:31.576+0000] {processor.py:183} INFO - Processing /home/airflow/.local/lib/python3.8/site-packages/airflow/example_dags/example_latest_only.py took 0.091 seconds
[2024-04-08T08:34:01.887+0000] {processor.py:161} INFO - Started process (PID=3715) to work on /home/airflow/.local/lib/python3.8/site-packages/airflow/example_dags/example_latest_only.py
[2024-04-08T08:34:01.888+0000] {processor.py:830} INFO - Processing file /home/airflow/.local/lib/python3.8/site-packages/airflow/example_dags/example_latest_only.py for tasks to queue
[2024-04-08T08:34:01.889+0000] {logging_mixin.py:188} INFO - [2024-04-08T08:34:01.889+0000] {dagbag.py:540} INFO - Filling up the DagBag from /home/airflow/.local/lib/python3.8/site-packages/airflow/example_dags/example_latest_only.py
[2024-04-08T08:34:01.896+0000] {processor.py:840} INFO - DAG(s) 'latest_only' retrieved from /home/airflow/.local/lib/python3.8/site-packages/airflow/example_dags/example_latest_only.py
[2024-04-08T08:34:01.918+0000] {logging_mixin.py:188} INFO - [2024-04-08T08:34:01.917+0000] {dag.py:3047} INFO - Sync 1 DAGs
[2024-04-08T08:34:01.942+0000] {logging_mixin.py:188} INFO - [2024-04-08T08:34:01.942+0000] {dag.py:3834} INFO - Setting next_dagrun for latest_only to 2024-04-08 04:00:00+00:00, run_after=2024-04-08 08:00:00+00:00
[2024-04-08T08:34:01.966+0000] {processor.py:183} INFO - Processing /home/airflow/.local/lib/python3.8/site-packages/airflow/example_dags/example_latest_only.py took 0.082 seconds
[2024-04-08T08:34:32.108+0000] {processor.py:161} INFO - Started process (PID=3971) to work on /home/airflow/.local/lib/python3.8/site-packages/airflow/example_dags/example_latest_only.py
[2024-04-08T08:34:32.109+0000] {processor.py:830} INFO - Processing file /home/airflow/.local/lib/python3.8/site-packages/airflow/example_dags/example_latest_only.py for tasks to queue
[2024-04-08T08:34:32.111+0000] {logging_mixin.py:188} INFO - [2024-04-08T08:34:32.110+0000] {dagbag.py:540} INFO - Filling up the DagBag from /home/airflow/.local/lib/python3.8/site-packages/airflow/example_dags/example_latest_only.py
[2024-04-08T08:34:32.117+0000] {processor.py:840} INFO - DAG(s) 'latest_only' retrieved from /home/airflow/.local/lib/python3.8/site-packages/airflow/example_dags/example_latest_only.py
[2024-04-08T08:34:32.138+0000] {logging_mixin.py:188} INFO - [2024-04-08T08:34:32.138+0000] {dag.py:3047} INFO - Sync 1 DAGs
[2024-04-08T08:34:32.166+0000] {logging_mixin.py:188} INFO - [2024-04-08T08:34:32.165+0000] {dag.py:3834} INFO - Setting next_dagrun for latest_only to 2024-04-08 04:00:00+00:00, run_after=2024-04-08 08:00:00+00:00
[2024-04-08T08:34:32.192+0000] {processor.py:183} INFO - Processing /home/airflow/.local/lib/python3.8/site-packages/airflow/example_dags/example_latest_only.py took 0.088 seconds
[2024-04-08T08:35:02.550+0000] {processor.py:161} INFO - Started process (PID=4228) to work on /home/airflow/.local/lib/python3.8/site-packages/airflow/example_dags/example_latest_only.py
[2024-04-08T08:35:02.551+0000] {processor.py:830} INFO - Processing file /home/airflow/.local/lib/python3.8/site-packages/airflow/example_dags/example_latest_only.py for tasks to queue
[2024-04-08T08:35:02.552+0000] {logging_mixin.py:188} INFO - [2024-04-08T08:35:02.552+0000] {dagbag.py:540} INFO - Filling up the DagBag from /home/airflow/.local/lib/python3.8/site-packages/airflow/example_dags/example_latest_only.py
[2024-04-08T08:35:02.563+0000] {processor.py:840} INFO - DAG(s) 'latest_only' retrieved from /home/airflow/.local/lib/python3.8/site-packages/airflow/example_dags/example_latest_only.py
[2024-04-08T08:35:02.592+0000] {logging_mixin.py:188} INFO - [2024-04-08T08:35:02.591+0000] {dag.py:3047} INFO - Sync 1 DAGs
[2024-04-08T08:35:02.619+0000] {logging_mixin.py:188} INFO - [2024-04-08T08:35:02.619+0000] {dag.py:3834} INFO - Setting next_dagrun for latest_only to 2024-04-08 04:00:00+00:00, run_after=2024-04-08 08:00:00+00:00
[2024-04-08T08:35:02.643+0000] {processor.py:183} INFO - Processing /home/airflow/.local/lib/python3.8/site-packages/airflow/example_dags/example_latest_only.py took 0.097 seconds
[2024-04-08T08:35:33.258+0000] {processor.py:161} INFO - Started process (PID=4486) to work on /home/airflow/.local/lib/python3.8/site-packages/airflow/example_dags/example_latest_only.py
[2024-04-08T08:35:33.258+0000] {processor.py:830} INFO - Processing file /home/airflow/.local/lib/python3.8/site-packages/airflow/example_dags/example_latest_only.py for tasks to queue
[2024-04-08T08:35:33.259+0000] {logging_mixin.py:188} INFO - [2024-04-08T08:35:33.259+0000] {dagbag.py:540} INFO - Filling up the DagBag from /home/airflow/.local/lib/python3.8/site-packages/airflow/example_dags/example_latest_only.py
[2024-04-08T08:35:33.265+0000] {processor.py:840} INFO - DAG(s) 'latest_only' retrieved from /home/airflow/.local/lib/python3.8/site-packages/airflow/example_dags/example_latest_only.py
[2024-04-08T08:35:33.287+0000] {logging_mixin.py:188} INFO - [2024-04-08T08:35:33.286+0000] {dag.py:3047} INFO - Sync 1 DAGs
[2024-04-08T08:35:33.313+0000] {logging_mixin.py:188} INFO - [2024-04-08T08:35:33.313+0000] {dag.py:3834} INFO - Setting next_dagrun for latest_only to 2024-04-08 04:00:00+00:00, run_after=2024-04-08 08:00:00+00:00
[2024-04-08T08:35:33.344+0000] {processor.py:183} INFO - Processing /home/airflow/.local/lib/python3.8/site-packages/airflow/example_dags/example_latest_only.py took 0.089 seconds
[2024-04-08T08:36:03.833+0000] {processor.py:161} INFO - Started process (PID=4743) to work on /home/airflow/.local/lib/python3.8/site-packages/airflow/example_dags/example_latest_only.py
[2024-04-08T08:36:03.834+0000] {processor.py:830} INFO - Processing file /home/airflow/.local/lib/python3.8/site-packages/airflow/example_dags/example_latest_only.py for tasks to queue
[2024-04-08T08:36:03.835+0000] {logging_mixin.py:188} INFO - [2024-04-08T08:36:03.835+0000] {dagbag.py:540} INFO - Filling up the DagBag from /home/airflow/.local/lib/python3.8/site-packages/airflow/example_dags/example_latest_only.py
[2024-04-08T08:36:03.839+0000] {processor.py:840} INFO - DAG(s) 'latest_only' retrieved from /home/airflow/.local/lib/python3.8/site-packages/airflow/example_dags/example_latest_only.py
[2024-04-08T08:36:03.862+0000] {logging_mixin.py:188} INFO - [2024-04-08T08:36:03.862+0000] {dag.py:3047} INFO - Sync 1 DAGs
[2024-04-08T08:36:03.889+0000] {logging_mixin.py:188} INFO - [2024-04-08T08:36:03.889+0000] {dag.py:3834} INFO - Setting next_dagrun for latest_only to 2024-04-08 04:00:00+00:00, run_after=2024-04-08 08:00:00+00:00
[2024-04-08T08:36:03.915+0000] {processor.py:183} INFO - Processing /home/airflow/.local/lib/python3.8/site-packages/airflow/example_dags/example_latest_only.py took 0.086 seconds
[2024-04-08T08:36:34.130+0000] {processor.py:161} INFO - Started process (PID=5001) to work on /home/airflow/.local/lib/python3.8/site-packages/airflow/example_dags/example_latest_only.py
[2024-04-08T08:36:34.131+0000] {processor.py:830} INFO - Processing file /home/airflow/.local/lib/python3.8/site-packages/airflow/example_dags/example_latest_only.py for tasks to queue
[2024-04-08T08:36:34.132+0000] {logging_mixin.py:188} INFO - [2024-04-08T08:36:34.132+0000] {dagbag.py:540} INFO - Filling up the DagBag from /home/airflow/.local/lib/python3.8/site-packages/airflow/example_dags/example_latest_only.py
[2024-04-08T08:36:34.139+0000] {processor.py:840} INFO - DAG(s) 'latest_only' retrieved from /home/airflow/.local/lib/python3.8/site-packages/airflow/example_dags/example_latest_only.py
[2024-04-08T08:36:34.160+0000] {logging_mixin.py:188} INFO - [2024-04-08T08:36:34.159+0000] {dag.py:3047} INFO - Sync 1 DAGs
[2024-04-08T08:36:34.184+0000] {logging_mixin.py:188} INFO - [2024-04-08T08:36:34.184+0000] {dag.py:3834} INFO - Setting next_dagrun for latest_only to 2024-04-08 04:00:00+00:00, run_after=2024-04-08 08:00:00+00:00
[2024-04-08T08:36:34.208+0000] {processor.py:183} INFO - Processing /home/airflow/.local/lib/python3.8/site-packages/airflow/example_dags/example_latest_only.py took 0.081 seconds
[2024-04-08T08:37:04.474+0000] {processor.py:161} INFO - Started process (PID=5258) to work on /home/airflow/.local/lib/python3.8/site-packages/airflow/example_dags/example_latest_only.py
[2024-04-08T08:37:04.475+0000] {processor.py:830} INFO - Processing file /home/airflow/.local/lib/python3.8/site-packages/airflow/example_dags/example_latest_only.py for tasks to queue
[2024-04-08T08:37:04.476+0000] {logging_mixin.py:188} INFO - [2024-04-08T08:37:04.476+0000] {dagbag.py:540} INFO - Filling up the DagBag from /home/airflow/.local/lib/python3.8/site-packages/airflow/example_dags/example_latest_only.py
[2024-04-08T08:37:04.482+0000] {processor.py:840} INFO - DAG(s) 'latest_only' retrieved from /home/airflow/.local/lib/python3.8/site-packages/airflow/example_dags/example_latest_only.py
[2024-04-08T08:37:04.505+0000] {logging_mixin.py:188} INFO - [2024-04-08T08:37:04.505+0000] {dag.py:3047} INFO - Sync 1 DAGs
[2024-04-08T08:37:04.536+0000] {logging_mixin.py:188} INFO - [2024-04-08T08:37:04.536+0000] {dag.py:3834} INFO - Setting next_dagrun for latest_only to 2024-04-08 04:00:00+00:00, run_after=2024-04-08 08:00:00+00:00
[2024-04-08T08:37:04.561+0000] {processor.py:183} INFO - Processing /home/airflow/.local/lib/python3.8/site-packages/airflow/example_dags/example_latest_only.py took 0.090 seconds
[2024-04-08T08:37:35.081+0000] {processor.py:161} INFO - Started process (PID=5514) to work on /home/airflow/.local/lib/python3.8/site-packages/airflow/example_dags/example_latest_only.py
[2024-04-08T08:37:35.082+0000] {processor.py:830} INFO - Processing file /home/airflow/.local/lib/python3.8/site-packages/airflow/example_dags/example_latest_only.py for tasks to queue
[2024-04-08T08:37:35.083+0000] {logging_mixin.py:188} INFO - [2024-04-08T08:37:35.083+0000] {dagbag.py:540} INFO - Filling up the DagBag from /home/airflow/.local/lib/python3.8/site-packages/airflow/example_dags/example_latest_only.py
[2024-04-08T08:37:35.089+0000] {processor.py:840} INFO - DAG(s) 'latest_only' retrieved from /home/airflow/.local/lib/python3.8/site-packages/airflow/example_dags/example_latest_only.py
[2024-04-08T08:37:35.111+0000] {logging_mixin.py:188} INFO - [2024-04-08T08:37:35.111+0000] {dag.py:3047} INFO - Sync 1 DAGs
[2024-04-08T08:37:35.141+0000] {logging_mixin.py:188} INFO - [2024-04-08T08:37:35.141+0000] {dag.py:3834} INFO - Setting next_dagrun for latest_only to 2024-04-08 04:00:00+00:00, run_after=2024-04-08 08:00:00+00:00
[2024-04-08T08:37:35.166+0000] {processor.py:183} INFO - Processing /home/airflow/.local/lib/python3.8/site-packages/airflow/example_dags/example_latest_only.py took 0.087 seconds
[2024-04-08T08:38:05.731+0000] {processor.py:161} INFO - Started process (PID=5771) to work on /home/airflow/.local/lib/python3.8/site-packages/airflow/example_dags/example_latest_only.py
[2024-04-08T08:38:05.732+0000] {processor.py:830} INFO - Processing file /home/airflow/.local/lib/python3.8/site-packages/airflow/example_dags/example_latest_only.py for tasks to queue
[2024-04-08T08:38:05.733+0000] {logging_mixin.py:188} INFO - [2024-04-08T08:38:05.732+0000] {dagbag.py:540} INFO - Filling up the DagBag from /home/airflow/.local/lib/python3.8/site-packages/airflow/example_dags/example_latest_only.py
[2024-04-08T08:38:05.738+0000] {processor.py:840} INFO - DAG(s) 'latest_only' retrieved from /home/airflow/.local/lib/python3.8/site-packages/airflow/example_dags/example_latest_only.py
[2024-04-08T08:38:05.760+0000] {logging_mixin.py:188} INFO - [2024-04-08T08:38:05.760+0000] {dag.py:3047} INFO - Sync 1 DAGs
[2024-04-08T08:38:05.785+0000] {logging_mixin.py:188} INFO - [2024-04-08T08:38:05.785+0000] {dag.py:3834} INFO - Setting next_dagrun for latest_only to 2024-04-08 04:00:00+00:00, run_after=2024-04-08 08:00:00+00:00
[2024-04-08T08:38:05.809+0000] {processor.py:183} INFO - Processing /home/airflow/.local/lib/python3.8/site-packages/airflow/example_dags/example_latest_only.py took 0.081 seconds
[2024-04-08T08:38:36.259+0000] {processor.py:161} INFO - Started process (PID=6029) to work on /home/airflow/.local/lib/python3.8/site-packages/airflow/example_dags/example_latest_only.py
[2024-04-08T08:38:36.260+0000] {processor.py:830} INFO - Processing file /home/airflow/.local/lib/python3.8/site-packages/airflow/example_dags/example_latest_only.py for tasks to queue
[2024-04-08T08:38:36.261+0000] {logging_mixin.py:188} INFO - [2024-04-08T08:38:36.261+0000] {dagbag.py:540} INFO - Filling up the DagBag from /home/airflow/.local/lib/python3.8/site-packages/airflow/example_dags/example_latest_only.py
[2024-04-08T08:38:36.267+0000] {processor.py:840} INFO - DAG(s) 'latest_only' retrieved from /home/airflow/.local/lib/python3.8/site-packages/airflow/example_dags/example_latest_only.py
[2024-04-08T08:38:36.291+0000] {logging_mixin.py:188} INFO - [2024-04-08T08:38:36.290+0000] {dag.py:3047} INFO - Sync 1 DAGs
[2024-04-08T08:38:36.315+0000] {logging_mixin.py:188} INFO - [2024-04-08T08:38:36.315+0000] {dag.py:3834} INFO - Setting next_dagrun for latest_only to 2024-04-08 04:00:00+00:00, run_after=2024-04-08 08:00:00+00:00
[2024-04-08T08:38:36.339+0000] {processor.py:183} INFO - Processing /home/airflow/.local/lib/python3.8/site-packages/airflow/example_dags/example_latest_only.py took 0.084 seconds
[2024-04-08T08:39:06.946+0000] {processor.py:161} INFO - Started process (PID=6286) to work on /home/airflow/.local/lib/python3.8/site-packages/airflow/example_dags/example_latest_only.py
[2024-04-08T08:39:06.947+0000] {processor.py:830} INFO - Processing file /home/airflow/.local/lib/python3.8/site-packages/airflow/example_dags/example_latest_only.py for tasks to queue
[2024-04-08T08:39:06.947+0000] {logging_mixin.py:188} INFO - [2024-04-08T08:39:06.947+0000] {dagbag.py:540} INFO - Filling up the DagBag from /home/airflow/.local/lib/python3.8/site-packages/airflow/example_dags/example_latest_only.py
[2024-04-08T08:39:06.952+0000] {processor.py:840} INFO - DAG(s) 'latest_only' retrieved from /home/airflow/.local/lib/python3.8/site-packages/airflow/example_dags/example_latest_only.py
[2024-04-08T08:39:06.974+0000] {logging_mixin.py:188} INFO - [2024-04-08T08:39:06.974+0000] {dag.py:3047} INFO - Sync 1 DAGs
[2024-04-08T08:39:07.000+0000] {logging_mixin.py:188} INFO - [2024-04-08T08:39:06.999+0000] {dag.py:3834} INFO - Setting next_dagrun for latest_only to 2024-04-08 04:00:00+00:00, run_after=2024-04-08 08:00:00+00:00
[2024-04-08T08:39:07.025+0000] {processor.py:183} INFO - Processing /home/airflow/.local/lib/python3.8/site-packages/airflow/example_dags/example_latest_only.py took 0.082 seconds
[2024-04-08T08:39:37.396+0000] {processor.py:161} INFO - Started process (PID=6542) to work on /home/airflow/.local/lib/python3.8/site-packages/airflow/example_dags/example_latest_only.py
[2024-04-08T08:39:37.397+0000] {processor.py:830} INFO - Processing file /home/airflow/.local/lib/python3.8/site-packages/airflow/example_dags/example_latest_only.py for tasks to queue
[2024-04-08T08:39:37.398+0000] {logging_mixin.py:188} INFO - [2024-04-08T08:39:37.398+0000] {dagbag.py:540} INFO - Filling up the DagBag from /home/airflow/.local/lib/python3.8/site-packages/airflow/example_dags/example_latest_only.py
[2024-04-08T08:39:37.403+0000] {processor.py:840} INFO - DAG(s) 'latest_only' retrieved from /home/airflow/.local/lib/python3.8/site-packages/airflow/example_dags/example_latest_only.py
[2024-04-08T08:39:37.426+0000] {logging_mixin.py:188} INFO - [2024-04-08T08:39:37.426+0000] {dag.py:3047} INFO - Sync 1 DAGs
[2024-04-08T08:39:37.454+0000] {logging_mixin.py:188} INFO - [2024-04-08T08:39:37.454+0000] {dag.py:3834} INFO - Setting next_dagrun for latest_only to 2024-04-08 04:00:00+00:00, run_after=2024-04-08 08:00:00+00:00
[2024-04-08T08:39:37.478+0000] {processor.py:183} INFO - Processing /home/airflow/.local/lib/python3.8/site-packages/airflow/example_dags/example_latest_only.py took 0.086 seconds
[2024-04-08T08:40:07.779+0000] {processor.py:161} INFO - Started process (PID=6799) to work on /home/airflow/.local/lib/python3.8/site-packages/airflow/example_dags/example_latest_only.py
[2024-04-08T08:40:07.780+0000] {processor.py:830} INFO - Processing file /home/airflow/.local/lib/python3.8/site-packages/airflow/example_dags/example_latest_only.py for tasks to queue
[2024-04-08T08:40:07.781+0000] {logging_mixin.py:188} INFO - [2024-04-08T08:40:07.780+0000] {dagbag.py:540} INFO - Filling up the DagBag from /home/airflow/.local/lib/python3.8/site-packages/airflow/example_dags/example_latest_only.py
[2024-04-08T08:40:07.787+0000] {processor.py:840} INFO - DAG(s) 'latest_only' retrieved from /home/airflow/.local/lib/python3.8/site-packages/airflow/example_dags/example_latest_only.py
[2024-04-08T08:40:07.810+0000] {logging_mixin.py:188} INFO - [2024-04-08T08:40:07.810+0000] {dag.py:3047} INFO - Sync 1 DAGs
[2024-04-08T08:40:07.838+0000] {logging_mixin.py:188} INFO - [2024-04-08T08:40:07.838+0000] {dag.py:3834} INFO - Setting next_dagrun for latest_only to 2024-04-08 04:00:00+00:00, run_after=2024-04-08 08:00:00+00:00
[2024-04-08T08:40:07.863+0000] {processor.py:183} INFO - Processing /home/airflow/.local/lib/python3.8/site-packages/airflow/example_dags/example_latest_only.py took 0.087 seconds
[2024-04-08T08:40:38.112+0000] {processor.py:161} INFO - Started process (PID=7056) to work on /home/airflow/.local/lib/python3.8/site-packages/airflow/example_dags/example_latest_only.py
[2024-04-08T08:40:38.113+0000] {processor.py:830} INFO - Processing file /home/airflow/.local/lib/python3.8/site-packages/airflow/example_dags/example_latest_only.py for tasks to queue
[2024-04-08T08:40:38.114+0000] {logging_mixin.py:188} INFO - [2024-04-08T08:40:38.114+0000] {dagbag.py:540} INFO - Filling up the DagBag from /home/airflow/.local/lib/python3.8/site-packages/airflow/example_dags/example_latest_only.py
[2024-04-08T08:40:38.123+0000] {processor.py:840} INFO - DAG(s) 'latest_only' retrieved from /home/airflow/.local/lib/python3.8/site-packages/airflow/example_dags/example_latest_only.py
[2024-04-08T08:40:38.160+0000] {logging_mixin.py:188} INFO - [2024-04-08T08:40:38.160+0000] {dag.py:3047} INFO - Sync 1 DAGs
[2024-04-08T08:40:38.195+0000] {logging_mixin.py:188} INFO - [2024-04-08T08:40:38.195+0000] {dag.py:3834} INFO - Setting next_dagrun for latest_only to 2024-04-08 04:00:00+00:00, run_after=2024-04-08 08:00:00+00:00
[2024-04-08T08:40:38.247+0000] {processor.py:183} INFO - Processing /home/airflow/.local/lib/python3.8/site-packages/airflow/example_dags/example_latest_only.py took 0.140 seconds
[2024-04-08T08:41:08.839+0000] {processor.py:161} INFO - Started process (PID=7319) to work on /home/airflow/.local/lib/python3.8/site-packages/airflow/example_dags/example_latest_only.py
[2024-04-08T08:41:08.840+0000] {processor.py:830} INFO - Processing file /home/airflow/.local/lib/python3.8/site-packages/airflow/example_dags/example_latest_only.py for tasks to queue
[2024-04-08T08:41:08.841+0000] {logging_mixin.py:188} INFO - [2024-04-08T08:41:08.841+0000] {dagbag.py:540} INFO - Filling up the DagBag from /home/airflow/.local/lib/python3.8/site-packages/airflow/example_dags/example_latest_only.py
[2024-04-08T08:41:08.847+0000] {processor.py:840} INFO - DAG(s) 'latest_only' retrieved from /home/airflow/.local/lib/python3.8/site-packages/airflow/example_dags/example_latest_only.py
[2024-04-08T08:41:08.869+0000] {logging_mixin.py:188} INFO - [2024-04-08T08:41:08.869+0000] {dag.py:3047} INFO - Sync 1 DAGs
[2024-04-08T08:41:08.894+0000] {logging_mixin.py:188} INFO - [2024-04-08T08:41:08.893+0000] {dag.py:3834} INFO - Setting next_dagrun for latest_only to 2024-04-08 04:00:00+00:00, run_after=2024-04-08 08:00:00+00:00
[2024-04-08T08:41:08.918+0000] {processor.py:183} INFO - Processing /home/airflow/.local/lib/python3.8/site-packages/airflow/example_dags/example_latest_only.py took 0.083 seconds
[2024-04-08T08:41:39.139+0000] {processor.py:161} INFO - Started process (PID=7576) to work on /home/airflow/.local/lib/python3.8/site-packages/airflow/example_dags/example_latest_only.py
[2024-04-08T08:41:39.140+0000] {processor.py:830} INFO - Processing file /home/airflow/.local/lib/python3.8/site-packages/airflow/example_dags/example_latest_only.py for tasks to queue
[2024-04-08T08:41:39.141+0000] {logging_mixin.py:188} INFO - [2024-04-08T08:41:39.140+0000] {dagbag.py:540} INFO - Filling up the DagBag from /home/airflow/.local/lib/python3.8/site-packages/airflow/example_dags/example_latest_only.py
[2024-04-08T08:41:39.147+0000] {processor.py:840} INFO - DAG(s) 'latest_only' retrieved from /home/airflow/.local/lib/python3.8/site-packages/airflow/example_dags/example_latest_only.py
[2024-04-08T08:41:39.179+0000] {logging_mixin.py:188} INFO - [2024-04-08T08:41:39.179+0000] {dag.py:3047} INFO - Sync 1 DAGs
[2024-04-08T08:41:39.206+0000] {logging_mixin.py:188} INFO - [2024-04-08T08:41:39.206+0000] {dag.py:3834} INFO - Setting next_dagrun for latest_only to 2024-04-08 04:00:00+00:00, run_after=2024-04-08 08:00:00+00:00
[2024-04-08T08:41:39.232+0000] {processor.py:183} INFO - Processing /home/airflow/.local/lib/python3.8/site-packages/airflow/example_dags/example_latest_only.py took 0.097 seconds
[2024-04-08T08:42:09.493+0000] {processor.py:161} INFO - Started process (PID=7833) to work on /home/airflow/.local/lib/python3.8/site-packages/airflow/example_dags/example_latest_only.py
[2024-04-08T08:42:09.494+0000] {processor.py:830} INFO - Processing file /home/airflow/.local/lib/python3.8/site-packages/airflow/example_dags/example_latest_only.py for tasks to queue
[2024-04-08T08:42:09.495+0000] {logging_mixin.py:188} INFO - [2024-04-08T08:42:09.495+0000] {dagbag.py:540} INFO - Filling up the DagBag from /home/airflow/.local/lib/python3.8/site-packages/airflow/example_dags/example_latest_only.py
[2024-04-08T08:42:09.501+0000] {processor.py:840} INFO - DAG(s) 'latest_only' retrieved from /home/airflow/.local/lib/python3.8/site-packages/airflow/example_dags/example_latest_only.py
[2024-04-08T08:42:09.522+0000] {logging_mixin.py:188} INFO - [2024-04-08T08:42:09.522+0000] {dag.py:3047} INFO - Sync 1 DAGs
[2024-04-08T08:42:09.547+0000] {logging_mixin.py:188} INFO - [2024-04-08T08:42:09.546+0000] {dag.py:3834} INFO - Setting next_dagrun for latest_only to 2024-04-08 04:00:00+00:00, run_after=2024-04-08 08:00:00+00:00
[2024-04-08T08:42:09.571+0000] {processor.py:183} INFO - Processing /home/airflow/.local/lib/python3.8/site-packages/airflow/example_dags/example_latest_only.py took 0.081 seconds
[2024-04-08T08:42:39.841+0000] {processor.py:161} INFO - Started process (PID=8090) to work on /home/airflow/.local/lib/python3.8/site-packages/airflow/example_dags/example_latest_only.py
[2024-04-08T08:42:39.842+0000] {processor.py:830} INFO - Processing file /home/airflow/.local/lib/python3.8/site-packages/airflow/example_dags/example_latest_only.py for tasks to queue
[2024-04-08T08:42:39.842+0000] {logging_mixin.py:188} INFO - [2024-04-08T08:42:39.842+0000] {dagbag.py:540} INFO - Filling up the DagBag from /home/airflow/.local/lib/python3.8/site-packages/airflow/example_dags/example_latest_only.py
[2024-04-08T08:42:39.848+0000] {processor.py:840} INFO - DAG(s) 'latest_only' retrieved from /home/airflow/.local/lib/python3.8/site-packages/airflow/example_dags/example_latest_only.py
[2024-04-08T08:42:39.869+0000] {logging_mixin.py:188} INFO - [2024-04-08T08:42:39.869+0000] {dag.py:3047} INFO - Sync 1 DAGs
[2024-04-08T08:42:39.894+0000] {logging_mixin.py:188} INFO - [2024-04-08T08:42:39.894+0000] {dag.py:3834} INFO - Setting next_dagrun for latest_only to 2024-04-08 04:00:00+00:00, run_after=2024-04-08 08:00:00+00:00
[2024-04-08T08:42:39.919+0000] {processor.py:183} INFO - Processing /home/airflow/.local/lib/python3.8/site-packages/airflow/example_dags/example_latest_only.py took 0.082 seconds
[2024-04-08T08:43:10.407+0000] {processor.py:161} INFO - Started process (PID=8347) to work on /home/airflow/.local/lib/python3.8/site-packages/airflow/example_dags/example_latest_only.py
[2024-04-08T08:43:10.408+0000] {processor.py:830} INFO - Processing file /home/airflow/.local/lib/python3.8/site-packages/airflow/example_dags/example_latest_only.py for tasks to queue
[2024-04-08T08:43:10.409+0000] {logging_mixin.py:188} INFO - [2024-04-08T08:43:10.408+0000] {dagbag.py:540} INFO - Filling up the DagBag from /home/airflow/.local/lib/python3.8/site-packages/airflow/example_dags/example_latest_only.py
[2024-04-08T08:43:10.422+0000] {processor.py:840} INFO - DAG(s) 'latest_only' retrieved from /home/airflow/.local/lib/python3.8/site-packages/airflow/example_dags/example_latest_only.py
[2024-04-08T08:43:10.449+0000] {logging_mixin.py:188} INFO - [2024-04-08T08:43:10.448+0000] {dag.py:3047} INFO - Sync 1 DAGs
[2024-04-08T08:43:10.478+0000] {logging_mixin.py:188} INFO - [2024-04-08T08:43:10.477+0000] {dag.py:3834} INFO - Setting next_dagrun for latest_only to 2024-04-08 04:00:00+00:00, run_after=2024-04-08 08:00:00+00:00
[2024-04-08T08:43:10.501+0000] {processor.py:183} INFO - Processing /home/airflow/.local/lib/python3.8/site-packages/airflow/example_dags/example_latest_only.py took 0.098 seconds
[2024-04-08T08:43:40.853+0000] {processor.py:161} INFO - Started process (PID=8604) to work on /home/airflow/.local/lib/python3.8/site-packages/airflow/example_dags/example_latest_only.py
[2024-04-08T08:43:40.863+0000] {processor.py:830} INFO - Processing file /home/airflow/.local/lib/python3.8/site-packages/airflow/example_dags/example_latest_only.py for tasks to queue
[2024-04-08T08:43:40.867+0000] {logging_mixin.py:188} INFO - [2024-04-08T08:43:40.866+0000] {dagbag.py:540} INFO - Filling up the DagBag from /home/airflow/.local/lib/python3.8/site-packages/airflow/example_dags/example_latest_only.py
[2024-04-08T08:43:40.891+0000] {processor.py:840} INFO - DAG(s) 'latest_only' retrieved from /home/airflow/.local/lib/python3.8/site-packages/airflow/example_dags/example_latest_only.py
[2024-04-08T08:43:40.947+0000] {logging_mixin.py:188} INFO - [2024-04-08T08:43:40.946+0000] {dag.py:3047} INFO - Sync 1 DAGs
[2024-04-08T08:43:40.975+0000] {logging_mixin.py:188} INFO - [2024-04-08T08:43:40.974+0000] {dag.py:3834} INFO - Setting next_dagrun for latest_only to 2024-04-08 04:00:00+00:00, run_after=2024-04-08 08:00:00+00:00
[2024-04-08T08:43:40.999+0000] {processor.py:183} INFO - Processing /home/airflow/.local/lib/python3.8/site-packages/airflow/example_dags/example_latest_only.py took 0.151 seconds
[2024-04-08T08:44:11.587+0000] {processor.py:161} INFO - Started process (PID=8862) to work on /home/airflow/.local/lib/python3.8/site-packages/airflow/example_dags/example_latest_only.py
[2024-04-08T08:44:11.588+0000] {processor.py:830} INFO - Processing file /home/airflow/.local/lib/python3.8/site-packages/airflow/example_dags/example_latest_only.py for tasks to queue
[2024-04-08T08:44:11.589+0000] {logging_mixin.py:188} INFO - [2024-04-08T08:44:11.589+0000] {dagbag.py:540} INFO - Filling up the DagBag from /home/airflow/.local/lib/python3.8/site-packages/airflow/example_dags/example_latest_only.py
[2024-04-08T08:44:11.593+0000] {processor.py:840} INFO - DAG(s) 'latest_only' retrieved from /home/airflow/.local/lib/python3.8/site-packages/airflow/example_dags/example_latest_only.py
[2024-04-08T08:44:11.616+0000] {logging_mixin.py:188} INFO - [2024-04-08T08:44:11.616+0000] {dag.py:3047} INFO - Sync 1 DAGs
[2024-04-08T08:44:11.643+0000] {logging_mixin.py:188} INFO - [2024-04-08T08:44:11.643+0000] {dag.py:3834} INFO - Setting next_dagrun for latest_only to 2024-04-08 04:00:00+00:00, run_after=2024-04-08 08:00:00+00:00
[2024-04-08T08:44:11.666+0000] {processor.py:183} INFO - Processing /home/airflow/.local/lib/python3.8/site-packages/airflow/example_dags/example_latest_only.py took 0.083 seconds
[2024-04-08T08:44:41.930+0000] {processor.py:161} INFO - Started process (PID=9121) to work on /home/airflow/.local/lib/python3.8/site-packages/airflow/example_dags/example_latest_only.py
[2024-04-08T08:44:41.931+0000] {processor.py:830} INFO - Processing file /home/airflow/.local/lib/python3.8/site-packages/airflow/example_dags/example_latest_only.py for tasks to queue
[2024-04-08T08:44:41.932+0000] {logging_mixin.py:188} INFO - [2024-04-08T08:44:41.931+0000] {dagbag.py:540} INFO - Filling up the DagBag from /home/airflow/.local/lib/python3.8/site-packages/airflow/example_dags/example_latest_only.py
[2024-04-08T08:44:41.938+0000] {processor.py:840} INFO - DAG(s) 'latest_only' retrieved from /home/airflow/.local/lib/python3.8/site-packages/airflow/example_dags/example_latest_only.py
[2024-04-08T08:44:41.961+0000] {logging_mixin.py:188} INFO - [2024-04-08T08:44:41.961+0000] {dag.py:3047} INFO - Sync 1 DAGs
[2024-04-08T08:44:41.988+0000] {logging_mixin.py:188} INFO - [2024-04-08T08:44:41.988+0000] {dag.py:3834} INFO - Setting next_dagrun for latest_only to 2024-04-08 04:00:00+00:00, run_after=2024-04-08 08:00:00+00:00
[2024-04-08T08:44:42.017+0000] {processor.py:183} INFO - Processing /home/airflow/.local/lib/python3.8/site-packages/airflow/example_dags/example_latest_only.py took 0.091 seconds
[2024-04-08T08:45:12.310+0000] {processor.py:161} INFO - Started process (PID=9379) to work on /home/airflow/.local/lib/python3.8/site-packages/airflow/example_dags/example_latest_only.py
[2024-04-08T08:45:12.312+0000] {processor.py:830} INFO - Processing file /home/airflow/.local/lib/python3.8/site-packages/airflow/example_dags/example_latest_only.py for tasks to queue
[2024-04-08T08:45:12.314+0000] {logging_mixin.py:188} INFO - [2024-04-08T08:45:12.313+0000] {dagbag.py:540} INFO - Filling up the DagBag from /home/airflow/.local/lib/python3.8/site-packages/airflow/example_dags/example_latest_only.py
[2024-04-08T08:45:12.319+0000] {processor.py:840} INFO - DAG(s) 'latest_only' retrieved from /home/airflow/.local/lib/python3.8/site-packages/airflow/example_dags/example_latest_only.py
[2024-04-08T08:45:12.340+0000] {logging_mixin.py:188} INFO - [2024-04-08T08:45:12.340+0000] {dag.py:3047} INFO - Sync 1 DAGs
[2024-04-08T08:45:12.364+0000] {logging_mixin.py:188} INFO - [2024-04-08T08:45:12.364+0000] {dag.py:3834} INFO - Setting next_dagrun for latest_only to 2024-04-08 04:00:00+00:00, run_after=2024-04-08 08:00:00+00:00
[2024-04-08T08:45:12.389+0000] {processor.py:183} INFO - Processing /home/airflow/.local/lib/python3.8/site-packages/airflow/example_dags/example_latest_only.py took 0.083 seconds
[2024-04-08T08:45:42.629+0000] {processor.py:161} INFO - Started process (PID=9636) to work on /home/airflow/.local/lib/python3.8/site-packages/airflow/example_dags/example_latest_only.py
[2024-04-08T08:45:42.631+0000] {processor.py:830} INFO - Processing file /home/airflow/.local/lib/python3.8/site-packages/airflow/example_dags/example_latest_only.py for tasks to queue
[2024-04-08T08:45:42.632+0000] {logging_mixin.py:188} INFO - [2024-04-08T08:45:42.632+0000] {dagbag.py:540} INFO - Filling up the DagBag from /home/airflow/.local/lib/python3.8/site-packages/airflow/example_dags/example_latest_only.py
[2024-04-08T08:45:42.638+0000] {processor.py:840} INFO - DAG(s) 'latest_only' retrieved from /home/airflow/.local/lib/python3.8/site-packages/airflow/example_dags/example_latest_only.py
[2024-04-08T08:45:42.660+0000] {logging_mixin.py:188} INFO - [2024-04-08T08:45:42.660+0000] {dag.py:3047} INFO - Sync 1 DAGs
[2024-04-08T08:45:42.687+0000] {logging_mixin.py:188} INFO - [2024-04-08T08:45:42.687+0000] {dag.py:3834} INFO - Setting next_dagrun for latest_only to 2024-04-08 04:00:00+00:00, run_after=2024-04-08 08:00:00+00:00
[2024-04-08T08:45:42.711+0000] {processor.py:183} INFO - Processing /home/airflow/.local/lib/python3.8/site-packages/airflow/example_dags/example_latest_only.py took 0.087 seconds
[2024-04-08T08:46:12.949+0000] {processor.py:161} INFO - Started process (PID=9893) to work on /home/airflow/.local/lib/python3.8/site-packages/airflow/example_dags/example_latest_only.py
[2024-04-08T08:46:12.950+0000] {processor.py:830} INFO - Processing file /home/airflow/.local/lib/python3.8/site-packages/airflow/example_dags/example_latest_only.py for tasks to queue
[2024-04-08T08:46:12.951+0000] {logging_mixin.py:188} INFO - [2024-04-08T08:46:12.951+0000] {dagbag.py:540} INFO - Filling up the DagBag from /home/airflow/.local/lib/python3.8/site-packages/airflow/example_dags/example_latest_only.py
[2024-04-08T08:46:12.957+0000] {processor.py:840} INFO - DAG(s) 'latest_only' retrieved from /home/airflow/.local/lib/python3.8/site-packages/airflow/example_dags/example_latest_only.py
[2024-04-08T08:46:12.981+0000] {logging_mixin.py:188} INFO - [2024-04-08T08:46:12.980+0000] {dag.py:3047} INFO - Sync 1 DAGs
[2024-04-08T08:46:13.006+0000] {logging_mixin.py:188} INFO - [2024-04-08T08:46:13.006+0000] {dag.py:3834} INFO - Setting next_dagrun for latest_only to 2024-04-08 04:00:00+00:00, run_after=2024-04-08 08:00:00+00:00
[2024-04-08T08:46:13.031+0000] {processor.py:183} INFO - Processing /home/airflow/.local/lib/python3.8/site-packages/airflow/example_dags/example_latest_only.py took 0.084 seconds
[2024-04-08T08:46:43.558+0000] {processor.py:161} INFO - Started process (PID=10150) to work on /home/airflow/.local/lib/python3.8/site-packages/airflow/example_dags/example_latest_only.py
[2024-04-08T08:46:43.559+0000] {processor.py:830} INFO - Processing file /home/airflow/.local/lib/python3.8/site-packages/airflow/example_dags/example_latest_only.py for tasks to queue
[2024-04-08T08:46:43.560+0000] {logging_mixin.py:188} INFO - [2024-04-08T08:46:43.560+0000] {dagbag.py:540} INFO - Filling up the DagBag from /home/airflow/.local/lib/python3.8/site-packages/airflow/example_dags/example_latest_only.py
[2024-04-08T08:46:43.567+0000] {processor.py:840} INFO - DAG(s) 'latest_only' retrieved from /home/airflow/.local/lib/python3.8/site-packages/airflow/example_dags/example_latest_only.py
[2024-04-08T08:46:43.588+0000] {logging_mixin.py:188} INFO - [2024-04-08T08:46:43.588+0000] {dag.py:3047} INFO - Sync 1 DAGs
[2024-04-08T08:46:43.616+0000] {logging_mixin.py:188} INFO - [2024-04-08T08:46:43.616+0000] {dag.py:3834} INFO - Setting next_dagrun for latest_only to 2024-04-08 04:00:00+00:00, run_after=2024-04-08 08:00:00+00:00
[2024-04-08T08:46:43.640+0000] {processor.py:183} INFO - Processing /home/airflow/.local/lib/python3.8/site-packages/airflow/example_dags/example_latest_only.py took 0.085 seconds
[2024-04-08T08:47:14.225+0000] {processor.py:161} INFO - Started process (PID=10407) to work on /home/airflow/.local/lib/python3.8/site-packages/airflow/example_dags/example_latest_only.py
[2024-04-08T08:47:14.227+0000] {processor.py:830} INFO - Processing file /home/airflow/.local/lib/python3.8/site-packages/airflow/example_dags/example_latest_only.py for tasks to queue
[2024-04-08T08:47:14.228+0000] {logging_mixin.py:188} INFO - [2024-04-08T08:47:14.228+0000] {dagbag.py:540} INFO - Filling up the DagBag from /home/airflow/.local/lib/python3.8/site-packages/airflow/example_dags/example_latest_only.py
[2024-04-08T08:47:14.247+0000] {processor.py:840} INFO - DAG(s) 'latest_only' retrieved from /home/airflow/.local/lib/python3.8/site-packages/airflow/example_dags/example_latest_only.py
[2024-04-08T08:47:14.270+0000] {logging_mixin.py:188} INFO - [2024-04-08T08:47:14.269+0000] {dag.py:3047} INFO - Sync 1 DAGs
[2024-04-08T08:47:14.293+0000] {logging_mixin.py:188} INFO - [2024-04-08T08:47:14.292+0000] {dag.py:3834} INFO - Setting next_dagrun for latest_only to 2024-04-08 04:00:00+00:00, run_after=2024-04-08 08:00:00+00:00
[2024-04-08T08:47:14.319+0000] {processor.py:183} INFO - Processing /home/airflow/.local/lib/python3.8/site-packages/airflow/example_dags/example_latest_only.py took 0.109 seconds
[2024-04-08T08:47:44.453+0000] {processor.py:161} INFO - Started process (PID=10664) to work on /home/airflow/.local/lib/python3.8/site-packages/airflow/example_dags/example_latest_only.py
[2024-04-08T08:47:44.455+0000] {processor.py:830} INFO - Processing file /home/airflow/.local/lib/python3.8/site-packages/airflow/example_dags/example_latest_only.py for tasks to queue
[2024-04-08T08:47:44.456+0000] {logging_mixin.py:188} INFO - [2024-04-08T08:47:44.456+0000] {dagbag.py:540} INFO - Filling up the DagBag from /home/airflow/.local/lib/python3.8/site-packages/airflow/example_dags/example_latest_only.py
[2024-04-08T08:47:44.462+0000] {processor.py:840} INFO - DAG(s) 'latest_only' retrieved from /home/airflow/.local/lib/python3.8/site-packages/airflow/example_dags/example_latest_only.py
[2024-04-08T08:47:44.483+0000] {logging_mixin.py:188} INFO - [2024-04-08T08:47:44.482+0000] {dag.py:3047} INFO - Sync 1 DAGs
[2024-04-08T08:47:44.505+0000] {logging_mixin.py:188} INFO - [2024-04-08T08:47:44.505+0000] {dag.py:3834} INFO - Setting next_dagrun for latest_only to 2024-04-08 04:00:00+00:00, run_after=2024-04-08 08:00:00+00:00
[2024-04-08T08:47:44.531+0000] {processor.py:183} INFO - Processing /home/airflow/.local/lib/python3.8/site-packages/airflow/example_dags/example_latest_only.py took 0.081 seconds
[2024-04-08T08:48:15.432+0000] {processor.py:161} INFO - Started process (PID=10921) to work on /home/airflow/.local/lib/python3.8/site-packages/airflow/example_dags/example_latest_only.py
[2024-04-08T08:48:15.433+0000] {processor.py:830} INFO - Processing file /home/airflow/.local/lib/python3.8/site-packages/airflow/example_dags/example_latest_only.py for tasks to queue
[2024-04-08T08:48:15.434+0000] {logging_mixin.py:188} INFO - [2024-04-08T08:48:15.434+0000] {dagbag.py:540} INFO - Filling up the DagBag from /home/airflow/.local/lib/python3.8/site-packages/airflow/example_dags/example_latest_only.py
[2024-04-08T08:48:15.438+0000] {processor.py:840} INFO - DAG(s) 'latest_only' retrieved from /home/airflow/.local/lib/python3.8/site-packages/airflow/example_dags/example_latest_only.py
[2024-04-08T08:48:15.466+0000] {logging_mixin.py:188} INFO - [2024-04-08T08:48:15.466+0000] {dag.py:3047} INFO - Sync 1 DAGs
[2024-04-08T08:48:15.492+0000] {logging_mixin.py:188} INFO - [2024-04-08T08:48:15.492+0000] {dag.py:3834} INFO - Setting next_dagrun for latest_only to 2024-04-08 04:00:00+00:00, run_after=2024-04-08 08:00:00+00:00
[2024-04-08T08:48:15.515+0000] {processor.py:183} INFO - Processing /home/airflow/.local/lib/python3.8/site-packages/airflow/example_dags/example_latest_only.py took 0.087 seconds
[2024-04-08T08:48:45.812+0000] {processor.py:161} INFO - Started process (PID=11178) to work on /home/airflow/.local/lib/python3.8/site-packages/airflow/example_dags/example_latest_only.py
[2024-04-08T08:48:45.813+0000] {processor.py:830} INFO - Processing file /home/airflow/.local/lib/python3.8/site-packages/airflow/example_dags/example_latest_only.py for tasks to queue
[2024-04-08T08:48:45.813+0000] {logging_mixin.py:188} INFO - [2024-04-08T08:48:45.813+0000] {dagbag.py:540} INFO - Filling up the DagBag from /home/airflow/.local/lib/python3.8/site-packages/airflow/example_dags/example_latest_only.py
[2024-04-08T08:48:45.819+0000] {processor.py:840} INFO - DAG(s) 'latest_only' retrieved from /home/airflow/.local/lib/python3.8/site-packages/airflow/example_dags/example_latest_only.py
[2024-04-08T08:48:45.842+0000] {logging_mixin.py:188} INFO - [2024-04-08T08:48:45.841+0000] {dag.py:3047} INFO - Sync 1 DAGs
[2024-04-08T08:48:45.866+0000] {logging_mixin.py:188} INFO - [2024-04-08T08:48:45.866+0000] {dag.py:3834} INFO - Setting next_dagrun for latest_only to 2024-04-08 04:00:00+00:00, run_after=2024-04-08 08:00:00+00:00
[2024-04-08T08:48:45.892+0000] {processor.py:183} INFO - Processing /home/airflow/.local/lib/python3.8/site-packages/airflow/example_dags/example_latest_only.py took 0.083 seconds
[2024-04-08T08:49:16.226+0000] {processor.py:161} INFO - Started process (PID=11435) to work on /home/airflow/.local/lib/python3.8/site-packages/airflow/example_dags/example_latest_only.py
[2024-04-08T08:49:16.227+0000] {processor.py:830} INFO - Processing file /home/airflow/.local/lib/python3.8/site-packages/airflow/example_dags/example_latest_only.py for tasks to queue
[2024-04-08T08:49:16.227+0000] {logging_mixin.py:188} INFO - [2024-04-08T08:49:16.227+0000] {dagbag.py:540} INFO - Filling up the DagBag from /home/airflow/.local/lib/python3.8/site-packages/airflow/example_dags/example_latest_only.py
[2024-04-08T08:49:16.233+0000] {processor.py:840} INFO - DAG(s) 'latest_only' retrieved from /home/airflow/.local/lib/python3.8/site-packages/airflow/example_dags/example_latest_only.py
[2024-04-08T08:49:16.255+0000] {logging_mixin.py:188} INFO - [2024-04-08T08:49:16.255+0000] {dag.py:3047} INFO - Sync 1 DAGs
[2024-04-08T08:49:16.281+0000] {logging_mixin.py:188} INFO - [2024-04-08T08:49:16.281+0000] {dag.py:3834} INFO - Setting next_dagrun for latest_only to 2024-04-08 04:00:00+00:00, run_after=2024-04-08 08:00:00+00:00
[2024-04-08T08:49:16.306+0000] {processor.py:183} INFO - Processing /home/airflow/.local/lib/python3.8/site-packages/airflow/example_dags/example_latest_only.py took 0.084 seconds
[2024-04-08T08:49:46.677+0000] {processor.py:161} INFO - Started process (PID=11693) to work on /home/airflow/.local/lib/python3.8/site-packages/airflow/example_dags/example_latest_only.py
[2024-04-08T08:49:46.678+0000] {processor.py:830} INFO - Processing file /home/airflow/.local/lib/python3.8/site-packages/airflow/example_dags/example_latest_only.py for tasks to queue
[2024-04-08T08:49:46.680+0000] {logging_mixin.py:188} INFO - [2024-04-08T08:49:46.679+0000] {dagbag.py:540} INFO - Filling up the DagBag from /home/airflow/.local/lib/python3.8/site-packages/airflow/example_dags/example_latest_only.py
[2024-04-08T08:49:46.684+0000] {processor.py:840} INFO - DAG(s) 'latest_only' retrieved from /home/airflow/.local/lib/python3.8/site-packages/airflow/example_dags/example_latest_only.py
[2024-04-08T08:49:46.707+0000] {logging_mixin.py:188} INFO - [2024-04-08T08:49:46.707+0000] {dag.py:3047} INFO - Sync 1 DAGs
[2024-04-08T08:49:46.737+0000] {logging_mixin.py:188} INFO - [2024-04-08T08:49:46.737+0000] {dag.py:3834} INFO - Setting next_dagrun for latest_only to 2024-04-08 04:00:00+00:00, run_after=2024-04-08 08:00:00+00:00
[2024-04-08T08:49:46.764+0000] {processor.py:183} INFO - Processing /home/airflow/.local/lib/python3.8/site-packages/airflow/example_dags/example_latest_only.py took 0.091 seconds
[2024-04-08T08:50:17.266+0000] {processor.py:161} INFO - Started process (PID=11949) to work on /home/airflow/.local/lib/python3.8/site-packages/airflow/example_dags/example_latest_only.py
[2024-04-08T08:50:17.268+0000] {processor.py:830} INFO - Processing file /home/airflow/.local/lib/python3.8/site-packages/airflow/example_dags/example_latest_only.py for tasks to queue
[2024-04-08T08:50:17.269+0000] {logging_mixin.py:188} INFO - [2024-04-08T08:50:17.268+0000] {dagbag.py:540} INFO - Filling up the DagBag from /home/airflow/.local/lib/python3.8/site-packages/airflow/example_dags/example_latest_only.py
[2024-04-08T08:50:17.274+0000] {processor.py:840} INFO - DAG(s) 'latest_only' retrieved from /home/airflow/.local/lib/python3.8/site-packages/airflow/example_dags/example_latest_only.py
[2024-04-08T08:50:17.300+0000] {logging_mixin.py:188} INFO - [2024-04-08T08:50:17.300+0000] {dag.py:3047} INFO - Sync 1 DAGs
[2024-04-08T08:50:17.328+0000] {logging_mixin.py:188} INFO - [2024-04-08T08:50:17.327+0000] {dag.py:3834} INFO - Setting next_dagrun for latest_only to 2024-04-08 04:00:00+00:00, run_after=2024-04-08 08:00:00+00:00
[2024-04-08T08:50:17.369+0000] {processor.py:183} INFO - Processing /home/airflow/.local/lib/python3.8/site-packages/airflow/example_dags/example_latest_only.py took 0.107 seconds
[2024-04-08T08:50:47.621+0000] {processor.py:161} INFO - Started process (PID=12207) to work on /home/airflow/.local/lib/python3.8/site-packages/airflow/example_dags/example_latest_only.py
[2024-04-08T08:50:47.623+0000] {processor.py:830} INFO - Processing file /home/airflow/.local/lib/python3.8/site-packages/airflow/example_dags/example_latest_only.py for tasks to queue
[2024-04-08T08:50:47.624+0000] {logging_mixin.py:188} INFO - [2024-04-08T08:50:47.623+0000] {dagbag.py:540} INFO - Filling up the DagBag from /home/airflow/.local/lib/python3.8/site-packages/airflow/example_dags/example_latest_only.py
[2024-04-08T08:50:47.630+0000] {processor.py:840} INFO - DAG(s) 'latest_only' retrieved from /home/airflow/.local/lib/python3.8/site-packages/airflow/example_dags/example_latest_only.py
[2024-04-08T08:50:47.651+0000] {logging_mixin.py:188} INFO - [2024-04-08T08:50:47.651+0000] {dag.py:3047} INFO - Sync 1 DAGs
[2024-04-08T08:50:47.691+0000] {logging_mixin.py:188} INFO - [2024-04-08T08:50:47.689+0000] {dag.py:3834} INFO - Setting next_dagrun for latest_only to 2024-04-08 04:00:00+00:00, run_after=2024-04-08 08:00:00+00:00
[2024-04-08T08:50:47.729+0000] {processor.py:183} INFO - Processing /home/airflow/.local/lib/python3.8/site-packages/airflow/example_dags/example_latest_only.py took 0.112 seconds
[2024-04-08T08:51:18.156+0000] {processor.py:161} INFO - Started process (PID=12465) to work on /home/airflow/.local/lib/python3.8/site-packages/airflow/example_dags/example_latest_only.py
[2024-04-08T08:51:18.157+0000] {processor.py:830} INFO - Processing file /home/airflow/.local/lib/python3.8/site-packages/airflow/example_dags/example_latest_only.py for tasks to queue
[2024-04-08T08:51:18.158+0000] {logging_mixin.py:188} INFO - [2024-04-08T08:51:18.158+0000] {dagbag.py:540} INFO - Filling up the DagBag from /home/airflow/.local/lib/python3.8/site-packages/airflow/example_dags/example_latest_only.py
[2024-04-08T08:51:18.164+0000] {processor.py:840} INFO - DAG(s) 'latest_only' retrieved from /home/airflow/.local/lib/python3.8/site-packages/airflow/example_dags/example_latest_only.py
[2024-04-08T08:51:18.186+0000] {logging_mixin.py:188} INFO - [2024-04-08T08:51:18.186+0000] {dag.py:3047} INFO - Sync 1 DAGs
[2024-04-08T08:51:18.213+0000] {logging_mixin.py:188} INFO - [2024-04-08T08:51:18.212+0000] {dag.py:3834} INFO - Setting next_dagrun for latest_only to 2024-04-08 04:00:00+00:00, run_after=2024-04-08 08:00:00+00:00
[2024-04-08T08:51:18.236+0000] {processor.py:183} INFO - Processing /home/airflow/.local/lib/python3.8/site-packages/airflow/example_dags/example_latest_only.py took 0.084 seconds
[2024-04-08T08:51:48.524+0000] {processor.py:161} INFO - Started process (PID=12722) to work on /home/airflow/.local/lib/python3.8/site-packages/airflow/example_dags/example_latest_only.py
[2024-04-08T08:51:48.525+0000] {processor.py:830} INFO - Processing file /home/airflow/.local/lib/python3.8/site-packages/airflow/example_dags/example_latest_only.py for tasks to queue
[2024-04-08T08:51:48.526+0000] {logging_mixin.py:188} INFO - [2024-04-08T08:51:48.525+0000] {dagbag.py:540} INFO - Filling up the DagBag from /home/airflow/.local/lib/python3.8/site-packages/airflow/example_dags/example_latest_only.py
[2024-04-08T08:51:48.532+0000] {processor.py:840} INFO - DAG(s) 'latest_only' retrieved from /home/airflow/.local/lib/python3.8/site-packages/airflow/example_dags/example_latest_only.py
[2024-04-08T08:51:48.557+0000] {logging_mixin.py:188} INFO - [2024-04-08T08:51:48.557+0000] {dag.py:3047} INFO - Sync 1 DAGs
[2024-04-08T08:51:48.584+0000] {logging_mixin.py:188} INFO - [2024-04-08T08:51:48.584+0000] {dag.py:3834} INFO - Setting next_dagrun for latest_only to 2024-04-08 04:00:00+00:00, run_after=2024-04-08 08:00:00+00:00
[2024-04-08T08:51:48.607+0000] {processor.py:183} INFO - Processing /home/airflow/.local/lib/python3.8/site-packages/airflow/example_dags/example_latest_only.py took 0.086 seconds
[2024-04-08T08:52:19.149+0000] {processor.py:161} INFO - Started process (PID=12979) to work on /home/airflow/.local/lib/python3.8/site-packages/airflow/example_dags/example_latest_only.py
[2024-04-08T08:52:19.151+0000] {processor.py:830} INFO - Processing file /home/airflow/.local/lib/python3.8/site-packages/airflow/example_dags/example_latest_only.py for tasks to queue
[2024-04-08T08:52:19.152+0000] {logging_mixin.py:188} INFO - [2024-04-08T08:52:19.151+0000] {dagbag.py:540} INFO - Filling up the DagBag from /home/airflow/.local/lib/python3.8/site-packages/airflow/example_dags/example_latest_only.py
[2024-04-08T08:52:19.158+0000] {processor.py:840} INFO - DAG(s) 'latest_only' retrieved from /home/airflow/.local/lib/python3.8/site-packages/airflow/example_dags/example_latest_only.py
[2024-04-08T08:52:19.180+0000] {logging_mixin.py:188} INFO - [2024-04-08T08:52:19.180+0000] {dag.py:3047} INFO - Sync 1 DAGs
[2024-04-08T08:52:19.204+0000] {logging_mixin.py:188} INFO - [2024-04-08T08:52:19.204+0000] {dag.py:3834} INFO - Setting next_dagrun for latest_only to 2024-04-08 04:00:00+00:00, run_after=2024-04-08 08:00:00+00:00
[2024-04-08T08:52:19.229+0000] {processor.py:183} INFO - Processing /home/airflow/.local/lib/python3.8/site-packages/airflow/example_dags/example_latest_only.py took 0.083 seconds
[2024-04-08T08:52:49.741+0000] {processor.py:161} INFO - Started process (PID=13236) to work on /home/airflow/.local/lib/python3.8/site-packages/airflow/example_dags/example_latest_only.py
[2024-04-08T08:52:49.743+0000] {processor.py:830} INFO - Processing file /home/airflow/.local/lib/python3.8/site-packages/airflow/example_dags/example_latest_only.py for tasks to queue
[2024-04-08T08:52:49.744+0000] {logging_mixin.py:188} INFO - [2024-04-08T08:52:49.743+0000] {dagbag.py:540} INFO - Filling up the DagBag from /home/airflow/.local/lib/python3.8/site-packages/airflow/example_dags/example_latest_only.py
[2024-04-08T08:52:49.750+0000] {processor.py:840} INFO - DAG(s) 'latest_only' retrieved from /home/airflow/.local/lib/python3.8/site-packages/airflow/example_dags/example_latest_only.py
[2024-04-08T08:52:49.771+0000] {logging_mixin.py:188} INFO - [2024-04-08T08:52:49.771+0000] {dag.py:3047} INFO - Sync 1 DAGs
[2024-04-08T08:52:49.800+0000] {logging_mixin.py:188} INFO - [2024-04-08T08:52:49.800+0000] {dag.py:3834} INFO - Setting next_dagrun for latest_only to 2024-04-08 04:00:00+00:00, run_after=2024-04-08 08:00:00+00:00
[2024-04-08T08:52:49.823+0000] {processor.py:183} INFO - Processing /home/airflow/.local/lib/python3.8/site-packages/airflow/example_dags/example_latest_only.py took 0.086 seconds
[2024-04-08T08:53:20.003+0000] {processor.py:161} INFO - Started process (PID=13493) to work on /home/airflow/.local/lib/python3.8/site-packages/airflow/example_dags/example_latest_only.py
[2024-04-08T08:53:20.004+0000] {processor.py:830} INFO - Processing file /home/airflow/.local/lib/python3.8/site-packages/airflow/example_dags/example_latest_only.py for tasks to queue
[2024-04-08T08:53:20.005+0000] {logging_mixin.py:188} INFO - [2024-04-08T08:53:20.005+0000] {dagbag.py:540} INFO - Filling up the DagBag from /home/airflow/.local/lib/python3.8/site-packages/airflow/example_dags/example_latest_only.py
[2024-04-08T08:53:20.010+0000] {processor.py:840} INFO - DAG(s) 'latest_only' retrieved from /home/airflow/.local/lib/python3.8/site-packages/airflow/example_dags/example_latest_only.py
[2024-04-08T08:53:20.032+0000] {logging_mixin.py:188} INFO - [2024-04-08T08:53:20.032+0000] {dag.py:3047} INFO - Sync 1 DAGs
[2024-04-08T08:53:20.057+0000] {logging_mixin.py:188} INFO - [2024-04-08T08:53:20.056+0000] {dag.py:3834} INFO - Setting next_dagrun for latest_only to 2024-04-08 04:00:00+00:00, run_after=2024-04-08 08:00:00+00:00
[2024-04-08T08:53:20.080+0000] {processor.py:183} INFO - Processing /home/airflow/.local/lib/python3.8/site-packages/airflow/example_dags/example_latest_only.py took 0.081 seconds
[2024-04-08T08:53:50.614+0000] {processor.py:161} INFO - Started process (PID=13752) to work on /home/airflow/.local/lib/python3.8/site-packages/airflow/example_dags/example_latest_only.py
[2024-04-08T08:53:50.615+0000] {processor.py:830} INFO - Processing file /home/airflow/.local/lib/python3.8/site-packages/airflow/example_dags/example_latest_only.py for tasks to queue
[2024-04-08T08:53:50.615+0000] {logging_mixin.py:188} INFO - [2024-04-08T08:53:50.615+0000] {dagbag.py:540} INFO - Filling up the DagBag from /home/airflow/.local/lib/python3.8/site-packages/airflow/example_dags/example_latest_only.py
[2024-04-08T08:53:50.621+0000] {processor.py:840} INFO - DAG(s) 'latest_only' retrieved from /home/airflow/.local/lib/python3.8/site-packages/airflow/example_dags/example_latest_only.py
[2024-04-08T08:53:50.647+0000] {logging_mixin.py:188} INFO - [2024-04-08T08:53:50.646+0000] {dag.py:3047} INFO - Sync 1 DAGs
[2024-04-08T08:53:50.673+0000] {logging_mixin.py:188} INFO - [2024-04-08T08:53:50.673+0000] {dag.py:3834} INFO - Setting next_dagrun for latest_only to 2024-04-08 04:00:00+00:00, run_after=2024-04-08 08:00:00+00:00
[2024-04-08T08:53:50.696+0000] {processor.py:183} INFO - Processing /home/airflow/.local/lib/python3.8/site-packages/airflow/example_dags/example_latest_only.py took 0.086 seconds
[2024-04-08T08:54:20.943+0000] {processor.py:161} INFO - Started process (PID=14008) to work on /home/airflow/.local/lib/python3.8/site-packages/airflow/example_dags/example_latest_only.py
[2024-04-08T08:54:20.945+0000] {processor.py:830} INFO - Processing file /home/airflow/.local/lib/python3.8/site-packages/airflow/example_dags/example_latest_only.py for tasks to queue
[2024-04-08T08:54:20.946+0000] {logging_mixin.py:188} INFO - [2024-04-08T08:54:20.946+0000] {dagbag.py:540} INFO - Filling up the DagBag from /home/airflow/.local/lib/python3.8/site-packages/airflow/example_dags/example_latest_only.py
[2024-04-08T08:54:20.953+0000] {processor.py:840} INFO - DAG(s) 'latest_only' retrieved from /home/airflow/.local/lib/python3.8/site-packages/airflow/example_dags/example_latest_only.py
[2024-04-08T08:54:20.984+0000] {logging_mixin.py:188} INFO - [2024-04-08T08:54:20.984+0000] {dag.py:3047} INFO - Sync 1 DAGs
[2024-04-08T08:54:21.008+0000] {logging_mixin.py:188} INFO - [2024-04-08T08:54:21.008+0000] {dag.py:3834} INFO - Setting next_dagrun for latest_only to 2024-04-08 04:00:00+00:00, run_after=2024-04-08 08:00:00+00:00
[2024-04-08T08:54:21.033+0000] {processor.py:183} INFO - Processing /home/airflow/.local/lib/python3.8/site-packages/airflow/example_dags/example_latest_only.py took 0.093 seconds
[2024-04-08T08:54:51.301+0000] {processor.py:161} INFO - Started process (PID=14266) to work on /home/airflow/.local/lib/python3.8/site-packages/airflow/example_dags/example_latest_only.py
[2024-04-08T08:54:51.302+0000] {processor.py:830} INFO - Processing file /home/airflow/.local/lib/python3.8/site-packages/airflow/example_dags/example_latest_only.py for tasks to queue
[2024-04-08T08:54:51.302+0000] {logging_mixin.py:188} INFO - [2024-04-08T08:54:51.302+0000] {dagbag.py:540} INFO - Filling up the DagBag from /home/airflow/.local/lib/python3.8/site-packages/airflow/example_dags/example_latest_only.py
[2024-04-08T08:54:51.309+0000] {processor.py:840} INFO - DAG(s) 'latest_only' retrieved from /home/airflow/.local/lib/python3.8/site-packages/airflow/example_dags/example_latest_only.py
[2024-04-08T08:54:51.332+0000] {logging_mixin.py:188} INFO - [2024-04-08T08:54:51.332+0000] {dag.py:3047} INFO - Sync 1 DAGs
[2024-04-08T08:54:51.357+0000] {logging_mixin.py:188} INFO - [2024-04-08T08:54:51.356+0000] {dag.py:3834} INFO - Setting next_dagrun for latest_only to 2024-04-08 04:00:00+00:00, run_after=2024-04-08 08:00:00+00:00
[2024-04-08T08:54:51.405+0000] {processor.py:183} INFO - Processing /home/airflow/.local/lib/python3.8/site-packages/airflow/example_dags/example_latest_only.py took 0.108 seconds
[2024-04-08T08:55:21.735+0000] {processor.py:161} INFO - Started process (PID=14524) to work on /home/airflow/.local/lib/python3.8/site-packages/airflow/example_dags/example_latest_only.py
[2024-04-08T08:55:21.736+0000] {processor.py:830} INFO - Processing file /home/airflow/.local/lib/python3.8/site-packages/airflow/example_dags/example_latest_only.py for tasks to queue
[2024-04-08T08:55:21.737+0000] {logging_mixin.py:188} INFO - [2024-04-08T08:55:21.737+0000] {dagbag.py:540} INFO - Filling up the DagBag from /home/airflow/.local/lib/python3.8/site-packages/airflow/example_dags/example_latest_only.py
[2024-04-08T08:55:21.743+0000] {processor.py:840} INFO - DAG(s) 'latest_only' retrieved from /home/airflow/.local/lib/python3.8/site-packages/airflow/example_dags/example_latest_only.py
[2024-04-08T08:55:21.766+0000] {logging_mixin.py:188} INFO - [2024-04-08T08:55:21.765+0000] {dag.py:3047} INFO - Sync 1 DAGs
[2024-04-08T08:55:21.792+0000] {logging_mixin.py:188} INFO - [2024-04-08T08:55:21.791+0000] {dag.py:3834} INFO - Setting next_dagrun for latest_only to 2024-04-08 04:00:00+00:00, run_after=2024-04-08 08:00:00+00:00
[2024-04-08T08:55:21.838+0000] {processor.py:183} INFO - Processing /home/airflow/.local/lib/python3.8/site-packages/airflow/example_dags/example_latest_only.py took 0.107 seconds
[2024-04-08T08:55:52.079+0000] {processor.py:161} INFO - Started process (PID=14782) to work on /home/airflow/.local/lib/python3.8/site-packages/airflow/example_dags/example_latest_only.py
[2024-04-08T08:55:52.080+0000] {processor.py:830} INFO - Processing file /home/airflow/.local/lib/python3.8/site-packages/airflow/example_dags/example_latest_only.py for tasks to queue
[2024-04-08T08:55:52.081+0000] {logging_mixin.py:188} INFO - [2024-04-08T08:55:52.080+0000] {dagbag.py:540} INFO - Filling up the DagBag from /home/airflow/.local/lib/python3.8/site-packages/airflow/example_dags/example_latest_only.py
[2024-04-08T08:55:52.087+0000] {processor.py:840} INFO - DAG(s) 'latest_only' retrieved from /home/airflow/.local/lib/python3.8/site-packages/airflow/example_dags/example_latest_only.py
[2024-04-08T08:55:52.107+0000] {logging_mixin.py:188} INFO - [2024-04-08T08:55:52.107+0000] {dag.py:3047} INFO - Sync 1 DAGs
[2024-04-08T08:55:52.132+0000] {logging_mixin.py:188} INFO - [2024-04-08T08:55:52.132+0000] {dag.py:3834} INFO - Setting next_dagrun for latest_only to 2024-04-08 04:00:00+00:00, run_after=2024-04-08 08:00:00+00:00
[2024-04-08T08:55:52.157+0000] {processor.py:183} INFO - Processing /home/airflow/.local/lib/python3.8/site-packages/airflow/example_dags/example_latest_only.py took 0.082 seconds
[2024-04-08T08:56:22.395+0000] {processor.py:161} INFO - Started process (PID=15040) to work on /home/airflow/.local/lib/python3.8/site-packages/airflow/example_dags/example_latest_only.py
[2024-04-08T08:56:22.397+0000] {processor.py:830} INFO - Processing file /home/airflow/.local/lib/python3.8/site-packages/airflow/example_dags/example_latest_only.py for tasks to queue
[2024-04-08T08:56:22.398+0000] {logging_mixin.py:188} INFO - [2024-04-08T08:56:22.397+0000] {dagbag.py:540} INFO - Filling up the DagBag from /home/airflow/.local/lib/python3.8/site-packages/airflow/example_dags/example_latest_only.py
[2024-04-08T08:56:22.403+0000] {processor.py:840} INFO - DAG(s) 'latest_only' retrieved from /home/airflow/.local/lib/python3.8/site-packages/airflow/example_dags/example_latest_only.py
[2024-04-08T08:56:22.424+0000] {logging_mixin.py:188} INFO - [2024-04-08T08:56:22.424+0000] {dag.py:3047} INFO - Sync 1 DAGs
[2024-04-08T08:56:22.451+0000] {logging_mixin.py:188} INFO - [2024-04-08T08:56:22.451+0000] {dag.py:3834} INFO - Setting next_dagrun for latest_only to 2024-04-08 04:00:00+00:00, run_after=2024-04-08 08:00:00+00:00
[2024-04-08T08:56:22.493+0000] {processor.py:183} INFO - Processing /home/airflow/.local/lib/python3.8/site-packages/airflow/example_dags/example_latest_only.py took 0.101 seconds
