[2024-04-08T08:27:18.172+0000] {processor.py:161} INFO - Started process (PID=195) to work on /home/airflow/.local/lib/python3.8/site-packages/airflow/example_dags/example_sensors.py
[2024-04-08T08:27:18.173+0000] {processor.py:830} INFO - Processing file /home/airflow/.local/lib/python3.8/site-packages/airflow/example_dags/example_sensors.py for tasks to queue
[2024-04-08T08:27:18.176+0000] {logging_mixin.py:188} INFO - [2024-04-08T08:27:18.173+0000] {dagbag.py:540} INFO - Filling up the DagBag from /home/airflow/.local/lib/python3.8/site-packages/airflow/example_dags/example_sensors.py
[2024-04-08T08:27:18.250+0000] {processor.py:840} INFO - DAG(s) 'example_sensors' retrieved from /home/airflow/.local/lib/python3.8/site-packages/airflow/example_dags/example_sensors.py
[2024-04-08T08:27:18.325+0000] {logging_mixin.py:188} INFO - [2024-04-08T08:27:18.324+0000] {dag.py:3047} INFO - Sync 1 DAGs
[2024-04-08T08:27:18.344+0000] {logging_mixin.py:188} INFO - [2024-04-08T08:27:18.344+0000] {dag.py:3834} INFO - Setting next_dagrun for example_sensors to None, run_after=None
[2024-04-08T08:27:18.376+0000] {processor.py:183} INFO - Processing /home/airflow/.local/lib/python3.8/site-packages/airflow/example_dags/example_sensors.py took 0.235 seconds
[2024-04-08T08:27:48.614+0000] {processor.py:161} INFO - Started process (PID=452) to work on /home/airflow/.local/lib/python3.8/site-packages/airflow/example_dags/example_sensors.py
[2024-04-08T08:27:48.616+0000] {processor.py:830} INFO - Processing file /home/airflow/.local/lib/python3.8/site-packages/airflow/example_dags/example_sensors.py for tasks to queue
[2024-04-08T08:27:48.617+0000] {logging_mixin.py:188} INFO - [2024-04-08T08:27:48.616+0000] {dagbag.py:540} INFO - Filling up the DagBag from /home/airflow/.local/lib/python3.8/site-packages/airflow/example_dags/example_sensors.py
[2024-04-08T08:27:48.626+0000] {processor.py:840} INFO - DAG(s) 'example_sensors' retrieved from /home/airflow/.local/lib/python3.8/site-packages/airflow/example_dags/example_sensors.py
[2024-04-08T08:27:48.657+0000] {logging_mixin.py:188} INFO - [2024-04-08T08:27:48.656+0000] {dag.py:3047} INFO - Sync 1 DAGs
[2024-04-08T08:27:48.671+0000] {logging_mixin.py:188} INFO - [2024-04-08T08:27:48.671+0000] {dag.py:3834} INFO - Setting next_dagrun for example_sensors to None, run_after=None
[2024-04-08T08:27:48.700+0000] {processor.py:183} INFO - Processing /home/airflow/.local/lib/python3.8/site-packages/airflow/example_dags/example_sensors.py took 0.090 seconds
[2024-04-08T08:28:19.443+0000] {processor.py:161} INFO - Started process (PID=712) to work on /home/airflow/.local/lib/python3.8/site-packages/airflow/example_dags/example_sensors.py
[2024-04-08T08:28:19.444+0000] {processor.py:830} INFO - Processing file /home/airflow/.local/lib/python3.8/site-packages/airflow/example_dags/example_sensors.py for tasks to queue
[2024-04-08T08:28:19.445+0000] {logging_mixin.py:188} INFO - [2024-04-08T08:28:19.445+0000] {dagbag.py:540} INFO - Filling up the DagBag from /home/airflow/.local/lib/python3.8/site-packages/airflow/example_dags/example_sensors.py
[2024-04-08T08:28:19.457+0000] {processor.py:840} INFO - DAG(s) 'example_sensors' retrieved from /home/airflow/.local/lib/python3.8/site-packages/airflow/example_dags/example_sensors.py
[2024-04-08T08:28:19.493+0000] {logging_mixin.py:188} INFO - [2024-04-08T08:28:19.493+0000] {dag.py:3047} INFO - Sync 1 DAGs
[2024-04-08T08:28:19.507+0000] {logging_mixin.py:188} INFO - [2024-04-08T08:28:19.507+0000] {dag.py:3834} INFO - Setting next_dagrun for example_sensors to None, run_after=None
[2024-04-08T08:28:19.531+0000] {processor.py:183} INFO - Processing /home/airflow/.local/lib/python3.8/site-packages/airflow/example_dags/example_sensors.py took 0.091 seconds
[2024-04-08T08:28:49.962+0000] {processor.py:161} INFO - Started process (PID=968) to work on /home/airflow/.local/lib/python3.8/site-packages/airflow/example_dags/example_sensors.py
[2024-04-08T08:28:49.963+0000] {processor.py:830} INFO - Processing file /home/airflow/.local/lib/python3.8/site-packages/airflow/example_dags/example_sensors.py for tasks to queue
[2024-04-08T08:28:49.964+0000] {logging_mixin.py:188} INFO - [2024-04-08T08:28:49.964+0000] {dagbag.py:540} INFO - Filling up the DagBag from /home/airflow/.local/lib/python3.8/site-packages/airflow/example_dags/example_sensors.py
[2024-04-08T08:28:49.975+0000] {processor.py:840} INFO - DAG(s) 'example_sensors' retrieved from /home/airflow/.local/lib/python3.8/site-packages/airflow/example_dags/example_sensors.py
[2024-04-08T08:28:50.003+0000] {logging_mixin.py:188} INFO - [2024-04-08T08:28:50.003+0000] {dag.py:3047} INFO - Sync 1 DAGs
[2024-04-08T08:28:50.018+0000] {logging_mixin.py:188} INFO - [2024-04-08T08:28:50.018+0000] {dag.py:3834} INFO - Setting next_dagrun for example_sensors to None, run_after=None
[2024-04-08T08:28:50.043+0000] {processor.py:183} INFO - Processing /home/airflow/.local/lib/python3.8/site-packages/airflow/example_dags/example_sensors.py took 0.083 seconds
[2024-04-08T08:29:20.675+0000] {processor.py:161} INFO - Started process (PID=1226) to work on /home/airflow/.local/lib/python3.8/site-packages/airflow/example_dags/example_sensors.py
[2024-04-08T08:29:20.676+0000] {processor.py:830} INFO - Processing file /home/airflow/.local/lib/python3.8/site-packages/airflow/example_dags/example_sensors.py for tasks to queue
[2024-04-08T08:29:20.678+0000] {logging_mixin.py:188} INFO - [2024-04-08T08:29:20.677+0000] {dagbag.py:540} INFO - Filling up the DagBag from /home/airflow/.local/lib/python3.8/site-packages/airflow/example_dags/example_sensors.py
[2024-04-08T08:29:20.690+0000] {processor.py:840} INFO - DAG(s) 'example_sensors' retrieved from /home/airflow/.local/lib/python3.8/site-packages/airflow/example_dags/example_sensors.py
[2024-04-08T08:29:20.719+0000] {logging_mixin.py:188} INFO - [2024-04-08T08:29:20.719+0000] {dag.py:3047} INFO - Sync 1 DAGs
[2024-04-08T08:29:20.734+0000] {logging_mixin.py:188} INFO - [2024-04-08T08:29:20.734+0000] {dag.py:3834} INFO - Setting next_dagrun for example_sensors to None, run_after=None
[2024-04-08T08:29:20.759+0000] {processor.py:183} INFO - Processing /home/airflow/.local/lib/python3.8/site-packages/airflow/example_dags/example_sensors.py took 0.088 seconds
[2024-04-08T08:29:51.055+0000] {processor.py:161} INFO - Started process (PID=1483) to work on /home/airflow/.local/lib/python3.8/site-packages/airflow/example_dags/example_sensors.py
[2024-04-08T08:29:51.056+0000] {processor.py:830} INFO - Processing file /home/airflow/.local/lib/python3.8/site-packages/airflow/example_dags/example_sensors.py for tasks to queue
[2024-04-08T08:29:51.057+0000] {logging_mixin.py:188} INFO - [2024-04-08T08:29:51.056+0000] {dagbag.py:540} INFO - Filling up the DagBag from /home/airflow/.local/lib/python3.8/site-packages/airflow/example_dags/example_sensors.py
[2024-04-08T08:29:51.066+0000] {processor.py:840} INFO - DAG(s) 'example_sensors' retrieved from /home/airflow/.local/lib/python3.8/site-packages/airflow/example_dags/example_sensors.py
[2024-04-08T08:29:51.096+0000] {logging_mixin.py:188} INFO - [2024-04-08T08:29:51.095+0000] {dag.py:3047} INFO - Sync 1 DAGs
[2024-04-08T08:29:51.111+0000] {logging_mixin.py:188} INFO - [2024-04-08T08:29:51.110+0000] {dag.py:3834} INFO - Setting next_dagrun for example_sensors to None, run_after=None
[2024-04-08T08:29:51.137+0000] {processor.py:183} INFO - Processing /home/airflow/.local/lib/python3.8/site-packages/airflow/example_dags/example_sensors.py took 0.087 seconds
[2024-04-08T08:30:21.775+0000] {processor.py:161} INFO - Started process (PID=1743) to work on /home/airflow/.local/lib/python3.8/site-packages/airflow/example_dags/example_sensors.py
[2024-04-08T08:30:21.776+0000] {processor.py:830} INFO - Processing file /home/airflow/.local/lib/python3.8/site-packages/airflow/example_dags/example_sensors.py for tasks to queue
[2024-04-08T08:30:21.777+0000] {logging_mixin.py:188} INFO - [2024-04-08T08:30:21.776+0000] {dagbag.py:540} INFO - Filling up the DagBag from /home/airflow/.local/lib/python3.8/site-packages/airflow/example_dags/example_sensors.py
[2024-04-08T08:30:21.784+0000] {processor.py:840} INFO - DAG(s) 'example_sensors' retrieved from /home/airflow/.local/lib/python3.8/site-packages/airflow/example_dags/example_sensors.py
[2024-04-08T08:30:21.806+0000] {logging_mixin.py:188} INFO - [2024-04-08T08:30:21.806+0000] {dag.py:3047} INFO - Sync 1 DAGs
[2024-04-08T08:30:21.816+0000] {logging_mixin.py:188} INFO - [2024-04-08T08:30:21.816+0000] {dag.py:3834} INFO - Setting next_dagrun for example_sensors to None, run_after=None
[2024-04-08T08:30:21.835+0000] {processor.py:183} INFO - Processing /home/airflow/.local/lib/python3.8/site-packages/airflow/example_dags/example_sensors.py took 0.062 seconds
[2024-04-08T08:30:52.459+0000] {processor.py:161} INFO - Started process (PID=1998) to work on /home/airflow/.local/lib/python3.8/site-packages/airflow/example_dags/example_sensors.py
[2024-04-08T08:30:52.460+0000] {processor.py:830} INFO - Processing file /home/airflow/.local/lib/python3.8/site-packages/airflow/example_dags/example_sensors.py for tasks to queue
[2024-04-08T08:30:52.461+0000] {logging_mixin.py:188} INFO - [2024-04-08T08:30:52.461+0000] {dagbag.py:540} INFO - Filling up the DagBag from /home/airflow/.local/lib/python3.8/site-packages/airflow/example_dags/example_sensors.py
[2024-04-08T08:30:52.472+0000] {processor.py:840} INFO - DAG(s) 'example_sensors' retrieved from /home/airflow/.local/lib/python3.8/site-packages/airflow/example_dags/example_sensors.py
[2024-04-08T08:30:52.516+0000] {logging_mixin.py:188} INFO - [2024-04-08T08:30:52.516+0000] {dag.py:3047} INFO - Sync 1 DAGs
[2024-04-08T08:30:52.534+0000] {logging_mixin.py:188} INFO - [2024-04-08T08:30:52.533+0000] {dag.py:3834} INFO - Setting next_dagrun for example_sensors to None, run_after=None
[2024-04-08T08:30:52.557+0000] {processor.py:183} INFO - Processing /home/airflow/.local/lib/python3.8/site-packages/airflow/example_dags/example_sensors.py took 0.102 seconds
[2024-04-08T08:31:23.087+0000] {processor.py:161} INFO - Started process (PID=2255) to work on /home/airflow/.local/lib/python3.8/site-packages/airflow/example_dags/example_sensors.py
[2024-04-08T08:31:23.089+0000] {processor.py:830} INFO - Processing file /home/airflow/.local/lib/python3.8/site-packages/airflow/example_dags/example_sensors.py for tasks to queue
[2024-04-08T08:31:23.090+0000] {logging_mixin.py:188} INFO - [2024-04-08T08:31:23.090+0000] {dagbag.py:540} INFO - Filling up the DagBag from /home/airflow/.local/lib/python3.8/site-packages/airflow/example_dags/example_sensors.py
[2024-04-08T08:31:23.100+0000] {processor.py:840} INFO - DAG(s) 'example_sensors' retrieved from /home/airflow/.local/lib/python3.8/site-packages/airflow/example_dags/example_sensors.py
[2024-04-08T08:31:23.132+0000] {logging_mixin.py:188} INFO - [2024-04-08T08:31:23.131+0000] {dag.py:3047} INFO - Sync 1 DAGs
[2024-04-08T08:31:23.148+0000] {logging_mixin.py:188} INFO - [2024-04-08T08:31:23.148+0000] {dag.py:3834} INFO - Setting next_dagrun for example_sensors to None, run_after=None
[2024-04-08T08:31:23.174+0000] {processor.py:183} INFO - Processing /home/airflow/.local/lib/python3.8/site-packages/airflow/example_dags/example_sensors.py took 0.090 seconds
[2024-04-08T08:31:53.627+0000] {processor.py:161} INFO - Started process (PID=2512) to work on /home/airflow/.local/lib/python3.8/site-packages/airflow/example_dags/example_sensors.py
[2024-04-08T08:31:53.628+0000] {processor.py:830} INFO - Processing file /home/airflow/.local/lib/python3.8/site-packages/airflow/example_dags/example_sensors.py for tasks to queue
[2024-04-08T08:31:53.630+0000] {logging_mixin.py:188} INFO - [2024-04-08T08:31:53.629+0000] {dagbag.py:540} INFO - Filling up the DagBag from /home/airflow/.local/lib/python3.8/site-packages/airflow/example_dags/example_sensors.py
[2024-04-08T08:31:53.640+0000] {processor.py:840} INFO - DAG(s) 'example_sensors' retrieved from /home/airflow/.local/lib/python3.8/site-packages/airflow/example_dags/example_sensors.py
[2024-04-08T08:31:53.670+0000] {logging_mixin.py:188} INFO - [2024-04-08T08:31:53.670+0000] {dag.py:3047} INFO - Sync 1 DAGs
[2024-04-08T08:31:53.688+0000] {logging_mixin.py:188} INFO - [2024-04-08T08:31:53.687+0000] {dag.py:3834} INFO - Setting next_dagrun for example_sensors to None, run_after=None
[2024-04-08T08:31:53.712+0000] {processor.py:183} INFO - Processing /home/airflow/.local/lib/python3.8/site-packages/airflow/example_dags/example_sensors.py took 0.089 seconds
[2024-04-08T08:32:24.324+0000] {processor.py:161} INFO - Started process (PID=2769) to work on /home/airflow/.local/lib/python3.8/site-packages/airflow/example_dags/example_sensors.py
[2024-04-08T08:32:24.325+0000] {processor.py:830} INFO - Processing file /home/airflow/.local/lib/python3.8/site-packages/airflow/example_dags/example_sensors.py for tasks to queue
[2024-04-08T08:32:24.326+0000] {logging_mixin.py:188} INFO - [2024-04-08T08:32:24.326+0000] {dagbag.py:540} INFO - Filling up the DagBag from /home/airflow/.local/lib/python3.8/site-packages/airflow/example_dags/example_sensors.py
[2024-04-08T08:32:24.337+0000] {processor.py:840} INFO - DAG(s) 'example_sensors' retrieved from /home/airflow/.local/lib/python3.8/site-packages/airflow/example_dags/example_sensors.py
[2024-04-08T08:32:24.379+0000] {logging_mixin.py:188} INFO - [2024-04-08T08:32:24.378+0000] {dag.py:3047} INFO - Sync 1 DAGs
[2024-04-08T08:32:24.394+0000] {logging_mixin.py:188} INFO - [2024-04-08T08:32:24.393+0000] {dag.py:3834} INFO - Setting next_dagrun for example_sensors to None, run_after=None
[2024-04-08T08:32:24.421+0000] {processor.py:183} INFO - Processing /home/airflow/.local/lib/python3.8/site-packages/airflow/example_dags/example_sensors.py took 0.101 seconds
[2024-04-08T08:32:54.520+0000] {processor.py:161} INFO - Started process (PID=3028) to work on /home/airflow/.local/lib/python3.8/site-packages/airflow/example_dags/example_sensors.py
[2024-04-08T08:32:54.521+0000] {processor.py:830} INFO - Processing file /home/airflow/.local/lib/python3.8/site-packages/airflow/example_dags/example_sensors.py for tasks to queue
[2024-04-08T08:32:54.521+0000] {logging_mixin.py:188} INFO - [2024-04-08T08:32:54.521+0000] {dagbag.py:540} INFO - Filling up the DagBag from /home/airflow/.local/lib/python3.8/site-packages/airflow/example_dags/example_sensors.py
[2024-04-08T08:32:54.533+0000] {processor.py:840} INFO - DAG(s) 'example_sensors' retrieved from /home/airflow/.local/lib/python3.8/site-packages/airflow/example_dags/example_sensors.py
[2024-04-08T08:32:54.573+0000] {logging_mixin.py:188} INFO - [2024-04-08T08:32:54.573+0000] {dag.py:3047} INFO - Sync 1 DAGs
[2024-04-08T08:32:54.586+0000] {logging_mixin.py:188} INFO - [2024-04-08T08:32:54.585+0000] {dag.py:3834} INFO - Setting next_dagrun for example_sensors to None, run_after=None
[2024-04-08T08:32:54.611+0000] {processor.py:183} INFO - Processing /home/airflow/.local/lib/python3.8/site-packages/airflow/example_dags/example_sensors.py took 0.094 seconds
[2024-04-08T08:33:24.966+0000] {processor.py:161} INFO - Started process (PID=3285) to work on /home/airflow/.local/lib/python3.8/site-packages/airflow/example_dags/example_sensors.py
[2024-04-08T08:33:24.967+0000] {processor.py:830} INFO - Processing file /home/airflow/.local/lib/python3.8/site-packages/airflow/example_dags/example_sensors.py for tasks to queue
[2024-04-08T08:33:24.968+0000] {logging_mixin.py:188} INFO - [2024-04-08T08:33:24.967+0000] {dagbag.py:540} INFO - Filling up the DagBag from /home/airflow/.local/lib/python3.8/site-packages/airflow/example_dags/example_sensors.py
[2024-04-08T08:33:24.977+0000] {processor.py:840} INFO - DAG(s) 'example_sensors' retrieved from /home/airflow/.local/lib/python3.8/site-packages/airflow/example_dags/example_sensors.py
[2024-04-08T08:33:25.008+0000] {logging_mixin.py:188} INFO - [2024-04-08T08:33:25.008+0000] {dag.py:3047} INFO - Sync 1 DAGs
[2024-04-08T08:33:25.023+0000] {logging_mixin.py:188} INFO - [2024-04-08T08:33:25.022+0000] {dag.py:3834} INFO - Setting next_dagrun for example_sensors to None, run_after=None
[2024-04-08T08:33:25.048+0000] {processor.py:183} INFO - Processing /home/airflow/.local/lib/python3.8/site-packages/airflow/example_dags/example_sensors.py took 0.088 seconds
[2024-04-08T08:33:55.529+0000] {processor.py:161} INFO - Started process (PID=3542) to work on /home/airflow/.local/lib/python3.8/site-packages/airflow/example_dags/example_sensors.py
[2024-04-08T08:33:55.530+0000] {processor.py:830} INFO - Processing file /home/airflow/.local/lib/python3.8/site-packages/airflow/example_dags/example_sensors.py for tasks to queue
[2024-04-08T08:33:55.531+0000] {logging_mixin.py:188} INFO - [2024-04-08T08:33:55.531+0000] {dagbag.py:540} INFO - Filling up the DagBag from /home/airflow/.local/lib/python3.8/site-packages/airflow/example_dags/example_sensors.py
[2024-04-08T08:33:55.542+0000] {processor.py:840} INFO - DAG(s) 'example_sensors' retrieved from /home/airflow/.local/lib/python3.8/site-packages/airflow/example_dags/example_sensors.py
[2024-04-08T08:33:55.573+0000] {logging_mixin.py:188} INFO - [2024-04-08T08:33:55.573+0000] {dag.py:3047} INFO - Sync 1 DAGs
[2024-04-08T08:33:55.588+0000] {logging_mixin.py:188} INFO - [2024-04-08T08:33:55.588+0000] {dag.py:3834} INFO - Setting next_dagrun for example_sensors to None, run_after=None
[2024-04-08T08:33:55.611+0000] {processor.py:183} INFO - Processing /home/airflow/.local/lib/python3.8/site-packages/airflow/example_dags/example_sensors.py took 0.087 seconds
[2024-04-08T08:34:25.754+0000] {processor.py:161} INFO - Started process (PID=3794) to work on /home/airflow/.local/lib/python3.8/site-packages/airflow/example_dags/example_sensors.py
[2024-04-08T08:34:25.756+0000] {processor.py:830} INFO - Processing file /home/airflow/.local/lib/python3.8/site-packages/airflow/example_dags/example_sensors.py for tasks to queue
[2024-04-08T08:34:25.757+0000] {logging_mixin.py:188} INFO - [2024-04-08T08:34:25.756+0000] {dagbag.py:540} INFO - Filling up the DagBag from /home/airflow/.local/lib/python3.8/site-packages/airflow/example_dags/example_sensors.py
[2024-04-08T08:34:25.768+0000] {processor.py:840} INFO - DAG(s) 'example_sensors' retrieved from /home/airflow/.local/lib/python3.8/site-packages/airflow/example_dags/example_sensors.py
[2024-04-08T08:34:25.802+0000] {logging_mixin.py:188} INFO - [2024-04-08T08:34:25.802+0000] {dag.py:3047} INFO - Sync 1 DAGs
[2024-04-08T08:34:25.816+0000] {logging_mixin.py:188} INFO - [2024-04-08T08:34:25.816+0000] {dag.py:3834} INFO - Setting next_dagrun for example_sensors to None, run_after=None
[2024-04-08T08:34:25.838+0000] {processor.py:183} INFO - Processing /home/airflow/.local/lib/python3.8/site-packages/airflow/example_dags/example_sensors.py took 0.088 seconds
[2024-04-08T08:34:55.873+0000] {processor.py:161} INFO - Started process (PID=4048) to work on /home/airflow/.local/lib/python3.8/site-packages/airflow/example_dags/example_sensors.py
[2024-04-08T08:34:55.874+0000] {processor.py:830} INFO - Processing file /home/airflow/.local/lib/python3.8/site-packages/airflow/example_dags/example_sensors.py for tasks to queue
[2024-04-08T08:34:55.875+0000] {logging_mixin.py:188} INFO - [2024-04-08T08:34:55.875+0000] {dagbag.py:540} INFO - Filling up the DagBag from /home/airflow/.local/lib/python3.8/site-packages/airflow/example_dags/example_sensors.py
[2024-04-08T08:34:55.888+0000] {processor.py:840} INFO - DAG(s) 'example_sensors' retrieved from /home/airflow/.local/lib/python3.8/site-packages/airflow/example_dags/example_sensors.py
[2024-04-08T08:34:55.917+0000] {logging_mixin.py:188} INFO - [2024-04-08T08:34:55.917+0000] {dag.py:3047} INFO - Sync 1 DAGs
[2024-04-08T08:34:55.932+0000] {logging_mixin.py:188} INFO - [2024-04-08T08:34:55.931+0000] {dag.py:3834} INFO - Setting next_dagrun for example_sensors to None, run_after=None
[2024-04-08T08:34:55.962+0000] {processor.py:183} INFO - Processing /home/airflow/.local/lib/python3.8/site-packages/airflow/example_dags/example_sensors.py took 0.093 seconds
[2024-04-08T08:35:26.457+0000] {processor.py:161} INFO - Started process (PID=4311) to work on /home/airflow/.local/lib/python3.8/site-packages/airflow/example_dags/example_sensors.py
[2024-04-08T08:35:26.457+0000] {processor.py:830} INFO - Processing file /home/airflow/.local/lib/python3.8/site-packages/airflow/example_dags/example_sensors.py for tasks to queue
[2024-04-08T08:35:26.458+0000] {logging_mixin.py:188} INFO - [2024-04-08T08:35:26.458+0000] {dagbag.py:540} INFO - Filling up the DagBag from /home/airflow/.local/lib/python3.8/site-packages/airflow/example_dags/example_sensors.py
[2024-04-08T08:35:26.472+0000] {processor.py:840} INFO - DAG(s) 'example_sensors' retrieved from /home/airflow/.local/lib/python3.8/site-packages/airflow/example_dags/example_sensors.py
[2024-04-08T08:35:26.541+0000] {logging_mixin.py:188} INFO - [2024-04-08T08:35:26.540+0000] {dag.py:3047} INFO - Sync 1 DAGs
[2024-04-08T08:35:26.566+0000] {logging_mixin.py:188} INFO - [2024-04-08T08:35:26.566+0000] {dag.py:3834} INFO - Setting next_dagrun for example_sensors to None, run_after=None
[2024-04-08T08:35:26.608+0000] {processor.py:183} INFO - Processing /home/airflow/.local/lib/python3.8/site-packages/airflow/example_dags/example_sensors.py took 0.155 seconds
[2024-04-08T08:35:57.325+0000] {processor.py:161} INFO - Started process (PID=4568) to work on /home/airflow/.local/lib/python3.8/site-packages/airflow/example_dags/example_sensors.py
[2024-04-08T08:35:57.326+0000] {processor.py:830} INFO - Processing file /home/airflow/.local/lib/python3.8/site-packages/airflow/example_dags/example_sensors.py for tasks to queue
[2024-04-08T08:35:57.327+0000] {logging_mixin.py:188} INFO - [2024-04-08T08:35:57.327+0000] {dagbag.py:540} INFO - Filling up the DagBag from /home/airflow/.local/lib/python3.8/site-packages/airflow/example_dags/example_sensors.py
[2024-04-08T08:35:57.339+0000] {processor.py:840} INFO - DAG(s) 'example_sensors' retrieved from /home/airflow/.local/lib/python3.8/site-packages/airflow/example_dags/example_sensors.py
[2024-04-08T08:35:57.368+0000] {logging_mixin.py:188} INFO - [2024-04-08T08:35:57.368+0000] {dag.py:3047} INFO - Sync 1 DAGs
[2024-04-08T08:35:57.384+0000] {logging_mixin.py:188} INFO - [2024-04-08T08:35:57.384+0000] {dag.py:3834} INFO - Setting next_dagrun for example_sensors to None, run_after=None
[2024-04-08T08:35:57.414+0000] {processor.py:183} INFO - Processing /home/airflow/.local/lib/python3.8/site-packages/airflow/example_dags/example_sensors.py took 0.093 seconds
[2024-04-08T08:36:27.685+0000] {processor.py:161} INFO - Started process (PID=4826) to work on /home/airflow/.local/lib/python3.8/site-packages/airflow/example_dags/example_sensors.py
[2024-04-08T08:36:27.686+0000] {processor.py:830} INFO - Processing file /home/airflow/.local/lib/python3.8/site-packages/airflow/example_dags/example_sensors.py for tasks to queue
[2024-04-08T08:36:27.687+0000] {logging_mixin.py:188} INFO - [2024-04-08T08:36:27.687+0000] {dagbag.py:540} INFO - Filling up the DagBag from /home/airflow/.local/lib/python3.8/site-packages/airflow/example_dags/example_sensors.py
[2024-04-08T08:36:27.708+0000] {processor.py:840} INFO - DAG(s) 'example_sensors' retrieved from /home/airflow/.local/lib/python3.8/site-packages/airflow/example_dags/example_sensors.py
[2024-04-08T08:36:27.755+0000] {logging_mixin.py:188} INFO - [2024-04-08T08:36:27.754+0000] {dag.py:3047} INFO - Sync 1 DAGs
[2024-04-08T08:36:27.769+0000] {logging_mixin.py:188} INFO - [2024-04-08T08:36:27.768+0000] {dag.py:3834} INFO - Setting next_dagrun for example_sensors to None, run_after=None
[2024-04-08T08:36:27.793+0000] {processor.py:183} INFO - Processing /home/airflow/.local/lib/python3.8/site-packages/airflow/example_dags/example_sensors.py took 0.112 seconds
[2024-04-08T08:36:57.970+0000] {processor.py:161} INFO - Started process (PID=5083) to work on /home/airflow/.local/lib/python3.8/site-packages/airflow/example_dags/example_sensors.py
[2024-04-08T08:36:57.971+0000] {processor.py:830} INFO - Processing file /home/airflow/.local/lib/python3.8/site-packages/airflow/example_dags/example_sensors.py for tasks to queue
[2024-04-08T08:36:57.973+0000] {logging_mixin.py:188} INFO - [2024-04-08T08:36:57.972+0000] {dagbag.py:540} INFO - Filling up the DagBag from /home/airflow/.local/lib/python3.8/site-packages/airflow/example_dags/example_sensors.py
[2024-04-08T08:36:57.987+0000] {processor.py:840} INFO - DAG(s) 'example_sensors' retrieved from /home/airflow/.local/lib/python3.8/site-packages/airflow/example_dags/example_sensors.py
[2024-04-08T08:36:58.038+0000] {logging_mixin.py:188} INFO - [2024-04-08T08:36:58.038+0000] {dag.py:3047} INFO - Sync 1 DAGs
[2024-04-08T08:36:58.055+0000] {logging_mixin.py:188} INFO - [2024-04-08T08:36:58.054+0000] {dag.py:3834} INFO - Setting next_dagrun for example_sensors to None, run_after=None
[2024-04-08T08:36:58.091+0000] {processor.py:183} INFO - Processing /home/airflow/.local/lib/python3.8/site-packages/airflow/example_dags/example_sensors.py took 0.124 seconds
[2024-04-08T08:37:28.378+0000] {processor.py:161} INFO - Started process (PID=5339) to work on /home/airflow/.local/lib/python3.8/site-packages/airflow/example_dags/example_sensors.py
[2024-04-08T08:37:28.379+0000] {processor.py:830} INFO - Processing file /home/airflow/.local/lib/python3.8/site-packages/airflow/example_dags/example_sensors.py for tasks to queue
[2024-04-08T08:37:28.380+0000] {logging_mixin.py:188} INFO - [2024-04-08T08:37:28.380+0000] {dagbag.py:540} INFO - Filling up the DagBag from /home/airflow/.local/lib/python3.8/site-packages/airflow/example_dags/example_sensors.py
[2024-04-08T08:37:28.401+0000] {processor.py:840} INFO - DAG(s) 'example_sensors' retrieved from /home/airflow/.local/lib/python3.8/site-packages/airflow/example_dags/example_sensors.py
[2024-04-08T08:37:28.460+0000] {logging_mixin.py:188} INFO - [2024-04-08T08:37:28.459+0000] {dag.py:3047} INFO - Sync 1 DAGs
[2024-04-08T08:37:28.475+0000] {logging_mixin.py:188} INFO - [2024-04-08T08:37:28.474+0000] {dag.py:3834} INFO - Setting next_dagrun for example_sensors to None, run_after=None
[2024-04-08T08:37:28.500+0000] {processor.py:183} INFO - Processing /home/airflow/.local/lib/python3.8/site-packages/airflow/example_dags/example_sensors.py took 0.125 seconds
[2024-04-08T08:37:59.014+0000] {processor.py:161} INFO - Started process (PID=5596) to work on /home/airflow/.local/lib/python3.8/site-packages/airflow/example_dags/example_sensors.py
[2024-04-08T08:37:59.015+0000] {processor.py:830} INFO - Processing file /home/airflow/.local/lib/python3.8/site-packages/airflow/example_dags/example_sensors.py for tasks to queue
[2024-04-08T08:37:59.016+0000] {logging_mixin.py:188} INFO - [2024-04-08T08:37:59.015+0000] {dagbag.py:540} INFO - Filling up the DagBag from /home/airflow/.local/lib/python3.8/site-packages/airflow/example_dags/example_sensors.py
[2024-04-08T08:37:59.029+0000] {processor.py:840} INFO - DAG(s) 'example_sensors' retrieved from /home/airflow/.local/lib/python3.8/site-packages/airflow/example_dags/example_sensors.py
[2024-04-08T08:37:59.060+0000] {logging_mixin.py:188} INFO - [2024-04-08T08:37:59.060+0000] {dag.py:3047} INFO - Sync 1 DAGs
[2024-04-08T08:37:59.076+0000] {logging_mixin.py:188} INFO - [2024-04-08T08:37:59.076+0000] {dag.py:3834} INFO - Setting next_dagrun for example_sensors to None, run_after=None
[2024-04-08T08:37:59.103+0000] {processor.py:183} INFO - Processing /home/airflow/.local/lib/python3.8/site-packages/airflow/example_dags/example_sensors.py took 0.092 seconds
[2024-04-08T08:38:29.568+0000] {processor.py:161} INFO - Started process (PID=5854) to work on /home/airflow/.local/lib/python3.8/site-packages/airflow/example_dags/example_sensors.py
[2024-04-08T08:38:29.569+0000] {processor.py:830} INFO - Processing file /home/airflow/.local/lib/python3.8/site-packages/airflow/example_dags/example_sensors.py for tasks to queue
[2024-04-08T08:38:29.570+0000] {logging_mixin.py:188} INFO - [2024-04-08T08:38:29.570+0000] {dagbag.py:540} INFO - Filling up the DagBag from /home/airflow/.local/lib/python3.8/site-packages/airflow/example_dags/example_sensors.py
[2024-04-08T08:38:29.582+0000] {processor.py:840} INFO - DAG(s) 'example_sensors' retrieved from /home/airflow/.local/lib/python3.8/site-packages/airflow/example_dags/example_sensors.py
[2024-04-08T08:38:29.613+0000] {logging_mixin.py:188} INFO - [2024-04-08T08:38:29.613+0000] {dag.py:3047} INFO - Sync 1 DAGs
[2024-04-08T08:38:29.627+0000] {logging_mixin.py:188} INFO - [2024-04-08T08:38:29.627+0000] {dag.py:3834} INFO - Setting next_dagrun for example_sensors to None, run_after=None
[2024-04-08T08:38:29.654+0000] {processor.py:183} INFO - Processing /home/airflow/.local/lib/python3.8/site-packages/airflow/example_dags/example_sensors.py took 0.089 seconds
[2024-04-08T08:39:00.147+0000] {processor.py:161} INFO - Started process (PID=6111) to work on /home/airflow/.local/lib/python3.8/site-packages/airflow/example_dags/example_sensors.py
[2024-04-08T08:39:00.148+0000] {processor.py:830} INFO - Processing file /home/airflow/.local/lib/python3.8/site-packages/airflow/example_dags/example_sensors.py for tasks to queue
[2024-04-08T08:39:00.149+0000] {logging_mixin.py:188} INFO - [2024-04-08T08:39:00.149+0000] {dagbag.py:540} INFO - Filling up the DagBag from /home/airflow/.local/lib/python3.8/site-packages/airflow/example_dags/example_sensors.py
[2024-04-08T08:39:00.161+0000] {processor.py:840} INFO - DAG(s) 'example_sensors' retrieved from /home/airflow/.local/lib/python3.8/site-packages/airflow/example_dags/example_sensors.py
[2024-04-08T08:39:00.191+0000] {logging_mixin.py:188} INFO - [2024-04-08T08:39:00.191+0000] {dag.py:3047} INFO - Sync 1 DAGs
[2024-04-08T08:39:00.205+0000] {logging_mixin.py:188} INFO - [2024-04-08T08:39:00.205+0000] {dag.py:3834} INFO - Setting next_dagrun for example_sensors to None, run_after=None
[2024-04-08T08:39:00.230+0000] {processor.py:183} INFO - Processing /home/airflow/.local/lib/python3.8/site-packages/airflow/example_dags/example_sensors.py took 0.087 seconds
[2024-04-08T08:39:30.809+0000] {processor.py:161} INFO - Started process (PID=6367) to work on /home/airflow/.local/lib/python3.8/site-packages/airflow/example_dags/example_sensors.py
[2024-04-08T08:39:30.810+0000] {processor.py:830} INFO - Processing file /home/airflow/.local/lib/python3.8/site-packages/airflow/example_dags/example_sensors.py for tasks to queue
[2024-04-08T08:39:30.811+0000] {logging_mixin.py:188} INFO - [2024-04-08T08:39:30.811+0000] {dagbag.py:540} INFO - Filling up the DagBag from /home/airflow/.local/lib/python3.8/site-packages/airflow/example_dags/example_sensors.py
[2024-04-08T08:39:30.825+0000] {processor.py:840} INFO - DAG(s) 'example_sensors' retrieved from /home/airflow/.local/lib/python3.8/site-packages/airflow/example_dags/example_sensors.py
[2024-04-08T08:39:30.870+0000] {logging_mixin.py:188} INFO - [2024-04-08T08:39:30.870+0000] {dag.py:3047} INFO - Sync 1 DAGs
[2024-04-08T08:39:30.885+0000] {logging_mixin.py:188} INFO - [2024-04-08T08:39:30.885+0000] {dag.py:3834} INFO - Setting next_dagrun for example_sensors to None, run_after=None
[2024-04-08T08:39:30.909+0000] {processor.py:183} INFO - Processing /home/airflow/.local/lib/python3.8/site-packages/airflow/example_dags/example_sensors.py took 0.104 seconds
[2024-04-08T08:40:01.276+0000] {processor.py:161} INFO - Started process (PID=6624) to work on /home/airflow/.local/lib/python3.8/site-packages/airflow/example_dags/example_sensors.py
[2024-04-08T08:40:01.277+0000] {processor.py:830} INFO - Processing file /home/airflow/.local/lib/python3.8/site-packages/airflow/example_dags/example_sensors.py for tasks to queue
[2024-04-08T08:40:01.278+0000] {logging_mixin.py:188} INFO - [2024-04-08T08:40:01.277+0000] {dagbag.py:540} INFO - Filling up the DagBag from /home/airflow/.local/lib/python3.8/site-packages/airflow/example_dags/example_sensors.py
[2024-04-08T08:40:01.286+0000] {processor.py:840} INFO - DAG(s) 'example_sensors' retrieved from /home/airflow/.local/lib/python3.8/site-packages/airflow/example_dags/example_sensors.py
[2024-04-08T08:40:01.316+0000] {logging_mixin.py:188} INFO - [2024-04-08T08:40:01.316+0000] {dag.py:3047} INFO - Sync 1 DAGs
[2024-04-08T08:40:01.330+0000] {logging_mixin.py:188} INFO - [2024-04-08T08:40:01.330+0000] {dag.py:3834} INFO - Setting next_dagrun for example_sensors to None, run_after=None
[2024-04-08T08:40:01.356+0000] {processor.py:183} INFO - Processing /home/airflow/.local/lib/python3.8/site-packages/airflow/example_dags/example_sensors.py took 0.084 seconds
[2024-04-08T08:40:31.705+0000] {processor.py:161} INFO - Started process (PID=6881) to work on /home/airflow/.local/lib/python3.8/site-packages/airflow/example_dags/example_sensors.py
[2024-04-08T08:40:31.706+0000] {processor.py:830} INFO - Processing file /home/airflow/.local/lib/python3.8/site-packages/airflow/example_dags/example_sensors.py for tasks to queue
[2024-04-08T08:40:31.707+0000] {logging_mixin.py:188} INFO - [2024-04-08T08:40:31.707+0000] {dagbag.py:540} INFO - Filling up the DagBag from /home/airflow/.local/lib/python3.8/site-packages/airflow/example_dags/example_sensors.py
[2024-04-08T08:40:31.719+0000] {processor.py:840} INFO - DAG(s) 'example_sensors' retrieved from /home/airflow/.local/lib/python3.8/site-packages/airflow/example_dags/example_sensors.py
[2024-04-08T08:40:31.749+0000] {logging_mixin.py:188} INFO - [2024-04-08T08:40:31.749+0000] {dag.py:3047} INFO - Sync 1 DAGs
[2024-04-08T08:40:31.763+0000] {logging_mixin.py:188} INFO - [2024-04-08T08:40:31.763+0000] {dag.py:3834} INFO - Setting next_dagrun for example_sensors to None, run_after=None
[2024-04-08T08:40:31.789+0000] {processor.py:183} INFO - Processing /home/airflow/.local/lib/python3.8/site-packages/airflow/example_dags/example_sensors.py took 0.088 seconds
[2024-04-08T08:41:02.201+0000] {processor.py:161} INFO - Started process (PID=7138) to work on /home/airflow/.local/lib/python3.8/site-packages/airflow/example_dags/example_sensors.py
[2024-04-08T08:41:02.202+0000] {processor.py:830} INFO - Processing file /home/airflow/.local/lib/python3.8/site-packages/airflow/example_dags/example_sensors.py for tasks to queue
[2024-04-08T08:41:02.203+0000] {logging_mixin.py:188} INFO - [2024-04-08T08:41:02.203+0000] {dagbag.py:540} INFO - Filling up the DagBag from /home/airflow/.local/lib/python3.8/site-packages/airflow/example_dags/example_sensors.py
[2024-04-08T08:41:02.232+0000] {processor.py:840} INFO - DAG(s) 'example_sensors' retrieved from /home/airflow/.local/lib/python3.8/site-packages/airflow/example_dags/example_sensors.py
[2024-04-08T08:41:02.277+0000] {logging_mixin.py:188} INFO - [2024-04-08T08:41:02.276+0000] {dag.py:3047} INFO - Sync 1 DAGs
[2024-04-08T08:41:02.293+0000] {logging_mixin.py:188} INFO - [2024-04-08T08:41:02.293+0000] {dag.py:3834} INFO - Setting next_dagrun for example_sensors to None, run_after=None
[2024-04-08T08:41:02.329+0000] {processor.py:183} INFO - Processing /home/airflow/.local/lib/python3.8/site-packages/airflow/example_dags/example_sensors.py took 0.132 seconds
[2024-04-08T08:41:32.649+0000] {processor.py:161} INFO - Started process (PID=7395) to work on /home/airflow/.local/lib/python3.8/site-packages/airflow/example_dags/example_sensors.py
[2024-04-08T08:41:32.650+0000] {processor.py:830} INFO - Processing file /home/airflow/.local/lib/python3.8/site-packages/airflow/example_dags/example_sensors.py for tasks to queue
[2024-04-08T08:41:32.651+0000] {logging_mixin.py:188} INFO - [2024-04-08T08:41:32.650+0000] {dagbag.py:540} INFO - Filling up the DagBag from /home/airflow/.local/lib/python3.8/site-packages/airflow/example_dags/example_sensors.py
[2024-04-08T08:41:32.662+0000] {processor.py:840} INFO - DAG(s) 'example_sensors' retrieved from /home/airflow/.local/lib/python3.8/site-packages/airflow/example_dags/example_sensors.py
[2024-04-08T08:41:32.691+0000] {logging_mixin.py:188} INFO - [2024-04-08T08:41:32.691+0000] {dag.py:3047} INFO - Sync 1 DAGs
[2024-04-08T08:41:32.706+0000] {logging_mixin.py:188} INFO - [2024-04-08T08:41:32.706+0000] {dag.py:3834} INFO - Setting next_dagrun for example_sensors to None, run_after=None
[2024-04-08T08:41:32.769+0000] {processor.py:183} INFO - Processing /home/airflow/.local/lib/python3.8/site-packages/airflow/example_dags/example_sensors.py took 0.123 seconds
[2024-04-08T08:42:02.952+0000] {processor.py:161} INFO - Started process (PID=7652) to work on /home/airflow/.local/lib/python3.8/site-packages/airflow/example_dags/example_sensors.py
[2024-04-08T08:42:02.953+0000] {processor.py:830} INFO - Processing file /home/airflow/.local/lib/python3.8/site-packages/airflow/example_dags/example_sensors.py for tasks to queue
[2024-04-08T08:42:02.954+0000] {logging_mixin.py:188} INFO - [2024-04-08T08:42:02.954+0000] {dagbag.py:540} INFO - Filling up the DagBag from /home/airflow/.local/lib/python3.8/site-packages/airflow/example_dags/example_sensors.py
[2024-04-08T08:42:02.965+0000] {processor.py:840} INFO - DAG(s) 'example_sensors' retrieved from /home/airflow/.local/lib/python3.8/site-packages/airflow/example_dags/example_sensors.py
[2024-04-08T08:42:03.012+0000] {logging_mixin.py:188} INFO - [2024-04-08T08:42:03.012+0000] {dag.py:3047} INFO - Sync 1 DAGs
[2024-04-08T08:42:03.029+0000] {logging_mixin.py:188} INFO - [2024-04-08T08:42:03.028+0000] {dag.py:3834} INFO - Setting next_dagrun for example_sensors to None, run_after=None
[2024-04-08T08:42:03.055+0000] {processor.py:183} INFO - Processing /home/airflow/.local/lib/python3.8/site-packages/airflow/example_dags/example_sensors.py took 0.107 seconds
[2024-04-08T08:42:33.341+0000] {processor.py:161} INFO - Started process (PID=7909) to work on /home/airflow/.local/lib/python3.8/site-packages/airflow/example_dags/example_sensors.py
[2024-04-08T08:42:33.342+0000] {processor.py:830} INFO - Processing file /home/airflow/.local/lib/python3.8/site-packages/airflow/example_dags/example_sensors.py for tasks to queue
[2024-04-08T08:42:33.343+0000] {logging_mixin.py:188} INFO - [2024-04-08T08:42:33.343+0000] {dagbag.py:540} INFO - Filling up the DagBag from /home/airflow/.local/lib/python3.8/site-packages/airflow/example_dags/example_sensors.py
[2024-04-08T08:42:33.355+0000] {processor.py:840} INFO - DAG(s) 'example_sensors' retrieved from /home/airflow/.local/lib/python3.8/site-packages/airflow/example_dags/example_sensors.py
[2024-04-08T08:42:33.382+0000] {logging_mixin.py:188} INFO - [2024-04-08T08:42:33.382+0000] {dag.py:3047} INFO - Sync 1 DAGs
[2024-04-08T08:42:33.396+0000] {logging_mixin.py:188} INFO - [2024-04-08T08:42:33.396+0000] {dag.py:3834} INFO - Setting next_dagrun for example_sensors to None, run_after=None
[2024-04-08T08:42:33.421+0000] {processor.py:183} INFO - Processing /home/airflow/.local/lib/python3.8/site-packages/airflow/example_dags/example_sensors.py took 0.084 seconds
[2024-04-08T08:43:03.680+0000] {processor.py:161} INFO - Started process (PID=8166) to work on /home/airflow/.local/lib/python3.8/site-packages/airflow/example_dags/example_sensors.py
[2024-04-08T08:43:03.682+0000] {processor.py:830} INFO - Processing file /home/airflow/.local/lib/python3.8/site-packages/airflow/example_dags/example_sensors.py for tasks to queue
[2024-04-08T08:43:03.683+0000] {logging_mixin.py:188} INFO - [2024-04-08T08:43:03.683+0000] {dagbag.py:540} INFO - Filling up the DagBag from /home/airflow/.local/lib/python3.8/site-packages/airflow/example_dags/example_sensors.py
[2024-04-08T08:43:03.696+0000] {processor.py:840} INFO - DAG(s) 'example_sensors' retrieved from /home/airflow/.local/lib/python3.8/site-packages/airflow/example_dags/example_sensors.py
[2024-04-08T08:43:03.738+0000] {logging_mixin.py:188} INFO - [2024-04-08T08:43:03.738+0000] {dag.py:3047} INFO - Sync 1 DAGs
[2024-04-08T08:43:03.753+0000] {logging_mixin.py:188} INFO - [2024-04-08T08:43:03.753+0000] {dag.py:3834} INFO - Setting next_dagrun for example_sensors to None, run_after=None
[2024-04-08T08:43:03.777+0000] {processor.py:183} INFO - Processing /home/airflow/.local/lib/python3.8/site-packages/airflow/example_dags/example_sensors.py took 0.101 seconds
[2024-04-08T08:43:34.212+0000] {processor.py:161} INFO - Started process (PID=8423) to work on /home/airflow/.local/lib/python3.8/site-packages/airflow/example_dags/example_sensors.py
[2024-04-08T08:43:34.213+0000] {processor.py:830} INFO - Processing file /home/airflow/.local/lib/python3.8/site-packages/airflow/example_dags/example_sensors.py for tasks to queue
[2024-04-08T08:43:34.214+0000] {logging_mixin.py:188} INFO - [2024-04-08T08:43:34.214+0000] {dagbag.py:540} INFO - Filling up the DagBag from /home/airflow/.local/lib/python3.8/site-packages/airflow/example_dags/example_sensors.py
[2024-04-08T08:43:34.225+0000] {processor.py:840} INFO - DAG(s) 'example_sensors' retrieved from /home/airflow/.local/lib/python3.8/site-packages/airflow/example_dags/example_sensors.py
[2024-04-08T08:43:34.254+0000] {logging_mixin.py:188} INFO - [2024-04-08T08:43:34.254+0000] {dag.py:3047} INFO - Sync 1 DAGs
[2024-04-08T08:43:34.270+0000] {logging_mixin.py:188} INFO - [2024-04-08T08:43:34.269+0000] {dag.py:3834} INFO - Setting next_dagrun for example_sensors to None, run_after=None
[2024-04-08T08:43:34.301+0000] {processor.py:183} INFO - Processing /home/airflow/.local/lib/python3.8/site-packages/airflow/example_dags/example_sensors.py took 0.093 seconds
[2024-04-08T08:44:04.774+0000] {processor.py:161} INFO - Started process (PID=8680) to work on /home/airflow/.local/lib/python3.8/site-packages/airflow/example_dags/example_sensors.py
[2024-04-08T08:44:04.775+0000] {processor.py:830} INFO - Processing file /home/airflow/.local/lib/python3.8/site-packages/airflow/example_dags/example_sensors.py for tasks to queue
[2024-04-08T08:44:04.776+0000] {logging_mixin.py:188} INFO - [2024-04-08T08:44:04.776+0000] {dagbag.py:540} INFO - Filling up the DagBag from /home/airflow/.local/lib/python3.8/site-packages/airflow/example_dags/example_sensors.py
[2024-04-08T08:44:04.787+0000] {processor.py:840} INFO - DAG(s) 'example_sensors' retrieved from /home/airflow/.local/lib/python3.8/site-packages/airflow/example_dags/example_sensors.py
[2024-04-08T08:44:04.817+0000] {logging_mixin.py:188} INFO - [2024-04-08T08:44:04.817+0000] {dag.py:3047} INFO - Sync 1 DAGs
[2024-04-08T08:44:04.832+0000] {logging_mixin.py:188} INFO - [2024-04-08T08:44:04.832+0000] {dag.py:3834} INFO - Setting next_dagrun for example_sensors to None, run_after=None
[2024-04-08T08:44:04.857+0000] {processor.py:183} INFO - Processing /home/airflow/.local/lib/python3.8/site-packages/airflow/example_dags/example_sensors.py took 0.087 seconds
[2024-04-08T08:44:35.394+0000] {processor.py:161} INFO - Started process (PID=8938) to work on /home/airflow/.local/lib/python3.8/site-packages/airflow/example_dags/example_sensors.py
[2024-04-08T08:44:35.397+0000] {processor.py:830} INFO - Processing file /home/airflow/.local/lib/python3.8/site-packages/airflow/example_dags/example_sensors.py for tasks to queue
[2024-04-08T08:44:35.399+0000] {logging_mixin.py:188} INFO - [2024-04-08T08:44:35.399+0000] {dagbag.py:540} INFO - Filling up the DagBag from /home/airflow/.local/lib/python3.8/site-packages/airflow/example_dags/example_sensors.py
[2024-04-08T08:44:35.429+0000] {processor.py:840} INFO - DAG(s) 'example_sensors' retrieved from /home/airflow/.local/lib/python3.8/site-packages/airflow/example_dags/example_sensors.py
[2024-04-08T08:44:35.481+0000] {logging_mixin.py:188} INFO - [2024-04-08T08:44:35.481+0000] {dag.py:3047} INFO - Sync 1 DAGs
[2024-04-08T08:44:35.494+0000] {logging_mixin.py:188} INFO - [2024-04-08T08:44:35.493+0000] {dag.py:3834} INFO - Setting next_dagrun for example_sensors to None, run_after=None
[2024-04-08T08:44:35.518+0000] {processor.py:183} INFO - Processing /home/airflow/.local/lib/python3.8/site-packages/airflow/example_dags/example_sensors.py took 0.128 seconds
[2024-04-08T08:45:05.765+0000] {processor.py:161} INFO - Started process (PID=9197) to work on /home/airflow/.local/lib/python3.8/site-packages/airflow/example_dags/example_sensors.py
[2024-04-08T08:45:05.766+0000] {processor.py:830} INFO - Processing file /home/airflow/.local/lib/python3.8/site-packages/airflow/example_dags/example_sensors.py for tasks to queue
[2024-04-08T08:45:05.768+0000] {logging_mixin.py:188} INFO - [2024-04-08T08:45:05.767+0000] {dagbag.py:540} INFO - Filling up the DagBag from /home/airflow/.local/lib/python3.8/site-packages/airflow/example_dags/example_sensors.py
[2024-04-08T08:45:05.779+0000] {processor.py:840} INFO - DAG(s) 'example_sensors' retrieved from /home/airflow/.local/lib/python3.8/site-packages/airflow/example_dags/example_sensors.py
[2024-04-08T08:45:05.809+0000] {logging_mixin.py:188} INFO - [2024-04-08T08:45:05.809+0000] {dag.py:3047} INFO - Sync 1 DAGs
[2024-04-08T08:45:05.824+0000] {logging_mixin.py:188} INFO - [2024-04-08T08:45:05.824+0000] {dag.py:3834} INFO - Setting next_dagrun for example_sensors to None, run_after=None
[2024-04-08T08:45:05.852+0000] {processor.py:183} INFO - Processing /home/airflow/.local/lib/python3.8/site-packages/airflow/example_dags/example_sensors.py took 0.089 seconds
[2024-04-08T08:45:36.171+0000] {processor.py:161} INFO - Started process (PID=9455) to work on /home/airflow/.local/lib/python3.8/site-packages/airflow/example_dags/example_sensors.py
[2024-04-08T08:45:36.173+0000] {processor.py:830} INFO - Processing file /home/airflow/.local/lib/python3.8/site-packages/airflow/example_dags/example_sensors.py for tasks to queue
[2024-04-08T08:45:36.174+0000] {logging_mixin.py:188} INFO - [2024-04-08T08:45:36.174+0000] {dagbag.py:540} INFO - Filling up the DagBag from /home/airflow/.local/lib/python3.8/site-packages/airflow/example_dags/example_sensors.py
[2024-04-08T08:45:36.185+0000] {processor.py:840} INFO - DAG(s) 'example_sensors' retrieved from /home/airflow/.local/lib/python3.8/site-packages/airflow/example_dags/example_sensors.py
[2024-04-08T08:45:36.218+0000] {logging_mixin.py:188} INFO - [2024-04-08T08:45:36.218+0000] {dag.py:3047} INFO - Sync 1 DAGs
[2024-04-08T08:45:36.234+0000] {logging_mixin.py:188} INFO - [2024-04-08T08:45:36.234+0000] {dag.py:3834} INFO - Setting next_dagrun for example_sensors to None, run_after=None
[2024-04-08T08:45:36.262+0000] {processor.py:183} INFO - Processing /home/airflow/.local/lib/python3.8/site-packages/airflow/example_dags/example_sensors.py took 0.094 seconds
[2024-04-08T08:46:06.442+0000] {processor.py:161} INFO - Started process (PID=9712) to work on /home/airflow/.local/lib/python3.8/site-packages/airflow/example_dags/example_sensors.py
[2024-04-08T08:46:06.443+0000] {processor.py:830} INFO - Processing file /home/airflow/.local/lib/python3.8/site-packages/airflow/example_dags/example_sensors.py for tasks to queue
[2024-04-08T08:46:06.444+0000] {logging_mixin.py:188} INFO - [2024-04-08T08:46:06.443+0000] {dagbag.py:540} INFO - Filling up the DagBag from /home/airflow/.local/lib/python3.8/site-packages/airflow/example_dags/example_sensors.py
[2024-04-08T08:46:06.455+0000] {processor.py:840} INFO - DAG(s) 'example_sensors' retrieved from /home/airflow/.local/lib/python3.8/site-packages/airflow/example_dags/example_sensors.py
[2024-04-08T08:46:06.482+0000] {logging_mixin.py:188} INFO - [2024-04-08T08:46:06.482+0000] {dag.py:3047} INFO - Sync 1 DAGs
[2024-04-08T08:46:06.497+0000] {logging_mixin.py:188} INFO - [2024-04-08T08:46:06.496+0000] {dag.py:3834} INFO - Setting next_dagrun for example_sensors to None, run_after=None
[2024-04-08T08:46:06.521+0000] {processor.py:183} INFO - Processing /home/airflow/.local/lib/python3.8/site-packages/airflow/example_dags/example_sensors.py took 0.082 seconds
[2024-04-08T08:46:36.822+0000] {processor.py:161} INFO - Started process (PID=9969) to work on /home/airflow/.local/lib/python3.8/site-packages/airflow/example_dags/example_sensors.py
[2024-04-08T08:46:36.824+0000] {processor.py:830} INFO - Processing file /home/airflow/.local/lib/python3.8/site-packages/airflow/example_dags/example_sensors.py for tasks to queue
[2024-04-08T08:46:36.825+0000] {logging_mixin.py:188} INFO - [2024-04-08T08:46:36.824+0000] {dagbag.py:540} INFO - Filling up the DagBag from /home/airflow/.local/lib/python3.8/site-packages/airflow/example_dags/example_sensors.py
[2024-04-08T08:46:36.835+0000] {processor.py:840} INFO - DAG(s) 'example_sensors' retrieved from /home/airflow/.local/lib/python3.8/site-packages/airflow/example_dags/example_sensors.py
[2024-04-08T08:46:36.865+0000] {logging_mixin.py:188} INFO - [2024-04-08T08:46:36.865+0000] {dag.py:3047} INFO - Sync 1 DAGs
[2024-04-08T08:46:36.882+0000] {logging_mixin.py:188} INFO - [2024-04-08T08:46:36.881+0000] {dag.py:3834} INFO - Setting next_dagrun for example_sensors to None, run_after=None
[2024-04-08T08:46:36.906+0000] {processor.py:183} INFO - Processing /home/airflow/.local/lib/python3.8/site-packages/airflow/example_dags/example_sensors.py took 0.087 seconds
[2024-04-08T08:47:07.415+0000] {processor.py:161} INFO - Started process (PID=10226) to work on /home/airflow/.local/lib/python3.8/site-packages/airflow/example_dags/example_sensors.py
[2024-04-08T08:47:07.416+0000] {processor.py:830} INFO - Processing file /home/airflow/.local/lib/python3.8/site-packages/airflow/example_dags/example_sensors.py for tasks to queue
[2024-04-08T08:47:07.417+0000] {logging_mixin.py:188} INFO - [2024-04-08T08:47:07.417+0000] {dagbag.py:540} INFO - Filling up the DagBag from /home/airflow/.local/lib/python3.8/site-packages/airflow/example_dags/example_sensors.py
[2024-04-08T08:47:07.425+0000] {processor.py:840} INFO - DAG(s) 'example_sensors' retrieved from /home/airflow/.local/lib/python3.8/site-packages/airflow/example_dags/example_sensors.py
[2024-04-08T08:47:07.454+0000] {logging_mixin.py:188} INFO - [2024-04-08T08:47:07.454+0000] {dag.py:3047} INFO - Sync 1 DAGs
[2024-04-08T08:47:07.469+0000] {logging_mixin.py:188} INFO - [2024-04-08T08:47:07.469+0000] {dag.py:3834} INFO - Setting next_dagrun for example_sensors to None, run_after=None
[2024-04-08T08:47:07.495+0000] {processor.py:183} INFO - Processing /home/airflow/.local/lib/python3.8/site-packages/airflow/example_dags/example_sensors.py took 0.085 seconds
[2024-04-08T08:47:37.675+0000] {processor.py:161} INFO - Started process (PID=10485) to work on /home/airflow/.local/lib/python3.8/site-packages/airflow/example_dags/example_sensors.py
[2024-04-08T08:47:37.676+0000] {processor.py:830} INFO - Processing file /home/airflow/.local/lib/python3.8/site-packages/airflow/example_dags/example_sensors.py for tasks to queue
[2024-04-08T08:47:37.677+0000] {logging_mixin.py:188} INFO - [2024-04-08T08:47:37.676+0000] {dagbag.py:540} INFO - Filling up the DagBag from /home/airflow/.local/lib/python3.8/site-packages/airflow/example_dags/example_sensors.py
[2024-04-08T08:47:37.689+0000] {processor.py:840} INFO - DAG(s) 'example_sensors' retrieved from /home/airflow/.local/lib/python3.8/site-packages/airflow/example_dags/example_sensors.py
[2024-04-08T08:47:37.721+0000] {logging_mixin.py:188} INFO - [2024-04-08T08:47:37.721+0000] {dag.py:3047} INFO - Sync 1 DAGs
[2024-04-08T08:47:37.750+0000] {logging_mixin.py:188} INFO - [2024-04-08T08:47:37.750+0000] {dag.py:3834} INFO - Setting next_dagrun for example_sensors to None, run_after=None
[2024-04-08T08:47:37.781+0000] {processor.py:183} INFO - Processing /home/airflow/.local/lib/python3.8/site-packages/airflow/example_dags/example_sensors.py took 0.109 seconds
[2024-04-08T08:48:08.702+0000] {processor.py:161} INFO - Started process (PID=10742) to work on /home/airflow/.local/lib/python3.8/site-packages/airflow/example_dags/example_sensors.py
[2024-04-08T08:48:08.703+0000] {processor.py:830} INFO - Processing file /home/airflow/.local/lib/python3.8/site-packages/airflow/example_dags/example_sensors.py for tasks to queue
[2024-04-08T08:48:08.704+0000] {logging_mixin.py:188} INFO - [2024-04-08T08:48:08.703+0000] {dagbag.py:540} INFO - Filling up the DagBag from /home/airflow/.local/lib/python3.8/site-packages/airflow/example_dags/example_sensors.py
[2024-04-08T08:48:08.715+0000] {processor.py:840} INFO - DAG(s) 'example_sensors' retrieved from /home/airflow/.local/lib/python3.8/site-packages/airflow/example_dags/example_sensors.py
[2024-04-08T08:48:08.748+0000] {logging_mixin.py:188} INFO - [2024-04-08T08:48:08.747+0000] {dag.py:3047} INFO - Sync 1 DAGs
[2024-04-08T08:48:08.762+0000] {logging_mixin.py:188} INFO - [2024-04-08T08:48:08.762+0000] {dag.py:3834} INFO - Setting next_dagrun for example_sensors to None, run_after=None
[2024-04-08T08:48:08.791+0000] {processor.py:183} INFO - Processing /home/airflow/.local/lib/python3.8/site-packages/airflow/example_dags/example_sensors.py took 0.092 seconds
[2024-04-08T08:48:39.243+0000] {processor.py:161} INFO - Started process (PID=10999) to work on /home/airflow/.local/lib/python3.8/site-packages/airflow/example_dags/example_sensors.py
[2024-04-08T08:48:39.244+0000] {processor.py:830} INFO - Processing file /home/airflow/.local/lib/python3.8/site-packages/airflow/example_dags/example_sensors.py for tasks to queue
[2024-04-08T08:48:39.244+0000] {logging_mixin.py:188} INFO - [2024-04-08T08:48:39.244+0000] {dagbag.py:540} INFO - Filling up the DagBag from /home/airflow/.local/lib/python3.8/site-packages/airflow/example_dags/example_sensors.py
[2024-04-08T08:48:39.255+0000] {processor.py:840} INFO - DAG(s) 'example_sensors' retrieved from /home/airflow/.local/lib/python3.8/site-packages/airflow/example_dags/example_sensors.py
[2024-04-08T08:48:39.287+0000] {logging_mixin.py:188} INFO - [2024-04-08T08:48:39.287+0000] {dag.py:3047} INFO - Sync 1 DAGs
[2024-04-08T08:48:39.302+0000] {logging_mixin.py:188} INFO - [2024-04-08T08:48:39.301+0000] {dag.py:3834} INFO - Setting next_dagrun for example_sensors to None, run_after=None
[2024-04-08T08:48:39.327+0000] {processor.py:183} INFO - Processing /home/airflow/.local/lib/python3.8/site-packages/airflow/example_dags/example_sensors.py took 0.088 seconds
[2024-04-08T08:49:09.643+0000] {processor.py:161} INFO - Started process (PID=11256) to work on /home/airflow/.local/lib/python3.8/site-packages/airflow/example_dags/example_sensors.py
[2024-04-08T08:49:09.644+0000] {processor.py:830} INFO - Processing file /home/airflow/.local/lib/python3.8/site-packages/airflow/example_dags/example_sensors.py for tasks to queue
[2024-04-08T08:49:09.645+0000] {logging_mixin.py:188} INFO - [2024-04-08T08:49:09.644+0000] {dagbag.py:540} INFO - Filling up the DagBag from /home/airflow/.local/lib/python3.8/site-packages/airflow/example_dags/example_sensors.py
[2024-04-08T08:49:09.656+0000] {processor.py:840} INFO - DAG(s) 'example_sensors' retrieved from /home/airflow/.local/lib/python3.8/site-packages/airflow/example_dags/example_sensors.py
[2024-04-08T08:49:09.687+0000] {logging_mixin.py:188} INFO - [2024-04-08T08:49:09.686+0000] {dag.py:3047} INFO - Sync 1 DAGs
[2024-04-08T08:49:09.701+0000] {logging_mixin.py:188} INFO - [2024-04-08T08:49:09.701+0000] {dag.py:3834} INFO - Setting next_dagrun for example_sensors to None, run_after=None
[2024-04-08T08:49:09.728+0000] {processor.py:183} INFO - Processing /home/airflow/.local/lib/python3.8/site-packages/airflow/example_dags/example_sensors.py took 0.089 seconds
[2024-04-08T08:49:40.066+0000] {processor.py:161} INFO - Started process (PID=11513) to work on /home/airflow/.local/lib/python3.8/site-packages/airflow/example_dags/example_sensors.py
[2024-04-08T08:49:40.067+0000] {processor.py:830} INFO - Processing file /home/airflow/.local/lib/python3.8/site-packages/airflow/example_dags/example_sensors.py for tasks to queue
[2024-04-08T08:49:40.068+0000] {logging_mixin.py:188} INFO - [2024-04-08T08:49:40.067+0000] {dagbag.py:540} INFO - Filling up the DagBag from /home/airflow/.local/lib/python3.8/site-packages/airflow/example_dags/example_sensors.py
[2024-04-08T08:49:40.079+0000] {processor.py:840} INFO - DAG(s) 'example_sensors' retrieved from /home/airflow/.local/lib/python3.8/site-packages/airflow/example_dags/example_sensors.py
[2024-04-08T08:49:40.109+0000] {logging_mixin.py:188} INFO - [2024-04-08T08:49:40.109+0000] {dag.py:3047} INFO - Sync 1 DAGs
[2024-04-08T08:49:40.123+0000] {logging_mixin.py:188} INFO - [2024-04-08T08:49:40.123+0000] {dag.py:3834} INFO - Setting next_dagrun for example_sensors to None, run_after=None
[2024-04-08T08:49:40.147+0000] {processor.py:183} INFO - Processing /home/airflow/.local/lib/python3.8/site-packages/airflow/example_dags/example_sensors.py took 0.085 seconds
[2024-04-08T08:50:10.664+0000] {processor.py:161} INFO - Started process (PID=11771) to work on /home/airflow/.local/lib/python3.8/site-packages/airflow/example_dags/example_sensors.py
[2024-04-08T08:50:10.665+0000] {processor.py:830} INFO - Processing file /home/airflow/.local/lib/python3.8/site-packages/airflow/example_dags/example_sensors.py for tasks to queue
[2024-04-08T08:50:10.666+0000] {logging_mixin.py:188} INFO - [2024-04-08T08:50:10.666+0000] {dagbag.py:540} INFO - Filling up the DagBag from /home/airflow/.local/lib/python3.8/site-packages/airflow/example_dags/example_sensors.py
[2024-04-08T08:50:10.690+0000] {processor.py:840} INFO - DAG(s) 'example_sensors' retrieved from /home/airflow/.local/lib/python3.8/site-packages/airflow/example_dags/example_sensors.py
[2024-04-08T08:50:10.739+0000] {logging_mixin.py:188} INFO - [2024-04-08T08:50:10.739+0000] {dag.py:3047} INFO - Sync 1 DAGs
[2024-04-08T08:50:10.765+0000] {logging_mixin.py:188} INFO - [2024-04-08T08:50:10.764+0000] {dag.py:3834} INFO - Setting next_dagrun for example_sensors to None, run_after=None
[2024-04-08T08:50:10.804+0000] {processor.py:183} INFO - Processing /home/airflow/.local/lib/python3.8/site-packages/airflow/example_dags/example_sensors.py took 0.142 seconds
[2024-04-08T08:50:41.121+0000] {processor.py:161} INFO - Started process (PID=12034) to work on /home/airflow/.local/lib/python3.8/site-packages/airflow/example_dags/example_sensors.py
[2024-04-08T08:50:41.122+0000] {processor.py:830} INFO - Processing file /home/airflow/.local/lib/python3.8/site-packages/airflow/example_dags/example_sensors.py for tasks to queue
[2024-04-08T08:50:41.123+0000] {logging_mixin.py:188} INFO - [2024-04-08T08:50:41.122+0000] {dagbag.py:540} INFO - Filling up the DagBag from /home/airflow/.local/lib/python3.8/site-packages/airflow/example_dags/example_sensors.py
[2024-04-08T08:50:41.134+0000] {processor.py:840} INFO - DAG(s) 'example_sensors' retrieved from /home/airflow/.local/lib/python3.8/site-packages/airflow/example_dags/example_sensors.py
[2024-04-08T08:50:41.170+0000] {logging_mixin.py:188} INFO - [2024-04-08T08:50:41.170+0000] {dag.py:3047} INFO - Sync 1 DAGs
[2024-04-08T08:50:41.185+0000] {logging_mixin.py:188} INFO - [2024-04-08T08:50:41.185+0000] {dag.py:3834} INFO - Setting next_dagrun for example_sensors to None, run_after=None
[2024-04-08T08:50:41.208+0000] {processor.py:183} INFO - Processing /home/airflow/.local/lib/python3.8/site-packages/airflow/example_dags/example_sensors.py took 0.090 seconds
[2024-04-08T08:51:11.552+0000] {processor.py:161} INFO - Started process (PID=12292) to work on /home/airflow/.local/lib/python3.8/site-packages/airflow/example_dags/example_sensors.py
[2024-04-08T08:51:11.553+0000] {processor.py:830} INFO - Processing file /home/airflow/.local/lib/python3.8/site-packages/airflow/example_dags/example_sensors.py for tasks to queue
[2024-04-08T08:51:11.554+0000] {logging_mixin.py:188} INFO - [2024-04-08T08:51:11.554+0000] {dagbag.py:540} INFO - Filling up the DagBag from /home/airflow/.local/lib/python3.8/site-packages/airflow/example_dags/example_sensors.py
[2024-04-08T08:51:11.566+0000] {processor.py:840} INFO - DAG(s) 'example_sensors' retrieved from /home/airflow/.local/lib/python3.8/site-packages/airflow/example_dags/example_sensors.py
[2024-04-08T08:51:11.599+0000] {logging_mixin.py:188} INFO - [2024-04-08T08:51:11.599+0000] {dag.py:3047} INFO - Sync 1 DAGs
[2024-04-08T08:51:11.615+0000] {logging_mixin.py:188} INFO - [2024-04-08T08:51:11.615+0000] {dag.py:3834} INFO - Setting next_dagrun for example_sensors to None, run_after=None
[2024-04-08T08:51:11.642+0000] {processor.py:183} INFO - Processing /home/airflow/.local/lib/python3.8/site-packages/airflow/example_dags/example_sensors.py took 0.092 seconds
[2024-04-08T08:51:42.001+0000] {processor.py:161} INFO - Started process (PID=12549) to work on /home/airflow/.local/lib/python3.8/site-packages/airflow/example_dags/example_sensors.py
[2024-04-08T08:51:42.002+0000] {processor.py:830} INFO - Processing file /home/airflow/.local/lib/python3.8/site-packages/airflow/example_dags/example_sensors.py for tasks to queue
[2024-04-08T08:51:42.003+0000] {logging_mixin.py:188} INFO - [2024-04-08T08:51:42.002+0000] {dagbag.py:540} INFO - Filling up the DagBag from /home/airflow/.local/lib/python3.8/site-packages/airflow/example_dags/example_sensors.py
[2024-04-08T08:51:42.013+0000] {processor.py:840} INFO - DAG(s) 'example_sensors' retrieved from /home/airflow/.local/lib/python3.8/site-packages/airflow/example_dags/example_sensors.py
[2024-04-08T08:51:42.045+0000] {logging_mixin.py:188} INFO - [2024-04-08T08:51:42.044+0000] {dag.py:3047} INFO - Sync 1 DAGs
[2024-04-08T08:51:42.060+0000] {logging_mixin.py:188} INFO - [2024-04-08T08:51:42.060+0000] {dag.py:3834} INFO - Setting next_dagrun for example_sensors to None, run_after=None
[2024-04-08T08:51:42.087+0000] {processor.py:183} INFO - Processing /home/airflow/.local/lib/python3.8/site-packages/airflow/example_dags/example_sensors.py took 0.090 seconds
[2024-04-08T08:52:12.529+0000] {processor.py:161} INFO - Started process (PID=12806) to work on /home/airflow/.local/lib/python3.8/site-packages/airflow/example_dags/example_sensors.py
[2024-04-08T08:52:12.530+0000] {processor.py:830} INFO - Processing file /home/airflow/.local/lib/python3.8/site-packages/airflow/example_dags/example_sensors.py for tasks to queue
[2024-04-08T08:52:12.531+0000] {logging_mixin.py:188} INFO - [2024-04-08T08:52:12.531+0000] {dagbag.py:540} INFO - Filling up the DagBag from /home/airflow/.local/lib/python3.8/site-packages/airflow/example_dags/example_sensors.py
[2024-04-08T08:52:12.542+0000] {processor.py:840} INFO - DAG(s) 'example_sensors' retrieved from /home/airflow/.local/lib/python3.8/site-packages/airflow/example_dags/example_sensors.py
[2024-04-08T08:52:12.574+0000] {logging_mixin.py:188} INFO - [2024-04-08T08:52:12.574+0000] {dag.py:3047} INFO - Sync 1 DAGs
[2024-04-08T08:52:12.589+0000] {logging_mixin.py:188} INFO - [2024-04-08T08:52:12.589+0000] {dag.py:3834} INFO - Setting next_dagrun for example_sensors to None, run_after=None
[2024-04-08T08:52:12.615+0000] {processor.py:183} INFO - Processing /home/airflow/.local/lib/python3.8/site-packages/airflow/example_dags/example_sensors.py took 0.089 seconds
[2024-04-08T08:52:42.974+0000] {processor.py:161} INFO - Started process (PID=13063) to work on /home/airflow/.local/lib/python3.8/site-packages/airflow/example_dags/example_sensors.py
[2024-04-08T08:52:42.975+0000] {processor.py:830} INFO - Processing file /home/airflow/.local/lib/python3.8/site-packages/airflow/example_dags/example_sensors.py for tasks to queue
[2024-04-08T08:52:42.976+0000] {logging_mixin.py:188} INFO - [2024-04-08T08:52:42.976+0000] {dagbag.py:540} INFO - Filling up the DagBag from /home/airflow/.local/lib/python3.8/site-packages/airflow/example_dags/example_sensors.py
[2024-04-08T08:52:42.992+0000] {processor.py:840} INFO - DAG(s) 'example_sensors' retrieved from /home/airflow/.local/lib/python3.8/site-packages/airflow/example_dags/example_sensors.py
[2024-04-08T08:52:43.051+0000] {logging_mixin.py:188} INFO - [2024-04-08T08:52:43.051+0000] {dag.py:3047} INFO - Sync 1 DAGs
[2024-04-08T08:52:43.079+0000] {logging_mixin.py:188} INFO - [2024-04-08T08:52:43.079+0000] {dag.py:3834} INFO - Setting next_dagrun for example_sensors to None, run_after=None
[2024-04-08T08:52:43.122+0000] {processor.py:183} INFO - Processing /home/airflow/.local/lib/python3.8/site-packages/airflow/example_dags/example_sensors.py took 0.151 seconds
[2024-04-08T08:53:13.534+0000] {processor.py:161} INFO - Started process (PID=13320) to work on /home/airflow/.local/lib/python3.8/site-packages/airflow/example_dags/example_sensors.py
[2024-04-08T08:53:13.535+0000] {processor.py:830} INFO - Processing file /home/airflow/.local/lib/python3.8/site-packages/airflow/example_dags/example_sensors.py for tasks to queue
[2024-04-08T08:53:13.536+0000] {logging_mixin.py:188} INFO - [2024-04-08T08:53:13.536+0000] {dagbag.py:540} INFO - Filling up the DagBag from /home/airflow/.local/lib/python3.8/site-packages/airflow/example_dags/example_sensors.py
[2024-04-08T08:53:13.547+0000] {processor.py:840} INFO - DAG(s) 'example_sensors' retrieved from /home/airflow/.local/lib/python3.8/site-packages/airflow/example_dags/example_sensors.py
[2024-04-08T08:53:13.578+0000] {logging_mixin.py:188} INFO - [2024-04-08T08:53:13.577+0000] {dag.py:3047} INFO - Sync 1 DAGs
[2024-04-08T08:53:13.593+0000] {logging_mixin.py:188} INFO - [2024-04-08T08:53:13.592+0000] {dag.py:3834} INFO - Setting next_dagrun for example_sensors to None, run_after=None
[2024-04-08T08:53:13.620+0000] {processor.py:183} INFO - Processing /home/airflow/.local/lib/python3.8/site-packages/airflow/example_dags/example_sensors.py took 0.089 seconds
[2024-04-08T08:53:43.889+0000] {processor.py:161} INFO - Started process (PID=13577) to work on /home/airflow/.local/lib/python3.8/site-packages/airflow/example_dags/example_sensors.py
[2024-04-08T08:53:43.890+0000] {processor.py:830} INFO - Processing file /home/airflow/.local/lib/python3.8/site-packages/airflow/example_dags/example_sensors.py for tasks to queue
[2024-04-08T08:53:43.891+0000] {logging_mixin.py:188} INFO - [2024-04-08T08:53:43.891+0000] {dagbag.py:540} INFO - Filling up the DagBag from /home/airflow/.local/lib/python3.8/site-packages/airflow/example_dags/example_sensors.py
[2024-04-08T08:53:43.902+0000] {processor.py:840} INFO - DAG(s) 'example_sensors' retrieved from /home/airflow/.local/lib/python3.8/site-packages/airflow/example_dags/example_sensors.py
[2024-04-08T08:53:43.936+0000] {logging_mixin.py:188} INFO - [2024-04-08T08:53:43.935+0000] {dag.py:3047} INFO - Sync 1 DAGs
[2024-04-08T08:53:43.950+0000] {logging_mixin.py:188} INFO - [2024-04-08T08:53:43.950+0000] {dag.py:3834} INFO - Setting next_dagrun for example_sensors to None, run_after=None
[2024-04-08T08:53:43.977+0000] {processor.py:183} INFO - Processing /home/airflow/.local/lib/python3.8/site-packages/airflow/example_dags/example_sensors.py took 0.091 seconds
[2024-04-08T08:54:14.434+0000] {processor.py:161} INFO - Started process (PID=13835) to work on /home/airflow/.local/lib/python3.8/site-packages/airflow/example_dags/example_sensors.py
[2024-04-08T08:54:14.435+0000] {processor.py:830} INFO - Processing file /home/airflow/.local/lib/python3.8/site-packages/airflow/example_dags/example_sensors.py for tasks to queue
[2024-04-08T08:54:14.436+0000] {logging_mixin.py:188} INFO - [2024-04-08T08:54:14.436+0000] {dagbag.py:540} INFO - Filling up the DagBag from /home/airflow/.local/lib/python3.8/site-packages/airflow/example_dags/example_sensors.py
[2024-04-08T08:54:14.447+0000] {processor.py:840} INFO - DAG(s) 'example_sensors' retrieved from /home/airflow/.local/lib/python3.8/site-packages/airflow/example_dags/example_sensors.py
[2024-04-08T08:54:14.479+0000] {logging_mixin.py:188} INFO - [2024-04-08T08:54:14.479+0000] {dag.py:3047} INFO - Sync 1 DAGs
[2024-04-08T08:54:14.494+0000] {logging_mixin.py:188} INFO - [2024-04-08T08:54:14.494+0000] {dag.py:3834} INFO - Setting next_dagrun for example_sensors to None, run_after=None
[2024-04-08T08:54:14.522+0000] {processor.py:183} INFO - Processing /home/airflow/.local/lib/python3.8/site-packages/airflow/example_dags/example_sensors.py took 0.091 seconds
[2024-04-08T08:54:44.854+0000] {processor.py:161} INFO - Started process (PID=14093) to work on /home/airflow/.local/lib/python3.8/site-packages/airflow/example_dags/example_sensors.py
[2024-04-08T08:54:44.856+0000] {processor.py:830} INFO - Processing file /home/airflow/.local/lib/python3.8/site-packages/airflow/example_dags/example_sensors.py for tasks to queue
[2024-04-08T08:54:44.856+0000] {logging_mixin.py:188} INFO - [2024-04-08T08:54:44.856+0000] {dagbag.py:540} INFO - Filling up the DagBag from /home/airflow/.local/lib/python3.8/site-packages/airflow/example_dags/example_sensors.py
[2024-04-08T08:54:44.867+0000] {processor.py:840} INFO - DAG(s) 'example_sensors' retrieved from /home/airflow/.local/lib/python3.8/site-packages/airflow/example_dags/example_sensors.py
[2024-04-08T08:54:44.901+0000] {logging_mixin.py:188} INFO - [2024-04-08T08:54:44.901+0000] {dag.py:3047} INFO - Sync 1 DAGs
[2024-04-08T08:54:44.916+0000] {logging_mixin.py:188} INFO - [2024-04-08T08:54:44.916+0000] {dag.py:3834} INFO - Setting next_dagrun for example_sensors to None, run_after=None
[2024-04-08T08:54:44.941+0000] {processor.py:183} INFO - Processing /home/airflow/.local/lib/python3.8/site-packages/airflow/example_dags/example_sensors.py took 0.090 seconds
[2024-04-08T08:55:15.200+0000] {processor.py:161} INFO - Started process (PID=14351) to work on /home/airflow/.local/lib/python3.8/site-packages/airflow/example_dags/example_sensors.py
[2024-04-08T08:55:15.201+0000] {processor.py:830} INFO - Processing file /home/airflow/.local/lib/python3.8/site-packages/airflow/example_dags/example_sensors.py for tasks to queue
[2024-04-08T08:55:15.202+0000] {logging_mixin.py:188} INFO - [2024-04-08T08:55:15.201+0000] {dagbag.py:540} INFO - Filling up the DagBag from /home/airflow/.local/lib/python3.8/site-packages/airflow/example_dags/example_sensors.py
[2024-04-08T08:55:15.218+0000] {processor.py:840} INFO - DAG(s) 'example_sensors' retrieved from /home/airflow/.local/lib/python3.8/site-packages/airflow/example_dags/example_sensors.py
[2024-04-08T08:55:15.249+0000] {logging_mixin.py:188} INFO - [2024-04-08T08:55:15.248+0000] {dag.py:3047} INFO - Sync 1 DAGs
[2024-04-08T08:55:15.262+0000] {logging_mixin.py:188} INFO - [2024-04-08T08:55:15.262+0000] {dag.py:3834} INFO - Setting next_dagrun for example_sensors to None, run_after=None
[2024-04-08T08:55:15.286+0000] {processor.py:183} INFO - Processing /home/airflow/.local/lib/python3.8/site-packages/airflow/example_dags/example_sensors.py took 0.090 seconds
[2024-04-08T08:55:45.595+0000] {processor.py:161} INFO - Started process (PID=14609) to work on /home/airflow/.local/lib/python3.8/site-packages/airflow/example_dags/example_sensors.py
[2024-04-08T08:55:45.596+0000] {processor.py:830} INFO - Processing file /home/airflow/.local/lib/python3.8/site-packages/airflow/example_dags/example_sensors.py for tasks to queue
[2024-04-08T08:55:45.597+0000] {logging_mixin.py:188} INFO - [2024-04-08T08:55:45.597+0000] {dagbag.py:540} INFO - Filling up the DagBag from /home/airflow/.local/lib/python3.8/site-packages/airflow/example_dags/example_sensors.py
[2024-04-08T08:55:45.613+0000] {processor.py:840} INFO - DAG(s) 'example_sensors' retrieved from /home/airflow/.local/lib/python3.8/site-packages/airflow/example_dags/example_sensors.py
[2024-04-08T08:55:45.647+0000] {logging_mixin.py:188} INFO - [2024-04-08T08:55:45.646+0000] {dag.py:3047} INFO - Sync 1 DAGs
[2024-04-08T08:55:45.660+0000] {logging_mixin.py:188} INFO - [2024-04-08T08:55:45.660+0000] {dag.py:3834} INFO - Setting next_dagrun for example_sensors to None, run_after=None
[2024-04-08T08:55:45.687+0000] {processor.py:183} INFO - Processing /home/airflow/.local/lib/python3.8/site-packages/airflow/example_dags/example_sensors.py took 0.095 seconds
[2024-04-08T08:56:15.889+0000] {processor.py:161} INFO - Started process (PID=14867) to work on /home/airflow/.local/lib/python3.8/site-packages/airflow/example_dags/example_sensors.py
[2024-04-08T08:56:15.890+0000] {processor.py:830} INFO - Processing file /home/airflow/.local/lib/python3.8/site-packages/airflow/example_dags/example_sensors.py for tasks to queue
[2024-04-08T08:56:15.891+0000] {logging_mixin.py:188} INFO - [2024-04-08T08:56:15.891+0000] {dagbag.py:540} INFO - Filling up the DagBag from /home/airflow/.local/lib/python3.8/site-packages/airflow/example_dags/example_sensors.py
[2024-04-08T08:56:15.906+0000] {processor.py:840} INFO - DAG(s) 'example_sensors' retrieved from /home/airflow/.local/lib/python3.8/site-packages/airflow/example_dags/example_sensors.py
[2024-04-08T08:56:15.938+0000] {logging_mixin.py:188} INFO - [2024-04-08T08:56:15.937+0000] {dag.py:3047} INFO - Sync 1 DAGs
[2024-04-08T08:56:15.954+0000] {logging_mixin.py:188} INFO - [2024-04-08T08:56:15.953+0000] {dag.py:3834} INFO - Setting next_dagrun for example_sensors to None, run_after=None
[2024-04-08T08:56:15.983+0000] {processor.py:183} INFO - Processing /home/airflow/.local/lib/python3.8/site-packages/airflow/example_dags/example_sensors.py took 0.097 seconds
[2024-04-08T08:56:46.331+0000] {processor.py:161} INFO - Started process (PID=15124) to work on /home/airflow/.local/lib/python3.8/site-packages/airflow/example_dags/example_sensors.py
[2024-04-08T08:56:46.332+0000] {processor.py:830} INFO - Processing file /home/airflow/.local/lib/python3.8/site-packages/airflow/example_dags/example_sensors.py for tasks to queue
[2024-04-08T08:56:46.333+0000] {logging_mixin.py:188} INFO - [2024-04-08T08:56:46.332+0000] {dagbag.py:540} INFO - Filling up the DagBag from /home/airflow/.local/lib/python3.8/site-packages/airflow/example_dags/example_sensors.py
[2024-04-08T08:56:46.344+0000] {processor.py:840} INFO - DAG(s) 'example_sensors' retrieved from /home/airflow/.local/lib/python3.8/site-packages/airflow/example_dags/example_sensors.py
[2024-04-08T08:56:46.378+0000] {logging_mixin.py:188} INFO - [2024-04-08T08:56:46.378+0000] {dag.py:3047} INFO - Sync 1 DAGs
[2024-04-08T08:56:46.393+0000] {logging_mixin.py:188} INFO - [2024-04-08T08:56:46.392+0000] {dag.py:3834} INFO - Setting next_dagrun for example_sensors to None, run_after=None
[2024-04-08T08:56:46.418+0000] {processor.py:183} INFO - Processing /home/airflow/.local/lib/python3.8/site-packages/airflow/example_dags/example_sensors.py took 0.090 seconds
