[2024-04-08T08:27:19.520+0000] {processor.py:161} INFO - Started process (PID=240) to work on /home/airflow/.local/lib/python3.8/site-packages/airflow/example_dags/example_skip_dag.py
[2024-04-08T08:27:19.521+0000] {processor.py:830} INFO - Processing file /home/airflow/.local/lib/python3.8/site-packages/airflow/example_dags/example_skip_dag.py for tasks to queue
[2024-04-08T08:27:19.523+0000] {logging_mixin.py:188} INFO - [2024-04-08T08:27:19.522+0000] {dagbag.py:540} INFO - Filling up the DagBag from /home/airflow/.local/lib/python3.8/site-packages/airflow/example_dags/example_skip_dag.py
[2024-04-08T08:27:19.533+0000] {processor.py:840} INFO - DAG(s) 'example_skip_dag' retrieved from /home/airflow/.local/lib/python3.8/site-packages/airflow/example_dags/example_skip_dag.py
[2024-04-08T08:27:19.581+0000] {logging_mixin.py:188} INFO - [2024-04-08T08:27:19.581+0000] {dag.py:3047} INFO - Sync 1 DAGs
[2024-04-08T08:27:19.614+0000] {logging_mixin.py:188} INFO - [2024-04-08T08:27:19.614+0000] {dag.py:3834} INFO - Setting next_dagrun for example_skip_dag to 2024-04-07 00:00:00+00:00, run_after=2024-04-08 00:00:00+00:00
[2024-04-08T08:27:19.650+0000] {processor.py:183} INFO - Processing /home/airflow/.local/lib/python3.8/site-packages/airflow/example_dags/example_skip_dag.py took 0.134 seconds
[2024-04-08T08:27:50.259+0000] {processor.py:161} INFO - Started process (PID=499) to work on /home/airflow/.local/lib/python3.8/site-packages/airflow/example_dags/example_skip_dag.py
[2024-04-08T08:27:50.260+0000] {processor.py:830} INFO - Processing file /home/airflow/.local/lib/python3.8/site-packages/airflow/example_dags/example_skip_dag.py for tasks to queue
[2024-04-08T08:27:50.261+0000] {logging_mixin.py:188} INFO - [2024-04-08T08:27:50.261+0000] {dagbag.py:540} INFO - Filling up the DagBag from /home/airflow/.local/lib/python3.8/site-packages/airflow/example_dags/example_skip_dag.py
[2024-04-08T08:27:50.268+0000] {processor.py:840} INFO - DAG(s) 'example_skip_dag' retrieved from /home/airflow/.local/lib/python3.8/site-packages/airflow/example_dags/example_skip_dag.py
[2024-04-08T08:27:50.295+0000] {logging_mixin.py:188} INFO - [2024-04-08T08:27:50.294+0000] {dag.py:3047} INFO - Sync 1 DAGs
[2024-04-08T08:27:50.321+0000] {logging_mixin.py:188} INFO - [2024-04-08T08:27:50.320+0000] {dag.py:3834} INFO - Setting next_dagrun for example_skip_dag to 2024-04-07 00:00:00+00:00, run_after=2024-04-08 00:00:00+00:00
[2024-04-08T08:27:50.343+0000] {processor.py:183} INFO - Processing /home/airflow/.local/lib/python3.8/site-packages/airflow/example_dags/example_skip_dag.py took 0.088 seconds
[2024-04-08T08:28:20.983+0000] {processor.py:161} INFO - Started process (PID=755) to work on /home/airflow/.local/lib/python3.8/site-packages/airflow/example_dags/example_skip_dag.py
[2024-04-08T08:28:20.985+0000] {processor.py:830} INFO - Processing file /home/airflow/.local/lib/python3.8/site-packages/airflow/example_dags/example_skip_dag.py for tasks to queue
[2024-04-08T08:28:20.986+0000] {logging_mixin.py:188} INFO - [2024-04-08T08:28:20.985+0000] {dagbag.py:540} INFO - Filling up the DagBag from /home/airflow/.local/lib/python3.8/site-packages/airflow/example_dags/example_skip_dag.py
[2024-04-08T08:28:20.994+0000] {processor.py:840} INFO - DAG(s) 'example_skip_dag' retrieved from /home/airflow/.local/lib/python3.8/site-packages/airflow/example_dags/example_skip_dag.py
[2024-04-08T08:28:21.017+0000] {logging_mixin.py:188} INFO - [2024-04-08T08:28:21.017+0000] {dag.py:3047} INFO - Sync 1 DAGs
[2024-04-08T08:28:21.041+0000] {logging_mixin.py:188} INFO - [2024-04-08T08:28:21.041+0000] {dag.py:3834} INFO - Setting next_dagrun for example_skip_dag to 2024-04-07 00:00:00+00:00, run_after=2024-04-08 00:00:00+00:00
[2024-04-08T08:28:21.064+0000] {processor.py:183} INFO - Processing /home/airflow/.local/lib/python3.8/site-packages/airflow/example_dags/example_skip_dag.py took 0.084 seconds
[2024-04-08T08:28:51.599+0000] {processor.py:161} INFO - Started process (PID=1014) to work on /home/airflow/.local/lib/python3.8/site-packages/airflow/example_dags/example_skip_dag.py
[2024-04-08T08:28:51.600+0000] {processor.py:830} INFO - Processing file /home/airflow/.local/lib/python3.8/site-packages/airflow/example_dags/example_skip_dag.py for tasks to queue
[2024-04-08T08:28:51.601+0000] {logging_mixin.py:188} INFO - [2024-04-08T08:28:51.601+0000] {dagbag.py:540} INFO - Filling up the DagBag from /home/airflow/.local/lib/python3.8/site-packages/airflow/example_dags/example_skip_dag.py
[2024-04-08T08:28:51.613+0000] {processor.py:840} INFO - DAG(s) 'example_skip_dag' retrieved from /home/airflow/.local/lib/python3.8/site-packages/airflow/example_dags/example_skip_dag.py
[2024-04-08T08:28:51.702+0000] {logging_mixin.py:188} INFO - [2024-04-08T08:28:51.701+0000] {dag.py:3047} INFO - Sync 1 DAGs
[2024-04-08T08:28:51.727+0000] {logging_mixin.py:188} INFO - [2024-04-08T08:28:51.727+0000] {dag.py:3834} INFO - Setting next_dagrun for example_skip_dag to 2024-04-07 00:00:00+00:00, run_after=2024-04-08 00:00:00+00:00
[2024-04-08T08:28:51.751+0000] {processor.py:183} INFO - Processing /home/airflow/.local/lib/python3.8/site-packages/airflow/example_dags/example_skip_dag.py took 0.156 seconds
[2024-04-08T08:29:22.301+0000] {processor.py:161} INFO - Started process (PID=1271) to work on /home/airflow/.local/lib/python3.8/site-packages/airflow/example_dags/example_skip_dag.py
[2024-04-08T08:29:22.302+0000] {processor.py:830} INFO - Processing file /home/airflow/.local/lib/python3.8/site-packages/airflow/example_dags/example_skip_dag.py for tasks to queue
[2024-04-08T08:29:22.304+0000] {logging_mixin.py:188} INFO - [2024-04-08T08:29:22.303+0000] {dagbag.py:540} INFO - Filling up the DagBag from /home/airflow/.local/lib/python3.8/site-packages/airflow/example_dags/example_skip_dag.py
[2024-04-08T08:29:22.315+0000] {processor.py:840} INFO - DAG(s) 'example_skip_dag' retrieved from /home/airflow/.local/lib/python3.8/site-packages/airflow/example_dags/example_skip_dag.py
[2024-04-08T08:29:22.341+0000] {logging_mixin.py:188} INFO - [2024-04-08T08:29:22.340+0000] {dag.py:3047} INFO - Sync 1 DAGs
[2024-04-08T08:29:22.364+0000] {logging_mixin.py:188} INFO - [2024-04-08T08:29:22.364+0000] {dag.py:3834} INFO - Setting next_dagrun for example_skip_dag to 2024-04-07 00:00:00+00:00, run_after=2024-04-08 00:00:00+00:00
[2024-04-08T08:29:22.388+0000] {processor.py:183} INFO - Processing /home/airflow/.local/lib/python3.8/site-packages/airflow/example_dags/example_skip_dag.py took 0.091 seconds
[2024-04-08T08:29:52.657+0000] {processor.py:161} INFO - Started process (PID=1528) to work on /home/airflow/.local/lib/python3.8/site-packages/airflow/example_dags/example_skip_dag.py
[2024-04-08T08:29:52.658+0000] {processor.py:830} INFO - Processing file /home/airflow/.local/lib/python3.8/site-packages/airflow/example_dags/example_skip_dag.py for tasks to queue
[2024-04-08T08:29:52.659+0000] {logging_mixin.py:188} INFO - [2024-04-08T08:29:52.658+0000] {dagbag.py:540} INFO - Filling up the DagBag from /home/airflow/.local/lib/python3.8/site-packages/airflow/example_dags/example_skip_dag.py
[2024-04-08T08:29:52.667+0000] {processor.py:840} INFO - DAG(s) 'example_skip_dag' retrieved from /home/airflow/.local/lib/python3.8/site-packages/airflow/example_dags/example_skip_dag.py
[2024-04-08T08:29:52.690+0000] {logging_mixin.py:188} INFO - [2024-04-08T08:29:52.689+0000] {dag.py:3047} INFO - Sync 1 DAGs
[2024-04-08T08:29:52.734+0000] {logging_mixin.py:188} INFO - [2024-04-08T08:29:52.734+0000] {dag.py:3834} INFO - Setting next_dagrun for example_skip_dag to 2024-04-07 00:00:00+00:00, run_after=2024-04-08 00:00:00+00:00
[2024-04-08T08:29:52.757+0000] {processor.py:183} INFO - Processing /home/airflow/.local/lib/python3.8/site-packages/airflow/example_dags/example_skip_dag.py took 0.104 seconds
[2024-04-08T08:30:23.439+0000] {processor.py:161} INFO - Started process (PID=1786) to work on /home/airflow/.local/lib/python3.8/site-packages/airflow/example_dags/example_skip_dag.py
[2024-04-08T08:30:23.440+0000] {processor.py:830} INFO - Processing file /home/airflow/.local/lib/python3.8/site-packages/airflow/example_dags/example_skip_dag.py for tasks to queue
[2024-04-08T08:30:23.441+0000] {logging_mixin.py:188} INFO - [2024-04-08T08:30:23.441+0000] {dagbag.py:540} INFO - Filling up the DagBag from /home/airflow/.local/lib/python3.8/site-packages/airflow/example_dags/example_skip_dag.py
[2024-04-08T08:30:23.449+0000] {processor.py:840} INFO - DAG(s) 'example_skip_dag' retrieved from /home/airflow/.local/lib/python3.8/site-packages/airflow/example_dags/example_skip_dag.py
[2024-04-08T08:30:23.472+0000] {logging_mixin.py:188} INFO - [2024-04-08T08:30:23.472+0000] {dag.py:3047} INFO - Sync 1 DAGs
[2024-04-08T08:30:23.497+0000] {logging_mixin.py:188} INFO - [2024-04-08T08:30:23.497+0000] {dag.py:3834} INFO - Setting next_dagrun for example_skip_dag to 2024-04-07 00:00:00+00:00, run_after=2024-04-08 00:00:00+00:00
[2024-04-08T08:30:23.521+0000] {processor.py:183} INFO - Processing /home/airflow/.local/lib/python3.8/site-packages/airflow/example_dags/example_skip_dag.py took 0.086 seconds
[2024-04-08T08:30:54.150+0000] {processor.py:161} INFO - Started process (PID=2045) to work on /home/airflow/.local/lib/python3.8/site-packages/airflow/example_dags/example_skip_dag.py
[2024-04-08T08:30:54.150+0000] {processor.py:830} INFO - Processing file /home/airflow/.local/lib/python3.8/site-packages/airflow/example_dags/example_skip_dag.py for tasks to queue
[2024-04-08T08:30:54.152+0000] {logging_mixin.py:188} INFO - [2024-04-08T08:30:54.151+0000] {dagbag.py:540} INFO - Filling up the DagBag from /home/airflow/.local/lib/python3.8/site-packages/airflow/example_dags/example_skip_dag.py
[2024-04-08T08:30:54.159+0000] {processor.py:840} INFO - DAG(s) 'example_skip_dag' retrieved from /home/airflow/.local/lib/python3.8/site-packages/airflow/example_dags/example_skip_dag.py
[2024-04-08T08:30:54.184+0000] {logging_mixin.py:188} INFO - [2024-04-08T08:30:54.183+0000] {dag.py:3047} INFO - Sync 1 DAGs
[2024-04-08T08:30:54.208+0000] {logging_mixin.py:188} INFO - [2024-04-08T08:30:54.208+0000] {dag.py:3834} INFO - Setting next_dagrun for example_skip_dag to 2024-04-07 00:00:00+00:00, run_after=2024-04-08 00:00:00+00:00
[2024-04-08T08:30:54.232+0000] {processor.py:183} INFO - Processing /home/airflow/.local/lib/python3.8/site-packages/airflow/example_dags/example_skip_dag.py took 0.085 seconds
[2024-04-08T08:31:24.601+0000] {processor.py:161} INFO - Started process (PID=2302) to work on /home/airflow/.local/lib/python3.8/site-packages/airflow/example_dags/example_skip_dag.py
[2024-04-08T08:31:24.602+0000] {processor.py:830} INFO - Processing file /home/airflow/.local/lib/python3.8/site-packages/airflow/example_dags/example_skip_dag.py for tasks to queue
[2024-04-08T08:31:24.603+0000] {logging_mixin.py:188} INFO - [2024-04-08T08:31:24.602+0000] {dagbag.py:540} INFO - Filling up the DagBag from /home/airflow/.local/lib/python3.8/site-packages/airflow/example_dags/example_skip_dag.py
[2024-04-08T08:31:24.610+0000] {processor.py:840} INFO - DAG(s) 'example_skip_dag' retrieved from /home/airflow/.local/lib/python3.8/site-packages/airflow/example_dags/example_skip_dag.py
[2024-04-08T08:31:24.642+0000] {logging_mixin.py:188} INFO - [2024-04-08T08:31:24.641+0000] {dag.py:3047} INFO - Sync 1 DAGs
[2024-04-08T08:31:24.670+0000] {logging_mixin.py:188} INFO - [2024-04-08T08:31:24.670+0000] {dag.py:3834} INFO - Setting next_dagrun for example_skip_dag to 2024-04-07 00:00:00+00:00, run_after=2024-04-08 00:00:00+00:00
[2024-04-08T08:31:24.700+0000] {processor.py:183} INFO - Processing /home/airflow/.local/lib/python3.8/site-packages/airflow/example_dags/example_skip_dag.py took 0.102 seconds
[2024-04-08T08:31:55.318+0000] {processor.py:161} INFO - Started process (PID=2557) to work on /home/airflow/.local/lib/python3.8/site-packages/airflow/example_dags/example_skip_dag.py
[2024-04-08T08:31:55.319+0000] {processor.py:830} INFO - Processing file /home/airflow/.local/lib/python3.8/site-packages/airflow/example_dags/example_skip_dag.py for tasks to queue
[2024-04-08T08:31:55.320+0000] {logging_mixin.py:188} INFO - [2024-04-08T08:31:55.319+0000] {dagbag.py:540} INFO - Filling up the DagBag from /home/airflow/.local/lib/python3.8/site-packages/airflow/example_dags/example_skip_dag.py
[2024-04-08T08:31:55.329+0000] {processor.py:840} INFO - DAG(s) 'example_skip_dag' retrieved from /home/airflow/.local/lib/python3.8/site-packages/airflow/example_dags/example_skip_dag.py
[2024-04-08T08:31:55.351+0000] {logging_mixin.py:188} INFO - [2024-04-08T08:31:55.350+0000] {dag.py:3047} INFO - Sync 1 DAGs
[2024-04-08T08:31:55.375+0000] {logging_mixin.py:188} INFO - [2024-04-08T08:31:55.375+0000] {dag.py:3834} INFO - Setting next_dagrun for example_skip_dag to 2024-04-07 00:00:00+00:00, run_after=2024-04-08 00:00:00+00:00
[2024-04-08T08:31:55.400+0000] {processor.py:183} INFO - Processing /home/airflow/.local/lib/python3.8/site-packages/airflow/example_dags/example_skip_dag.py took 0.086 seconds
[2024-04-08T08:32:25.947+0000] {processor.py:161} INFO - Started process (PID=2816) to work on /home/airflow/.local/lib/python3.8/site-packages/airflow/example_dags/example_skip_dag.py
[2024-04-08T08:32:25.948+0000] {processor.py:830} INFO - Processing file /home/airflow/.local/lib/python3.8/site-packages/airflow/example_dags/example_skip_dag.py for tasks to queue
[2024-04-08T08:32:25.948+0000] {logging_mixin.py:188} INFO - [2024-04-08T08:32:25.948+0000] {dagbag.py:540} INFO - Filling up the DagBag from /home/airflow/.local/lib/python3.8/site-packages/airflow/example_dags/example_skip_dag.py
[2024-04-08T08:32:25.955+0000] {processor.py:840} INFO - DAG(s) 'example_skip_dag' retrieved from /home/airflow/.local/lib/python3.8/site-packages/airflow/example_dags/example_skip_dag.py
[2024-04-08T08:32:25.973+0000] {logging_mixin.py:188} INFO - [2024-04-08T08:32:25.973+0000] {dag.py:3047} INFO - Sync 1 DAGs
[2024-04-08T08:32:25.990+0000] {logging_mixin.py:188} INFO - [2024-04-08T08:32:25.990+0000] {dag.py:3834} INFO - Setting next_dagrun for example_skip_dag to 2024-04-07 00:00:00+00:00, run_after=2024-04-08 00:00:00+00:00
[2024-04-08T08:32:26.010+0000] {processor.py:183} INFO - Processing /home/airflow/.local/lib/python3.8/site-packages/airflow/example_dags/example_skip_dag.py took 0.065 seconds
[2024-04-08T08:32:56.122+0000] {processor.py:161} INFO - Started process (PID=3073) to work on /home/airflow/.local/lib/python3.8/site-packages/airflow/example_dags/example_skip_dag.py
[2024-04-08T08:32:56.123+0000] {processor.py:830} INFO - Processing file /home/airflow/.local/lib/python3.8/site-packages/airflow/example_dags/example_skip_dag.py for tasks to queue
[2024-04-08T08:32:56.124+0000] {logging_mixin.py:188} INFO - [2024-04-08T08:32:56.123+0000] {dagbag.py:540} INFO - Filling up the DagBag from /home/airflow/.local/lib/python3.8/site-packages/airflow/example_dags/example_skip_dag.py
[2024-04-08T08:32:56.129+0000] {processor.py:840} INFO - DAG(s) 'example_skip_dag' retrieved from /home/airflow/.local/lib/python3.8/site-packages/airflow/example_dags/example_skip_dag.py
[2024-04-08T08:32:56.146+0000] {logging_mixin.py:188} INFO - [2024-04-08T08:32:56.146+0000] {dag.py:3047} INFO - Sync 1 DAGs
[2024-04-08T08:32:56.163+0000] {logging_mixin.py:188} INFO - [2024-04-08T08:32:56.163+0000] {dag.py:3834} INFO - Setting next_dagrun for example_skip_dag to 2024-04-07 00:00:00+00:00, run_after=2024-04-08 00:00:00+00:00
[2024-04-08T08:32:56.184+0000] {processor.py:183} INFO - Processing /home/airflow/.local/lib/python3.8/site-packages/airflow/example_dags/example_skip_dag.py took 0.065 seconds
[2024-04-08T08:33:26.583+0000] {processor.py:161} INFO - Started process (PID=3330) to work on /home/airflow/.local/lib/python3.8/site-packages/airflow/example_dags/example_skip_dag.py
[2024-04-08T08:33:26.584+0000] {processor.py:830} INFO - Processing file /home/airflow/.local/lib/python3.8/site-packages/airflow/example_dags/example_skip_dag.py for tasks to queue
[2024-04-08T08:33:26.585+0000] {logging_mixin.py:188} INFO - [2024-04-08T08:33:26.584+0000] {dagbag.py:540} INFO - Filling up the DagBag from /home/airflow/.local/lib/python3.8/site-packages/airflow/example_dags/example_skip_dag.py
[2024-04-08T08:33:26.591+0000] {processor.py:840} INFO - DAG(s) 'example_skip_dag' retrieved from /home/airflow/.local/lib/python3.8/site-packages/airflow/example_dags/example_skip_dag.py
[2024-04-08T08:33:26.610+0000] {logging_mixin.py:188} INFO - [2024-04-08T08:33:26.610+0000] {dag.py:3047} INFO - Sync 1 DAGs
[2024-04-08T08:33:26.627+0000] {logging_mixin.py:188} INFO - [2024-04-08T08:33:26.627+0000] {dag.py:3834} INFO - Setting next_dagrun for example_skip_dag to 2024-04-07 00:00:00+00:00, run_after=2024-04-08 00:00:00+00:00
[2024-04-08T08:33:26.646+0000] {processor.py:183} INFO - Processing /home/airflow/.local/lib/python3.8/site-packages/airflow/example_dags/example_skip_dag.py took 0.066 seconds
[2024-04-08T08:33:57.143+0000] {processor.py:161} INFO - Started process (PID=3585) to work on /home/airflow/.local/lib/python3.8/site-packages/airflow/example_dags/example_skip_dag.py
[2024-04-08T08:33:57.145+0000] {processor.py:830} INFO - Processing file /home/airflow/.local/lib/python3.8/site-packages/airflow/example_dags/example_skip_dag.py for tasks to queue
[2024-04-08T08:33:57.146+0000] {logging_mixin.py:188} INFO - [2024-04-08T08:33:57.146+0000] {dagbag.py:540} INFO - Filling up the DagBag from /home/airflow/.local/lib/python3.8/site-packages/airflow/example_dags/example_skip_dag.py
[2024-04-08T08:33:57.154+0000] {processor.py:840} INFO - DAG(s) 'example_skip_dag' retrieved from /home/airflow/.local/lib/python3.8/site-packages/airflow/example_dags/example_skip_dag.py
[2024-04-08T08:33:57.178+0000] {logging_mixin.py:188} INFO - [2024-04-08T08:33:57.178+0000] {dag.py:3047} INFO - Sync 1 DAGs
[2024-04-08T08:33:57.206+0000] {logging_mixin.py:188} INFO - [2024-04-08T08:33:57.206+0000] {dag.py:3834} INFO - Setting next_dagrun for example_skip_dag to 2024-04-07 00:00:00+00:00, run_after=2024-04-08 00:00:00+00:00
[2024-04-08T08:33:57.236+0000] {processor.py:183} INFO - Processing /home/airflow/.local/lib/python3.8/site-packages/airflow/example_dags/example_skip_dag.py took 0.096 seconds
[2024-04-08T08:34:27.285+0000] {processor.py:161} INFO - Started process (PID=3841) to work on /home/airflow/.local/lib/python3.8/site-packages/airflow/example_dags/example_skip_dag.py
[2024-04-08T08:34:27.287+0000] {processor.py:830} INFO - Processing file /home/airflow/.local/lib/python3.8/site-packages/airflow/example_dags/example_skip_dag.py for tasks to queue
[2024-04-08T08:34:27.288+0000] {logging_mixin.py:188} INFO - [2024-04-08T08:34:27.287+0000] {dagbag.py:540} INFO - Filling up the DagBag from /home/airflow/.local/lib/python3.8/site-packages/airflow/example_dags/example_skip_dag.py
[2024-04-08T08:34:27.296+0000] {processor.py:840} INFO - DAG(s) 'example_skip_dag' retrieved from /home/airflow/.local/lib/python3.8/site-packages/airflow/example_dags/example_skip_dag.py
[2024-04-08T08:34:27.322+0000] {logging_mixin.py:188} INFO - [2024-04-08T08:34:27.322+0000] {dag.py:3047} INFO - Sync 1 DAGs
[2024-04-08T08:34:27.350+0000] {logging_mixin.py:188} INFO - [2024-04-08T08:34:27.349+0000] {dag.py:3834} INFO - Setting next_dagrun for example_skip_dag to 2024-04-07 00:00:00+00:00, run_after=2024-04-08 00:00:00+00:00
[2024-04-08T08:34:27.373+0000] {processor.py:183} INFO - Processing /home/airflow/.local/lib/python3.8/site-packages/airflow/example_dags/example_skip_dag.py took 0.091 seconds
[2024-04-08T08:34:57.545+0000] {processor.py:161} INFO - Started process (PID=4098) to work on /home/airflow/.local/lib/python3.8/site-packages/airflow/example_dags/example_skip_dag.py
[2024-04-08T08:34:57.546+0000] {processor.py:830} INFO - Processing file /home/airflow/.local/lib/python3.8/site-packages/airflow/example_dags/example_skip_dag.py for tasks to queue
[2024-04-08T08:34:57.547+0000] {logging_mixin.py:188} INFO - [2024-04-08T08:34:57.546+0000] {dagbag.py:540} INFO - Filling up the DagBag from /home/airflow/.local/lib/python3.8/site-packages/airflow/example_dags/example_skip_dag.py
[2024-04-08T08:34:57.555+0000] {processor.py:840} INFO - DAG(s) 'example_skip_dag' retrieved from /home/airflow/.local/lib/python3.8/site-packages/airflow/example_dags/example_skip_dag.py
[2024-04-08T08:34:57.580+0000] {logging_mixin.py:188} INFO - [2024-04-08T08:34:57.580+0000] {dag.py:3047} INFO - Sync 1 DAGs
[2024-04-08T08:34:57.606+0000] {logging_mixin.py:188} INFO - [2024-04-08T08:34:57.606+0000] {dag.py:3834} INFO - Setting next_dagrun for example_skip_dag to 2024-04-07 00:00:00+00:00, run_after=2024-04-08 00:00:00+00:00
[2024-04-08T08:34:57.630+0000] {processor.py:183} INFO - Processing /home/airflow/.local/lib/python3.8/site-packages/airflow/example_dags/example_skip_dag.py took 0.089 seconds
[2024-04-08T08:35:28.241+0000] {processor.py:161} INFO - Started process (PID=4358) to work on /home/airflow/.local/lib/python3.8/site-packages/airflow/example_dags/example_skip_dag.py
[2024-04-08T08:35:28.242+0000] {processor.py:830} INFO - Processing file /home/airflow/.local/lib/python3.8/site-packages/airflow/example_dags/example_skip_dag.py for tasks to queue
[2024-04-08T08:35:28.243+0000] {logging_mixin.py:188} INFO - [2024-04-08T08:35:28.242+0000] {dagbag.py:540} INFO - Filling up the DagBag from /home/airflow/.local/lib/python3.8/site-packages/airflow/example_dags/example_skip_dag.py
[2024-04-08T08:35:28.251+0000] {processor.py:840} INFO - DAG(s) 'example_skip_dag' retrieved from /home/airflow/.local/lib/python3.8/site-packages/airflow/example_dags/example_skip_dag.py
[2024-04-08T08:35:28.278+0000] {logging_mixin.py:188} INFO - [2024-04-08T08:35:28.278+0000] {dag.py:3047} INFO - Sync 1 DAGs
[2024-04-08T08:35:28.304+0000] {logging_mixin.py:188} INFO - [2024-04-08T08:35:28.304+0000] {dag.py:3834} INFO - Setting next_dagrun for example_skip_dag to 2024-04-07 00:00:00+00:00, run_after=2024-04-08 00:00:00+00:00
[2024-04-08T08:35:28.360+0000] {processor.py:183} INFO - Processing /home/airflow/.local/lib/python3.8/site-packages/airflow/example_dags/example_skip_dag.py took 0.123 seconds
[2024-04-08T08:35:58.944+0000] {processor.py:161} INFO - Started process (PID=4615) to work on /home/airflow/.local/lib/python3.8/site-packages/airflow/example_dags/example_skip_dag.py
[2024-04-08T08:35:58.945+0000] {processor.py:830} INFO - Processing file /home/airflow/.local/lib/python3.8/site-packages/airflow/example_dags/example_skip_dag.py for tasks to queue
[2024-04-08T08:35:58.946+0000] {logging_mixin.py:188} INFO - [2024-04-08T08:35:58.946+0000] {dagbag.py:540} INFO - Filling up the DagBag from /home/airflow/.local/lib/python3.8/site-packages/airflow/example_dags/example_skip_dag.py
[2024-04-08T08:35:58.954+0000] {processor.py:840} INFO - DAG(s) 'example_skip_dag' retrieved from /home/airflow/.local/lib/python3.8/site-packages/airflow/example_dags/example_skip_dag.py
[2024-04-08T08:35:58.978+0000] {logging_mixin.py:188} INFO - [2024-04-08T08:35:58.978+0000] {dag.py:3047} INFO - Sync 1 DAGs
[2024-04-08T08:35:59.008+0000] {logging_mixin.py:188} INFO - [2024-04-08T08:35:59.008+0000] {dag.py:3834} INFO - Setting next_dagrun for example_skip_dag to 2024-04-07 00:00:00+00:00, run_after=2024-04-08 00:00:00+00:00
[2024-04-08T08:35:59.037+0000] {processor.py:183} INFO - Processing /home/airflow/.local/lib/python3.8/site-packages/airflow/example_dags/example_skip_dag.py took 0.096 seconds
[2024-04-08T08:36:29.255+0000] {processor.py:161} INFO - Started process (PID=4871) to work on /home/airflow/.local/lib/python3.8/site-packages/airflow/example_dags/example_skip_dag.py
[2024-04-08T08:36:29.256+0000] {processor.py:830} INFO - Processing file /home/airflow/.local/lib/python3.8/site-packages/airflow/example_dags/example_skip_dag.py for tasks to queue
[2024-04-08T08:36:29.257+0000] {logging_mixin.py:188} INFO - [2024-04-08T08:36:29.257+0000] {dagbag.py:540} INFO - Filling up the DagBag from /home/airflow/.local/lib/python3.8/site-packages/airflow/example_dags/example_skip_dag.py
[2024-04-08T08:36:29.266+0000] {processor.py:840} INFO - DAG(s) 'example_skip_dag' retrieved from /home/airflow/.local/lib/python3.8/site-packages/airflow/example_dags/example_skip_dag.py
[2024-04-08T08:36:29.291+0000] {logging_mixin.py:188} INFO - [2024-04-08T08:36:29.291+0000] {dag.py:3047} INFO - Sync 1 DAGs
[2024-04-08T08:36:29.320+0000] {logging_mixin.py:188} INFO - [2024-04-08T08:36:29.319+0000] {dag.py:3834} INFO - Setting next_dagrun for example_skip_dag to 2024-04-07 00:00:00+00:00, run_after=2024-04-08 00:00:00+00:00
[2024-04-08T08:36:29.343+0000] {processor.py:183} INFO - Processing /home/airflow/.local/lib/python3.8/site-packages/airflow/example_dags/example_skip_dag.py took 0.091 seconds
[2024-04-08T08:36:59.529+0000] {processor.py:161} INFO - Started process (PID=5128) to work on /home/airflow/.local/lib/python3.8/site-packages/airflow/example_dags/example_skip_dag.py
[2024-04-08T08:36:59.530+0000] {processor.py:830} INFO - Processing file /home/airflow/.local/lib/python3.8/site-packages/airflow/example_dags/example_skip_dag.py for tasks to queue
[2024-04-08T08:36:59.531+0000] {logging_mixin.py:188} INFO - [2024-04-08T08:36:59.531+0000] {dagbag.py:540} INFO - Filling up the DagBag from /home/airflow/.local/lib/python3.8/site-packages/airflow/example_dags/example_skip_dag.py
[2024-04-08T08:36:59.540+0000] {processor.py:840} INFO - DAG(s) 'example_skip_dag' retrieved from /home/airflow/.local/lib/python3.8/site-packages/airflow/example_dags/example_skip_dag.py
[2024-04-08T08:36:59.565+0000] {logging_mixin.py:188} INFO - [2024-04-08T08:36:59.564+0000] {dag.py:3047} INFO - Sync 1 DAGs
[2024-04-08T08:36:59.591+0000] {logging_mixin.py:188} INFO - [2024-04-08T08:36:59.591+0000] {dag.py:3834} INFO - Setting next_dagrun for example_skip_dag to 2024-04-07 00:00:00+00:00, run_after=2024-04-08 00:00:00+00:00
[2024-04-08T08:36:59.617+0000] {processor.py:183} INFO - Processing /home/airflow/.local/lib/python3.8/site-packages/airflow/example_dags/example_skip_dag.py took 0.091 seconds
[2024-04-08T08:37:30.143+0000] {processor.py:161} INFO - Started process (PID=5384) to work on /home/airflow/.local/lib/python3.8/site-packages/airflow/example_dags/example_skip_dag.py
[2024-04-08T08:37:30.145+0000] {processor.py:830} INFO - Processing file /home/airflow/.local/lib/python3.8/site-packages/airflow/example_dags/example_skip_dag.py for tasks to queue
[2024-04-08T08:37:30.145+0000] {logging_mixin.py:188} INFO - [2024-04-08T08:37:30.145+0000] {dagbag.py:540} INFO - Filling up the DagBag from /home/airflow/.local/lib/python3.8/site-packages/airflow/example_dags/example_skip_dag.py
[2024-04-08T08:37:30.153+0000] {processor.py:840} INFO - DAG(s) 'example_skip_dag' retrieved from /home/airflow/.local/lib/python3.8/site-packages/airflow/example_dags/example_skip_dag.py
[2024-04-08T08:37:30.190+0000] {logging_mixin.py:188} INFO - [2024-04-08T08:37:30.190+0000] {dag.py:3047} INFO - Sync 1 DAGs
[2024-04-08T08:37:30.215+0000] {logging_mixin.py:188} INFO - [2024-04-08T08:37:30.215+0000] {dag.py:3834} INFO - Setting next_dagrun for example_skip_dag to 2024-04-07 00:00:00+00:00, run_after=2024-04-08 00:00:00+00:00
[2024-04-08T08:37:30.252+0000] {processor.py:183} INFO - Processing /home/airflow/.local/lib/python3.8/site-packages/airflow/example_dags/example_skip_dag.py took 0.112 seconds
[2024-04-08T08:38:00.746+0000] {processor.py:161} INFO - Started process (PID=5641) to work on /home/airflow/.local/lib/python3.8/site-packages/airflow/example_dags/example_skip_dag.py
[2024-04-08T08:38:00.747+0000] {processor.py:830} INFO - Processing file /home/airflow/.local/lib/python3.8/site-packages/airflow/example_dags/example_skip_dag.py for tasks to queue
[2024-04-08T08:38:00.748+0000] {logging_mixin.py:188} INFO - [2024-04-08T08:38:00.747+0000] {dagbag.py:540} INFO - Filling up the DagBag from /home/airflow/.local/lib/python3.8/site-packages/airflow/example_dags/example_skip_dag.py
[2024-04-08T08:38:00.757+0000] {processor.py:840} INFO - DAG(s) 'example_skip_dag' retrieved from /home/airflow/.local/lib/python3.8/site-packages/airflow/example_dags/example_skip_dag.py
[2024-04-08T08:38:00.796+0000] {logging_mixin.py:188} INFO - [2024-04-08T08:38:00.796+0000] {dag.py:3047} INFO - Sync 1 DAGs
[2024-04-08T08:38:00.821+0000] {logging_mixin.py:188} INFO - [2024-04-08T08:38:00.821+0000] {dag.py:3834} INFO - Setting next_dagrun for example_skip_dag to 2024-04-07 00:00:00+00:00, run_after=2024-04-08 00:00:00+00:00
[2024-04-08T08:38:00.844+0000] {processor.py:183} INFO - Processing /home/airflow/.local/lib/python3.8/site-packages/airflow/example_dags/example_skip_dag.py took 0.102 seconds
[2024-04-08T08:38:31.294+0000] {processor.py:161} INFO - Started process (PID=5899) to work on /home/airflow/.local/lib/python3.8/site-packages/airflow/example_dags/example_skip_dag.py
[2024-04-08T08:38:31.295+0000] {processor.py:830} INFO - Processing file /home/airflow/.local/lib/python3.8/site-packages/airflow/example_dags/example_skip_dag.py for tasks to queue
[2024-04-08T08:38:31.296+0000] {logging_mixin.py:188} INFO - [2024-04-08T08:38:31.295+0000] {dagbag.py:540} INFO - Filling up the DagBag from /home/airflow/.local/lib/python3.8/site-packages/airflow/example_dags/example_skip_dag.py
[2024-04-08T08:38:31.310+0000] {processor.py:840} INFO - DAG(s) 'example_skip_dag' retrieved from /home/airflow/.local/lib/python3.8/site-packages/airflow/example_dags/example_skip_dag.py
[2024-04-08T08:38:31.342+0000] {logging_mixin.py:188} INFO - [2024-04-08T08:38:31.342+0000] {dag.py:3047} INFO - Sync 1 DAGs
[2024-04-08T08:38:31.380+0000] {logging_mixin.py:188} INFO - [2024-04-08T08:38:31.380+0000] {dag.py:3834} INFO - Setting next_dagrun for example_skip_dag to 2024-04-07 00:00:00+00:00, run_after=2024-04-08 00:00:00+00:00
[2024-04-08T08:38:31.421+0000] {processor.py:183} INFO - Processing /home/airflow/.local/lib/python3.8/site-packages/airflow/example_dags/example_skip_dag.py took 0.140 seconds
[2024-04-08T08:39:01.926+0000] {processor.py:161} INFO - Started process (PID=6156) to work on /home/airflow/.local/lib/python3.8/site-packages/airflow/example_dags/example_skip_dag.py
[2024-04-08T08:39:01.928+0000] {processor.py:830} INFO - Processing file /home/airflow/.local/lib/python3.8/site-packages/airflow/example_dags/example_skip_dag.py for tasks to queue
[2024-04-08T08:39:01.929+0000] {logging_mixin.py:188} INFO - [2024-04-08T08:39:01.929+0000] {dagbag.py:540} INFO - Filling up the DagBag from /home/airflow/.local/lib/python3.8/site-packages/airflow/example_dags/example_skip_dag.py
[2024-04-08T08:39:01.944+0000] {processor.py:840} INFO - DAG(s) 'example_skip_dag' retrieved from /home/airflow/.local/lib/python3.8/site-packages/airflow/example_dags/example_skip_dag.py
[2024-04-08T08:39:02.005+0000] {logging_mixin.py:188} INFO - [2024-04-08T08:39:02.005+0000] {dag.py:3047} INFO - Sync 1 DAGs
[2024-04-08T08:39:02.037+0000] {logging_mixin.py:188} INFO - [2024-04-08T08:39:02.037+0000] {dag.py:3834} INFO - Setting next_dagrun for example_skip_dag to 2024-04-07 00:00:00+00:00, run_after=2024-04-08 00:00:00+00:00
[2024-04-08T08:39:02.066+0000] {processor.py:183} INFO - Processing /home/airflow/.local/lib/python3.8/site-packages/airflow/example_dags/example_skip_dag.py took 0.143 seconds
[2024-04-08T08:39:32.363+0000] {processor.py:161} INFO - Started process (PID=6412) to work on /home/airflow/.local/lib/python3.8/site-packages/airflow/example_dags/example_skip_dag.py
[2024-04-08T08:39:32.365+0000] {processor.py:830} INFO - Processing file /home/airflow/.local/lib/python3.8/site-packages/airflow/example_dags/example_skip_dag.py for tasks to queue
[2024-04-08T08:39:32.366+0000] {logging_mixin.py:188} INFO - [2024-04-08T08:39:32.365+0000] {dagbag.py:540} INFO - Filling up the DagBag from /home/airflow/.local/lib/python3.8/site-packages/airflow/example_dags/example_skip_dag.py
[2024-04-08T08:39:32.374+0000] {processor.py:840} INFO - DAG(s) 'example_skip_dag' retrieved from /home/airflow/.local/lib/python3.8/site-packages/airflow/example_dags/example_skip_dag.py
[2024-04-08T08:39:32.397+0000] {logging_mixin.py:188} INFO - [2024-04-08T08:39:32.396+0000] {dag.py:3047} INFO - Sync 1 DAGs
[2024-04-08T08:39:32.421+0000] {logging_mixin.py:188} INFO - [2024-04-08T08:39:32.421+0000] {dag.py:3834} INFO - Setting next_dagrun for example_skip_dag to 2024-04-07 00:00:00+00:00, run_after=2024-04-08 00:00:00+00:00
[2024-04-08T08:39:32.488+0000] {processor.py:183} INFO - Processing /home/airflow/.local/lib/python3.8/site-packages/airflow/example_dags/example_skip_dag.py took 0.129 seconds
[2024-04-08T08:40:02.857+0000] {processor.py:161} INFO - Started process (PID=6669) to work on /home/airflow/.local/lib/python3.8/site-packages/airflow/example_dags/example_skip_dag.py
[2024-04-08T08:40:02.858+0000] {processor.py:830} INFO - Processing file /home/airflow/.local/lib/python3.8/site-packages/airflow/example_dags/example_skip_dag.py for tasks to queue
[2024-04-08T08:40:02.859+0000] {logging_mixin.py:188} INFO - [2024-04-08T08:40:02.859+0000] {dagbag.py:540} INFO - Filling up the DagBag from /home/airflow/.local/lib/python3.8/site-packages/airflow/example_dags/example_skip_dag.py
[2024-04-08T08:40:02.867+0000] {processor.py:840} INFO - DAG(s) 'example_skip_dag' retrieved from /home/airflow/.local/lib/python3.8/site-packages/airflow/example_dags/example_skip_dag.py
[2024-04-08T08:40:02.890+0000] {logging_mixin.py:188} INFO - [2024-04-08T08:40:02.889+0000] {dag.py:3047} INFO - Sync 1 DAGs
[2024-04-08T08:40:02.915+0000] {logging_mixin.py:188} INFO - [2024-04-08T08:40:02.914+0000] {dag.py:3834} INFO - Setting next_dagrun for example_skip_dag to 2024-04-07 00:00:00+00:00, run_after=2024-04-08 00:00:00+00:00
[2024-04-08T08:40:02.939+0000] {processor.py:183} INFO - Processing /home/airflow/.local/lib/python3.8/site-packages/airflow/example_dags/example_skip_dag.py took 0.086 seconds
[2024-04-08T08:40:33.217+0000] {processor.py:161} INFO - Started process (PID=6926) to work on /home/airflow/.local/lib/python3.8/site-packages/airflow/example_dags/example_skip_dag.py
[2024-04-08T08:40:33.218+0000] {processor.py:830} INFO - Processing file /home/airflow/.local/lib/python3.8/site-packages/airflow/example_dags/example_skip_dag.py for tasks to queue
[2024-04-08T08:40:33.220+0000] {logging_mixin.py:188} INFO - [2024-04-08T08:40:33.219+0000] {dagbag.py:540} INFO - Filling up the DagBag from /home/airflow/.local/lib/python3.8/site-packages/airflow/example_dags/example_skip_dag.py
[2024-04-08T08:40:33.228+0000] {processor.py:840} INFO - DAG(s) 'example_skip_dag' retrieved from /home/airflow/.local/lib/python3.8/site-packages/airflow/example_dags/example_skip_dag.py
[2024-04-08T08:40:33.253+0000] {logging_mixin.py:188} INFO - [2024-04-08T08:40:33.253+0000] {dag.py:3047} INFO - Sync 1 DAGs
[2024-04-08T08:40:33.277+0000] {logging_mixin.py:188} INFO - [2024-04-08T08:40:33.276+0000] {dag.py:3834} INFO - Setting next_dagrun for example_skip_dag to 2024-04-07 00:00:00+00:00, run_after=2024-04-08 00:00:00+00:00
[2024-04-08T08:40:33.306+0000] {processor.py:183} INFO - Processing /home/airflow/.local/lib/python3.8/site-packages/airflow/example_dags/example_skip_dag.py took 0.092 seconds
[2024-04-08T08:41:03.842+0000] {processor.py:161} INFO - Started process (PID=7185) to work on /home/airflow/.local/lib/python3.8/site-packages/airflow/example_dags/example_skip_dag.py
[2024-04-08T08:41:03.843+0000] {processor.py:830} INFO - Processing file /home/airflow/.local/lib/python3.8/site-packages/airflow/example_dags/example_skip_dag.py for tasks to queue
[2024-04-08T08:41:03.844+0000] {logging_mixin.py:188} INFO - [2024-04-08T08:41:03.843+0000] {dagbag.py:540} INFO - Filling up the DagBag from /home/airflow/.local/lib/python3.8/site-packages/airflow/example_dags/example_skip_dag.py
[2024-04-08T08:41:03.850+0000] {processor.py:840} INFO - DAG(s) 'example_skip_dag' retrieved from /home/airflow/.local/lib/python3.8/site-packages/airflow/example_dags/example_skip_dag.py
[2024-04-08T08:41:03.867+0000] {logging_mixin.py:188} INFO - [2024-04-08T08:41:03.867+0000] {dag.py:3047} INFO - Sync 1 DAGs
[2024-04-08T08:41:03.884+0000] {logging_mixin.py:188} INFO - [2024-04-08T08:41:03.884+0000] {dag.py:3834} INFO - Setting next_dagrun for example_skip_dag to 2024-04-07 00:00:00+00:00, run_after=2024-04-08 00:00:00+00:00
[2024-04-08T08:41:03.904+0000] {processor.py:183} INFO - Processing /home/airflow/.local/lib/python3.8/site-packages/airflow/example_dags/example_skip_dag.py took 0.064 seconds
[2024-04-08T08:41:34.340+0000] {processor.py:161} INFO - Started process (PID=7440) to work on /home/airflow/.local/lib/python3.8/site-packages/airflow/example_dags/example_skip_dag.py
[2024-04-08T08:41:34.341+0000] {processor.py:830} INFO - Processing file /home/airflow/.local/lib/python3.8/site-packages/airflow/example_dags/example_skip_dag.py for tasks to queue
[2024-04-08T08:41:34.342+0000] {logging_mixin.py:188} INFO - [2024-04-08T08:41:34.342+0000] {dagbag.py:540} INFO - Filling up the DagBag from /home/airflow/.local/lib/python3.8/site-packages/airflow/example_dags/example_skip_dag.py
[2024-04-08T08:41:34.350+0000] {processor.py:840} INFO - DAG(s) 'example_skip_dag' retrieved from /home/airflow/.local/lib/python3.8/site-packages/airflow/example_dags/example_skip_dag.py
[2024-04-08T08:41:34.373+0000] {logging_mixin.py:188} INFO - [2024-04-08T08:41:34.373+0000] {dag.py:3047} INFO - Sync 1 DAGs
[2024-04-08T08:41:34.397+0000] {logging_mixin.py:188} INFO - [2024-04-08T08:41:34.397+0000] {dag.py:3834} INFO - Setting next_dagrun for example_skip_dag to 2024-04-07 00:00:00+00:00, run_after=2024-04-08 00:00:00+00:00
[2024-04-08T08:41:34.421+0000] {processor.py:183} INFO - Processing /home/airflow/.local/lib/python3.8/site-packages/airflow/example_dags/example_skip_dag.py took 0.084 seconds
[2024-04-08T08:42:04.560+0000] {processor.py:161} INFO - Started process (PID=7697) to work on /home/airflow/.local/lib/python3.8/site-packages/airflow/example_dags/example_skip_dag.py
[2024-04-08T08:42:04.560+0000] {processor.py:830} INFO - Processing file /home/airflow/.local/lib/python3.8/site-packages/airflow/example_dags/example_skip_dag.py for tasks to queue
[2024-04-08T08:42:04.561+0000] {logging_mixin.py:188} INFO - [2024-04-08T08:42:04.561+0000] {dagbag.py:540} INFO - Filling up the DagBag from /home/airflow/.local/lib/python3.8/site-packages/airflow/example_dags/example_skip_dag.py
[2024-04-08T08:42:04.576+0000] {processor.py:840} INFO - DAG(s) 'example_skip_dag' retrieved from /home/airflow/.local/lib/python3.8/site-packages/airflow/example_dags/example_skip_dag.py
[2024-04-08T08:42:04.612+0000] {logging_mixin.py:188} INFO - [2024-04-08T08:42:04.612+0000] {dag.py:3047} INFO - Sync 1 DAGs
[2024-04-08T08:42:04.639+0000] {logging_mixin.py:188} INFO - [2024-04-08T08:42:04.639+0000] {dag.py:3834} INFO - Setting next_dagrun for example_skip_dag to 2024-04-07 00:00:00+00:00, run_after=2024-04-08 00:00:00+00:00
[2024-04-08T08:42:04.666+0000] {processor.py:183} INFO - Processing /home/airflow/.local/lib/python3.8/site-packages/airflow/example_dags/example_skip_dag.py took 0.110 seconds
[2024-04-08T08:42:34.936+0000] {processor.py:161} INFO - Started process (PID=7953) to work on /home/airflow/.local/lib/python3.8/site-packages/airflow/example_dags/example_skip_dag.py
[2024-04-08T08:42:34.937+0000] {processor.py:830} INFO - Processing file /home/airflow/.local/lib/python3.8/site-packages/airflow/example_dags/example_skip_dag.py for tasks to queue
[2024-04-08T08:42:34.938+0000] {logging_mixin.py:188} INFO - [2024-04-08T08:42:34.938+0000] {dagbag.py:540} INFO - Filling up the DagBag from /home/airflow/.local/lib/python3.8/site-packages/airflow/example_dags/example_skip_dag.py
[2024-04-08T08:42:34.946+0000] {processor.py:840} INFO - DAG(s) 'example_skip_dag' retrieved from /home/airflow/.local/lib/python3.8/site-packages/airflow/example_dags/example_skip_dag.py
[2024-04-08T08:42:34.970+0000] {logging_mixin.py:188} INFO - [2024-04-08T08:42:34.970+0000] {dag.py:3047} INFO - Sync 1 DAGs
[2024-04-08T08:42:34.997+0000] {logging_mixin.py:188} INFO - [2024-04-08T08:42:34.997+0000] {dag.py:3834} INFO - Setting next_dagrun for example_skip_dag to 2024-04-07 00:00:00+00:00, run_after=2024-04-08 00:00:00+00:00
[2024-04-08T08:42:35.018+0000] {processor.py:183} INFO - Processing /home/airflow/.local/lib/python3.8/site-packages/airflow/example_dags/example_skip_dag.py took 0.086 seconds
[2024-04-08T08:43:05.267+0000] {processor.py:161} INFO - Started process (PID=8211) to work on /home/airflow/.local/lib/python3.8/site-packages/airflow/example_dags/example_skip_dag.py
[2024-04-08T08:43:05.268+0000] {processor.py:830} INFO - Processing file /home/airflow/.local/lib/python3.8/site-packages/airflow/example_dags/example_skip_dag.py for tasks to queue
[2024-04-08T08:43:05.269+0000] {logging_mixin.py:188} INFO - [2024-04-08T08:43:05.268+0000] {dagbag.py:540} INFO - Filling up the DagBag from /home/airflow/.local/lib/python3.8/site-packages/airflow/example_dags/example_skip_dag.py
[2024-04-08T08:43:05.276+0000] {processor.py:840} INFO - DAG(s) 'example_skip_dag' retrieved from /home/airflow/.local/lib/python3.8/site-packages/airflow/example_dags/example_skip_dag.py
[2024-04-08T08:43:05.300+0000] {logging_mixin.py:188} INFO - [2024-04-08T08:43:05.299+0000] {dag.py:3047} INFO - Sync 1 DAGs
[2024-04-08T08:43:05.327+0000] {logging_mixin.py:188} INFO - [2024-04-08T08:43:05.327+0000] {dag.py:3834} INFO - Setting next_dagrun for example_skip_dag to 2024-04-07 00:00:00+00:00, run_after=2024-04-08 00:00:00+00:00
[2024-04-08T08:43:05.351+0000] {processor.py:183} INFO - Processing /home/airflow/.local/lib/python3.8/site-packages/airflow/example_dags/example_skip_dag.py took 0.088 seconds
[2024-04-08T08:43:35.814+0000] {processor.py:161} INFO - Started process (PID=8468) to work on /home/airflow/.local/lib/python3.8/site-packages/airflow/example_dags/example_skip_dag.py
[2024-04-08T08:43:35.815+0000] {processor.py:830} INFO - Processing file /home/airflow/.local/lib/python3.8/site-packages/airflow/example_dags/example_skip_dag.py for tasks to queue
[2024-04-08T08:43:35.816+0000] {logging_mixin.py:188} INFO - [2024-04-08T08:43:35.815+0000] {dagbag.py:540} INFO - Filling up the DagBag from /home/airflow/.local/lib/python3.8/site-packages/airflow/example_dags/example_skip_dag.py
[2024-04-08T08:43:35.823+0000] {processor.py:840} INFO - DAG(s) 'example_skip_dag' retrieved from /home/airflow/.local/lib/python3.8/site-packages/airflow/example_dags/example_skip_dag.py
[2024-04-08T08:43:35.849+0000] {logging_mixin.py:188} INFO - [2024-04-08T08:43:35.849+0000] {dag.py:3047} INFO - Sync 1 DAGs
[2024-04-08T08:43:35.881+0000] {logging_mixin.py:188} INFO - [2024-04-08T08:43:35.880+0000] {dag.py:3834} INFO - Setting next_dagrun for example_skip_dag to 2024-04-07 00:00:00+00:00, run_after=2024-04-08 00:00:00+00:00
[2024-04-08T08:43:35.903+0000] {processor.py:183} INFO - Processing /home/airflow/.local/lib/python3.8/site-packages/airflow/example_dags/example_skip_dag.py took 0.093 seconds
[2024-04-08T08:44:06.394+0000] {processor.py:161} INFO - Started process (PID=8727) to work on /home/airflow/.local/lib/python3.8/site-packages/airflow/example_dags/example_skip_dag.py
[2024-04-08T08:44:06.395+0000] {processor.py:830} INFO - Processing file /home/airflow/.local/lib/python3.8/site-packages/airflow/example_dags/example_skip_dag.py for tasks to queue
[2024-04-08T08:44:06.396+0000] {logging_mixin.py:188} INFO - [2024-04-08T08:44:06.395+0000] {dagbag.py:540} INFO - Filling up the DagBag from /home/airflow/.local/lib/python3.8/site-packages/airflow/example_dags/example_skip_dag.py
[2024-04-08T08:44:06.402+0000] {processor.py:840} INFO - DAG(s) 'example_skip_dag' retrieved from /home/airflow/.local/lib/python3.8/site-packages/airflow/example_dags/example_skip_dag.py
[2024-04-08T08:44:06.420+0000] {logging_mixin.py:188} INFO - [2024-04-08T08:44:06.420+0000] {dag.py:3047} INFO - Sync 1 DAGs
[2024-04-08T08:44:06.438+0000] {logging_mixin.py:188} INFO - [2024-04-08T08:44:06.438+0000] {dag.py:3834} INFO - Setting next_dagrun for example_skip_dag to 2024-04-07 00:00:00+00:00, run_after=2024-04-08 00:00:00+00:00
[2024-04-08T08:44:06.457+0000] {processor.py:183} INFO - Processing /home/airflow/.local/lib/python3.8/site-packages/airflow/example_dags/example_skip_dag.py took 0.066 seconds
[2024-04-08T08:44:37.159+0000] {processor.py:161} INFO - Started process (PID=8983) to work on /home/airflow/.local/lib/python3.8/site-packages/airflow/example_dags/example_skip_dag.py
[2024-04-08T08:44:37.161+0000] {processor.py:830} INFO - Processing file /home/airflow/.local/lib/python3.8/site-packages/airflow/example_dags/example_skip_dag.py for tasks to queue
[2024-04-08T08:44:37.162+0000] {logging_mixin.py:188} INFO - [2024-04-08T08:44:37.162+0000] {dagbag.py:540} INFO - Filling up the DagBag from /home/airflow/.local/lib/python3.8/site-packages/airflow/example_dags/example_skip_dag.py
[2024-04-08T08:44:37.169+0000] {processor.py:840} INFO - DAG(s) 'example_skip_dag' retrieved from /home/airflow/.local/lib/python3.8/site-packages/airflow/example_dags/example_skip_dag.py
[2024-04-08T08:44:37.193+0000] {logging_mixin.py:188} INFO - [2024-04-08T08:44:37.193+0000] {dag.py:3047} INFO - Sync 1 DAGs
[2024-04-08T08:44:37.222+0000] {logging_mixin.py:188} INFO - [2024-04-08T08:44:37.222+0000] {dag.py:3834} INFO - Setting next_dagrun for example_skip_dag to 2024-04-07 00:00:00+00:00, run_after=2024-04-08 00:00:00+00:00
[2024-04-08T08:44:37.265+0000] {processor.py:183} INFO - Processing /home/airflow/.local/lib/python3.8/site-packages/airflow/example_dags/example_skip_dag.py took 0.110 seconds
[2024-04-08T08:45:07.387+0000] {processor.py:161} INFO - Started process (PID=9244) to work on /home/airflow/.local/lib/python3.8/site-packages/airflow/example_dags/example_skip_dag.py
[2024-04-08T08:45:07.388+0000] {processor.py:830} INFO - Processing file /home/airflow/.local/lib/python3.8/site-packages/airflow/example_dags/example_skip_dag.py for tasks to queue
[2024-04-08T08:45:07.389+0000] {logging_mixin.py:188} INFO - [2024-04-08T08:45:07.389+0000] {dagbag.py:540} INFO - Filling up the DagBag from /home/airflow/.local/lib/python3.8/site-packages/airflow/example_dags/example_skip_dag.py
[2024-04-08T08:45:07.395+0000] {processor.py:840} INFO - DAG(s) 'example_skip_dag' retrieved from /home/airflow/.local/lib/python3.8/site-packages/airflow/example_dags/example_skip_dag.py
[2024-04-08T08:45:07.412+0000] {logging_mixin.py:188} INFO - [2024-04-08T08:45:07.412+0000] {dag.py:3047} INFO - Sync 1 DAGs
[2024-04-08T08:45:07.429+0000] {logging_mixin.py:188} INFO - [2024-04-08T08:45:07.429+0000] {dag.py:3834} INFO - Setting next_dagrun for example_skip_dag to 2024-04-07 00:00:00+00:00, run_after=2024-04-08 00:00:00+00:00
[2024-04-08T08:45:07.447+0000] {processor.py:183} INFO - Processing /home/airflow/.local/lib/python3.8/site-packages/airflow/example_dags/example_skip_dag.py took 0.063 seconds
[2024-04-08T08:45:37.724+0000] {processor.py:161} INFO - Started process (PID=9500) to work on /home/airflow/.local/lib/python3.8/site-packages/airflow/example_dags/example_skip_dag.py
[2024-04-08T08:45:37.725+0000] {processor.py:830} INFO - Processing file /home/airflow/.local/lib/python3.8/site-packages/airflow/example_dags/example_skip_dag.py for tasks to queue
[2024-04-08T08:45:37.727+0000] {logging_mixin.py:188} INFO - [2024-04-08T08:45:37.726+0000] {dagbag.py:540} INFO - Filling up the DagBag from /home/airflow/.local/lib/python3.8/site-packages/airflow/example_dags/example_skip_dag.py
[2024-04-08T08:45:37.737+0000] {processor.py:840} INFO - DAG(s) 'example_skip_dag' retrieved from /home/airflow/.local/lib/python3.8/site-packages/airflow/example_dags/example_skip_dag.py
[2024-04-08T08:45:37.762+0000] {logging_mixin.py:188} INFO - [2024-04-08T08:45:37.762+0000] {dag.py:3047} INFO - Sync 1 DAGs
[2024-04-08T08:45:37.788+0000] {logging_mixin.py:188} INFO - [2024-04-08T08:45:37.788+0000] {dag.py:3834} INFO - Setting next_dagrun for example_skip_dag to 2024-04-07 00:00:00+00:00, run_after=2024-04-08 00:00:00+00:00
[2024-04-08T08:45:37.814+0000] {processor.py:183} INFO - Processing /home/airflow/.local/lib/python3.8/site-packages/airflow/example_dags/example_skip_dag.py took 0.094 seconds
[2024-04-08T08:46:08.083+0000] {processor.py:161} INFO - Started process (PID=9757) to work on /home/airflow/.local/lib/python3.8/site-packages/airflow/example_dags/example_skip_dag.py
[2024-04-08T08:46:08.084+0000] {processor.py:830} INFO - Processing file /home/airflow/.local/lib/python3.8/site-packages/airflow/example_dags/example_skip_dag.py for tasks to queue
[2024-04-08T08:46:08.085+0000] {logging_mixin.py:188} INFO - [2024-04-08T08:46:08.085+0000] {dagbag.py:540} INFO - Filling up the DagBag from /home/airflow/.local/lib/python3.8/site-packages/airflow/example_dags/example_skip_dag.py
[2024-04-08T08:46:08.094+0000] {processor.py:840} INFO - DAG(s) 'example_skip_dag' retrieved from /home/airflow/.local/lib/python3.8/site-packages/airflow/example_dags/example_skip_dag.py
[2024-04-08T08:46:08.118+0000] {logging_mixin.py:188} INFO - [2024-04-08T08:46:08.118+0000] {dag.py:3047} INFO - Sync 1 DAGs
[2024-04-08T08:46:08.144+0000] {logging_mixin.py:188} INFO - [2024-04-08T08:46:08.143+0000] {dag.py:3834} INFO - Setting next_dagrun for example_skip_dag to 2024-04-07 00:00:00+00:00, run_after=2024-04-08 00:00:00+00:00
[2024-04-08T08:46:08.167+0000] {processor.py:183} INFO - Processing /home/airflow/.local/lib/python3.8/site-packages/airflow/example_dags/example_skip_dag.py took 0.088 seconds
[2024-04-08T08:46:38.488+0000] {processor.py:161} INFO - Started process (PID=10014) to work on /home/airflow/.local/lib/python3.8/site-packages/airflow/example_dags/example_skip_dag.py
[2024-04-08T08:46:38.489+0000] {processor.py:830} INFO - Processing file /home/airflow/.local/lib/python3.8/site-packages/airflow/example_dags/example_skip_dag.py for tasks to queue
[2024-04-08T08:46:38.490+0000] {logging_mixin.py:188} INFO - [2024-04-08T08:46:38.490+0000] {dagbag.py:540} INFO - Filling up the DagBag from /home/airflow/.local/lib/python3.8/site-packages/airflow/example_dags/example_skip_dag.py
[2024-04-08T08:46:38.499+0000] {processor.py:840} INFO - DAG(s) 'example_skip_dag' retrieved from /home/airflow/.local/lib/python3.8/site-packages/airflow/example_dags/example_skip_dag.py
[2024-04-08T08:46:38.525+0000] {logging_mixin.py:188} INFO - [2024-04-08T08:46:38.525+0000] {dag.py:3047} INFO - Sync 1 DAGs
[2024-04-08T08:46:38.574+0000] {logging_mixin.py:188} INFO - [2024-04-08T08:46:38.574+0000] {dag.py:3834} INFO - Setting next_dagrun for example_skip_dag to 2024-04-07 00:00:00+00:00, run_after=2024-04-08 00:00:00+00:00
[2024-04-08T08:46:38.599+0000] {processor.py:183} INFO - Processing /home/airflow/.local/lib/python3.8/site-packages/airflow/example_dags/example_skip_dag.py took 0.114 seconds
[2024-04-08T08:47:09.281+0000] {processor.py:161} INFO - Started process (PID=10271) to work on /home/airflow/.local/lib/python3.8/site-packages/airflow/example_dags/example_skip_dag.py
[2024-04-08T08:47:09.282+0000] {processor.py:830} INFO - Processing file /home/airflow/.local/lib/python3.8/site-packages/airflow/example_dags/example_skip_dag.py for tasks to queue
[2024-04-08T08:47:09.283+0000] {logging_mixin.py:188} INFO - [2024-04-08T08:47:09.283+0000] {dagbag.py:540} INFO - Filling up the DagBag from /home/airflow/.local/lib/python3.8/site-packages/airflow/example_dags/example_skip_dag.py
[2024-04-08T08:47:09.303+0000] {processor.py:840} INFO - DAG(s) 'example_skip_dag' retrieved from /home/airflow/.local/lib/python3.8/site-packages/airflow/example_dags/example_skip_dag.py
[2024-04-08T08:47:09.350+0000] {logging_mixin.py:188} INFO - [2024-04-08T08:47:09.350+0000] {dag.py:3047} INFO - Sync 1 DAGs
[2024-04-08T08:47:09.377+0000] {logging_mixin.py:188} INFO - [2024-04-08T08:47:09.377+0000] {dag.py:3834} INFO - Setting next_dagrun for example_skip_dag to 2024-04-07 00:00:00+00:00, run_after=2024-04-08 00:00:00+00:00
[2024-04-08T08:47:09.400+0000] {processor.py:183} INFO - Processing /home/airflow/.local/lib/python3.8/site-packages/airflow/example_dags/example_skip_dag.py took 0.134 seconds
[2024-04-08T08:47:40.322+0000] {processor.py:161} INFO - Started process (PID=10534) to work on /home/airflow/.local/lib/python3.8/site-packages/airflow/example_dags/example_skip_dag.py
[2024-04-08T08:47:40.323+0000] {processor.py:830} INFO - Processing file /home/airflow/.local/lib/python3.8/site-packages/airflow/example_dags/example_skip_dag.py for tasks to queue
[2024-04-08T08:47:40.324+0000] {logging_mixin.py:188} INFO - [2024-04-08T08:47:40.323+0000] {dagbag.py:540} INFO - Filling up the DagBag from /home/airflow/.local/lib/python3.8/site-packages/airflow/example_dags/example_skip_dag.py
[2024-04-08T08:47:40.333+0000] {processor.py:840} INFO - DAG(s) 'example_skip_dag' retrieved from /home/airflow/.local/lib/python3.8/site-packages/airflow/example_dags/example_skip_dag.py
[2024-04-08T08:47:40.357+0000] {logging_mixin.py:188} INFO - [2024-04-08T08:47:40.356+0000] {dag.py:3047} INFO - Sync 1 DAGs
[2024-04-08T08:47:40.383+0000] {logging_mixin.py:188} INFO - [2024-04-08T08:47:40.382+0000] {dag.py:3834} INFO - Setting next_dagrun for example_skip_dag to 2024-04-07 00:00:00+00:00, run_after=2024-04-08 00:00:00+00:00
[2024-04-08T08:47:40.405+0000] {processor.py:183} INFO - Processing /home/airflow/.local/lib/python3.8/site-packages/airflow/example_dags/example_skip_dag.py took 0.087 seconds
[2024-04-08T08:48:10.707+0000] {processor.py:161} INFO - Started process (PID=10791) to work on /home/airflow/.local/lib/python3.8/site-packages/airflow/example_dags/example_skip_dag.py
[2024-04-08T08:48:10.708+0000] {processor.py:830} INFO - Processing file /home/airflow/.local/lib/python3.8/site-packages/airflow/example_dags/example_skip_dag.py for tasks to queue
[2024-04-08T08:48:10.709+0000] {logging_mixin.py:188} INFO - [2024-04-08T08:48:10.709+0000] {dagbag.py:540} INFO - Filling up the DagBag from /home/airflow/.local/lib/python3.8/site-packages/airflow/example_dags/example_skip_dag.py
[2024-04-08T08:48:10.717+0000] {processor.py:840} INFO - DAG(s) 'example_skip_dag' retrieved from /home/airflow/.local/lib/python3.8/site-packages/airflow/example_dags/example_skip_dag.py
[2024-04-08T08:48:10.743+0000] {logging_mixin.py:188} INFO - [2024-04-08T08:48:10.743+0000] {dag.py:3047} INFO - Sync 1 DAGs
[2024-04-08T08:48:10.768+0000] {logging_mixin.py:188} INFO - [2024-04-08T08:48:10.768+0000] {dag.py:3834} INFO - Setting next_dagrun for example_skip_dag to 2024-04-07 00:00:00+00:00, run_after=2024-04-08 00:00:00+00:00
[2024-04-08T08:48:10.793+0000] {processor.py:183} INFO - Processing /home/airflow/.local/lib/python3.8/site-packages/airflow/example_dags/example_skip_dag.py took 0.090 seconds
[2024-04-08T08:48:41.143+0000] {processor.py:161} INFO - Started process (PID=11048) to work on /home/airflow/.local/lib/python3.8/site-packages/airflow/example_dags/example_skip_dag.py
[2024-04-08T08:48:41.144+0000] {processor.py:830} INFO - Processing file /home/airflow/.local/lib/python3.8/site-packages/airflow/example_dags/example_skip_dag.py for tasks to queue
[2024-04-08T08:48:41.145+0000] {logging_mixin.py:188} INFO - [2024-04-08T08:48:41.145+0000] {dagbag.py:540} INFO - Filling up the DagBag from /home/airflow/.local/lib/python3.8/site-packages/airflow/example_dags/example_skip_dag.py
[2024-04-08T08:48:41.154+0000] {processor.py:840} INFO - DAG(s) 'example_skip_dag' retrieved from /home/airflow/.local/lib/python3.8/site-packages/airflow/example_dags/example_skip_dag.py
[2024-04-08T08:48:41.191+0000] {logging_mixin.py:188} INFO - [2024-04-08T08:48:41.191+0000] {dag.py:3047} INFO - Sync 1 DAGs
[2024-04-08T08:48:41.218+0000] {logging_mixin.py:188} INFO - [2024-04-08T08:48:41.218+0000] {dag.py:3834} INFO - Setting next_dagrun for example_skip_dag to 2024-04-07 00:00:00+00:00, run_after=2024-04-08 00:00:00+00:00
[2024-04-08T08:48:41.243+0000] {processor.py:183} INFO - Processing /home/airflow/.local/lib/python3.8/site-packages/airflow/example_dags/example_skip_dag.py took 0.103 seconds
[2024-04-08T08:49:12.147+0000] {processor.py:161} INFO - Started process (PID=11307) to work on /home/airflow/.local/lib/python3.8/site-packages/airflow/example_dags/example_skip_dag.py
[2024-04-08T08:49:12.148+0000] {processor.py:830} INFO - Processing file /home/airflow/.local/lib/python3.8/site-packages/airflow/example_dags/example_skip_dag.py for tasks to queue
[2024-04-08T08:49:12.148+0000] {logging_mixin.py:188} INFO - [2024-04-08T08:49:12.148+0000] {dagbag.py:540} INFO - Filling up the DagBag from /home/airflow/.local/lib/python3.8/site-packages/airflow/example_dags/example_skip_dag.py
[2024-04-08T08:49:12.156+0000] {processor.py:840} INFO - DAG(s) 'example_skip_dag' retrieved from /home/airflow/.local/lib/python3.8/site-packages/airflow/example_dags/example_skip_dag.py
[2024-04-08T08:49:12.181+0000] {logging_mixin.py:188} INFO - [2024-04-08T08:49:12.181+0000] {dag.py:3047} INFO - Sync 1 DAGs
[2024-04-08T08:49:12.207+0000] {logging_mixin.py:188} INFO - [2024-04-08T08:49:12.206+0000] {dag.py:3834} INFO - Setting next_dagrun for example_skip_dag to 2024-04-07 00:00:00+00:00, run_after=2024-04-08 00:00:00+00:00
[2024-04-08T08:49:12.228+0000] {processor.py:183} INFO - Processing /home/airflow/.local/lib/python3.8/site-packages/airflow/example_dags/example_skip_dag.py took 0.085 seconds
[2024-04-08T08:49:42.575+0000] {processor.py:161} INFO - Started process (PID=11565) to work on /home/airflow/.local/lib/python3.8/site-packages/airflow/example_dags/example_skip_dag.py
[2024-04-08T08:49:42.576+0000] {processor.py:830} INFO - Processing file /home/airflow/.local/lib/python3.8/site-packages/airflow/example_dags/example_skip_dag.py for tasks to queue
[2024-04-08T08:49:42.576+0000] {logging_mixin.py:188} INFO - [2024-04-08T08:49:42.576+0000] {dagbag.py:540} INFO - Filling up the DagBag from /home/airflow/.local/lib/python3.8/site-packages/airflow/example_dags/example_skip_dag.py
[2024-04-08T08:49:42.582+0000] {processor.py:840} INFO - DAG(s) 'example_skip_dag' retrieved from /home/airflow/.local/lib/python3.8/site-packages/airflow/example_dags/example_skip_dag.py
[2024-04-08T08:49:42.600+0000] {logging_mixin.py:188} INFO - [2024-04-08T08:49:42.600+0000] {dag.py:3047} INFO - Sync 1 DAGs
[2024-04-08T08:49:42.617+0000] {logging_mixin.py:188} INFO - [2024-04-08T08:49:42.616+0000] {dag.py:3834} INFO - Setting next_dagrun for example_skip_dag to 2024-04-07 00:00:00+00:00, run_after=2024-04-08 00:00:00+00:00
[2024-04-08T08:49:42.636+0000] {processor.py:183} INFO - Processing /home/airflow/.local/lib/python3.8/site-packages/airflow/example_dags/example_skip_dag.py took 0.064 seconds
[2024-04-08T08:50:13.269+0000] {processor.py:161} INFO - Started process (PID=11821) to work on /home/airflow/.local/lib/python3.8/site-packages/airflow/example_dags/example_skip_dag.py
[2024-04-08T08:50:13.271+0000] {processor.py:830} INFO - Processing file /home/airflow/.local/lib/python3.8/site-packages/airflow/example_dags/example_skip_dag.py for tasks to queue
[2024-04-08T08:50:13.272+0000] {logging_mixin.py:188} INFO - [2024-04-08T08:50:13.271+0000] {dagbag.py:540} INFO - Filling up the DagBag from /home/airflow/.local/lib/python3.8/site-packages/airflow/example_dags/example_skip_dag.py
[2024-04-08T08:50:13.279+0000] {processor.py:840} INFO - DAG(s) 'example_skip_dag' retrieved from /home/airflow/.local/lib/python3.8/site-packages/airflow/example_dags/example_skip_dag.py
[2024-04-08T08:50:13.306+0000] {logging_mixin.py:188} INFO - [2024-04-08T08:50:13.306+0000] {dag.py:3047} INFO - Sync 1 DAGs
[2024-04-08T08:50:13.331+0000] {logging_mixin.py:188} INFO - [2024-04-08T08:50:13.331+0000] {dag.py:3834} INFO - Setting next_dagrun for example_skip_dag to 2024-04-07 00:00:00+00:00, run_after=2024-04-08 00:00:00+00:00
[2024-04-08T08:50:13.353+0000] {processor.py:183} INFO - Processing /home/airflow/.local/lib/python3.8/site-packages/airflow/example_dags/example_skip_dag.py took 0.087 seconds
[2024-04-08T08:50:43.759+0000] {processor.py:161} INFO - Started process (PID=12077) to work on /home/airflow/.local/lib/python3.8/site-packages/airflow/example_dags/example_skip_dag.py
[2024-04-08T08:50:43.760+0000] {processor.py:830} INFO - Processing file /home/airflow/.local/lib/python3.8/site-packages/airflow/example_dags/example_skip_dag.py for tasks to queue
[2024-04-08T08:50:43.761+0000] {logging_mixin.py:188} INFO - [2024-04-08T08:50:43.761+0000] {dagbag.py:540} INFO - Filling up the DagBag from /home/airflow/.local/lib/python3.8/site-packages/airflow/example_dags/example_skip_dag.py
[2024-04-08T08:50:43.769+0000] {processor.py:840} INFO - DAG(s) 'example_skip_dag' retrieved from /home/airflow/.local/lib/python3.8/site-packages/airflow/example_dags/example_skip_dag.py
[2024-04-08T08:50:43.793+0000] {logging_mixin.py:188} INFO - [2024-04-08T08:50:43.792+0000] {dag.py:3047} INFO - Sync 1 DAGs
[2024-04-08T08:50:43.819+0000] {logging_mixin.py:188} INFO - [2024-04-08T08:50:43.819+0000] {dag.py:3834} INFO - Setting next_dagrun for example_skip_dag to 2024-04-07 00:00:00+00:00, run_after=2024-04-08 00:00:00+00:00
[2024-04-08T08:50:43.841+0000] {processor.py:183} INFO - Processing /home/airflow/.local/lib/python3.8/site-packages/airflow/example_dags/example_skip_dag.py took 0.086 seconds
[2024-04-08T08:51:14.141+0000] {processor.py:161} INFO - Started process (PID=12337) to work on /home/airflow/.local/lib/python3.8/site-packages/airflow/example_dags/example_skip_dag.py
[2024-04-08T08:51:14.142+0000] {processor.py:830} INFO - Processing file /home/airflow/.local/lib/python3.8/site-packages/airflow/example_dags/example_skip_dag.py for tasks to queue
[2024-04-08T08:51:14.144+0000] {logging_mixin.py:188} INFO - [2024-04-08T08:51:14.143+0000] {dagbag.py:540} INFO - Filling up the DagBag from /home/airflow/.local/lib/python3.8/site-packages/airflow/example_dags/example_skip_dag.py
[2024-04-08T08:51:14.151+0000] {processor.py:840} INFO - DAG(s) 'example_skip_dag' retrieved from /home/airflow/.local/lib/python3.8/site-packages/airflow/example_dags/example_skip_dag.py
[2024-04-08T08:51:14.176+0000] {logging_mixin.py:188} INFO - [2024-04-08T08:51:14.176+0000] {dag.py:3047} INFO - Sync 1 DAGs
[2024-04-08T08:51:14.203+0000] {logging_mixin.py:188} INFO - [2024-04-08T08:51:14.203+0000] {dag.py:3834} INFO - Setting next_dagrun for example_skip_dag to 2024-04-07 00:00:00+00:00, run_after=2024-04-08 00:00:00+00:00
[2024-04-08T08:51:14.225+0000] {processor.py:183} INFO - Processing /home/airflow/.local/lib/python3.8/site-packages/airflow/example_dags/example_skip_dag.py took 0.087 seconds
[2024-04-08T08:51:44.609+0000] {processor.py:161} INFO - Started process (PID=12594) to work on /home/airflow/.local/lib/python3.8/site-packages/airflow/example_dags/example_skip_dag.py
[2024-04-08T08:51:44.610+0000] {processor.py:830} INFO - Processing file /home/airflow/.local/lib/python3.8/site-packages/airflow/example_dags/example_skip_dag.py for tasks to queue
[2024-04-08T08:51:44.611+0000] {logging_mixin.py:188} INFO - [2024-04-08T08:51:44.610+0000] {dagbag.py:540} INFO - Filling up the DagBag from /home/airflow/.local/lib/python3.8/site-packages/airflow/example_dags/example_skip_dag.py
[2024-04-08T08:51:44.618+0000] {processor.py:840} INFO - DAG(s) 'example_skip_dag' retrieved from /home/airflow/.local/lib/python3.8/site-packages/airflow/example_dags/example_skip_dag.py
[2024-04-08T08:51:44.644+0000] {logging_mixin.py:188} INFO - [2024-04-08T08:51:44.643+0000] {dag.py:3047} INFO - Sync 1 DAGs
[2024-04-08T08:51:44.672+0000] {logging_mixin.py:188} INFO - [2024-04-08T08:51:44.671+0000] {dag.py:3834} INFO - Setting next_dagrun for example_skip_dag to 2024-04-07 00:00:00+00:00, run_after=2024-04-08 00:00:00+00:00
[2024-04-08T08:51:44.697+0000] {processor.py:183} INFO - Processing /home/airflow/.local/lib/python3.8/site-packages/airflow/example_dags/example_skip_dag.py took 0.093 seconds
[2024-04-08T08:52:15.122+0000] {processor.py:161} INFO - Started process (PID=12851) to work on /home/airflow/.local/lib/python3.8/site-packages/airflow/example_dags/example_skip_dag.py
[2024-04-08T08:52:15.123+0000] {processor.py:830} INFO - Processing file /home/airflow/.local/lib/python3.8/site-packages/airflow/example_dags/example_skip_dag.py for tasks to queue
[2024-04-08T08:52:15.124+0000] {logging_mixin.py:188} INFO - [2024-04-08T08:52:15.124+0000] {dagbag.py:540} INFO - Filling up the DagBag from /home/airflow/.local/lib/python3.8/site-packages/airflow/example_dags/example_skip_dag.py
[2024-04-08T08:52:15.132+0000] {processor.py:840} INFO - DAG(s) 'example_skip_dag' retrieved from /home/airflow/.local/lib/python3.8/site-packages/airflow/example_dags/example_skip_dag.py
[2024-04-08T08:52:15.150+0000] {logging_mixin.py:188} INFO - [2024-04-08T08:52:15.150+0000] {dag.py:3047} INFO - Sync 1 DAGs
[2024-04-08T08:52:15.167+0000] {logging_mixin.py:188} INFO - [2024-04-08T08:52:15.167+0000] {dag.py:3834} INFO - Setting next_dagrun for example_skip_dag to 2024-04-07 00:00:00+00:00, run_after=2024-04-08 00:00:00+00:00
[2024-04-08T08:52:15.186+0000] {processor.py:183} INFO - Processing /home/airflow/.local/lib/python3.8/site-packages/airflow/example_dags/example_skip_dag.py took 0.067 seconds
[2024-04-08T08:52:45.654+0000] {processor.py:161} INFO - Started process (PID=13108) to work on /home/airflow/.local/lib/python3.8/site-packages/airflow/example_dags/example_skip_dag.py
[2024-04-08T08:52:45.655+0000] {processor.py:830} INFO - Processing file /home/airflow/.local/lib/python3.8/site-packages/airflow/example_dags/example_skip_dag.py for tasks to queue
[2024-04-08T08:52:45.655+0000] {logging_mixin.py:188} INFO - [2024-04-08T08:52:45.655+0000] {dagbag.py:540} INFO - Filling up the DagBag from /home/airflow/.local/lib/python3.8/site-packages/airflow/example_dags/example_skip_dag.py
[2024-04-08T08:52:45.662+0000] {processor.py:840} INFO - DAG(s) 'example_skip_dag' retrieved from /home/airflow/.local/lib/python3.8/site-packages/airflow/example_dags/example_skip_dag.py
[2024-04-08T08:52:45.680+0000] {logging_mixin.py:188} INFO - [2024-04-08T08:52:45.680+0000] {dag.py:3047} INFO - Sync 1 DAGs
[2024-04-08T08:52:45.697+0000] {logging_mixin.py:188} INFO - [2024-04-08T08:52:45.697+0000] {dag.py:3834} INFO - Setting next_dagrun for example_skip_dag to 2024-04-07 00:00:00+00:00, run_after=2024-04-08 00:00:00+00:00
[2024-04-08T08:52:45.715+0000] {processor.py:183} INFO - Processing /home/airflow/.local/lib/python3.8/site-packages/airflow/example_dags/example_skip_dag.py took 0.064 seconds
[2024-04-08T08:53:16.025+0000] {processor.py:161} INFO - Started process (PID=13363) to work on /home/airflow/.local/lib/python3.8/site-packages/airflow/example_dags/example_skip_dag.py
[2024-04-08T08:53:16.027+0000] {processor.py:830} INFO - Processing file /home/airflow/.local/lib/python3.8/site-packages/airflow/example_dags/example_skip_dag.py for tasks to queue
[2024-04-08T08:53:16.029+0000] {logging_mixin.py:188} INFO - [2024-04-08T08:53:16.028+0000] {dagbag.py:540} INFO - Filling up the DagBag from /home/airflow/.local/lib/python3.8/site-packages/airflow/example_dags/example_skip_dag.py
[2024-04-08T08:53:16.038+0000] {processor.py:840} INFO - DAG(s) 'example_skip_dag' retrieved from /home/airflow/.local/lib/python3.8/site-packages/airflow/example_dags/example_skip_dag.py
[2024-04-08T08:53:16.075+0000] {logging_mixin.py:188} INFO - [2024-04-08T08:53:16.074+0000] {dag.py:3047} INFO - Sync 1 DAGs
[2024-04-08T08:53:16.105+0000] {logging_mixin.py:188} INFO - [2024-04-08T08:53:16.105+0000] {dag.py:3834} INFO - Setting next_dagrun for example_skip_dag to 2024-04-07 00:00:00+00:00, run_after=2024-04-08 00:00:00+00:00
[2024-04-08T08:53:16.132+0000] {processor.py:183} INFO - Processing /home/airflow/.local/lib/python3.8/site-packages/airflow/example_dags/example_skip_dag.py took 0.110 seconds
[2024-04-08T08:53:46.446+0000] {processor.py:161} INFO - Started process (PID=13622) to work on /home/airflow/.local/lib/python3.8/site-packages/airflow/example_dags/example_skip_dag.py
[2024-04-08T08:53:46.446+0000] {processor.py:830} INFO - Processing file /home/airflow/.local/lib/python3.8/site-packages/airflow/example_dags/example_skip_dag.py for tasks to queue
[2024-04-08T08:53:46.447+0000] {logging_mixin.py:188} INFO - [2024-04-08T08:53:46.447+0000] {dagbag.py:540} INFO - Filling up the DagBag from /home/airflow/.local/lib/python3.8/site-packages/airflow/example_dags/example_skip_dag.py
[2024-04-08T08:53:46.454+0000] {processor.py:840} INFO - DAG(s) 'example_skip_dag' retrieved from /home/airflow/.local/lib/python3.8/site-packages/airflow/example_dags/example_skip_dag.py
[2024-04-08T08:53:46.482+0000] {logging_mixin.py:188} INFO - [2024-04-08T08:53:46.482+0000] {dag.py:3047} INFO - Sync 1 DAGs
[2024-04-08T08:53:46.535+0000] {logging_mixin.py:188} INFO - [2024-04-08T08:53:46.535+0000] {dag.py:3834} INFO - Setting next_dagrun for example_skip_dag to 2024-04-07 00:00:00+00:00, run_after=2024-04-08 00:00:00+00:00
[2024-04-08T08:53:46.563+0000] {processor.py:183} INFO - Processing /home/airflow/.local/lib/python3.8/site-packages/airflow/example_dags/example_skip_dag.py took 0.121 seconds
[2024-04-08T08:54:17.040+0000] {processor.py:161} INFO - Started process (PID=13880) to work on /home/airflow/.local/lib/python3.8/site-packages/airflow/example_dags/example_skip_dag.py
[2024-04-08T08:54:17.041+0000] {processor.py:830} INFO - Processing file /home/airflow/.local/lib/python3.8/site-packages/airflow/example_dags/example_skip_dag.py for tasks to queue
[2024-04-08T08:54:17.042+0000] {logging_mixin.py:188} INFO - [2024-04-08T08:54:17.042+0000] {dagbag.py:540} INFO - Filling up the DagBag from /home/airflow/.local/lib/python3.8/site-packages/airflow/example_dags/example_skip_dag.py
[2024-04-08T08:54:17.049+0000] {processor.py:840} INFO - DAG(s) 'example_skip_dag' retrieved from /home/airflow/.local/lib/python3.8/site-packages/airflow/example_dags/example_skip_dag.py
[2024-04-08T08:54:17.074+0000] {logging_mixin.py:188} INFO - [2024-04-08T08:54:17.074+0000] {dag.py:3047} INFO - Sync 1 DAGs
[2024-04-08T08:54:17.102+0000] {logging_mixin.py:188} INFO - [2024-04-08T08:54:17.102+0000] {dag.py:3834} INFO - Setting next_dagrun for example_skip_dag to 2024-04-07 00:00:00+00:00, run_after=2024-04-08 00:00:00+00:00
[2024-04-08T08:54:17.153+0000] {processor.py:183} INFO - Processing /home/airflow/.local/lib/python3.8/site-packages/airflow/example_dags/example_skip_dag.py took 0.117 seconds
[2024-04-08T08:54:47.396+0000] {processor.py:161} INFO - Started process (PID=14138) to work on /home/airflow/.local/lib/python3.8/site-packages/airflow/example_dags/example_skip_dag.py
[2024-04-08T08:54:47.397+0000] {processor.py:830} INFO - Processing file /home/airflow/.local/lib/python3.8/site-packages/airflow/example_dags/example_skip_dag.py for tasks to queue
[2024-04-08T08:54:47.398+0000] {logging_mixin.py:188} INFO - [2024-04-08T08:54:47.397+0000] {dagbag.py:540} INFO - Filling up the DagBag from /home/airflow/.local/lib/python3.8/site-packages/airflow/example_dags/example_skip_dag.py
[2024-04-08T08:54:47.406+0000] {processor.py:840} INFO - DAG(s) 'example_skip_dag' retrieved from /home/airflow/.local/lib/python3.8/site-packages/airflow/example_dags/example_skip_dag.py
[2024-04-08T08:54:47.424+0000] {logging_mixin.py:188} INFO - [2024-04-08T08:54:47.424+0000] {dag.py:3047} INFO - Sync 1 DAGs
[2024-04-08T08:54:47.441+0000] {logging_mixin.py:188} INFO - [2024-04-08T08:54:47.441+0000] {dag.py:3834} INFO - Setting next_dagrun for example_skip_dag to 2024-04-07 00:00:00+00:00, run_after=2024-04-08 00:00:00+00:00
[2024-04-08T08:54:47.461+0000] {processor.py:183} INFO - Processing /home/airflow/.local/lib/python3.8/site-packages/airflow/example_dags/example_skip_dag.py took 0.069 seconds
[2024-04-08T08:55:17.677+0000] {processor.py:161} INFO - Started process (PID=14396) to work on /home/airflow/.local/lib/python3.8/site-packages/airflow/example_dags/example_skip_dag.py
[2024-04-08T08:55:17.679+0000] {processor.py:830} INFO - Processing file /home/airflow/.local/lib/python3.8/site-packages/airflow/example_dags/example_skip_dag.py for tasks to queue
[2024-04-08T08:55:17.679+0000] {logging_mixin.py:188} INFO - [2024-04-08T08:55:17.679+0000] {dagbag.py:540} INFO - Filling up the DagBag from /home/airflow/.local/lib/python3.8/site-packages/airflow/example_dags/example_skip_dag.py
[2024-04-08T08:55:17.685+0000] {processor.py:840} INFO - DAG(s) 'example_skip_dag' retrieved from /home/airflow/.local/lib/python3.8/site-packages/airflow/example_dags/example_skip_dag.py
[2024-04-08T08:55:17.703+0000] {logging_mixin.py:188} INFO - [2024-04-08T08:55:17.703+0000] {dag.py:3047} INFO - Sync 1 DAGs
[2024-04-08T08:55:17.724+0000] {logging_mixin.py:188} INFO - [2024-04-08T08:55:17.723+0000] {dag.py:3834} INFO - Setting next_dagrun for example_skip_dag to 2024-04-07 00:00:00+00:00, run_after=2024-04-08 00:00:00+00:00
[2024-04-08T08:55:17.743+0000] {processor.py:183} INFO - Processing /home/airflow/.local/lib/python3.8/site-packages/airflow/example_dags/example_skip_dag.py took 0.068 seconds
[2024-04-08T08:55:48.103+0000] {processor.py:161} INFO - Started process (PID=14652) to work on /home/airflow/.local/lib/python3.8/site-packages/airflow/example_dags/example_skip_dag.py
[2024-04-08T08:55:48.104+0000] {processor.py:830} INFO - Processing file /home/airflow/.local/lib/python3.8/site-packages/airflow/example_dags/example_skip_dag.py for tasks to queue
[2024-04-08T08:55:48.105+0000] {logging_mixin.py:188} INFO - [2024-04-08T08:55:48.105+0000] {dagbag.py:540} INFO - Filling up the DagBag from /home/airflow/.local/lib/python3.8/site-packages/airflow/example_dags/example_skip_dag.py
[2024-04-08T08:55:48.114+0000] {processor.py:840} INFO - DAG(s) 'example_skip_dag' retrieved from /home/airflow/.local/lib/python3.8/site-packages/airflow/example_dags/example_skip_dag.py
[2024-04-08T08:55:48.139+0000] {logging_mixin.py:188} INFO - [2024-04-08T08:55:48.138+0000] {dag.py:3047} INFO - Sync 1 DAGs
[2024-04-08T08:55:48.165+0000] {logging_mixin.py:188} INFO - [2024-04-08T08:55:48.165+0000] {dag.py:3834} INFO - Setting next_dagrun for example_skip_dag to 2024-04-07 00:00:00+00:00, run_after=2024-04-08 00:00:00+00:00
[2024-04-08T08:55:48.189+0000] {processor.py:183} INFO - Processing /home/airflow/.local/lib/python3.8/site-packages/airflow/example_dags/example_skip_dag.py took 0.089 seconds
[2024-04-08T08:56:18.467+0000] {processor.py:161} INFO - Started process (PID=14912) to work on /home/airflow/.local/lib/python3.8/site-packages/airflow/example_dags/example_skip_dag.py
[2024-04-08T08:56:18.468+0000] {processor.py:830} INFO - Processing file /home/airflow/.local/lib/python3.8/site-packages/airflow/example_dags/example_skip_dag.py for tasks to queue
[2024-04-08T08:56:18.469+0000] {logging_mixin.py:188} INFO - [2024-04-08T08:56:18.469+0000] {dagbag.py:540} INFO - Filling up the DagBag from /home/airflow/.local/lib/python3.8/site-packages/airflow/example_dags/example_skip_dag.py
[2024-04-08T08:56:18.476+0000] {processor.py:840} INFO - DAG(s) 'example_skip_dag' retrieved from /home/airflow/.local/lib/python3.8/site-packages/airflow/example_dags/example_skip_dag.py
[2024-04-08T08:56:18.502+0000] {logging_mixin.py:188} INFO - [2024-04-08T08:56:18.502+0000] {dag.py:3047} INFO - Sync 1 DAGs
[2024-04-08T08:56:18.528+0000] {logging_mixin.py:188} INFO - [2024-04-08T08:56:18.528+0000] {dag.py:3834} INFO - Setting next_dagrun for example_skip_dag to 2024-04-07 00:00:00+00:00, run_after=2024-04-08 00:00:00+00:00
[2024-04-08T08:56:18.554+0000] {processor.py:183} INFO - Processing /home/airflow/.local/lib/python3.8/site-packages/airflow/example_dags/example_skip_dag.py took 0.091 seconds
[2024-04-08T08:56:48.978+0000] {processor.py:161} INFO - Started process (PID=15167) to work on /home/airflow/.local/lib/python3.8/site-packages/airflow/example_dags/example_skip_dag.py
[2024-04-08T08:56:48.979+0000] {processor.py:830} INFO - Processing file /home/airflow/.local/lib/python3.8/site-packages/airflow/example_dags/example_skip_dag.py for tasks to queue
[2024-04-08T08:56:48.980+0000] {logging_mixin.py:188} INFO - [2024-04-08T08:56:48.980+0000] {dagbag.py:540} INFO - Filling up the DagBag from /home/airflow/.local/lib/python3.8/site-packages/airflow/example_dags/example_skip_dag.py
[2024-04-08T08:56:48.988+0000] {processor.py:840} INFO - DAG(s) 'example_skip_dag' retrieved from /home/airflow/.local/lib/python3.8/site-packages/airflow/example_dags/example_skip_dag.py
[2024-04-08T08:56:49.012+0000] {logging_mixin.py:188} INFO - [2024-04-08T08:56:49.012+0000] {dag.py:3047} INFO - Sync 1 DAGs
[2024-04-08T08:56:49.055+0000] {logging_mixin.py:188} INFO - [2024-04-08T08:56:49.055+0000] {dag.py:3834} INFO - Setting next_dagrun for example_skip_dag to 2024-04-07 00:00:00+00:00, run_after=2024-04-08 00:00:00+00:00
[2024-04-08T08:56:49.097+0000] {processor.py:183} INFO - Processing /home/airflow/.local/lib/python3.8/site-packages/airflow/example_dags/example_skip_dag.py took 0.122 seconds
