[2024-04-08T08:27:20.400+0000] {processor.py:161} INFO - Started process (PID=270) to work on /home/airflow/.local/lib/python3.8/site-packages/airflow/example_dags/example_nested_branch_dag.py
[2024-04-08T08:27:20.404+0000] {processor.py:830} INFO - Processing file /home/airflow/.local/lib/python3.8/site-packages/airflow/example_dags/example_nested_branch_dag.py for tasks to queue
[2024-04-08T08:27:20.405+0000] {logging_mixin.py:188} INFO - [2024-04-08T08:27:20.405+0000] {dagbag.py:540} INFO - Filling up the DagBag from /home/airflow/.local/lib/python3.8/site-packages/airflow/example_dags/example_nested_branch_dag.py
[2024-04-08T08:27:20.439+0000] {processor.py:840} INFO - DAG(s) 'example_nested_branch_dag' retrieved from /home/airflow/.local/lib/python3.8/site-packages/airflow/example_dags/example_nested_branch_dag.py
[2024-04-08T08:27:20.486+0000] {logging_mixin.py:188} INFO - [2024-04-08T08:27:20.486+0000] {dag.py:3047} INFO - Sync 1 DAGs
[2024-04-08T08:27:20.529+0000] {logging_mixin.py:188} INFO - [2024-04-08T08:27:20.529+0000] {dag.py:3834} INFO - Setting next_dagrun for example_nested_branch_dag to 2024-04-07 00:00:00+00:00, run_after=2024-04-08 00:00:00+00:00
[2024-04-08T08:27:20.570+0000] {processor.py:183} INFO - Processing /home/airflow/.local/lib/python3.8/site-packages/airflow/example_dags/example_nested_branch_dag.py took 0.179 seconds
[2024-04-08T08:27:50.708+0000] {processor.py:161} INFO - Started process (PID=529) to work on /home/airflow/.local/lib/python3.8/site-packages/airflow/example_dags/example_nested_branch_dag.py
[2024-04-08T08:27:50.709+0000] {processor.py:830} INFO - Processing file /home/airflow/.local/lib/python3.8/site-packages/airflow/example_dags/example_nested_branch_dag.py for tasks to queue
[2024-04-08T08:27:50.709+0000] {logging_mixin.py:188} INFO - [2024-04-08T08:27:50.709+0000] {dagbag.py:540} INFO - Filling up the DagBag from /home/airflow/.local/lib/python3.8/site-packages/airflow/example_dags/example_nested_branch_dag.py
[2024-04-08T08:27:50.718+0000] {processor.py:840} INFO - DAG(s) 'example_nested_branch_dag' retrieved from /home/airflow/.local/lib/python3.8/site-packages/airflow/example_dags/example_nested_branch_dag.py
[2024-04-08T08:27:50.738+0000] {logging_mixin.py:188} INFO - [2024-04-08T08:27:50.738+0000] {dag.py:3047} INFO - Sync 1 DAGs
[2024-04-08T08:27:50.758+0000] {logging_mixin.py:188} INFO - [2024-04-08T08:27:50.757+0000] {dag.py:3834} INFO - Setting next_dagrun for example_nested_branch_dag to 2024-04-07 00:00:00+00:00, run_after=2024-04-08 00:00:00+00:00
[2024-04-08T08:27:50.777+0000] {processor.py:183} INFO - Processing /home/airflow/.local/lib/python3.8/site-packages/airflow/example_dags/example_nested_branch_dag.py took 0.072 seconds
[2024-04-08T08:28:21.510+0000] {processor.py:161} INFO - Started process (PID=785) to work on /home/airflow/.local/lib/python3.8/site-packages/airflow/example_dags/example_nested_branch_dag.py
[2024-04-08T08:28:21.511+0000] {processor.py:830} INFO - Processing file /home/airflow/.local/lib/python3.8/site-packages/airflow/example_dags/example_nested_branch_dag.py for tasks to queue
[2024-04-08T08:28:21.512+0000] {logging_mixin.py:188} INFO - [2024-04-08T08:28:21.512+0000] {dagbag.py:540} INFO - Filling up the DagBag from /home/airflow/.local/lib/python3.8/site-packages/airflow/example_dags/example_nested_branch_dag.py
[2024-04-08T08:28:21.525+0000] {processor.py:840} INFO - DAG(s) 'example_nested_branch_dag' retrieved from /home/airflow/.local/lib/python3.8/site-packages/airflow/example_dags/example_nested_branch_dag.py
[2024-04-08T08:28:21.550+0000] {logging_mixin.py:188} INFO - [2024-04-08T08:28:21.550+0000] {dag.py:3047} INFO - Sync 1 DAGs
[2024-04-08T08:28:21.576+0000] {logging_mixin.py:188} INFO - [2024-04-08T08:28:21.576+0000] {dag.py:3834} INFO - Setting next_dagrun for example_nested_branch_dag to 2024-04-07 00:00:00+00:00, run_after=2024-04-08 00:00:00+00:00
[2024-04-08T08:28:21.605+0000] {processor.py:183} INFO - Processing /home/airflow/.local/lib/python3.8/site-packages/airflow/example_dags/example_nested_branch_dag.py took 0.099 seconds
[2024-04-08T08:28:52.007+0000] {processor.py:161} INFO - Started process (PID=1043) to work on /home/airflow/.local/lib/python3.8/site-packages/airflow/example_dags/example_nested_branch_dag.py
[2024-04-08T08:28:52.009+0000] {processor.py:830} INFO - Processing file /home/airflow/.local/lib/python3.8/site-packages/airflow/example_dags/example_nested_branch_dag.py for tasks to queue
[2024-04-08T08:28:52.010+0000] {logging_mixin.py:188} INFO - [2024-04-08T08:28:52.010+0000] {dagbag.py:540} INFO - Filling up the DagBag from /home/airflow/.local/lib/python3.8/site-packages/airflow/example_dags/example_nested_branch_dag.py
[2024-04-08T08:28:52.020+0000] {processor.py:840} INFO - DAG(s) 'example_nested_branch_dag' retrieved from /home/airflow/.local/lib/python3.8/site-packages/airflow/example_dags/example_nested_branch_dag.py
[2024-04-08T08:28:52.045+0000] {logging_mixin.py:188} INFO - [2024-04-08T08:28:52.045+0000] {dag.py:3047} INFO - Sync 1 DAGs
[2024-04-08T08:28:52.071+0000] {logging_mixin.py:188} INFO - [2024-04-08T08:28:52.070+0000] {dag.py:3834} INFO - Setting next_dagrun for example_nested_branch_dag to 2024-04-07 00:00:00+00:00, run_after=2024-04-08 00:00:00+00:00
[2024-04-08T08:28:52.094+0000] {processor.py:183} INFO - Processing /home/airflow/.local/lib/python3.8/site-packages/airflow/example_dags/example_nested_branch_dag.py took 0.091 seconds
[2024-04-08T08:29:22.699+0000] {processor.py:161} INFO - Started process (PID=1301) to work on /home/airflow/.local/lib/python3.8/site-packages/airflow/example_dags/example_nested_branch_dag.py
[2024-04-08T08:29:22.700+0000] {processor.py:830} INFO - Processing file /home/airflow/.local/lib/python3.8/site-packages/airflow/example_dags/example_nested_branch_dag.py for tasks to queue
[2024-04-08T08:29:22.701+0000] {logging_mixin.py:188} INFO - [2024-04-08T08:29:22.701+0000] {dagbag.py:540} INFO - Filling up the DagBag from /home/airflow/.local/lib/python3.8/site-packages/airflow/example_dags/example_nested_branch_dag.py
[2024-04-08T08:29:22.714+0000] {processor.py:840} INFO - DAG(s) 'example_nested_branch_dag' retrieved from /home/airflow/.local/lib/python3.8/site-packages/airflow/example_dags/example_nested_branch_dag.py
[2024-04-08T08:29:22.772+0000] {logging_mixin.py:188} INFO - [2024-04-08T08:29:22.771+0000] {dag.py:3047} INFO - Sync 1 DAGs
[2024-04-08T08:29:22.818+0000] {logging_mixin.py:188} INFO - [2024-04-08T08:29:22.818+0000] {dag.py:3834} INFO - Setting next_dagrun for example_nested_branch_dag to 2024-04-07 00:00:00+00:00, run_after=2024-04-08 00:00:00+00:00
[2024-04-08T08:29:22.859+0000] {processor.py:183} INFO - Processing /home/airflow/.local/lib/python3.8/site-packages/airflow/example_dags/example_nested_branch_dag.py took 0.164 seconds
[2024-04-08T08:29:53.135+0000] {processor.py:161} INFO - Started process (PID=1560) to work on /home/airflow/.local/lib/python3.8/site-packages/airflow/example_dags/example_nested_branch_dag.py
[2024-04-08T08:29:53.136+0000] {processor.py:830} INFO - Processing file /home/airflow/.local/lib/python3.8/site-packages/airflow/example_dags/example_nested_branch_dag.py for tasks to queue
[2024-04-08T08:29:53.137+0000] {logging_mixin.py:188} INFO - [2024-04-08T08:29:53.136+0000] {dagbag.py:540} INFO - Filling up the DagBag from /home/airflow/.local/lib/python3.8/site-packages/airflow/example_dags/example_nested_branch_dag.py
[2024-04-08T08:29:53.148+0000] {processor.py:840} INFO - DAG(s) 'example_nested_branch_dag' retrieved from /home/airflow/.local/lib/python3.8/site-packages/airflow/example_dags/example_nested_branch_dag.py
[2024-04-08T08:29:53.175+0000] {logging_mixin.py:188} INFO - [2024-04-08T08:29:53.175+0000] {dag.py:3047} INFO - Sync 1 DAGs
[2024-04-08T08:29:53.200+0000] {logging_mixin.py:188} INFO - [2024-04-08T08:29:53.200+0000] {dag.py:3834} INFO - Setting next_dagrun for example_nested_branch_dag to 2024-04-07 00:00:00+00:00, run_after=2024-04-08 00:00:00+00:00
[2024-04-08T08:29:53.222+0000] {processor.py:183} INFO - Processing /home/airflow/.local/lib/python3.8/site-packages/airflow/example_dags/example_nested_branch_dag.py took 0.090 seconds
[2024-04-08T08:30:23.820+0000] {processor.py:161} INFO - Started process (PID=1816) to work on /home/airflow/.local/lib/python3.8/site-packages/airflow/example_dags/example_nested_branch_dag.py
[2024-04-08T08:30:23.821+0000] {processor.py:830} INFO - Processing file /home/airflow/.local/lib/python3.8/site-packages/airflow/example_dags/example_nested_branch_dag.py for tasks to queue
[2024-04-08T08:30:23.822+0000] {logging_mixin.py:188} INFO - [2024-04-08T08:30:23.821+0000] {dagbag.py:540} INFO - Filling up the DagBag from /home/airflow/.local/lib/python3.8/site-packages/airflow/example_dags/example_nested_branch_dag.py
[2024-04-08T08:30:23.833+0000] {processor.py:840} INFO - DAG(s) 'example_nested_branch_dag' retrieved from /home/airflow/.local/lib/python3.8/site-packages/airflow/example_dags/example_nested_branch_dag.py
[2024-04-08T08:30:23.858+0000] {logging_mixin.py:188} INFO - [2024-04-08T08:30:23.858+0000] {dag.py:3047} INFO - Sync 1 DAGs
[2024-04-08T08:30:23.885+0000] {logging_mixin.py:188} INFO - [2024-04-08T08:30:23.884+0000] {dag.py:3834} INFO - Setting next_dagrun for example_nested_branch_dag to 2024-04-07 00:00:00+00:00, run_after=2024-04-08 00:00:00+00:00
[2024-04-08T08:30:23.908+0000] {processor.py:183} INFO - Processing /home/airflow/.local/lib/python3.8/site-packages/airflow/example_dags/example_nested_branch_dag.py took 0.091 seconds
[2024-04-08T08:30:54.717+0000] {processor.py:161} INFO - Started process (PID=2073) to work on /home/airflow/.local/lib/python3.8/site-packages/airflow/example_dags/example_nested_branch_dag.py
[2024-04-08T08:30:54.722+0000] {processor.py:830} INFO - Processing file /home/airflow/.local/lib/python3.8/site-packages/airflow/example_dags/example_nested_branch_dag.py for tasks to queue
[2024-04-08T08:30:54.723+0000] {logging_mixin.py:188} INFO - [2024-04-08T08:30:54.723+0000] {dagbag.py:540} INFO - Filling up the DagBag from /home/airflow/.local/lib/python3.8/site-packages/airflow/example_dags/example_nested_branch_dag.py
[2024-04-08T08:30:54.755+0000] {processor.py:840} INFO - DAG(s) 'example_nested_branch_dag' retrieved from /home/airflow/.local/lib/python3.8/site-packages/airflow/example_dags/example_nested_branch_dag.py
[2024-04-08T08:30:54.810+0000] {logging_mixin.py:188} INFO - [2024-04-08T08:30:54.810+0000] {dag.py:3047} INFO - Sync 1 DAGs
[2024-04-08T08:30:54.879+0000] {logging_mixin.py:188} INFO - [2024-04-08T08:30:54.879+0000] {dag.py:3834} INFO - Setting next_dagrun for example_nested_branch_dag to 2024-04-07 00:00:00+00:00, run_after=2024-04-08 00:00:00+00:00
[2024-04-08T08:30:54.961+0000] {processor.py:183} INFO - Processing /home/airflow/.local/lib/python3.8/site-packages/airflow/example_dags/example_nested_branch_dag.py took 0.247 seconds
[2024-04-08T08:31:25.056+0000] {processor.py:161} INFO - Started process (PID=2332) to work on /home/airflow/.local/lib/python3.8/site-packages/airflow/example_dags/example_nested_branch_dag.py
[2024-04-08T08:31:25.057+0000] {processor.py:830} INFO - Processing file /home/airflow/.local/lib/python3.8/site-packages/airflow/example_dags/example_nested_branch_dag.py for tasks to queue
[2024-04-08T08:31:25.058+0000] {logging_mixin.py:188} INFO - [2024-04-08T08:31:25.057+0000] {dagbag.py:540} INFO - Filling up the DagBag from /home/airflow/.local/lib/python3.8/site-packages/airflow/example_dags/example_nested_branch_dag.py
[2024-04-08T08:31:25.070+0000] {processor.py:840} INFO - DAG(s) 'example_nested_branch_dag' retrieved from /home/airflow/.local/lib/python3.8/site-packages/airflow/example_dags/example_nested_branch_dag.py
[2024-04-08T08:31:25.117+0000] {logging_mixin.py:188} INFO - [2024-04-08T08:31:25.117+0000] {dag.py:3047} INFO - Sync 1 DAGs
[2024-04-08T08:31:25.144+0000] {logging_mixin.py:188} INFO - [2024-04-08T08:31:25.144+0000] {dag.py:3834} INFO - Setting next_dagrun for example_nested_branch_dag to 2024-04-07 00:00:00+00:00, run_after=2024-04-08 00:00:00+00:00
[2024-04-08T08:31:25.179+0000] {processor.py:183} INFO - Processing /home/airflow/.local/lib/python3.8/site-packages/airflow/example_dags/example_nested_branch_dag.py took 0.127 seconds
[2024-04-08T08:31:55.801+0000] {processor.py:161} INFO - Started process (PID=2587) to work on /home/airflow/.local/lib/python3.8/site-packages/airflow/example_dags/example_nested_branch_dag.py
[2024-04-08T08:31:55.804+0000] {processor.py:830} INFO - Processing file /home/airflow/.local/lib/python3.8/site-packages/airflow/example_dags/example_nested_branch_dag.py for tasks to queue
[2024-04-08T08:31:55.807+0000] {logging_mixin.py:188} INFO - [2024-04-08T08:31:55.806+0000] {dagbag.py:540} INFO - Filling up the DagBag from /home/airflow/.local/lib/python3.8/site-packages/airflow/example_dags/example_nested_branch_dag.py
[2024-04-08T08:31:55.820+0000] {processor.py:840} INFO - DAG(s) 'example_nested_branch_dag' retrieved from /home/airflow/.local/lib/python3.8/site-packages/airflow/example_dags/example_nested_branch_dag.py
[2024-04-08T08:31:55.847+0000] {logging_mixin.py:188} INFO - [2024-04-08T08:31:55.847+0000] {dag.py:3047} INFO - Sync 1 DAGs
[2024-04-08T08:31:55.876+0000] {logging_mixin.py:188} INFO - [2024-04-08T08:31:55.876+0000] {dag.py:3834} INFO - Setting next_dagrun for example_nested_branch_dag to 2024-04-07 00:00:00+00:00, run_after=2024-04-08 00:00:00+00:00
[2024-04-08T08:31:55.899+0000] {processor.py:183} INFO - Processing /home/airflow/.local/lib/python3.8/site-packages/airflow/example_dags/example_nested_branch_dag.py took 0.123 seconds
[2024-04-08T08:32:26.426+0000] {processor.py:161} INFO - Started process (PID=2844) to work on /home/airflow/.local/lib/python3.8/site-packages/airflow/example_dags/example_nested_branch_dag.py
[2024-04-08T08:32:26.428+0000] {processor.py:830} INFO - Processing file /home/airflow/.local/lib/python3.8/site-packages/airflow/example_dags/example_nested_branch_dag.py for tasks to queue
[2024-04-08T08:32:26.429+0000] {logging_mixin.py:188} INFO - [2024-04-08T08:32:26.428+0000] {dagbag.py:540} INFO - Filling up the DagBag from /home/airflow/.local/lib/python3.8/site-packages/airflow/example_dags/example_nested_branch_dag.py
[2024-04-08T08:32:26.441+0000] {processor.py:840} INFO - DAG(s) 'example_nested_branch_dag' retrieved from /home/airflow/.local/lib/python3.8/site-packages/airflow/example_dags/example_nested_branch_dag.py
[2024-04-08T08:32:26.480+0000] {logging_mixin.py:188} INFO - [2024-04-08T08:32:26.480+0000] {dag.py:3047} INFO - Sync 1 DAGs
[2024-04-08T08:32:26.524+0000] {logging_mixin.py:188} INFO - [2024-04-08T08:32:26.523+0000] {dag.py:3834} INFO - Setting next_dagrun for example_nested_branch_dag to 2024-04-07 00:00:00+00:00, run_after=2024-04-08 00:00:00+00:00
[2024-04-08T08:32:26.547+0000] {processor.py:183} INFO - Processing /home/airflow/.local/lib/python3.8/site-packages/airflow/example_dags/example_nested_branch_dag.py took 0.125 seconds
[2024-04-08T08:32:57.547+0000] {processor.py:161} INFO - Started process (PID=3103) to work on /home/airflow/.local/lib/python3.8/site-packages/airflow/example_dags/example_nested_branch_dag.py
[2024-04-08T08:32:57.548+0000] {processor.py:830} INFO - Processing file /home/airflow/.local/lib/python3.8/site-packages/airflow/example_dags/example_nested_branch_dag.py for tasks to queue
[2024-04-08T08:32:57.549+0000] {logging_mixin.py:188} INFO - [2024-04-08T08:32:57.549+0000] {dagbag.py:540} INFO - Filling up the DagBag from /home/airflow/.local/lib/python3.8/site-packages/airflow/example_dags/example_nested_branch_dag.py
[2024-04-08T08:32:57.562+0000] {processor.py:840} INFO - DAG(s) 'example_nested_branch_dag' retrieved from /home/airflow/.local/lib/python3.8/site-packages/airflow/example_dags/example_nested_branch_dag.py
[2024-04-08T08:32:57.588+0000] {logging_mixin.py:188} INFO - [2024-04-08T08:32:57.588+0000] {dag.py:3047} INFO - Sync 1 DAGs
[2024-04-08T08:32:57.615+0000] {logging_mixin.py:188} INFO - [2024-04-08T08:32:57.615+0000] {dag.py:3834} INFO - Setting next_dagrun for example_nested_branch_dag to 2024-04-07 00:00:00+00:00, run_after=2024-04-08 00:00:00+00:00
[2024-04-08T08:32:57.638+0000] {processor.py:183} INFO - Processing /home/airflow/.local/lib/python3.8/site-packages/airflow/example_dags/example_nested_branch_dag.py took 0.094 seconds
[2024-04-08T08:33:28.090+0000] {processor.py:161} INFO - Started process (PID=3358) to work on /home/airflow/.local/lib/python3.8/site-packages/airflow/example_dags/example_nested_branch_dag.py
[2024-04-08T08:33:28.095+0000] {processor.py:830} INFO - Processing file /home/airflow/.local/lib/python3.8/site-packages/airflow/example_dags/example_nested_branch_dag.py for tasks to queue
[2024-04-08T08:33:28.096+0000] {logging_mixin.py:188} INFO - [2024-04-08T08:33:28.096+0000] {dagbag.py:540} INFO - Filling up the DagBag from /home/airflow/.local/lib/python3.8/site-packages/airflow/example_dags/example_nested_branch_dag.py
[2024-04-08T08:33:28.109+0000] {processor.py:840} INFO - DAG(s) 'example_nested_branch_dag' retrieved from /home/airflow/.local/lib/python3.8/site-packages/airflow/example_dags/example_nested_branch_dag.py
[2024-04-08T08:33:28.134+0000] {logging_mixin.py:188} INFO - [2024-04-08T08:33:28.133+0000] {dag.py:3047} INFO - Sync 1 DAGs
[2024-04-08T08:33:28.159+0000] {logging_mixin.py:188} INFO - [2024-04-08T08:33:28.159+0000] {dag.py:3834} INFO - Setting next_dagrun for example_nested_branch_dag to 2024-04-07 00:00:00+00:00, run_after=2024-04-08 00:00:00+00:00
[2024-04-08T08:33:28.183+0000] {processor.py:183} INFO - Processing /home/airflow/.local/lib/python3.8/site-packages/airflow/example_dags/example_nested_branch_dag.py took 0.097 seconds
[2024-04-08T08:33:58.450+0000] {processor.py:161} INFO - Started process (PID=3615) to work on /home/airflow/.local/lib/python3.8/site-packages/airflow/example_dags/example_nested_branch_dag.py
[2024-04-08T08:33:58.451+0000] {processor.py:830} INFO - Processing file /home/airflow/.local/lib/python3.8/site-packages/airflow/example_dags/example_nested_branch_dag.py for tasks to queue
[2024-04-08T08:33:58.452+0000] {logging_mixin.py:188} INFO - [2024-04-08T08:33:58.452+0000] {dagbag.py:540} INFO - Filling up the DagBag from /home/airflow/.local/lib/python3.8/site-packages/airflow/example_dags/example_nested_branch_dag.py
[2024-04-08T08:33:58.464+0000] {processor.py:840} INFO - DAG(s) 'example_nested_branch_dag' retrieved from /home/airflow/.local/lib/python3.8/site-packages/airflow/example_dags/example_nested_branch_dag.py
[2024-04-08T08:33:58.490+0000] {logging_mixin.py:188} INFO - [2024-04-08T08:33:58.490+0000] {dag.py:3047} INFO - Sync 1 DAGs
[2024-04-08T08:33:58.515+0000] {logging_mixin.py:188} INFO - [2024-04-08T08:33:58.515+0000] {dag.py:3834} INFO - Setting next_dagrun for example_nested_branch_dag to 2024-04-07 00:00:00+00:00, run_after=2024-04-08 00:00:00+00:00
[2024-04-08T08:33:58.539+0000] {processor.py:183} INFO - Processing /home/airflow/.local/lib/python3.8/site-packages/airflow/example_dags/example_nested_branch_dag.py took 0.093 seconds
[2024-04-08T08:34:28.667+0000] {processor.py:161} INFO - Started process (PID=3871) to work on /home/airflow/.local/lib/python3.8/site-packages/airflow/example_dags/example_nested_branch_dag.py
[2024-04-08T08:34:28.669+0000] {processor.py:830} INFO - Processing file /home/airflow/.local/lib/python3.8/site-packages/airflow/example_dags/example_nested_branch_dag.py for tasks to queue
[2024-04-08T08:34:28.670+0000] {logging_mixin.py:188} INFO - [2024-04-08T08:34:28.669+0000] {dagbag.py:540} INFO - Filling up the DagBag from /home/airflow/.local/lib/python3.8/site-packages/airflow/example_dags/example_nested_branch_dag.py
[2024-04-08T08:34:28.682+0000] {processor.py:840} INFO - DAG(s) 'example_nested_branch_dag' retrieved from /home/airflow/.local/lib/python3.8/site-packages/airflow/example_dags/example_nested_branch_dag.py
[2024-04-08T08:34:28.708+0000] {logging_mixin.py:188} INFO - [2024-04-08T08:34:28.708+0000] {dag.py:3047} INFO - Sync 1 DAGs
[2024-04-08T08:34:28.733+0000] {logging_mixin.py:188} INFO - [2024-04-08T08:34:28.733+0000] {dag.py:3834} INFO - Setting next_dagrun for example_nested_branch_dag to 2024-04-07 00:00:00+00:00, run_after=2024-04-08 00:00:00+00:00
[2024-04-08T08:34:28.755+0000] {processor.py:183} INFO - Processing /home/airflow/.local/lib/python3.8/site-packages/airflow/example_dags/example_nested_branch_dag.py took 0.091 seconds
[2024-04-08T08:34:59.003+0000] {processor.py:161} INFO - Started process (PID=4128) to work on /home/airflow/.local/lib/python3.8/site-packages/airflow/example_dags/example_nested_branch_dag.py
[2024-04-08T08:34:59.004+0000] {processor.py:830} INFO - Processing file /home/airflow/.local/lib/python3.8/site-packages/airflow/example_dags/example_nested_branch_dag.py for tasks to queue
[2024-04-08T08:34:59.005+0000] {logging_mixin.py:188} INFO - [2024-04-08T08:34:59.005+0000] {dagbag.py:540} INFO - Filling up the DagBag from /home/airflow/.local/lib/python3.8/site-packages/airflow/example_dags/example_nested_branch_dag.py
[2024-04-08T08:34:59.017+0000] {processor.py:840} INFO - DAG(s) 'example_nested_branch_dag' retrieved from /home/airflow/.local/lib/python3.8/site-packages/airflow/example_dags/example_nested_branch_dag.py
[2024-04-08T08:34:59.043+0000] {logging_mixin.py:188} INFO - [2024-04-08T08:34:59.043+0000] {dag.py:3047} INFO - Sync 1 DAGs
[2024-04-08T08:34:59.069+0000] {logging_mixin.py:188} INFO - [2024-04-08T08:34:59.069+0000] {dag.py:3834} INFO - Setting next_dagrun for example_nested_branch_dag to 2024-04-07 00:00:00+00:00, run_after=2024-04-08 00:00:00+00:00
[2024-04-08T08:34:59.092+0000] {processor.py:183} INFO - Processing /home/airflow/.local/lib/python3.8/site-packages/airflow/example_dags/example_nested_branch_dag.py took 0.093 seconds
[2024-04-08T08:35:29.734+0000] {processor.py:161} INFO - Started process (PID=4386) to work on /home/airflow/.local/lib/python3.8/site-packages/airflow/example_dags/example_nested_branch_dag.py
[2024-04-08T08:35:29.735+0000] {processor.py:830} INFO - Processing file /home/airflow/.local/lib/python3.8/site-packages/airflow/example_dags/example_nested_branch_dag.py for tasks to queue
[2024-04-08T08:35:29.737+0000] {logging_mixin.py:188} INFO - [2024-04-08T08:35:29.736+0000] {dagbag.py:540} INFO - Filling up the DagBag from /home/airflow/.local/lib/python3.8/site-packages/airflow/example_dags/example_nested_branch_dag.py
[2024-04-08T08:35:29.748+0000] {processor.py:840} INFO - DAG(s) 'example_nested_branch_dag' retrieved from /home/airflow/.local/lib/python3.8/site-packages/airflow/example_dags/example_nested_branch_dag.py
[2024-04-08T08:35:29.773+0000] {logging_mixin.py:188} INFO - [2024-04-08T08:35:29.773+0000] {dag.py:3047} INFO - Sync 1 DAGs
[2024-04-08T08:35:29.806+0000] {logging_mixin.py:188} INFO - [2024-04-08T08:35:29.805+0000] {dag.py:3834} INFO - Setting next_dagrun for example_nested_branch_dag to 2024-04-07 00:00:00+00:00, run_after=2024-04-08 00:00:00+00:00
[2024-04-08T08:35:29.840+0000] {processor.py:183} INFO - Processing /home/airflow/.local/lib/python3.8/site-packages/airflow/example_dags/example_nested_branch_dag.py took 0.110 seconds
[2024-04-08T08:36:00.267+0000] {processor.py:161} INFO - Started process (PID=4643) to work on /home/airflow/.local/lib/python3.8/site-packages/airflow/example_dags/example_nested_branch_dag.py
[2024-04-08T08:36:00.268+0000] {processor.py:830} INFO - Processing file /home/airflow/.local/lib/python3.8/site-packages/airflow/example_dags/example_nested_branch_dag.py for tasks to queue
[2024-04-08T08:36:00.269+0000] {logging_mixin.py:188} INFO - [2024-04-08T08:36:00.269+0000] {dagbag.py:540} INFO - Filling up the DagBag from /home/airflow/.local/lib/python3.8/site-packages/airflow/example_dags/example_nested_branch_dag.py
[2024-04-08T08:36:00.281+0000] {processor.py:840} INFO - DAG(s) 'example_nested_branch_dag' retrieved from /home/airflow/.local/lib/python3.8/site-packages/airflow/example_dags/example_nested_branch_dag.py
[2024-04-08T08:36:00.308+0000] {logging_mixin.py:188} INFO - [2024-04-08T08:36:00.307+0000] {dag.py:3047} INFO - Sync 1 DAGs
[2024-04-08T08:36:00.333+0000] {logging_mixin.py:188} INFO - [2024-04-08T08:36:00.332+0000] {dag.py:3834} INFO - Setting next_dagrun for example_nested_branch_dag to 2024-04-07 00:00:00+00:00, run_after=2024-04-08 00:00:00+00:00
[2024-04-08T08:36:00.357+0000] {processor.py:183} INFO - Processing /home/airflow/.local/lib/python3.8/site-packages/airflow/example_dags/example_nested_branch_dag.py took 0.094 seconds
[2024-04-08T08:36:30.686+0000] {processor.py:161} INFO - Started process (PID=4903) to work on /home/airflow/.local/lib/python3.8/site-packages/airflow/example_dags/example_nested_branch_dag.py
[2024-04-08T08:36:30.687+0000] {processor.py:830} INFO - Processing file /home/airflow/.local/lib/python3.8/site-packages/airflow/example_dags/example_nested_branch_dag.py for tasks to queue
[2024-04-08T08:36:30.688+0000] {logging_mixin.py:188} INFO - [2024-04-08T08:36:30.688+0000] {dagbag.py:540} INFO - Filling up the DagBag from /home/airflow/.local/lib/python3.8/site-packages/airflow/example_dags/example_nested_branch_dag.py
[2024-04-08T08:36:30.696+0000] {processor.py:840} INFO - DAG(s) 'example_nested_branch_dag' retrieved from /home/airflow/.local/lib/python3.8/site-packages/airflow/example_dags/example_nested_branch_dag.py
[2024-04-08T08:36:30.714+0000] {logging_mixin.py:188} INFO - [2024-04-08T08:36:30.714+0000] {dag.py:3047} INFO - Sync 1 DAGs
[2024-04-08T08:36:30.732+0000] {logging_mixin.py:188} INFO - [2024-04-08T08:36:30.732+0000] {dag.py:3834} INFO - Setting next_dagrun for example_nested_branch_dag to 2024-04-07 00:00:00+00:00, run_after=2024-04-08 00:00:00+00:00
[2024-04-08T08:36:30.754+0000] {processor.py:183} INFO - Processing /home/airflow/.local/lib/python3.8/site-packages/airflow/example_dags/example_nested_branch_dag.py took 0.070 seconds
[2024-04-08T08:37:00.965+0000] {processor.py:161} INFO - Started process (PID=5158) to work on /home/airflow/.local/lib/python3.8/site-packages/airflow/example_dags/example_nested_branch_dag.py
[2024-04-08T08:37:00.967+0000] {processor.py:830} INFO - Processing file /home/airflow/.local/lib/python3.8/site-packages/airflow/example_dags/example_nested_branch_dag.py for tasks to queue
[2024-04-08T08:37:00.968+0000] {logging_mixin.py:188} INFO - [2024-04-08T08:37:00.968+0000] {dagbag.py:540} INFO - Filling up the DagBag from /home/airflow/.local/lib/python3.8/site-packages/airflow/example_dags/example_nested_branch_dag.py
[2024-04-08T08:37:00.981+0000] {processor.py:840} INFO - DAG(s) 'example_nested_branch_dag' retrieved from /home/airflow/.local/lib/python3.8/site-packages/airflow/example_dags/example_nested_branch_dag.py
[2024-04-08T08:37:01.005+0000] {logging_mixin.py:188} INFO - [2024-04-08T08:37:01.005+0000] {dag.py:3047} INFO - Sync 1 DAGs
[2024-04-08T08:37:01.036+0000] {logging_mixin.py:188} INFO - [2024-04-08T08:37:01.035+0000] {dag.py:3834} INFO - Setting next_dagrun for example_nested_branch_dag to 2024-04-07 00:00:00+00:00, run_after=2024-04-08 00:00:00+00:00
[2024-04-08T08:37:01.074+0000] {processor.py:183} INFO - Processing /home/airflow/.local/lib/python3.8/site-packages/airflow/example_dags/example_nested_branch_dag.py took 0.113 seconds
[2024-04-08T08:37:31.503+0000] {processor.py:161} INFO - Started process (PID=5414) to work on /home/airflow/.local/lib/python3.8/site-packages/airflow/example_dags/example_nested_branch_dag.py
[2024-04-08T08:37:31.504+0000] {processor.py:830} INFO - Processing file /home/airflow/.local/lib/python3.8/site-packages/airflow/example_dags/example_nested_branch_dag.py for tasks to queue
[2024-04-08T08:37:31.505+0000] {logging_mixin.py:188} INFO - [2024-04-08T08:37:31.504+0000] {dagbag.py:540} INFO - Filling up the DagBag from /home/airflow/.local/lib/python3.8/site-packages/airflow/example_dags/example_nested_branch_dag.py
[2024-04-08T08:37:31.521+0000] {processor.py:840} INFO - DAG(s) 'example_nested_branch_dag' retrieved from /home/airflow/.local/lib/python3.8/site-packages/airflow/example_dags/example_nested_branch_dag.py
[2024-04-08T08:37:31.548+0000] {logging_mixin.py:188} INFO - [2024-04-08T08:37:31.547+0000] {dag.py:3047} INFO - Sync 1 DAGs
[2024-04-08T08:37:31.574+0000] {logging_mixin.py:188} INFO - [2024-04-08T08:37:31.574+0000] {dag.py:3834} INFO - Setting next_dagrun for example_nested_branch_dag to 2024-04-07 00:00:00+00:00, run_after=2024-04-08 00:00:00+00:00
[2024-04-08T08:37:31.600+0000] {processor.py:183} INFO - Processing /home/airflow/.local/lib/python3.8/site-packages/airflow/example_dags/example_nested_branch_dag.py took 0.101 seconds
[2024-04-08T08:38:02.159+0000] {processor.py:161} INFO - Started process (PID=5671) to work on /home/airflow/.local/lib/python3.8/site-packages/airflow/example_dags/example_nested_branch_dag.py
[2024-04-08T08:38:02.160+0000] {processor.py:830} INFO - Processing file /home/airflow/.local/lib/python3.8/site-packages/airflow/example_dags/example_nested_branch_dag.py for tasks to queue
[2024-04-08T08:38:02.161+0000] {logging_mixin.py:188} INFO - [2024-04-08T08:38:02.161+0000] {dagbag.py:540} INFO - Filling up the DagBag from /home/airflow/.local/lib/python3.8/site-packages/airflow/example_dags/example_nested_branch_dag.py
[2024-04-08T08:38:02.173+0000] {processor.py:840} INFO - DAG(s) 'example_nested_branch_dag' retrieved from /home/airflow/.local/lib/python3.8/site-packages/airflow/example_dags/example_nested_branch_dag.py
[2024-04-08T08:38:02.200+0000] {logging_mixin.py:188} INFO - [2024-04-08T08:38:02.200+0000] {dag.py:3047} INFO - Sync 1 DAGs
[2024-04-08T08:38:02.224+0000] {logging_mixin.py:188} INFO - [2024-04-08T08:38:02.224+0000] {dag.py:3834} INFO - Setting next_dagrun for example_nested_branch_dag to 2024-04-07 00:00:00+00:00, run_after=2024-04-08 00:00:00+00:00
[2024-04-08T08:38:02.249+0000] {processor.py:183} INFO - Processing /home/airflow/.local/lib/python3.8/site-packages/airflow/example_dags/example_nested_branch_dag.py took 0.093 seconds
[2024-04-08T08:38:32.713+0000] {processor.py:161} INFO - Started process (PID=5931) to work on /home/airflow/.local/lib/python3.8/site-packages/airflow/example_dags/example_nested_branch_dag.py
[2024-04-08T08:38:32.714+0000] {processor.py:830} INFO - Processing file /home/airflow/.local/lib/python3.8/site-packages/airflow/example_dags/example_nested_branch_dag.py for tasks to queue
[2024-04-08T08:38:32.715+0000] {logging_mixin.py:188} INFO - [2024-04-08T08:38:32.714+0000] {dagbag.py:540} INFO - Filling up the DagBag from /home/airflow/.local/lib/python3.8/site-packages/airflow/example_dags/example_nested_branch_dag.py
[2024-04-08T08:38:32.727+0000] {processor.py:840} INFO - DAG(s) 'example_nested_branch_dag' retrieved from /home/airflow/.local/lib/python3.8/site-packages/airflow/example_dags/example_nested_branch_dag.py
[2024-04-08T08:38:32.754+0000] {logging_mixin.py:188} INFO - [2024-04-08T08:38:32.754+0000] {dag.py:3047} INFO - Sync 1 DAGs
[2024-04-08T08:38:32.779+0000] {logging_mixin.py:188} INFO - [2024-04-08T08:38:32.779+0000] {dag.py:3834} INFO - Setting next_dagrun for example_nested_branch_dag to 2024-04-07 00:00:00+00:00, run_after=2024-04-08 00:00:00+00:00
[2024-04-08T08:38:32.801+0000] {processor.py:183} INFO - Processing /home/airflow/.local/lib/python3.8/site-packages/airflow/example_dags/example_nested_branch_dag.py took 0.092 seconds
[2024-04-08T08:39:03.320+0000] {processor.py:161} INFO - Started process (PID=6186) to work on /home/airflow/.local/lib/python3.8/site-packages/airflow/example_dags/example_nested_branch_dag.py
[2024-04-08T08:39:03.321+0000] {processor.py:830} INFO - Processing file /home/airflow/.local/lib/python3.8/site-packages/airflow/example_dags/example_nested_branch_dag.py for tasks to queue
[2024-04-08T08:39:03.321+0000] {logging_mixin.py:188} INFO - [2024-04-08T08:39:03.321+0000] {dagbag.py:540} INFO - Filling up the DagBag from /home/airflow/.local/lib/python3.8/site-packages/airflow/example_dags/example_nested_branch_dag.py
[2024-04-08T08:39:03.334+0000] {processor.py:840} INFO - DAG(s) 'example_nested_branch_dag' retrieved from /home/airflow/.local/lib/python3.8/site-packages/airflow/example_dags/example_nested_branch_dag.py
[2024-04-08T08:39:03.358+0000] {logging_mixin.py:188} INFO - [2024-04-08T08:39:03.358+0000] {dag.py:3047} INFO - Sync 1 DAGs
[2024-04-08T08:39:03.386+0000] {logging_mixin.py:188} INFO - [2024-04-08T08:39:03.386+0000] {dag.py:3834} INFO - Setting next_dagrun for example_nested_branch_dag to 2024-04-07 00:00:00+00:00, run_after=2024-04-08 00:00:00+00:00
[2024-04-08T08:39:03.410+0000] {processor.py:183} INFO - Processing /home/airflow/.local/lib/python3.8/site-packages/airflow/example_dags/example_nested_branch_dag.py took 0.095 seconds
[2024-04-08T08:39:33.816+0000] {processor.py:161} INFO - Started process (PID=6442) to work on /home/airflow/.local/lib/python3.8/site-packages/airflow/example_dags/example_nested_branch_dag.py
[2024-04-08T08:39:33.817+0000] {processor.py:830} INFO - Processing file /home/airflow/.local/lib/python3.8/site-packages/airflow/example_dags/example_nested_branch_dag.py for tasks to queue
[2024-04-08T08:39:33.818+0000] {logging_mixin.py:188} INFO - [2024-04-08T08:39:33.818+0000] {dagbag.py:540} INFO - Filling up the DagBag from /home/airflow/.local/lib/python3.8/site-packages/airflow/example_dags/example_nested_branch_dag.py
[2024-04-08T08:39:33.830+0000] {processor.py:840} INFO - DAG(s) 'example_nested_branch_dag' retrieved from /home/airflow/.local/lib/python3.8/site-packages/airflow/example_dags/example_nested_branch_dag.py
[2024-04-08T08:39:33.856+0000] {logging_mixin.py:188} INFO - [2024-04-08T08:39:33.855+0000] {dag.py:3047} INFO - Sync 1 DAGs
[2024-04-08T08:39:33.881+0000] {logging_mixin.py:188} INFO - [2024-04-08T08:39:33.881+0000] {dag.py:3834} INFO - Setting next_dagrun for example_nested_branch_dag to 2024-04-07 00:00:00+00:00, run_after=2024-04-08 00:00:00+00:00
[2024-04-08T08:39:33.911+0000] {processor.py:183} INFO - Processing /home/airflow/.local/lib/python3.8/site-packages/airflow/example_dags/example_nested_branch_dag.py took 0.099 seconds
[2024-04-08T08:40:04.226+0000] {processor.py:161} INFO - Started process (PID=6699) to work on /home/airflow/.local/lib/python3.8/site-packages/airflow/example_dags/example_nested_branch_dag.py
[2024-04-08T08:40:04.227+0000] {processor.py:830} INFO - Processing file /home/airflow/.local/lib/python3.8/site-packages/airflow/example_dags/example_nested_branch_dag.py for tasks to queue
[2024-04-08T08:40:04.228+0000] {logging_mixin.py:188} INFO - [2024-04-08T08:40:04.228+0000] {dagbag.py:540} INFO - Filling up the DagBag from /home/airflow/.local/lib/python3.8/site-packages/airflow/example_dags/example_nested_branch_dag.py
[2024-04-08T08:40:04.240+0000] {processor.py:840} INFO - DAG(s) 'example_nested_branch_dag' retrieved from /home/airflow/.local/lib/python3.8/site-packages/airflow/example_dags/example_nested_branch_dag.py
[2024-04-08T08:40:04.265+0000] {logging_mixin.py:188} INFO - [2024-04-08T08:40:04.265+0000] {dag.py:3047} INFO - Sync 1 DAGs
[2024-04-08T08:40:04.291+0000] {logging_mixin.py:188} INFO - [2024-04-08T08:40:04.290+0000] {dag.py:3834} INFO - Setting next_dagrun for example_nested_branch_dag to 2024-04-07 00:00:00+00:00, run_after=2024-04-08 00:00:00+00:00
[2024-04-08T08:40:04.323+0000] {processor.py:183} INFO - Processing /home/airflow/.local/lib/python3.8/site-packages/airflow/example_dags/example_nested_branch_dag.py took 0.101 seconds
[2024-04-08T08:40:34.654+0000] {processor.py:161} INFO - Started process (PID=6956) to work on /home/airflow/.local/lib/python3.8/site-packages/airflow/example_dags/example_nested_branch_dag.py
[2024-04-08T08:40:34.655+0000] {processor.py:830} INFO - Processing file /home/airflow/.local/lib/python3.8/site-packages/airflow/example_dags/example_nested_branch_dag.py for tasks to queue
[2024-04-08T08:40:34.656+0000] {logging_mixin.py:188} INFO - [2024-04-08T08:40:34.655+0000] {dagbag.py:540} INFO - Filling up the DagBag from /home/airflow/.local/lib/python3.8/site-packages/airflow/example_dags/example_nested_branch_dag.py
[2024-04-08T08:40:34.668+0000] {processor.py:840} INFO - DAG(s) 'example_nested_branch_dag' retrieved from /home/airflow/.local/lib/python3.8/site-packages/airflow/example_dags/example_nested_branch_dag.py
[2024-04-08T08:40:34.692+0000] {logging_mixin.py:188} INFO - [2024-04-08T08:40:34.691+0000] {dag.py:3047} INFO - Sync 1 DAGs
[2024-04-08T08:40:34.719+0000] {logging_mixin.py:188} INFO - [2024-04-08T08:40:34.718+0000] {dag.py:3834} INFO - Setting next_dagrun for example_nested_branch_dag to 2024-04-07 00:00:00+00:00, run_after=2024-04-08 00:00:00+00:00
[2024-04-08T08:40:34.743+0000] {processor.py:183} INFO - Processing /home/airflow/.local/lib/python3.8/site-packages/airflow/example_dags/example_nested_branch_dag.py took 0.093 seconds
[2024-04-08T08:41:05.214+0000] {processor.py:161} INFO - Started process (PID=7213) to work on /home/airflow/.local/lib/python3.8/site-packages/airflow/example_dags/example_nested_branch_dag.py
[2024-04-08T08:41:05.215+0000] {processor.py:830} INFO - Processing file /home/airflow/.local/lib/python3.8/site-packages/airflow/example_dags/example_nested_branch_dag.py for tasks to queue
[2024-04-08T08:41:05.217+0000] {logging_mixin.py:188} INFO - [2024-04-08T08:41:05.216+0000] {dagbag.py:540} INFO - Filling up the DagBag from /home/airflow/.local/lib/python3.8/site-packages/airflow/example_dags/example_nested_branch_dag.py
[2024-04-08T08:41:05.229+0000] {processor.py:840} INFO - DAG(s) 'example_nested_branch_dag' retrieved from /home/airflow/.local/lib/python3.8/site-packages/airflow/example_dags/example_nested_branch_dag.py
[2024-04-08T08:41:05.255+0000] {logging_mixin.py:188} INFO - [2024-04-08T08:41:05.255+0000] {dag.py:3047} INFO - Sync 1 DAGs
[2024-04-08T08:41:05.285+0000] {logging_mixin.py:188} INFO - [2024-04-08T08:41:05.284+0000] {dag.py:3834} INFO - Setting next_dagrun for example_nested_branch_dag to 2024-04-07 00:00:00+00:00, run_after=2024-04-08 00:00:00+00:00
[2024-04-08T08:41:05.327+0000] {processor.py:183} INFO - Processing /home/airflow/.local/lib/python3.8/site-packages/airflow/example_dags/example_nested_branch_dag.py took 0.116 seconds
[2024-04-08T08:41:35.824+0000] {processor.py:161} INFO - Started process (PID=7470) to work on /home/airflow/.local/lib/python3.8/site-packages/airflow/example_dags/example_nested_branch_dag.py
[2024-04-08T08:41:35.825+0000] {processor.py:830} INFO - Processing file /home/airflow/.local/lib/python3.8/site-packages/airflow/example_dags/example_nested_branch_dag.py for tasks to queue
[2024-04-08T08:41:35.826+0000] {logging_mixin.py:188} INFO - [2024-04-08T08:41:35.826+0000] {dagbag.py:540} INFO - Filling up the DagBag from /home/airflow/.local/lib/python3.8/site-packages/airflow/example_dags/example_nested_branch_dag.py
[2024-04-08T08:41:35.838+0000] {processor.py:840} INFO - DAG(s) 'example_nested_branch_dag' retrieved from /home/airflow/.local/lib/python3.8/site-packages/airflow/example_dags/example_nested_branch_dag.py
[2024-04-08T08:41:35.864+0000] {logging_mixin.py:188} INFO - [2024-04-08T08:41:35.864+0000] {dag.py:3047} INFO - Sync 1 DAGs
[2024-04-08T08:41:35.890+0000] {logging_mixin.py:188} INFO - [2024-04-08T08:41:35.889+0000] {dag.py:3834} INFO - Setting next_dagrun for example_nested_branch_dag to 2024-04-07 00:00:00+00:00, run_after=2024-04-08 00:00:00+00:00
[2024-04-08T08:41:35.914+0000] {processor.py:183} INFO - Processing /home/airflow/.local/lib/python3.8/site-packages/airflow/example_dags/example_nested_branch_dag.py took 0.094 seconds
[2024-04-08T08:42:05.998+0000] {processor.py:161} INFO - Started process (PID=7727) to work on /home/airflow/.local/lib/python3.8/site-packages/airflow/example_dags/example_nested_branch_dag.py
[2024-04-08T08:42:05.999+0000] {processor.py:830} INFO - Processing file /home/airflow/.local/lib/python3.8/site-packages/airflow/example_dags/example_nested_branch_dag.py for tasks to queue
[2024-04-08T08:42:06.001+0000] {logging_mixin.py:188} INFO - [2024-04-08T08:42:06.000+0000] {dagbag.py:540} INFO - Filling up the DagBag from /home/airflow/.local/lib/python3.8/site-packages/airflow/example_dags/example_nested_branch_dag.py
[2024-04-08T08:42:06.012+0000] {processor.py:840} INFO - DAG(s) 'example_nested_branch_dag' retrieved from /home/airflow/.local/lib/python3.8/site-packages/airflow/example_dags/example_nested_branch_dag.py
[2024-04-08T08:42:06.038+0000] {logging_mixin.py:188} INFO - [2024-04-08T08:42:06.038+0000] {dag.py:3047} INFO - Sync 1 DAGs
[2024-04-08T08:42:06.078+0000] {logging_mixin.py:188} INFO - [2024-04-08T08:42:06.078+0000] {dag.py:3834} INFO - Setting next_dagrun for example_nested_branch_dag to 2024-04-07 00:00:00+00:00, run_after=2024-04-08 00:00:00+00:00
[2024-04-08T08:42:06.119+0000] {processor.py:183} INFO - Processing /home/airflow/.local/lib/python3.8/site-packages/airflow/example_dags/example_nested_branch_dag.py took 0.124 seconds
[2024-04-08T08:42:36.359+0000] {processor.py:161} INFO - Started process (PID=7984) to work on /home/airflow/.local/lib/python3.8/site-packages/airflow/example_dags/example_nested_branch_dag.py
[2024-04-08T08:42:36.360+0000] {processor.py:830} INFO - Processing file /home/airflow/.local/lib/python3.8/site-packages/airflow/example_dags/example_nested_branch_dag.py for tasks to queue
[2024-04-08T08:42:36.361+0000] {logging_mixin.py:188} INFO - [2024-04-08T08:42:36.361+0000] {dagbag.py:540} INFO - Filling up the DagBag from /home/airflow/.local/lib/python3.8/site-packages/airflow/example_dags/example_nested_branch_dag.py
[2024-04-08T08:42:36.373+0000] {processor.py:840} INFO - DAG(s) 'example_nested_branch_dag' retrieved from /home/airflow/.local/lib/python3.8/site-packages/airflow/example_dags/example_nested_branch_dag.py
[2024-04-08T08:42:36.399+0000] {logging_mixin.py:188} INFO - [2024-04-08T08:42:36.398+0000] {dag.py:3047} INFO - Sync 1 DAGs
[2024-04-08T08:42:36.424+0000] {logging_mixin.py:188} INFO - [2024-04-08T08:42:36.424+0000] {dag.py:3834} INFO - Setting next_dagrun for example_nested_branch_dag to 2024-04-07 00:00:00+00:00, run_after=2024-04-08 00:00:00+00:00
[2024-04-08T08:42:36.447+0000] {processor.py:183} INFO - Processing /home/airflow/.local/lib/python3.8/site-packages/airflow/example_dags/example_nested_branch_dag.py took 0.092 seconds
[2024-04-08T08:43:06.656+0000] {processor.py:161} INFO - Started process (PID=8241) to work on /home/airflow/.local/lib/python3.8/site-packages/airflow/example_dags/example_nested_branch_dag.py
[2024-04-08T08:43:06.657+0000] {processor.py:830} INFO - Processing file /home/airflow/.local/lib/python3.8/site-packages/airflow/example_dags/example_nested_branch_dag.py for tasks to queue
[2024-04-08T08:43:06.658+0000] {logging_mixin.py:188} INFO - [2024-04-08T08:43:06.658+0000] {dagbag.py:540} INFO - Filling up the DagBag from /home/airflow/.local/lib/python3.8/site-packages/airflow/example_dags/example_nested_branch_dag.py
[2024-04-08T08:43:06.670+0000] {processor.py:840} INFO - DAG(s) 'example_nested_branch_dag' retrieved from /home/airflow/.local/lib/python3.8/site-packages/airflow/example_dags/example_nested_branch_dag.py
[2024-04-08T08:43:06.692+0000] {logging_mixin.py:188} INFO - [2024-04-08T08:43:06.692+0000] {dag.py:3047} INFO - Sync 1 DAGs
[2024-04-08T08:43:06.725+0000] {logging_mixin.py:188} INFO - [2024-04-08T08:43:06.724+0000] {dag.py:3834} INFO - Setting next_dagrun for example_nested_branch_dag to 2024-04-07 00:00:00+00:00, run_after=2024-04-08 00:00:00+00:00
[2024-04-08T08:43:06.749+0000] {processor.py:183} INFO - Processing /home/airflow/.local/lib/python3.8/site-packages/airflow/example_dags/example_nested_branch_dag.py took 0.097 seconds
[2024-04-08T08:43:37.121+0000] {processor.py:161} INFO - Started process (PID=8498) to work on /home/airflow/.local/lib/python3.8/site-packages/airflow/example_dags/example_nested_branch_dag.py
[2024-04-08T08:43:37.122+0000] {processor.py:830} INFO - Processing file /home/airflow/.local/lib/python3.8/site-packages/airflow/example_dags/example_nested_branch_dag.py for tasks to queue
[2024-04-08T08:43:37.123+0000] {logging_mixin.py:188} INFO - [2024-04-08T08:43:37.123+0000] {dagbag.py:540} INFO - Filling up the DagBag from /home/airflow/.local/lib/python3.8/site-packages/airflow/example_dags/example_nested_branch_dag.py
[2024-04-08T08:43:37.135+0000] {processor.py:840} INFO - DAG(s) 'example_nested_branch_dag' retrieved from /home/airflow/.local/lib/python3.8/site-packages/airflow/example_dags/example_nested_branch_dag.py
[2024-04-08T08:43:37.161+0000] {logging_mixin.py:188} INFO - [2024-04-08T08:43:37.161+0000] {dag.py:3047} INFO - Sync 1 DAGs
[2024-04-08T08:43:37.186+0000] {logging_mixin.py:188} INFO - [2024-04-08T08:43:37.185+0000] {dag.py:3834} INFO - Setting next_dagrun for example_nested_branch_dag to 2024-04-07 00:00:00+00:00, run_after=2024-04-08 00:00:00+00:00
[2024-04-08T08:43:37.211+0000] {processor.py:183} INFO - Processing /home/airflow/.local/lib/python3.8/site-packages/airflow/example_dags/example_nested_branch_dag.py took 0.094 seconds
[2024-04-08T08:44:07.936+0000] {processor.py:161} INFO - Started process (PID=8755) to work on /home/airflow/.local/lib/python3.8/site-packages/airflow/example_dags/example_nested_branch_dag.py
[2024-04-08T08:44:07.937+0000] {processor.py:830} INFO - Processing file /home/airflow/.local/lib/python3.8/site-packages/airflow/example_dags/example_nested_branch_dag.py for tasks to queue
[2024-04-08T08:44:07.938+0000] {logging_mixin.py:188} INFO - [2024-04-08T08:44:07.938+0000] {dagbag.py:540} INFO - Filling up the DagBag from /home/airflow/.local/lib/python3.8/site-packages/airflow/example_dags/example_nested_branch_dag.py
[2024-04-08T08:44:07.991+0000] {processor.py:840} INFO - DAG(s) 'example_nested_branch_dag' retrieved from /home/airflow/.local/lib/python3.8/site-packages/airflow/example_dags/example_nested_branch_dag.py
[2024-04-08T08:44:08.055+0000] {logging_mixin.py:188} INFO - [2024-04-08T08:44:08.054+0000] {dag.py:3047} INFO - Sync 1 DAGs
[2024-04-08T08:44:08.091+0000] {logging_mixin.py:188} INFO - [2024-04-08T08:44:08.090+0000] {dag.py:3834} INFO - Setting next_dagrun for example_nested_branch_dag to 2024-04-07 00:00:00+00:00, run_after=2024-04-08 00:00:00+00:00
[2024-04-08T08:44:08.118+0000] {processor.py:183} INFO - Processing /home/airflow/.local/lib/python3.8/site-packages/airflow/example_dags/example_nested_branch_dag.py took 0.186 seconds
[2024-04-08T08:44:38.482+0000] {processor.py:161} INFO - Started process (PID=9013) to work on /home/airflow/.local/lib/python3.8/site-packages/airflow/example_dags/example_nested_branch_dag.py
[2024-04-08T08:44:38.483+0000] {processor.py:830} INFO - Processing file /home/airflow/.local/lib/python3.8/site-packages/airflow/example_dags/example_nested_branch_dag.py for tasks to queue
[2024-04-08T08:44:38.484+0000] {logging_mixin.py:188} INFO - [2024-04-08T08:44:38.484+0000] {dagbag.py:540} INFO - Filling up the DagBag from /home/airflow/.local/lib/python3.8/site-packages/airflow/example_dags/example_nested_branch_dag.py
[2024-04-08T08:44:38.526+0000] {processor.py:840} INFO - DAG(s) 'example_nested_branch_dag' retrieved from /home/airflow/.local/lib/python3.8/site-packages/airflow/example_dags/example_nested_branch_dag.py
[2024-04-08T08:44:38.558+0000] {logging_mixin.py:188} INFO - [2024-04-08T08:44:38.558+0000] {dag.py:3047} INFO - Sync 1 DAGs
[2024-04-08T08:44:38.594+0000] {logging_mixin.py:188} INFO - [2024-04-08T08:44:38.594+0000] {dag.py:3834} INFO - Setting next_dagrun for example_nested_branch_dag to 2024-04-07 00:00:00+00:00, run_after=2024-04-08 00:00:00+00:00
[2024-04-08T08:44:38.623+0000] {processor.py:183} INFO - Processing /home/airflow/.local/lib/python3.8/site-packages/airflow/example_dags/example_nested_branch_dag.py took 0.145 seconds
[2024-04-08T08:45:08.793+0000] {processor.py:161} INFO - Started process (PID=9274) to work on /home/airflow/.local/lib/python3.8/site-packages/airflow/example_dags/example_nested_branch_dag.py
[2024-04-08T08:45:08.794+0000] {processor.py:830} INFO - Processing file /home/airflow/.local/lib/python3.8/site-packages/airflow/example_dags/example_nested_branch_dag.py for tasks to queue
[2024-04-08T08:45:08.795+0000] {logging_mixin.py:188} INFO - [2024-04-08T08:45:08.795+0000] {dagbag.py:540} INFO - Filling up the DagBag from /home/airflow/.local/lib/python3.8/site-packages/airflow/example_dags/example_nested_branch_dag.py
[2024-04-08T08:45:08.807+0000] {processor.py:840} INFO - DAG(s) 'example_nested_branch_dag' retrieved from /home/airflow/.local/lib/python3.8/site-packages/airflow/example_dags/example_nested_branch_dag.py
[2024-04-08T08:45:08.835+0000] {logging_mixin.py:188} INFO - [2024-04-08T08:45:08.835+0000] {dag.py:3047} INFO - Sync 1 DAGs
[2024-04-08T08:45:08.882+0000] {logging_mixin.py:188} INFO - [2024-04-08T08:45:08.881+0000] {dag.py:3834} INFO - Setting next_dagrun for example_nested_branch_dag to 2024-04-07 00:00:00+00:00, run_after=2024-04-08 00:00:00+00:00
[2024-04-08T08:45:08.913+0000] {processor.py:183} INFO - Processing /home/airflow/.local/lib/python3.8/site-packages/airflow/example_dags/example_nested_branch_dag.py took 0.124 seconds
[2024-04-08T08:45:39.087+0000] {processor.py:161} INFO - Started process (PID=9530) to work on /home/airflow/.local/lib/python3.8/site-packages/airflow/example_dags/example_nested_branch_dag.py
[2024-04-08T08:45:39.087+0000] {processor.py:830} INFO - Processing file /home/airflow/.local/lib/python3.8/site-packages/airflow/example_dags/example_nested_branch_dag.py for tasks to queue
[2024-04-08T08:45:39.088+0000] {logging_mixin.py:188} INFO - [2024-04-08T08:45:39.088+0000] {dagbag.py:540} INFO - Filling up the DagBag from /home/airflow/.local/lib/python3.8/site-packages/airflow/example_dags/example_nested_branch_dag.py
[2024-04-08T08:45:39.100+0000] {processor.py:840} INFO - DAG(s) 'example_nested_branch_dag' retrieved from /home/airflow/.local/lib/python3.8/site-packages/airflow/example_dags/example_nested_branch_dag.py
[2024-04-08T08:45:39.127+0000] {logging_mixin.py:188} INFO - [2024-04-08T08:45:39.127+0000] {dag.py:3047} INFO - Sync 1 DAGs
[2024-04-08T08:45:39.154+0000] {logging_mixin.py:188} INFO - [2024-04-08T08:45:39.153+0000] {dag.py:3834} INFO - Setting next_dagrun for example_nested_branch_dag to 2024-04-07 00:00:00+00:00, run_after=2024-04-08 00:00:00+00:00
[2024-04-08T08:45:39.176+0000] {processor.py:183} INFO - Processing /home/airflow/.local/lib/python3.8/site-packages/airflow/example_dags/example_nested_branch_dag.py took 0.093 seconds
[2024-04-08T08:46:09.401+0000] {processor.py:161} INFO - Started process (PID=9787) to work on /home/airflow/.local/lib/python3.8/site-packages/airflow/example_dags/example_nested_branch_dag.py
[2024-04-08T08:46:09.402+0000] {processor.py:830} INFO - Processing file /home/airflow/.local/lib/python3.8/site-packages/airflow/example_dags/example_nested_branch_dag.py for tasks to queue
[2024-04-08T08:46:09.403+0000] {logging_mixin.py:188} INFO - [2024-04-08T08:46:09.403+0000] {dagbag.py:540} INFO - Filling up the DagBag from /home/airflow/.local/lib/python3.8/site-packages/airflow/example_dags/example_nested_branch_dag.py
[2024-04-08T08:46:09.415+0000] {processor.py:840} INFO - DAG(s) 'example_nested_branch_dag' retrieved from /home/airflow/.local/lib/python3.8/site-packages/airflow/example_dags/example_nested_branch_dag.py
[2024-04-08T08:46:09.448+0000] {logging_mixin.py:188} INFO - [2024-04-08T08:46:09.448+0000] {dag.py:3047} INFO - Sync 1 DAGs
[2024-04-08T08:46:09.490+0000] {logging_mixin.py:188} INFO - [2024-04-08T08:46:09.490+0000] {dag.py:3834} INFO - Setting next_dagrun for example_nested_branch_dag to 2024-04-07 00:00:00+00:00, run_after=2024-04-08 00:00:00+00:00
[2024-04-08T08:46:09.514+0000] {processor.py:183} INFO - Processing /home/airflow/.local/lib/python3.8/site-packages/airflow/example_dags/example_nested_branch_dag.py took 0.117 seconds
[2024-04-08T08:46:39.893+0000] {processor.py:161} INFO - Started process (PID=10044) to work on /home/airflow/.local/lib/python3.8/site-packages/airflow/example_dags/example_nested_branch_dag.py
[2024-04-08T08:46:39.894+0000] {processor.py:830} INFO - Processing file /home/airflow/.local/lib/python3.8/site-packages/airflow/example_dags/example_nested_branch_dag.py for tasks to queue
[2024-04-08T08:46:39.895+0000] {logging_mixin.py:188} INFO - [2024-04-08T08:46:39.894+0000] {dagbag.py:540} INFO - Filling up the DagBag from /home/airflow/.local/lib/python3.8/site-packages/airflow/example_dags/example_nested_branch_dag.py
[2024-04-08T08:46:39.907+0000] {processor.py:840} INFO - DAG(s) 'example_nested_branch_dag' retrieved from /home/airflow/.local/lib/python3.8/site-packages/airflow/example_dags/example_nested_branch_dag.py
[2024-04-08T08:46:39.950+0000] {logging_mixin.py:188} INFO - [2024-04-08T08:46:39.950+0000] {dag.py:3047} INFO - Sync 1 DAGs
[2024-04-08T08:46:40.033+0000] {logging_mixin.py:188} INFO - [2024-04-08T08:46:40.030+0000] {dag.py:3834} INFO - Setting next_dagrun for example_nested_branch_dag to 2024-04-07 00:00:00+00:00, run_after=2024-04-08 00:00:00+00:00
[2024-04-08T08:46:40.059+0000] {processor.py:183} INFO - Processing /home/airflow/.local/lib/python3.8/site-packages/airflow/example_dags/example_nested_branch_dag.py took 0.178 seconds
[2024-04-08T08:47:10.638+0000] {processor.py:161} INFO - Started process (PID=10307) to work on /home/airflow/.local/lib/python3.8/site-packages/airflow/example_dags/example_nested_branch_dag.py
[2024-04-08T08:47:10.639+0000] {processor.py:830} INFO - Processing file /home/airflow/.local/lib/python3.8/site-packages/airflow/example_dags/example_nested_branch_dag.py for tasks to queue
[2024-04-08T08:47:10.640+0000] {logging_mixin.py:188} INFO - [2024-04-08T08:47:10.639+0000] {dagbag.py:540} INFO - Filling up the DagBag from /home/airflow/.local/lib/python3.8/site-packages/airflow/example_dags/example_nested_branch_dag.py
[2024-04-08T08:47:10.652+0000] {processor.py:840} INFO - DAG(s) 'example_nested_branch_dag' retrieved from /home/airflow/.local/lib/python3.8/site-packages/airflow/example_dags/example_nested_branch_dag.py
[2024-04-08T08:47:10.678+0000] {logging_mixin.py:188} INFO - [2024-04-08T08:47:10.678+0000] {dag.py:3047} INFO - Sync 1 DAGs
[2024-04-08T08:47:10.703+0000] {logging_mixin.py:188} INFO - [2024-04-08T08:47:10.703+0000] {dag.py:3834} INFO - Setting next_dagrun for example_nested_branch_dag to 2024-04-07 00:00:00+00:00, run_after=2024-04-08 00:00:00+00:00
[2024-04-08T08:47:10.726+0000] {processor.py:183} INFO - Processing /home/airflow/.local/lib/python3.8/site-packages/airflow/example_dags/example_nested_branch_dag.py took 0.092 seconds
[2024-04-08T08:47:41.826+0000] {processor.py:161} INFO - Started process (PID=10566) to work on /home/airflow/.local/lib/python3.8/site-packages/airflow/example_dags/example_nested_branch_dag.py
[2024-04-08T08:47:41.827+0000] {processor.py:830} INFO - Processing file /home/airflow/.local/lib/python3.8/site-packages/airflow/example_dags/example_nested_branch_dag.py for tasks to queue
[2024-04-08T08:47:41.828+0000] {logging_mixin.py:188} INFO - [2024-04-08T08:47:41.828+0000] {dagbag.py:540} INFO - Filling up the DagBag from /home/airflow/.local/lib/python3.8/site-packages/airflow/example_dags/example_nested_branch_dag.py
[2024-04-08T08:47:41.841+0000] {processor.py:840} INFO - DAG(s) 'example_nested_branch_dag' retrieved from /home/airflow/.local/lib/python3.8/site-packages/airflow/example_dags/example_nested_branch_dag.py
[2024-04-08T08:47:41.867+0000] {logging_mixin.py:188} INFO - [2024-04-08T08:47:41.867+0000] {dag.py:3047} INFO - Sync 1 DAGs
[2024-04-08T08:47:41.895+0000] {logging_mixin.py:188} INFO - [2024-04-08T08:47:41.894+0000] {dag.py:3834} INFO - Setting next_dagrun for example_nested_branch_dag to 2024-04-07 00:00:00+00:00, run_after=2024-04-08 00:00:00+00:00
[2024-04-08T08:47:41.918+0000] {processor.py:183} INFO - Processing /home/airflow/.local/lib/python3.8/site-packages/airflow/example_dags/example_nested_branch_dag.py took 0.095 seconds
[2024-04-08T08:48:12.047+0000] {processor.py:161} INFO - Started process (PID=10821) to work on /home/airflow/.local/lib/python3.8/site-packages/airflow/example_dags/example_nested_branch_dag.py
[2024-04-08T08:48:12.048+0000] {processor.py:830} INFO - Processing file /home/airflow/.local/lib/python3.8/site-packages/airflow/example_dags/example_nested_branch_dag.py for tasks to queue
[2024-04-08T08:48:12.049+0000] {logging_mixin.py:188} INFO - [2024-04-08T08:48:12.049+0000] {dagbag.py:540} INFO - Filling up the DagBag from /home/airflow/.local/lib/python3.8/site-packages/airflow/example_dags/example_nested_branch_dag.py
[2024-04-08T08:48:12.061+0000] {processor.py:840} INFO - DAG(s) 'example_nested_branch_dag' retrieved from /home/airflow/.local/lib/python3.8/site-packages/airflow/example_dags/example_nested_branch_dag.py
[2024-04-08T08:48:12.087+0000] {logging_mixin.py:188} INFO - [2024-04-08T08:48:12.086+0000] {dag.py:3047} INFO - Sync 1 DAGs
[2024-04-08T08:48:12.114+0000] {logging_mixin.py:188} INFO - [2024-04-08T08:48:12.113+0000] {dag.py:3834} INFO - Setting next_dagrun for example_nested_branch_dag to 2024-04-07 00:00:00+00:00, run_after=2024-04-08 00:00:00+00:00
[2024-04-08T08:48:12.136+0000] {processor.py:183} INFO - Processing /home/airflow/.local/lib/python3.8/site-packages/airflow/example_dags/example_nested_branch_dag.py took 0.093 seconds
[2024-04-08T08:48:42.523+0000] {processor.py:161} INFO - Started process (PID=11078) to work on /home/airflow/.local/lib/python3.8/site-packages/airflow/example_dags/example_nested_branch_dag.py
[2024-04-08T08:48:42.525+0000] {processor.py:830} INFO - Processing file /home/airflow/.local/lib/python3.8/site-packages/airflow/example_dags/example_nested_branch_dag.py for tasks to queue
[2024-04-08T08:48:42.526+0000] {logging_mixin.py:188} INFO - [2024-04-08T08:48:42.525+0000] {dagbag.py:540} INFO - Filling up the DagBag from /home/airflow/.local/lib/python3.8/site-packages/airflow/example_dags/example_nested_branch_dag.py
[2024-04-08T08:48:42.538+0000] {processor.py:840} INFO - DAG(s) 'example_nested_branch_dag' retrieved from /home/airflow/.local/lib/python3.8/site-packages/airflow/example_dags/example_nested_branch_dag.py
[2024-04-08T08:48:42.563+0000] {logging_mixin.py:188} INFO - [2024-04-08T08:48:42.563+0000] {dag.py:3047} INFO - Sync 1 DAGs
[2024-04-08T08:48:42.588+0000] {logging_mixin.py:188} INFO - [2024-04-08T08:48:42.588+0000] {dag.py:3834} INFO - Setting next_dagrun for example_nested_branch_dag to 2024-04-07 00:00:00+00:00, run_after=2024-04-08 00:00:00+00:00
[2024-04-08T08:48:42.613+0000] {processor.py:183} INFO - Processing /home/airflow/.local/lib/python3.8/site-packages/airflow/example_dags/example_nested_branch_dag.py took 0.094 seconds
[2024-04-08T08:49:13.463+0000] {processor.py:161} INFO - Started process (PID=11335) to work on /home/airflow/.local/lib/python3.8/site-packages/airflow/example_dags/example_nested_branch_dag.py
[2024-04-08T08:49:13.464+0000] {processor.py:830} INFO - Processing file /home/airflow/.local/lib/python3.8/site-packages/airflow/example_dags/example_nested_branch_dag.py for tasks to queue
[2024-04-08T08:49:13.465+0000] {logging_mixin.py:188} INFO - [2024-04-08T08:49:13.464+0000] {dagbag.py:540} INFO - Filling up the DagBag from /home/airflow/.local/lib/python3.8/site-packages/airflow/example_dags/example_nested_branch_dag.py
[2024-04-08T08:49:13.477+0000] {processor.py:840} INFO - DAG(s) 'example_nested_branch_dag' retrieved from /home/airflow/.local/lib/python3.8/site-packages/airflow/example_dags/example_nested_branch_dag.py
[2024-04-08T08:49:13.503+0000] {logging_mixin.py:188} INFO - [2024-04-08T08:49:13.503+0000] {dag.py:3047} INFO - Sync 1 DAGs
[2024-04-08T08:49:13.529+0000] {logging_mixin.py:188} INFO - [2024-04-08T08:49:13.529+0000] {dag.py:3834} INFO - Setting next_dagrun for example_nested_branch_dag to 2024-04-07 00:00:00+00:00, run_after=2024-04-08 00:00:00+00:00
[2024-04-08T08:49:13.565+0000] {processor.py:183} INFO - Processing /home/airflow/.local/lib/python3.8/site-packages/airflow/example_dags/example_nested_branch_dag.py took 0.107 seconds
[2024-04-08T08:49:43.959+0000] {processor.py:161} INFO - Started process (PID=11593) to work on /home/airflow/.local/lib/python3.8/site-packages/airflow/example_dags/example_nested_branch_dag.py
[2024-04-08T08:49:43.960+0000] {processor.py:830} INFO - Processing file /home/airflow/.local/lib/python3.8/site-packages/airflow/example_dags/example_nested_branch_dag.py for tasks to queue
[2024-04-08T08:49:43.961+0000] {logging_mixin.py:188} INFO - [2024-04-08T08:49:43.961+0000] {dagbag.py:540} INFO - Filling up the DagBag from /home/airflow/.local/lib/python3.8/site-packages/airflow/example_dags/example_nested_branch_dag.py
[2024-04-08T08:49:43.974+0000] {processor.py:840} INFO - DAG(s) 'example_nested_branch_dag' retrieved from /home/airflow/.local/lib/python3.8/site-packages/airflow/example_dags/example_nested_branch_dag.py
[2024-04-08T08:49:44.020+0000] {logging_mixin.py:188} INFO - [2024-04-08T08:49:44.020+0000] {dag.py:3047} INFO - Sync 1 DAGs
[2024-04-08T08:49:44.044+0000] {logging_mixin.py:188} INFO - [2024-04-08T08:49:44.044+0000] {dag.py:3834} INFO - Setting next_dagrun for example_nested_branch_dag to 2024-04-07 00:00:00+00:00, run_after=2024-04-08 00:00:00+00:00
[2024-04-08T08:49:44.069+0000] {processor.py:183} INFO - Processing /home/airflow/.local/lib/python3.8/site-packages/airflow/example_dags/example_nested_branch_dag.py took 0.114 seconds
[2024-04-08T08:50:14.593+0000] {processor.py:161} INFO - Started process (PID=11849) to work on /home/airflow/.local/lib/python3.8/site-packages/airflow/example_dags/example_nested_branch_dag.py
[2024-04-08T08:50:14.594+0000] {processor.py:830} INFO - Processing file /home/airflow/.local/lib/python3.8/site-packages/airflow/example_dags/example_nested_branch_dag.py for tasks to queue
[2024-04-08T08:50:14.595+0000] {logging_mixin.py:188} INFO - [2024-04-08T08:50:14.595+0000] {dagbag.py:540} INFO - Filling up the DagBag from /home/airflow/.local/lib/python3.8/site-packages/airflow/example_dags/example_nested_branch_dag.py
[2024-04-08T08:50:14.619+0000] {processor.py:840} INFO - DAG(s) 'example_nested_branch_dag' retrieved from /home/airflow/.local/lib/python3.8/site-packages/airflow/example_dags/example_nested_branch_dag.py
[2024-04-08T08:50:14.671+0000] {logging_mixin.py:188} INFO - [2024-04-08T08:50:14.671+0000] {dag.py:3047} INFO - Sync 1 DAGs
[2024-04-08T08:50:14.704+0000] {logging_mixin.py:188} INFO - [2024-04-08T08:50:14.704+0000] {dag.py:3834} INFO - Setting next_dagrun for example_nested_branch_dag to 2024-04-07 00:00:00+00:00, run_after=2024-04-08 00:00:00+00:00
[2024-04-08T08:50:14.742+0000] {processor.py:183} INFO - Processing /home/airflow/.local/lib/python3.8/site-packages/airflow/example_dags/example_nested_branch_dag.py took 0.153 seconds
[2024-04-08T08:50:45.058+0000] {processor.py:161} INFO - Started process (PID=12107) to work on /home/airflow/.local/lib/python3.8/site-packages/airflow/example_dags/example_nested_branch_dag.py
[2024-04-08T08:50:45.060+0000] {processor.py:830} INFO - Processing file /home/airflow/.local/lib/python3.8/site-packages/airflow/example_dags/example_nested_branch_dag.py for tasks to queue
[2024-04-08T08:50:45.061+0000] {logging_mixin.py:188} INFO - [2024-04-08T08:50:45.061+0000] {dagbag.py:540} INFO - Filling up the DagBag from /home/airflow/.local/lib/python3.8/site-packages/airflow/example_dags/example_nested_branch_dag.py
[2024-04-08T08:50:45.073+0000] {processor.py:840} INFO - DAG(s) 'example_nested_branch_dag' retrieved from /home/airflow/.local/lib/python3.8/site-packages/airflow/example_dags/example_nested_branch_dag.py
[2024-04-08T08:50:45.099+0000] {logging_mixin.py:188} INFO - [2024-04-08T08:50:45.099+0000] {dag.py:3047} INFO - Sync 1 DAGs
[2024-04-08T08:50:45.125+0000] {logging_mixin.py:188} INFO - [2024-04-08T08:50:45.125+0000] {dag.py:3834} INFO - Setting next_dagrun for example_nested_branch_dag to 2024-04-07 00:00:00+00:00, run_after=2024-04-08 00:00:00+00:00
[2024-04-08T08:50:45.150+0000] {processor.py:183} INFO - Processing /home/airflow/.local/lib/python3.8/site-packages/airflow/example_dags/example_nested_branch_dag.py took 0.096 seconds
[2024-04-08T08:51:15.473+0000] {processor.py:161} INFO - Started process (PID=12365) to work on /home/airflow/.local/lib/python3.8/site-packages/airflow/example_dags/example_nested_branch_dag.py
[2024-04-08T08:51:15.474+0000] {processor.py:830} INFO - Processing file /home/airflow/.local/lib/python3.8/site-packages/airflow/example_dags/example_nested_branch_dag.py for tasks to queue
[2024-04-08T08:51:15.475+0000] {logging_mixin.py:188} INFO - [2024-04-08T08:51:15.475+0000] {dagbag.py:540} INFO - Filling up the DagBag from /home/airflow/.local/lib/python3.8/site-packages/airflow/example_dags/example_nested_branch_dag.py
[2024-04-08T08:51:15.488+0000] {processor.py:840} INFO - DAG(s) 'example_nested_branch_dag' retrieved from /home/airflow/.local/lib/python3.8/site-packages/airflow/example_dags/example_nested_branch_dag.py
[2024-04-08T08:51:15.540+0000] {logging_mixin.py:188} INFO - [2024-04-08T08:51:15.540+0000] {dag.py:3047} INFO - Sync 1 DAGs
[2024-04-08T08:51:15.566+0000] {logging_mixin.py:188} INFO - [2024-04-08T08:51:15.566+0000] {dag.py:3834} INFO - Setting next_dagrun for example_nested_branch_dag to 2024-04-07 00:00:00+00:00, run_after=2024-04-08 00:00:00+00:00
[2024-04-08T08:51:15.601+0000] {processor.py:183} INFO - Processing /home/airflow/.local/lib/python3.8/site-packages/airflow/example_dags/example_nested_branch_dag.py took 0.132 seconds
[2024-04-08T08:51:45.926+0000] {processor.py:161} INFO - Started process (PID=12622) to work on /home/airflow/.local/lib/python3.8/site-packages/airflow/example_dags/example_nested_branch_dag.py
[2024-04-08T08:51:45.927+0000] {processor.py:830} INFO - Processing file /home/airflow/.local/lib/python3.8/site-packages/airflow/example_dags/example_nested_branch_dag.py for tasks to queue
[2024-04-08T08:51:45.928+0000] {logging_mixin.py:188} INFO - [2024-04-08T08:51:45.928+0000] {dagbag.py:540} INFO - Filling up the DagBag from /home/airflow/.local/lib/python3.8/site-packages/airflow/example_dags/example_nested_branch_dag.py
[2024-04-08T08:51:45.940+0000] {processor.py:840} INFO - DAG(s) 'example_nested_branch_dag' retrieved from /home/airflow/.local/lib/python3.8/site-packages/airflow/example_dags/example_nested_branch_dag.py
[2024-04-08T08:51:45.965+0000] {logging_mixin.py:188} INFO - [2024-04-08T08:51:45.965+0000] {dag.py:3047} INFO - Sync 1 DAGs
[2024-04-08T08:51:45.991+0000] {logging_mixin.py:188} INFO - [2024-04-08T08:51:45.991+0000] {dag.py:3834} INFO - Setting next_dagrun for example_nested_branch_dag to 2024-04-07 00:00:00+00:00, run_after=2024-04-08 00:00:00+00:00
[2024-04-08T08:51:46.041+0000] {processor.py:183} INFO - Processing /home/airflow/.local/lib/python3.8/site-packages/airflow/example_dags/example_nested_branch_dag.py took 0.119 seconds
[2024-04-08T08:52:16.507+0000] {processor.py:161} INFO - Started process (PID=12879) to work on /home/airflow/.local/lib/python3.8/site-packages/airflow/example_dags/example_nested_branch_dag.py
[2024-04-08T08:52:16.508+0000] {processor.py:830} INFO - Processing file /home/airflow/.local/lib/python3.8/site-packages/airflow/example_dags/example_nested_branch_dag.py for tasks to queue
[2024-04-08T08:52:16.509+0000] {logging_mixin.py:188} INFO - [2024-04-08T08:52:16.509+0000] {dagbag.py:540} INFO - Filling up the DagBag from /home/airflow/.local/lib/python3.8/site-packages/airflow/example_dags/example_nested_branch_dag.py
[2024-04-08T08:52:16.523+0000] {processor.py:840} INFO - DAG(s) 'example_nested_branch_dag' retrieved from /home/airflow/.local/lib/python3.8/site-packages/airflow/example_dags/example_nested_branch_dag.py
[2024-04-08T08:52:16.550+0000] {logging_mixin.py:188} INFO - [2024-04-08T08:52:16.550+0000] {dag.py:3047} INFO - Sync 1 DAGs
[2024-04-08T08:52:16.579+0000] {logging_mixin.py:188} INFO - [2024-04-08T08:52:16.579+0000] {dag.py:3834} INFO - Setting next_dagrun for example_nested_branch_dag to 2024-04-07 00:00:00+00:00, run_after=2024-04-08 00:00:00+00:00
[2024-04-08T08:52:16.604+0000] {processor.py:183} INFO - Processing /home/airflow/.local/lib/python3.8/site-packages/airflow/example_dags/example_nested_branch_dag.py took 0.100 seconds
[2024-04-08T08:52:47.017+0000] {processor.py:161} INFO - Started process (PID=13136) to work on /home/airflow/.local/lib/python3.8/site-packages/airflow/example_dags/example_nested_branch_dag.py
[2024-04-08T08:52:47.018+0000] {processor.py:830} INFO - Processing file /home/airflow/.local/lib/python3.8/site-packages/airflow/example_dags/example_nested_branch_dag.py for tasks to queue
[2024-04-08T08:52:47.020+0000] {logging_mixin.py:188} INFO - [2024-04-08T08:52:47.019+0000] {dagbag.py:540} INFO - Filling up the DagBag from /home/airflow/.local/lib/python3.8/site-packages/airflow/example_dags/example_nested_branch_dag.py
[2024-04-08T08:52:47.032+0000] {processor.py:840} INFO - DAG(s) 'example_nested_branch_dag' retrieved from /home/airflow/.local/lib/python3.8/site-packages/airflow/example_dags/example_nested_branch_dag.py
[2024-04-08T08:52:47.059+0000] {logging_mixin.py:188} INFO - [2024-04-08T08:52:47.059+0000] {dag.py:3047} INFO - Sync 1 DAGs
[2024-04-08T08:52:47.085+0000] {logging_mixin.py:188} INFO - [2024-04-08T08:52:47.084+0000] {dag.py:3834} INFO - Setting next_dagrun for example_nested_branch_dag to 2024-04-07 00:00:00+00:00, run_after=2024-04-08 00:00:00+00:00
[2024-04-08T08:52:47.108+0000] {processor.py:183} INFO - Processing /home/airflow/.local/lib/python3.8/site-packages/airflow/example_dags/example_nested_branch_dag.py took 0.095 seconds
[2024-04-08T08:53:17.420+0000] {processor.py:161} INFO - Started process (PID=13393) to work on /home/airflow/.local/lib/python3.8/site-packages/airflow/example_dags/example_nested_branch_dag.py
[2024-04-08T08:53:17.421+0000] {processor.py:830} INFO - Processing file /home/airflow/.local/lib/python3.8/site-packages/airflow/example_dags/example_nested_branch_dag.py for tasks to queue
[2024-04-08T08:53:17.422+0000] {logging_mixin.py:188} INFO - [2024-04-08T08:53:17.422+0000] {dagbag.py:540} INFO - Filling up the DagBag from /home/airflow/.local/lib/python3.8/site-packages/airflow/example_dags/example_nested_branch_dag.py
[2024-04-08T08:53:17.439+0000] {processor.py:840} INFO - DAG(s) 'example_nested_branch_dag' retrieved from /home/airflow/.local/lib/python3.8/site-packages/airflow/example_dags/example_nested_branch_dag.py
[2024-04-08T08:53:17.463+0000] {logging_mixin.py:188} INFO - [2024-04-08T08:53:17.463+0000] {dag.py:3047} INFO - Sync 1 DAGs
[2024-04-08T08:53:17.489+0000] {logging_mixin.py:188} INFO - [2024-04-08T08:53:17.489+0000] {dag.py:3834} INFO - Setting next_dagrun for example_nested_branch_dag to 2024-04-07 00:00:00+00:00, run_after=2024-04-08 00:00:00+00:00
[2024-04-08T08:53:17.515+0000] {processor.py:183} INFO - Processing /home/airflow/.local/lib/python3.8/site-packages/airflow/example_dags/example_nested_branch_dag.py took 0.099 seconds
[2024-04-08T08:53:47.926+0000] {processor.py:161} INFO - Started process (PID=13650) to work on /home/airflow/.local/lib/python3.8/site-packages/airflow/example_dags/example_nested_branch_dag.py
[2024-04-08T08:53:47.928+0000] {processor.py:830} INFO - Processing file /home/airflow/.local/lib/python3.8/site-packages/airflow/example_dags/example_nested_branch_dag.py for tasks to queue
[2024-04-08T08:53:47.929+0000] {logging_mixin.py:188} INFO - [2024-04-08T08:53:47.929+0000] {dagbag.py:540} INFO - Filling up the DagBag from /home/airflow/.local/lib/python3.8/site-packages/airflow/example_dags/example_nested_branch_dag.py
[2024-04-08T08:53:47.942+0000] {processor.py:840} INFO - DAG(s) 'example_nested_branch_dag' retrieved from /home/airflow/.local/lib/python3.8/site-packages/airflow/example_dags/example_nested_branch_dag.py
[2024-04-08T08:53:47.967+0000] {logging_mixin.py:188} INFO - [2024-04-08T08:53:47.967+0000] {dag.py:3047} INFO - Sync 1 DAGs
[2024-04-08T08:53:48.008+0000] {logging_mixin.py:188} INFO - [2024-04-08T08:53:48.007+0000] {dag.py:3834} INFO - Setting next_dagrun for example_nested_branch_dag to 2024-04-07 00:00:00+00:00, run_after=2024-04-08 00:00:00+00:00
[2024-04-08T08:53:48.050+0000] {processor.py:183} INFO - Processing /home/airflow/.local/lib/python3.8/site-packages/airflow/example_dags/example_nested_branch_dag.py took 0.128 seconds
[2024-04-08T08:54:18.395+0000] {processor.py:161} INFO - Started process (PID=13908) to work on /home/airflow/.local/lib/python3.8/site-packages/airflow/example_dags/example_nested_branch_dag.py
[2024-04-08T08:54:18.396+0000] {processor.py:830} INFO - Processing file /home/airflow/.local/lib/python3.8/site-packages/airflow/example_dags/example_nested_branch_dag.py for tasks to queue
[2024-04-08T08:54:18.397+0000] {logging_mixin.py:188} INFO - [2024-04-08T08:54:18.397+0000] {dagbag.py:540} INFO - Filling up the DagBag from /home/airflow/.local/lib/python3.8/site-packages/airflow/example_dags/example_nested_branch_dag.py
[2024-04-08T08:54:18.408+0000] {processor.py:840} INFO - DAG(s) 'example_nested_branch_dag' retrieved from /home/airflow/.local/lib/python3.8/site-packages/airflow/example_dags/example_nested_branch_dag.py
[2024-04-08T08:54:18.448+0000] {logging_mixin.py:188} INFO - [2024-04-08T08:54:18.447+0000] {dag.py:3047} INFO - Sync 1 DAGs
[2024-04-08T08:54:18.479+0000] {logging_mixin.py:188} INFO - [2024-04-08T08:54:18.479+0000] {dag.py:3834} INFO - Setting next_dagrun for example_nested_branch_dag to 2024-04-07 00:00:00+00:00, run_after=2024-04-08 00:00:00+00:00
[2024-04-08T08:54:18.543+0000] {processor.py:183} INFO - Processing /home/airflow/.local/lib/python3.8/site-packages/airflow/example_dags/example_nested_branch_dag.py took 0.152 seconds
[2024-04-08T08:54:48.942+0000] {processor.py:161} INFO - Started process (PID=14168) to work on /home/airflow/.local/lib/python3.8/site-packages/airflow/example_dags/example_nested_branch_dag.py
[2024-04-08T08:54:48.944+0000] {processor.py:830} INFO - Processing file /home/airflow/.local/lib/python3.8/site-packages/airflow/example_dags/example_nested_branch_dag.py for tasks to queue
[2024-04-08T08:54:48.945+0000] {logging_mixin.py:188} INFO - [2024-04-08T08:54:48.944+0000] {dagbag.py:540} INFO - Filling up the DagBag from /home/airflow/.local/lib/python3.8/site-packages/airflow/example_dags/example_nested_branch_dag.py
[2024-04-08T08:54:48.961+0000] {processor.py:840} INFO - DAG(s) 'example_nested_branch_dag' retrieved from /home/airflow/.local/lib/python3.8/site-packages/airflow/example_dags/example_nested_branch_dag.py
[2024-04-08T08:54:48.986+0000] {logging_mixin.py:188} INFO - [2024-04-08T08:54:48.986+0000] {dag.py:3047} INFO - Sync 1 DAGs
[2024-04-08T08:54:49.012+0000] {logging_mixin.py:188} INFO - [2024-04-08T08:54:49.012+0000] {dag.py:3834} INFO - Setting next_dagrun for example_nested_branch_dag to 2024-04-07 00:00:00+00:00, run_after=2024-04-08 00:00:00+00:00
[2024-04-08T08:54:49.038+0000] {processor.py:183} INFO - Processing /home/airflow/.local/lib/python3.8/site-packages/airflow/example_dags/example_nested_branch_dag.py took 0.099 seconds
[2024-04-08T08:55:19.160+0000] {processor.py:161} INFO - Started process (PID=14424) to work on /home/airflow/.local/lib/python3.8/site-packages/airflow/example_dags/example_nested_branch_dag.py
[2024-04-08T08:55:19.162+0000] {processor.py:830} INFO - Processing file /home/airflow/.local/lib/python3.8/site-packages/airflow/example_dags/example_nested_branch_dag.py for tasks to queue
[2024-04-08T08:55:19.163+0000] {logging_mixin.py:188} INFO - [2024-04-08T08:55:19.162+0000] {dagbag.py:540} INFO - Filling up the DagBag from /home/airflow/.local/lib/python3.8/site-packages/airflow/example_dags/example_nested_branch_dag.py
[2024-04-08T08:55:19.175+0000] {processor.py:840} INFO - DAG(s) 'example_nested_branch_dag' retrieved from /home/airflow/.local/lib/python3.8/site-packages/airflow/example_dags/example_nested_branch_dag.py
[2024-04-08T08:55:19.226+0000] {logging_mixin.py:188} INFO - [2024-04-08T08:55:19.226+0000] {dag.py:3047} INFO - Sync 1 DAGs
[2024-04-08T08:55:19.262+0000] {logging_mixin.py:188} INFO - [2024-04-08T08:55:19.261+0000] {dag.py:3834} INFO - Setting next_dagrun for example_nested_branch_dag to 2024-04-07 00:00:00+00:00, run_after=2024-04-08 00:00:00+00:00
[2024-04-08T08:55:19.286+0000] {processor.py:183} INFO - Processing /home/airflow/.local/lib/python3.8/site-packages/airflow/example_dags/example_nested_branch_dag.py took 0.130 seconds
[2024-04-08T08:55:49.571+0000] {processor.py:161} INFO - Started process (PID=14684) to work on /home/airflow/.local/lib/python3.8/site-packages/airflow/example_dags/example_nested_branch_dag.py
[2024-04-08T08:55:49.573+0000] {processor.py:830} INFO - Processing file /home/airflow/.local/lib/python3.8/site-packages/airflow/example_dags/example_nested_branch_dag.py for tasks to queue
[2024-04-08T08:55:49.574+0000] {logging_mixin.py:188} INFO - [2024-04-08T08:55:49.573+0000] {dagbag.py:540} INFO - Filling up the DagBag from /home/airflow/.local/lib/python3.8/site-packages/airflow/example_dags/example_nested_branch_dag.py
[2024-04-08T08:55:49.588+0000] {processor.py:840} INFO - DAG(s) 'example_nested_branch_dag' retrieved from /home/airflow/.local/lib/python3.8/site-packages/airflow/example_dags/example_nested_branch_dag.py
[2024-04-08T08:55:49.614+0000] {logging_mixin.py:188} INFO - [2024-04-08T08:55:49.614+0000] {dag.py:3047} INFO - Sync 1 DAGs
[2024-04-08T08:55:49.640+0000] {logging_mixin.py:188} INFO - [2024-04-08T08:55:49.640+0000] {dag.py:3834} INFO - Setting next_dagrun for example_nested_branch_dag to 2024-04-07 00:00:00+00:00, run_after=2024-04-08 00:00:00+00:00
[2024-04-08T08:55:49.663+0000] {processor.py:183} INFO - Processing /home/airflow/.local/lib/python3.8/site-packages/airflow/example_dags/example_nested_branch_dag.py took 0.095 seconds
[2024-04-08T08:56:19.781+0000] {processor.py:161} INFO - Started process (PID=14940) to work on /home/airflow/.local/lib/python3.8/site-packages/airflow/example_dags/example_nested_branch_dag.py
[2024-04-08T08:56:19.782+0000] {processor.py:830} INFO - Processing file /home/airflow/.local/lib/python3.8/site-packages/airflow/example_dags/example_nested_branch_dag.py for tasks to queue
[2024-04-08T08:56:19.783+0000] {logging_mixin.py:188} INFO - [2024-04-08T08:56:19.782+0000] {dagbag.py:540} INFO - Filling up the DagBag from /home/airflow/.local/lib/python3.8/site-packages/airflow/example_dags/example_nested_branch_dag.py
[2024-04-08T08:56:19.795+0000] {processor.py:840} INFO - DAG(s) 'example_nested_branch_dag' retrieved from /home/airflow/.local/lib/python3.8/site-packages/airflow/example_dags/example_nested_branch_dag.py
[2024-04-08T08:56:19.820+0000] {logging_mixin.py:188} INFO - [2024-04-08T08:56:19.820+0000] {dag.py:3047} INFO - Sync 1 DAGs
[2024-04-08T08:56:19.846+0000] {logging_mixin.py:188} INFO - [2024-04-08T08:56:19.846+0000] {dag.py:3834} INFO - Setting next_dagrun for example_nested_branch_dag to 2024-04-07 00:00:00+00:00, run_after=2024-04-08 00:00:00+00:00
[2024-04-08T08:56:19.871+0000] {processor.py:183} INFO - Processing /home/airflow/.local/lib/python3.8/site-packages/airflow/example_dags/example_nested_branch_dag.py took 0.094 seconds
[2024-04-08T08:56:50.327+0000] {processor.py:161} INFO - Started process (PID=15197) to work on /home/airflow/.local/lib/python3.8/site-packages/airflow/example_dags/example_nested_branch_dag.py
[2024-04-08T08:56:50.328+0000] {processor.py:830} INFO - Processing file /home/airflow/.local/lib/python3.8/site-packages/airflow/example_dags/example_nested_branch_dag.py for tasks to queue
[2024-04-08T08:56:50.329+0000] {logging_mixin.py:188} INFO - [2024-04-08T08:56:50.329+0000] {dagbag.py:540} INFO - Filling up the DagBag from /home/airflow/.local/lib/python3.8/site-packages/airflow/example_dags/example_nested_branch_dag.py
[2024-04-08T08:56:50.341+0000] {processor.py:840} INFO - DAG(s) 'example_nested_branch_dag' retrieved from /home/airflow/.local/lib/python3.8/site-packages/airflow/example_dags/example_nested_branch_dag.py
[2024-04-08T08:56:50.368+0000] {logging_mixin.py:188} INFO - [2024-04-08T08:56:50.368+0000] {dag.py:3047} INFO - Sync 1 DAGs
[2024-04-08T08:56:50.392+0000] {logging_mixin.py:188} INFO - [2024-04-08T08:56:50.392+0000] {dag.py:3834} INFO - Setting next_dagrun for example_nested_branch_dag to 2024-04-07 00:00:00+00:00, run_after=2024-04-08 00:00:00+00:00
[2024-04-08T08:56:50.414+0000] {processor.py:183} INFO - Processing /home/airflow/.local/lib/python3.8/site-packages/airflow/example_dags/example_nested_branch_dag.py took 0.091 seconds
