[2024-04-08T08:27:21.823+0000] {processor.py:161} INFO - Started process (PID=325) to work on /home/airflow/.local/lib/python3.8/site-packages/airflow/example_dags/example_dag_decorator.py
[2024-04-08T08:27:21.824+0000] {processor.py:830} INFO - Processing file /home/airflow/.local/lib/python3.8/site-packages/airflow/example_dags/example_dag_decorator.py for tasks to queue
[2024-04-08T08:27:21.825+0000] {logging_mixin.py:188} INFO - [2024-04-08T08:27:21.825+0000] {dagbag.py:540} INFO - Filling up the DagBag from /home/airflow/.local/lib/python3.8/site-packages/airflow/example_dags/example_dag_decorator.py
[2024-04-08T08:27:21.985+0000] {processor.py:840} INFO - DAG(s) 'example_dag_decorator' retrieved from /home/airflow/.local/lib/python3.8/site-packages/airflow/example_dags/example_dag_decorator.py
[2024-04-08T08:27:22.134+0000] {logging_mixin.py:188} INFO - [2024-04-08T08:27:22.134+0000] {dag.py:3047} INFO - Sync 1 DAGs
[2024-04-08T08:27:22.149+0000] {logging_mixin.py:188} INFO - [2024-04-08T08:27:22.149+0000] {dag.py:3834} INFO - Setting next_dagrun for example_dag_decorator to None, run_after=None
[2024-04-08T08:27:22.179+0000] {processor.py:183} INFO - Processing /home/airflow/.local/lib/python3.8/site-packages/airflow/example_dags/example_dag_decorator.py took 0.360 seconds
[2024-04-08T08:27:52.519+0000] {processor.py:161} INFO - Started process (PID=587) to work on /home/airflow/.local/lib/python3.8/site-packages/airflow/example_dags/example_dag_decorator.py
[2024-04-08T08:27:52.521+0000] {processor.py:830} INFO - Processing file /home/airflow/.local/lib/python3.8/site-packages/airflow/example_dags/example_dag_decorator.py for tasks to queue
[2024-04-08T08:27:52.522+0000] {logging_mixin.py:188} INFO - [2024-04-08T08:27:52.521+0000] {dagbag.py:540} INFO - Filling up the DagBag from /home/airflow/.local/lib/python3.8/site-packages/airflow/example_dags/example_dag_decorator.py
[2024-04-08T08:27:52.654+0000] {processor.py:840} INFO - DAG(s) 'example_dag_decorator' retrieved from /home/airflow/.local/lib/python3.8/site-packages/airflow/example_dags/example_dag_decorator.py
[2024-04-08T08:27:52.748+0000] {logging_mixin.py:188} INFO - [2024-04-08T08:27:52.747+0000] {dag.py:3047} INFO - Sync 1 DAGs
[2024-04-08T08:27:52.757+0000] {logging_mixin.py:188} INFO - [2024-04-08T08:27:52.757+0000] {dag.py:3834} INFO - Setting next_dagrun for example_dag_decorator to None, run_after=None
[2024-04-08T08:27:52.776+0000] {processor.py:183} INFO - Processing /home/airflow/.local/lib/python3.8/site-packages/airflow/example_dags/example_dag_decorator.py took 0.260 seconds
[2024-04-08T08:28:23.416+0000] {processor.py:161} INFO - Started process (PID=840) to work on /home/airflow/.local/lib/python3.8/site-packages/airflow/example_dags/example_dag_decorator.py
[2024-04-08T08:28:23.419+0000] {processor.py:830} INFO - Processing file /home/airflow/.local/lib/python3.8/site-packages/airflow/example_dags/example_dag_decorator.py for tasks to queue
[2024-04-08T08:28:23.420+0000] {logging_mixin.py:188} INFO - [2024-04-08T08:28:23.420+0000] {dagbag.py:540} INFO - Filling up the DagBag from /home/airflow/.local/lib/python3.8/site-packages/airflow/example_dags/example_dag_decorator.py
[2024-04-08T08:28:23.539+0000] {processor.py:840} INFO - DAG(s) 'example_dag_decorator' retrieved from /home/airflow/.local/lib/python3.8/site-packages/airflow/example_dags/example_dag_decorator.py
[2024-04-08T08:28:23.668+0000] {logging_mixin.py:188} INFO - [2024-04-08T08:28:23.668+0000] {dag.py:3047} INFO - Sync 1 DAGs
[2024-04-08T08:28:23.681+0000] {logging_mixin.py:188} INFO - [2024-04-08T08:28:23.680+0000] {dag.py:3834} INFO - Setting next_dagrun for example_dag_decorator to None, run_after=None
[2024-04-08T08:28:23.703+0000] {processor.py:183} INFO - Processing /home/airflow/.local/lib/python3.8/site-packages/airflow/example_dags/example_dag_decorator.py took 0.291 seconds
[2024-04-08T08:28:53.801+0000] {processor.py:161} INFO - Started process (PID=1105) to work on /home/airflow/.local/lib/python3.8/site-packages/airflow/example_dags/example_dag_decorator.py
[2024-04-08T08:28:53.802+0000] {processor.py:830} INFO - Processing file /home/airflow/.local/lib/python3.8/site-packages/airflow/example_dags/example_dag_decorator.py for tasks to queue
[2024-04-08T08:28:53.803+0000] {logging_mixin.py:188} INFO - [2024-04-08T08:28:53.803+0000] {dagbag.py:540} INFO - Filling up the DagBag from /home/airflow/.local/lib/python3.8/site-packages/airflow/example_dags/example_dag_decorator.py
[2024-04-08T08:28:53.917+0000] {processor.py:840} INFO - DAG(s) 'example_dag_decorator' retrieved from /home/airflow/.local/lib/python3.8/site-packages/airflow/example_dags/example_dag_decorator.py
[2024-04-08T08:28:54.265+0000] {logging_mixin.py:188} INFO - [2024-04-08T08:28:54.265+0000] {dag.py:3047} INFO - Sync 1 DAGs
[2024-04-08T08:28:54.278+0000] {logging_mixin.py:188} INFO - [2024-04-08T08:28:54.278+0000] {dag.py:3834} INFO - Setting next_dagrun for example_dag_decorator to None, run_after=None
[2024-04-08T08:28:54.316+0000] {processor.py:183} INFO - Processing /home/airflow/.local/lib/python3.8/site-packages/airflow/example_dags/example_dag_decorator.py took 0.518 seconds
[2024-04-08T08:29:24.550+0000] {processor.py:161} INFO - Started process (PID=1366) to work on /home/airflow/.local/lib/python3.8/site-packages/airflow/example_dags/example_dag_decorator.py
[2024-04-08T08:29:24.551+0000] {processor.py:830} INFO - Processing file /home/airflow/.local/lib/python3.8/site-packages/airflow/example_dags/example_dag_decorator.py for tasks to queue
[2024-04-08T08:29:24.552+0000] {logging_mixin.py:188} INFO - [2024-04-08T08:29:24.552+0000] {dagbag.py:540} INFO - Filling up the DagBag from /home/airflow/.local/lib/python3.8/site-packages/airflow/example_dags/example_dag_decorator.py
[2024-04-08T08:29:24.669+0000] {processor.py:840} INFO - DAG(s) 'example_dag_decorator' retrieved from /home/airflow/.local/lib/python3.8/site-packages/airflow/example_dags/example_dag_decorator.py
[2024-04-08T08:29:24.696+0000] {logging_mixin.py:188} INFO - [2024-04-08T08:29:24.696+0000] {dag.py:3047} INFO - Sync 1 DAGs
[2024-04-08T08:29:24.711+0000] {logging_mixin.py:188} INFO - [2024-04-08T08:29:24.711+0000] {dag.py:3834} INFO - Setting next_dagrun for example_dag_decorator to None, run_after=None
[2024-04-08T08:29:24.743+0000] {processor.py:183} INFO - Processing /home/airflow/.local/lib/python3.8/site-packages/airflow/example_dags/example_dag_decorator.py took 0.197 seconds
[2024-04-08T08:29:55.098+0000] {processor.py:161} INFO - Started process (PID=1625) to work on /home/airflow/.local/lib/python3.8/site-packages/airflow/example_dags/example_dag_decorator.py
[2024-04-08T08:29:55.099+0000] {processor.py:830} INFO - Processing file /home/airflow/.local/lib/python3.8/site-packages/airflow/example_dags/example_dag_decorator.py for tasks to queue
[2024-04-08T08:29:55.100+0000] {logging_mixin.py:188} INFO - [2024-04-08T08:29:55.100+0000] {dagbag.py:540} INFO - Filling up the DagBag from /home/airflow/.local/lib/python3.8/site-packages/airflow/example_dags/example_dag_decorator.py
[2024-04-08T08:29:55.219+0000] {processor.py:840} INFO - DAG(s) 'example_dag_decorator' retrieved from /home/airflow/.local/lib/python3.8/site-packages/airflow/example_dags/example_dag_decorator.py
[2024-04-08T08:29:55.349+0000] {logging_mixin.py:188} INFO - [2024-04-08T08:29:55.349+0000] {dag.py:3047} INFO - Sync 1 DAGs
[2024-04-08T08:29:55.360+0000] {logging_mixin.py:188} INFO - [2024-04-08T08:29:55.359+0000] {dag.py:3834} INFO - Setting next_dagrun for example_dag_decorator to None, run_after=None
[2024-04-08T08:29:55.383+0000] {processor.py:183} INFO - Processing /home/airflow/.local/lib/python3.8/site-packages/airflow/example_dags/example_dag_decorator.py took 0.288 seconds
[2024-04-08T08:30:25.697+0000] {processor.py:161} INFO - Started process (PID=1881) to work on /home/airflow/.local/lib/python3.8/site-packages/airflow/example_dags/example_dag_decorator.py
[2024-04-08T08:30:25.699+0000] {processor.py:830} INFO - Processing file /home/airflow/.local/lib/python3.8/site-packages/airflow/example_dags/example_dag_decorator.py for tasks to queue
[2024-04-08T08:30:25.700+0000] {logging_mixin.py:188} INFO - [2024-04-08T08:30:25.699+0000] {dagbag.py:540} INFO - Filling up the DagBag from /home/airflow/.local/lib/python3.8/site-packages/airflow/example_dags/example_dag_decorator.py
[2024-04-08T08:30:25.819+0000] {processor.py:840} INFO - DAG(s) 'example_dag_decorator' retrieved from /home/airflow/.local/lib/python3.8/site-packages/airflow/example_dags/example_dag_decorator.py
[2024-04-08T08:30:25.950+0000] {logging_mixin.py:188} INFO - [2024-04-08T08:30:25.950+0000] {dag.py:3047} INFO - Sync 1 DAGs
[2024-04-08T08:30:25.963+0000] {logging_mixin.py:188} INFO - [2024-04-08T08:30:25.962+0000] {dag.py:3834} INFO - Setting next_dagrun for example_dag_decorator to None, run_after=None
[2024-04-08T08:30:25.986+0000] {processor.py:183} INFO - Processing /home/airflow/.local/lib/python3.8/site-packages/airflow/example_dags/example_dag_decorator.py took 0.293 seconds
[2024-04-08T08:30:56.520+0000] {processor.py:161} INFO - Started process (PID=2128) to work on /home/airflow/.local/lib/python3.8/site-packages/airflow/example_dags/example_dag_decorator.py
[2024-04-08T08:30:56.529+0000] {processor.py:830} INFO - Processing file /home/airflow/.local/lib/python3.8/site-packages/airflow/example_dags/example_dag_decorator.py for tasks to queue
[2024-04-08T08:30:56.532+0000] {logging_mixin.py:188} INFO - [2024-04-08T08:30:56.532+0000] {dagbag.py:540} INFO - Filling up the DagBag from /home/airflow/.local/lib/python3.8/site-packages/airflow/example_dags/example_dag_decorator.py
[2024-04-08T08:30:56.660+0000] {processor.py:840} INFO - DAG(s) 'example_dag_decorator' retrieved from /home/airflow/.local/lib/python3.8/site-packages/airflow/example_dags/example_dag_decorator.py
[2024-04-08T08:30:56.690+0000] {logging_mixin.py:188} INFO - [2024-04-08T08:30:56.689+0000] {dag.py:3047} INFO - Sync 1 DAGs
[2024-04-08T08:30:56.703+0000] {logging_mixin.py:188} INFO - [2024-04-08T08:30:56.703+0000] {dag.py:3834} INFO - Setting next_dagrun for example_dag_decorator to None, run_after=None
[2024-04-08T08:30:56.728+0000] {processor.py:183} INFO - Processing /home/airflow/.local/lib/python3.8/site-packages/airflow/example_dags/example_dag_decorator.py took 0.212 seconds
[2024-04-08T08:31:26.864+0000] {processor.py:161} INFO - Started process (PID=2385) to work on /home/airflow/.local/lib/python3.8/site-packages/airflow/example_dags/example_dag_decorator.py
[2024-04-08T08:31:26.865+0000] {processor.py:830} INFO - Processing file /home/airflow/.local/lib/python3.8/site-packages/airflow/example_dags/example_dag_decorator.py for tasks to queue
[2024-04-08T08:31:26.866+0000] {logging_mixin.py:188} INFO - [2024-04-08T08:31:26.866+0000] {dagbag.py:540} INFO - Filling up the DagBag from /home/airflow/.local/lib/python3.8/site-packages/airflow/example_dags/example_dag_decorator.py
[2024-04-08T08:31:26.979+0000] {processor.py:840} INFO - DAG(s) 'example_dag_decorator' retrieved from /home/airflow/.local/lib/python3.8/site-packages/airflow/example_dags/example_dag_decorator.py
[2024-04-08T08:31:27.116+0000] {logging_mixin.py:188} INFO - [2024-04-08T08:31:27.116+0000] {dag.py:3047} INFO - Sync 1 DAGs
[2024-04-08T08:31:27.130+0000] {logging_mixin.py:188} INFO - [2024-04-08T08:31:27.130+0000] {dag.py:3834} INFO - Setting next_dagrun for example_dag_decorator to None, run_after=None
[2024-04-08T08:31:27.155+0000] {processor.py:183} INFO - Processing /home/airflow/.local/lib/python3.8/site-packages/airflow/example_dags/example_dag_decorator.py took 0.295 seconds
[2024-04-08T08:31:57.604+0000] {processor.py:161} INFO - Started process (PID=2647) to work on /home/airflow/.local/lib/python3.8/site-packages/airflow/example_dags/example_dag_decorator.py
[2024-04-08T08:31:57.605+0000] {processor.py:830} INFO - Processing file /home/airflow/.local/lib/python3.8/site-packages/airflow/example_dags/example_dag_decorator.py for tasks to queue
[2024-04-08T08:31:57.606+0000] {logging_mixin.py:188} INFO - [2024-04-08T08:31:57.606+0000] {dagbag.py:540} INFO - Filling up the DagBag from /home/airflow/.local/lib/python3.8/site-packages/airflow/example_dags/example_dag_decorator.py
[2024-04-08T08:31:57.745+0000] {processor.py:840} INFO - DAG(s) 'example_dag_decorator' retrieved from /home/airflow/.local/lib/python3.8/site-packages/airflow/example_dags/example_dag_decorator.py
[2024-04-08T08:31:57.884+0000] {logging_mixin.py:188} INFO - [2024-04-08T08:31:57.884+0000] {dag.py:3047} INFO - Sync 1 DAGs
[2024-04-08T08:31:57.896+0000] {logging_mixin.py:188} INFO - [2024-04-08T08:31:57.896+0000] {dag.py:3834} INFO - Setting next_dagrun for example_dag_decorator to None, run_after=None
[2024-04-08T08:31:57.919+0000] {processor.py:183} INFO - Processing /home/airflow/.local/lib/python3.8/site-packages/airflow/example_dags/example_dag_decorator.py took 0.319 seconds
[2024-04-08T08:32:28.709+0000] {processor.py:161} INFO - Started process (PID=2911) to work on /home/airflow/.local/lib/python3.8/site-packages/airflow/example_dags/example_dag_decorator.py
[2024-04-08T08:32:28.710+0000] {processor.py:830} INFO - Processing file /home/airflow/.local/lib/python3.8/site-packages/airflow/example_dags/example_dag_decorator.py for tasks to queue
[2024-04-08T08:32:28.711+0000] {logging_mixin.py:188} INFO - [2024-04-08T08:32:28.711+0000] {dagbag.py:540} INFO - Filling up the DagBag from /home/airflow/.local/lib/python3.8/site-packages/airflow/example_dags/example_dag_decorator.py
[2024-04-08T08:32:28.839+0000] {processor.py:840} INFO - DAG(s) 'example_dag_decorator' retrieved from /home/airflow/.local/lib/python3.8/site-packages/airflow/example_dags/example_dag_decorator.py
[2024-04-08T08:32:28.970+0000] {logging_mixin.py:188} INFO - [2024-04-08T08:32:28.969+0000] {dag.py:3047} INFO - Sync 1 DAGs
[2024-04-08T08:32:28.980+0000] {logging_mixin.py:188} INFO - [2024-04-08T08:32:28.980+0000] {dag.py:3834} INFO - Setting next_dagrun for example_dag_decorator to None, run_after=None
[2024-04-08T08:32:28.999+0000] {processor.py:183} INFO - Processing /home/airflow/.local/lib/python3.8/site-packages/airflow/example_dags/example_dag_decorator.py took 0.294 seconds
[2024-04-08T08:32:59.539+0000] {processor.py:161} INFO - Started process (PID=3171) to work on /home/airflow/.local/lib/python3.8/site-packages/airflow/example_dags/example_dag_decorator.py
[2024-04-08T08:32:59.540+0000] {processor.py:830} INFO - Processing file /home/airflow/.local/lib/python3.8/site-packages/airflow/example_dags/example_dag_decorator.py for tasks to queue
[2024-04-08T08:32:59.541+0000] {logging_mixin.py:188} INFO - [2024-04-08T08:32:59.541+0000] {dagbag.py:540} INFO - Filling up the DagBag from /home/airflow/.local/lib/python3.8/site-packages/airflow/example_dags/example_dag_decorator.py
[2024-04-08T08:32:59.698+0000] {processor.py:840} INFO - DAG(s) 'example_dag_decorator' retrieved from /home/airflow/.local/lib/python3.8/site-packages/airflow/example_dags/example_dag_decorator.py
[2024-04-08T08:32:59.798+0000] {logging_mixin.py:188} INFO - [2024-04-08T08:32:59.797+0000] {dag.py:3047} INFO - Sync 1 DAGs
[2024-04-08T08:32:59.806+0000] {logging_mixin.py:188} INFO - [2024-04-08T08:32:59.806+0000] {dag.py:3834} INFO - Setting next_dagrun for example_dag_decorator to None, run_after=None
[2024-04-08T08:32:59.825+0000] {processor.py:183} INFO - Processing /home/airflow/.local/lib/python3.8/site-packages/airflow/example_dags/example_dag_decorator.py took 0.289 seconds
[2024-04-08T08:33:30.100+0000] {processor.py:161} INFO - Started process (PID=3428) to work on /home/airflow/.local/lib/python3.8/site-packages/airflow/example_dags/example_dag_decorator.py
[2024-04-08T08:33:30.101+0000] {processor.py:830} INFO - Processing file /home/airflow/.local/lib/python3.8/site-packages/airflow/example_dags/example_dag_decorator.py for tasks to queue
[2024-04-08T08:33:30.102+0000] {logging_mixin.py:188} INFO - [2024-04-08T08:33:30.102+0000] {dagbag.py:540} INFO - Filling up the DagBag from /home/airflow/.local/lib/python3.8/site-packages/airflow/example_dags/example_dag_decorator.py
[2024-04-08T08:33:30.218+0000] {processor.py:840} INFO - DAG(s) 'example_dag_decorator' retrieved from /home/airflow/.local/lib/python3.8/site-packages/airflow/example_dags/example_dag_decorator.py
[2024-04-08T08:33:30.316+0000] {logging_mixin.py:188} INFO - [2024-04-08T08:33:30.316+0000] {dag.py:3047} INFO - Sync 1 DAGs
[2024-04-08T08:33:30.325+0000] {logging_mixin.py:188} INFO - [2024-04-08T08:33:30.324+0000] {dag.py:3834} INFO - Setting next_dagrun for example_dag_decorator to None, run_after=None
[2024-04-08T08:33:30.344+0000] {processor.py:183} INFO - Processing /home/airflow/.local/lib/python3.8/site-packages/airflow/example_dags/example_dag_decorator.py took 0.247 seconds
[2024-04-08T08:34:00.573+0000] {processor.py:161} INFO - Started process (PID=3690) to work on /home/airflow/.local/lib/python3.8/site-packages/airflow/example_dags/example_dag_decorator.py
[2024-04-08T08:34:00.575+0000] {processor.py:830} INFO - Processing file /home/airflow/.local/lib/python3.8/site-packages/airflow/example_dags/example_dag_decorator.py for tasks to queue
[2024-04-08T08:34:00.576+0000] {logging_mixin.py:188} INFO - [2024-04-08T08:34:00.576+0000] {dagbag.py:540} INFO - Filling up the DagBag from /home/airflow/.local/lib/python3.8/site-packages/airflow/example_dags/example_dag_decorator.py
[2024-04-08T08:34:00.674+0000] {processor.py:840} INFO - DAG(s) 'example_dag_decorator' retrieved from /home/airflow/.local/lib/python3.8/site-packages/airflow/example_dags/example_dag_decorator.py
[2024-04-08T08:34:00.789+0000] {logging_mixin.py:188} INFO - [2024-04-08T08:34:00.789+0000] {dag.py:3047} INFO - Sync 1 DAGs
[2024-04-08T08:34:00.797+0000] {logging_mixin.py:188} INFO - [2024-04-08T08:34:00.797+0000] {dag.py:3834} INFO - Setting next_dagrun for example_dag_decorator to None, run_after=None
[2024-04-08T08:34:00.817+0000] {processor.py:183} INFO - Processing /home/airflow/.local/lib/python3.8/site-packages/airflow/example_dags/example_dag_decorator.py took 0.247 seconds
[2024-04-08T08:34:30.862+0000] {processor.py:161} INFO - Started process (PID=3948) to work on /home/airflow/.local/lib/python3.8/site-packages/airflow/example_dags/example_dag_decorator.py
[2024-04-08T08:34:30.863+0000] {processor.py:830} INFO - Processing file /home/airflow/.local/lib/python3.8/site-packages/airflow/example_dags/example_dag_decorator.py for tasks to queue
[2024-04-08T08:34:30.864+0000] {logging_mixin.py:188} INFO - [2024-04-08T08:34:30.864+0000] {dagbag.py:540} INFO - Filling up the DagBag from /home/airflow/.local/lib/python3.8/site-packages/airflow/example_dags/example_dag_decorator.py
[2024-04-08T08:34:30.942+0000] {processor.py:840} INFO - DAG(s) 'example_dag_decorator' retrieved from /home/airflow/.local/lib/python3.8/site-packages/airflow/example_dags/example_dag_decorator.py
[2024-04-08T08:34:31.032+0000] {logging_mixin.py:188} INFO - [2024-04-08T08:34:31.032+0000] {dag.py:3047} INFO - Sync 1 DAGs
[2024-04-08T08:34:31.042+0000] {logging_mixin.py:188} INFO - [2024-04-08T08:34:31.042+0000] {dag.py:3834} INFO - Setting next_dagrun for example_dag_decorator to None, run_after=None
[2024-04-08T08:34:31.062+0000] {processor.py:183} INFO - Processing /home/airflow/.local/lib/python3.8/site-packages/airflow/example_dags/example_dag_decorator.py took 0.202 seconds
[2024-04-08T08:35:01.202+0000] {processor.py:161} INFO - Started process (PID=4203) to work on /home/airflow/.local/lib/python3.8/site-packages/airflow/example_dags/example_dag_decorator.py
[2024-04-08T08:35:01.204+0000] {processor.py:830} INFO - Processing file /home/airflow/.local/lib/python3.8/site-packages/airflow/example_dags/example_dag_decorator.py for tasks to queue
[2024-04-08T08:35:01.205+0000] {logging_mixin.py:188} INFO - [2024-04-08T08:35:01.205+0000] {dagbag.py:540} INFO - Filling up the DagBag from /home/airflow/.local/lib/python3.8/site-packages/airflow/example_dags/example_dag_decorator.py
[2024-04-08T08:35:01.325+0000] {processor.py:840} INFO - DAG(s) 'example_dag_decorator' retrieved from /home/airflow/.local/lib/python3.8/site-packages/airflow/example_dags/example_dag_decorator.py
[2024-04-08T08:35:01.413+0000] {logging_mixin.py:188} INFO - [2024-04-08T08:35:01.413+0000] {dag.py:3047} INFO - Sync 1 DAGs
[2024-04-08T08:35:01.422+0000] {logging_mixin.py:188} INFO - [2024-04-08T08:35:01.421+0000] {dag.py:3834} INFO - Setting next_dagrun for example_dag_decorator to None, run_after=None
[2024-04-08T08:35:01.442+0000] {processor.py:183} INFO - Processing /home/airflow/.local/lib/python3.8/site-packages/airflow/example_dags/example_dag_decorator.py took 0.244 seconds
[2024-04-08T08:35:31.851+0000] {processor.py:161} INFO - Started process (PID=4457) to work on /home/airflow/.local/lib/python3.8/site-packages/airflow/example_dags/example_dag_decorator.py
[2024-04-08T08:35:31.852+0000] {processor.py:830} INFO - Processing file /home/airflow/.local/lib/python3.8/site-packages/airflow/example_dags/example_dag_decorator.py for tasks to queue
[2024-04-08T08:35:31.853+0000] {logging_mixin.py:188} INFO - [2024-04-08T08:35:31.852+0000] {dagbag.py:540} INFO - Filling up the DagBag from /home/airflow/.local/lib/python3.8/site-packages/airflow/example_dags/example_dag_decorator.py
[2024-04-08T08:35:31.969+0000] {processor.py:840} INFO - DAG(s) 'example_dag_decorator' retrieved from /home/airflow/.local/lib/python3.8/site-packages/airflow/example_dags/example_dag_decorator.py
[2024-04-08T08:35:32.060+0000] {logging_mixin.py:188} INFO - [2024-04-08T08:35:32.060+0000] {dag.py:3047} INFO - Sync 1 DAGs
[2024-04-08T08:35:32.068+0000] {logging_mixin.py:188} INFO - [2024-04-08T08:35:32.068+0000] {dag.py:3834} INFO - Setting next_dagrun for example_dag_decorator to None, run_after=None
[2024-04-08T08:35:32.088+0000] {processor.py:183} INFO - Processing /home/airflow/.local/lib/python3.8/site-packages/airflow/example_dags/example_dag_decorator.py took 0.240 seconds
[2024-04-08T08:36:02.156+0000] {processor.py:161} INFO - Started process (PID=4705) to work on /home/airflow/.local/lib/python3.8/site-packages/airflow/example_dags/example_dag_decorator.py
[2024-04-08T08:36:02.157+0000] {processor.py:830} INFO - Processing file /home/airflow/.local/lib/python3.8/site-packages/airflow/example_dags/example_dag_decorator.py for tasks to queue
[2024-04-08T08:36:02.158+0000] {logging_mixin.py:188} INFO - [2024-04-08T08:36:02.157+0000] {dagbag.py:540} INFO - Filling up the DagBag from /home/airflow/.local/lib/python3.8/site-packages/airflow/example_dags/example_dag_decorator.py
[2024-04-08T08:36:02.368+0000] {processor.py:840} INFO - DAG(s) 'example_dag_decorator' retrieved from /home/airflow/.local/lib/python3.8/site-packages/airflow/example_dags/example_dag_decorator.py
[2024-04-08T08:36:02.512+0000] {logging_mixin.py:188} INFO - [2024-04-08T08:36:02.512+0000] {dag.py:3047} INFO - Sync 1 DAGs
[2024-04-08T08:36:02.528+0000] {logging_mixin.py:188} INFO - [2024-04-08T08:36:02.528+0000] {dag.py:3834} INFO - Setting next_dagrun for example_dag_decorator to None, run_after=None
[2024-04-08T08:36:02.555+0000] {processor.py:183} INFO - Processing /home/airflow/.local/lib/python3.8/site-packages/airflow/example_dags/example_dag_decorator.py took 0.403 seconds
[2024-04-08T08:36:32.648+0000] {processor.py:161} INFO - Started process (PID=4973) to work on /home/airflow/.local/lib/python3.8/site-packages/airflow/example_dags/example_dag_decorator.py
[2024-04-08T08:36:32.649+0000] {processor.py:830} INFO - Processing file /home/airflow/.local/lib/python3.8/site-packages/airflow/example_dags/example_dag_decorator.py for tasks to queue
[2024-04-08T08:36:32.650+0000] {logging_mixin.py:188} INFO - [2024-04-08T08:36:32.649+0000] {dagbag.py:540} INFO - Filling up the DagBag from /home/airflow/.local/lib/python3.8/site-packages/airflow/example_dags/example_dag_decorator.py
[2024-04-08T08:36:32.839+0000] {processor.py:840} INFO - DAG(s) 'example_dag_decorator' retrieved from /home/airflow/.local/lib/python3.8/site-packages/airflow/example_dags/example_dag_decorator.py
[2024-04-08T08:36:32.979+0000] {logging_mixin.py:188} INFO - [2024-04-08T08:36:32.979+0000] {dag.py:3047} INFO - Sync 1 DAGs
[2024-04-08T08:36:32.993+0000] {logging_mixin.py:188} INFO - [2024-04-08T08:36:32.992+0000] {dag.py:3834} INFO - Setting next_dagrun for example_dag_decorator to None, run_after=None
[2024-04-08T08:36:33.017+0000] {processor.py:183} INFO - Processing /home/airflow/.local/lib/python3.8/site-packages/airflow/example_dags/example_dag_decorator.py took 0.372 seconds
[2024-04-08T08:37:03.089+0000] {processor.py:161} INFO - Started process (PID=5233) to work on /home/airflow/.local/lib/python3.8/site-packages/airflow/example_dags/example_dag_decorator.py
[2024-04-08T08:37:03.094+0000] {processor.py:830} INFO - Processing file /home/airflow/.local/lib/python3.8/site-packages/airflow/example_dags/example_dag_decorator.py for tasks to queue
[2024-04-08T08:37:03.095+0000] {logging_mixin.py:188} INFO - [2024-04-08T08:37:03.095+0000] {dagbag.py:540} INFO - Filling up the DagBag from /home/airflow/.local/lib/python3.8/site-packages/airflow/example_dags/example_dag_decorator.py
[2024-04-08T08:37:03.232+0000] {processor.py:840} INFO - DAG(s) 'example_dag_decorator' retrieved from /home/airflow/.local/lib/python3.8/site-packages/airflow/example_dags/example_dag_decorator.py
[2024-04-08T08:37:03.320+0000] {logging_mixin.py:188} INFO - [2024-04-08T08:37:03.320+0000] {dag.py:3047} INFO - Sync 1 DAGs
[2024-04-08T08:37:03.328+0000] {logging_mixin.py:188} INFO - [2024-04-08T08:37:03.328+0000] {dag.py:3834} INFO - Setting next_dagrun for example_dag_decorator to None, run_after=None
[2024-04-08T08:37:03.348+0000] {processor.py:183} INFO - Processing /home/airflow/.local/lib/python3.8/site-packages/airflow/example_dags/example_dag_decorator.py took 0.275 seconds
[2024-04-08T08:37:33.429+0000] {processor.py:161} INFO - Started process (PID=5474) to work on /home/airflow/.local/lib/python3.8/site-packages/airflow/example_dags/example_dag_decorator.py
[2024-04-08T08:37:33.430+0000] {processor.py:830} INFO - Processing file /home/airflow/.local/lib/python3.8/site-packages/airflow/example_dags/example_dag_decorator.py for tasks to queue
[2024-04-08T08:37:33.431+0000] {logging_mixin.py:188} INFO - [2024-04-08T08:37:33.431+0000] {dagbag.py:540} INFO - Filling up the DagBag from /home/airflow/.local/lib/python3.8/site-packages/airflow/example_dags/example_dag_decorator.py
[2024-04-08T08:37:33.599+0000] {processor.py:840} INFO - DAG(s) 'example_dag_decorator' retrieved from /home/airflow/.local/lib/python3.8/site-packages/airflow/example_dags/example_dag_decorator.py
[2024-04-08T08:37:33.731+0000] {logging_mixin.py:188} INFO - [2024-04-08T08:37:33.731+0000] {dag.py:3047} INFO - Sync 1 DAGs
[2024-04-08T08:37:33.741+0000] {logging_mixin.py:188} INFO - [2024-04-08T08:37:33.741+0000] {dag.py:3834} INFO - Setting next_dagrun for example_dag_decorator to None, run_after=None
[2024-04-08T08:37:33.765+0000] {processor.py:183} INFO - Processing /home/airflow/.local/lib/python3.8/site-packages/airflow/example_dags/example_dag_decorator.py took 0.338 seconds
[2024-04-08T08:38:04.088+0000] {processor.py:161} INFO - Started process (PID=5733) to work on /home/airflow/.local/lib/python3.8/site-packages/airflow/example_dags/example_dag_decorator.py
[2024-04-08T08:38:04.089+0000] {processor.py:830} INFO - Processing file /home/airflow/.local/lib/python3.8/site-packages/airflow/example_dags/example_dag_decorator.py for tasks to queue
[2024-04-08T08:38:04.090+0000] {logging_mixin.py:188} INFO - [2024-04-08T08:38:04.089+0000] {dagbag.py:540} INFO - Filling up the DagBag from /home/airflow/.local/lib/python3.8/site-packages/airflow/example_dags/example_dag_decorator.py
[2024-04-08T08:38:04.163+0000] {processor.py:840} INFO - DAG(s) 'example_dag_decorator' retrieved from /home/airflow/.local/lib/python3.8/site-packages/airflow/example_dags/example_dag_decorator.py
[2024-04-08T08:38:04.251+0000] {logging_mixin.py:188} INFO - [2024-04-08T08:38:04.250+0000] {dag.py:3047} INFO - Sync 1 DAGs
[2024-04-08T08:38:04.259+0000] {logging_mixin.py:188} INFO - [2024-04-08T08:38:04.259+0000] {dag.py:3834} INFO - Setting next_dagrun for example_dag_decorator to None, run_after=None
[2024-04-08T08:38:04.278+0000] {processor.py:183} INFO - Processing /home/airflow/.local/lib/python3.8/site-packages/airflow/example_dags/example_dag_decorator.py took 0.192 seconds
[2024-04-08T08:38:34.583+0000] {processor.py:161} INFO - Started process (PID=5984) to work on /home/airflow/.local/lib/python3.8/site-packages/airflow/example_dags/example_dag_decorator.py
[2024-04-08T08:38:34.584+0000] {processor.py:830} INFO - Processing file /home/airflow/.local/lib/python3.8/site-packages/airflow/example_dags/example_dag_decorator.py for tasks to queue
[2024-04-08T08:38:34.585+0000] {logging_mixin.py:188} INFO - [2024-04-08T08:38:34.585+0000] {dagbag.py:540} INFO - Filling up the DagBag from /home/airflow/.local/lib/python3.8/site-packages/airflow/example_dags/example_dag_decorator.py
[2024-04-08T08:38:34.701+0000] {processor.py:840} INFO - DAG(s) 'example_dag_decorator' retrieved from /home/airflow/.local/lib/python3.8/site-packages/airflow/example_dags/example_dag_decorator.py
[2024-04-08T08:38:34.831+0000] {logging_mixin.py:188} INFO - [2024-04-08T08:38:34.830+0000] {dag.py:3047} INFO - Sync 1 DAGs
[2024-04-08T08:38:34.845+0000] {logging_mixin.py:188} INFO - [2024-04-08T08:38:34.845+0000] {dag.py:3834} INFO - Setting next_dagrun for example_dag_decorator to None, run_after=None
[2024-04-08T08:38:34.871+0000] {processor.py:183} INFO - Processing /home/airflow/.local/lib/python3.8/site-packages/airflow/example_dags/example_dag_decorator.py took 0.291 seconds
[2024-04-08T08:39:05.063+0000] {processor.py:161} INFO - Started process (PID=6241) to work on /home/airflow/.local/lib/python3.8/site-packages/airflow/example_dags/example_dag_decorator.py
[2024-04-08T08:39:05.066+0000] {processor.py:830} INFO - Processing file /home/airflow/.local/lib/python3.8/site-packages/airflow/example_dags/example_dag_decorator.py for tasks to queue
[2024-04-08T08:39:05.067+0000] {logging_mixin.py:188} INFO - [2024-04-08T08:39:05.066+0000] {dagbag.py:540} INFO - Filling up the DagBag from /home/airflow/.local/lib/python3.8/site-packages/airflow/example_dags/example_dag_decorator.py
[2024-04-08T08:39:05.266+0000] {processor.py:840} INFO - DAG(s) 'example_dag_decorator' retrieved from /home/airflow/.local/lib/python3.8/site-packages/airflow/example_dags/example_dag_decorator.py
[2024-04-08T08:39:05.416+0000] {logging_mixin.py:188} INFO - [2024-04-08T08:39:05.416+0000] {dag.py:3047} INFO - Sync 1 DAGs
[2024-04-08T08:39:05.429+0000] {logging_mixin.py:188} INFO - [2024-04-08T08:39:05.428+0000] {dag.py:3834} INFO - Setting next_dagrun for example_dag_decorator to None, run_after=None
[2024-04-08T08:39:05.462+0000] {processor.py:183} INFO - Processing /home/airflow/.local/lib/python3.8/site-packages/airflow/example_dags/example_dag_decorator.py took 0.403 seconds
[2024-04-08T08:39:35.728+0000] {processor.py:161} INFO - Started process (PID=6497) to work on /home/airflow/.local/lib/python3.8/site-packages/airflow/example_dags/example_dag_decorator.py
[2024-04-08T08:39:35.730+0000] {processor.py:830} INFO - Processing file /home/airflow/.local/lib/python3.8/site-packages/airflow/example_dags/example_dag_decorator.py for tasks to queue
[2024-04-08T08:39:35.731+0000] {logging_mixin.py:188} INFO - [2024-04-08T08:39:35.731+0000] {dagbag.py:540} INFO - Filling up the DagBag from /home/airflow/.local/lib/python3.8/site-packages/airflow/example_dags/example_dag_decorator.py
[2024-04-08T08:39:35.893+0000] {processor.py:840} INFO - DAG(s) 'example_dag_decorator' retrieved from /home/airflow/.local/lib/python3.8/site-packages/airflow/example_dags/example_dag_decorator.py
[2024-04-08T08:39:35.922+0000] {logging_mixin.py:188} INFO - [2024-04-08T08:39:35.922+0000] {dag.py:3047} INFO - Sync 1 DAGs
[2024-04-08T08:39:35.935+0000] {logging_mixin.py:188} INFO - [2024-04-08T08:39:35.935+0000] {dag.py:3834} INFO - Setting next_dagrun for example_dag_decorator to None, run_after=None
[2024-04-08T08:39:35.975+0000] {processor.py:183} INFO - Processing /home/airflow/.local/lib/python3.8/site-packages/airflow/example_dags/example_dag_decorator.py took 0.252 seconds
[2024-04-08T08:40:06.064+0000] {processor.py:161} INFO - Started process (PID=6759) to work on /home/airflow/.local/lib/python3.8/site-packages/airflow/example_dags/example_dag_decorator.py
[2024-04-08T08:40:06.065+0000] {processor.py:830} INFO - Processing file /home/airflow/.local/lib/python3.8/site-packages/airflow/example_dags/example_dag_decorator.py for tasks to queue
[2024-04-08T08:40:06.066+0000] {logging_mixin.py:188} INFO - [2024-04-08T08:40:06.065+0000] {dagbag.py:540} INFO - Filling up the DagBag from /home/airflow/.local/lib/python3.8/site-packages/airflow/example_dags/example_dag_decorator.py
[2024-04-08T08:40:06.151+0000] {processor.py:840} INFO - DAG(s) 'example_dag_decorator' retrieved from /home/airflow/.local/lib/python3.8/site-packages/airflow/example_dags/example_dag_decorator.py
[2024-04-08T08:40:06.238+0000] {logging_mixin.py:188} INFO - [2024-04-08T08:40:06.238+0000] {dag.py:3047} INFO - Sync 1 DAGs
[2024-04-08T08:40:06.246+0000] {logging_mixin.py:188} INFO - [2024-04-08T08:40:06.246+0000] {dag.py:3834} INFO - Setting next_dagrun for example_dag_decorator to None, run_after=None
[2024-04-08T08:40:06.266+0000] {processor.py:183} INFO - Processing /home/airflow/.local/lib/python3.8/site-packages/airflow/example_dags/example_dag_decorator.py took 0.205 seconds
[2024-04-08T08:40:36.415+0000] {processor.py:161} INFO - Started process (PID=7011) to work on /home/airflow/.local/lib/python3.8/site-packages/airflow/example_dags/example_dag_decorator.py
[2024-04-08T08:40:36.416+0000] {processor.py:830} INFO - Processing file /home/airflow/.local/lib/python3.8/site-packages/airflow/example_dags/example_dag_decorator.py for tasks to queue
[2024-04-08T08:40:36.417+0000] {logging_mixin.py:188} INFO - [2024-04-08T08:40:36.417+0000] {dagbag.py:540} INFO - Filling up the DagBag from /home/airflow/.local/lib/python3.8/site-packages/airflow/example_dags/example_dag_decorator.py
[2024-04-08T08:40:36.536+0000] {processor.py:840} INFO - DAG(s) 'example_dag_decorator' retrieved from /home/airflow/.local/lib/python3.8/site-packages/airflow/example_dags/example_dag_decorator.py
[2024-04-08T08:40:36.672+0000] {logging_mixin.py:188} INFO - [2024-04-08T08:40:36.671+0000] {dag.py:3047} INFO - Sync 1 DAGs
[2024-04-08T08:40:36.684+0000] {logging_mixin.py:188} INFO - [2024-04-08T08:40:36.684+0000] {dag.py:3834} INFO - Setting next_dagrun for example_dag_decorator to None, run_after=None
[2024-04-08T08:40:36.709+0000] {processor.py:183} INFO - Processing /home/airflow/.local/lib/python3.8/site-packages/airflow/example_dags/example_dag_decorator.py took 0.298 seconds
[2024-04-08T08:41:07.084+0000] {processor.py:161} INFO - Started process (PID=7275) to work on /home/airflow/.local/lib/python3.8/site-packages/airflow/example_dags/example_dag_decorator.py
[2024-04-08T08:41:07.085+0000] {processor.py:830} INFO - Processing file /home/airflow/.local/lib/python3.8/site-packages/airflow/example_dags/example_dag_decorator.py for tasks to queue
[2024-04-08T08:41:07.086+0000] {logging_mixin.py:188} INFO - [2024-04-08T08:41:07.086+0000] {dagbag.py:540} INFO - Filling up the DagBag from /home/airflow/.local/lib/python3.8/site-packages/airflow/example_dags/example_dag_decorator.py
[2024-04-08T08:41:07.239+0000] {processor.py:840} INFO - DAG(s) 'example_dag_decorator' retrieved from /home/airflow/.local/lib/python3.8/site-packages/airflow/example_dags/example_dag_decorator.py
[2024-04-08T08:41:07.507+0000] {logging_mixin.py:188} INFO - [2024-04-08T08:41:07.506+0000] {dag.py:3047} INFO - Sync 1 DAGs
[2024-04-08T08:41:07.521+0000] {logging_mixin.py:188} INFO - [2024-04-08T08:41:07.521+0000] {dag.py:3834} INFO - Setting next_dagrun for example_dag_decorator to None, run_after=None
[2024-04-08T08:41:07.560+0000] {processor.py:183} INFO - Processing /home/airflow/.local/lib/python3.8/site-packages/airflow/example_dags/example_dag_decorator.py took 0.479 seconds
[2024-04-08T08:41:37.737+0000] {processor.py:161} INFO - Started process (PID=7540) to work on /home/airflow/.local/lib/python3.8/site-packages/airflow/example_dags/example_dag_decorator.py
[2024-04-08T08:41:37.738+0000] {processor.py:830} INFO - Processing file /home/airflow/.local/lib/python3.8/site-packages/airflow/example_dags/example_dag_decorator.py for tasks to queue
[2024-04-08T08:41:37.739+0000] {logging_mixin.py:188} INFO - [2024-04-08T08:41:37.739+0000] {dagbag.py:540} INFO - Filling up the DagBag from /home/airflow/.local/lib/python3.8/site-packages/airflow/example_dags/example_dag_decorator.py
[2024-04-08T08:41:37.859+0000] {processor.py:840} INFO - DAG(s) 'example_dag_decorator' retrieved from /home/airflow/.local/lib/python3.8/site-packages/airflow/example_dags/example_dag_decorator.py
[2024-04-08T08:41:37.886+0000] {logging_mixin.py:188} INFO - [2024-04-08T08:41:37.886+0000] {dag.py:3047} INFO - Sync 1 DAGs
[2024-04-08T08:41:37.896+0000] {logging_mixin.py:188} INFO - [2024-04-08T08:41:37.896+0000] {dag.py:3834} INFO - Setting next_dagrun for example_dag_decorator to None, run_after=None
[2024-04-08T08:41:37.915+0000] {processor.py:183} INFO - Processing /home/airflow/.local/lib/python3.8/site-packages/airflow/example_dags/example_dag_decorator.py took 0.182 seconds
[2024-04-08T08:42:08.217+0000] {processor.py:161} INFO - Started process (PID=7802) to work on /home/airflow/.local/lib/python3.8/site-packages/airflow/example_dags/example_dag_decorator.py
[2024-04-08T08:42:08.218+0000] {processor.py:830} INFO - Processing file /home/airflow/.local/lib/python3.8/site-packages/airflow/example_dags/example_dag_decorator.py for tasks to queue
[2024-04-08T08:42:08.224+0000] {logging_mixin.py:188} INFO - [2024-04-08T08:42:08.224+0000] {dagbag.py:540} INFO - Filling up the DagBag from /home/airflow/.local/lib/python3.8/site-packages/airflow/example_dags/example_dag_decorator.py
[2024-04-08T08:42:08.353+0000] {processor.py:840} INFO - DAG(s) 'example_dag_decorator' retrieved from /home/airflow/.local/lib/python3.8/site-packages/airflow/example_dags/example_dag_decorator.py
[2024-04-08T08:42:08.440+0000] {logging_mixin.py:188} INFO - [2024-04-08T08:42:08.440+0000] {dag.py:3047} INFO - Sync 1 DAGs
[2024-04-08T08:42:08.449+0000] {logging_mixin.py:188} INFO - [2024-04-08T08:42:08.449+0000] {dag.py:3834} INFO - Setting next_dagrun for example_dag_decorator to None, run_after=None
[2024-04-08T08:42:08.473+0000] {processor.py:183} INFO - Processing /home/airflow/.local/lib/python3.8/site-packages/airflow/example_dags/example_dag_decorator.py took 0.269 seconds
[2024-04-08T08:42:38.532+0000] {processor.py:161} INFO - Started process (PID=8059) to work on /home/airflow/.local/lib/python3.8/site-packages/airflow/example_dags/example_dag_decorator.py
[2024-04-08T08:42:38.533+0000] {processor.py:830} INFO - Processing file /home/airflow/.local/lib/python3.8/site-packages/airflow/example_dags/example_dag_decorator.py for tasks to queue
[2024-04-08T08:42:38.534+0000] {logging_mixin.py:188} INFO - [2024-04-08T08:42:38.534+0000] {dagbag.py:540} INFO - Filling up the DagBag from /home/airflow/.local/lib/python3.8/site-packages/airflow/example_dags/example_dag_decorator.py
[2024-04-08T08:42:38.652+0000] {processor.py:840} INFO - DAG(s) 'example_dag_decorator' retrieved from /home/airflow/.local/lib/python3.8/site-packages/airflow/example_dags/example_dag_decorator.py
[2024-04-08T08:42:38.672+0000] {logging_mixin.py:188} INFO - [2024-04-08T08:42:38.672+0000] {dag.py:3047} INFO - Sync 1 DAGs
[2024-04-08T08:42:38.683+0000] {logging_mixin.py:188} INFO - [2024-04-08T08:42:38.683+0000] {dag.py:3834} INFO - Setting next_dagrun for example_dag_decorator to None, run_after=None
[2024-04-08T08:42:38.703+0000] {processor.py:183} INFO - Processing /home/airflow/.local/lib/python3.8/site-packages/airflow/example_dags/example_dag_decorator.py took 0.175 seconds
[2024-04-08T08:43:08.857+0000] {processor.py:161} INFO - Started process (PID=8313) to work on /home/airflow/.local/lib/python3.8/site-packages/airflow/example_dags/example_dag_decorator.py
[2024-04-08T08:43:08.858+0000] {processor.py:830} INFO - Processing file /home/airflow/.local/lib/python3.8/site-packages/airflow/example_dags/example_dag_decorator.py for tasks to queue
[2024-04-08T08:43:08.859+0000] {logging_mixin.py:188} INFO - [2024-04-08T08:43:08.858+0000] {dagbag.py:540} INFO - Filling up the DagBag from /home/airflow/.local/lib/python3.8/site-packages/airflow/example_dags/example_dag_decorator.py
[2024-04-08T08:43:08.950+0000] {processor.py:840} INFO - DAG(s) 'example_dag_decorator' retrieved from /home/airflow/.local/lib/python3.8/site-packages/airflow/example_dags/example_dag_decorator.py
[2024-04-08T08:43:09.095+0000] {logging_mixin.py:188} INFO - [2024-04-08T08:43:09.095+0000] {dag.py:3047} INFO - Sync 1 DAGs
[2024-04-08T08:43:09.103+0000] {logging_mixin.py:188} INFO - [2024-04-08T08:43:09.103+0000] {dag.py:3834} INFO - Setting next_dagrun for example_dag_decorator to None, run_after=None
[2024-04-08T08:43:09.123+0000] {processor.py:183} INFO - Processing /home/airflow/.local/lib/python3.8/site-packages/airflow/example_dags/example_dag_decorator.py took 0.269 seconds
[2024-04-08T08:43:39.370+0000] {processor.py:161} INFO - Started process (PID=8574) to work on /home/airflow/.local/lib/python3.8/site-packages/airflow/example_dags/example_dag_decorator.py
[2024-04-08T08:43:39.371+0000] {processor.py:830} INFO - Processing file /home/airflow/.local/lib/python3.8/site-packages/airflow/example_dags/example_dag_decorator.py for tasks to queue
[2024-04-08T08:43:39.372+0000] {logging_mixin.py:188} INFO - [2024-04-08T08:43:39.372+0000] {dagbag.py:540} INFO - Filling up the DagBag from /home/airflow/.local/lib/python3.8/site-packages/airflow/example_dags/example_dag_decorator.py
[2024-04-08T08:43:39.491+0000] {processor.py:840} INFO - DAG(s) 'example_dag_decorator' retrieved from /home/airflow/.local/lib/python3.8/site-packages/airflow/example_dags/example_dag_decorator.py
[2024-04-08T08:43:39.520+0000] {logging_mixin.py:188} INFO - [2024-04-08T08:43:39.520+0000] {dag.py:3047} INFO - Sync 1 DAGs
[2024-04-08T08:43:39.536+0000] {logging_mixin.py:188} INFO - [2024-04-08T08:43:39.536+0000] {dag.py:3834} INFO - Setting next_dagrun for example_dag_decorator to None, run_after=None
[2024-04-08T08:43:39.560+0000] {processor.py:183} INFO - Processing /home/airflow/.local/lib/python3.8/site-packages/airflow/example_dags/example_dag_decorator.py took 0.195 seconds
[2024-04-08T08:44:10.194+0000] {processor.py:161} INFO - Started process (PID=8832) to work on /home/airflow/.local/lib/python3.8/site-packages/airflow/example_dags/example_dag_decorator.py
[2024-04-08T08:44:10.195+0000] {processor.py:830} INFO - Processing file /home/airflow/.local/lib/python3.8/site-packages/airflow/example_dags/example_dag_decorator.py for tasks to queue
[2024-04-08T08:44:10.196+0000] {logging_mixin.py:188} INFO - [2024-04-08T08:44:10.196+0000] {dagbag.py:540} INFO - Filling up the DagBag from /home/airflow/.local/lib/python3.8/site-packages/airflow/example_dags/example_dag_decorator.py
[2024-04-08T08:44:10.314+0000] {processor.py:840} INFO - DAG(s) 'example_dag_decorator' retrieved from /home/airflow/.local/lib/python3.8/site-packages/airflow/example_dags/example_dag_decorator.py
[2024-04-08T08:44:10.421+0000] {logging_mixin.py:188} INFO - [2024-04-08T08:44:10.421+0000] {dag.py:3047} INFO - Sync 1 DAGs
[2024-04-08T08:44:10.431+0000] {logging_mixin.py:188} INFO - [2024-04-08T08:44:10.430+0000] {dag.py:3834} INFO - Setting next_dagrun for example_dag_decorator to None, run_after=None
[2024-04-08T08:44:10.450+0000] {processor.py:183} INFO - Processing /home/airflow/.local/lib/python3.8/site-packages/airflow/example_dags/example_dag_decorator.py took 0.260 seconds
[2024-04-08T08:44:40.594+0000] {processor.py:161} INFO - Started process (PID=9096) to work on /home/airflow/.local/lib/python3.8/site-packages/airflow/example_dags/example_dag_decorator.py
[2024-04-08T08:44:40.595+0000] {processor.py:830} INFO - Processing file /home/airflow/.local/lib/python3.8/site-packages/airflow/example_dags/example_dag_decorator.py for tasks to queue
[2024-04-08T08:44:40.596+0000] {logging_mixin.py:188} INFO - [2024-04-08T08:44:40.596+0000] {dagbag.py:540} INFO - Filling up the DagBag from /home/airflow/.local/lib/python3.8/site-packages/airflow/example_dags/example_dag_decorator.py
[2024-04-08T08:44:40.703+0000] {processor.py:840} INFO - DAG(s) 'example_dag_decorator' retrieved from /home/airflow/.local/lib/python3.8/site-packages/airflow/example_dags/example_dag_decorator.py
[2024-04-08T08:44:40.795+0000] {logging_mixin.py:188} INFO - [2024-04-08T08:44:40.794+0000] {dag.py:3047} INFO - Sync 1 DAGs
[2024-04-08T08:44:40.803+0000] {logging_mixin.py:188} INFO - [2024-04-08T08:44:40.803+0000] {dag.py:3834} INFO - Setting next_dagrun for example_dag_decorator to None, run_after=None
[2024-04-08T08:44:40.823+0000] {processor.py:183} INFO - Processing /home/airflow/.local/lib/python3.8/site-packages/airflow/example_dags/example_dag_decorator.py took 0.233 seconds
[2024-04-08T08:45:11.060+0000] {processor.py:161} INFO - Started process (PID=9356) to work on /home/airflow/.local/lib/python3.8/site-packages/airflow/example_dags/example_dag_decorator.py
[2024-04-08T08:45:11.061+0000] {processor.py:830} INFO - Processing file /home/airflow/.local/lib/python3.8/site-packages/airflow/example_dags/example_dag_decorator.py for tasks to queue
[2024-04-08T08:45:11.062+0000] {logging_mixin.py:188} INFO - [2024-04-08T08:45:11.061+0000] {dagbag.py:540} INFO - Filling up the DagBag from /home/airflow/.local/lib/python3.8/site-packages/airflow/example_dags/example_dag_decorator.py
[2024-04-08T08:45:11.140+0000] {processor.py:840} INFO - DAG(s) 'example_dag_decorator' retrieved from /home/airflow/.local/lib/python3.8/site-packages/airflow/example_dags/example_dag_decorator.py
[2024-04-08T08:45:11.228+0000] {logging_mixin.py:188} INFO - [2024-04-08T08:45:11.228+0000] {dag.py:3047} INFO - Sync 1 DAGs
[2024-04-08T08:45:11.236+0000] {logging_mixin.py:188} INFO - [2024-04-08T08:45:11.236+0000] {dag.py:3834} INFO - Setting next_dagrun for example_dag_decorator to None, run_after=None
[2024-04-08T08:45:11.259+0000] {processor.py:183} INFO - Processing /home/airflow/.local/lib/python3.8/site-packages/airflow/example_dags/example_dag_decorator.py took 0.203 seconds
[2024-04-08T08:45:41.383+0000] {processor.py:161} INFO - Started process (PID=9613) to work on /home/airflow/.local/lib/python3.8/site-packages/airflow/example_dags/example_dag_decorator.py
[2024-04-08T08:45:41.384+0000] {processor.py:830} INFO - Processing file /home/airflow/.local/lib/python3.8/site-packages/airflow/example_dags/example_dag_decorator.py for tasks to queue
[2024-04-08T08:45:41.385+0000] {logging_mixin.py:188} INFO - [2024-04-08T08:45:41.385+0000] {dagbag.py:540} INFO - Filling up the DagBag from /home/airflow/.local/lib/python3.8/site-packages/airflow/example_dags/example_dag_decorator.py
[2024-04-08T08:45:41.459+0000] {processor.py:840} INFO - DAG(s) 'example_dag_decorator' retrieved from /home/airflow/.local/lib/python3.8/site-packages/airflow/example_dags/example_dag_decorator.py
[2024-04-08T08:45:41.559+0000] {logging_mixin.py:188} INFO - [2024-04-08T08:45:41.559+0000] {dag.py:3047} INFO - Sync 1 DAGs
[2024-04-08T08:45:41.571+0000] {logging_mixin.py:188} INFO - [2024-04-08T08:45:41.571+0000] {dag.py:3834} INFO - Setting next_dagrun for example_dag_decorator to None, run_after=None
[2024-04-08T08:45:41.603+0000] {processor.py:183} INFO - Processing /home/airflow/.local/lib/python3.8/site-packages/airflow/example_dags/example_dag_decorator.py took 0.223 seconds
[2024-04-08T08:46:11.713+0000] {processor.py:161} INFO - Started process (PID=9870) to work on /home/airflow/.local/lib/python3.8/site-packages/airflow/example_dags/example_dag_decorator.py
[2024-04-08T08:46:11.714+0000] {processor.py:830} INFO - Processing file /home/airflow/.local/lib/python3.8/site-packages/airflow/example_dags/example_dag_decorator.py for tasks to queue
[2024-04-08T08:46:11.715+0000] {logging_mixin.py:188} INFO - [2024-04-08T08:46:11.714+0000] {dagbag.py:540} INFO - Filling up the DagBag from /home/airflow/.local/lib/python3.8/site-packages/airflow/example_dags/example_dag_decorator.py
[2024-04-08T08:46:11.790+0000] {processor.py:840} INFO - DAG(s) 'example_dag_decorator' retrieved from /home/airflow/.local/lib/python3.8/site-packages/airflow/example_dags/example_dag_decorator.py
[2024-04-08T08:46:11.887+0000] {logging_mixin.py:188} INFO - [2024-04-08T08:46:11.886+0000] {dag.py:3047} INFO - Sync 1 DAGs
[2024-04-08T08:46:11.896+0000] {logging_mixin.py:188} INFO - [2024-04-08T08:46:11.895+0000] {dag.py:3834} INFO - Setting next_dagrun for example_dag_decorator to None, run_after=None
[2024-04-08T08:46:11.915+0000] {processor.py:183} INFO - Processing /home/airflow/.local/lib/python3.8/site-packages/airflow/example_dags/example_dag_decorator.py took 0.205 seconds
[2024-04-08T08:46:42.193+0000] {processor.py:161} INFO - Started process (PID=10122) to work on /home/airflow/.local/lib/python3.8/site-packages/airflow/example_dags/example_dag_decorator.py
[2024-04-08T08:46:42.194+0000] {processor.py:830} INFO - Processing file /home/airflow/.local/lib/python3.8/site-packages/airflow/example_dags/example_dag_decorator.py for tasks to queue
[2024-04-08T08:46:42.195+0000] {logging_mixin.py:188} INFO - [2024-04-08T08:46:42.194+0000] {dagbag.py:540} INFO - Filling up the DagBag from /home/airflow/.local/lib/python3.8/site-packages/airflow/example_dags/example_dag_decorator.py
[2024-04-08T08:46:42.330+0000] {processor.py:840} INFO - DAG(s) 'example_dag_decorator' retrieved from /home/airflow/.local/lib/python3.8/site-packages/airflow/example_dags/example_dag_decorator.py
[2024-04-08T08:46:42.415+0000] {logging_mixin.py:188} INFO - [2024-04-08T08:46:42.414+0000] {dag.py:3047} INFO - Sync 1 DAGs
[2024-04-08T08:46:42.423+0000] {logging_mixin.py:188} INFO - [2024-04-08T08:46:42.423+0000] {dag.py:3834} INFO - Setting next_dagrun for example_dag_decorator to None, run_after=None
[2024-04-08T08:46:42.441+0000] {processor.py:183} INFO - Processing /home/airflow/.local/lib/python3.8/site-packages/airflow/example_dags/example_dag_decorator.py took 0.252 seconds
[2024-04-08T08:47:12.738+0000] {processor.py:161} INFO - Started process (PID=10379) to work on /home/airflow/.local/lib/python3.8/site-packages/airflow/example_dags/example_dag_decorator.py
[2024-04-08T08:47:12.739+0000] {processor.py:830} INFO - Processing file /home/airflow/.local/lib/python3.8/site-packages/airflow/example_dags/example_dag_decorator.py for tasks to queue
[2024-04-08T08:47:12.740+0000] {logging_mixin.py:188} INFO - [2024-04-08T08:47:12.740+0000] {dagbag.py:540} INFO - Filling up the DagBag from /home/airflow/.local/lib/python3.8/site-packages/airflow/example_dags/example_dag_decorator.py
[2024-04-08T08:47:12.816+0000] {processor.py:840} INFO - DAG(s) 'example_dag_decorator' retrieved from /home/airflow/.local/lib/python3.8/site-packages/airflow/example_dags/example_dag_decorator.py
[2024-04-08T08:47:12.904+0000] {logging_mixin.py:188} INFO - [2024-04-08T08:47:12.904+0000] {dag.py:3047} INFO - Sync 1 DAGs
[2024-04-08T08:47:12.912+0000] {logging_mixin.py:188} INFO - [2024-04-08T08:47:12.912+0000] {dag.py:3834} INFO - Setting next_dagrun for example_dag_decorator to None, run_after=None
[2024-04-08T08:47:12.932+0000] {processor.py:183} INFO - Processing /home/airflow/.local/lib/python3.8/site-packages/airflow/example_dags/example_dag_decorator.py took 0.196 seconds
[2024-04-08T08:47:43.029+0000] {processor.py:161} INFO - Started process (PID=10634) to work on /home/airflow/.local/lib/python3.8/site-packages/airflow/example_dags/example_dag_decorator.py
[2024-04-08T08:47:43.030+0000] {processor.py:830} INFO - Processing file /home/airflow/.local/lib/python3.8/site-packages/airflow/example_dags/example_dag_decorator.py for tasks to queue
[2024-04-08T08:47:43.031+0000] {logging_mixin.py:188} INFO - [2024-04-08T08:47:43.031+0000] {dagbag.py:540} INFO - Filling up the DagBag from /home/airflow/.local/lib/python3.8/site-packages/airflow/example_dags/example_dag_decorator.py
[2024-04-08T08:47:43.144+0000] {processor.py:840} INFO - DAG(s) 'example_dag_decorator' retrieved from /home/airflow/.local/lib/python3.8/site-packages/airflow/example_dags/example_dag_decorator.py
[2024-04-08T08:47:43.176+0000] {logging_mixin.py:188} INFO - [2024-04-08T08:47:43.175+0000] {dag.py:3047} INFO - Sync 1 DAGs
[2024-04-08T08:47:43.188+0000] {logging_mixin.py:188} INFO - [2024-04-08T08:47:43.187+0000] {dag.py:3834} INFO - Setting next_dagrun for example_dag_decorator to None, run_after=None
[2024-04-08T08:47:43.211+0000] {processor.py:183} INFO - Processing /home/airflow/.local/lib/python3.8/site-packages/airflow/example_dags/example_dag_decorator.py took 0.185 seconds
[2024-04-08T08:48:13.738+0000] {processor.py:161} INFO - Started process (PID=10876) to work on /home/airflow/.local/lib/python3.8/site-packages/airflow/example_dags/example_dag_decorator.py
[2024-04-08T08:48:13.740+0000] {processor.py:830} INFO - Processing file /home/airflow/.local/lib/python3.8/site-packages/airflow/example_dags/example_dag_decorator.py for tasks to queue
[2024-04-08T08:48:13.740+0000] {logging_mixin.py:188} INFO - [2024-04-08T08:48:13.740+0000] {dagbag.py:540} INFO - Filling up the DagBag from /home/airflow/.local/lib/python3.8/site-packages/airflow/example_dags/example_dag_decorator.py
[2024-04-08T08:48:13.857+0000] {processor.py:840} INFO - DAG(s) 'example_dag_decorator' retrieved from /home/airflow/.local/lib/python3.8/site-packages/airflow/example_dags/example_dag_decorator.py
[2024-04-08T08:48:13.988+0000] {logging_mixin.py:188} INFO - [2024-04-08T08:48:13.988+0000] {dag.py:3047} INFO - Sync 1 DAGs
[2024-04-08T08:48:14.001+0000] {logging_mixin.py:188} INFO - [2024-04-08T08:48:14.000+0000] {dag.py:3834} INFO - Setting next_dagrun for example_dag_decorator to None, run_after=None
[2024-04-08T08:48:14.026+0000] {processor.py:183} INFO - Processing /home/airflow/.local/lib/python3.8/site-packages/airflow/example_dags/example_dag_decorator.py took 0.292 seconds
[2024-04-08T08:48:44.169+0000] {processor.py:161} INFO - Started process (PID=11133) to work on /home/airflow/.local/lib/python3.8/site-packages/airflow/example_dags/example_dag_decorator.py
[2024-04-08T08:48:44.170+0000] {processor.py:830} INFO - Processing file /home/airflow/.local/lib/python3.8/site-packages/airflow/example_dags/example_dag_decorator.py for tasks to queue
[2024-04-08T08:48:44.171+0000] {logging_mixin.py:188} INFO - [2024-04-08T08:48:44.170+0000] {dagbag.py:540} INFO - Filling up the DagBag from /home/airflow/.local/lib/python3.8/site-packages/airflow/example_dags/example_dag_decorator.py
[2024-04-08T08:48:44.287+0000] {processor.py:840} INFO - DAG(s) 'example_dag_decorator' retrieved from /home/airflow/.local/lib/python3.8/site-packages/airflow/example_dags/example_dag_decorator.py
[2024-04-08T08:48:44.314+0000] {logging_mixin.py:188} INFO - [2024-04-08T08:48:44.313+0000] {dag.py:3047} INFO - Sync 1 DAGs
[2024-04-08T08:48:44.331+0000] {logging_mixin.py:188} INFO - [2024-04-08T08:48:44.330+0000] {dag.py:3834} INFO - Setting next_dagrun for example_dag_decorator to None, run_after=None
[2024-04-08T08:48:44.358+0000] {processor.py:183} INFO - Processing /home/airflow/.local/lib/python3.8/site-packages/airflow/example_dags/example_dag_decorator.py took 0.193 seconds
[2024-04-08T08:49:14.503+0000] {processor.py:161} INFO - Started process (PID=11392) to work on /home/airflow/.local/lib/python3.8/site-packages/airflow/example_dags/example_dag_decorator.py
[2024-04-08T08:49:14.504+0000] {processor.py:830} INFO - Processing file /home/airflow/.local/lib/python3.8/site-packages/airflow/example_dags/example_dag_decorator.py for tasks to queue
[2024-04-08T08:49:14.505+0000] {logging_mixin.py:188} INFO - [2024-04-08T08:49:14.505+0000] {dagbag.py:540} INFO - Filling up the DagBag from /home/airflow/.local/lib/python3.8/site-packages/airflow/example_dags/example_dag_decorator.py
[2024-04-08T08:49:14.620+0000] {processor.py:840} INFO - DAG(s) 'example_dag_decorator' retrieved from /home/airflow/.local/lib/python3.8/site-packages/airflow/example_dags/example_dag_decorator.py
[2024-04-08T08:49:14.811+0000] {logging_mixin.py:188} INFO - [2024-04-08T08:49:14.811+0000] {dag.py:3047} INFO - Sync 1 DAGs
[2024-04-08T08:49:14.823+0000] {logging_mixin.py:188} INFO - [2024-04-08T08:49:14.822+0000] {dag.py:3834} INFO - Setting next_dagrun for example_dag_decorator to None, run_after=None
[2024-04-08T08:49:14.848+0000] {processor.py:183} INFO - Processing /home/airflow/.local/lib/python3.8/site-packages/airflow/example_dags/example_dag_decorator.py took 0.348 seconds
[2024-04-08T08:49:44.959+0000] {processor.py:161} INFO - Started process (PID=11648) to work on /home/airflow/.local/lib/python3.8/site-packages/airflow/example_dags/example_dag_decorator.py
[2024-04-08T08:49:44.960+0000] {processor.py:830} INFO - Processing file /home/airflow/.local/lib/python3.8/site-packages/airflow/example_dags/example_dag_decorator.py for tasks to queue
[2024-04-08T08:49:44.961+0000] {logging_mixin.py:188} INFO - [2024-04-08T08:49:44.960+0000] {dagbag.py:540} INFO - Filling up the DagBag from /home/airflow/.local/lib/python3.8/site-packages/airflow/example_dags/example_dag_decorator.py
[2024-04-08T08:49:45.111+0000] {processor.py:840} INFO - DAG(s) 'example_dag_decorator' retrieved from /home/airflow/.local/lib/python3.8/site-packages/airflow/example_dags/example_dag_decorator.py
[2024-04-08T08:49:45.239+0000] {logging_mixin.py:188} INFO - [2024-04-08T08:49:45.239+0000] {dag.py:3047} INFO - Sync 1 DAGs
[2024-04-08T08:49:45.252+0000] {logging_mixin.py:188} INFO - [2024-04-08T08:49:45.252+0000] {dag.py:3834} INFO - Setting next_dagrun for example_dag_decorator to None, run_after=None
[2024-04-08T08:49:45.278+0000] {processor.py:183} INFO - Processing /home/airflow/.local/lib/python3.8/site-packages/airflow/example_dags/example_dag_decorator.py took 0.322 seconds
[2024-04-08T08:50:15.578+0000] {processor.py:161} INFO - Started process (PID=11904) to work on /home/airflow/.local/lib/python3.8/site-packages/airflow/example_dags/example_dag_decorator.py
[2024-04-08T08:50:15.580+0000] {processor.py:830} INFO - Processing file /home/airflow/.local/lib/python3.8/site-packages/airflow/example_dags/example_dag_decorator.py for tasks to queue
[2024-04-08T08:50:15.581+0000] {logging_mixin.py:188} INFO - [2024-04-08T08:50:15.581+0000] {dagbag.py:540} INFO - Filling up the DagBag from /home/airflow/.local/lib/python3.8/site-packages/airflow/example_dags/example_dag_decorator.py
[2024-04-08T08:50:15.697+0000] {processor.py:840} INFO - DAG(s) 'example_dag_decorator' retrieved from /home/airflow/.local/lib/python3.8/site-packages/airflow/example_dags/example_dag_decorator.py
[2024-04-08T08:50:15.726+0000] {logging_mixin.py:188} INFO - [2024-04-08T08:50:15.726+0000] {dag.py:3047} INFO - Sync 1 DAGs
[2024-04-08T08:50:15.764+0000] {logging_mixin.py:188} INFO - [2024-04-08T08:50:15.763+0000] {dag.py:3834} INFO - Setting next_dagrun for example_dag_decorator to None, run_after=None
[2024-04-08T08:50:15.789+0000] {processor.py:183} INFO - Processing /home/airflow/.local/lib/python3.8/site-packages/airflow/example_dags/example_dag_decorator.py took 0.215 seconds
[2024-04-08T08:50:45.886+0000] {processor.py:161} INFO - Started process (PID=12162) to work on /home/airflow/.local/lib/python3.8/site-packages/airflow/example_dags/example_dag_decorator.py
[2024-04-08T08:50:45.887+0000] {processor.py:830} INFO - Processing file /home/airflow/.local/lib/python3.8/site-packages/airflow/example_dags/example_dag_decorator.py for tasks to queue
[2024-04-08T08:50:45.888+0000] {logging_mixin.py:188} INFO - [2024-04-08T08:50:45.888+0000] {dagbag.py:540} INFO - Filling up the DagBag from /home/airflow/.local/lib/python3.8/site-packages/airflow/example_dags/example_dag_decorator.py
[2024-04-08T08:50:46.060+0000] {processor.py:840} INFO - DAG(s) 'example_dag_decorator' retrieved from /home/airflow/.local/lib/python3.8/site-packages/airflow/example_dags/example_dag_decorator.py
[2024-04-08T08:50:46.090+0000] {logging_mixin.py:188} INFO - [2024-04-08T08:50:46.090+0000] {dag.py:3047} INFO - Sync 1 DAGs
[2024-04-08T08:50:46.105+0000] {logging_mixin.py:188} INFO - [2024-04-08T08:50:46.105+0000] {dag.py:3834} INFO - Setting next_dagrun for example_dag_decorator to None, run_after=None
[2024-04-08T08:50:46.131+0000] {processor.py:183} INFO - Processing /home/airflow/.local/lib/python3.8/site-packages/airflow/example_dags/example_dag_decorator.py took 0.249 seconds
[2024-04-08T08:51:16.306+0000] {processor.py:161} INFO - Started process (PID=12420) to work on /home/airflow/.local/lib/python3.8/site-packages/airflow/example_dags/example_dag_decorator.py
[2024-04-08T08:51:16.308+0000] {processor.py:830} INFO - Processing file /home/airflow/.local/lib/python3.8/site-packages/airflow/example_dags/example_dag_decorator.py for tasks to queue
[2024-04-08T08:51:16.309+0000] {logging_mixin.py:188} INFO - [2024-04-08T08:51:16.308+0000] {dagbag.py:540} INFO - Filling up the DagBag from /home/airflow/.local/lib/python3.8/site-packages/airflow/example_dags/example_dag_decorator.py
[2024-04-08T08:51:16.471+0000] {processor.py:840} INFO - DAG(s) 'example_dag_decorator' retrieved from /home/airflow/.local/lib/python3.8/site-packages/airflow/example_dags/example_dag_decorator.py
[2024-04-08T08:51:16.527+0000] {logging_mixin.py:188} INFO - [2024-04-08T08:51:16.527+0000] {dag.py:3047} INFO - Sync 1 DAGs
[2024-04-08T08:51:16.573+0000] {logging_mixin.py:188} INFO - [2024-04-08T08:51:16.572+0000] {dag.py:3834} INFO - Setting next_dagrun for example_dag_decorator to None, run_after=None
[2024-04-08T08:51:16.595+0000] {processor.py:183} INFO - Processing /home/airflow/.local/lib/python3.8/site-packages/airflow/example_dags/example_dag_decorator.py took 0.298 seconds
[2024-04-08T08:51:46.664+0000] {processor.py:161} INFO - Started process (PID=12677) to work on /home/airflow/.local/lib/python3.8/site-packages/airflow/example_dags/example_dag_decorator.py
[2024-04-08T08:51:46.665+0000] {processor.py:830} INFO - Processing file /home/airflow/.local/lib/python3.8/site-packages/airflow/example_dags/example_dag_decorator.py for tasks to queue
[2024-04-08T08:51:46.666+0000] {logging_mixin.py:188} INFO - [2024-04-08T08:51:46.666+0000] {dagbag.py:540} INFO - Filling up the DagBag from /home/airflow/.local/lib/python3.8/site-packages/airflow/example_dags/example_dag_decorator.py
[2024-04-08T08:51:46.854+0000] {processor.py:840} INFO - DAG(s) 'example_dag_decorator' retrieved from /home/airflow/.local/lib/python3.8/site-packages/airflow/example_dags/example_dag_decorator.py
[2024-04-08T08:51:46.914+0000] {logging_mixin.py:188} INFO - [2024-04-08T08:51:46.914+0000] {dag.py:3047} INFO - Sync 1 DAGs
[2024-04-08T08:51:46.942+0000] {logging_mixin.py:188} INFO - [2024-04-08T08:51:46.942+0000] {dag.py:3834} INFO - Setting next_dagrun for example_dag_decorator to None, run_after=None
[2024-04-08T08:51:46.985+0000] {processor.py:183} INFO - Processing /home/airflow/.local/lib/python3.8/site-packages/airflow/example_dags/example_dag_decorator.py took 0.325 seconds
[2024-04-08T08:52:17.366+0000] {processor.py:161} INFO - Started process (PID=12932) to work on /home/airflow/.local/lib/python3.8/site-packages/airflow/example_dags/example_dag_decorator.py
[2024-04-08T08:52:17.367+0000] {processor.py:830} INFO - Processing file /home/airflow/.local/lib/python3.8/site-packages/airflow/example_dags/example_dag_decorator.py for tasks to queue
[2024-04-08T08:52:17.368+0000] {logging_mixin.py:188} INFO - [2024-04-08T08:52:17.368+0000] {dagbag.py:540} INFO - Filling up the DagBag from /home/airflow/.local/lib/python3.8/site-packages/airflow/example_dags/example_dag_decorator.py
[2024-04-08T08:52:17.539+0000] {processor.py:840} INFO - DAG(s) 'example_dag_decorator' retrieved from /home/airflow/.local/lib/python3.8/site-packages/airflow/example_dags/example_dag_decorator.py
[2024-04-08T08:52:17.574+0000] {logging_mixin.py:188} INFO - [2024-04-08T08:52:17.574+0000] {dag.py:3047} INFO - Sync 1 DAGs
[2024-04-08T08:52:17.595+0000] {logging_mixin.py:188} INFO - [2024-04-08T08:52:17.594+0000] {dag.py:3834} INFO - Setting next_dagrun for example_dag_decorator to None, run_after=None
[2024-04-08T08:52:17.628+0000] {processor.py:183} INFO - Processing /home/airflow/.local/lib/python3.8/site-packages/airflow/example_dags/example_dag_decorator.py took 0.266 seconds
[2024-04-08T08:52:47.867+0000] {processor.py:161} INFO - Started process (PID=13191) to work on /home/airflow/.local/lib/python3.8/site-packages/airflow/example_dags/example_dag_decorator.py
[2024-04-08T08:52:47.868+0000] {processor.py:830} INFO - Processing file /home/airflow/.local/lib/python3.8/site-packages/airflow/example_dags/example_dag_decorator.py for tasks to queue
[2024-04-08T08:52:47.869+0000] {logging_mixin.py:188} INFO - [2024-04-08T08:52:47.868+0000] {dagbag.py:540} INFO - Filling up the DagBag from /home/airflow/.local/lib/python3.8/site-packages/airflow/example_dags/example_dag_decorator.py
[2024-04-08T08:52:47.988+0000] {processor.py:840} INFO - DAG(s) 'example_dag_decorator' retrieved from /home/airflow/.local/lib/python3.8/site-packages/airflow/example_dags/example_dag_decorator.py
[2024-04-08T08:52:48.159+0000] {logging_mixin.py:188} INFO - [2024-04-08T08:52:48.158+0000] {dag.py:3047} INFO - Sync 1 DAGs
[2024-04-08T08:52:48.171+0000] {logging_mixin.py:188} INFO - [2024-04-08T08:52:48.171+0000] {dag.py:3834} INFO - Setting next_dagrun for example_dag_decorator to None, run_after=None
[2024-04-08T08:52:48.200+0000] {processor.py:183} INFO - Processing /home/airflow/.local/lib/python3.8/site-packages/airflow/example_dags/example_dag_decorator.py took 0.337 seconds
[2024-04-08T08:53:18.341+0000] {processor.py:161} INFO - Started process (PID=13453) to work on /home/airflow/.local/lib/python3.8/site-packages/airflow/example_dags/example_dag_decorator.py
[2024-04-08T08:53:18.342+0000] {processor.py:830} INFO - Processing file /home/airflow/.local/lib/python3.8/site-packages/airflow/example_dags/example_dag_decorator.py for tasks to queue
[2024-04-08T08:53:18.343+0000] {logging_mixin.py:188} INFO - [2024-04-08T08:53:18.343+0000] {dagbag.py:540} INFO - Filling up the DagBag from /home/airflow/.local/lib/python3.8/site-packages/airflow/example_dags/example_dag_decorator.py
[2024-04-08T08:53:18.425+0000] {processor.py:840} INFO - DAG(s) 'example_dag_decorator' retrieved from /home/airflow/.local/lib/python3.8/site-packages/airflow/example_dags/example_dag_decorator.py
[2024-04-08T08:53:18.524+0000] {logging_mixin.py:188} INFO - [2024-04-08T08:53:18.524+0000] {dag.py:3047} INFO - Sync 1 DAGs
[2024-04-08T08:53:18.533+0000] {logging_mixin.py:188} INFO - [2024-04-08T08:53:18.533+0000] {dag.py:3834} INFO - Setting next_dagrun for example_dag_decorator to None, run_after=None
[2024-04-08T08:53:18.553+0000] {processor.py:183} INFO - Processing /home/airflow/.local/lib/python3.8/site-packages/airflow/example_dags/example_dag_decorator.py took 0.216 seconds
[2024-04-08T08:53:48.993+0000] {processor.py:161} INFO - Started process (PID=13710) to work on /home/airflow/.local/lib/python3.8/site-packages/airflow/example_dags/example_dag_decorator.py
[2024-04-08T08:53:48.994+0000] {processor.py:830} INFO - Processing file /home/airflow/.local/lib/python3.8/site-packages/airflow/example_dags/example_dag_decorator.py for tasks to queue
[2024-04-08T08:53:48.995+0000] {logging_mixin.py:188} INFO - [2024-04-08T08:53:48.995+0000] {dagbag.py:540} INFO - Filling up the DagBag from /home/airflow/.local/lib/python3.8/site-packages/airflow/example_dags/example_dag_decorator.py
[2024-04-08T08:53:49.115+0000] {processor.py:840} INFO - DAG(s) 'example_dag_decorator' retrieved from /home/airflow/.local/lib/python3.8/site-packages/airflow/example_dags/example_dag_decorator.py
[2024-04-08T08:53:49.272+0000] {logging_mixin.py:188} INFO - [2024-04-08T08:53:49.272+0000] {dag.py:3047} INFO - Sync 1 DAGs
[2024-04-08T08:53:49.283+0000] {logging_mixin.py:188} INFO - [2024-04-08T08:53:49.283+0000] {dag.py:3834} INFO - Setting next_dagrun for example_dag_decorator to None, run_after=None
[2024-04-08T08:53:49.320+0000] {processor.py:183} INFO - Processing /home/airflow/.local/lib/python3.8/site-packages/airflow/example_dags/example_dag_decorator.py took 0.330 seconds
[2024-04-08T08:54:19.502+0000] {processor.py:161} INFO - Started process (PID=13978) to work on /home/airflow/.local/lib/python3.8/site-packages/airflow/example_dags/example_dag_decorator.py
[2024-04-08T08:54:19.503+0000] {processor.py:830} INFO - Processing file /home/airflow/.local/lib/python3.8/site-packages/airflow/example_dags/example_dag_decorator.py for tasks to queue
[2024-04-08T08:54:19.505+0000] {logging_mixin.py:188} INFO - [2024-04-08T08:54:19.504+0000] {dagbag.py:540} INFO - Filling up the DagBag from /home/airflow/.local/lib/python3.8/site-packages/airflow/example_dags/example_dag_decorator.py
[2024-04-08T08:54:19.628+0000] {processor.py:840} INFO - DAG(s) 'example_dag_decorator' retrieved from /home/airflow/.local/lib/python3.8/site-packages/airflow/example_dags/example_dag_decorator.py
[2024-04-08T08:54:19.730+0000] {logging_mixin.py:188} INFO - [2024-04-08T08:54:19.729+0000] {dag.py:3047} INFO - Sync 1 DAGs
[2024-04-08T08:54:19.738+0000] {logging_mixin.py:188} INFO - [2024-04-08T08:54:19.738+0000] {dag.py:3834} INFO - Setting next_dagrun for example_dag_decorator to None, run_after=None
[2024-04-08T08:54:19.757+0000] {processor.py:183} INFO - Processing /home/airflow/.local/lib/python3.8/site-packages/airflow/example_dags/example_dag_decorator.py took 0.258 seconds
[2024-04-08T08:54:49.921+0000] {processor.py:161} INFO - Started process (PID=14236) to work on /home/airflow/.local/lib/python3.8/site-packages/airflow/example_dags/example_dag_decorator.py
[2024-04-08T08:54:49.923+0000] {processor.py:830} INFO - Processing file /home/airflow/.local/lib/python3.8/site-packages/airflow/example_dags/example_dag_decorator.py for tasks to queue
[2024-04-08T08:54:49.924+0000] {logging_mixin.py:188} INFO - [2024-04-08T08:54:49.923+0000] {dagbag.py:540} INFO - Filling up the DagBag from /home/airflow/.local/lib/python3.8/site-packages/airflow/example_dags/example_dag_decorator.py
[2024-04-08T08:54:50.040+0000] {processor.py:840} INFO - DAG(s) 'example_dag_decorator' retrieved from /home/airflow/.local/lib/python3.8/site-packages/airflow/example_dags/example_dag_decorator.py
[2024-04-08T08:54:50.065+0000] {logging_mixin.py:188} INFO - [2024-04-08T08:54:50.064+0000] {dag.py:3047} INFO - Sync 1 DAGs
[2024-04-08T08:54:50.075+0000] {logging_mixin.py:188} INFO - [2024-04-08T08:54:50.075+0000] {dag.py:3834} INFO - Setting next_dagrun for example_dag_decorator to None, run_after=None
[2024-04-08T08:54:50.094+0000] {processor.py:183} INFO - Processing /home/airflow/.local/lib/python3.8/site-packages/airflow/example_dags/example_dag_decorator.py took 0.176 seconds
[2024-04-08T08:55:20.186+0000] {processor.py:161} INFO - Started process (PID=14496) to work on /home/airflow/.local/lib/python3.8/site-packages/airflow/example_dags/example_dag_decorator.py
[2024-04-08T08:55:20.187+0000] {processor.py:830} INFO - Processing file /home/airflow/.local/lib/python3.8/site-packages/airflow/example_dags/example_dag_decorator.py for tasks to queue
[2024-04-08T08:55:20.188+0000] {logging_mixin.py:188} INFO - [2024-04-08T08:55:20.188+0000] {dagbag.py:540} INFO - Filling up the DagBag from /home/airflow/.local/lib/python3.8/site-packages/airflow/example_dags/example_dag_decorator.py
[2024-04-08T08:55:20.263+0000] {processor.py:840} INFO - DAG(s) 'example_dag_decorator' retrieved from /home/airflow/.local/lib/python3.8/site-packages/airflow/example_dags/example_dag_decorator.py
[2024-04-08T08:55:20.283+0000] {logging_mixin.py:188} INFO - [2024-04-08T08:55:20.283+0000] {dag.py:3047} INFO - Sync 1 DAGs
[2024-04-08T08:55:20.294+0000] {logging_mixin.py:188} INFO - [2024-04-08T08:55:20.294+0000] {dag.py:3834} INFO - Setting next_dagrun for example_dag_decorator to None, run_after=None
[2024-04-08T08:55:20.314+0000] {processor.py:183} INFO - Processing /home/airflow/.local/lib/python3.8/site-packages/airflow/example_dags/example_dag_decorator.py took 0.131 seconds
[2024-04-08T08:55:50.371+0000] {processor.py:161} INFO - Started process (PID=14743) to work on /home/airflow/.local/lib/python3.8/site-packages/airflow/example_dags/example_dag_decorator.py
[2024-04-08T08:55:50.372+0000] {processor.py:830} INFO - Processing file /home/airflow/.local/lib/python3.8/site-packages/airflow/example_dags/example_dag_decorator.py for tasks to queue
[2024-04-08T08:55:50.373+0000] {logging_mixin.py:188} INFO - [2024-04-08T08:55:50.372+0000] {dagbag.py:540} INFO - Filling up the DagBag from /home/airflow/.local/lib/python3.8/site-packages/airflow/example_dags/example_dag_decorator.py
[2024-04-08T08:55:50.504+0000] {processor.py:840} INFO - DAG(s) 'example_dag_decorator' retrieved from /home/airflow/.local/lib/python3.8/site-packages/airflow/example_dags/example_dag_decorator.py
[2024-04-08T08:55:50.641+0000] {logging_mixin.py:188} INFO - [2024-04-08T08:55:50.641+0000] {dag.py:3047} INFO - Sync 1 DAGs
[2024-04-08T08:55:50.657+0000] {logging_mixin.py:188} INFO - [2024-04-08T08:55:50.657+0000] {dag.py:3834} INFO - Setting next_dagrun for example_dag_decorator to None, run_after=None
[2024-04-08T08:55:50.841+0000] {processor.py:183} INFO - Processing /home/airflow/.local/lib/python3.8/site-packages/airflow/example_dags/example_dag_decorator.py took 0.473 seconds
[2024-04-08T08:56:21.762+0000] {processor.py:161} INFO - Started process (PID=15012) to work on /home/airflow/.local/lib/python3.8/site-packages/airflow/example_dags/example_dag_decorator.py
[2024-04-08T08:56:21.763+0000] {processor.py:830} INFO - Processing file /home/airflow/.local/lib/python3.8/site-packages/airflow/example_dags/example_dag_decorator.py for tasks to queue
[2024-04-08T08:56:21.764+0000] {logging_mixin.py:188} INFO - [2024-04-08T08:56:21.764+0000] {dagbag.py:540} INFO - Filling up the DagBag from /home/airflow/.local/lib/python3.8/site-packages/airflow/example_dags/example_dag_decorator.py
[2024-04-08T08:56:21.898+0000] {processor.py:840} INFO - DAG(s) 'example_dag_decorator' retrieved from /home/airflow/.local/lib/python3.8/site-packages/airflow/example_dags/example_dag_decorator.py
[2024-04-08T08:56:21.995+0000] {logging_mixin.py:188} INFO - [2024-04-08T08:56:21.995+0000] {dag.py:3047} INFO - Sync 1 DAGs
[2024-04-08T08:56:22.003+0000] {logging_mixin.py:188} INFO - [2024-04-08T08:56:22.003+0000] {dag.py:3834} INFO - Setting next_dagrun for example_dag_decorator to None, run_after=None
[2024-04-08T08:56:22.025+0000] {processor.py:183} INFO - Processing /home/airflow/.local/lib/python3.8/site-packages/airflow/example_dags/example_dag_decorator.py took 0.267 seconds
[2024-04-08T08:56:52.311+0000] {processor.py:161} INFO - Started process (PID=15269) to work on /home/airflow/.local/lib/python3.8/site-packages/airflow/example_dags/example_dag_decorator.py
[2024-04-08T08:56:52.312+0000] {processor.py:830} INFO - Processing file /home/airflow/.local/lib/python3.8/site-packages/airflow/example_dags/example_dag_decorator.py for tasks to queue
[2024-04-08T08:56:52.313+0000] {logging_mixin.py:188} INFO - [2024-04-08T08:56:52.313+0000] {dagbag.py:540} INFO - Filling up the DagBag from /home/airflow/.local/lib/python3.8/site-packages/airflow/example_dags/example_dag_decorator.py
