[2024-04-08T08:27:17.129+0000] {processor.py:161} INFO - Started process (PID=170) to work on /home/airflow/.local/lib/python3.8/site-packages/airflow/example_dags/example_complex.py
[2024-04-08T08:27:17.130+0000] {processor.py:830} INFO - Processing file /home/airflow/.local/lib/python3.8/site-packages/airflow/example_dags/example_complex.py for tasks to queue
[2024-04-08T08:27:17.131+0000] {logging_mixin.py:188} INFO - [2024-04-08T08:27:17.131+0000] {dagbag.py:540} INFO - Filling up the DagBag from /home/airflow/.local/lib/python3.8/site-packages/airflow/example_dags/example_complex.py
[2024-04-08T08:27:17.155+0000] {processor.py:840} INFO - DAG(s) 'example_complex' retrieved from /home/airflow/.local/lib/python3.8/site-packages/airflow/example_dags/example_complex.py
[2024-04-08T08:27:17.246+0000] {logging_mixin.py:188} INFO - [2024-04-08T08:27:17.246+0000] {dag.py:3047} INFO - Sync 1 DAGs
[2024-04-08T08:27:17.264+0000] {logging_mixin.py:188} INFO - [2024-04-08T08:27:17.264+0000] {dag.py:3834} INFO - Setting next_dagrun for example_complex to None, run_after=None
[2024-04-08T08:27:17.314+0000] {processor.py:183} INFO - Processing /home/airflow/.local/lib/python3.8/site-packages/airflow/example_dags/example_complex.py took 0.188 seconds
[2024-04-08T08:27:48.217+0000] {processor.py:161} INFO - Started process (PID=427) to work on /home/airflow/.local/lib/python3.8/site-packages/airflow/example_dags/example_complex.py
[2024-04-08T08:27:48.221+0000] {processor.py:830} INFO - Processing file /home/airflow/.local/lib/python3.8/site-packages/airflow/example_dags/example_complex.py for tasks to queue
[2024-04-08T08:27:48.222+0000] {logging_mixin.py:188} INFO - [2024-04-08T08:27:48.221+0000] {dagbag.py:540} INFO - Filling up the DagBag from /home/airflow/.local/lib/python3.8/site-packages/airflow/example_dags/example_complex.py
[2024-04-08T08:27:48.256+0000] {processor.py:840} INFO - DAG(s) 'example_complex' retrieved from /home/airflow/.local/lib/python3.8/site-packages/airflow/example_dags/example_complex.py
[2024-04-08T08:27:48.330+0000] {logging_mixin.py:188} INFO - [2024-04-08T08:27:48.330+0000] {dag.py:3047} INFO - Sync 1 DAGs
[2024-04-08T08:27:48.346+0000] {logging_mixin.py:188} INFO - [2024-04-08T08:27:48.346+0000] {dag.py:3834} INFO - Setting next_dagrun for example_complex to None, run_after=None
[2024-04-08T08:27:48.373+0000] {processor.py:183} INFO - Processing /home/airflow/.local/lib/python3.8/site-packages/airflow/example_dags/example_complex.py took 0.160 seconds
[2024-04-08T08:28:19.034+0000] {processor.py:161} INFO - Started process (PID=685) to work on /home/airflow/.local/lib/python3.8/site-packages/airflow/example_dags/example_complex.py
[2024-04-08T08:28:19.036+0000] {processor.py:830} INFO - Processing file /home/airflow/.local/lib/python3.8/site-packages/airflow/example_dags/example_complex.py for tasks to queue
[2024-04-08T08:28:19.037+0000] {logging_mixin.py:188} INFO - [2024-04-08T08:28:19.036+0000] {dagbag.py:540} INFO - Filling up the DagBag from /home/airflow/.local/lib/python3.8/site-packages/airflow/example_dags/example_complex.py
[2024-04-08T08:28:19.058+0000] {processor.py:840} INFO - DAG(s) 'example_complex' retrieved from /home/airflow/.local/lib/python3.8/site-packages/airflow/example_dags/example_complex.py
[2024-04-08T08:28:19.102+0000] {logging_mixin.py:188} INFO - [2024-04-08T08:28:19.101+0000] {dag.py:3047} INFO - Sync 1 DAGs
[2024-04-08T08:28:19.116+0000] {logging_mixin.py:188} INFO - [2024-04-08T08:28:19.115+0000] {dag.py:3834} INFO - Setting next_dagrun for example_complex to None, run_after=None
[2024-04-08T08:28:19.141+0000] {processor.py:183} INFO - Processing /home/airflow/.local/lib/python3.8/site-packages/airflow/example_dags/example_complex.py took 0.111 seconds
[2024-04-08T08:28:49.636+0000] {processor.py:161} INFO - Started process (PID=943) to work on /home/airflow/.local/lib/python3.8/site-packages/airflow/example_dags/example_complex.py
[2024-04-08T08:28:49.637+0000] {processor.py:830} INFO - Processing file /home/airflow/.local/lib/python3.8/site-packages/airflow/example_dags/example_complex.py for tasks to queue
[2024-04-08T08:28:49.638+0000] {logging_mixin.py:188} INFO - [2024-04-08T08:28:49.638+0000] {dagbag.py:540} INFO - Filling up the DagBag from /home/airflow/.local/lib/python3.8/site-packages/airflow/example_dags/example_complex.py
[2024-04-08T08:28:49.653+0000] {processor.py:840} INFO - DAG(s) 'example_complex' retrieved from /home/airflow/.local/lib/python3.8/site-packages/airflow/example_dags/example_complex.py
[2024-04-08T08:28:49.695+0000] {logging_mixin.py:188} INFO - [2024-04-08T08:28:49.694+0000] {dag.py:3047} INFO - Sync 1 DAGs
[2024-04-08T08:28:49.711+0000] {logging_mixin.py:188} INFO - [2024-04-08T08:28:49.710+0000] {dag.py:3834} INFO - Setting next_dagrun for example_complex to None, run_after=None
[2024-04-08T08:28:49.734+0000] {processor.py:183} INFO - Processing /home/airflow/.local/lib/python3.8/site-packages/airflow/example_dags/example_complex.py took 0.102 seconds
[2024-04-08T08:29:20.348+0000] {processor.py:161} INFO - Started process (PID=1201) to work on /home/airflow/.local/lib/python3.8/site-packages/airflow/example_dags/example_complex.py
[2024-04-08T08:29:20.349+0000] {processor.py:830} INFO - Processing file /home/airflow/.local/lib/python3.8/site-packages/airflow/example_dags/example_complex.py for tasks to queue
[2024-04-08T08:29:20.350+0000] {logging_mixin.py:188} INFO - [2024-04-08T08:29:20.349+0000] {dagbag.py:540} INFO - Filling up the DagBag from /home/airflow/.local/lib/python3.8/site-packages/airflow/example_dags/example_complex.py
[2024-04-08T08:29:20.364+0000] {processor.py:840} INFO - DAG(s) 'example_complex' retrieved from /home/airflow/.local/lib/python3.8/site-packages/airflow/example_dags/example_complex.py
[2024-04-08T08:29:20.403+0000] {logging_mixin.py:188} INFO - [2024-04-08T08:29:20.403+0000] {dag.py:3047} INFO - Sync 1 DAGs
[2024-04-08T08:29:20.417+0000] {logging_mixin.py:188} INFO - [2024-04-08T08:29:20.417+0000] {dag.py:3834} INFO - Setting next_dagrun for example_complex to None, run_after=None
[2024-04-08T08:29:20.442+0000] {processor.py:183} INFO - Processing /home/airflow/.local/lib/python3.8/site-packages/airflow/example_dags/example_complex.py took 0.097 seconds
[2024-04-08T08:29:50.711+0000] {processor.py:161} INFO - Started process (PID=1458) to work on /home/airflow/.local/lib/python3.8/site-packages/airflow/example_dags/example_complex.py
[2024-04-08T08:29:50.712+0000] {processor.py:830} INFO - Processing file /home/airflow/.local/lib/python3.8/site-packages/airflow/example_dags/example_complex.py for tasks to queue
[2024-04-08T08:29:50.715+0000] {logging_mixin.py:188} INFO - [2024-04-08T08:29:50.714+0000] {dagbag.py:540} INFO - Filling up the DagBag from /home/airflow/.local/lib/python3.8/site-packages/airflow/example_dags/example_complex.py
[2024-04-08T08:29:50.735+0000] {processor.py:840} INFO - DAG(s) 'example_complex' retrieved from /home/airflow/.local/lib/python3.8/site-packages/airflow/example_dags/example_complex.py
[2024-04-08T08:29:50.771+0000] {logging_mixin.py:188} INFO - [2024-04-08T08:29:50.770+0000] {dag.py:3047} INFO - Sync 1 DAGs
[2024-04-08T08:29:50.790+0000] {logging_mixin.py:188} INFO - [2024-04-08T08:29:50.789+0000] {dag.py:3834} INFO - Setting next_dagrun for example_complex to None, run_after=None
[2024-04-08T08:29:50.816+0000] {processor.py:183} INFO - Processing /home/airflow/.local/lib/python3.8/site-packages/airflow/example_dags/example_complex.py took 0.108 seconds
[2024-04-08T08:30:21.247+0000] {processor.py:161} INFO - Started process (PID=1716) to work on /home/airflow/.local/lib/python3.8/site-packages/airflow/example_dags/example_complex.py
[2024-04-08T08:30:21.249+0000] {processor.py:830} INFO - Processing file /home/airflow/.local/lib/python3.8/site-packages/airflow/example_dags/example_complex.py for tasks to queue
[2024-04-08T08:30:21.250+0000] {logging_mixin.py:188} INFO - [2024-04-08T08:30:21.250+0000] {dagbag.py:540} INFO - Filling up the DagBag from /home/airflow/.local/lib/python3.8/site-packages/airflow/example_dags/example_complex.py
[2024-04-08T08:30:21.265+0000] {processor.py:840} INFO - DAG(s) 'example_complex' retrieved from /home/airflow/.local/lib/python3.8/site-packages/airflow/example_dags/example_complex.py
[2024-04-08T08:30:21.322+0000] {logging_mixin.py:188} INFO - [2024-04-08T08:30:21.321+0000] {dag.py:3047} INFO - Sync 1 DAGs
[2024-04-08T08:30:21.338+0000] {logging_mixin.py:188} INFO - [2024-04-08T08:30:21.338+0000] {dag.py:3834} INFO - Setting next_dagrun for example_complex to None, run_after=None
[2024-04-08T08:30:21.382+0000] {processor.py:183} INFO - Processing /home/airflow/.local/lib/python3.8/site-packages/airflow/example_dags/example_complex.py took 0.142 seconds
[2024-04-08T08:30:52.135+0000] {processor.py:161} INFO - Started process (PID=1973) to work on /home/airflow/.local/lib/python3.8/site-packages/airflow/example_dags/example_complex.py
[2024-04-08T08:30:52.136+0000] {processor.py:830} INFO - Processing file /home/airflow/.local/lib/python3.8/site-packages/airflow/example_dags/example_complex.py for tasks to queue
[2024-04-08T08:30:52.137+0000] {logging_mixin.py:188} INFO - [2024-04-08T08:30:52.137+0000] {dagbag.py:540} INFO - Filling up the DagBag from /home/airflow/.local/lib/python3.8/site-packages/airflow/example_dags/example_complex.py
[2024-04-08T08:30:52.155+0000] {processor.py:840} INFO - DAG(s) 'example_complex' retrieved from /home/airflow/.local/lib/python3.8/site-packages/airflow/example_dags/example_complex.py
[2024-04-08T08:30:52.190+0000] {logging_mixin.py:188} INFO - [2024-04-08T08:30:52.190+0000] {dag.py:3047} INFO - Sync 1 DAGs
[2024-04-08T08:30:52.205+0000] {logging_mixin.py:188} INFO - [2024-04-08T08:30:52.205+0000] {dag.py:3834} INFO - Setting next_dagrun for example_complex to None, run_after=None
[2024-04-08T08:30:52.230+0000] {processor.py:183} INFO - Processing /home/airflow/.local/lib/python3.8/site-packages/airflow/example_dags/example_complex.py took 0.098 seconds
[2024-04-08T08:31:22.769+0000] {processor.py:161} INFO - Started process (PID=2230) to work on /home/airflow/.local/lib/python3.8/site-packages/airflow/example_dags/example_complex.py
[2024-04-08T08:31:22.770+0000] {processor.py:830} INFO - Processing file /home/airflow/.local/lib/python3.8/site-packages/airflow/example_dags/example_complex.py for tasks to queue
[2024-04-08T08:31:22.771+0000] {logging_mixin.py:188} INFO - [2024-04-08T08:31:22.771+0000] {dagbag.py:540} INFO - Filling up the DagBag from /home/airflow/.local/lib/python3.8/site-packages/airflow/example_dags/example_complex.py
[2024-04-08T08:31:22.791+0000] {processor.py:840} INFO - DAG(s) 'example_complex' retrieved from /home/airflow/.local/lib/python3.8/site-packages/airflow/example_dags/example_complex.py
[2024-04-08T08:31:22.827+0000] {logging_mixin.py:188} INFO - [2024-04-08T08:31:22.827+0000] {dag.py:3047} INFO - Sync 1 DAGs
[2024-04-08T08:31:22.841+0000] {logging_mixin.py:188} INFO - [2024-04-08T08:31:22.841+0000] {dag.py:3834} INFO - Setting next_dagrun for example_complex to None, run_after=None
[2024-04-08T08:31:22.866+0000] {processor.py:183} INFO - Processing /home/airflow/.local/lib/python3.8/site-packages/airflow/example_dags/example_complex.py took 0.100 seconds
[2024-04-08T08:31:53.312+0000] {processor.py:161} INFO - Started process (PID=2487) to work on /home/airflow/.local/lib/python3.8/site-packages/airflow/example_dags/example_complex.py
[2024-04-08T08:31:53.313+0000] {processor.py:830} INFO - Processing file /home/airflow/.local/lib/python3.8/site-packages/airflow/example_dags/example_complex.py for tasks to queue
[2024-04-08T08:31:53.314+0000] {logging_mixin.py:188} INFO - [2024-04-08T08:31:53.314+0000] {dagbag.py:540} INFO - Filling up the DagBag from /home/airflow/.local/lib/python3.8/site-packages/airflow/example_dags/example_complex.py
[2024-04-08T08:31:53.333+0000] {processor.py:840} INFO - DAG(s) 'example_complex' retrieved from /home/airflow/.local/lib/python3.8/site-packages/airflow/example_dags/example_complex.py
[2024-04-08T08:31:53.369+0000] {logging_mixin.py:188} INFO - [2024-04-08T08:31:53.369+0000] {dag.py:3047} INFO - Sync 1 DAGs
[2024-04-08T08:31:53.383+0000] {logging_mixin.py:188} INFO - [2024-04-08T08:31:53.383+0000] {dag.py:3834} INFO - Setting next_dagrun for example_complex to None, run_after=None
[2024-04-08T08:31:53.409+0000] {processor.py:183} INFO - Processing /home/airflow/.local/lib/python3.8/site-packages/airflow/example_dags/example_complex.py took 0.101 seconds
[2024-04-08T08:32:23.901+0000] {processor.py:161} INFO - Started process (PID=2744) to work on /home/airflow/.local/lib/python3.8/site-packages/airflow/example_dags/example_complex.py
[2024-04-08T08:32:23.903+0000] {processor.py:830} INFO - Processing file /home/airflow/.local/lib/python3.8/site-packages/airflow/example_dags/example_complex.py for tasks to queue
[2024-04-08T08:32:23.904+0000] {logging_mixin.py:188} INFO - [2024-04-08T08:32:23.903+0000] {dagbag.py:540} INFO - Filling up the DagBag from /home/airflow/.local/lib/python3.8/site-packages/airflow/example_dags/example_complex.py
[2024-04-08T08:32:23.939+0000] {processor.py:840} INFO - DAG(s) 'example_complex' retrieved from /home/airflow/.local/lib/python3.8/site-packages/airflow/example_dags/example_complex.py
[2024-04-08T08:32:23.982+0000] {logging_mixin.py:188} INFO - [2024-04-08T08:32:23.981+0000] {dag.py:3047} INFO - Sync 1 DAGs
[2024-04-08T08:32:24.000+0000] {logging_mixin.py:188} INFO - [2024-04-08T08:32:24.000+0000] {dag.py:3834} INFO - Setting next_dagrun for example_complex to None, run_after=None
[2024-04-08T08:32:24.031+0000] {processor.py:183} INFO - Processing /home/airflow/.local/lib/python3.8/site-packages/airflow/example_dags/example_complex.py took 0.134 seconds
[2024-04-08T08:32:54.152+0000] {processor.py:161} INFO - Started process (PID=3001) to work on /home/airflow/.local/lib/python3.8/site-packages/airflow/example_dags/example_complex.py
[2024-04-08T08:32:54.153+0000] {processor.py:830} INFO - Processing file /home/airflow/.local/lib/python3.8/site-packages/airflow/example_dags/example_complex.py for tasks to queue
[2024-04-08T08:32:54.153+0000] {logging_mixin.py:188} INFO - [2024-04-08T08:32:54.153+0000] {dagbag.py:540} INFO - Filling up the DagBag from /home/airflow/.local/lib/python3.8/site-packages/airflow/example_dags/example_complex.py
[2024-04-08T08:32:54.168+0000] {processor.py:840} INFO - DAG(s) 'example_complex' retrieved from /home/airflow/.local/lib/python3.8/site-packages/airflow/example_dags/example_complex.py
[2024-04-08T08:32:54.204+0000] {logging_mixin.py:188} INFO - [2024-04-08T08:32:54.204+0000] {dag.py:3047} INFO - Sync 1 DAGs
[2024-04-08T08:32:54.217+0000] {logging_mixin.py:188} INFO - [2024-04-08T08:32:54.217+0000] {dag.py:3834} INFO - Setting next_dagrun for example_complex to None, run_after=None
[2024-04-08T08:32:54.242+0000] {processor.py:183} INFO - Processing /home/airflow/.local/lib/python3.8/site-packages/airflow/example_dags/example_complex.py took 0.094 seconds
[2024-04-08T08:33:24.590+0000] {processor.py:161} INFO - Started process (PID=3258) to work on /home/airflow/.local/lib/python3.8/site-packages/airflow/example_dags/example_complex.py
[2024-04-08T08:33:24.592+0000] {processor.py:830} INFO - Processing file /home/airflow/.local/lib/python3.8/site-packages/airflow/example_dags/example_complex.py for tasks to queue
[2024-04-08T08:33:24.593+0000] {logging_mixin.py:188} INFO - [2024-04-08T08:33:24.592+0000] {dagbag.py:540} INFO - Filling up the DagBag from /home/airflow/.local/lib/python3.8/site-packages/airflow/example_dags/example_complex.py
[2024-04-08T08:33:24.608+0000] {processor.py:840} INFO - DAG(s) 'example_complex' retrieved from /home/airflow/.local/lib/python3.8/site-packages/airflow/example_dags/example_complex.py
[2024-04-08T08:33:24.649+0000] {logging_mixin.py:188} INFO - [2024-04-08T08:33:24.649+0000] {dag.py:3047} INFO - Sync 1 DAGs
[2024-04-08T08:33:24.665+0000] {logging_mixin.py:188} INFO - [2024-04-08T08:33:24.664+0000] {dag.py:3834} INFO - Setting next_dagrun for example_complex to None, run_after=None
[2024-04-08T08:33:24.690+0000] {processor.py:183} INFO - Processing /home/airflow/.local/lib/python3.8/site-packages/airflow/example_dags/example_complex.py took 0.104 seconds
[2024-04-08T08:33:55.019+0000] {processor.py:161} INFO - Started process (PID=3515) to work on /home/airflow/.local/lib/python3.8/site-packages/airflow/example_dags/example_complex.py
[2024-04-08T08:33:55.020+0000] {processor.py:830} INFO - Processing file /home/airflow/.local/lib/python3.8/site-packages/airflow/example_dags/example_complex.py for tasks to queue
[2024-04-08T08:33:55.021+0000] {logging_mixin.py:188} INFO - [2024-04-08T08:33:55.021+0000] {dagbag.py:540} INFO - Filling up the DagBag from /home/airflow/.local/lib/python3.8/site-packages/airflow/example_dags/example_complex.py
[2024-04-08T08:33:55.038+0000] {processor.py:840} INFO - DAG(s) 'example_complex' retrieved from /home/airflow/.local/lib/python3.8/site-packages/airflow/example_dags/example_complex.py
[2024-04-08T08:33:55.097+0000] {logging_mixin.py:188} INFO - [2024-04-08T08:33:55.096+0000] {dag.py:3047} INFO - Sync 1 DAGs
[2024-04-08T08:33:55.117+0000] {logging_mixin.py:188} INFO - [2024-04-08T08:33:55.117+0000] {dag.py:3834} INFO - Setting next_dagrun for example_complex to None, run_after=None
[2024-04-08T08:33:55.178+0000] {processor.py:183} INFO - Processing /home/airflow/.local/lib/python3.8/site-packages/airflow/example_dags/example_complex.py took 0.163 seconds
[2024-04-08T08:34:25.401+0000] {processor.py:161} INFO - Started process (PID=3771) to work on /home/airflow/.local/lib/python3.8/site-packages/airflow/example_dags/example_complex.py
[2024-04-08T08:34:25.403+0000] {processor.py:830} INFO - Processing file /home/airflow/.local/lib/python3.8/site-packages/airflow/example_dags/example_complex.py for tasks to queue
[2024-04-08T08:34:25.404+0000] {logging_mixin.py:188} INFO - [2024-04-08T08:34:25.403+0000] {dagbag.py:540} INFO - Filling up the DagBag from /home/airflow/.local/lib/python3.8/site-packages/airflow/example_dags/example_complex.py
[2024-04-08T08:34:25.424+0000] {processor.py:840} INFO - DAG(s) 'example_complex' retrieved from /home/airflow/.local/lib/python3.8/site-packages/airflow/example_dags/example_complex.py
[2024-04-08T08:34:25.461+0000] {logging_mixin.py:188} INFO - [2024-04-08T08:34:25.461+0000] {dag.py:3047} INFO - Sync 1 DAGs
[2024-04-08T08:34:25.481+0000] {logging_mixin.py:188} INFO - [2024-04-08T08:34:25.481+0000] {dag.py:3834} INFO - Setting next_dagrun for example_complex to None, run_after=None
[2024-04-08T08:34:25.506+0000] {processor.py:183} INFO - Processing /home/airflow/.local/lib/python3.8/site-packages/airflow/example_dags/example_complex.py took 0.109 seconds
[2024-04-08T08:34:55.610+0000] {processor.py:161} INFO - Started process (PID=4028) to work on /home/airflow/.local/lib/python3.8/site-packages/airflow/example_dags/example_complex.py
[2024-04-08T08:34:55.611+0000] {processor.py:830} INFO - Processing file /home/airflow/.local/lib/python3.8/site-packages/airflow/example_dags/example_complex.py for tasks to queue
[2024-04-08T08:34:55.612+0000] {logging_mixin.py:188} INFO - [2024-04-08T08:34:55.612+0000] {dagbag.py:540} INFO - Filling up the DagBag from /home/airflow/.local/lib/python3.8/site-packages/airflow/example_dags/example_complex.py
[2024-04-08T08:34:55.633+0000] {processor.py:840} INFO - DAG(s) 'example_complex' retrieved from /home/airflow/.local/lib/python3.8/site-packages/airflow/example_dags/example_complex.py
[2024-04-08T08:34:55.670+0000] {logging_mixin.py:188} INFO - [2024-04-08T08:34:55.670+0000] {dag.py:3047} INFO - Sync 1 DAGs
[2024-04-08T08:34:55.685+0000] {logging_mixin.py:188} INFO - [2024-04-08T08:34:55.684+0000] {dag.py:3834} INFO - Setting next_dagrun for example_complex to None, run_after=None
[2024-04-08T08:34:55.709+0000] {processor.py:183} INFO - Processing /home/airflow/.local/lib/python3.8/site-packages/airflow/example_dags/example_complex.py took 0.104 seconds
[2024-04-08T08:35:26.130+0000] {processor.py:161} INFO - Started process (PID=4284) to work on /home/airflow/.local/lib/python3.8/site-packages/airflow/example_dags/example_complex.py
[2024-04-08T08:35:26.131+0000] {processor.py:830} INFO - Processing file /home/airflow/.local/lib/python3.8/site-packages/airflow/example_dags/example_complex.py for tasks to queue
[2024-04-08T08:35:26.132+0000] {logging_mixin.py:188} INFO - [2024-04-08T08:35:26.132+0000] {dagbag.py:540} INFO - Filling up the DagBag from /home/airflow/.local/lib/python3.8/site-packages/airflow/example_dags/example_complex.py
[2024-04-08T08:35:26.154+0000] {processor.py:840} INFO - DAG(s) 'example_complex' retrieved from /home/airflow/.local/lib/python3.8/site-packages/airflow/example_dags/example_complex.py
[2024-04-08T08:35:26.193+0000] {logging_mixin.py:188} INFO - [2024-04-08T08:35:26.193+0000] {dag.py:3047} INFO - Sync 1 DAGs
[2024-04-08T08:35:26.206+0000] {logging_mixin.py:188} INFO - [2024-04-08T08:35:26.206+0000] {dag.py:3834} INFO - Setting next_dagrun for example_complex to None, run_after=None
[2024-04-08T08:35:26.230+0000] {processor.py:183} INFO - Processing /home/airflow/.local/lib/python3.8/site-packages/airflow/example_dags/example_complex.py took 0.105 seconds
[2024-04-08T08:35:56.790+0000] {processor.py:161} INFO - Started process (PID=4543) to work on /home/airflow/.local/lib/python3.8/site-packages/airflow/example_dags/example_complex.py
[2024-04-08T08:35:56.791+0000] {processor.py:830} INFO - Processing file /home/airflow/.local/lib/python3.8/site-packages/airflow/example_dags/example_complex.py for tasks to queue
[2024-04-08T08:35:56.792+0000] {logging_mixin.py:188} INFO - [2024-04-08T08:35:56.792+0000] {dagbag.py:540} INFO - Filling up the DagBag from /home/airflow/.local/lib/python3.8/site-packages/airflow/example_dags/example_complex.py
[2024-04-08T08:35:56.810+0000] {processor.py:840} INFO - DAG(s) 'example_complex' retrieved from /home/airflow/.local/lib/python3.8/site-packages/airflow/example_dags/example_complex.py
[2024-04-08T08:35:56.851+0000] {logging_mixin.py:188} INFO - [2024-04-08T08:35:56.851+0000] {dag.py:3047} INFO - Sync 1 DAGs
[2024-04-08T08:35:56.868+0000] {logging_mixin.py:188} INFO - [2024-04-08T08:35:56.867+0000] {dag.py:3834} INFO - Setting next_dagrun for example_complex to None, run_after=None
[2024-04-08T08:35:56.923+0000] {processor.py:183} INFO - Processing /home/airflow/.local/lib/python3.8/site-packages/airflow/example_dags/example_complex.py took 0.137 seconds
[2024-04-08T08:36:27.320+0000] {processor.py:161} INFO - Started process (PID=4801) to work on /home/airflow/.local/lib/python3.8/site-packages/airflow/example_dags/example_complex.py
[2024-04-08T08:36:27.322+0000] {processor.py:830} INFO - Processing file /home/airflow/.local/lib/python3.8/site-packages/airflow/example_dags/example_complex.py for tasks to queue
[2024-04-08T08:36:27.323+0000] {logging_mixin.py:188} INFO - [2024-04-08T08:36:27.322+0000] {dagbag.py:540} INFO - Filling up the DagBag from /home/airflow/.local/lib/python3.8/site-packages/airflow/example_dags/example_complex.py
[2024-04-08T08:36:27.345+0000] {processor.py:840} INFO - DAG(s) 'example_complex' retrieved from /home/airflow/.local/lib/python3.8/site-packages/airflow/example_dags/example_complex.py
[2024-04-08T08:36:27.381+0000] {logging_mixin.py:188} INFO - [2024-04-08T08:36:27.381+0000] {dag.py:3047} INFO - Sync 1 DAGs
[2024-04-08T08:36:27.396+0000] {logging_mixin.py:188} INFO - [2024-04-08T08:36:27.396+0000] {dag.py:3834} INFO - Setting next_dagrun for example_complex to None, run_after=None
[2024-04-08T08:36:27.421+0000] {processor.py:183} INFO - Processing /home/airflow/.local/lib/python3.8/site-packages/airflow/example_dags/example_complex.py took 0.105 seconds
[2024-04-08T08:36:57.644+0000] {processor.py:161} INFO - Started process (PID=5058) to work on /home/airflow/.local/lib/python3.8/site-packages/airflow/example_dags/example_complex.py
[2024-04-08T08:36:57.645+0000] {processor.py:830} INFO - Processing file /home/airflow/.local/lib/python3.8/site-packages/airflow/example_dags/example_complex.py for tasks to queue
[2024-04-08T08:36:57.646+0000] {logging_mixin.py:188} INFO - [2024-04-08T08:36:57.646+0000] {dagbag.py:540} INFO - Filling up the DagBag from /home/airflow/.local/lib/python3.8/site-packages/airflow/example_dags/example_complex.py
[2024-04-08T08:36:57.664+0000] {processor.py:840} INFO - DAG(s) 'example_complex' retrieved from /home/airflow/.local/lib/python3.8/site-packages/airflow/example_dags/example_complex.py
[2024-04-08T08:36:57.701+0000] {logging_mixin.py:188} INFO - [2024-04-08T08:36:57.700+0000] {dag.py:3047} INFO - Sync 1 DAGs
[2024-04-08T08:36:57.715+0000] {logging_mixin.py:188} INFO - [2024-04-08T08:36:57.715+0000] {dag.py:3834} INFO - Setting next_dagrun for example_complex to None, run_after=None
[2024-04-08T08:36:57.740+0000] {processor.py:183} INFO - Processing /home/airflow/.local/lib/python3.8/site-packages/airflow/example_dags/example_complex.py took 0.099 seconds
[2024-04-08T08:37:28.026+0000] {processor.py:161} INFO - Started process (PID=5314) to work on /home/airflow/.local/lib/python3.8/site-packages/airflow/example_dags/example_complex.py
[2024-04-08T08:37:28.027+0000] {processor.py:830} INFO - Processing file /home/airflow/.local/lib/python3.8/site-packages/airflow/example_dags/example_complex.py for tasks to queue
[2024-04-08T08:37:28.028+0000] {logging_mixin.py:188} INFO - [2024-04-08T08:37:28.028+0000] {dagbag.py:540} INFO - Filling up the DagBag from /home/airflow/.local/lib/python3.8/site-packages/airflow/example_dags/example_complex.py
[2024-04-08T08:37:28.060+0000] {processor.py:840} INFO - DAG(s) 'example_complex' retrieved from /home/airflow/.local/lib/python3.8/site-packages/airflow/example_dags/example_complex.py
[2024-04-08T08:37:28.097+0000] {logging_mixin.py:188} INFO - [2024-04-08T08:37:28.097+0000] {dag.py:3047} INFO - Sync 1 DAGs
[2024-04-08T08:37:28.113+0000] {logging_mixin.py:188} INFO - [2024-04-08T08:37:28.113+0000] {dag.py:3834} INFO - Setting next_dagrun for example_complex to None, run_after=None
[2024-04-08T08:37:28.139+0000] {processor.py:183} INFO - Processing /home/airflow/.local/lib/python3.8/site-packages/airflow/example_dags/example_complex.py took 0.118 seconds
[2024-04-08T08:37:58.623+0000] {processor.py:161} INFO - Started process (PID=5571) to work on /home/airflow/.local/lib/python3.8/site-packages/airflow/example_dags/example_complex.py
[2024-04-08T08:37:58.624+0000] {processor.py:830} INFO - Processing file /home/airflow/.local/lib/python3.8/site-packages/airflow/example_dags/example_complex.py for tasks to queue
[2024-04-08T08:37:58.625+0000] {logging_mixin.py:188} INFO - [2024-04-08T08:37:58.625+0000] {dagbag.py:540} INFO - Filling up the DagBag from /home/airflow/.local/lib/python3.8/site-packages/airflow/example_dags/example_complex.py
[2024-04-08T08:37:58.653+0000] {processor.py:840} INFO - DAG(s) 'example_complex' retrieved from /home/airflow/.local/lib/python3.8/site-packages/airflow/example_dags/example_complex.py
[2024-04-08T08:37:58.714+0000] {logging_mixin.py:188} INFO - [2024-04-08T08:37:58.714+0000] {dag.py:3047} INFO - Sync 1 DAGs
[2024-04-08T08:37:58.729+0000] {logging_mixin.py:188} INFO - [2024-04-08T08:37:58.728+0000] {dag.py:3834} INFO - Setting next_dagrun for example_complex to None, run_after=None
[2024-04-08T08:37:58.777+0000] {processor.py:183} INFO - Processing /home/airflow/.local/lib/python3.8/site-packages/airflow/example_dags/example_complex.py took 0.157 seconds
[2024-04-08T08:38:29.246+0000] {processor.py:161} INFO - Started process (PID=5828) to work on /home/airflow/.local/lib/python3.8/site-packages/airflow/example_dags/example_complex.py
[2024-04-08T08:38:29.247+0000] {processor.py:830} INFO - Processing file /home/airflow/.local/lib/python3.8/site-packages/airflow/example_dags/example_complex.py for tasks to queue
[2024-04-08T08:38:29.249+0000] {logging_mixin.py:188} INFO - [2024-04-08T08:38:29.248+0000] {dagbag.py:540} INFO - Filling up the DagBag from /home/airflow/.local/lib/python3.8/site-packages/airflow/example_dags/example_complex.py
[2024-04-08T08:38:29.270+0000] {processor.py:840} INFO - DAG(s) 'example_complex' retrieved from /home/airflow/.local/lib/python3.8/site-packages/airflow/example_dags/example_complex.py
[2024-04-08T08:38:29.310+0000] {logging_mixin.py:188} INFO - [2024-04-08T08:38:29.309+0000] {dag.py:3047} INFO - Sync 1 DAGs
[2024-04-08T08:38:29.325+0000] {logging_mixin.py:188} INFO - [2024-04-08T08:38:29.325+0000] {dag.py:3834} INFO - Setting next_dagrun for example_complex to None, run_after=None
[2024-04-08T08:38:29.352+0000] {processor.py:183} INFO - Processing /home/airflow/.local/lib/python3.8/site-packages/airflow/example_dags/example_complex.py took 0.114 seconds
[2024-04-08T08:38:59.792+0000] {processor.py:161} INFO - Started process (PID=6086) to work on /home/airflow/.local/lib/python3.8/site-packages/airflow/example_dags/example_complex.py
[2024-04-08T08:38:59.793+0000] {processor.py:830} INFO - Processing file /home/airflow/.local/lib/python3.8/site-packages/airflow/example_dags/example_complex.py for tasks to queue
[2024-04-08T08:38:59.794+0000] {logging_mixin.py:188} INFO - [2024-04-08T08:38:59.793+0000] {dagbag.py:540} INFO - Filling up the DagBag from /home/airflow/.local/lib/python3.8/site-packages/airflow/example_dags/example_complex.py
[2024-04-08T08:38:59.808+0000] {processor.py:840} INFO - DAG(s) 'example_complex' retrieved from /home/airflow/.local/lib/python3.8/site-packages/airflow/example_dags/example_complex.py
[2024-04-08T08:38:59.874+0000] {logging_mixin.py:188} INFO - [2024-04-08T08:38:59.873+0000] {dag.py:3047} INFO - Sync 1 DAGs
[2024-04-08T08:38:59.888+0000] {logging_mixin.py:188} INFO - [2024-04-08T08:38:59.887+0000] {dag.py:3834} INFO - Setting next_dagrun for example_complex to None, run_after=None
[2024-04-08T08:38:59.921+0000] {processor.py:183} INFO - Processing /home/airflow/.local/lib/python3.8/site-packages/airflow/example_dags/example_complex.py took 0.138 seconds
[2024-04-08T08:39:30.493+0000] {processor.py:161} INFO - Started process (PID=6342) to work on /home/airflow/.local/lib/python3.8/site-packages/airflow/example_dags/example_complex.py
[2024-04-08T08:39:30.494+0000] {processor.py:830} INFO - Processing file /home/airflow/.local/lib/python3.8/site-packages/airflow/example_dags/example_complex.py for tasks to queue
[2024-04-08T08:39:30.495+0000] {logging_mixin.py:188} INFO - [2024-04-08T08:39:30.495+0000] {dagbag.py:540} INFO - Filling up the DagBag from /home/airflow/.local/lib/python3.8/site-packages/airflow/example_dags/example_complex.py
[2024-04-08T08:39:30.510+0000] {processor.py:840} INFO - DAG(s) 'example_complex' retrieved from /home/airflow/.local/lib/python3.8/site-packages/airflow/example_dags/example_complex.py
[2024-04-08T08:39:30.553+0000] {logging_mixin.py:188} INFO - [2024-04-08T08:39:30.553+0000] {dag.py:3047} INFO - Sync 1 DAGs
[2024-04-08T08:39:30.567+0000] {logging_mixin.py:188} INFO - [2024-04-08T08:39:30.567+0000] {dag.py:3834} INFO - Setting next_dagrun for example_complex to None, run_after=None
[2024-04-08T08:39:30.591+0000] {processor.py:183} INFO - Processing /home/airflow/.local/lib/python3.8/site-packages/airflow/example_dags/example_complex.py took 0.102 seconds
[2024-04-08T08:40:00.944+0000] {processor.py:161} INFO - Started process (PID=6598) to work on /home/airflow/.local/lib/python3.8/site-packages/airflow/example_dags/example_complex.py
[2024-04-08T08:40:00.945+0000] {processor.py:830} INFO - Processing file /home/airflow/.local/lib/python3.8/site-packages/airflow/example_dags/example_complex.py for tasks to queue
[2024-04-08T08:40:00.961+0000] {logging_mixin.py:188} INFO - [2024-04-08T08:40:00.954+0000] {dagbag.py:540} INFO - Filling up the DagBag from /home/airflow/.local/lib/python3.8/site-packages/airflow/example_dags/example_complex.py
[2024-04-08T08:40:00.982+0000] {processor.py:840} INFO - DAG(s) 'example_complex' retrieved from /home/airflow/.local/lib/python3.8/site-packages/airflow/example_dags/example_complex.py
[2024-04-08T08:40:01.020+0000] {logging_mixin.py:188} INFO - [2024-04-08T08:40:01.020+0000] {dag.py:3047} INFO - Sync 1 DAGs
[2024-04-08T08:40:01.036+0000] {logging_mixin.py:188} INFO - [2024-04-08T08:40:01.035+0000] {dag.py:3834} INFO - Setting next_dagrun for example_complex to None, run_after=None
[2024-04-08T08:40:01.061+0000] {processor.py:183} INFO - Processing /home/airflow/.local/lib/python3.8/site-packages/airflow/example_dags/example_complex.py took 0.121 seconds
[2024-04-08T08:40:31.278+0000] {processor.py:161} INFO - Started process (PID=6856) to work on /home/airflow/.local/lib/python3.8/site-packages/airflow/example_dags/example_complex.py
[2024-04-08T08:40:31.279+0000] {processor.py:830} INFO - Processing file /home/airflow/.local/lib/python3.8/site-packages/airflow/example_dags/example_complex.py for tasks to queue
[2024-04-08T08:40:31.280+0000] {logging_mixin.py:188} INFO - [2024-04-08T08:40:31.280+0000] {dagbag.py:540} INFO - Filling up the DagBag from /home/airflow/.local/lib/python3.8/site-packages/airflow/example_dags/example_complex.py
[2024-04-08T08:40:31.295+0000] {processor.py:840} INFO - DAG(s) 'example_complex' retrieved from /home/airflow/.local/lib/python3.8/site-packages/airflow/example_dags/example_complex.py
[2024-04-08T08:40:31.337+0000] {logging_mixin.py:188} INFO - [2024-04-08T08:40:31.337+0000] {dag.py:3047} INFO - Sync 1 DAGs
[2024-04-08T08:40:31.351+0000] {logging_mixin.py:188} INFO - [2024-04-08T08:40:31.351+0000] {dag.py:3834} INFO - Setting next_dagrun for example_complex to None, run_after=None
[2024-04-08T08:40:31.377+0000] {processor.py:183} INFO - Processing /home/airflow/.local/lib/python3.8/site-packages/airflow/example_dags/example_complex.py took 0.103 seconds
[2024-04-08T08:41:01.725+0000] {processor.py:161} INFO - Started process (PID=7113) to work on /home/airflow/.local/lib/python3.8/site-packages/airflow/example_dags/example_complex.py
[2024-04-08T08:41:01.726+0000] {processor.py:830} INFO - Processing file /home/airflow/.local/lib/python3.8/site-packages/airflow/example_dags/example_complex.py for tasks to queue
[2024-04-08T08:41:01.727+0000] {logging_mixin.py:188} INFO - [2024-04-08T08:41:01.727+0000] {dagbag.py:540} INFO - Filling up the DagBag from /home/airflow/.local/lib/python3.8/site-packages/airflow/example_dags/example_complex.py
[2024-04-08T08:41:01.751+0000] {processor.py:840} INFO - DAG(s) 'example_complex' retrieved from /home/airflow/.local/lib/python3.8/site-packages/airflow/example_dags/example_complex.py
[2024-04-08T08:41:01.794+0000] {logging_mixin.py:188} INFO - [2024-04-08T08:41:01.794+0000] {dag.py:3047} INFO - Sync 1 DAGs
[2024-04-08T08:41:01.809+0000] {logging_mixin.py:188} INFO - [2024-04-08T08:41:01.809+0000] {dag.py:3834} INFO - Setting next_dagrun for example_complex to None, run_after=None
[2024-04-08T08:41:01.846+0000] {processor.py:183} INFO - Processing /home/airflow/.local/lib/python3.8/site-packages/airflow/example_dags/example_complex.py took 0.124 seconds
[2024-04-08T08:41:32.331+0000] {processor.py:161} INFO - Started process (PID=7370) to work on /home/airflow/.local/lib/python3.8/site-packages/airflow/example_dags/example_complex.py
[2024-04-08T08:41:32.332+0000] {processor.py:830} INFO - Processing file /home/airflow/.local/lib/python3.8/site-packages/airflow/example_dags/example_complex.py for tasks to queue
[2024-04-08T08:41:32.333+0000] {logging_mixin.py:188} INFO - [2024-04-08T08:41:32.333+0000] {dagbag.py:540} INFO - Filling up the DagBag from /home/airflow/.local/lib/python3.8/site-packages/airflow/example_dags/example_complex.py
[2024-04-08T08:41:32.353+0000] {processor.py:840} INFO - DAG(s) 'example_complex' retrieved from /home/airflow/.local/lib/python3.8/site-packages/airflow/example_dags/example_complex.py
[2024-04-08T08:41:32.388+0000] {logging_mixin.py:188} INFO - [2024-04-08T08:41:32.388+0000] {dag.py:3047} INFO - Sync 1 DAGs
[2024-04-08T08:41:32.402+0000] {logging_mixin.py:188} INFO - [2024-04-08T08:41:32.402+0000] {dag.py:3834} INFO - Setting next_dagrun for example_complex to None, run_after=None
[2024-04-08T08:41:32.428+0000] {processor.py:183} INFO - Processing /home/airflow/.local/lib/python3.8/site-packages/airflow/example_dags/example_complex.py took 0.101 seconds
[2024-04-08T08:42:02.631+0000] {processor.py:161} INFO - Started process (PID=7627) to work on /home/airflow/.local/lib/python3.8/site-packages/airflow/example_dags/example_complex.py
[2024-04-08T08:42:02.632+0000] {processor.py:830} INFO - Processing file /home/airflow/.local/lib/python3.8/site-packages/airflow/example_dags/example_complex.py for tasks to queue
[2024-04-08T08:42:02.633+0000] {logging_mixin.py:188} INFO - [2024-04-08T08:42:02.633+0000] {dagbag.py:540} INFO - Filling up the DagBag from /home/airflow/.local/lib/python3.8/site-packages/airflow/example_dags/example_complex.py
[2024-04-08T08:42:02.649+0000] {processor.py:840} INFO - DAG(s) 'example_complex' retrieved from /home/airflow/.local/lib/python3.8/site-packages/airflow/example_dags/example_complex.py
[2024-04-08T08:42:02.687+0000] {logging_mixin.py:188} INFO - [2024-04-08T08:42:02.687+0000] {dag.py:3047} INFO - Sync 1 DAGs
[2024-04-08T08:42:02.701+0000] {logging_mixin.py:188} INFO - [2024-04-08T08:42:02.701+0000] {dag.py:3834} INFO - Setting next_dagrun for example_complex to None, run_after=None
[2024-04-08T08:42:02.726+0000] {processor.py:183} INFO - Processing /home/airflow/.local/lib/python3.8/site-packages/airflow/example_dags/example_complex.py took 0.099 seconds
[2024-04-08T08:42:33.000+0000] {processor.py:161} INFO - Started process (PID=7884) to work on /home/airflow/.local/lib/python3.8/site-packages/airflow/example_dags/example_complex.py
[2024-04-08T08:42:33.001+0000] {processor.py:830} INFO - Processing file /home/airflow/.local/lib/python3.8/site-packages/airflow/example_dags/example_complex.py for tasks to queue
[2024-04-08T08:42:33.002+0000] {logging_mixin.py:188} INFO - [2024-04-08T08:42:33.001+0000] {dagbag.py:540} INFO - Filling up the DagBag from /home/airflow/.local/lib/python3.8/site-packages/airflow/example_dags/example_complex.py
[2024-04-08T08:42:33.022+0000] {processor.py:840} INFO - DAG(s) 'example_complex' retrieved from /home/airflow/.local/lib/python3.8/site-packages/airflow/example_dags/example_complex.py
[2024-04-08T08:42:33.065+0000] {logging_mixin.py:188} INFO - [2024-04-08T08:42:33.064+0000] {dag.py:3047} INFO - Sync 1 DAGs
[2024-04-08T08:42:33.090+0000] {logging_mixin.py:188} INFO - [2024-04-08T08:42:33.089+0000] {dag.py:3834} INFO - Setting next_dagrun for example_complex to None, run_after=None
[2024-04-08T08:42:33.116+0000] {processor.py:183} INFO - Processing /home/airflow/.local/lib/python3.8/site-packages/airflow/example_dags/example_complex.py took 0.120 seconds
[2024-04-08T08:43:03.352+0000] {processor.py:161} INFO - Started process (PID=8141) to work on /home/airflow/.local/lib/python3.8/site-packages/airflow/example_dags/example_complex.py
[2024-04-08T08:43:03.353+0000] {processor.py:830} INFO - Processing file /home/airflow/.local/lib/python3.8/site-packages/airflow/example_dags/example_complex.py for tasks to queue
[2024-04-08T08:43:03.354+0000] {logging_mixin.py:188} INFO - [2024-04-08T08:43:03.354+0000] {dagbag.py:540} INFO - Filling up the DagBag from /home/airflow/.local/lib/python3.8/site-packages/airflow/example_dags/example_complex.py
[2024-04-08T08:43:03.369+0000] {processor.py:840} INFO - DAG(s) 'example_complex' retrieved from /home/airflow/.local/lib/python3.8/site-packages/airflow/example_dags/example_complex.py
[2024-04-08T08:43:03.405+0000] {logging_mixin.py:188} INFO - [2024-04-08T08:43:03.405+0000] {dag.py:3047} INFO - Sync 1 DAGs
[2024-04-08T08:43:03.421+0000] {logging_mixin.py:188} INFO - [2024-04-08T08:43:03.420+0000] {dag.py:3834} INFO - Setting next_dagrun for example_complex to None, run_after=None
[2024-04-08T08:43:03.447+0000] {processor.py:183} INFO - Processing /home/airflow/.local/lib/python3.8/site-packages/airflow/example_dags/example_complex.py took 0.099 seconds
[2024-04-08T08:43:33.889+0000] {processor.py:161} INFO - Started process (PID=8398) to work on /home/airflow/.local/lib/python3.8/site-packages/airflow/example_dags/example_complex.py
[2024-04-08T08:43:33.890+0000] {processor.py:830} INFO - Processing file /home/airflow/.local/lib/python3.8/site-packages/airflow/example_dags/example_complex.py for tasks to queue
[2024-04-08T08:43:33.891+0000] {logging_mixin.py:188} INFO - [2024-04-08T08:43:33.891+0000] {dagbag.py:540} INFO - Filling up the DagBag from /home/airflow/.local/lib/python3.8/site-packages/airflow/example_dags/example_complex.py
[2024-04-08T08:43:33.911+0000] {processor.py:840} INFO - DAG(s) 'example_complex' retrieved from /home/airflow/.local/lib/python3.8/site-packages/airflow/example_dags/example_complex.py
[2024-04-08T08:43:33.948+0000] {logging_mixin.py:188} INFO - [2024-04-08T08:43:33.948+0000] {dag.py:3047} INFO - Sync 1 DAGs
[2024-04-08T08:43:33.962+0000] {logging_mixin.py:188} INFO - [2024-04-08T08:43:33.961+0000] {dag.py:3834} INFO - Setting next_dagrun for example_complex to None, run_after=None
[2024-04-08T08:43:33.986+0000] {processor.py:183} INFO - Processing /home/airflow/.local/lib/python3.8/site-packages/airflow/example_dags/example_complex.py took 0.101 seconds
[2024-04-08T08:44:04.438+0000] {processor.py:161} INFO - Started process (PID=8655) to work on /home/airflow/.local/lib/python3.8/site-packages/airflow/example_dags/example_complex.py
[2024-04-08T08:44:04.439+0000] {processor.py:830} INFO - Processing file /home/airflow/.local/lib/python3.8/site-packages/airflow/example_dags/example_complex.py for tasks to queue
[2024-04-08T08:44:04.440+0000] {logging_mixin.py:188} INFO - [2024-04-08T08:44:04.440+0000] {dagbag.py:540} INFO - Filling up the DagBag from /home/airflow/.local/lib/python3.8/site-packages/airflow/example_dags/example_complex.py
[2024-04-08T08:44:04.460+0000] {processor.py:840} INFO - DAG(s) 'example_complex' retrieved from /home/airflow/.local/lib/python3.8/site-packages/airflow/example_dags/example_complex.py
[2024-04-08T08:44:04.495+0000] {logging_mixin.py:188} INFO - [2024-04-08T08:44:04.495+0000] {dag.py:3047} INFO - Sync 1 DAGs
[2024-04-08T08:44:04.510+0000] {logging_mixin.py:188} INFO - [2024-04-08T08:44:04.510+0000] {dag.py:3834} INFO - Setting next_dagrun for example_complex to None, run_after=None
[2024-04-08T08:44:04.538+0000] {processor.py:183} INFO - Processing /home/airflow/.local/lib/python3.8/site-packages/airflow/example_dags/example_complex.py took 0.104 seconds
[2024-04-08T08:44:35.072+0000] {processor.py:161} INFO - Started process (PID=8913) to work on /home/airflow/.local/lib/python3.8/site-packages/airflow/example_dags/example_complex.py
[2024-04-08T08:44:35.073+0000] {processor.py:830} INFO - Processing file /home/airflow/.local/lib/python3.8/site-packages/airflow/example_dags/example_complex.py for tasks to queue
[2024-04-08T08:44:35.074+0000] {logging_mixin.py:188} INFO - [2024-04-08T08:44:35.073+0000] {dagbag.py:540} INFO - Filling up the DagBag from /home/airflow/.local/lib/python3.8/site-packages/airflow/example_dags/example_complex.py
[2024-04-08T08:44:35.093+0000] {processor.py:840} INFO - DAG(s) 'example_complex' retrieved from /home/airflow/.local/lib/python3.8/site-packages/airflow/example_dags/example_complex.py
[2024-04-08T08:44:35.130+0000] {logging_mixin.py:188} INFO - [2024-04-08T08:44:35.129+0000] {dag.py:3047} INFO - Sync 1 DAGs
[2024-04-08T08:44:35.144+0000] {logging_mixin.py:188} INFO - [2024-04-08T08:44:35.144+0000] {dag.py:3834} INFO - Setting next_dagrun for example_complex to None, run_after=None
[2024-04-08T08:44:35.169+0000] {processor.py:183} INFO - Processing /home/airflow/.local/lib/python3.8/site-packages/airflow/example_dags/example_complex.py took 0.100 seconds
[2024-04-08T08:45:05.436+0000] {processor.py:161} INFO - Started process (PID=9172) to work on /home/airflow/.local/lib/python3.8/site-packages/airflow/example_dags/example_complex.py
[2024-04-08T08:45:05.438+0000] {processor.py:830} INFO - Processing file /home/airflow/.local/lib/python3.8/site-packages/airflow/example_dags/example_complex.py for tasks to queue
[2024-04-08T08:45:05.439+0000] {logging_mixin.py:188} INFO - [2024-04-08T08:45:05.438+0000] {dagbag.py:540} INFO - Filling up the DagBag from /home/airflow/.local/lib/python3.8/site-packages/airflow/example_dags/example_complex.py
[2024-04-08T08:45:05.459+0000] {processor.py:840} INFO - DAG(s) 'example_complex' retrieved from /home/airflow/.local/lib/python3.8/site-packages/airflow/example_dags/example_complex.py
[2024-04-08T08:45:05.495+0000] {logging_mixin.py:188} INFO - [2024-04-08T08:45:05.495+0000] {dag.py:3047} INFO - Sync 1 DAGs
[2024-04-08T08:45:05.509+0000] {logging_mixin.py:188} INFO - [2024-04-08T08:45:05.509+0000] {dag.py:3834} INFO - Setting next_dagrun for example_complex to None, run_after=None
[2024-04-08T08:45:05.534+0000] {processor.py:183} INFO - Processing /home/airflow/.local/lib/python3.8/site-packages/airflow/example_dags/example_complex.py took 0.101 seconds
[2024-04-08T08:45:35.804+0000] {processor.py:161} INFO - Started process (PID=9428) to work on /home/airflow/.local/lib/python3.8/site-packages/airflow/example_dags/example_complex.py
[2024-04-08T08:45:35.805+0000] {processor.py:830} INFO - Processing file /home/airflow/.local/lib/python3.8/site-packages/airflow/example_dags/example_complex.py for tasks to queue
[2024-04-08T08:45:35.807+0000] {logging_mixin.py:188} INFO - [2024-04-08T08:45:35.806+0000] {dagbag.py:540} INFO - Filling up the DagBag from /home/airflow/.local/lib/python3.8/site-packages/airflow/example_dags/example_complex.py
[2024-04-08T08:45:35.821+0000] {processor.py:840} INFO - DAG(s) 'example_complex' retrieved from /home/airflow/.local/lib/python3.8/site-packages/airflow/example_dags/example_complex.py
[2024-04-08T08:45:35.860+0000] {logging_mixin.py:188} INFO - [2024-04-08T08:45:35.860+0000] {dag.py:3047} INFO - Sync 1 DAGs
[2024-04-08T08:45:35.873+0000] {logging_mixin.py:188} INFO - [2024-04-08T08:45:35.873+0000] {dag.py:3834} INFO - Setting next_dagrun for example_complex to None, run_after=None
[2024-04-08T08:45:35.899+0000] {processor.py:183} INFO - Processing /home/airflow/.local/lib/python3.8/site-packages/airflow/example_dags/example_complex.py took 0.098 seconds
[2024-04-08T08:46:06.109+0000] {processor.py:161} INFO - Started process (PID=9687) to work on /home/airflow/.local/lib/python3.8/site-packages/airflow/example_dags/example_complex.py
[2024-04-08T08:46:06.111+0000] {processor.py:830} INFO - Processing file /home/airflow/.local/lib/python3.8/site-packages/airflow/example_dags/example_complex.py for tasks to queue
[2024-04-08T08:46:06.112+0000] {logging_mixin.py:188} INFO - [2024-04-08T08:46:06.111+0000] {dagbag.py:540} INFO - Filling up the DagBag from /home/airflow/.local/lib/python3.8/site-packages/airflow/example_dags/example_complex.py
[2024-04-08T08:46:06.133+0000] {processor.py:840} INFO - DAG(s) 'example_complex' retrieved from /home/airflow/.local/lib/python3.8/site-packages/airflow/example_dags/example_complex.py
[2024-04-08T08:46:06.169+0000] {logging_mixin.py:188} INFO - [2024-04-08T08:46:06.169+0000] {dag.py:3047} INFO - Sync 1 DAGs
[2024-04-08T08:46:06.184+0000] {logging_mixin.py:188} INFO - [2024-04-08T08:46:06.184+0000] {dag.py:3834} INFO - Setting next_dagrun for example_complex to None, run_after=None
[2024-04-08T08:46:06.208+0000] {processor.py:183} INFO - Processing /home/airflow/.local/lib/python3.8/site-packages/airflow/example_dags/example_complex.py took 0.102 seconds
[2024-04-08T08:46:36.477+0000] {processor.py:161} INFO - Started process (PID=9944) to work on /home/airflow/.local/lib/python3.8/site-packages/airflow/example_dags/example_complex.py
[2024-04-08T08:46:36.479+0000] {processor.py:830} INFO - Processing file /home/airflow/.local/lib/python3.8/site-packages/airflow/example_dags/example_complex.py for tasks to queue
[2024-04-08T08:46:36.480+0000] {logging_mixin.py:188} INFO - [2024-04-08T08:46:36.479+0000] {dagbag.py:540} INFO - Filling up the DagBag from /home/airflow/.local/lib/python3.8/site-packages/airflow/example_dags/example_complex.py
[2024-04-08T08:46:36.495+0000] {processor.py:840} INFO - DAG(s) 'example_complex' retrieved from /home/airflow/.local/lib/python3.8/site-packages/airflow/example_dags/example_complex.py
[2024-04-08T08:46:36.551+0000] {logging_mixin.py:188} INFO - [2024-04-08T08:46:36.551+0000] {dag.py:3047} INFO - Sync 1 DAGs
[2024-04-08T08:46:36.566+0000] {logging_mixin.py:188} INFO - [2024-04-08T08:46:36.566+0000] {dag.py:3834} INFO - Setting next_dagrun for example_complex to None, run_after=None
[2024-04-08T08:46:36.593+0000] {processor.py:183} INFO - Processing /home/airflow/.local/lib/python3.8/site-packages/airflow/example_dags/example_complex.py took 0.120 seconds
[2024-04-08T08:47:07.063+0000] {processor.py:161} INFO - Started process (PID=10201) to work on /home/airflow/.local/lib/python3.8/site-packages/airflow/example_dags/example_complex.py
[2024-04-08T08:47:07.064+0000] {processor.py:830} INFO - Processing file /home/airflow/.local/lib/python3.8/site-packages/airflow/example_dags/example_complex.py for tasks to queue
[2024-04-08T08:47:07.065+0000] {logging_mixin.py:188} INFO - [2024-04-08T08:47:07.064+0000] {dagbag.py:540} INFO - Filling up the DagBag from /home/airflow/.local/lib/python3.8/site-packages/airflow/example_dags/example_complex.py
[2024-04-08T08:47:07.105+0000] {processor.py:840} INFO - DAG(s) 'example_complex' retrieved from /home/airflow/.local/lib/python3.8/site-packages/airflow/example_dags/example_complex.py
[2024-04-08T08:47:07.145+0000] {logging_mixin.py:188} INFO - [2024-04-08T08:47:07.144+0000] {dag.py:3047} INFO - Sync 1 DAGs
[2024-04-08T08:47:07.159+0000] {logging_mixin.py:188} INFO - [2024-04-08T08:47:07.159+0000] {dag.py:3834} INFO - Setting next_dagrun for example_complex to None, run_after=None
[2024-04-08T08:47:07.192+0000] {processor.py:183} INFO - Processing /home/airflow/.local/lib/python3.8/site-packages/airflow/example_dags/example_complex.py took 0.133 seconds
[2024-04-08T08:47:37.243+0000] {processor.py:161} INFO - Started process (PID=10460) to work on /home/airflow/.local/lib/python3.8/site-packages/airflow/example_dags/example_complex.py
[2024-04-08T08:47:37.244+0000] {processor.py:830} INFO - Processing file /home/airflow/.local/lib/python3.8/site-packages/airflow/example_dags/example_complex.py for tasks to queue
[2024-04-08T08:47:37.245+0000] {logging_mixin.py:188} INFO - [2024-04-08T08:47:37.245+0000] {dagbag.py:540} INFO - Filling up the DagBag from /home/airflow/.local/lib/python3.8/site-packages/airflow/example_dags/example_complex.py
[2024-04-08T08:47:37.254+0000] {processor.py:840} INFO - DAG(s) 'example_complex' retrieved from /home/airflow/.local/lib/python3.8/site-packages/airflow/example_dags/example_complex.py
[2024-04-08T08:47:37.280+0000] {logging_mixin.py:188} INFO - [2024-04-08T08:47:37.280+0000] {dag.py:3047} INFO - Sync 1 DAGs
[2024-04-08T08:47:37.289+0000] {logging_mixin.py:188} INFO - [2024-04-08T08:47:37.289+0000] {dag.py:3834} INFO - Setting next_dagrun for example_complex to None, run_after=None
[2024-04-08T08:47:37.312+0000] {processor.py:183} INFO - Processing /home/airflow/.local/lib/python3.8/site-packages/airflow/example_dags/example_complex.py took 0.071 seconds
[2024-04-08T08:48:07.375+0000] {processor.py:161} INFO - Started process (PID=10715) to work on /home/airflow/.local/lib/python3.8/site-packages/airflow/example_dags/example_complex.py
[2024-04-08T08:48:07.377+0000] {processor.py:830} INFO - Processing file /home/airflow/.local/lib/python3.8/site-packages/airflow/example_dags/example_complex.py for tasks to queue
[2024-04-08T08:48:07.378+0000] {logging_mixin.py:188} INFO - [2024-04-08T08:48:07.377+0000] {dagbag.py:540} INFO - Filling up the DagBag from /home/airflow/.local/lib/python3.8/site-packages/airflow/example_dags/example_complex.py
[2024-04-08T08:48:07.398+0000] {processor.py:840} INFO - DAG(s) 'example_complex' retrieved from /home/airflow/.local/lib/python3.8/site-packages/airflow/example_dags/example_complex.py
[2024-04-08T08:48:07.433+0000] {logging_mixin.py:188} INFO - [2024-04-08T08:48:07.433+0000] {dag.py:3047} INFO - Sync 1 DAGs
[2024-04-08T08:48:07.448+0000] {logging_mixin.py:188} INFO - [2024-04-08T08:48:07.448+0000] {dag.py:3834} INFO - Setting next_dagrun for example_complex to None, run_after=None
[2024-04-08T08:48:07.472+0000] {processor.py:183} INFO - Processing /home/airflow/.local/lib/python3.8/site-packages/airflow/example_dags/example_complex.py took 0.102 seconds
[2024-04-08T08:48:37.921+0000] {processor.py:161} INFO - Started process (PID=10972) to work on /home/airflow/.local/lib/python3.8/site-packages/airflow/example_dags/example_complex.py
[2024-04-08T08:48:37.923+0000] {processor.py:830} INFO - Processing file /home/airflow/.local/lib/python3.8/site-packages/airflow/example_dags/example_complex.py for tasks to queue
[2024-04-08T08:48:37.924+0000] {logging_mixin.py:188} INFO - [2024-04-08T08:48:37.923+0000] {dagbag.py:540} INFO - Filling up the DagBag from /home/airflow/.local/lib/python3.8/site-packages/airflow/example_dags/example_complex.py
[2024-04-08T08:48:37.943+0000] {processor.py:840} INFO - DAG(s) 'example_complex' retrieved from /home/airflow/.local/lib/python3.8/site-packages/airflow/example_dags/example_complex.py
[2024-04-08T08:48:37.980+0000] {logging_mixin.py:188} INFO - [2024-04-08T08:48:37.979+0000] {dag.py:3047} INFO - Sync 1 DAGs
[2024-04-08T08:48:37.994+0000] {logging_mixin.py:188} INFO - [2024-04-08T08:48:37.994+0000] {dag.py:3834} INFO - Setting next_dagrun for example_complex to None, run_after=None
[2024-04-08T08:48:38.018+0000] {processor.py:183} INFO - Processing /home/airflow/.local/lib/python3.8/site-packages/airflow/example_dags/example_complex.py took 0.101 seconds
[2024-04-08T08:49:08.305+0000] {processor.py:161} INFO - Started process (PID=11229) to work on /home/airflow/.local/lib/python3.8/site-packages/airflow/example_dags/example_complex.py
[2024-04-08T08:49:08.306+0000] {processor.py:830} INFO - Processing file /home/airflow/.local/lib/python3.8/site-packages/airflow/example_dags/example_complex.py for tasks to queue
[2024-04-08T08:49:08.308+0000] {logging_mixin.py:188} INFO - [2024-04-08T08:49:08.307+0000] {dagbag.py:540} INFO - Filling up the DagBag from /home/airflow/.local/lib/python3.8/site-packages/airflow/example_dags/example_complex.py
[2024-04-08T08:49:08.324+0000] {processor.py:840} INFO - DAG(s) 'example_complex' retrieved from /home/airflow/.local/lib/python3.8/site-packages/airflow/example_dags/example_complex.py
[2024-04-08T08:49:08.375+0000] {logging_mixin.py:188} INFO - [2024-04-08T08:49:08.375+0000] {dag.py:3047} INFO - Sync 1 DAGs
[2024-04-08T08:49:08.389+0000] {logging_mixin.py:188} INFO - [2024-04-08T08:49:08.389+0000] {dag.py:3834} INFO - Setting next_dagrun for example_complex to None, run_after=None
[2024-04-08T08:49:08.414+0000] {processor.py:183} INFO - Processing /home/airflow/.local/lib/python3.8/site-packages/airflow/example_dags/example_complex.py took 0.112 seconds
[2024-04-08T08:49:38.720+0000] {processor.py:161} INFO - Started process (PID=11486) to work on /home/airflow/.local/lib/python3.8/site-packages/airflow/example_dags/example_complex.py
[2024-04-08T08:49:38.721+0000] {processor.py:830} INFO - Processing file /home/airflow/.local/lib/python3.8/site-packages/airflow/example_dags/example_complex.py for tasks to queue
[2024-04-08T08:49:38.722+0000] {logging_mixin.py:188} INFO - [2024-04-08T08:49:38.722+0000] {dagbag.py:540} INFO - Filling up the DagBag from /home/airflow/.local/lib/python3.8/site-packages/airflow/example_dags/example_complex.py
[2024-04-08T08:49:38.738+0000] {processor.py:840} INFO - DAG(s) 'example_complex' retrieved from /home/airflow/.local/lib/python3.8/site-packages/airflow/example_dags/example_complex.py
[2024-04-08T08:49:38.782+0000] {logging_mixin.py:188} INFO - [2024-04-08T08:49:38.781+0000] {dag.py:3047} INFO - Sync 1 DAGs
[2024-04-08T08:49:38.795+0000] {logging_mixin.py:188} INFO - [2024-04-08T08:49:38.795+0000] {dag.py:3834} INFO - Setting next_dagrun for example_complex to None, run_after=None
[2024-04-08T08:49:38.820+0000] {processor.py:183} INFO - Processing /home/airflow/.local/lib/python3.8/site-packages/airflow/example_dags/example_complex.py took 0.105 seconds
[2024-04-08T08:50:09.237+0000] {processor.py:161} INFO - Started process (PID=11743) to work on /home/airflow/.local/lib/python3.8/site-packages/airflow/example_dags/example_complex.py
[2024-04-08T08:50:09.238+0000] {processor.py:830} INFO - Processing file /home/airflow/.local/lib/python3.8/site-packages/airflow/example_dags/example_complex.py for tasks to queue
[2024-04-08T08:50:09.239+0000] {logging_mixin.py:188} INFO - [2024-04-08T08:50:09.238+0000] {dagbag.py:540} INFO - Filling up the DagBag from /home/airflow/.local/lib/python3.8/site-packages/airflow/example_dags/example_complex.py
[2024-04-08T08:50:09.261+0000] {processor.py:840} INFO - DAG(s) 'example_complex' retrieved from /home/airflow/.local/lib/python3.8/site-packages/airflow/example_dags/example_complex.py
[2024-04-08T08:50:09.334+0000] {logging_mixin.py:188} INFO - [2024-04-08T08:50:09.333+0000] {dag.py:3047} INFO - Sync 1 DAGs
[2024-04-08T08:50:09.352+0000] {logging_mixin.py:188} INFO - [2024-04-08T08:50:09.352+0000] {dag.py:3834} INFO - Setting next_dagrun for example_complex to None, run_after=None
[2024-04-08T08:50:09.376+0000] {processor.py:183} INFO - Processing /home/airflow/.local/lib/python3.8/site-packages/airflow/example_dags/example_complex.py took 0.142 seconds
[2024-04-08T08:50:39.790+0000] {processor.py:161} INFO - Started process (PID=12000) to work on /home/airflow/.local/lib/python3.8/site-packages/airflow/example_dags/example_complex.py
[2024-04-08T08:50:39.791+0000] {processor.py:830} INFO - Processing file /home/airflow/.local/lib/python3.8/site-packages/airflow/example_dags/example_complex.py for tasks to queue
[2024-04-08T08:50:39.792+0000] {logging_mixin.py:188} INFO - [2024-04-08T08:50:39.792+0000] {dagbag.py:540} INFO - Filling up the DagBag from /home/airflow/.local/lib/python3.8/site-packages/airflow/example_dags/example_complex.py
[2024-04-08T08:50:39.807+0000] {processor.py:840} INFO - DAG(s) 'example_complex' retrieved from /home/airflow/.local/lib/python3.8/site-packages/airflow/example_dags/example_complex.py
[2024-04-08T08:50:39.844+0000] {logging_mixin.py:188} INFO - [2024-04-08T08:50:39.844+0000] {dag.py:3047} INFO - Sync 1 DAGs
[2024-04-08T08:50:39.861+0000] {logging_mixin.py:188} INFO - [2024-04-08T08:50:39.861+0000] {dag.py:3834} INFO - Setting next_dagrun for example_complex to None, run_after=None
[2024-04-08T08:50:39.885+0000] {processor.py:183} INFO - Processing /home/airflow/.local/lib/python3.8/site-packages/airflow/example_dags/example_complex.py took 0.100 seconds
[2024-04-08T08:51:10.225+0000] {processor.py:161} INFO - Started process (PID=12257) to work on /home/airflow/.local/lib/python3.8/site-packages/airflow/example_dags/example_complex.py
[2024-04-08T08:51:10.225+0000] {processor.py:830} INFO - Processing file /home/airflow/.local/lib/python3.8/site-packages/airflow/example_dags/example_complex.py for tasks to queue
[2024-04-08T08:51:10.226+0000] {logging_mixin.py:188} INFO - [2024-04-08T08:51:10.226+0000] {dagbag.py:540} INFO - Filling up the DagBag from /home/airflow/.local/lib/python3.8/site-packages/airflow/example_dags/example_complex.py
[2024-04-08T08:51:10.248+0000] {processor.py:840} INFO - DAG(s) 'example_complex' retrieved from /home/airflow/.local/lib/python3.8/site-packages/airflow/example_dags/example_complex.py
[2024-04-08T08:51:10.285+0000] {logging_mixin.py:188} INFO - [2024-04-08T08:51:10.285+0000] {dag.py:3047} INFO - Sync 1 DAGs
[2024-04-08T08:51:10.301+0000] {logging_mixin.py:188} INFO - [2024-04-08T08:51:10.301+0000] {dag.py:3834} INFO - Setting next_dagrun for example_complex to None, run_after=None
[2024-04-08T08:51:10.325+0000] {processor.py:183} INFO - Processing /home/airflow/.local/lib/python3.8/site-packages/airflow/example_dags/example_complex.py took 0.104 seconds
[2024-04-08T08:51:40.684+0000] {processor.py:161} INFO - Started process (PID=12515) to work on /home/airflow/.local/lib/python3.8/site-packages/airflow/example_dags/example_complex.py
[2024-04-08T08:51:40.690+0000] {processor.py:830} INFO - Processing file /home/airflow/.local/lib/python3.8/site-packages/airflow/example_dags/example_complex.py for tasks to queue
[2024-04-08T08:51:40.691+0000] {logging_mixin.py:188} INFO - [2024-04-08T08:51:40.691+0000] {dagbag.py:540} INFO - Filling up the DagBag from /home/airflow/.local/lib/python3.8/site-packages/airflow/example_dags/example_complex.py
[2024-04-08T08:51:40.715+0000] {processor.py:840} INFO - DAG(s) 'example_complex' retrieved from /home/airflow/.local/lib/python3.8/site-packages/airflow/example_dags/example_complex.py
[2024-04-08T08:51:40.751+0000] {logging_mixin.py:188} INFO - [2024-04-08T08:51:40.751+0000] {dag.py:3047} INFO - Sync 1 DAGs
[2024-04-08T08:51:40.766+0000] {logging_mixin.py:188} INFO - [2024-04-08T08:51:40.766+0000] {dag.py:3834} INFO - Setting next_dagrun for example_complex to None, run_after=None
[2024-04-08T08:51:40.794+0000] {processor.py:183} INFO - Processing /home/airflow/.local/lib/python3.8/site-packages/airflow/example_dags/example_complex.py took 0.113 seconds
[2024-04-08T08:52:11.029+0000] {processor.py:161} INFO - Started process (PID=12773) to work on /home/airflow/.local/lib/python3.8/site-packages/airflow/example_dags/example_complex.py
[2024-04-08T08:52:11.030+0000] {processor.py:830} INFO - Processing file /home/airflow/.local/lib/python3.8/site-packages/airflow/example_dags/example_complex.py for tasks to queue
[2024-04-08T08:52:11.031+0000] {logging_mixin.py:188} INFO - [2024-04-08T08:52:11.031+0000] {dagbag.py:540} INFO - Filling up the DagBag from /home/airflow/.local/lib/python3.8/site-packages/airflow/example_dags/example_complex.py
[2024-04-08T08:52:11.076+0000] {processor.py:840} INFO - DAG(s) 'example_complex' retrieved from /home/airflow/.local/lib/python3.8/site-packages/airflow/example_dags/example_complex.py
[2024-04-08T08:52:11.172+0000] {logging_mixin.py:188} INFO - [2024-04-08T08:52:11.172+0000] {dag.py:3047} INFO - Sync 1 DAGs
[2024-04-08T08:52:11.192+0000] {logging_mixin.py:188} INFO - [2024-04-08T08:52:11.191+0000] {dag.py:3834} INFO - Setting next_dagrun for example_complex to None, run_after=None
[2024-04-08T08:52:11.261+0000] {processor.py:183} INFO - Processing /home/airflow/.local/lib/python3.8/site-packages/airflow/example_dags/example_complex.py took 0.241 seconds
[2024-04-08T08:52:41.650+0000] {processor.py:161} INFO - Started process (PID=13036) to work on /home/airflow/.local/lib/python3.8/site-packages/airflow/example_dags/example_complex.py
[2024-04-08T08:52:41.652+0000] {processor.py:830} INFO - Processing file /home/airflow/.local/lib/python3.8/site-packages/airflow/example_dags/example_complex.py for tasks to queue
[2024-04-08T08:52:41.653+0000] {logging_mixin.py:188} INFO - [2024-04-08T08:52:41.652+0000] {dagbag.py:540} INFO - Filling up the DagBag from /home/airflow/.local/lib/python3.8/site-packages/airflow/example_dags/example_complex.py
[2024-04-08T08:52:41.672+0000] {processor.py:840} INFO - DAG(s) 'example_complex' retrieved from /home/airflow/.local/lib/python3.8/site-packages/airflow/example_dags/example_complex.py
[2024-04-08T08:52:41.708+0000] {logging_mixin.py:188} INFO - [2024-04-08T08:52:41.708+0000] {dag.py:3047} INFO - Sync 1 DAGs
[2024-04-08T08:52:41.723+0000] {logging_mixin.py:188} INFO - [2024-04-08T08:52:41.723+0000] {dag.py:3834} INFO - Setting next_dagrun for example_complex to None, run_after=None
[2024-04-08T08:52:41.747+0000] {processor.py:183} INFO - Processing /home/airflow/.local/lib/python3.8/site-packages/airflow/example_dags/example_complex.py took 0.101 seconds
[2024-04-08T08:53:12.225+0000] {processor.py:161} INFO - Started process (PID=13293) to work on /home/airflow/.local/lib/python3.8/site-packages/airflow/example_dags/example_complex.py
[2024-04-08T08:53:12.226+0000] {processor.py:830} INFO - Processing file /home/airflow/.local/lib/python3.8/site-packages/airflow/example_dags/example_complex.py for tasks to queue
[2024-04-08T08:53:12.228+0000] {logging_mixin.py:188} INFO - [2024-04-08T08:53:12.227+0000] {dagbag.py:540} INFO - Filling up the DagBag from /home/airflow/.local/lib/python3.8/site-packages/airflow/example_dags/example_complex.py
[2024-04-08T08:53:12.247+0000] {processor.py:840} INFO - DAG(s) 'example_complex' retrieved from /home/airflow/.local/lib/python3.8/site-packages/airflow/example_dags/example_complex.py
[2024-04-08T08:53:12.284+0000] {logging_mixin.py:188} INFO - [2024-04-08T08:53:12.284+0000] {dag.py:3047} INFO - Sync 1 DAGs
[2024-04-08T08:53:12.302+0000] {logging_mixin.py:188} INFO - [2024-04-08T08:53:12.302+0000] {dag.py:3834} INFO - Setting next_dagrun for example_complex to None, run_after=None
[2024-04-08T08:53:12.331+0000] {processor.py:183} INFO - Processing /home/airflow/.local/lib/python3.8/site-packages/airflow/example_dags/example_complex.py took 0.109 seconds
[2024-04-08T08:53:42.486+0000] {processor.py:161} INFO - Started process (PID=13550) to work on /home/airflow/.local/lib/python3.8/site-packages/airflow/example_dags/example_complex.py
[2024-04-08T08:53:42.495+0000] {processor.py:830} INFO - Processing file /home/airflow/.local/lib/python3.8/site-packages/airflow/example_dags/example_complex.py for tasks to queue
[2024-04-08T08:53:42.496+0000] {logging_mixin.py:188} INFO - [2024-04-08T08:53:42.495+0000] {dagbag.py:540} INFO - Filling up the DagBag from /home/airflow/.local/lib/python3.8/site-packages/airflow/example_dags/example_complex.py
[2024-04-08T08:53:42.543+0000] {processor.py:840} INFO - DAG(s) 'example_complex' retrieved from /home/airflow/.local/lib/python3.8/site-packages/airflow/example_dags/example_complex.py
[2024-04-08T08:53:42.591+0000] {logging_mixin.py:188} INFO - [2024-04-08T08:53:42.591+0000] {dag.py:3047} INFO - Sync 1 DAGs
[2024-04-08T08:53:42.605+0000] {logging_mixin.py:188} INFO - [2024-04-08T08:53:42.605+0000] {dag.py:3834} INFO - Setting next_dagrun for example_complex to None, run_after=None
[2024-04-08T08:53:42.631+0000] {processor.py:183} INFO - Processing /home/airflow/.local/lib/python3.8/site-packages/airflow/example_dags/example_complex.py took 0.148 seconds
[2024-04-08T08:54:13.111+0000] {processor.py:161} INFO - Started process (PID=13808) to work on /home/airflow/.local/lib/python3.8/site-packages/airflow/example_dags/example_complex.py
[2024-04-08T08:54:13.112+0000] {processor.py:830} INFO - Processing file /home/airflow/.local/lib/python3.8/site-packages/airflow/example_dags/example_complex.py for tasks to queue
[2024-04-08T08:54:13.113+0000] {logging_mixin.py:188} INFO - [2024-04-08T08:54:13.113+0000] {dagbag.py:540} INFO - Filling up the DagBag from /home/airflow/.local/lib/python3.8/site-packages/airflow/example_dags/example_complex.py
[2024-04-08T08:54:13.132+0000] {processor.py:840} INFO - DAG(s) 'example_complex' retrieved from /home/airflow/.local/lib/python3.8/site-packages/airflow/example_dags/example_complex.py
[2024-04-08T08:54:13.169+0000] {logging_mixin.py:188} INFO - [2024-04-08T08:54:13.169+0000] {dag.py:3047} INFO - Sync 1 DAGs
[2024-04-08T08:54:13.185+0000] {logging_mixin.py:188} INFO - [2024-04-08T08:54:13.184+0000] {dag.py:3834} INFO - Setting next_dagrun for example_complex to None, run_after=None
[2024-04-08T08:54:13.209+0000] {processor.py:183} INFO - Processing /home/airflow/.local/lib/python3.8/site-packages/airflow/example_dags/example_complex.py took 0.102 seconds
[2024-04-08T08:54:43.526+0000] {processor.py:161} INFO - Started process (PID=14066) to work on /home/airflow/.local/lib/python3.8/site-packages/airflow/example_dags/example_complex.py
[2024-04-08T08:54:43.527+0000] {processor.py:830} INFO - Processing file /home/airflow/.local/lib/python3.8/site-packages/airflow/example_dags/example_complex.py for tasks to queue
[2024-04-08T08:54:43.529+0000] {logging_mixin.py:188} INFO - [2024-04-08T08:54:43.529+0000] {dagbag.py:540} INFO - Filling up the DagBag from /home/airflow/.local/lib/python3.8/site-packages/airflow/example_dags/example_complex.py
[2024-04-08T08:54:43.553+0000] {processor.py:840} INFO - DAG(s) 'example_complex' retrieved from /home/airflow/.local/lib/python3.8/site-packages/airflow/example_dags/example_complex.py
[2024-04-08T08:54:43.589+0000] {logging_mixin.py:188} INFO - [2024-04-08T08:54:43.589+0000] {dag.py:3047} INFO - Sync 1 DAGs
[2024-04-08T08:54:43.603+0000] {logging_mixin.py:188} INFO - [2024-04-08T08:54:43.603+0000] {dag.py:3834} INFO - Setting next_dagrun for example_complex to None, run_after=None
[2024-04-08T08:54:43.628+0000] {processor.py:183} INFO - Processing /home/airflow/.local/lib/python3.8/site-packages/airflow/example_dags/example_complex.py took 0.106 seconds
[2024-04-08T08:55:13.875+0000] {processor.py:161} INFO - Started process (PID=14324) to work on /home/airflow/.local/lib/python3.8/site-packages/airflow/example_dags/example_complex.py
[2024-04-08T08:55:13.876+0000] {processor.py:830} INFO - Processing file /home/airflow/.local/lib/python3.8/site-packages/airflow/example_dags/example_complex.py for tasks to queue
[2024-04-08T08:55:13.878+0000] {logging_mixin.py:188} INFO - [2024-04-08T08:55:13.877+0000] {dagbag.py:540} INFO - Filling up the DagBag from /home/airflow/.local/lib/python3.8/site-packages/airflow/example_dags/example_complex.py
[2024-04-08T08:55:13.898+0000] {processor.py:840} INFO - DAG(s) 'example_complex' retrieved from /home/airflow/.local/lib/python3.8/site-packages/airflow/example_dags/example_complex.py
[2024-04-08T08:55:13.934+0000] {logging_mixin.py:188} INFO - [2024-04-08T08:55:13.933+0000] {dag.py:3047} INFO - Sync 1 DAGs
[2024-04-08T08:55:13.948+0000] {logging_mixin.py:188} INFO - [2024-04-08T08:55:13.948+0000] {dag.py:3834} INFO - Setting next_dagrun for example_complex to None, run_after=None
[2024-04-08T08:55:13.973+0000] {processor.py:183} INFO - Processing /home/airflow/.local/lib/python3.8/site-packages/airflow/example_dags/example_complex.py took 0.102 seconds
[2024-04-08T08:55:44.261+0000] {processor.py:161} INFO - Started process (PID=14582) to work on /home/airflow/.local/lib/python3.8/site-packages/airflow/example_dags/example_complex.py
[2024-04-08T08:55:44.263+0000] {processor.py:830} INFO - Processing file /home/airflow/.local/lib/python3.8/site-packages/airflow/example_dags/example_complex.py for tasks to queue
[2024-04-08T08:55:44.264+0000] {logging_mixin.py:188} INFO - [2024-04-08T08:55:44.263+0000] {dagbag.py:540} INFO - Filling up the DagBag from /home/airflow/.local/lib/python3.8/site-packages/airflow/example_dags/example_complex.py
[2024-04-08T08:55:44.278+0000] {processor.py:840} INFO - DAG(s) 'example_complex' retrieved from /home/airflow/.local/lib/python3.8/site-packages/airflow/example_dags/example_complex.py
[2024-04-08T08:55:44.315+0000] {logging_mixin.py:188} INFO - [2024-04-08T08:55:44.315+0000] {dag.py:3047} INFO - Sync 1 DAGs
[2024-04-08T08:55:44.330+0000] {logging_mixin.py:188} INFO - [2024-04-08T08:55:44.330+0000] {dag.py:3834} INFO - Setting next_dagrun for example_complex to None, run_after=None
[2024-04-08T08:55:44.369+0000] {processor.py:183} INFO - Processing /home/airflow/.local/lib/python3.8/site-packages/airflow/example_dags/example_complex.py took 0.112 seconds
[2024-04-08T08:56:14.560+0000] {processor.py:161} INFO - Started process (PID=14840) to work on /home/airflow/.local/lib/python3.8/site-packages/airflow/example_dags/example_complex.py
[2024-04-08T08:56:14.561+0000] {processor.py:830} INFO - Processing file /home/airflow/.local/lib/python3.8/site-packages/airflow/example_dags/example_complex.py for tasks to queue
[2024-04-08T08:56:14.563+0000] {logging_mixin.py:188} INFO - [2024-04-08T08:56:14.562+0000] {dagbag.py:540} INFO - Filling up the DagBag from /home/airflow/.local/lib/python3.8/site-packages/airflow/example_dags/example_complex.py
[2024-04-08T08:56:14.581+0000] {processor.py:840} INFO - DAG(s) 'example_complex' retrieved from /home/airflow/.local/lib/python3.8/site-packages/airflow/example_dags/example_complex.py
[2024-04-08T08:56:14.620+0000] {logging_mixin.py:188} INFO - [2024-04-08T08:56:14.620+0000] {dag.py:3047} INFO - Sync 1 DAGs
[2024-04-08T08:56:14.635+0000] {logging_mixin.py:188} INFO - [2024-04-08T08:56:14.635+0000] {dag.py:3834} INFO - Setting next_dagrun for example_complex to None, run_after=None
[2024-04-08T08:56:14.661+0000] {processor.py:183} INFO - Processing /home/airflow/.local/lib/python3.8/site-packages/airflow/example_dags/example_complex.py took 0.105 seconds
[2024-04-08T08:56:44.977+0000] {processor.py:161} INFO - Started process (PID=15097) to work on /home/airflow/.local/lib/python3.8/site-packages/airflow/example_dags/example_complex.py
[2024-04-08T08:56:44.978+0000] {processor.py:830} INFO - Processing file /home/airflow/.local/lib/python3.8/site-packages/airflow/example_dags/example_complex.py for tasks to queue
[2024-04-08T08:56:44.979+0000] {logging_mixin.py:188} INFO - [2024-04-08T08:56:44.979+0000] {dagbag.py:540} INFO - Filling up the DagBag from /home/airflow/.local/lib/python3.8/site-packages/airflow/example_dags/example_complex.py
[2024-04-08T08:56:44.996+0000] {processor.py:840} INFO - DAG(s) 'example_complex' retrieved from /home/airflow/.local/lib/python3.8/site-packages/airflow/example_dags/example_complex.py
[2024-04-08T08:56:45.035+0000] {logging_mixin.py:188} INFO - [2024-04-08T08:56:45.034+0000] {dag.py:3047} INFO - Sync 1 DAGs
[2024-04-08T08:56:45.049+0000] {logging_mixin.py:188} INFO - [2024-04-08T08:56:45.049+0000] {dag.py:3834} INFO - Setting next_dagrun for example_complex to None, run_after=None
[2024-04-08T08:56:45.080+0000] {processor.py:183} INFO - Processing /home/airflow/.local/lib/python3.8/site-packages/airflow/example_dags/example_complex.py took 0.107 seconds
