[2024-04-08T08:27:20.719+0000] {processor.py:161} INFO - Started process (PID=285) to work on /home/airflow/.local/lib/python3.8/site-packages/airflow/example_dags/example_external_task_marker_dag.py
[2024-04-08T08:27:20.720+0000] {processor.py:830} INFO - Processing file /home/airflow/.local/lib/python3.8/site-packages/airflow/example_dags/example_external_task_marker_dag.py for tasks to queue
[2024-04-08T08:27:20.721+0000] {logging_mixin.py:188} INFO - [2024-04-08T08:27:20.721+0000] {dagbag.py:540} INFO - Filling up the DagBag from /home/airflow/.local/lib/python3.8/site-packages/airflow/example_dags/example_external_task_marker_dag.py
[2024-04-08T08:27:20.731+0000] {processor.py:840} INFO - DAG(s) 'example_external_task_marker_child', 'example_external_task_marker_parent' retrieved from /home/airflow/.local/lib/python3.8/site-packages/airflow/example_dags/example_external_task_marker_dag.py
[2024-04-08T08:27:20.779+0000] {logging_mixin.py:188} INFO - [2024-04-08T08:27:20.778+0000] {dag.py:3047} INFO - Sync 2 DAGs
[2024-04-08T08:27:20.800+0000] {logging_mixin.py:188} INFO - [2024-04-08T08:27:20.799+0000] {dag.py:3834} INFO - Setting next_dagrun for example_external_task_marker_child to None, run_after=None
[2024-04-08T08:27:20.806+0000] {logging_mixin.py:188} INFO - [2024-04-08T08:27:20.806+0000] {dag.py:3834} INFO - Setting next_dagrun for example_external_task_marker_parent to None, run_after=None
[2024-04-08T08:27:20.831+0000] {processor.py:183} INFO - Processing /home/airflow/.local/lib/python3.8/site-packages/airflow/example_dags/example_external_task_marker_dag.py took 0.122 seconds
[2024-04-08T08:27:50.875+0000] {processor.py:161} INFO - Started process (PID=539) to work on /home/airflow/.local/lib/python3.8/site-packages/airflow/example_dags/example_external_task_marker_dag.py
[2024-04-08T08:27:50.876+0000] {processor.py:830} INFO - Processing file /home/airflow/.local/lib/python3.8/site-packages/airflow/example_dags/example_external_task_marker_dag.py for tasks to queue
[2024-04-08T08:27:50.876+0000] {logging_mixin.py:188} INFO - [2024-04-08T08:27:50.876+0000] {dagbag.py:540} INFO - Filling up the DagBag from /home/airflow/.local/lib/python3.8/site-packages/airflow/example_dags/example_external_task_marker_dag.py
[2024-04-08T08:27:50.881+0000] {processor.py:840} INFO - DAG(s) 'example_external_task_marker_child', 'example_external_task_marker_parent' retrieved from /home/airflow/.local/lib/python3.8/site-packages/airflow/example_dags/example_external_task_marker_dag.py
[2024-04-08T08:27:50.900+0000] {logging_mixin.py:188} INFO - [2024-04-08T08:27:50.900+0000] {dag.py:3047} INFO - Sync 2 DAGs
[2024-04-08T08:27:50.910+0000] {logging_mixin.py:188} INFO - [2024-04-08T08:27:50.910+0000] {dag.py:3834} INFO - Setting next_dagrun for example_external_task_marker_child to None, run_after=None
[2024-04-08T08:27:50.913+0000] {logging_mixin.py:188} INFO - [2024-04-08T08:27:50.913+0000] {dag.py:3834} INFO - Setting next_dagrun for example_external_task_marker_parent to None, run_after=None
[2024-04-08T08:27:50.935+0000] {processor.py:183} INFO - Processing /home/airflow/.local/lib/python3.8/site-packages/airflow/example_dags/example_external_task_marker_dag.py took 0.063 seconds
[2024-04-08T08:28:21.787+0000] {processor.py:161} INFO - Started process (PID=800) to work on /home/airflow/.local/lib/python3.8/site-packages/airflow/example_dags/example_external_task_marker_dag.py
[2024-04-08T08:28:21.803+0000] {processor.py:830} INFO - Processing file /home/airflow/.local/lib/python3.8/site-packages/airflow/example_dags/example_external_task_marker_dag.py for tasks to queue
[2024-04-08T08:28:21.806+0000] {logging_mixin.py:188} INFO - [2024-04-08T08:28:21.805+0000] {dagbag.py:540} INFO - Filling up the DagBag from /home/airflow/.local/lib/python3.8/site-packages/airflow/example_dags/example_external_task_marker_dag.py
[2024-04-08T08:28:21.819+0000] {processor.py:840} INFO - DAG(s) 'example_external_task_marker_parent', 'example_external_task_marker_child' retrieved from /home/airflow/.local/lib/python3.8/site-packages/airflow/example_dags/example_external_task_marker_dag.py
[2024-04-08T08:28:21.854+0000] {logging_mixin.py:188} INFO - [2024-04-08T08:28:21.854+0000] {dag.py:3047} INFO - Sync 2 DAGs
[2024-04-08T08:28:21.868+0000] {logging_mixin.py:188} INFO - [2024-04-08T08:28:21.868+0000] {dag.py:3834} INFO - Setting next_dagrun for example_external_task_marker_child to None, run_after=None
[2024-04-08T08:28:21.872+0000] {logging_mixin.py:188} INFO - [2024-04-08T08:28:21.872+0000] {dag.py:3834} INFO - Setting next_dagrun for example_external_task_marker_parent to None, run_after=None
[2024-04-08T08:28:21.894+0000] {processor.py:183} INFO - Processing /home/airflow/.local/lib/python3.8/site-packages/airflow/example_dags/example_external_task_marker_dag.py took 0.126 seconds
[2024-04-08T08:28:52.168+0000] {processor.py:161} INFO - Started process (PID=1058) to work on /home/airflow/.local/lib/python3.8/site-packages/airflow/example_dags/example_external_task_marker_dag.py
[2024-04-08T08:28:52.170+0000] {processor.py:830} INFO - Processing file /home/airflow/.local/lib/python3.8/site-packages/airflow/example_dags/example_external_task_marker_dag.py for tasks to queue
[2024-04-08T08:28:52.171+0000] {logging_mixin.py:188} INFO - [2024-04-08T08:28:52.170+0000] {dagbag.py:540} INFO - Filling up the DagBag from /home/airflow/.local/lib/python3.8/site-packages/airflow/example_dags/example_external_task_marker_dag.py
[2024-04-08T08:28:52.177+0000] {processor.py:840} INFO - DAG(s) 'example_external_task_marker_parent', 'example_external_task_marker_child' retrieved from /home/airflow/.local/lib/python3.8/site-packages/airflow/example_dags/example_external_task_marker_dag.py
[2024-04-08T08:28:52.205+0000] {logging_mixin.py:188} INFO - [2024-04-08T08:28:52.205+0000] {dag.py:3047} INFO - Sync 2 DAGs
[2024-04-08T08:28:52.221+0000] {logging_mixin.py:188} INFO - [2024-04-08T08:28:52.220+0000] {dag.py:3834} INFO - Setting next_dagrun for example_external_task_marker_child to None, run_after=None
[2024-04-08T08:28:52.226+0000] {logging_mixin.py:188} INFO - [2024-04-08T08:28:52.225+0000] {dag.py:3834} INFO - Setting next_dagrun for example_external_task_marker_parent to None, run_after=None
[2024-04-08T08:28:52.268+0000] {processor.py:183} INFO - Processing /home/airflow/.local/lib/python3.8/site-packages/airflow/example_dags/example_external_task_marker_dag.py took 0.104 seconds
[2024-04-08T08:29:22.959+0000] {processor.py:161} INFO - Started process (PID=1316) to work on /home/airflow/.local/lib/python3.8/site-packages/airflow/example_dags/example_external_task_marker_dag.py
[2024-04-08T08:29:22.960+0000] {processor.py:830} INFO - Processing file /home/airflow/.local/lib/python3.8/site-packages/airflow/example_dags/example_external_task_marker_dag.py for tasks to queue
[2024-04-08T08:29:22.961+0000] {logging_mixin.py:188} INFO - [2024-04-08T08:29:22.961+0000] {dagbag.py:540} INFO - Filling up the DagBag from /home/airflow/.local/lib/python3.8/site-packages/airflow/example_dags/example_external_task_marker_dag.py
[2024-04-08T08:29:22.968+0000] {processor.py:840} INFO - DAG(s) 'example_external_task_marker_child', 'example_external_task_marker_parent' retrieved from /home/airflow/.local/lib/python3.8/site-packages/airflow/example_dags/example_external_task_marker_dag.py
[2024-04-08T08:29:22.994+0000] {logging_mixin.py:188} INFO - [2024-04-08T08:29:22.994+0000] {dag.py:3047} INFO - Sync 2 DAGs
[2024-04-08T08:29:23.007+0000] {logging_mixin.py:188} INFO - [2024-04-08T08:29:23.006+0000] {dag.py:3834} INFO - Setting next_dagrun for example_external_task_marker_child to None, run_after=None
[2024-04-08T08:29:23.011+0000] {logging_mixin.py:188} INFO - [2024-04-08T08:29:23.011+0000] {dag.py:3834} INFO - Setting next_dagrun for example_external_task_marker_parent to None, run_after=None
[2024-04-08T08:29:23.032+0000] {processor.py:183} INFO - Processing /home/airflow/.local/lib/python3.8/site-packages/airflow/example_dags/example_external_task_marker_dag.py took 0.076 seconds
[2024-04-08T08:29:53.258+0000] {processor.py:161} INFO - Started process (PID=1573) to work on /home/airflow/.local/lib/python3.8/site-packages/airflow/example_dags/example_external_task_marker_dag.py
[2024-04-08T08:29:53.260+0000] {processor.py:830} INFO - Processing file /home/airflow/.local/lib/python3.8/site-packages/airflow/example_dags/example_external_task_marker_dag.py for tasks to queue
[2024-04-08T08:29:53.261+0000] {logging_mixin.py:188} INFO - [2024-04-08T08:29:53.260+0000] {dagbag.py:540} INFO - Filling up the DagBag from /home/airflow/.local/lib/python3.8/site-packages/airflow/example_dags/example_external_task_marker_dag.py
[2024-04-08T08:29:53.268+0000] {processor.py:840} INFO - DAG(s) 'example_external_task_marker_parent', 'example_external_task_marker_child' retrieved from /home/airflow/.local/lib/python3.8/site-packages/airflow/example_dags/example_external_task_marker_dag.py
[2024-04-08T08:29:53.295+0000] {logging_mixin.py:188} INFO - [2024-04-08T08:29:53.294+0000] {dag.py:3047} INFO - Sync 2 DAGs
[2024-04-08T08:29:53.309+0000] {logging_mixin.py:188} INFO - [2024-04-08T08:29:53.309+0000] {dag.py:3834} INFO - Setting next_dagrun for example_external_task_marker_child to None, run_after=None
[2024-04-08T08:29:53.313+0000] {logging_mixin.py:188} INFO - [2024-04-08T08:29:53.313+0000] {dag.py:3834} INFO - Setting next_dagrun for example_external_task_marker_parent to None, run_after=None
[2024-04-08T08:29:53.335+0000] {processor.py:183} INFO - Processing /home/airflow/.local/lib/python3.8/site-packages/airflow/example_dags/example_external_task_marker_dag.py took 0.080 seconds
[2024-04-08T08:30:24.060+0000] {processor.py:161} INFO - Started process (PID=1831) to work on /home/airflow/.local/lib/python3.8/site-packages/airflow/example_dags/example_external_task_marker_dag.py
[2024-04-08T08:30:24.067+0000] {processor.py:830} INFO - Processing file /home/airflow/.local/lib/python3.8/site-packages/airflow/example_dags/example_external_task_marker_dag.py for tasks to queue
[2024-04-08T08:30:24.068+0000] {logging_mixin.py:188} INFO - [2024-04-08T08:30:24.068+0000] {dagbag.py:540} INFO - Filling up the DagBag from /home/airflow/.local/lib/python3.8/site-packages/airflow/example_dags/example_external_task_marker_dag.py
[2024-04-08T08:30:24.103+0000] {processor.py:840} INFO - DAG(s) 'example_external_task_marker_child', 'example_external_task_marker_parent' retrieved from /home/airflow/.local/lib/python3.8/site-packages/airflow/example_dags/example_external_task_marker_dag.py
[2024-04-08T08:30:24.134+0000] {logging_mixin.py:188} INFO - [2024-04-08T08:30:24.134+0000] {dag.py:3047} INFO - Sync 2 DAGs
[2024-04-08T08:30:24.148+0000] {logging_mixin.py:188} INFO - [2024-04-08T08:30:24.148+0000] {dag.py:3834} INFO - Setting next_dagrun for example_external_task_marker_child to None, run_after=None
[2024-04-08T08:30:24.153+0000] {logging_mixin.py:188} INFO - [2024-04-08T08:30:24.153+0000] {dag.py:3834} INFO - Setting next_dagrun for example_external_task_marker_parent to None, run_after=None
[2024-04-08T08:30:24.176+0000] {processor.py:183} INFO - Processing /home/airflow/.local/lib/python3.8/site-packages/airflow/example_dags/example_external_task_marker_dag.py took 0.132 seconds
[2024-04-08T08:30:55.031+0000] {processor.py:161} INFO - Started process (PID=2088) to work on /home/airflow/.local/lib/python3.8/site-packages/airflow/example_dags/example_external_task_marker_dag.py
[2024-04-08T08:30:55.032+0000] {processor.py:830} INFO - Processing file /home/airflow/.local/lib/python3.8/site-packages/airflow/example_dags/example_external_task_marker_dag.py for tasks to queue
[2024-04-08T08:30:55.033+0000] {logging_mixin.py:188} INFO - [2024-04-08T08:30:55.033+0000] {dagbag.py:540} INFO - Filling up the DagBag from /home/airflow/.local/lib/python3.8/site-packages/airflow/example_dags/example_external_task_marker_dag.py
[2024-04-08T08:30:55.040+0000] {processor.py:840} INFO - DAG(s) 'example_external_task_marker_child', 'example_external_task_marker_parent' retrieved from /home/airflow/.local/lib/python3.8/site-packages/airflow/example_dags/example_external_task_marker_dag.py
[2024-04-08T08:30:55.067+0000] {logging_mixin.py:188} INFO - [2024-04-08T08:30:55.067+0000] {dag.py:3047} INFO - Sync 2 DAGs
[2024-04-08T08:30:55.083+0000] {logging_mixin.py:188} INFO - [2024-04-08T08:30:55.082+0000] {dag.py:3834} INFO - Setting next_dagrun for example_external_task_marker_child to None, run_after=None
[2024-04-08T08:30:55.087+0000] {logging_mixin.py:188} INFO - [2024-04-08T08:30:55.086+0000] {dag.py:3834} INFO - Setting next_dagrun for example_external_task_marker_parent to None, run_after=None
[2024-04-08T08:30:55.109+0000] {processor.py:183} INFO - Processing /home/airflow/.local/lib/python3.8/site-packages/airflow/example_dags/example_external_task_marker_dag.py took 0.082 seconds
[2024-04-08T08:31:25.276+0000] {processor.py:161} INFO - Started process (PID=2343) to work on /home/airflow/.local/lib/python3.8/site-packages/airflow/example_dags/example_external_task_marker_dag.py
[2024-04-08T08:31:25.284+0000] {processor.py:830} INFO - Processing file /home/airflow/.local/lib/python3.8/site-packages/airflow/example_dags/example_external_task_marker_dag.py for tasks to queue
[2024-04-08T08:31:25.286+0000] {logging_mixin.py:188} INFO - [2024-04-08T08:31:25.285+0000] {dagbag.py:540} INFO - Filling up the DagBag from /home/airflow/.local/lib/python3.8/site-packages/airflow/example_dags/example_external_task_marker_dag.py
[2024-04-08T08:31:25.299+0000] {processor.py:840} INFO - DAG(s) 'example_external_task_marker_child', 'example_external_task_marker_parent' retrieved from /home/airflow/.local/lib/python3.8/site-packages/airflow/example_dags/example_external_task_marker_dag.py
[2024-04-08T08:31:25.370+0000] {logging_mixin.py:188} INFO - [2024-04-08T08:31:25.370+0000] {dag.py:3047} INFO - Sync 2 DAGs
[2024-04-08T08:31:25.416+0000] {logging_mixin.py:188} INFO - [2024-04-08T08:31:25.416+0000] {dag.py:3834} INFO - Setting next_dagrun for example_external_task_marker_child to None, run_after=None
[2024-04-08T08:31:25.420+0000] {logging_mixin.py:188} INFO - [2024-04-08T08:31:25.420+0000] {dag.py:3834} INFO - Setting next_dagrun for example_external_task_marker_parent to None, run_after=None
[2024-04-08T08:31:25.444+0000] {processor.py:183} INFO - Processing /home/airflow/.local/lib/python3.8/site-packages/airflow/example_dags/example_external_task_marker_dag.py took 0.172 seconds
[2024-04-08T08:31:55.974+0000] {processor.py:161} INFO - Started process (PID=2602) to work on /home/airflow/.local/lib/python3.8/site-packages/airflow/example_dags/example_external_task_marker_dag.py
[2024-04-08T08:31:55.975+0000] {processor.py:830} INFO - Processing file /home/airflow/.local/lib/python3.8/site-packages/airflow/example_dags/example_external_task_marker_dag.py for tasks to queue
[2024-04-08T08:31:55.976+0000] {logging_mixin.py:188} INFO - [2024-04-08T08:31:55.976+0000] {dagbag.py:540} INFO - Filling up the DagBag from /home/airflow/.local/lib/python3.8/site-packages/airflow/example_dags/example_external_task_marker_dag.py
[2024-04-08T08:31:55.983+0000] {processor.py:840} INFO - DAG(s) 'example_external_task_marker_child', 'example_external_task_marker_parent' retrieved from /home/airflow/.local/lib/python3.8/site-packages/airflow/example_dags/example_external_task_marker_dag.py
[2024-04-08T08:31:56.042+0000] {logging_mixin.py:188} INFO - [2024-04-08T08:31:56.042+0000] {dag.py:3047} INFO - Sync 2 DAGs
[2024-04-08T08:31:56.070+0000] {logging_mixin.py:188} INFO - [2024-04-08T08:31:56.070+0000] {dag.py:3834} INFO - Setting next_dagrun for example_external_task_marker_child to None, run_after=None
[2024-04-08T08:31:56.080+0000] {logging_mixin.py:188} INFO - [2024-04-08T08:31:56.080+0000] {dag.py:3834} INFO - Setting next_dagrun for example_external_task_marker_parent to None, run_after=None
[2024-04-08T08:31:56.115+0000] {processor.py:183} INFO - Processing /home/airflow/.local/lib/python3.8/site-packages/airflow/example_dags/example_external_task_marker_dag.py took 0.145 seconds
[2024-04-08T08:32:26.676+0000] {processor.py:161} INFO - Started process (PID=2859) to work on /home/airflow/.local/lib/python3.8/site-packages/airflow/example_dags/example_external_task_marker_dag.py
[2024-04-08T08:32:26.677+0000] {processor.py:830} INFO - Processing file /home/airflow/.local/lib/python3.8/site-packages/airflow/example_dags/example_external_task_marker_dag.py for tasks to queue
[2024-04-08T08:32:26.678+0000] {logging_mixin.py:188} INFO - [2024-04-08T08:32:26.678+0000] {dagbag.py:540} INFO - Filling up the DagBag from /home/airflow/.local/lib/python3.8/site-packages/airflow/example_dags/example_external_task_marker_dag.py
[2024-04-08T08:32:26.688+0000] {processor.py:840} INFO - DAG(s) 'example_external_task_marker_parent', 'example_external_task_marker_child' retrieved from /home/airflow/.local/lib/python3.8/site-packages/airflow/example_dags/example_external_task_marker_dag.py
[2024-04-08T08:32:26.730+0000] {logging_mixin.py:188} INFO - [2024-04-08T08:32:26.729+0000] {dag.py:3047} INFO - Sync 2 DAGs
[2024-04-08T08:32:26.756+0000] {logging_mixin.py:188} INFO - [2024-04-08T08:32:26.755+0000] {dag.py:3834} INFO - Setting next_dagrun for example_external_task_marker_child to None, run_after=None
[2024-04-08T08:32:26.761+0000] {logging_mixin.py:188} INFO - [2024-04-08T08:32:26.761+0000] {dag.py:3834} INFO - Setting next_dagrun for example_external_task_marker_parent to None, run_after=None
[2024-04-08T08:32:26.809+0000] {processor.py:183} INFO - Processing /home/airflow/.local/lib/python3.8/site-packages/airflow/example_dags/example_external_task_marker_dag.py took 0.137 seconds
[2024-04-08T08:32:57.773+0000] {processor.py:161} INFO - Started process (PID=3118) to work on /home/airflow/.local/lib/python3.8/site-packages/airflow/example_dags/example_external_task_marker_dag.py
[2024-04-08T08:32:57.774+0000] {processor.py:830} INFO - Processing file /home/airflow/.local/lib/python3.8/site-packages/airflow/example_dags/example_external_task_marker_dag.py for tasks to queue
[2024-04-08T08:32:57.775+0000] {logging_mixin.py:188} INFO - [2024-04-08T08:32:57.774+0000] {dagbag.py:540} INFO - Filling up the DagBag from /home/airflow/.local/lib/python3.8/site-packages/airflow/example_dags/example_external_task_marker_dag.py
[2024-04-08T08:32:57.781+0000] {processor.py:840} INFO - DAG(s) 'example_external_task_marker_child', 'example_external_task_marker_parent' retrieved from /home/airflow/.local/lib/python3.8/site-packages/airflow/example_dags/example_external_task_marker_dag.py
[2024-04-08T08:32:57.811+0000] {logging_mixin.py:188} INFO - [2024-04-08T08:32:57.811+0000] {dag.py:3047} INFO - Sync 2 DAGs
[2024-04-08T08:32:57.826+0000] {logging_mixin.py:188} INFO - [2024-04-08T08:32:57.826+0000] {dag.py:3834} INFO - Setting next_dagrun for example_external_task_marker_child to None, run_after=None
[2024-04-08T08:32:57.830+0000] {logging_mixin.py:188} INFO - [2024-04-08T08:32:57.830+0000] {dag.py:3834} INFO - Setting next_dagrun for example_external_task_marker_parent to None, run_after=None
[2024-04-08T08:32:57.851+0000] {processor.py:183} INFO - Processing /home/airflow/.local/lib/python3.8/site-packages/airflow/example_dags/example_external_task_marker_dag.py took 0.082 seconds
[2024-04-08T08:33:28.268+0000] {processor.py:161} INFO - Started process (PID=3373) to work on /home/airflow/.local/lib/python3.8/site-packages/airflow/example_dags/example_external_task_marker_dag.py
[2024-04-08T08:33:28.269+0000] {processor.py:830} INFO - Processing file /home/airflow/.local/lib/python3.8/site-packages/airflow/example_dags/example_external_task_marker_dag.py for tasks to queue
[2024-04-08T08:33:28.271+0000] {logging_mixin.py:188} INFO - [2024-04-08T08:33:28.270+0000] {dagbag.py:540} INFO - Filling up the DagBag from /home/airflow/.local/lib/python3.8/site-packages/airflow/example_dags/example_external_task_marker_dag.py
[2024-04-08T08:33:28.277+0000] {processor.py:840} INFO - DAG(s) 'example_external_task_marker_parent', 'example_external_task_marker_child' retrieved from /home/airflow/.local/lib/python3.8/site-packages/airflow/example_dags/example_external_task_marker_dag.py
[2024-04-08T08:33:28.306+0000] {logging_mixin.py:188} INFO - [2024-04-08T08:33:28.306+0000] {dag.py:3047} INFO - Sync 2 DAGs
[2024-04-08T08:33:28.321+0000] {logging_mixin.py:188} INFO - [2024-04-08T08:33:28.320+0000] {dag.py:3834} INFO - Setting next_dagrun for example_external_task_marker_child to None, run_after=None
[2024-04-08T08:33:28.325+0000] {logging_mixin.py:188} INFO - [2024-04-08T08:33:28.324+0000] {dag.py:3834} INFO - Setting next_dagrun for example_external_task_marker_parent to None, run_after=None
[2024-04-08T08:33:28.348+0000] {processor.py:183} INFO - Processing /home/airflow/.local/lib/python3.8/site-packages/airflow/example_dags/example_external_task_marker_dag.py took 0.084 seconds
[2024-04-08T08:33:58.663+0000] {processor.py:161} INFO - Started process (PID=3630) to work on /home/airflow/.local/lib/python3.8/site-packages/airflow/example_dags/example_external_task_marker_dag.py
[2024-04-08T08:33:58.664+0000] {processor.py:830} INFO - Processing file /home/airflow/.local/lib/python3.8/site-packages/airflow/example_dags/example_external_task_marker_dag.py for tasks to queue
[2024-04-08T08:33:58.665+0000] {logging_mixin.py:188} INFO - [2024-04-08T08:33:58.665+0000] {dagbag.py:540} INFO - Filling up the DagBag from /home/airflow/.local/lib/python3.8/site-packages/airflow/example_dags/example_external_task_marker_dag.py
[2024-04-08T08:33:58.672+0000] {processor.py:840} INFO - DAG(s) 'example_external_task_marker_child', 'example_external_task_marker_parent' retrieved from /home/airflow/.local/lib/python3.8/site-packages/airflow/example_dags/example_external_task_marker_dag.py
[2024-04-08T08:33:58.697+0000] {logging_mixin.py:188} INFO - [2024-04-08T08:33:58.697+0000] {dag.py:3047} INFO - Sync 2 DAGs
[2024-04-08T08:33:58.713+0000] {logging_mixin.py:188} INFO - [2024-04-08T08:33:58.712+0000] {dag.py:3834} INFO - Setting next_dagrun for example_external_task_marker_child to None, run_after=None
[2024-04-08T08:33:58.717+0000] {logging_mixin.py:188} INFO - [2024-04-08T08:33:58.716+0000] {dag.py:3834} INFO - Setting next_dagrun for example_external_task_marker_parent to None, run_after=None
[2024-04-08T08:33:58.740+0000] {processor.py:183} INFO - Processing /home/airflow/.local/lib/python3.8/site-packages/airflow/example_dags/example_external_task_marker_dag.py took 0.081 seconds
[2024-04-08T08:34:28.872+0000] {processor.py:161} INFO - Started process (PID=3886) to work on /home/airflow/.local/lib/python3.8/site-packages/airflow/example_dags/example_external_task_marker_dag.py
[2024-04-08T08:34:28.873+0000] {processor.py:830} INFO - Processing file /home/airflow/.local/lib/python3.8/site-packages/airflow/example_dags/example_external_task_marker_dag.py for tasks to queue
[2024-04-08T08:34:28.874+0000] {logging_mixin.py:188} INFO - [2024-04-08T08:34:28.874+0000] {dagbag.py:540} INFO - Filling up the DagBag from /home/airflow/.local/lib/python3.8/site-packages/airflow/example_dags/example_external_task_marker_dag.py
[2024-04-08T08:34:28.881+0000] {processor.py:840} INFO - DAG(s) 'example_external_task_marker_parent', 'example_external_task_marker_child' retrieved from /home/airflow/.local/lib/python3.8/site-packages/airflow/example_dags/example_external_task_marker_dag.py
[2024-04-08T08:34:28.913+0000] {logging_mixin.py:188} INFO - [2024-04-08T08:34:28.913+0000] {dag.py:3047} INFO - Sync 2 DAGs
[2024-04-08T08:34:28.929+0000] {logging_mixin.py:188} INFO - [2024-04-08T08:34:28.928+0000] {dag.py:3834} INFO - Setting next_dagrun for example_external_task_marker_child to None, run_after=None
[2024-04-08T08:34:28.933+0000] {logging_mixin.py:188} INFO - [2024-04-08T08:34:28.933+0000] {dag.py:3834} INFO - Setting next_dagrun for example_external_task_marker_parent to None, run_after=None
[2024-04-08T08:34:28.956+0000] {processor.py:183} INFO - Processing /home/airflow/.local/lib/python3.8/site-packages/airflow/example_dags/example_external_task_marker_dag.py took 0.088 seconds
[2024-04-08T08:34:59.205+0000] {processor.py:161} INFO - Started process (PID=4143) to work on /home/airflow/.local/lib/python3.8/site-packages/airflow/example_dags/example_external_task_marker_dag.py
[2024-04-08T08:34:59.207+0000] {processor.py:830} INFO - Processing file /home/airflow/.local/lib/python3.8/site-packages/airflow/example_dags/example_external_task_marker_dag.py for tasks to queue
[2024-04-08T08:34:59.208+0000] {logging_mixin.py:188} INFO - [2024-04-08T08:34:59.207+0000] {dagbag.py:540} INFO - Filling up the DagBag from /home/airflow/.local/lib/python3.8/site-packages/airflow/example_dags/example_external_task_marker_dag.py
[2024-04-08T08:34:59.214+0000] {processor.py:840} INFO - DAG(s) 'example_external_task_marker_parent', 'example_external_task_marker_child' retrieved from /home/airflow/.local/lib/python3.8/site-packages/airflow/example_dags/example_external_task_marker_dag.py
[2024-04-08T08:34:59.242+0000] {logging_mixin.py:188} INFO - [2024-04-08T08:34:59.241+0000] {dag.py:3047} INFO - Sync 2 DAGs
[2024-04-08T08:34:59.254+0000] {logging_mixin.py:188} INFO - [2024-04-08T08:34:59.253+0000] {dag.py:3834} INFO - Setting next_dagrun for example_external_task_marker_child to None, run_after=None
[2024-04-08T08:34:59.257+0000] {logging_mixin.py:188} INFO - [2024-04-08T08:34:59.257+0000] {dag.py:3834} INFO - Setting next_dagrun for example_external_task_marker_parent to None, run_after=None
[2024-04-08T08:34:59.281+0000] {processor.py:183} INFO - Processing /home/airflow/.local/lib/python3.8/site-packages/airflow/example_dags/example_external_task_marker_dag.py took 0.079 seconds
[2024-04-08T08:35:30.061+0000] {processor.py:161} INFO - Started process (PID=4403) to work on /home/airflow/.local/lib/python3.8/site-packages/airflow/example_dags/example_external_task_marker_dag.py
[2024-04-08T08:35:30.062+0000] {processor.py:830} INFO - Processing file /home/airflow/.local/lib/python3.8/site-packages/airflow/example_dags/example_external_task_marker_dag.py for tasks to queue
[2024-04-08T08:35:30.063+0000] {logging_mixin.py:188} INFO - [2024-04-08T08:35:30.063+0000] {dagbag.py:540} INFO - Filling up the DagBag from /home/airflow/.local/lib/python3.8/site-packages/airflow/example_dags/example_external_task_marker_dag.py
[2024-04-08T08:35:30.070+0000] {processor.py:840} INFO - DAG(s) 'example_external_task_marker_child', 'example_external_task_marker_parent' retrieved from /home/airflow/.local/lib/python3.8/site-packages/airflow/example_dags/example_external_task_marker_dag.py
[2024-04-08T08:35:30.098+0000] {logging_mixin.py:188} INFO - [2024-04-08T08:35:30.098+0000] {dag.py:3047} INFO - Sync 2 DAGs
[2024-04-08T08:35:30.114+0000] {logging_mixin.py:188} INFO - [2024-04-08T08:35:30.114+0000] {dag.py:3834} INFO - Setting next_dagrun for example_external_task_marker_child to None, run_after=None
[2024-04-08T08:35:30.118+0000] {logging_mixin.py:188} INFO - [2024-04-08T08:35:30.118+0000] {dag.py:3834} INFO - Setting next_dagrun for example_external_task_marker_parent to None, run_after=None
[2024-04-08T08:35:30.147+0000] {processor.py:183} INFO - Processing /home/airflow/.local/lib/python3.8/site-packages/airflow/example_dags/example_external_task_marker_dag.py took 0.089 seconds
[2024-04-08T08:36:00.579+0000] {processor.py:161} INFO - Started process (PID=4658) to work on /home/airflow/.local/lib/python3.8/site-packages/airflow/example_dags/example_external_task_marker_dag.py
[2024-04-08T08:36:00.580+0000] {processor.py:830} INFO - Processing file /home/airflow/.local/lib/python3.8/site-packages/airflow/example_dags/example_external_task_marker_dag.py for tasks to queue
[2024-04-08T08:36:00.582+0000] {logging_mixin.py:188} INFO - [2024-04-08T08:36:00.581+0000] {dagbag.py:540} INFO - Filling up the DagBag from /home/airflow/.local/lib/python3.8/site-packages/airflow/example_dags/example_external_task_marker_dag.py
[2024-04-08T08:36:00.589+0000] {processor.py:840} INFO - DAG(s) 'example_external_task_marker_parent', 'example_external_task_marker_child' retrieved from /home/airflow/.local/lib/python3.8/site-packages/airflow/example_dags/example_external_task_marker_dag.py
[2024-04-08T08:36:00.615+0000] {logging_mixin.py:188} INFO - [2024-04-08T08:36:00.615+0000] {dag.py:3047} INFO - Sync 2 DAGs
[2024-04-08T08:36:00.631+0000] {logging_mixin.py:188} INFO - [2024-04-08T08:36:00.631+0000] {dag.py:3834} INFO - Setting next_dagrun for example_external_task_marker_child to None, run_after=None
[2024-04-08T08:36:00.635+0000] {logging_mixin.py:188} INFO - [2024-04-08T08:36:00.635+0000] {dag.py:3834} INFO - Setting next_dagrun for example_external_task_marker_parent to None, run_after=None
[2024-04-08T08:36:00.659+0000] {processor.py:183} INFO - Processing /home/airflow/.local/lib/python3.8/site-packages/airflow/example_dags/example_external_task_marker_dag.py took 0.085 seconds
[2024-04-08T08:36:30.902+0000] {processor.py:161} INFO - Started process (PID=4916) to work on /home/airflow/.local/lib/python3.8/site-packages/airflow/example_dags/example_external_task_marker_dag.py
[2024-04-08T08:36:30.902+0000] {processor.py:830} INFO - Processing file /home/airflow/.local/lib/python3.8/site-packages/airflow/example_dags/example_external_task_marker_dag.py for tasks to queue
[2024-04-08T08:36:30.903+0000] {logging_mixin.py:188} INFO - [2024-04-08T08:36:30.903+0000] {dagbag.py:540} INFO - Filling up the DagBag from /home/airflow/.local/lib/python3.8/site-packages/airflow/example_dags/example_external_task_marker_dag.py
[2024-04-08T08:36:30.910+0000] {processor.py:840} INFO - DAG(s) 'example_external_task_marker_parent', 'example_external_task_marker_child' retrieved from /home/airflow/.local/lib/python3.8/site-packages/airflow/example_dags/example_external_task_marker_dag.py
[2024-04-08T08:36:30.937+0000] {logging_mixin.py:188} INFO - [2024-04-08T08:36:30.937+0000] {dag.py:3047} INFO - Sync 2 DAGs
[2024-04-08T08:36:30.952+0000] {logging_mixin.py:188} INFO - [2024-04-08T08:36:30.952+0000] {dag.py:3834} INFO - Setting next_dagrun for example_external_task_marker_child to None, run_after=None
[2024-04-08T08:36:30.956+0000] {logging_mixin.py:188} INFO - [2024-04-08T08:36:30.956+0000] {dag.py:3834} INFO - Setting next_dagrun for example_external_task_marker_parent to None, run_after=None
[2024-04-08T08:36:30.978+0000] {processor.py:183} INFO - Processing /home/airflow/.local/lib/python3.8/site-packages/airflow/example_dags/example_external_task_marker_dag.py took 0.079 seconds
[2024-04-08T08:37:01.192+0000] {processor.py:161} INFO - Started process (PID=5173) to work on /home/airflow/.local/lib/python3.8/site-packages/airflow/example_dags/example_external_task_marker_dag.py
[2024-04-08T08:37:01.194+0000] {processor.py:830} INFO - Processing file /home/airflow/.local/lib/python3.8/site-packages/airflow/example_dags/example_external_task_marker_dag.py for tasks to queue
[2024-04-08T08:37:01.195+0000] {logging_mixin.py:188} INFO - [2024-04-08T08:37:01.195+0000] {dagbag.py:540} INFO - Filling up the DagBag from /home/airflow/.local/lib/python3.8/site-packages/airflow/example_dags/example_external_task_marker_dag.py
[2024-04-08T08:37:01.202+0000] {processor.py:840} INFO - DAG(s) 'example_external_task_marker_child', 'example_external_task_marker_parent' retrieved from /home/airflow/.local/lib/python3.8/site-packages/airflow/example_dags/example_external_task_marker_dag.py
[2024-04-08T08:37:01.229+0000] {logging_mixin.py:188} INFO - [2024-04-08T08:37:01.229+0000] {dag.py:3047} INFO - Sync 2 DAGs
[2024-04-08T08:37:01.244+0000] {logging_mixin.py:188} INFO - [2024-04-08T08:37:01.244+0000] {dag.py:3834} INFO - Setting next_dagrun for example_external_task_marker_child to None, run_after=None
[2024-04-08T08:37:01.247+0000] {logging_mixin.py:188} INFO - [2024-04-08T08:37:01.247+0000] {dag.py:3834} INFO - Setting next_dagrun for example_external_task_marker_parent to None, run_after=None
[2024-04-08T08:37:01.270+0000] {processor.py:183} INFO - Processing /home/airflow/.local/lib/python3.8/site-packages/airflow/example_dags/example_external_task_marker_dag.py took 0.081 seconds
[2024-04-08T08:37:31.715+0000] {processor.py:161} INFO - Started process (PID=5429) to work on /home/airflow/.local/lib/python3.8/site-packages/airflow/example_dags/example_external_task_marker_dag.py
[2024-04-08T08:37:31.716+0000] {processor.py:830} INFO - Processing file /home/airflow/.local/lib/python3.8/site-packages/airflow/example_dags/example_external_task_marker_dag.py for tasks to queue
[2024-04-08T08:37:31.717+0000] {logging_mixin.py:188} INFO - [2024-04-08T08:37:31.717+0000] {dagbag.py:540} INFO - Filling up the DagBag from /home/airflow/.local/lib/python3.8/site-packages/airflow/example_dags/example_external_task_marker_dag.py
[2024-04-08T08:37:31.724+0000] {processor.py:840} INFO - DAG(s) 'example_external_task_marker_child', 'example_external_task_marker_parent' retrieved from /home/airflow/.local/lib/python3.8/site-packages/airflow/example_dags/example_external_task_marker_dag.py
[2024-04-08T08:37:31.751+0000] {logging_mixin.py:188} INFO - [2024-04-08T08:37:31.750+0000] {dag.py:3047} INFO - Sync 2 DAGs
[2024-04-08T08:37:31.765+0000] {logging_mixin.py:188} INFO - [2024-04-08T08:37:31.764+0000] {dag.py:3834} INFO - Setting next_dagrun for example_external_task_marker_child to None, run_after=None
[2024-04-08T08:37:31.769+0000] {logging_mixin.py:188} INFO - [2024-04-08T08:37:31.769+0000] {dag.py:3834} INFO - Setting next_dagrun for example_external_task_marker_parent to None, run_after=None
[2024-04-08T08:37:31.791+0000] {processor.py:183} INFO - Processing /home/airflow/.local/lib/python3.8/site-packages/airflow/example_dags/example_external_task_marker_dag.py took 0.080 seconds
[2024-04-08T08:38:02.358+0000] {processor.py:161} INFO - Started process (PID=5686) to work on /home/airflow/.local/lib/python3.8/site-packages/airflow/example_dags/example_external_task_marker_dag.py
[2024-04-08T08:38:02.359+0000] {processor.py:830} INFO - Processing file /home/airflow/.local/lib/python3.8/site-packages/airflow/example_dags/example_external_task_marker_dag.py for tasks to queue
[2024-04-08T08:38:02.360+0000] {logging_mixin.py:188} INFO - [2024-04-08T08:38:02.360+0000] {dagbag.py:540} INFO - Filling up the DagBag from /home/airflow/.local/lib/python3.8/site-packages/airflow/example_dags/example_external_task_marker_dag.py
[2024-04-08T08:38:02.367+0000] {processor.py:840} INFO - DAG(s) 'example_external_task_marker_parent', 'example_external_task_marker_child' retrieved from /home/airflow/.local/lib/python3.8/site-packages/airflow/example_dags/example_external_task_marker_dag.py
[2024-04-08T08:38:02.402+0000] {logging_mixin.py:188} INFO - [2024-04-08T08:38:02.402+0000] {dag.py:3047} INFO - Sync 2 DAGs
[2024-04-08T08:38:02.423+0000] {logging_mixin.py:188} INFO - [2024-04-08T08:38:02.422+0000] {dag.py:3834} INFO - Setting next_dagrun for example_external_task_marker_child to None, run_after=None
[2024-04-08T08:38:02.427+0000] {logging_mixin.py:188} INFO - [2024-04-08T08:38:02.426+0000] {dag.py:3834} INFO - Setting next_dagrun for example_external_task_marker_parent to None, run_after=None
[2024-04-08T08:38:02.448+0000] {processor.py:183} INFO - Processing /home/airflow/.local/lib/python3.8/site-packages/airflow/example_dags/example_external_task_marker_dag.py took 0.094 seconds
[2024-04-08T08:38:32.836+0000] {processor.py:161} INFO - Started process (PID=5944) to work on /home/airflow/.local/lib/python3.8/site-packages/airflow/example_dags/example_external_task_marker_dag.py
[2024-04-08T08:38:32.837+0000] {processor.py:830} INFO - Processing file /home/airflow/.local/lib/python3.8/site-packages/airflow/example_dags/example_external_task_marker_dag.py for tasks to queue
[2024-04-08T08:38:32.838+0000] {logging_mixin.py:188} INFO - [2024-04-08T08:38:32.837+0000] {dagbag.py:540} INFO - Filling up the DagBag from /home/airflow/.local/lib/python3.8/site-packages/airflow/example_dags/example_external_task_marker_dag.py
[2024-04-08T08:38:32.844+0000] {processor.py:840} INFO - DAG(s) 'example_external_task_marker_child', 'example_external_task_marker_parent' retrieved from /home/airflow/.local/lib/python3.8/site-packages/airflow/example_dags/example_external_task_marker_dag.py
[2024-04-08T08:38:32.871+0000] {logging_mixin.py:188} INFO - [2024-04-08T08:38:32.871+0000] {dag.py:3047} INFO - Sync 2 DAGs
[2024-04-08T08:38:32.886+0000] {logging_mixin.py:188} INFO - [2024-04-08T08:38:32.886+0000] {dag.py:3834} INFO - Setting next_dagrun for example_external_task_marker_child to None, run_after=None
[2024-04-08T08:38:32.891+0000] {logging_mixin.py:188} INFO - [2024-04-08T08:38:32.890+0000] {dag.py:3834} INFO - Setting next_dagrun for example_external_task_marker_parent to None, run_after=None
[2024-04-08T08:38:32.918+0000] {processor.py:183} INFO - Processing /home/airflow/.local/lib/python3.8/site-packages/airflow/example_dags/example_external_task_marker_dag.py took 0.086 seconds
[2024-04-08T08:39:03.489+0000] {processor.py:161} INFO - Started process (PID=6201) to work on /home/airflow/.local/lib/python3.8/site-packages/airflow/example_dags/example_external_task_marker_dag.py
[2024-04-08T08:39:03.490+0000] {processor.py:830} INFO - Processing file /home/airflow/.local/lib/python3.8/site-packages/airflow/example_dags/example_external_task_marker_dag.py for tasks to queue
[2024-04-08T08:39:03.491+0000] {logging_mixin.py:188} INFO - [2024-04-08T08:39:03.490+0000] {dagbag.py:540} INFO - Filling up the DagBag from /home/airflow/.local/lib/python3.8/site-packages/airflow/example_dags/example_external_task_marker_dag.py
[2024-04-08T08:39:03.498+0000] {processor.py:840} INFO - DAG(s) 'example_external_task_marker_child', 'example_external_task_marker_parent' retrieved from /home/airflow/.local/lib/python3.8/site-packages/airflow/example_dags/example_external_task_marker_dag.py
[2024-04-08T08:39:03.534+0000] {logging_mixin.py:188} INFO - [2024-04-08T08:39:03.534+0000] {dag.py:3047} INFO - Sync 2 DAGs
[2024-04-08T08:39:03.550+0000] {logging_mixin.py:188} INFO - [2024-04-08T08:39:03.550+0000] {dag.py:3834} INFO - Setting next_dagrun for example_external_task_marker_child to None, run_after=None
[2024-04-08T08:39:03.554+0000] {logging_mixin.py:188} INFO - [2024-04-08T08:39:03.554+0000] {dag.py:3834} INFO - Setting next_dagrun for example_external_task_marker_parent to None, run_after=None
[2024-04-08T08:39:03.589+0000] {processor.py:183} INFO - Processing /home/airflow/.local/lib/python3.8/site-packages/airflow/example_dags/example_external_task_marker_dag.py took 0.104 seconds
[2024-04-08T08:39:34.101+0000] {processor.py:161} INFO - Started process (PID=6457) to work on /home/airflow/.local/lib/python3.8/site-packages/airflow/example_dags/example_external_task_marker_dag.py
[2024-04-08T08:39:34.115+0000] {processor.py:830} INFO - Processing file /home/airflow/.local/lib/python3.8/site-packages/airflow/example_dags/example_external_task_marker_dag.py for tasks to queue
[2024-04-08T08:39:34.117+0000] {logging_mixin.py:188} INFO - [2024-04-08T08:39:34.117+0000] {dagbag.py:540} INFO - Filling up the DagBag from /home/airflow/.local/lib/python3.8/site-packages/airflow/example_dags/example_external_task_marker_dag.py
[2024-04-08T08:39:34.125+0000] {processor.py:840} INFO - DAG(s) 'example_external_task_marker_child', 'example_external_task_marker_parent' retrieved from /home/airflow/.local/lib/python3.8/site-packages/airflow/example_dags/example_external_task_marker_dag.py
[2024-04-08T08:39:34.164+0000] {logging_mixin.py:188} INFO - [2024-04-08T08:39:34.163+0000] {dag.py:3047} INFO - Sync 2 DAGs
[2024-04-08T08:39:34.184+0000] {logging_mixin.py:188} INFO - [2024-04-08T08:39:34.184+0000] {dag.py:3834} INFO - Setting next_dagrun for example_external_task_marker_child to None, run_after=None
[2024-04-08T08:39:34.195+0000] {logging_mixin.py:188} INFO - [2024-04-08T08:39:34.195+0000] {dag.py:3834} INFO - Setting next_dagrun for example_external_task_marker_parent to None, run_after=None
[2024-04-08T08:39:34.221+0000] {processor.py:183} INFO - Processing /home/airflow/.local/lib/python3.8/site-packages/airflow/example_dags/example_external_task_marker_dag.py took 0.126 seconds
[2024-04-08T08:40:04.426+0000] {processor.py:161} INFO - Started process (PID=6714) to work on /home/airflow/.local/lib/python3.8/site-packages/airflow/example_dags/example_external_task_marker_dag.py
[2024-04-08T08:40:04.427+0000] {processor.py:830} INFO - Processing file /home/airflow/.local/lib/python3.8/site-packages/airflow/example_dags/example_external_task_marker_dag.py for tasks to queue
[2024-04-08T08:40:04.428+0000] {logging_mixin.py:188} INFO - [2024-04-08T08:40:04.428+0000] {dagbag.py:540} INFO - Filling up the DagBag from /home/airflow/.local/lib/python3.8/site-packages/airflow/example_dags/example_external_task_marker_dag.py
[2024-04-08T08:40:04.443+0000] {processor.py:840} INFO - DAG(s) 'example_external_task_marker_child', 'example_external_task_marker_parent' retrieved from /home/airflow/.local/lib/python3.8/site-packages/airflow/example_dags/example_external_task_marker_dag.py
[2024-04-08T08:40:04.492+0000] {logging_mixin.py:188} INFO - [2024-04-08T08:40:04.492+0000] {dag.py:3047} INFO - Sync 2 DAGs
[2024-04-08T08:40:04.525+0000] {logging_mixin.py:188} INFO - [2024-04-08T08:40:04.525+0000] {dag.py:3834} INFO - Setting next_dagrun for example_external_task_marker_child to None, run_after=None
[2024-04-08T08:40:04.531+0000] {logging_mixin.py:188} INFO - [2024-04-08T08:40:04.531+0000] {dag.py:3834} INFO - Setting next_dagrun for example_external_task_marker_parent to None, run_after=None
[2024-04-08T08:40:04.571+0000] {processor.py:183} INFO - Processing /home/airflow/.local/lib/python3.8/site-packages/airflow/example_dags/example_external_task_marker_dag.py took 0.149 seconds
[2024-04-08T08:40:34.840+0000] {processor.py:161} INFO - Started process (PID=6971) to work on /home/airflow/.local/lib/python3.8/site-packages/airflow/example_dags/example_external_task_marker_dag.py
[2024-04-08T08:40:34.841+0000] {processor.py:830} INFO - Processing file /home/airflow/.local/lib/python3.8/site-packages/airflow/example_dags/example_external_task_marker_dag.py for tasks to queue
[2024-04-08T08:40:34.843+0000] {logging_mixin.py:188} INFO - [2024-04-08T08:40:34.842+0000] {dagbag.py:540} INFO - Filling up the DagBag from /home/airflow/.local/lib/python3.8/site-packages/airflow/example_dags/example_external_task_marker_dag.py
[2024-04-08T08:40:34.851+0000] {processor.py:840} INFO - DAG(s) 'example_external_task_marker_child', 'example_external_task_marker_parent' retrieved from /home/airflow/.local/lib/python3.8/site-packages/airflow/example_dags/example_external_task_marker_dag.py
[2024-04-08T08:40:34.896+0000] {logging_mixin.py:188} INFO - [2024-04-08T08:40:34.895+0000] {dag.py:3047} INFO - Sync 2 DAGs
[2024-04-08T08:40:34.919+0000] {logging_mixin.py:188} INFO - [2024-04-08T08:40:34.918+0000] {dag.py:3834} INFO - Setting next_dagrun for example_external_task_marker_child to None, run_after=None
[2024-04-08T08:40:34.925+0000] {logging_mixin.py:188} INFO - [2024-04-08T08:40:34.924+0000] {dag.py:3834} INFO - Setting next_dagrun for example_external_task_marker_parent to None, run_after=None
[2024-04-08T08:40:34.980+0000] {processor.py:183} INFO - Processing /home/airflow/.local/lib/python3.8/site-packages/airflow/example_dags/example_external_task_marker_dag.py took 0.144 seconds
[2024-04-08T08:41:05.479+0000] {processor.py:161} INFO - Started process (PID=7228) to work on /home/airflow/.local/lib/python3.8/site-packages/airflow/example_dags/example_external_task_marker_dag.py
[2024-04-08T08:41:05.480+0000] {processor.py:830} INFO - Processing file /home/airflow/.local/lib/python3.8/site-packages/airflow/example_dags/example_external_task_marker_dag.py for tasks to queue
[2024-04-08T08:41:05.481+0000] {logging_mixin.py:188} INFO - [2024-04-08T08:41:05.480+0000] {dagbag.py:540} INFO - Filling up the DagBag from /home/airflow/.local/lib/python3.8/site-packages/airflow/example_dags/example_external_task_marker_dag.py
[2024-04-08T08:41:05.487+0000] {processor.py:840} INFO - DAG(s) 'example_external_task_marker_parent', 'example_external_task_marker_child' retrieved from /home/airflow/.local/lib/python3.8/site-packages/airflow/example_dags/example_external_task_marker_dag.py
[2024-04-08T08:41:05.517+0000] {logging_mixin.py:188} INFO - [2024-04-08T08:41:05.517+0000] {dag.py:3047} INFO - Sync 2 DAGs
[2024-04-08T08:41:05.555+0000] {logging_mixin.py:188} INFO - [2024-04-08T08:41:05.554+0000] {dag.py:3834} INFO - Setting next_dagrun for example_external_task_marker_child to None, run_after=None
[2024-04-08T08:41:05.559+0000] {logging_mixin.py:188} INFO - [2024-04-08T08:41:05.559+0000] {dag.py:3834} INFO - Setting next_dagrun for example_external_task_marker_parent to None, run_after=None
[2024-04-08T08:41:05.599+0000] {processor.py:183} INFO - Processing /home/airflow/.local/lib/python3.8/site-packages/airflow/example_dags/example_external_task_marker_dag.py took 0.124 seconds
[2024-04-08T08:41:36.018+0000] {processor.py:161} INFO - Started process (PID=7485) to work on /home/airflow/.local/lib/python3.8/site-packages/airflow/example_dags/example_external_task_marker_dag.py
[2024-04-08T08:41:36.019+0000] {processor.py:830} INFO - Processing file /home/airflow/.local/lib/python3.8/site-packages/airflow/example_dags/example_external_task_marker_dag.py for tasks to queue
[2024-04-08T08:41:36.020+0000] {logging_mixin.py:188} INFO - [2024-04-08T08:41:36.019+0000] {dagbag.py:540} INFO - Filling up the DagBag from /home/airflow/.local/lib/python3.8/site-packages/airflow/example_dags/example_external_task_marker_dag.py
[2024-04-08T08:41:36.026+0000] {processor.py:840} INFO - DAG(s) 'example_external_task_marker_child', 'example_external_task_marker_parent' retrieved from /home/airflow/.local/lib/python3.8/site-packages/airflow/example_dags/example_external_task_marker_dag.py
[2024-04-08T08:41:36.053+0000] {logging_mixin.py:188} INFO - [2024-04-08T08:41:36.053+0000] {dag.py:3047} INFO - Sync 2 DAGs
[2024-04-08T08:41:36.067+0000] {logging_mixin.py:188} INFO - [2024-04-08T08:41:36.067+0000] {dag.py:3834} INFO - Setting next_dagrun for example_external_task_marker_child to None, run_after=None
[2024-04-08T08:41:36.071+0000] {logging_mixin.py:188} INFO - [2024-04-08T08:41:36.071+0000] {dag.py:3834} INFO - Setting next_dagrun for example_external_task_marker_parent to None, run_after=None
[2024-04-08T08:41:36.097+0000] {processor.py:183} INFO - Processing /home/airflow/.local/lib/python3.8/site-packages/airflow/example_dags/example_external_task_marker_dag.py took 0.083 seconds
[2024-04-08T08:42:06.252+0000] {processor.py:161} INFO - Started process (PID=7742) to work on /home/airflow/.local/lib/python3.8/site-packages/airflow/example_dags/example_external_task_marker_dag.py
[2024-04-08T08:42:06.253+0000] {processor.py:830} INFO - Processing file /home/airflow/.local/lib/python3.8/site-packages/airflow/example_dags/example_external_task_marker_dag.py for tasks to queue
[2024-04-08T08:42:06.254+0000] {logging_mixin.py:188} INFO - [2024-04-08T08:42:06.253+0000] {dagbag.py:540} INFO - Filling up the DagBag from /home/airflow/.local/lib/python3.8/site-packages/airflow/example_dags/example_external_task_marker_dag.py
[2024-04-08T08:42:06.260+0000] {processor.py:840} INFO - DAG(s) 'example_external_task_marker_child', 'example_external_task_marker_parent' retrieved from /home/airflow/.local/lib/python3.8/site-packages/airflow/example_dags/example_external_task_marker_dag.py
[2024-04-08T08:42:06.288+0000] {logging_mixin.py:188} INFO - [2024-04-08T08:42:06.288+0000] {dag.py:3047} INFO - Sync 2 DAGs
[2024-04-08T08:42:06.303+0000] {logging_mixin.py:188} INFO - [2024-04-08T08:42:06.303+0000] {dag.py:3834} INFO - Setting next_dagrun for example_external_task_marker_child to None, run_after=None
[2024-04-08T08:42:06.307+0000] {logging_mixin.py:188} INFO - [2024-04-08T08:42:06.306+0000] {dag.py:3834} INFO - Setting next_dagrun for example_external_task_marker_parent to None, run_after=None
[2024-04-08T08:42:06.333+0000] {processor.py:183} INFO - Processing /home/airflow/.local/lib/python3.8/site-packages/airflow/example_dags/example_external_task_marker_dag.py took 0.085 seconds
[2024-04-08T08:42:36.635+0000] {processor.py:161} INFO - Started process (PID=7999) to work on /home/airflow/.local/lib/python3.8/site-packages/airflow/example_dags/example_external_task_marker_dag.py
[2024-04-08T08:42:36.636+0000] {processor.py:830} INFO - Processing file /home/airflow/.local/lib/python3.8/site-packages/airflow/example_dags/example_external_task_marker_dag.py for tasks to queue
[2024-04-08T08:42:36.638+0000] {logging_mixin.py:188} INFO - [2024-04-08T08:42:36.638+0000] {dagbag.py:540} INFO - Filling up the DagBag from /home/airflow/.local/lib/python3.8/site-packages/airflow/example_dags/example_external_task_marker_dag.py
[2024-04-08T08:42:36.645+0000] {processor.py:840} INFO - DAG(s) 'example_external_task_marker_child', 'example_external_task_marker_parent' retrieved from /home/airflow/.local/lib/python3.8/site-packages/airflow/example_dags/example_external_task_marker_dag.py
[2024-04-08T08:42:36.671+0000] {logging_mixin.py:188} INFO - [2024-04-08T08:42:36.671+0000] {dag.py:3047} INFO - Sync 2 DAGs
[2024-04-08T08:42:36.687+0000] {logging_mixin.py:188} INFO - [2024-04-08T08:42:36.687+0000] {dag.py:3834} INFO - Setting next_dagrun for example_external_task_marker_child to None, run_after=None
[2024-04-08T08:42:36.692+0000] {logging_mixin.py:188} INFO - [2024-04-08T08:42:36.691+0000] {dag.py:3834} INFO - Setting next_dagrun for example_external_task_marker_parent to None, run_after=None
[2024-04-08T08:42:36.716+0000] {processor.py:183} INFO - Processing /home/airflow/.local/lib/python3.8/site-packages/airflow/example_dags/example_external_task_marker_dag.py took 0.086 seconds
[2024-04-08T08:43:06.861+0000] {processor.py:161} INFO - Started process (PID=8256) to work on /home/airflow/.local/lib/python3.8/site-packages/airflow/example_dags/example_external_task_marker_dag.py
[2024-04-08T08:43:06.862+0000] {processor.py:830} INFO - Processing file /home/airflow/.local/lib/python3.8/site-packages/airflow/example_dags/example_external_task_marker_dag.py for tasks to queue
[2024-04-08T08:43:06.863+0000] {logging_mixin.py:188} INFO - [2024-04-08T08:43:06.863+0000] {dagbag.py:540} INFO - Filling up the DagBag from /home/airflow/.local/lib/python3.8/site-packages/airflow/example_dags/example_external_task_marker_dag.py
[2024-04-08T08:43:06.879+0000] {processor.py:840} INFO - DAG(s) 'example_external_task_marker_child', 'example_external_task_marker_parent' retrieved from /home/airflow/.local/lib/python3.8/site-packages/airflow/example_dags/example_external_task_marker_dag.py
[2024-04-08T08:43:06.915+0000] {logging_mixin.py:188} INFO - [2024-04-08T08:43:06.914+0000] {dag.py:3047} INFO - Sync 2 DAGs
[2024-04-08T08:43:06.939+0000] {logging_mixin.py:188} INFO - [2024-04-08T08:43:06.939+0000] {dag.py:3834} INFO - Setting next_dagrun for example_external_task_marker_child to None, run_after=None
[2024-04-08T08:43:06.945+0000] {logging_mixin.py:188} INFO - [2024-04-08T08:43:06.944+0000] {dag.py:3834} INFO - Setting next_dagrun for example_external_task_marker_parent to None, run_after=None
[2024-04-08T08:43:06.993+0000] {processor.py:183} INFO - Processing /home/airflow/.local/lib/python3.8/site-packages/airflow/example_dags/example_external_task_marker_dag.py took 0.137 seconds
[2024-04-08T08:43:37.374+0000] {processor.py:161} INFO - Started process (PID=8513) to work on /home/airflow/.local/lib/python3.8/site-packages/airflow/example_dags/example_external_task_marker_dag.py
[2024-04-08T08:43:37.376+0000] {processor.py:830} INFO - Processing file /home/airflow/.local/lib/python3.8/site-packages/airflow/example_dags/example_external_task_marker_dag.py for tasks to queue
[2024-04-08T08:43:37.377+0000] {logging_mixin.py:188} INFO - [2024-04-08T08:43:37.377+0000] {dagbag.py:540} INFO - Filling up the DagBag from /home/airflow/.local/lib/python3.8/site-packages/airflow/example_dags/example_external_task_marker_dag.py
[2024-04-08T08:43:37.384+0000] {processor.py:840} INFO - DAG(s) 'example_external_task_marker_parent', 'example_external_task_marker_child' retrieved from /home/airflow/.local/lib/python3.8/site-packages/airflow/example_dags/example_external_task_marker_dag.py
[2024-04-08T08:43:37.421+0000] {logging_mixin.py:188} INFO - [2024-04-08T08:43:37.420+0000] {dag.py:3047} INFO - Sync 2 DAGs
[2024-04-08T08:43:37.451+0000] {logging_mixin.py:188} INFO - [2024-04-08T08:43:37.451+0000] {dag.py:3834} INFO - Setting next_dagrun for example_external_task_marker_child to None, run_after=None
[2024-04-08T08:43:37.461+0000] {logging_mixin.py:188} INFO - [2024-04-08T08:43:37.460+0000] {dag.py:3834} INFO - Setting next_dagrun for example_external_task_marker_parent to None, run_after=None
[2024-04-08T08:43:37.506+0000] {processor.py:183} INFO - Processing /home/airflow/.local/lib/python3.8/site-packages/airflow/example_dags/example_external_task_marker_dag.py took 0.139 seconds
[2024-04-08T08:44:08.304+0000] {processor.py:161} INFO - Started process (PID=8770) to work on /home/airflow/.local/lib/python3.8/site-packages/airflow/example_dags/example_external_task_marker_dag.py
[2024-04-08T08:44:08.305+0000] {processor.py:830} INFO - Processing file /home/airflow/.local/lib/python3.8/site-packages/airflow/example_dags/example_external_task_marker_dag.py for tasks to queue
[2024-04-08T08:44:08.306+0000] {logging_mixin.py:188} INFO - [2024-04-08T08:44:08.306+0000] {dagbag.py:540} INFO - Filling up the DagBag from /home/airflow/.local/lib/python3.8/site-packages/airflow/example_dags/example_external_task_marker_dag.py
[2024-04-08T08:44:08.313+0000] {processor.py:840} INFO - DAG(s) 'example_external_task_marker_parent', 'example_external_task_marker_child' retrieved from /home/airflow/.local/lib/python3.8/site-packages/airflow/example_dags/example_external_task_marker_dag.py
[2024-04-08T08:44:08.340+0000] {logging_mixin.py:188} INFO - [2024-04-08T08:44:08.339+0000] {dag.py:3047} INFO - Sync 2 DAGs
[2024-04-08T08:44:08.354+0000] {logging_mixin.py:188} INFO - [2024-04-08T08:44:08.354+0000] {dag.py:3834} INFO - Setting next_dagrun for example_external_task_marker_child to None, run_after=None
[2024-04-08T08:44:08.369+0000] {logging_mixin.py:188} INFO - [2024-04-08T08:44:08.369+0000] {dag.py:3834} INFO - Setting next_dagrun for example_external_task_marker_parent to None, run_after=None
[2024-04-08T08:44:08.397+0000] {processor.py:183} INFO - Processing /home/airflow/.local/lib/python3.8/site-packages/airflow/example_dags/example_external_task_marker_dag.py took 0.097 seconds
[2024-04-08T08:44:38.705+0000] {processor.py:161} INFO - Started process (PID=9028) to work on /home/airflow/.local/lib/python3.8/site-packages/airflow/example_dags/example_external_task_marker_dag.py
[2024-04-08T08:44:38.706+0000] {processor.py:830} INFO - Processing file /home/airflow/.local/lib/python3.8/site-packages/airflow/example_dags/example_external_task_marker_dag.py for tasks to queue
[2024-04-08T08:44:38.707+0000] {logging_mixin.py:188} INFO - [2024-04-08T08:44:38.707+0000] {dagbag.py:540} INFO - Filling up the DagBag from /home/airflow/.local/lib/python3.8/site-packages/airflow/example_dags/example_external_task_marker_dag.py
[2024-04-08T08:44:38.715+0000] {processor.py:840} INFO - DAG(s) 'example_external_task_marker_parent', 'example_external_task_marker_child' retrieved from /home/airflow/.local/lib/python3.8/site-packages/airflow/example_dags/example_external_task_marker_dag.py
[2024-04-08T08:44:38.744+0000] {logging_mixin.py:188} INFO - [2024-04-08T08:44:38.744+0000] {dag.py:3047} INFO - Sync 2 DAGs
[2024-04-08T08:44:38.759+0000] {logging_mixin.py:188} INFO - [2024-04-08T08:44:38.758+0000] {dag.py:3834} INFO - Setting next_dagrun for example_external_task_marker_child to None, run_after=None
[2024-04-08T08:44:38.762+0000] {logging_mixin.py:188} INFO - [2024-04-08T08:44:38.761+0000] {dag.py:3834} INFO - Setting next_dagrun for example_external_task_marker_parent to None, run_after=None
[2024-04-08T08:44:38.783+0000] {processor.py:183} INFO - Processing /home/airflow/.local/lib/python3.8/site-packages/airflow/example_dags/example_external_task_marker_dag.py took 0.083 seconds
[2024-04-08T08:45:09.075+0000] {processor.py:161} INFO - Started process (PID=9289) to work on /home/airflow/.local/lib/python3.8/site-packages/airflow/example_dags/example_external_task_marker_dag.py
[2024-04-08T08:45:09.076+0000] {processor.py:830} INFO - Processing file /home/airflow/.local/lib/python3.8/site-packages/airflow/example_dags/example_external_task_marker_dag.py for tasks to queue
[2024-04-08T08:45:09.077+0000] {logging_mixin.py:188} INFO - [2024-04-08T08:45:09.076+0000] {dagbag.py:540} INFO - Filling up the DagBag from /home/airflow/.local/lib/python3.8/site-packages/airflow/example_dags/example_external_task_marker_dag.py
[2024-04-08T08:45:09.083+0000] {processor.py:840} INFO - DAG(s) 'example_external_task_marker_parent', 'example_external_task_marker_child' retrieved from /home/airflow/.local/lib/python3.8/site-packages/airflow/example_dags/example_external_task_marker_dag.py
[2024-04-08T08:45:09.141+0000] {logging_mixin.py:188} INFO - [2024-04-08T08:45:09.141+0000] {dag.py:3047} INFO - Sync 2 DAGs
[2024-04-08T08:45:09.168+0000] {logging_mixin.py:188} INFO - [2024-04-08T08:45:09.167+0000] {dag.py:3834} INFO - Setting next_dagrun for example_external_task_marker_child to None, run_after=None
[2024-04-08T08:45:09.183+0000] {logging_mixin.py:188} INFO - [2024-04-08T08:45:09.182+0000] {dag.py:3834} INFO - Setting next_dagrun for example_external_task_marker_parent to None, run_after=None
[2024-04-08T08:45:09.204+0000] {processor.py:183} INFO - Processing /home/airflow/.local/lib/python3.8/site-packages/airflow/example_dags/example_external_task_marker_dag.py took 0.133 seconds
[2024-04-08T08:45:39.341+0000] {processor.py:161} INFO - Started process (PID=9545) to work on /home/airflow/.local/lib/python3.8/site-packages/airflow/example_dags/example_external_task_marker_dag.py
[2024-04-08T08:45:39.342+0000] {processor.py:830} INFO - Processing file /home/airflow/.local/lib/python3.8/site-packages/airflow/example_dags/example_external_task_marker_dag.py for tasks to queue
[2024-04-08T08:45:39.344+0000] {logging_mixin.py:188} INFO - [2024-04-08T08:45:39.343+0000] {dagbag.py:540} INFO - Filling up the DagBag from /home/airflow/.local/lib/python3.8/site-packages/airflow/example_dags/example_external_task_marker_dag.py
[2024-04-08T08:45:39.350+0000] {processor.py:840} INFO - DAG(s) 'example_external_task_marker_child', 'example_external_task_marker_parent' retrieved from /home/airflow/.local/lib/python3.8/site-packages/airflow/example_dags/example_external_task_marker_dag.py
[2024-04-08T08:45:39.383+0000] {logging_mixin.py:188} INFO - [2024-04-08T08:45:39.382+0000] {dag.py:3047} INFO - Sync 2 DAGs
[2024-04-08T08:45:39.399+0000] {logging_mixin.py:188} INFO - [2024-04-08T08:45:39.399+0000] {dag.py:3834} INFO - Setting next_dagrun for example_external_task_marker_child to None, run_after=None
[2024-04-08T08:45:39.403+0000] {logging_mixin.py:188} INFO - [2024-04-08T08:45:39.403+0000] {dag.py:3834} INFO - Setting next_dagrun for example_external_task_marker_parent to None, run_after=None
[2024-04-08T08:45:39.423+0000] {processor.py:183} INFO - Processing /home/airflow/.local/lib/python3.8/site-packages/airflow/example_dags/example_external_task_marker_dag.py took 0.086 seconds
[2024-04-08T08:46:09.670+0000] {processor.py:161} INFO - Started process (PID=9802) to work on /home/airflow/.local/lib/python3.8/site-packages/airflow/example_dags/example_external_task_marker_dag.py
[2024-04-08T08:46:09.671+0000] {processor.py:830} INFO - Processing file /home/airflow/.local/lib/python3.8/site-packages/airflow/example_dags/example_external_task_marker_dag.py for tasks to queue
[2024-04-08T08:46:09.672+0000] {logging_mixin.py:188} INFO - [2024-04-08T08:46:09.671+0000] {dagbag.py:540} INFO - Filling up the DagBag from /home/airflow/.local/lib/python3.8/site-packages/airflow/example_dags/example_external_task_marker_dag.py
[2024-04-08T08:46:09.679+0000] {processor.py:840} INFO - DAG(s) 'example_external_task_marker_parent', 'example_external_task_marker_child' retrieved from /home/airflow/.local/lib/python3.8/site-packages/airflow/example_dags/example_external_task_marker_dag.py
[2024-04-08T08:46:09.738+0000] {logging_mixin.py:188} INFO - [2024-04-08T08:46:09.737+0000] {dag.py:3047} INFO - Sync 2 DAGs
[2024-04-08T08:46:09.755+0000] {logging_mixin.py:188} INFO - [2024-04-08T08:46:09.755+0000] {dag.py:3834} INFO - Setting next_dagrun for example_external_task_marker_child to None, run_after=None
[2024-04-08T08:46:09.762+0000] {logging_mixin.py:188} INFO - [2024-04-08T08:46:09.762+0000] {dag.py:3834} INFO - Setting next_dagrun for example_external_task_marker_parent to None, run_after=None
[2024-04-08T08:46:09.791+0000] {processor.py:183} INFO - Processing /home/airflow/.local/lib/python3.8/site-packages/airflow/example_dags/example_external_task_marker_dag.py took 0.129 seconds
[2024-04-08T08:46:40.145+0000] {processor.py:161} INFO - Started process (PID=10065) to work on /home/airflow/.local/lib/python3.8/site-packages/airflow/example_dags/example_external_task_marker_dag.py
[2024-04-08T08:46:40.146+0000] {processor.py:830} INFO - Processing file /home/airflow/.local/lib/python3.8/site-packages/airflow/example_dags/example_external_task_marker_dag.py for tasks to queue
[2024-04-08T08:46:40.147+0000] {logging_mixin.py:188} INFO - [2024-04-08T08:46:40.147+0000] {dagbag.py:540} INFO - Filling up the DagBag from /home/airflow/.local/lib/python3.8/site-packages/airflow/example_dags/example_external_task_marker_dag.py
[2024-04-08T08:46:40.154+0000] {processor.py:840} INFO - DAG(s) 'example_external_task_marker_parent', 'example_external_task_marker_child' retrieved from /home/airflow/.local/lib/python3.8/site-packages/airflow/example_dags/example_external_task_marker_dag.py
[2024-04-08T08:46:40.182+0000] {logging_mixin.py:188} INFO - [2024-04-08T08:46:40.182+0000] {dag.py:3047} INFO - Sync 2 DAGs
[2024-04-08T08:46:40.198+0000] {logging_mixin.py:188} INFO - [2024-04-08T08:46:40.197+0000] {dag.py:3834} INFO - Setting next_dagrun for example_external_task_marker_child to None, run_after=None
[2024-04-08T08:46:40.201+0000] {logging_mixin.py:188} INFO - [2024-04-08T08:46:40.201+0000] {dag.py:3834} INFO - Setting next_dagrun for example_external_task_marker_parent to None, run_after=None
[2024-04-08T08:46:40.222+0000] {processor.py:183} INFO - Processing /home/airflow/.local/lib/python3.8/site-packages/airflow/example_dags/example_external_task_marker_dag.py took 0.080 seconds
[2024-04-08T08:47:10.835+0000] {processor.py:161} INFO - Started process (PID=10322) to work on /home/airflow/.local/lib/python3.8/site-packages/airflow/example_dags/example_external_task_marker_dag.py
[2024-04-08T08:47:10.836+0000] {processor.py:830} INFO - Processing file /home/airflow/.local/lib/python3.8/site-packages/airflow/example_dags/example_external_task_marker_dag.py for tasks to queue
[2024-04-08T08:47:10.837+0000] {logging_mixin.py:188} INFO - [2024-04-08T08:47:10.837+0000] {dagbag.py:540} INFO - Filling up the DagBag from /home/airflow/.local/lib/python3.8/site-packages/airflow/example_dags/example_external_task_marker_dag.py
[2024-04-08T08:47:10.844+0000] {processor.py:840} INFO - DAG(s) 'example_external_task_marker_parent', 'example_external_task_marker_child' retrieved from /home/airflow/.local/lib/python3.8/site-packages/airflow/example_dags/example_external_task_marker_dag.py
[2024-04-08T08:47:10.870+0000] {logging_mixin.py:188} INFO - [2024-04-08T08:47:10.869+0000] {dag.py:3047} INFO - Sync 2 DAGs
[2024-04-08T08:47:10.884+0000] {logging_mixin.py:188} INFO - [2024-04-08T08:47:10.884+0000] {dag.py:3834} INFO - Setting next_dagrun for example_external_task_marker_child to None, run_after=None
[2024-04-08T08:47:10.888+0000] {logging_mixin.py:188} INFO - [2024-04-08T08:47:10.888+0000] {dag.py:3834} INFO - Setting next_dagrun for example_external_task_marker_parent to None, run_after=None
[2024-04-08T08:47:10.910+0000] {processor.py:183} INFO - Processing /home/airflow/.local/lib/python3.8/site-packages/airflow/example_dags/example_external_task_marker_dag.py took 0.079 seconds
[2024-04-08T08:47:41.955+0000] {processor.py:161} INFO - Started process (PID=10579) to work on /home/airflow/.local/lib/python3.8/site-packages/airflow/example_dags/example_external_task_marker_dag.py
[2024-04-08T08:47:41.956+0000] {processor.py:830} INFO - Processing file /home/airflow/.local/lib/python3.8/site-packages/airflow/example_dags/example_external_task_marker_dag.py for tasks to queue
[2024-04-08T08:47:41.957+0000] {logging_mixin.py:188} INFO - [2024-04-08T08:47:41.957+0000] {dagbag.py:540} INFO - Filling up the DagBag from /home/airflow/.local/lib/python3.8/site-packages/airflow/example_dags/example_external_task_marker_dag.py
[2024-04-08T08:47:41.964+0000] {processor.py:840} INFO - DAG(s) 'example_external_task_marker_parent', 'example_external_task_marker_child' retrieved from /home/airflow/.local/lib/python3.8/site-packages/airflow/example_dags/example_external_task_marker_dag.py
[2024-04-08T08:47:41.998+0000] {logging_mixin.py:188} INFO - [2024-04-08T08:47:41.997+0000] {dag.py:3047} INFO - Sync 2 DAGs
[2024-04-08T08:47:42.015+0000] {logging_mixin.py:188} INFO - [2024-04-08T08:47:42.015+0000] {dag.py:3834} INFO - Setting next_dagrun for example_external_task_marker_child to None, run_after=None
[2024-04-08T08:47:42.019+0000] {logging_mixin.py:188} INFO - [2024-04-08T08:47:42.019+0000] {dag.py:3834} INFO - Setting next_dagrun for example_external_task_marker_parent to None, run_after=None
[2024-04-08T08:47:42.049+0000] {processor.py:183} INFO - Processing /home/airflow/.local/lib/python3.8/site-packages/airflow/example_dags/example_external_task_marker_dag.py took 0.098 seconds
[2024-04-08T08:48:12.251+0000] {processor.py:161} INFO - Started process (PID=10836) to work on /home/airflow/.local/lib/python3.8/site-packages/airflow/example_dags/example_external_task_marker_dag.py
[2024-04-08T08:48:12.253+0000] {processor.py:830} INFO - Processing file /home/airflow/.local/lib/python3.8/site-packages/airflow/example_dags/example_external_task_marker_dag.py for tasks to queue
[2024-04-08T08:48:12.254+0000] {logging_mixin.py:188} INFO - [2024-04-08T08:48:12.253+0000] {dagbag.py:540} INFO - Filling up the DagBag from /home/airflow/.local/lib/python3.8/site-packages/airflow/example_dags/example_external_task_marker_dag.py
[2024-04-08T08:48:12.261+0000] {processor.py:840} INFO - DAG(s) 'example_external_task_marker_child', 'example_external_task_marker_parent' retrieved from /home/airflow/.local/lib/python3.8/site-packages/airflow/example_dags/example_external_task_marker_dag.py
[2024-04-08T08:48:12.294+0000] {logging_mixin.py:188} INFO - [2024-04-08T08:48:12.293+0000] {dag.py:3047} INFO - Sync 2 DAGs
[2024-04-08T08:48:12.313+0000] {logging_mixin.py:188} INFO - [2024-04-08T08:48:12.312+0000] {dag.py:3834} INFO - Setting next_dagrun for example_external_task_marker_child to None, run_after=None
[2024-04-08T08:48:12.326+0000] {logging_mixin.py:188} INFO - [2024-04-08T08:48:12.318+0000] {dag.py:3834} INFO - Setting next_dagrun for example_external_task_marker_parent to None, run_after=None
[2024-04-08T08:48:12.350+0000] {processor.py:183} INFO - Processing /home/airflow/.local/lib/python3.8/site-packages/airflow/example_dags/example_external_task_marker_dag.py took 0.102 seconds
[2024-04-08T08:48:42.703+0000] {processor.py:161} INFO - Started process (PID=11093) to work on /home/airflow/.local/lib/python3.8/site-packages/airflow/example_dags/example_external_task_marker_dag.py
[2024-04-08T08:48:42.704+0000] {processor.py:830} INFO - Processing file /home/airflow/.local/lib/python3.8/site-packages/airflow/example_dags/example_external_task_marker_dag.py for tasks to queue
[2024-04-08T08:48:42.705+0000] {logging_mixin.py:188} INFO - [2024-04-08T08:48:42.705+0000] {dagbag.py:540} INFO - Filling up the DagBag from /home/airflow/.local/lib/python3.8/site-packages/airflow/example_dags/example_external_task_marker_dag.py
[2024-04-08T08:48:42.712+0000] {processor.py:840} INFO - DAG(s) 'example_external_task_marker_parent', 'example_external_task_marker_child' retrieved from /home/airflow/.local/lib/python3.8/site-packages/airflow/example_dags/example_external_task_marker_dag.py
[2024-04-08T08:48:42.740+0000] {logging_mixin.py:188} INFO - [2024-04-08T08:48:42.740+0000] {dag.py:3047} INFO - Sync 2 DAGs
[2024-04-08T08:48:42.752+0000] {logging_mixin.py:188} INFO - [2024-04-08T08:48:42.752+0000] {dag.py:3834} INFO - Setting next_dagrun for example_external_task_marker_child to None, run_after=None
[2024-04-08T08:48:42.756+0000] {logging_mixin.py:188} INFO - [2024-04-08T08:48:42.756+0000] {dag.py:3834} INFO - Setting next_dagrun for example_external_task_marker_parent to None, run_after=None
[2024-04-08T08:48:42.779+0000] {processor.py:183} INFO - Processing /home/airflow/.local/lib/python3.8/site-packages/airflow/example_dags/example_external_task_marker_dag.py took 0.080 seconds
[2024-04-08T08:49:13.663+0000] {processor.py:161} INFO - Started process (PID=11350) to work on /home/airflow/.local/lib/python3.8/site-packages/airflow/example_dags/example_external_task_marker_dag.py
[2024-04-08T08:49:13.664+0000] {processor.py:830} INFO - Processing file /home/airflow/.local/lib/python3.8/site-packages/airflow/example_dags/example_external_task_marker_dag.py for tasks to queue
[2024-04-08T08:49:13.665+0000] {logging_mixin.py:188} INFO - [2024-04-08T08:49:13.665+0000] {dagbag.py:540} INFO - Filling up the DagBag from /home/airflow/.local/lib/python3.8/site-packages/airflow/example_dags/example_external_task_marker_dag.py
[2024-04-08T08:49:13.672+0000] {processor.py:840} INFO - DAG(s) 'example_external_task_marker_child', 'example_external_task_marker_parent' retrieved from /home/airflow/.local/lib/python3.8/site-packages/airflow/example_dags/example_external_task_marker_dag.py
[2024-04-08T08:49:13.700+0000] {logging_mixin.py:188} INFO - [2024-04-08T08:49:13.699+0000] {dag.py:3047} INFO - Sync 2 DAGs
[2024-04-08T08:49:13.716+0000] {logging_mixin.py:188} INFO - [2024-04-08T08:49:13.715+0000] {dag.py:3834} INFO - Setting next_dagrun for example_external_task_marker_child to None, run_after=None
[2024-04-08T08:49:13.720+0000] {logging_mixin.py:188} INFO - [2024-04-08T08:49:13.719+0000] {dag.py:3834} INFO - Setting next_dagrun for example_external_task_marker_parent to None, run_after=None
[2024-04-08T08:49:13.745+0000] {processor.py:183} INFO - Processing /home/airflow/.local/lib/python3.8/site-packages/airflow/example_dags/example_external_task_marker_dag.py took 0.085 seconds
[2024-04-08T08:49:44.105+0000] {processor.py:161} INFO - Started process (PID=11603) to work on /home/airflow/.local/lib/python3.8/site-packages/airflow/example_dags/example_external_task_marker_dag.py
[2024-04-08T08:49:44.107+0000] {processor.py:830} INFO - Processing file /home/airflow/.local/lib/python3.8/site-packages/airflow/example_dags/example_external_task_marker_dag.py for tasks to queue
[2024-04-08T08:49:44.108+0000] {logging_mixin.py:188} INFO - [2024-04-08T08:49:44.107+0000] {dagbag.py:540} INFO - Filling up the DagBag from /home/airflow/.local/lib/python3.8/site-packages/airflow/example_dags/example_external_task_marker_dag.py
[2024-04-08T08:49:44.115+0000] {processor.py:840} INFO - DAG(s) 'example_external_task_marker_parent', 'example_external_task_marker_child' retrieved from /home/airflow/.local/lib/python3.8/site-packages/airflow/example_dags/example_external_task_marker_dag.py
[2024-04-08T08:49:44.141+0000] {logging_mixin.py:188} INFO - [2024-04-08T08:49:44.140+0000] {dag.py:3047} INFO - Sync 2 DAGs
[2024-04-08T08:49:44.154+0000] {logging_mixin.py:188} INFO - [2024-04-08T08:49:44.154+0000] {dag.py:3834} INFO - Setting next_dagrun for example_external_task_marker_child to None, run_after=None
[2024-04-08T08:49:44.159+0000] {logging_mixin.py:188} INFO - [2024-04-08T08:49:44.158+0000] {dag.py:3834} INFO - Setting next_dagrun for example_external_task_marker_parent to None, run_after=None
[2024-04-08T08:49:44.180+0000] {processor.py:183} INFO - Processing /home/airflow/.local/lib/python3.8/site-packages/airflow/example_dags/example_external_task_marker_dag.py took 0.079 seconds
[2024-04-08T08:50:14.803+0000] {processor.py:161} INFO - Started process (PID=11864) to work on /home/airflow/.local/lib/python3.8/site-packages/airflow/example_dags/example_external_task_marker_dag.py
[2024-04-08T08:50:14.804+0000] {processor.py:830} INFO - Processing file /home/airflow/.local/lib/python3.8/site-packages/airflow/example_dags/example_external_task_marker_dag.py for tasks to queue
[2024-04-08T08:50:14.805+0000] {logging_mixin.py:188} INFO - [2024-04-08T08:50:14.805+0000] {dagbag.py:540} INFO - Filling up the DagBag from /home/airflow/.local/lib/python3.8/site-packages/airflow/example_dags/example_external_task_marker_dag.py
[2024-04-08T08:50:14.812+0000] {processor.py:840} INFO - DAG(s) 'example_external_task_marker_child', 'example_external_task_marker_parent' retrieved from /home/airflow/.local/lib/python3.8/site-packages/airflow/example_dags/example_external_task_marker_dag.py
[2024-04-08T08:50:14.838+0000] {logging_mixin.py:188} INFO - [2024-04-08T08:50:14.838+0000] {dag.py:3047} INFO - Sync 2 DAGs
[2024-04-08T08:50:14.854+0000] {logging_mixin.py:188} INFO - [2024-04-08T08:50:14.853+0000] {dag.py:3834} INFO - Setting next_dagrun for example_external_task_marker_child to None, run_after=None
[2024-04-08T08:50:14.858+0000] {logging_mixin.py:188} INFO - [2024-04-08T08:50:14.858+0000] {dag.py:3834} INFO - Setting next_dagrun for example_external_task_marker_parent to None, run_after=None
[2024-04-08T08:50:14.899+0000] {processor.py:183} INFO - Processing /home/airflow/.local/lib/python3.8/site-packages/airflow/example_dags/example_external_task_marker_dag.py took 0.100 seconds
[2024-04-08T08:50:45.255+0000] {processor.py:161} INFO - Started process (PID=12122) to work on /home/airflow/.local/lib/python3.8/site-packages/airflow/example_dags/example_external_task_marker_dag.py
[2024-04-08T08:50:45.256+0000] {processor.py:830} INFO - Processing file /home/airflow/.local/lib/python3.8/site-packages/airflow/example_dags/example_external_task_marker_dag.py for tasks to queue
[2024-04-08T08:50:45.258+0000] {logging_mixin.py:188} INFO - [2024-04-08T08:50:45.257+0000] {dagbag.py:540} INFO - Filling up the DagBag from /home/airflow/.local/lib/python3.8/site-packages/airflow/example_dags/example_external_task_marker_dag.py
[2024-04-08T08:50:45.265+0000] {processor.py:840} INFO - DAG(s) 'example_external_task_marker_child', 'example_external_task_marker_parent' retrieved from /home/airflow/.local/lib/python3.8/site-packages/airflow/example_dags/example_external_task_marker_dag.py
[2024-04-08T08:50:45.289+0000] {logging_mixin.py:188} INFO - [2024-04-08T08:50:45.289+0000] {dag.py:3047} INFO - Sync 2 DAGs
[2024-04-08T08:50:45.305+0000] {logging_mixin.py:188} INFO - [2024-04-08T08:50:45.304+0000] {dag.py:3834} INFO - Setting next_dagrun for example_external_task_marker_child to None, run_after=None
[2024-04-08T08:50:45.309+0000] {logging_mixin.py:188} INFO - [2024-04-08T08:50:45.308+0000] {dag.py:3834} INFO - Setting next_dagrun for example_external_task_marker_parent to None, run_after=None
[2024-04-08T08:50:45.330+0000] {processor.py:183} INFO - Processing /home/airflow/.local/lib/python3.8/site-packages/airflow/example_dags/example_external_task_marker_dag.py took 0.079 seconds
[2024-04-08T08:51:15.679+0000] {processor.py:161} INFO - Started process (PID=12380) to work on /home/airflow/.local/lib/python3.8/site-packages/airflow/example_dags/example_external_task_marker_dag.py
[2024-04-08T08:51:15.680+0000] {processor.py:830} INFO - Processing file /home/airflow/.local/lib/python3.8/site-packages/airflow/example_dags/example_external_task_marker_dag.py for tasks to queue
[2024-04-08T08:51:15.681+0000] {logging_mixin.py:188} INFO - [2024-04-08T08:51:15.681+0000] {dagbag.py:540} INFO - Filling up the DagBag from /home/airflow/.local/lib/python3.8/site-packages/airflow/example_dags/example_external_task_marker_dag.py
[2024-04-08T08:51:15.688+0000] {processor.py:840} INFO - DAG(s) 'example_external_task_marker_parent', 'example_external_task_marker_child' retrieved from /home/airflow/.local/lib/python3.8/site-packages/airflow/example_dags/example_external_task_marker_dag.py
[2024-04-08T08:51:15.715+0000] {logging_mixin.py:188} INFO - [2024-04-08T08:51:15.715+0000] {dag.py:3047} INFO - Sync 2 DAGs
[2024-04-08T08:51:15.730+0000] {logging_mixin.py:188} INFO - [2024-04-08T08:51:15.730+0000] {dag.py:3834} INFO - Setting next_dagrun for example_external_task_marker_child to None, run_after=None
[2024-04-08T08:51:15.734+0000] {logging_mixin.py:188} INFO - [2024-04-08T08:51:15.734+0000] {dag.py:3834} INFO - Setting next_dagrun for example_external_task_marker_parent to None, run_after=None
[2024-04-08T08:51:15.758+0000] {processor.py:183} INFO - Processing /home/airflow/.local/lib/python3.8/site-packages/airflow/example_dags/example_external_task_marker_dag.py took 0.083 seconds
[2024-04-08T08:51:46.119+0000] {processor.py:161} INFO - Started process (PID=12637) to work on /home/airflow/.local/lib/python3.8/site-packages/airflow/example_dags/example_external_task_marker_dag.py
[2024-04-08T08:51:46.120+0000] {processor.py:830} INFO - Processing file /home/airflow/.local/lib/python3.8/site-packages/airflow/example_dags/example_external_task_marker_dag.py for tasks to queue
[2024-04-08T08:51:46.121+0000] {logging_mixin.py:188} INFO - [2024-04-08T08:51:46.121+0000] {dagbag.py:540} INFO - Filling up the DagBag from /home/airflow/.local/lib/python3.8/site-packages/airflow/example_dags/example_external_task_marker_dag.py
[2024-04-08T08:51:46.128+0000] {processor.py:840} INFO - DAG(s) 'example_external_task_marker_parent', 'example_external_task_marker_child' retrieved from /home/airflow/.local/lib/python3.8/site-packages/airflow/example_dags/example_external_task_marker_dag.py
[2024-04-08T08:51:46.156+0000] {logging_mixin.py:188} INFO - [2024-04-08T08:51:46.156+0000] {dag.py:3047} INFO - Sync 2 DAGs
[2024-04-08T08:51:46.172+0000] {logging_mixin.py:188} INFO - [2024-04-08T08:51:46.172+0000] {dag.py:3834} INFO - Setting next_dagrun for example_external_task_marker_child to None, run_after=None
[2024-04-08T08:51:46.176+0000] {logging_mixin.py:188} INFO - [2024-04-08T08:51:46.176+0000] {dag.py:3834} INFO - Setting next_dagrun for example_external_task_marker_parent to None, run_after=None
[2024-04-08T08:51:46.197+0000] {processor.py:183} INFO - Processing /home/airflow/.local/lib/python3.8/site-packages/airflow/example_dags/example_external_task_marker_dag.py took 0.082 seconds
[2024-04-08T08:52:16.745+0000] {processor.py:161} INFO - Started process (PID=12894) to work on /home/airflow/.local/lib/python3.8/site-packages/airflow/example_dags/example_external_task_marker_dag.py
[2024-04-08T08:52:16.746+0000] {processor.py:830} INFO - Processing file /home/airflow/.local/lib/python3.8/site-packages/airflow/example_dags/example_external_task_marker_dag.py for tasks to queue
[2024-04-08T08:52:16.747+0000] {logging_mixin.py:188} INFO - [2024-04-08T08:52:16.747+0000] {dagbag.py:540} INFO - Filling up the DagBag from /home/airflow/.local/lib/python3.8/site-packages/airflow/example_dags/example_external_task_marker_dag.py
[2024-04-08T08:52:16.753+0000] {processor.py:840} INFO - DAG(s) 'example_external_task_marker_parent', 'example_external_task_marker_child' retrieved from /home/airflow/.local/lib/python3.8/site-packages/airflow/example_dags/example_external_task_marker_dag.py
[2024-04-08T08:52:16.780+0000] {logging_mixin.py:188} INFO - [2024-04-08T08:52:16.779+0000] {dag.py:3047} INFO - Sync 2 DAGs
[2024-04-08T08:52:16.795+0000] {logging_mixin.py:188} INFO - [2024-04-08T08:52:16.795+0000] {dag.py:3834} INFO - Setting next_dagrun for example_external_task_marker_child to None, run_after=None
[2024-04-08T08:52:16.800+0000] {logging_mixin.py:188} INFO - [2024-04-08T08:52:16.800+0000] {dag.py:3834} INFO - Setting next_dagrun for example_external_task_marker_parent to None, run_after=None
[2024-04-08T08:52:16.822+0000] {processor.py:183} INFO - Processing /home/airflow/.local/lib/python3.8/site-packages/airflow/example_dags/example_external_task_marker_dag.py took 0.081 seconds
[2024-04-08T08:52:47.240+0000] {processor.py:161} INFO - Started process (PID=13151) to work on /home/airflow/.local/lib/python3.8/site-packages/airflow/example_dags/example_external_task_marker_dag.py
[2024-04-08T08:52:47.241+0000] {processor.py:830} INFO - Processing file /home/airflow/.local/lib/python3.8/site-packages/airflow/example_dags/example_external_task_marker_dag.py for tasks to queue
[2024-04-08T08:52:47.241+0000] {logging_mixin.py:188} INFO - [2024-04-08T08:52:47.241+0000] {dagbag.py:540} INFO - Filling up the DagBag from /home/airflow/.local/lib/python3.8/site-packages/airflow/example_dags/example_external_task_marker_dag.py
[2024-04-08T08:52:47.247+0000] {processor.py:840} INFO - DAG(s) 'example_external_task_marker_child', 'example_external_task_marker_parent' retrieved from /home/airflow/.local/lib/python3.8/site-packages/airflow/example_dags/example_external_task_marker_dag.py
[2024-04-08T08:52:47.273+0000] {logging_mixin.py:188} INFO - [2024-04-08T08:52:47.273+0000] {dag.py:3047} INFO - Sync 2 DAGs
[2024-04-08T08:52:47.287+0000] {logging_mixin.py:188} INFO - [2024-04-08T08:52:47.287+0000] {dag.py:3834} INFO - Setting next_dagrun for example_external_task_marker_child to None, run_after=None
[2024-04-08T08:52:47.291+0000] {logging_mixin.py:188} INFO - [2024-04-08T08:52:47.291+0000] {dag.py:3834} INFO - Setting next_dagrun for example_external_task_marker_parent to None, run_after=None
[2024-04-08T08:52:47.314+0000] {processor.py:183} INFO - Processing /home/airflow/.local/lib/python3.8/site-packages/airflow/example_dags/example_external_task_marker_dag.py took 0.079 seconds
[2024-04-08T08:53:17.620+0000] {processor.py:161} INFO - Started process (PID=13408) to work on /home/airflow/.local/lib/python3.8/site-packages/airflow/example_dags/example_external_task_marker_dag.py
[2024-04-08T08:53:17.621+0000] {processor.py:830} INFO - Processing file /home/airflow/.local/lib/python3.8/site-packages/airflow/example_dags/example_external_task_marker_dag.py for tasks to queue
[2024-04-08T08:53:17.622+0000] {logging_mixin.py:188} INFO - [2024-04-08T08:53:17.622+0000] {dagbag.py:540} INFO - Filling up the DagBag from /home/airflow/.local/lib/python3.8/site-packages/airflow/example_dags/example_external_task_marker_dag.py
[2024-04-08T08:53:17.629+0000] {processor.py:840} INFO - DAG(s) 'example_external_task_marker_parent', 'example_external_task_marker_child' retrieved from /home/airflow/.local/lib/python3.8/site-packages/airflow/example_dags/example_external_task_marker_dag.py
[2024-04-08T08:53:17.655+0000] {logging_mixin.py:188} INFO - [2024-04-08T08:53:17.655+0000] {dag.py:3047} INFO - Sync 2 DAGs
[2024-04-08T08:53:17.670+0000] {logging_mixin.py:188} INFO - [2024-04-08T08:53:17.670+0000] {dag.py:3834} INFO - Setting next_dagrun for example_external_task_marker_child to None, run_after=None
[2024-04-08T08:53:17.674+0000] {logging_mixin.py:188} INFO - [2024-04-08T08:53:17.674+0000] {dag.py:3834} INFO - Setting next_dagrun for example_external_task_marker_parent to None, run_after=None
[2024-04-08T08:53:17.696+0000] {processor.py:183} INFO - Processing /home/airflow/.local/lib/python3.8/site-packages/airflow/example_dags/example_external_task_marker_dag.py took 0.080 seconds
[2024-04-08T08:53:48.238+0000] {processor.py:161} INFO - Started process (PID=13665) to work on /home/airflow/.local/lib/python3.8/site-packages/airflow/example_dags/example_external_task_marker_dag.py
[2024-04-08T08:53:48.239+0000] {processor.py:830} INFO - Processing file /home/airflow/.local/lib/python3.8/site-packages/airflow/example_dags/example_external_task_marker_dag.py for tasks to queue
[2024-04-08T08:53:48.250+0000] {logging_mixin.py:188} INFO - [2024-04-08T08:53:48.245+0000] {dagbag.py:540} INFO - Filling up the DagBag from /home/airflow/.local/lib/python3.8/site-packages/airflow/example_dags/example_external_task_marker_dag.py
[2024-04-08T08:53:48.275+0000] {processor.py:840} INFO - DAG(s) 'example_external_task_marker_parent', 'example_external_task_marker_child' retrieved from /home/airflow/.local/lib/python3.8/site-packages/airflow/example_dags/example_external_task_marker_dag.py
[2024-04-08T08:53:48.324+0000] {logging_mixin.py:188} INFO - [2024-04-08T08:53:48.324+0000] {dag.py:3047} INFO - Sync 2 DAGs
[2024-04-08T08:53:48.341+0000] {logging_mixin.py:188} INFO - [2024-04-08T08:53:48.340+0000] {dag.py:3834} INFO - Setting next_dagrun for example_external_task_marker_child to None, run_after=None
[2024-04-08T08:53:48.345+0000] {logging_mixin.py:188} INFO - [2024-04-08T08:53:48.345+0000] {dag.py:3834} INFO - Setting next_dagrun for example_external_task_marker_parent to None, run_after=None
[2024-04-08T08:53:48.370+0000] {processor.py:183} INFO - Processing /home/airflow/.local/lib/python3.8/site-packages/airflow/example_dags/example_external_task_marker_dag.py took 0.150 seconds
[2024-04-08T08:54:18.687+0000] {processor.py:161} INFO - Started process (PID=13923) to work on /home/airflow/.local/lib/python3.8/site-packages/airflow/example_dags/example_external_task_marker_dag.py
[2024-04-08T08:54:18.688+0000] {processor.py:830} INFO - Processing file /home/airflow/.local/lib/python3.8/site-packages/airflow/example_dags/example_external_task_marker_dag.py for tasks to queue
[2024-04-08T08:54:18.689+0000] {logging_mixin.py:188} INFO - [2024-04-08T08:54:18.689+0000] {dagbag.py:540} INFO - Filling up the DagBag from /home/airflow/.local/lib/python3.8/site-packages/airflow/example_dags/example_external_task_marker_dag.py
[2024-04-08T08:54:18.696+0000] {processor.py:840} INFO - DAG(s) 'example_external_task_marker_parent', 'example_external_task_marker_child' retrieved from /home/airflow/.local/lib/python3.8/site-packages/airflow/example_dags/example_external_task_marker_dag.py
[2024-04-08T08:54:18.726+0000] {logging_mixin.py:188} INFO - [2024-04-08T08:54:18.726+0000] {dag.py:3047} INFO - Sync 2 DAGs
[2024-04-08T08:54:18.740+0000] {logging_mixin.py:188} INFO - [2024-04-08T08:54:18.740+0000] {dag.py:3834} INFO - Setting next_dagrun for example_external_task_marker_child to None, run_after=None
[2024-04-08T08:54:18.744+0000] {logging_mixin.py:188} INFO - [2024-04-08T08:54:18.744+0000] {dag.py:3834} INFO - Setting next_dagrun for example_external_task_marker_parent to None, run_after=None
[2024-04-08T08:54:18.781+0000] {processor.py:183} INFO - Processing /home/airflow/.local/lib/python3.8/site-packages/airflow/example_dags/example_external_task_marker_dag.py took 0.098 seconds
[2024-04-08T08:54:49.074+0000] {processor.py:161} INFO - Started process (PID=14181) to work on /home/airflow/.local/lib/python3.8/site-packages/airflow/example_dags/example_external_task_marker_dag.py
[2024-04-08T08:54:49.076+0000] {processor.py:830} INFO - Processing file /home/airflow/.local/lib/python3.8/site-packages/airflow/example_dags/example_external_task_marker_dag.py for tasks to queue
[2024-04-08T08:54:49.077+0000] {logging_mixin.py:188} INFO - [2024-04-08T08:54:49.076+0000] {dagbag.py:540} INFO - Filling up the DagBag from /home/airflow/.local/lib/python3.8/site-packages/airflow/example_dags/example_external_task_marker_dag.py
[2024-04-08T08:54:49.084+0000] {processor.py:840} INFO - DAG(s) 'example_external_task_marker_parent', 'example_external_task_marker_child' retrieved from /home/airflow/.local/lib/python3.8/site-packages/airflow/example_dags/example_external_task_marker_dag.py
[2024-04-08T08:54:49.111+0000] {logging_mixin.py:188} INFO - [2024-04-08T08:54:49.111+0000] {dag.py:3047} INFO - Sync 2 DAGs
[2024-04-08T08:54:49.127+0000] {logging_mixin.py:188} INFO - [2024-04-08T08:54:49.127+0000] {dag.py:3834} INFO - Setting next_dagrun for example_external_task_marker_child to None, run_after=None
[2024-04-08T08:54:49.132+0000] {logging_mixin.py:188} INFO - [2024-04-08T08:54:49.132+0000] {dag.py:3834} INFO - Setting next_dagrun for example_external_task_marker_parent to None, run_after=None
[2024-04-08T08:54:49.154+0000] {processor.py:183} INFO - Processing /home/airflow/.local/lib/python3.8/site-packages/airflow/example_dags/example_external_task_marker_dag.py took 0.083 seconds
[2024-04-08T08:55:19.357+0000] {processor.py:161} INFO - Started process (PID=14439) to work on /home/airflow/.local/lib/python3.8/site-packages/airflow/example_dags/example_external_task_marker_dag.py
[2024-04-08T08:55:19.358+0000] {processor.py:830} INFO - Processing file /home/airflow/.local/lib/python3.8/site-packages/airflow/example_dags/example_external_task_marker_dag.py for tasks to queue
[2024-04-08T08:55:19.359+0000] {logging_mixin.py:188} INFO - [2024-04-08T08:55:19.359+0000] {dagbag.py:540} INFO - Filling up the DagBag from /home/airflow/.local/lib/python3.8/site-packages/airflow/example_dags/example_external_task_marker_dag.py
[2024-04-08T08:55:19.366+0000] {processor.py:840} INFO - DAG(s) 'example_external_task_marker_child', 'example_external_task_marker_parent' retrieved from /home/airflow/.local/lib/python3.8/site-packages/airflow/example_dags/example_external_task_marker_dag.py
[2024-04-08T08:55:19.393+0000] {logging_mixin.py:188} INFO - [2024-04-08T08:55:19.393+0000] {dag.py:3047} INFO - Sync 2 DAGs
[2024-04-08T08:55:19.409+0000] {logging_mixin.py:188} INFO - [2024-04-08T08:55:19.409+0000] {dag.py:3834} INFO - Setting next_dagrun for example_external_task_marker_child to None, run_after=None
[2024-04-08T08:55:19.413+0000] {logging_mixin.py:188} INFO - [2024-04-08T08:55:19.413+0000] {dag.py:3834} INFO - Setting next_dagrun for example_external_task_marker_parent to None, run_after=None
[2024-04-08T08:55:19.439+0000] {processor.py:183} INFO - Processing /home/airflow/.local/lib/python3.8/site-packages/airflow/example_dags/example_external_task_marker_dag.py took 0.086 seconds
[2024-04-08T08:55:49.699+0000] {processor.py:161} INFO - Started process (PID=14697) to work on /home/airflow/.local/lib/python3.8/site-packages/airflow/example_dags/example_external_task_marker_dag.py
[2024-04-08T08:55:49.700+0000] {processor.py:830} INFO - Processing file /home/airflow/.local/lib/python3.8/site-packages/airflow/example_dags/example_external_task_marker_dag.py for tasks to queue
[2024-04-08T08:55:49.700+0000] {logging_mixin.py:188} INFO - [2024-04-08T08:55:49.700+0000] {dagbag.py:540} INFO - Filling up the DagBag from /home/airflow/.local/lib/python3.8/site-packages/airflow/example_dags/example_external_task_marker_dag.py
[2024-04-08T08:55:49.707+0000] {processor.py:840} INFO - DAG(s) 'example_external_task_marker_child', 'example_external_task_marker_parent' retrieved from /home/airflow/.local/lib/python3.8/site-packages/airflow/example_dags/example_external_task_marker_dag.py
[2024-04-08T08:55:49.734+0000] {logging_mixin.py:188} INFO - [2024-04-08T08:55:49.733+0000] {dag.py:3047} INFO - Sync 2 DAGs
[2024-04-08T08:55:49.756+0000] {logging_mixin.py:188} INFO - [2024-04-08T08:55:49.755+0000] {dag.py:3834} INFO - Setting next_dagrun for example_external_task_marker_child to None, run_after=None
[2024-04-08T08:55:49.760+0000] {logging_mixin.py:188} INFO - [2024-04-08T08:55:49.760+0000] {dag.py:3834} INFO - Setting next_dagrun for example_external_task_marker_parent to None, run_after=None
[2024-04-08T08:55:49.783+0000] {processor.py:183} INFO - Processing /home/airflow/.local/lib/python3.8/site-packages/airflow/example_dags/example_external_task_marker_dag.py took 0.088 seconds
[2024-04-08T08:56:19.970+0000] {processor.py:161} INFO - Started process (PID=14955) to work on /home/airflow/.local/lib/python3.8/site-packages/airflow/example_dags/example_external_task_marker_dag.py
[2024-04-08T08:56:19.972+0000] {processor.py:830} INFO - Processing file /home/airflow/.local/lib/python3.8/site-packages/airflow/example_dags/example_external_task_marker_dag.py for tasks to queue
[2024-04-08T08:56:19.973+0000] {logging_mixin.py:188} INFO - [2024-04-08T08:56:19.973+0000] {dagbag.py:540} INFO - Filling up the DagBag from /home/airflow/.local/lib/python3.8/site-packages/airflow/example_dags/example_external_task_marker_dag.py
[2024-04-08T08:56:19.980+0000] {processor.py:840} INFO - DAG(s) 'example_external_task_marker_child', 'example_external_task_marker_parent' retrieved from /home/airflow/.local/lib/python3.8/site-packages/airflow/example_dags/example_external_task_marker_dag.py
[2024-04-08T08:56:20.009+0000] {logging_mixin.py:188} INFO - [2024-04-08T08:56:20.009+0000] {dag.py:3047} INFO - Sync 2 DAGs
[2024-04-08T08:56:20.022+0000] {logging_mixin.py:188} INFO - [2024-04-08T08:56:20.021+0000] {dag.py:3834} INFO - Setting next_dagrun for example_external_task_marker_child to None, run_after=None
[2024-04-08T08:56:20.026+0000] {logging_mixin.py:188} INFO - [2024-04-08T08:56:20.025+0000] {dag.py:3834} INFO - Setting next_dagrun for example_external_task_marker_parent to None, run_after=None
[2024-04-08T08:56:20.062+0000] {processor.py:183} INFO - Processing /home/airflow/.local/lib/python3.8/site-packages/airflow/example_dags/example_external_task_marker_dag.py took 0.096 seconds
[2024-04-08T08:56:50.520+0000] {processor.py:161} INFO - Started process (PID=15212) to work on /home/airflow/.local/lib/python3.8/site-packages/airflow/example_dags/example_external_task_marker_dag.py
[2024-04-08T08:56:50.522+0000] {processor.py:830} INFO - Processing file /home/airflow/.local/lib/python3.8/site-packages/airflow/example_dags/example_external_task_marker_dag.py for tasks to queue
[2024-04-08T08:56:50.523+0000] {logging_mixin.py:188} INFO - [2024-04-08T08:56:50.522+0000] {dagbag.py:540} INFO - Filling up the DagBag from /home/airflow/.local/lib/python3.8/site-packages/airflow/example_dags/example_external_task_marker_dag.py
[2024-04-08T08:56:50.545+0000] {processor.py:840} INFO - DAG(s) 'example_external_task_marker_child', 'example_external_task_marker_parent' retrieved from /home/airflow/.local/lib/python3.8/site-packages/airflow/example_dags/example_external_task_marker_dag.py
[2024-04-08T08:56:50.573+0000] {logging_mixin.py:188} INFO - [2024-04-08T08:56:50.573+0000] {dag.py:3047} INFO - Sync 2 DAGs
[2024-04-08T08:56:50.587+0000] {logging_mixin.py:188} INFO - [2024-04-08T08:56:50.587+0000] {dag.py:3834} INFO - Setting next_dagrun for example_external_task_marker_child to None, run_after=None
[2024-04-08T08:56:50.591+0000] {logging_mixin.py:188} INFO - [2024-04-08T08:56:50.591+0000] {dag.py:3834} INFO - Setting next_dagrun for example_external_task_marker_parent to None, run_after=None
[2024-04-08T08:56:50.628+0000] {processor.py:183} INFO - Processing /home/airflow/.local/lib/python3.8/site-packages/airflow/example_dags/example_external_task_marker_dag.py took 0.112 seconds
