[2024-04-08T08:27:21.061+0000] {processor.py:161} INFO - Started process (PID=300) to work on /home/airflow/.local/lib/python3.8/site-packages/airflow/example_dags/example_bash_operator.py
[2024-04-08T08:27:21.062+0000] {processor.py:830} INFO - Processing file /home/airflow/.local/lib/python3.8/site-packages/airflow/example_dags/example_bash_operator.py for tasks to queue
[2024-04-08T08:27:21.064+0000] {logging_mixin.py:188} INFO - [2024-04-08T08:27:21.063+0000] {dagbag.py:540} INFO - Filling up the DagBag from /home/airflow/.local/lib/python3.8/site-packages/airflow/example_dags/example_bash_operator.py
[2024-04-08T08:27:21.082+0000] {processor.py:840} INFO - DAG(s) 'example_bash_operator' retrieved from /home/airflow/.local/lib/python3.8/site-packages/airflow/example_dags/example_bash_operator.py
[2024-04-08T08:27:21.137+0000] {logging_mixin.py:188} INFO - [2024-04-08T08:27:21.136+0000] {dag.py:3047} INFO - Sync 1 DAGs
[2024-04-08T08:27:21.183+0000] {logging_mixin.py:188} INFO - [2024-04-08T08:27:21.175+0000] {dag.py:3834} INFO - Setting next_dagrun for example_bash_operator to 2024-04-07 00:00:00+00:00, run_after=2024-04-08 00:00:00+00:00
[2024-04-08T08:27:21.231+0000] {processor.py:183} INFO - Processing /home/airflow/.local/lib/python3.8/site-packages/airflow/example_dags/example_bash_operator.py took 0.173 seconds
[2024-04-08T08:27:52.100+0000] {processor.py:161} INFO - Started process (PID=557) to work on /home/airflow/.local/lib/python3.8/site-packages/airflow/example_dags/example_bash_operator.py
[2024-04-08T08:27:52.101+0000] {processor.py:830} INFO - Processing file /home/airflow/.local/lib/python3.8/site-packages/airflow/example_dags/example_bash_operator.py for tasks to queue
[2024-04-08T08:27:52.101+0000] {logging_mixin.py:188} INFO - [2024-04-08T08:27:52.101+0000] {dagbag.py:540} INFO - Filling up the DagBag from /home/airflow/.local/lib/python3.8/site-packages/airflow/example_dags/example_bash_operator.py
[2024-04-08T08:27:52.115+0000] {processor.py:840} INFO - DAG(s) 'example_bash_operator' retrieved from /home/airflow/.local/lib/python3.8/site-packages/airflow/example_dags/example_bash_operator.py
[2024-04-08T08:27:52.153+0000] {logging_mixin.py:188} INFO - [2024-04-08T08:27:52.152+0000] {dag.py:3047} INFO - Sync 1 DAGs
[2024-04-08T08:27:52.183+0000] {logging_mixin.py:188} INFO - [2024-04-08T08:27:52.183+0000] {dag.py:3834} INFO - Setting next_dagrun for example_bash_operator to 2024-04-07 00:00:00+00:00, run_after=2024-04-08 00:00:00+00:00
[2024-04-08T08:27:52.207+0000] {processor.py:183} INFO - Processing /home/airflow/.local/lib/python3.8/site-packages/airflow/example_dags/example_bash_operator.py took 0.111 seconds
[2024-04-08T08:28:22.942+0000] {processor.py:161} INFO - Started process (PID=815) to work on /home/airflow/.local/lib/python3.8/site-packages/airflow/example_dags/example_bash_operator.py
[2024-04-08T08:28:22.943+0000] {processor.py:830} INFO - Processing file /home/airflow/.local/lib/python3.8/site-packages/airflow/example_dags/example_bash_operator.py for tasks to queue
[2024-04-08T08:28:22.944+0000] {logging_mixin.py:188} INFO - [2024-04-08T08:28:22.944+0000] {dagbag.py:540} INFO - Filling up the DagBag from /home/airflow/.local/lib/python3.8/site-packages/airflow/example_dags/example_bash_operator.py
[2024-04-08T08:28:22.958+0000] {processor.py:840} INFO - DAG(s) 'example_bash_operator' retrieved from /home/airflow/.local/lib/python3.8/site-packages/airflow/example_dags/example_bash_operator.py
[2024-04-08T08:28:22.999+0000] {logging_mixin.py:188} INFO - [2024-04-08T08:28:22.999+0000] {dag.py:3047} INFO - Sync 1 DAGs
[2024-04-08T08:28:23.024+0000] {logging_mixin.py:188} INFO - [2024-04-08T08:28:23.024+0000] {dag.py:3834} INFO - Setting next_dagrun for example_bash_operator to 2024-04-07 00:00:00+00:00, run_after=2024-04-08 00:00:00+00:00
[2024-04-08T08:28:23.047+0000] {processor.py:183} INFO - Processing /home/airflow/.local/lib/python3.8/site-packages/airflow/example_dags/example_bash_operator.py took 0.108 seconds
[2024-04-08T08:28:53.341+0000] {processor.py:161} INFO - Started process (PID=1073) to work on /home/airflow/.local/lib/python3.8/site-packages/airflow/example_dags/example_bash_operator.py
[2024-04-08T08:28:53.342+0000] {processor.py:830} INFO - Processing file /home/airflow/.local/lib/python3.8/site-packages/airflow/example_dags/example_bash_operator.py for tasks to queue
[2024-04-08T08:28:53.343+0000] {logging_mixin.py:188} INFO - [2024-04-08T08:28:53.342+0000] {dagbag.py:540} INFO - Filling up the DagBag from /home/airflow/.local/lib/python3.8/site-packages/airflow/example_dags/example_bash_operator.py
[2024-04-08T08:28:53.357+0000] {processor.py:840} INFO - DAG(s) 'example_bash_operator' retrieved from /home/airflow/.local/lib/python3.8/site-packages/airflow/example_dags/example_bash_operator.py
[2024-04-08T08:28:53.407+0000] {logging_mixin.py:188} INFO - [2024-04-08T08:28:53.406+0000] {dag.py:3047} INFO - Sync 1 DAGs
[2024-04-08T08:28:53.436+0000] {logging_mixin.py:188} INFO - [2024-04-08T08:28:53.436+0000] {dag.py:3834} INFO - Setting next_dagrun for example_bash_operator to 2024-04-07 00:00:00+00:00, run_after=2024-04-08 00:00:00+00:00
[2024-04-08T08:28:53.460+0000] {processor.py:183} INFO - Processing /home/airflow/.local/lib/python3.8/site-packages/airflow/example_dags/example_bash_operator.py took 0.123 seconds
[2024-04-08T08:29:24.079+0000] {processor.py:161} INFO - Started process (PID=1331) to work on /home/airflow/.local/lib/python3.8/site-packages/airflow/example_dags/example_bash_operator.py
[2024-04-08T08:29:24.080+0000] {processor.py:830} INFO - Processing file /home/airflow/.local/lib/python3.8/site-packages/airflow/example_dags/example_bash_operator.py for tasks to queue
[2024-04-08T08:29:24.081+0000] {logging_mixin.py:188} INFO - [2024-04-08T08:29:24.080+0000] {dagbag.py:540} INFO - Filling up the DagBag from /home/airflow/.local/lib/python3.8/site-packages/airflow/example_dags/example_bash_operator.py
[2024-04-08T08:29:24.095+0000] {processor.py:840} INFO - DAG(s) 'example_bash_operator' retrieved from /home/airflow/.local/lib/python3.8/site-packages/airflow/example_dags/example_bash_operator.py
[2024-04-08T08:29:24.136+0000] {logging_mixin.py:188} INFO - [2024-04-08T08:29:24.136+0000] {dag.py:3047} INFO - Sync 1 DAGs
[2024-04-08T08:29:24.163+0000] {logging_mixin.py:188} INFO - [2024-04-08T08:29:24.163+0000] {dag.py:3834} INFO - Setting next_dagrun for example_bash_operator to 2024-04-07 00:00:00+00:00, run_after=2024-04-08 00:00:00+00:00
[2024-04-08T08:29:24.186+0000] {processor.py:183} INFO - Processing /home/airflow/.local/lib/python3.8/site-packages/airflow/example_dags/example_bash_operator.py took 0.111 seconds
[2024-04-08T08:29:54.404+0000] {processor.py:161} INFO - Started process (PID=1587) to work on /home/airflow/.local/lib/python3.8/site-packages/airflow/example_dags/example_bash_operator.py
[2024-04-08T08:29:54.405+0000] {processor.py:830} INFO - Processing file /home/airflow/.local/lib/python3.8/site-packages/airflow/example_dags/example_bash_operator.py for tasks to queue
[2024-04-08T08:29:54.406+0000] {logging_mixin.py:188} INFO - [2024-04-08T08:29:54.406+0000] {dagbag.py:540} INFO - Filling up the DagBag from /home/airflow/.local/lib/python3.8/site-packages/airflow/example_dags/example_bash_operator.py
[2024-04-08T08:29:54.421+0000] {processor.py:840} INFO - DAG(s) 'example_bash_operator' retrieved from /home/airflow/.local/lib/python3.8/site-packages/airflow/example_dags/example_bash_operator.py
[2024-04-08T08:29:54.457+0000] {logging_mixin.py:188} INFO - [2024-04-08T08:29:54.456+0000] {dag.py:3047} INFO - Sync 1 DAGs
[2024-04-08T08:29:54.483+0000] {logging_mixin.py:188} INFO - [2024-04-08T08:29:54.482+0000] {dag.py:3834} INFO - Setting next_dagrun for example_bash_operator to 2024-04-07 00:00:00+00:00, run_after=2024-04-08 00:00:00+00:00
[2024-04-08T08:29:54.506+0000] {processor.py:183} INFO - Processing /home/airflow/.local/lib/python3.8/site-packages/airflow/example_dags/example_bash_operator.py took 0.106 seconds
[2024-04-08T08:30:25.223+0000] {processor.py:161} INFO - Started process (PID=1846) to work on /home/airflow/.local/lib/python3.8/site-packages/airflow/example_dags/example_bash_operator.py
[2024-04-08T08:30:25.224+0000] {processor.py:830} INFO - Processing file /home/airflow/.local/lib/python3.8/site-packages/airflow/example_dags/example_bash_operator.py for tasks to queue
[2024-04-08T08:30:25.225+0000] {logging_mixin.py:188} INFO - [2024-04-08T08:30:25.225+0000] {dagbag.py:540} INFO - Filling up the DagBag from /home/airflow/.local/lib/python3.8/site-packages/airflow/example_dags/example_bash_operator.py
[2024-04-08T08:30:25.245+0000] {processor.py:840} INFO - DAG(s) 'example_bash_operator' retrieved from /home/airflow/.local/lib/python3.8/site-packages/airflow/example_dags/example_bash_operator.py
[2024-04-08T08:30:25.292+0000] {logging_mixin.py:188} INFO - [2024-04-08T08:30:25.292+0000] {dag.py:3047} INFO - Sync 1 DAGs
[2024-04-08T08:30:25.332+0000] {logging_mixin.py:188} INFO - [2024-04-08T08:30:25.332+0000] {dag.py:3834} INFO - Setting next_dagrun for example_bash_operator to 2024-04-07 00:00:00+00:00, run_after=2024-04-08 00:00:00+00:00
[2024-04-08T08:30:25.355+0000] {processor.py:183} INFO - Processing /home/airflow/.local/lib/python3.8/site-packages/airflow/example_dags/example_bash_operator.py took 0.136 seconds
[2024-04-08T08:30:56.155+0000] {processor.py:161} INFO - Started process (PID=2103) to work on /home/airflow/.local/lib/python3.8/site-packages/airflow/example_dags/example_bash_operator.py
[2024-04-08T08:30:56.156+0000] {processor.py:830} INFO - Processing file /home/airflow/.local/lib/python3.8/site-packages/airflow/example_dags/example_bash_operator.py for tasks to queue
[2024-04-08T08:30:56.157+0000] {logging_mixin.py:188} INFO - [2024-04-08T08:30:56.157+0000] {dagbag.py:540} INFO - Filling up the DagBag from /home/airflow/.local/lib/python3.8/site-packages/airflow/example_dags/example_bash_operator.py
[2024-04-08T08:30:56.173+0000] {processor.py:840} INFO - DAG(s) 'example_bash_operator' retrieved from /home/airflow/.local/lib/python3.8/site-packages/airflow/example_dags/example_bash_operator.py
[2024-04-08T08:30:56.211+0000] {logging_mixin.py:188} INFO - [2024-04-08T08:30:56.211+0000] {dag.py:3047} INFO - Sync 1 DAGs
[2024-04-08T08:30:56.242+0000] {logging_mixin.py:188} INFO - [2024-04-08T08:30:56.242+0000] {dag.py:3834} INFO - Setting next_dagrun for example_bash_operator to 2024-04-07 00:00:00+00:00, run_after=2024-04-08 00:00:00+00:00
[2024-04-08T08:30:56.286+0000] {processor.py:183} INFO - Processing /home/airflow/.local/lib/python3.8/site-packages/airflow/example_dags/example_bash_operator.py took 0.134 seconds
[2024-04-08T08:31:26.496+0000] {processor.py:161} INFO - Started process (PID=2360) to work on /home/airflow/.local/lib/python3.8/site-packages/airflow/example_dags/example_bash_operator.py
[2024-04-08T08:31:26.497+0000] {processor.py:830} INFO - Processing file /home/airflow/.local/lib/python3.8/site-packages/airflow/example_dags/example_bash_operator.py for tasks to queue
[2024-04-08T08:31:26.499+0000] {logging_mixin.py:188} INFO - [2024-04-08T08:31:26.498+0000] {dagbag.py:540} INFO - Filling up the DagBag from /home/airflow/.local/lib/python3.8/site-packages/airflow/example_dags/example_bash_operator.py
[2024-04-08T08:31:26.515+0000] {processor.py:840} INFO - DAG(s) 'example_bash_operator' retrieved from /home/airflow/.local/lib/python3.8/site-packages/airflow/example_dags/example_bash_operator.py
[2024-04-08T08:31:26.555+0000] {logging_mixin.py:188} INFO - [2024-04-08T08:31:26.555+0000] {dag.py:3047} INFO - Sync 1 DAGs
[2024-04-08T08:31:26.586+0000] {logging_mixin.py:188} INFO - [2024-04-08T08:31:26.586+0000] {dag.py:3834} INFO - Setting next_dagrun for example_bash_operator to 2024-04-07 00:00:00+00:00, run_after=2024-04-08 00:00:00+00:00
[2024-04-08T08:31:26.610+0000] {processor.py:183} INFO - Processing /home/airflow/.local/lib/python3.8/site-packages/airflow/example_dags/example_bash_operator.py took 0.118 seconds
[2024-04-08T08:31:57.182+0000] {processor.py:161} INFO - Started process (PID=2617) to work on /home/airflow/.local/lib/python3.8/site-packages/airflow/example_dags/example_bash_operator.py
[2024-04-08T08:31:57.183+0000] {processor.py:830} INFO - Processing file /home/airflow/.local/lib/python3.8/site-packages/airflow/example_dags/example_bash_operator.py for tasks to queue
[2024-04-08T08:31:57.184+0000] {logging_mixin.py:188} INFO - [2024-04-08T08:31:57.184+0000] {dagbag.py:540} INFO - Filling up the DagBag from /home/airflow/.local/lib/python3.8/site-packages/airflow/example_dags/example_bash_operator.py
[2024-04-08T08:31:57.199+0000] {processor.py:840} INFO - DAG(s) 'example_bash_operator' retrieved from /home/airflow/.local/lib/python3.8/site-packages/airflow/example_dags/example_bash_operator.py
[2024-04-08T08:31:57.238+0000] {logging_mixin.py:188} INFO - [2024-04-08T08:31:57.238+0000] {dag.py:3047} INFO - Sync 1 DAGs
[2024-04-08T08:31:57.264+0000] {logging_mixin.py:188} INFO - [2024-04-08T08:31:57.264+0000] {dag.py:3834} INFO - Setting next_dagrun for example_bash_operator to 2024-04-07 00:00:00+00:00, run_after=2024-04-08 00:00:00+00:00
[2024-04-08T08:31:57.286+0000] {processor.py:183} INFO - Processing /home/airflow/.local/lib/python3.8/site-packages/airflow/example_dags/example_bash_operator.py took 0.108 seconds
[2024-04-08T08:32:27.938+0000] {processor.py:161} INFO - Started process (PID=2874) to work on /home/airflow/.local/lib/python3.8/site-packages/airflow/example_dags/example_bash_operator.py
[2024-04-08T08:32:27.940+0000] {processor.py:830} INFO - Processing file /home/airflow/.local/lib/python3.8/site-packages/airflow/example_dags/example_bash_operator.py for tasks to queue
[2024-04-08T08:32:27.941+0000] {logging_mixin.py:188} INFO - [2024-04-08T08:32:27.940+0000] {dagbag.py:540} INFO - Filling up the DagBag from /home/airflow/.local/lib/python3.8/site-packages/airflow/example_dags/example_bash_operator.py
[2024-04-08T08:32:27.965+0000] {processor.py:840} INFO - DAG(s) 'example_bash_operator' retrieved from /home/airflow/.local/lib/python3.8/site-packages/airflow/example_dags/example_bash_operator.py
[2024-04-08T08:32:28.029+0000] {logging_mixin.py:188} INFO - [2024-04-08T08:32:28.029+0000] {dag.py:3047} INFO - Sync 1 DAGs
[2024-04-08T08:32:28.065+0000] {logging_mixin.py:188} INFO - [2024-04-08T08:32:28.065+0000] {dag.py:3834} INFO - Setting next_dagrun for example_bash_operator to 2024-04-07 00:00:00+00:00, run_after=2024-04-08 00:00:00+00:00
[2024-04-08T08:32:28.111+0000] {processor.py:183} INFO - Processing /home/airflow/.local/lib/python3.8/site-packages/airflow/example_dags/example_bash_operator.py took 0.176 seconds
[2024-04-08T08:32:58.898+0000] {processor.py:161} INFO - Started process (PID=3131) to work on /home/airflow/.local/lib/python3.8/site-packages/airflow/example_dags/example_bash_operator.py
[2024-04-08T08:32:58.899+0000] {processor.py:830} INFO - Processing file /home/airflow/.local/lib/python3.8/site-packages/airflow/example_dags/example_bash_operator.py for tasks to queue
[2024-04-08T08:32:58.900+0000] {logging_mixin.py:188} INFO - [2024-04-08T08:32:58.900+0000] {dagbag.py:540} INFO - Filling up the DagBag from /home/airflow/.local/lib/python3.8/site-packages/airflow/example_dags/example_bash_operator.py
[2024-04-08T08:32:58.918+0000] {processor.py:840} INFO - DAG(s) 'example_bash_operator' retrieved from /home/airflow/.local/lib/python3.8/site-packages/airflow/example_dags/example_bash_operator.py
[2024-04-08T08:32:58.956+0000] {logging_mixin.py:188} INFO - [2024-04-08T08:32:58.955+0000] {dag.py:3047} INFO - Sync 1 DAGs
[2024-04-08T08:32:58.981+0000] {logging_mixin.py:188} INFO - [2024-04-08T08:32:58.980+0000] {dag.py:3834} INFO - Setting next_dagrun for example_bash_operator to 2024-04-07 00:00:00+00:00, run_after=2024-04-08 00:00:00+00:00
[2024-04-08T08:32:59.010+0000] {processor.py:183} INFO - Processing /home/airflow/.local/lib/python3.8/site-packages/airflow/example_dags/example_bash_operator.py took 0.116 seconds
[2024-04-08T08:33:29.395+0000] {processor.py:161} INFO - Started process (PID=3388) to work on /home/airflow/.local/lib/python3.8/site-packages/airflow/example_dags/example_bash_operator.py
[2024-04-08T08:33:29.396+0000] {processor.py:830} INFO - Processing file /home/airflow/.local/lib/python3.8/site-packages/airflow/example_dags/example_bash_operator.py for tasks to queue
[2024-04-08T08:33:29.397+0000] {logging_mixin.py:188} INFO - [2024-04-08T08:33:29.396+0000] {dagbag.py:540} INFO - Filling up the DagBag from /home/airflow/.local/lib/python3.8/site-packages/airflow/example_dags/example_bash_operator.py
[2024-04-08T08:33:29.411+0000] {processor.py:840} INFO - DAG(s) 'example_bash_operator' retrieved from /home/airflow/.local/lib/python3.8/site-packages/airflow/example_dags/example_bash_operator.py
[2024-04-08T08:33:29.461+0000] {logging_mixin.py:188} INFO - [2024-04-08T08:33:29.461+0000] {dag.py:3047} INFO - Sync 1 DAGs
[2024-04-08T08:33:29.509+0000] {logging_mixin.py:188} INFO - [2024-04-08T08:33:29.507+0000] {dag.py:3834} INFO - Setting next_dagrun for example_bash_operator to 2024-04-07 00:00:00+00:00, run_after=2024-04-08 00:00:00+00:00
[2024-04-08T08:33:29.549+0000] {processor.py:183} INFO - Processing /home/airflow/.local/lib/python3.8/site-packages/airflow/example_dags/example_bash_operator.py took 0.157 seconds
[2024-04-08T08:33:59.789+0000] {processor.py:161} INFO - Started process (PID=3645) to work on /home/airflow/.local/lib/python3.8/site-packages/airflow/example_dags/example_bash_operator.py
[2024-04-08T08:33:59.790+0000] {processor.py:830} INFO - Processing file /home/airflow/.local/lib/python3.8/site-packages/airflow/example_dags/example_bash_operator.py for tasks to queue
[2024-04-08T08:33:59.791+0000] {logging_mixin.py:188} INFO - [2024-04-08T08:33:59.791+0000] {dagbag.py:540} INFO - Filling up the DagBag from /home/airflow/.local/lib/python3.8/site-packages/airflow/example_dags/example_bash_operator.py
[2024-04-08T08:33:59.809+0000] {processor.py:840} INFO - DAG(s) 'example_bash_operator' retrieved from /home/airflow/.local/lib/python3.8/site-packages/airflow/example_dags/example_bash_operator.py
[2024-04-08T08:33:59.863+0000] {logging_mixin.py:188} INFO - [2024-04-08T08:33:59.863+0000] {dag.py:3047} INFO - Sync 1 DAGs
[2024-04-08T08:33:59.907+0000] {logging_mixin.py:188} INFO - [2024-04-08T08:33:59.907+0000] {dag.py:3834} INFO - Setting next_dagrun for example_bash_operator to 2024-04-07 00:00:00+00:00, run_after=2024-04-08 00:00:00+00:00
[2024-04-08T08:33:59.943+0000] {processor.py:183} INFO - Processing /home/airflow/.local/lib/python3.8/site-packages/airflow/example_dags/example_bash_operator.py took 0.157 seconds
[2024-04-08T08:34:30.002+0000] {processor.py:161} INFO - Started process (PID=3901) to work on /home/airflow/.local/lib/python3.8/site-packages/airflow/example_dags/example_bash_operator.py
[2024-04-08T08:34:30.004+0000] {processor.py:830} INFO - Processing file /home/airflow/.local/lib/python3.8/site-packages/airflow/example_dags/example_bash_operator.py for tasks to queue
[2024-04-08T08:34:30.004+0000] {logging_mixin.py:188} INFO - [2024-04-08T08:34:30.004+0000] {dagbag.py:540} INFO - Filling up the DagBag from /home/airflow/.local/lib/python3.8/site-packages/airflow/example_dags/example_bash_operator.py
[2024-04-08T08:34:30.019+0000] {processor.py:840} INFO - DAG(s) 'example_bash_operator' retrieved from /home/airflow/.local/lib/python3.8/site-packages/airflow/example_dags/example_bash_operator.py
[2024-04-08T08:34:30.061+0000] {logging_mixin.py:188} INFO - [2024-04-08T08:34:30.060+0000] {dag.py:3047} INFO - Sync 1 DAGs
[2024-04-08T08:34:30.092+0000] {logging_mixin.py:188} INFO - [2024-04-08T08:34:30.092+0000] {dag.py:3834} INFO - Setting next_dagrun for example_bash_operator to 2024-04-07 00:00:00+00:00, run_after=2024-04-08 00:00:00+00:00
[2024-04-08T08:34:30.116+0000] {processor.py:183} INFO - Processing /home/airflow/.local/lib/python3.8/site-packages/airflow/example_dags/example_bash_operator.py took 0.117 seconds
[2024-04-08T08:35:00.331+0000] {processor.py:161} INFO - Started process (PID=4158) to work on /home/airflow/.local/lib/python3.8/site-packages/airflow/example_dags/example_bash_operator.py
[2024-04-08T08:35:00.333+0000] {processor.py:830} INFO - Processing file /home/airflow/.local/lib/python3.8/site-packages/airflow/example_dags/example_bash_operator.py for tasks to queue
[2024-04-08T08:35:00.333+0000] {logging_mixin.py:188} INFO - [2024-04-08T08:35:00.333+0000] {dagbag.py:540} INFO - Filling up the DagBag from /home/airflow/.local/lib/python3.8/site-packages/airflow/example_dags/example_bash_operator.py
[2024-04-08T08:35:00.348+0000] {processor.py:840} INFO - DAG(s) 'example_bash_operator' retrieved from /home/airflow/.local/lib/python3.8/site-packages/airflow/example_dags/example_bash_operator.py
[2024-04-08T08:35:00.386+0000] {logging_mixin.py:188} INFO - [2024-04-08T08:35:00.386+0000] {dag.py:3047} INFO - Sync 1 DAGs
[2024-04-08T08:35:00.413+0000] {logging_mixin.py:188} INFO - [2024-04-08T08:35:00.413+0000] {dag.py:3834} INFO - Setting next_dagrun for example_bash_operator to 2024-04-07 00:00:00+00:00, run_after=2024-04-08 00:00:00+00:00
[2024-04-08T08:35:00.441+0000] {processor.py:183} INFO - Processing /home/airflow/.local/lib/python3.8/site-packages/airflow/example_dags/example_bash_operator.py took 0.114 seconds
[2024-04-08T08:35:31.209+0000] {processor.py:161} INFO - Started process (PID=4414) to work on /home/airflow/.local/lib/python3.8/site-packages/airflow/example_dags/example_bash_operator.py
[2024-04-08T08:35:31.210+0000] {processor.py:830} INFO - Processing file /home/airflow/.local/lib/python3.8/site-packages/airflow/example_dags/example_bash_operator.py for tasks to queue
[2024-04-08T08:35:31.212+0000] {logging_mixin.py:188} INFO - [2024-04-08T08:35:31.211+0000] {dagbag.py:540} INFO - Filling up the DagBag from /home/airflow/.local/lib/python3.8/site-packages/airflow/example_dags/example_bash_operator.py
[2024-04-08T08:35:31.228+0000] {processor.py:840} INFO - DAG(s) 'example_bash_operator' retrieved from /home/airflow/.local/lib/python3.8/site-packages/airflow/example_dags/example_bash_operator.py
[2024-04-08T08:35:31.264+0000] {logging_mixin.py:188} INFO - [2024-04-08T08:35:31.264+0000] {dag.py:3047} INFO - Sync 1 DAGs
[2024-04-08T08:35:31.290+0000] {logging_mixin.py:188} INFO - [2024-04-08T08:35:31.290+0000] {dag.py:3834} INFO - Setting next_dagrun for example_bash_operator to 2024-04-07 00:00:00+00:00, run_after=2024-04-08 00:00:00+00:00
[2024-04-08T08:35:31.316+0000] {processor.py:183} INFO - Processing /home/airflow/.local/lib/python3.8/site-packages/airflow/example_dags/example_bash_operator.py took 0.111 seconds
[2024-04-08T08:36:01.716+0000] {processor.py:161} INFO - Started process (PID=4673) to work on /home/airflow/.local/lib/python3.8/site-packages/airflow/example_dags/example_bash_operator.py
[2024-04-08T08:36:01.717+0000] {processor.py:830} INFO - Processing file /home/airflow/.local/lib/python3.8/site-packages/airflow/example_dags/example_bash_operator.py for tasks to queue
[2024-04-08T08:36:01.718+0000] {logging_mixin.py:188} INFO - [2024-04-08T08:36:01.718+0000] {dagbag.py:540} INFO - Filling up the DagBag from /home/airflow/.local/lib/python3.8/site-packages/airflow/example_dags/example_bash_operator.py
[2024-04-08T08:36:01.733+0000] {processor.py:840} INFO - DAG(s) 'example_bash_operator' retrieved from /home/airflow/.local/lib/python3.8/site-packages/airflow/example_dags/example_bash_operator.py
[2024-04-08T08:36:01.775+0000] {logging_mixin.py:188} INFO - [2024-04-08T08:36:01.775+0000] {dag.py:3047} INFO - Sync 1 DAGs
[2024-04-08T08:36:01.801+0000] {logging_mixin.py:188} INFO - [2024-04-08T08:36:01.800+0000] {dag.py:3834} INFO - Setting next_dagrun for example_bash_operator to 2024-04-07 00:00:00+00:00, run_after=2024-04-08 00:00:00+00:00
[2024-04-08T08:36:01.829+0000] {processor.py:183} INFO - Processing /home/airflow/.local/lib/python3.8/site-packages/airflow/example_dags/example_bash_operator.py took 0.116 seconds
[2024-04-08T08:36:32.025+0000] {processor.py:161} INFO - Started process (PID=4931) to work on /home/airflow/.local/lib/python3.8/site-packages/airflow/example_dags/example_bash_operator.py
[2024-04-08T08:36:32.026+0000] {processor.py:830} INFO - Processing file /home/airflow/.local/lib/python3.8/site-packages/airflow/example_dags/example_bash_operator.py for tasks to queue
[2024-04-08T08:36:32.027+0000] {logging_mixin.py:188} INFO - [2024-04-08T08:36:32.026+0000] {dagbag.py:540} INFO - Filling up the DagBag from /home/airflow/.local/lib/python3.8/site-packages/airflow/example_dags/example_bash_operator.py
[2024-04-08T08:36:32.041+0000] {processor.py:840} INFO - DAG(s) 'example_bash_operator' retrieved from /home/airflow/.local/lib/python3.8/site-packages/airflow/example_dags/example_bash_operator.py
[2024-04-08T08:36:32.080+0000] {logging_mixin.py:188} INFO - [2024-04-08T08:36:32.080+0000] {dag.py:3047} INFO - Sync 1 DAGs
[2024-04-08T08:36:32.105+0000] {logging_mixin.py:188} INFO - [2024-04-08T08:36:32.105+0000] {dag.py:3834} INFO - Setting next_dagrun for example_bash_operator to 2024-04-07 00:00:00+00:00, run_after=2024-04-08 00:00:00+00:00
[2024-04-08T08:36:32.130+0000] {processor.py:183} INFO - Processing /home/airflow/.local/lib/python3.8/site-packages/airflow/example_dags/example_bash_operator.py took 0.109 seconds
[2024-04-08T08:37:02.334+0000] {processor.py:161} INFO - Started process (PID=5188) to work on /home/airflow/.local/lib/python3.8/site-packages/airflow/example_dags/example_bash_operator.py
[2024-04-08T08:37:02.335+0000] {processor.py:830} INFO - Processing file /home/airflow/.local/lib/python3.8/site-packages/airflow/example_dags/example_bash_operator.py for tasks to queue
[2024-04-08T08:37:02.336+0000] {logging_mixin.py:188} INFO - [2024-04-08T08:37:02.336+0000] {dagbag.py:540} INFO - Filling up the DagBag from /home/airflow/.local/lib/python3.8/site-packages/airflow/example_dags/example_bash_operator.py
[2024-04-08T08:37:02.374+0000] {processor.py:840} INFO - DAG(s) 'example_bash_operator' retrieved from /home/airflow/.local/lib/python3.8/site-packages/airflow/example_dags/example_bash_operator.py
[2024-04-08T08:37:02.411+0000] {logging_mixin.py:188} INFO - [2024-04-08T08:37:02.411+0000] {dag.py:3047} INFO - Sync 1 DAGs
[2024-04-08T08:37:02.439+0000] {logging_mixin.py:188} INFO - [2024-04-08T08:37:02.438+0000] {dag.py:3834} INFO - Setting next_dagrun for example_bash_operator to 2024-04-07 00:00:00+00:00, run_after=2024-04-08 00:00:00+00:00
[2024-04-08T08:37:02.464+0000] {processor.py:183} INFO - Processing /home/airflow/.local/lib/python3.8/site-packages/airflow/example_dags/example_bash_operator.py took 0.134 seconds
[2024-04-08T08:37:32.839+0000] {processor.py:161} INFO - Started process (PID=5444) to work on /home/airflow/.local/lib/python3.8/site-packages/airflow/example_dags/example_bash_operator.py
[2024-04-08T08:37:32.840+0000] {processor.py:830} INFO - Processing file /home/airflow/.local/lib/python3.8/site-packages/airflow/example_dags/example_bash_operator.py for tasks to queue
[2024-04-08T08:37:32.841+0000] {logging_mixin.py:188} INFO - [2024-04-08T08:37:32.840+0000] {dagbag.py:540} INFO - Filling up the DagBag from /home/airflow/.local/lib/python3.8/site-packages/airflow/example_dags/example_bash_operator.py
[2024-04-08T08:37:32.855+0000] {processor.py:840} INFO - DAG(s) 'example_bash_operator' retrieved from /home/airflow/.local/lib/python3.8/site-packages/airflow/example_dags/example_bash_operator.py
[2024-04-08T08:37:32.904+0000] {logging_mixin.py:188} INFO - [2024-04-08T08:37:32.903+0000] {dag.py:3047} INFO - Sync 1 DAGs
[2024-04-08T08:37:32.934+0000] {logging_mixin.py:188} INFO - [2024-04-08T08:37:32.933+0000] {dag.py:3834} INFO - Setting next_dagrun for example_bash_operator to 2024-04-07 00:00:00+00:00, run_after=2024-04-08 00:00:00+00:00
[2024-04-08T08:37:32.958+0000] {processor.py:183} INFO - Processing /home/airflow/.local/lib/python3.8/site-packages/airflow/example_dags/example_bash_operator.py took 0.123 seconds
[2024-04-08T08:38:03.494+0000] {processor.py:161} INFO - Started process (PID=5701) to work on /home/airflow/.local/lib/python3.8/site-packages/airflow/example_dags/example_bash_operator.py
[2024-04-08T08:38:03.495+0000] {processor.py:830} INFO - Processing file /home/airflow/.local/lib/python3.8/site-packages/airflow/example_dags/example_bash_operator.py for tasks to queue
[2024-04-08T08:38:03.496+0000] {logging_mixin.py:188} INFO - [2024-04-08T08:38:03.496+0000] {dagbag.py:540} INFO - Filling up the DagBag from /home/airflow/.local/lib/python3.8/site-packages/airflow/example_dags/example_bash_operator.py
[2024-04-08T08:38:03.510+0000] {processor.py:840} INFO - DAG(s) 'example_bash_operator' retrieved from /home/airflow/.local/lib/python3.8/site-packages/airflow/example_dags/example_bash_operator.py
[2024-04-08T08:38:03.549+0000] {logging_mixin.py:188} INFO - [2024-04-08T08:38:03.549+0000] {dag.py:3047} INFO - Sync 1 DAGs
[2024-04-08T08:38:03.578+0000] {logging_mixin.py:188} INFO - [2024-04-08T08:38:03.577+0000] {dag.py:3834} INFO - Setting next_dagrun for example_bash_operator to 2024-04-07 00:00:00+00:00, run_after=2024-04-08 00:00:00+00:00
[2024-04-08T08:38:03.602+0000] {processor.py:183} INFO - Processing /home/airflow/.local/lib/python3.8/site-packages/airflow/example_dags/example_bash_operator.py took 0.112 seconds
[2024-04-08T08:38:34.025+0000] {processor.py:161} INFO - Started process (PID=5958) to work on /home/airflow/.local/lib/python3.8/site-packages/airflow/example_dags/example_bash_operator.py
[2024-04-08T08:38:34.026+0000] {processor.py:830} INFO - Processing file /home/airflow/.local/lib/python3.8/site-packages/airflow/example_dags/example_bash_operator.py for tasks to queue
[2024-04-08T08:38:34.027+0000] {logging_mixin.py:188} INFO - [2024-04-08T08:38:34.027+0000] {dagbag.py:540} INFO - Filling up the DagBag from /home/airflow/.local/lib/python3.8/site-packages/airflow/example_dags/example_bash_operator.py
[2024-04-08T08:38:34.042+0000] {processor.py:840} INFO - DAG(s) 'example_bash_operator' retrieved from /home/airflow/.local/lib/python3.8/site-packages/airflow/example_dags/example_bash_operator.py
[2024-04-08T08:38:34.085+0000] {logging_mixin.py:188} INFO - [2024-04-08T08:38:34.085+0000] {dag.py:3047} INFO - Sync 1 DAGs
[2024-04-08T08:38:34.124+0000] {logging_mixin.py:188} INFO - [2024-04-08T08:38:34.123+0000] {dag.py:3834} INFO - Setting next_dagrun for example_bash_operator to 2024-04-07 00:00:00+00:00, run_after=2024-04-08 00:00:00+00:00
[2024-04-08T08:38:34.152+0000] {processor.py:183} INFO - Processing /home/airflow/.local/lib/python3.8/site-packages/airflow/example_dags/example_bash_operator.py took 0.131 seconds
[2024-04-08T08:39:04.662+0000] {processor.py:161} INFO - Started process (PID=6216) to work on /home/airflow/.local/lib/python3.8/site-packages/airflow/example_dags/example_bash_operator.py
[2024-04-08T08:39:04.663+0000] {processor.py:830} INFO - Processing file /home/airflow/.local/lib/python3.8/site-packages/airflow/example_dags/example_bash_operator.py for tasks to queue
[2024-04-08T08:39:04.664+0000] {logging_mixin.py:188} INFO - [2024-04-08T08:39:04.664+0000] {dagbag.py:540} INFO - Filling up the DagBag from /home/airflow/.local/lib/python3.8/site-packages/airflow/example_dags/example_bash_operator.py
[2024-04-08T08:39:04.682+0000] {processor.py:840} INFO - DAG(s) 'example_bash_operator' retrieved from /home/airflow/.local/lib/python3.8/site-packages/airflow/example_dags/example_bash_operator.py
[2024-04-08T08:39:04.722+0000] {logging_mixin.py:188} INFO - [2024-04-08T08:39:04.721+0000] {dag.py:3047} INFO - Sync 1 DAGs
[2024-04-08T08:39:04.749+0000] {logging_mixin.py:188} INFO - [2024-04-08T08:39:04.748+0000] {dag.py:3834} INFO - Setting next_dagrun for example_bash_operator to 2024-04-07 00:00:00+00:00, run_after=2024-04-08 00:00:00+00:00
[2024-04-08T08:39:04.774+0000] {processor.py:183} INFO - Processing /home/airflow/.local/lib/python3.8/site-packages/airflow/example_dags/example_bash_operator.py took 0.126 seconds
[2024-04-08T08:39:35.280+0000] {processor.py:161} INFO - Started process (PID=6472) to work on /home/airflow/.local/lib/python3.8/site-packages/airflow/example_dags/example_bash_operator.py
[2024-04-08T08:39:35.281+0000] {processor.py:830} INFO - Processing file /home/airflow/.local/lib/python3.8/site-packages/airflow/example_dags/example_bash_operator.py for tasks to queue
[2024-04-08T08:39:35.282+0000] {logging_mixin.py:188} INFO - [2024-04-08T08:39:35.282+0000] {dagbag.py:540} INFO - Filling up the DagBag from /home/airflow/.local/lib/python3.8/site-packages/airflow/example_dags/example_bash_operator.py
[2024-04-08T08:39:35.297+0000] {processor.py:840} INFO - DAG(s) 'example_bash_operator' retrieved from /home/airflow/.local/lib/python3.8/site-packages/airflow/example_dags/example_bash_operator.py
[2024-04-08T08:39:35.338+0000] {logging_mixin.py:188} INFO - [2024-04-08T08:39:35.338+0000] {dag.py:3047} INFO - Sync 1 DAGs
[2024-04-08T08:39:35.364+0000] {logging_mixin.py:188} INFO - [2024-04-08T08:39:35.364+0000] {dag.py:3834} INFO - Setting next_dagrun for example_bash_operator to 2024-04-07 00:00:00+00:00, run_after=2024-04-08 00:00:00+00:00
[2024-04-08T08:39:35.390+0000] {processor.py:183} INFO - Processing /home/airflow/.local/lib/python3.8/site-packages/airflow/example_dags/example_bash_operator.py took 0.114 seconds
[2024-04-08T08:40:05.627+0000] {processor.py:161} INFO - Started process (PID=6729) to work on /home/airflow/.local/lib/python3.8/site-packages/airflow/example_dags/example_bash_operator.py
[2024-04-08T08:40:05.628+0000] {processor.py:830} INFO - Processing file /home/airflow/.local/lib/python3.8/site-packages/airflow/example_dags/example_bash_operator.py for tasks to queue
[2024-04-08T08:40:05.629+0000] {logging_mixin.py:188} INFO - [2024-04-08T08:40:05.628+0000] {dagbag.py:540} INFO - Filling up the DagBag from /home/airflow/.local/lib/python3.8/site-packages/airflow/example_dags/example_bash_operator.py
[2024-04-08T08:40:05.643+0000] {processor.py:840} INFO - DAG(s) 'example_bash_operator' retrieved from /home/airflow/.local/lib/python3.8/site-packages/airflow/example_dags/example_bash_operator.py
[2024-04-08T08:40:05.681+0000] {logging_mixin.py:188} INFO - [2024-04-08T08:40:05.681+0000] {dag.py:3047} INFO - Sync 1 DAGs
[2024-04-08T08:40:05.707+0000] {logging_mixin.py:188} INFO - [2024-04-08T08:40:05.707+0000] {dag.py:3834} INFO - Setting next_dagrun for example_bash_operator to 2024-04-07 00:00:00+00:00, run_after=2024-04-08 00:00:00+00:00
[2024-04-08T08:40:05.731+0000] {processor.py:183} INFO - Processing /home/airflow/.local/lib/python3.8/site-packages/airflow/example_dags/example_bash_operator.py took 0.109 seconds
[2024-04-08T08:40:36.035+0000] {processor.py:161} INFO - Started process (PID=6986) to work on /home/airflow/.local/lib/python3.8/site-packages/airflow/example_dags/example_bash_operator.py
[2024-04-08T08:40:36.036+0000] {processor.py:830} INFO - Processing file /home/airflow/.local/lib/python3.8/site-packages/airflow/example_dags/example_bash_operator.py for tasks to queue
[2024-04-08T08:40:36.036+0000] {logging_mixin.py:188} INFO - [2024-04-08T08:40:36.036+0000] {dagbag.py:540} INFO - Filling up the DagBag from /home/airflow/.local/lib/python3.8/site-packages/airflow/example_dags/example_bash_operator.py
[2024-04-08T08:40:36.051+0000] {processor.py:840} INFO - DAG(s) 'example_bash_operator' retrieved from /home/airflow/.local/lib/python3.8/site-packages/airflow/example_dags/example_bash_operator.py
[2024-04-08T08:40:36.096+0000] {logging_mixin.py:188} INFO - [2024-04-08T08:40:36.096+0000] {dag.py:3047} INFO - Sync 1 DAGs
[2024-04-08T08:40:36.140+0000] {logging_mixin.py:188} INFO - [2024-04-08T08:40:36.140+0000] {dag.py:3834} INFO - Setting next_dagrun for example_bash_operator to 2024-04-07 00:00:00+00:00, run_after=2024-04-08 00:00:00+00:00
[2024-04-08T08:40:36.166+0000] {processor.py:183} INFO - Processing /home/airflow/.local/lib/python3.8/site-packages/airflow/example_dags/example_bash_operator.py took 0.135 seconds
[2024-04-08T08:41:06.647+0000] {processor.py:161} INFO - Started process (PID=7243) to work on /home/airflow/.local/lib/python3.8/site-packages/airflow/example_dags/example_bash_operator.py
[2024-04-08T08:41:06.648+0000] {processor.py:830} INFO - Processing file /home/airflow/.local/lib/python3.8/site-packages/airflow/example_dags/example_bash_operator.py for tasks to queue
[2024-04-08T08:41:06.649+0000] {logging_mixin.py:188} INFO - [2024-04-08T08:41:06.649+0000] {dagbag.py:540} INFO - Filling up the DagBag from /home/airflow/.local/lib/python3.8/site-packages/airflow/example_dags/example_bash_operator.py
[2024-04-08T08:41:06.666+0000] {processor.py:840} INFO - DAG(s) 'example_bash_operator' retrieved from /home/airflow/.local/lib/python3.8/site-packages/airflow/example_dags/example_bash_operator.py
[2024-04-08T08:41:06.707+0000] {logging_mixin.py:188} INFO - [2024-04-08T08:41:06.707+0000] {dag.py:3047} INFO - Sync 1 DAGs
[2024-04-08T08:41:06.739+0000] {logging_mixin.py:188} INFO - [2024-04-08T08:41:06.739+0000] {dag.py:3834} INFO - Setting next_dagrun for example_bash_operator to 2024-04-07 00:00:00+00:00, run_after=2024-04-08 00:00:00+00:00
[2024-04-08T08:41:06.766+0000] {processor.py:183} INFO - Processing /home/airflow/.local/lib/python3.8/site-packages/airflow/example_dags/example_bash_operator.py took 0.122 seconds
[2024-04-08T08:41:37.162+0000] {processor.py:161} INFO - Started process (PID=7500) to work on /home/airflow/.local/lib/python3.8/site-packages/airflow/example_dags/example_bash_operator.py
[2024-04-08T08:41:37.163+0000] {processor.py:830} INFO - Processing file /home/airflow/.local/lib/python3.8/site-packages/airflow/example_dags/example_bash_operator.py for tasks to queue
[2024-04-08T08:41:37.164+0000] {logging_mixin.py:188} INFO - [2024-04-08T08:41:37.164+0000] {dagbag.py:540} INFO - Filling up the DagBag from /home/airflow/.local/lib/python3.8/site-packages/airflow/example_dags/example_bash_operator.py
[2024-04-08T08:41:37.179+0000] {processor.py:840} INFO - DAG(s) 'example_bash_operator' retrieved from /home/airflow/.local/lib/python3.8/site-packages/airflow/example_dags/example_bash_operator.py
[2024-04-08T08:41:37.220+0000] {logging_mixin.py:188} INFO - [2024-04-08T08:41:37.220+0000] {dag.py:3047} INFO - Sync 1 DAGs
[2024-04-08T08:41:37.246+0000] {logging_mixin.py:188} INFO - [2024-04-08T08:41:37.245+0000] {dag.py:3834} INFO - Setting next_dagrun for example_bash_operator to 2024-04-07 00:00:00+00:00, run_after=2024-04-08 00:00:00+00:00
[2024-04-08T08:41:37.270+0000] {processor.py:183} INFO - Processing /home/airflow/.local/lib/python3.8/site-packages/airflow/example_dags/example_bash_operator.py took 0.115 seconds
[2024-04-08T08:42:07.392+0000] {processor.py:161} INFO - Started process (PID=7756) to work on /home/airflow/.local/lib/python3.8/site-packages/airflow/example_dags/example_bash_operator.py
[2024-04-08T08:42:07.393+0000] {processor.py:830} INFO - Processing file /home/airflow/.local/lib/python3.8/site-packages/airflow/example_dags/example_bash_operator.py for tasks to queue
[2024-04-08T08:42:07.394+0000] {logging_mixin.py:188} INFO - [2024-04-08T08:42:07.394+0000] {dagbag.py:540} INFO - Filling up the DagBag from /home/airflow/.local/lib/python3.8/site-packages/airflow/example_dags/example_bash_operator.py
[2024-04-08T08:42:07.422+0000] {processor.py:840} INFO - DAG(s) 'example_bash_operator' retrieved from /home/airflow/.local/lib/python3.8/site-packages/airflow/example_dags/example_bash_operator.py
[2024-04-08T08:42:07.460+0000] {logging_mixin.py:188} INFO - [2024-04-08T08:42:07.460+0000] {dag.py:3047} INFO - Sync 1 DAGs
[2024-04-08T08:42:07.486+0000] {logging_mixin.py:188} INFO - [2024-04-08T08:42:07.486+0000] {dag.py:3834} INFO - Setting next_dagrun for example_bash_operator to 2024-04-07 00:00:00+00:00, run_after=2024-04-08 00:00:00+00:00
[2024-04-08T08:42:07.510+0000] {processor.py:183} INFO - Processing /home/airflow/.local/lib/python3.8/site-packages/airflow/example_dags/example_bash_operator.py took 0.122 seconds
[2024-04-08T08:42:37.764+0000] {processor.py:161} INFO - Started process (PID=8014) to work on /home/airflow/.local/lib/python3.8/site-packages/airflow/example_dags/example_bash_operator.py
[2024-04-08T08:42:37.765+0000] {processor.py:830} INFO - Processing file /home/airflow/.local/lib/python3.8/site-packages/airflow/example_dags/example_bash_operator.py for tasks to queue
[2024-04-08T08:42:37.766+0000] {logging_mixin.py:188} INFO - [2024-04-08T08:42:37.765+0000] {dagbag.py:540} INFO - Filling up the DagBag from /home/airflow/.local/lib/python3.8/site-packages/airflow/example_dags/example_bash_operator.py
[2024-04-08T08:42:37.780+0000] {processor.py:840} INFO - DAG(s) 'example_bash_operator' retrieved from /home/airflow/.local/lib/python3.8/site-packages/airflow/example_dags/example_bash_operator.py
[2024-04-08T08:42:37.820+0000] {logging_mixin.py:188} INFO - [2024-04-08T08:42:37.820+0000] {dag.py:3047} INFO - Sync 1 DAGs
[2024-04-08T08:42:37.845+0000] {logging_mixin.py:188} INFO - [2024-04-08T08:42:37.845+0000] {dag.py:3834} INFO - Setting next_dagrun for example_bash_operator to 2024-04-07 00:00:00+00:00, run_after=2024-04-08 00:00:00+00:00
[2024-04-08T08:42:37.868+0000] {processor.py:183} INFO - Processing /home/airflow/.local/lib/python3.8/site-packages/airflow/example_dags/example_bash_operator.py took 0.108 seconds
[2024-04-08T08:43:08.056+0000] {processor.py:161} INFO - Started process (PID=8270) to work on /home/airflow/.local/lib/python3.8/site-packages/airflow/example_dags/example_bash_operator.py
[2024-04-08T08:43:08.066+0000] {processor.py:830} INFO - Processing file /home/airflow/.local/lib/python3.8/site-packages/airflow/example_dags/example_bash_operator.py for tasks to queue
[2024-04-08T08:43:08.067+0000] {logging_mixin.py:188} INFO - [2024-04-08T08:43:08.066+0000] {dagbag.py:540} INFO - Filling up the DagBag from /home/airflow/.local/lib/python3.8/site-packages/airflow/example_dags/example_bash_operator.py
[2024-04-08T08:43:08.094+0000] {processor.py:840} INFO - DAG(s) 'example_bash_operator' retrieved from /home/airflow/.local/lib/python3.8/site-packages/airflow/example_dags/example_bash_operator.py
[2024-04-08T08:43:08.144+0000] {logging_mixin.py:188} INFO - [2024-04-08T08:43:08.144+0000] {dag.py:3047} INFO - Sync 1 DAGs
[2024-04-08T08:43:08.170+0000] {logging_mixin.py:188} INFO - [2024-04-08T08:43:08.170+0000] {dag.py:3834} INFO - Setting next_dagrun for example_bash_operator to 2024-04-07 00:00:00+00:00, run_after=2024-04-08 00:00:00+00:00
[2024-04-08T08:43:08.193+0000] {processor.py:183} INFO - Processing /home/airflow/.local/lib/python3.8/site-packages/airflow/example_dags/example_bash_operator.py took 0.141 seconds
[2024-04-08T08:43:38.554+0000] {processor.py:161} INFO - Started process (PID=8528) to work on /home/airflow/.local/lib/python3.8/site-packages/airflow/example_dags/example_bash_operator.py
[2024-04-08T08:43:38.555+0000] {processor.py:830} INFO - Processing file /home/airflow/.local/lib/python3.8/site-packages/airflow/example_dags/example_bash_operator.py for tasks to queue
[2024-04-08T08:43:38.556+0000] {logging_mixin.py:188} INFO - [2024-04-08T08:43:38.555+0000] {dagbag.py:540} INFO - Filling up the DagBag from /home/airflow/.local/lib/python3.8/site-packages/airflow/example_dags/example_bash_operator.py
[2024-04-08T08:43:38.569+0000] {processor.py:840} INFO - DAG(s) 'example_bash_operator' retrieved from /home/airflow/.local/lib/python3.8/site-packages/airflow/example_dags/example_bash_operator.py
[2024-04-08T08:43:38.609+0000] {logging_mixin.py:188} INFO - [2024-04-08T08:43:38.609+0000] {dag.py:3047} INFO - Sync 1 DAGs
[2024-04-08T08:43:38.635+0000] {logging_mixin.py:188} INFO - [2024-04-08T08:43:38.635+0000] {dag.py:3834} INFO - Setting next_dagrun for example_bash_operator to 2024-04-07 00:00:00+00:00, run_after=2024-04-08 00:00:00+00:00
[2024-04-08T08:43:38.658+0000] {processor.py:183} INFO - Processing /home/airflow/.local/lib/python3.8/site-packages/airflow/example_dags/example_bash_operator.py took 0.107 seconds
[2024-04-08T08:44:09.477+0000] {processor.py:161} INFO - Started process (PID=8792) to work on /home/airflow/.local/lib/python3.8/site-packages/airflow/example_dags/example_bash_operator.py
[2024-04-08T08:44:09.478+0000] {processor.py:830} INFO - Processing file /home/airflow/.local/lib/python3.8/site-packages/airflow/example_dags/example_bash_operator.py for tasks to queue
[2024-04-08T08:44:09.479+0000] {logging_mixin.py:188} INFO - [2024-04-08T08:44:09.479+0000] {dagbag.py:540} INFO - Filling up the DagBag from /home/airflow/.local/lib/python3.8/site-packages/airflow/example_dags/example_bash_operator.py
[2024-04-08T08:44:09.494+0000] {processor.py:840} INFO - DAG(s) 'example_bash_operator' retrieved from /home/airflow/.local/lib/python3.8/site-packages/airflow/example_dags/example_bash_operator.py
[2024-04-08T08:44:09.537+0000] {logging_mixin.py:188} INFO - [2024-04-08T08:44:09.537+0000] {dag.py:3047} INFO - Sync 1 DAGs
[2024-04-08T08:44:09.563+0000] {logging_mixin.py:188} INFO - [2024-04-08T08:44:09.563+0000] {dag.py:3834} INFO - Setting next_dagrun for example_bash_operator to 2024-04-07 00:00:00+00:00, run_after=2024-04-08 00:00:00+00:00
[2024-04-08T08:44:09.586+0000] {processor.py:183} INFO - Processing /home/airflow/.local/lib/python3.8/site-packages/airflow/example_dags/example_bash_operator.py took 0.114 seconds
[2024-04-08T08:44:39.833+0000] {processor.py:161} INFO - Started process (PID=9051) to work on /home/airflow/.local/lib/python3.8/site-packages/airflow/example_dags/example_bash_operator.py
[2024-04-08T08:44:39.834+0000] {processor.py:830} INFO - Processing file /home/airflow/.local/lib/python3.8/site-packages/airflow/example_dags/example_bash_operator.py for tasks to queue
[2024-04-08T08:44:39.835+0000] {logging_mixin.py:188} INFO - [2024-04-08T08:44:39.835+0000] {dagbag.py:540} INFO - Filling up the DagBag from /home/airflow/.local/lib/python3.8/site-packages/airflow/example_dags/example_bash_operator.py
[2024-04-08T08:44:39.850+0000] {processor.py:840} INFO - DAG(s) 'example_bash_operator' retrieved from /home/airflow/.local/lib/python3.8/site-packages/airflow/example_dags/example_bash_operator.py
[2024-04-08T08:44:39.888+0000] {logging_mixin.py:188} INFO - [2024-04-08T08:44:39.888+0000] {dag.py:3047} INFO - Sync 1 DAGs
[2024-04-08T08:44:39.918+0000] {logging_mixin.py:188} INFO - [2024-04-08T08:44:39.918+0000] {dag.py:3834} INFO - Setting next_dagrun for example_bash_operator to 2024-04-07 00:00:00+00:00, run_after=2024-04-08 00:00:00+00:00
[2024-04-08T08:44:39.944+0000] {processor.py:183} INFO - Processing /home/airflow/.local/lib/python3.8/site-packages/airflow/example_dags/example_bash_operator.py took 0.115 seconds
[2024-04-08T08:45:10.258+0000] {processor.py:161} INFO - Started process (PID=9309) to work on /home/airflow/.local/lib/python3.8/site-packages/airflow/example_dags/example_bash_operator.py
[2024-04-08T08:45:10.259+0000] {processor.py:830} INFO - Processing file /home/airflow/.local/lib/python3.8/site-packages/airflow/example_dags/example_bash_operator.py for tasks to queue
[2024-04-08T08:45:10.260+0000] {logging_mixin.py:188} INFO - [2024-04-08T08:45:10.260+0000] {dagbag.py:540} INFO - Filling up the DagBag from /home/airflow/.local/lib/python3.8/site-packages/airflow/example_dags/example_bash_operator.py
[2024-04-08T08:45:10.275+0000] {processor.py:840} INFO - DAG(s) 'example_bash_operator' retrieved from /home/airflow/.local/lib/python3.8/site-packages/airflow/example_dags/example_bash_operator.py
[2024-04-08T08:45:10.314+0000] {logging_mixin.py:188} INFO - [2024-04-08T08:45:10.314+0000] {dag.py:3047} INFO - Sync 1 DAGs
[2024-04-08T08:45:10.343+0000] {logging_mixin.py:188} INFO - [2024-04-08T08:45:10.342+0000] {dag.py:3834} INFO - Setting next_dagrun for example_bash_operator to 2024-04-07 00:00:00+00:00, run_after=2024-04-08 00:00:00+00:00
[2024-04-08T08:45:10.366+0000] {processor.py:183} INFO - Processing /home/airflow/.local/lib/python3.8/site-packages/airflow/example_dags/example_bash_operator.py took 0.112 seconds
[2024-04-08T08:45:40.488+0000] {processor.py:161} INFO - Started process (PID=9564) to work on /home/airflow/.local/lib/python3.8/site-packages/airflow/example_dags/example_bash_operator.py
[2024-04-08T08:45:40.490+0000] {processor.py:830} INFO - Processing file /home/airflow/.local/lib/python3.8/site-packages/airflow/example_dags/example_bash_operator.py for tasks to queue
[2024-04-08T08:45:40.491+0000] {logging_mixin.py:188} INFO - [2024-04-08T08:45:40.490+0000] {dagbag.py:540} INFO - Filling up the DagBag from /home/airflow/.local/lib/python3.8/site-packages/airflow/example_dags/example_bash_operator.py
[2024-04-08T08:45:40.525+0000] {processor.py:840} INFO - DAG(s) 'example_bash_operator' retrieved from /home/airflow/.local/lib/python3.8/site-packages/airflow/example_dags/example_bash_operator.py
[2024-04-08T08:45:40.588+0000] {logging_mixin.py:188} INFO - [2024-04-08T08:45:40.587+0000] {dag.py:3047} INFO - Sync 1 DAGs
[2024-04-08T08:45:40.614+0000] {logging_mixin.py:188} INFO - [2024-04-08T08:45:40.614+0000] {dag.py:3834} INFO - Setting next_dagrun for example_bash_operator to 2024-04-07 00:00:00+00:00, run_after=2024-04-08 00:00:00+00:00
[2024-04-08T08:45:40.639+0000] {processor.py:183} INFO - Processing /home/airflow/.local/lib/python3.8/site-packages/airflow/example_dags/example_bash_operator.py took 0.154 seconds
[2024-04-08T08:46:10.844+0000] {processor.py:161} INFO - Started process (PID=9821) to work on /home/airflow/.local/lib/python3.8/site-packages/airflow/example_dags/example_bash_operator.py
[2024-04-08T08:46:10.845+0000] {processor.py:830} INFO - Processing file /home/airflow/.local/lib/python3.8/site-packages/airflow/example_dags/example_bash_operator.py for tasks to queue
[2024-04-08T08:46:10.846+0000] {logging_mixin.py:188} INFO - [2024-04-08T08:46:10.846+0000] {dagbag.py:540} INFO - Filling up the DagBag from /home/airflow/.local/lib/python3.8/site-packages/airflow/example_dags/example_bash_operator.py
[2024-04-08T08:46:10.860+0000] {processor.py:840} INFO - DAG(s) 'example_bash_operator' retrieved from /home/airflow/.local/lib/python3.8/site-packages/airflow/example_dags/example_bash_operator.py
[2024-04-08T08:46:10.900+0000] {logging_mixin.py:188} INFO - [2024-04-08T08:46:10.900+0000] {dag.py:3047} INFO - Sync 1 DAGs
[2024-04-08T08:46:10.965+0000] {logging_mixin.py:188} INFO - [2024-04-08T08:46:10.962+0000] {dag.py:3834} INFO - Setting next_dagrun for example_bash_operator to 2024-04-07 00:00:00+00:00, run_after=2024-04-08 00:00:00+00:00
[2024-04-08T08:46:10.997+0000] {processor.py:183} INFO - Processing /home/airflow/.local/lib/python3.8/site-packages/airflow/example_dags/example_bash_operator.py took 0.157 seconds
[2024-04-08T08:46:41.267+0000] {processor.py:161} INFO - Started process (PID=10080) to work on /home/airflow/.local/lib/python3.8/site-packages/airflow/example_dags/example_bash_operator.py
[2024-04-08T08:46:41.268+0000] {processor.py:830} INFO - Processing file /home/airflow/.local/lib/python3.8/site-packages/airflow/example_dags/example_bash_operator.py for tasks to queue
[2024-04-08T08:46:41.269+0000] {logging_mixin.py:188} INFO - [2024-04-08T08:46:41.269+0000] {dagbag.py:540} INFO - Filling up the DagBag from /home/airflow/.local/lib/python3.8/site-packages/airflow/example_dags/example_bash_operator.py
[2024-04-08T08:46:41.284+0000] {processor.py:840} INFO - DAG(s) 'example_bash_operator' retrieved from /home/airflow/.local/lib/python3.8/site-packages/airflow/example_dags/example_bash_operator.py
[2024-04-08T08:46:41.322+0000] {logging_mixin.py:188} INFO - [2024-04-08T08:46:41.321+0000] {dag.py:3047} INFO - Sync 1 DAGs
[2024-04-08T08:46:41.367+0000] {logging_mixin.py:188} INFO - [2024-04-08T08:46:41.367+0000] {dag.py:3834} INFO - Setting next_dagrun for example_bash_operator to 2024-04-07 00:00:00+00:00, run_after=2024-04-08 00:00:00+00:00
[2024-04-08T08:46:41.408+0000] {processor.py:183} INFO - Processing /home/airflow/.local/lib/python3.8/site-packages/airflow/example_dags/example_bash_operator.py took 0.144 seconds
[2024-04-08T08:47:11.959+0000] {processor.py:161} INFO - Started process (PID=10337) to work on /home/airflow/.local/lib/python3.8/site-packages/airflow/example_dags/example_bash_operator.py
[2024-04-08T08:47:11.960+0000] {processor.py:830} INFO - Processing file /home/airflow/.local/lib/python3.8/site-packages/airflow/example_dags/example_bash_operator.py for tasks to queue
[2024-04-08T08:47:11.961+0000] {logging_mixin.py:188} INFO - [2024-04-08T08:47:11.961+0000] {dagbag.py:540} INFO - Filling up the DagBag from /home/airflow/.local/lib/python3.8/site-packages/airflow/example_dags/example_bash_operator.py
[2024-04-08T08:47:11.976+0000] {processor.py:840} INFO - DAG(s) 'example_bash_operator' retrieved from /home/airflow/.local/lib/python3.8/site-packages/airflow/example_dags/example_bash_operator.py
[2024-04-08T08:47:12.031+0000] {logging_mixin.py:188} INFO - [2024-04-08T08:47:12.031+0000] {dag.py:3047} INFO - Sync 1 DAGs
[2024-04-08T08:47:12.107+0000] {logging_mixin.py:188} INFO - [2024-04-08T08:47:12.107+0000] {dag.py:3834} INFO - Setting next_dagrun for example_bash_operator to 2024-04-07 00:00:00+00:00, run_after=2024-04-08 00:00:00+00:00
[2024-04-08T08:47:12.133+0000] {processor.py:183} INFO - Processing /home/airflow/.local/lib/python3.8/site-packages/airflow/example_dags/example_bash_operator.py took 0.177 seconds
[2024-04-08T08:47:42.285+0000] {processor.py:161} INFO - Started process (PID=10594) to work on /home/airflow/.local/lib/python3.8/site-packages/airflow/example_dags/example_bash_operator.py
[2024-04-08T08:47:42.286+0000] {processor.py:830} INFO - Processing file /home/airflow/.local/lib/python3.8/site-packages/airflow/example_dags/example_bash_operator.py for tasks to queue
[2024-04-08T08:47:42.287+0000] {logging_mixin.py:188} INFO - [2024-04-08T08:47:42.287+0000] {dagbag.py:540} INFO - Filling up the DagBag from /home/airflow/.local/lib/python3.8/site-packages/airflow/example_dags/example_bash_operator.py
[2024-04-08T08:47:42.301+0000] {processor.py:840} INFO - DAG(s) 'example_bash_operator' retrieved from /home/airflow/.local/lib/python3.8/site-packages/airflow/example_dags/example_bash_operator.py
[2024-04-08T08:47:42.344+0000] {logging_mixin.py:188} INFO - [2024-04-08T08:47:42.344+0000] {dag.py:3047} INFO - Sync 1 DAGs
[2024-04-08T08:47:42.372+0000] {logging_mixin.py:188} INFO - [2024-04-08T08:47:42.372+0000] {dag.py:3834} INFO - Setting next_dagrun for example_bash_operator to 2024-04-07 00:00:00+00:00, run_after=2024-04-08 00:00:00+00:00
[2024-04-08T08:47:42.397+0000] {processor.py:183} INFO - Processing /home/airflow/.local/lib/python3.8/site-packages/airflow/example_dags/example_bash_operator.py took 0.115 seconds
[2024-04-08T08:48:12.484+0000] {processor.py:161} INFO - Started process (PID=10853) to work on /home/airflow/.local/lib/python3.8/site-packages/airflow/example_dags/example_bash_operator.py
[2024-04-08T08:48:12.485+0000] {processor.py:830} INFO - Processing file /home/airflow/.local/lib/python3.8/site-packages/airflow/example_dags/example_bash_operator.py for tasks to queue
[2024-04-08T08:48:12.486+0000] {logging_mixin.py:188} INFO - [2024-04-08T08:48:12.485+0000] {dagbag.py:540} INFO - Filling up the DagBag from /home/airflow/.local/lib/python3.8/site-packages/airflow/example_dags/example_bash_operator.py
[2024-04-08T08:48:12.499+0000] {processor.py:840} INFO - DAG(s) 'example_bash_operator' retrieved from /home/airflow/.local/lib/python3.8/site-packages/airflow/example_dags/example_bash_operator.py
[2024-04-08T08:48:12.538+0000] {logging_mixin.py:188} INFO - [2024-04-08T08:48:12.538+0000] {dag.py:3047} INFO - Sync 1 DAGs
[2024-04-08T08:48:12.564+0000] {logging_mixin.py:188} INFO - [2024-04-08T08:48:12.564+0000] {dag.py:3834} INFO - Setting next_dagrun for example_bash_operator to 2024-04-07 00:00:00+00:00, run_after=2024-04-08 00:00:00+00:00
[2024-04-08T08:48:12.587+0000] {processor.py:183} INFO - Processing /home/airflow/.local/lib/python3.8/site-packages/airflow/example_dags/example_bash_operator.py took 0.106 seconds
[2024-04-08T08:48:42.931+0000] {processor.py:161} INFO - Started process (PID=11108) to work on /home/airflow/.local/lib/python3.8/site-packages/airflow/example_dags/example_bash_operator.py
[2024-04-08T08:48:42.932+0000] {processor.py:830} INFO - Processing file /home/airflow/.local/lib/python3.8/site-packages/airflow/example_dags/example_bash_operator.py for tasks to queue
[2024-04-08T08:48:42.933+0000] {logging_mixin.py:188} INFO - [2024-04-08T08:48:42.932+0000] {dagbag.py:540} INFO - Filling up the DagBag from /home/airflow/.local/lib/python3.8/site-packages/airflow/example_dags/example_bash_operator.py
[2024-04-08T08:48:42.945+0000] {processor.py:840} INFO - DAG(s) 'example_bash_operator' retrieved from /home/airflow/.local/lib/python3.8/site-packages/airflow/example_dags/example_bash_operator.py
[2024-04-08T08:48:42.985+0000] {logging_mixin.py:188} INFO - [2024-04-08T08:48:42.984+0000] {dag.py:3047} INFO - Sync 1 DAGs
[2024-04-08T08:48:43.014+0000] {logging_mixin.py:188} INFO - [2024-04-08T08:48:43.013+0000] {dag.py:3834} INFO - Setting next_dagrun for example_bash_operator to 2024-04-07 00:00:00+00:00, run_after=2024-04-08 00:00:00+00:00
[2024-04-08T08:48:43.037+0000] {processor.py:183} INFO - Processing /home/airflow/.local/lib/python3.8/site-packages/airflow/example_dags/example_bash_operator.py took 0.110 seconds
[2024-04-08T08:49:13.885+0000] {processor.py:161} INFO - Started process (PID=11365) to work on /home/airflow/.local/lib/python3.8/site-packages/airflow/example_dags/example_bash_operator.py
[2024-04-08T08:49:13.886+0000] {processor.py:830} INFO - Processing file /home/airflow/.local/lib/python3.8/site-packages/airflow/example_dags/example_bash_operator.py for tasks to queue
[2024-04-08T08:49:13.887+0000] {logging_mixin.py:188} INFO - [2024-04-08T08:49:13.887+0000] {dagbag.py:540} INFO - Filling up the DagBag from /home/airflow/.local/lib/python3.8/site-packages/airflow/example_dags/example_bash_operator.py
[2024-04-08T08:49:13.905+0000] {processor.py:840} INFO - DAG(s) 'example_bash_operator' retrieved from /home/airflow/.local/lib/python3.8/site-packages/airflow/example_dags/example_bash_operator.py
[2024-04-08T08:49:13.944+0000] {logging_mixin.py:188} INFO - [2024-04-08T08:49:13.943+0000] {dag.py:3047} INFO - Sync 1 DAGs
[2024-04-08T08:49:13.970+0000] {logging_mixin.py:188} INFO - [2024-04-08T08:49:13.969+0000] {dag.py:3834} INFO - Setting next_dagrun for example_bash_operator to 2024-04-07 00:00:00+00:00, run_after=2024-04-08 00:00:00+00:00
[2024-04-08T08:49:13.993+0000] {processor.py:183} INFO - Processing /home/airflow/.local/lib/python3.8/site-packages/airflow/example_dags/example_bash_operator.py took 0.111 seconds
[2024-04-08T08:49:44.360+0000] {processor.py:161} INFO - Started process (PID=11623) to work on /home/airflow/.local/lib/python3.8/site-packages/airflow/example_dags/example_bash_operator.py
[2024-04-08T08:49:44.361+0000] {processor.py:830} INFO - Processing file /home/airflow/.local/lib/python3.8/site-packages/airflow/example_dags/example_bash_operator.py for tasks to queue
[2024-04-08T08:49:44.362+0000] {logging_mixin.py:188} INFO - [2024-04-08T08:49:44.362+0000] {dagbag.py:540} INFO - Filling up the DagBag from /home/airflow/.local/lib/python3.8/site-packages/airflow/example_dags/example_bash_operator.py
[2024-04-08T08:49:44.383+0000] {processor.py:840} INFO - DAG(s) 'example_bash_operator' retrieved from /home/airflow/.local/lib/python3.8/site-packages/airflow/example_dags/example_bash_operator.py
[2024-04-08T08:49:44.418+0000] {logging_mixin.py:188} INFO - [2024-04-08T08:49:44.418+0000] {dag.py:3047} INFO - Sync 1 DAGs
[2024-04-08T08:49:44.445+0000] {logging_mixin.py:188} INFO - [2024-04-08T08:49:44.444+0000] {dag.py:3834} INFO - Setting next_dagrun for example_bash_operator to 2024-04-07 00:00:00+00:00, run_after=2024-04-08 00:00:00+00:00
[2024-04-08T08:49:44.472+0000] {processor.py:183} INFO - Processing /home/airflow/.local/lib/python3.8/site-packages/airflow/example_dags/example_bash_operator.py took 0.115 seconds
[2024-04-08T08:50:15.072+0000] {processor.py:161} INFO - Started process (PID=11881) to work on /home/airflow/.local/lib/python3.8/site-packages/airflow/example_dags/example_bash_operator.py
[2024-04-08T08:50:15.073+0000] {processor.py:830} INFO - Processing file /home/airflow/.local/lib/python3.8/site-packages/airflow/example_dags/example_bash_operator.py for tasks to queue
[2024-04-08T08:50:15.074+0000] {logging_mixin.py:188} INFO - [2024-04-08T08:50:15.074+0000] {dagbag.py:540} INFO - Filling up the DagBag from /home/airflow/.local/lib/python3.8/site-packages/airflow/example_dags/example_bash_operator.py
[2024-04-08T08:50:15.086+0000] {processor.py:840} INFO - DAG(s) 'example_bash_operator' retrieved from /home/airflow/.local/lib/python3.8/site-packages/airflow/example_dags/example_bash_operator.py
[2024-04-08T08:50:15.126+0000] {logging_mixin.py:188} INFO - [2024-04-08T08:50:15.125+0000] {dag.py:3047} INFO - Sync 1 DAGs
[2024-04-08T08:50:15.156+0000] {logging_mixin.py:188} INFO - [2024-04-08T08:50:15.155+0000] {dag.py:3834} INFO - Setting next_dagrun for example_bash_operator to 2024-04-07 00:00:00+00:00, run_after=2024-04-08 00:00:00+00:00
[2024-04-08T08:50:15.195+0000] {processor.py:183} INFO - Processing /home/airflow/.local/lib/python3.8/site-packages/airflow/example_dags/example_bash_operator.py took 0.125 seconds
[2024-04-08T08:50:45.469+0000] {processor.py:161} INFO - Started process (PID=12137) to work on /home/airflow/.local/lib/python3.8/site-packages/airflow/example_dags/example_bash_operator.py
[2024-04-08T08:50:45.470+0000] {processor.py:830} INFO - Processing file /home/airflow/.local/lib/python3.8/site-packages/airflow/example_dags/example_bash_operator.py for tasks to queue
[2024-04-08T08:50:45.471+0000] {logging_mixin.py:188} INFO - [2024-04-08T08:50:45.471+0000] {dagbag.py:540} INFO - Filling up the DagBag from /home/airflow/.local/lib/python3.8/site-packages/airflow/example_dags/example_bash_operator.py
[2024-04-08T08:50:45.484+0000] {processor.py:840} INFO - DAG(s) 'example_bash_operator' retrieved from /home/airflow/.local/lib/python3.8/site-packages/airflow/example_dags/example_bash_operator.py
[2024-04-08T08:50:45.530+0000] {logging_mixin.py:188} INFO - [2024-04-08T08:50:45.530+0000] {dag.py:3047} INFO - Sync 1 DAGs
[2024-04-08T08:50:45.558+0000] {logging_mixin.py:188} INFO - [2024-04-08T08:50:45.557+0000] {dag.py:3834} INFO - Setting next_dagrun for example_bash_operator to 2024-04-07 00:00:00+00:00, run_after=2024-04-08 00:00:00+00:00
[2024-04-08T08:50:45.582+0000] {processor.py:183} INFO - Processing /home/airflow/.local/lib/python3.8/site-packages/airflow/example_dags/example_bash_operator.py took 0.117 seconds
[2024-04-08T08:51:15.935+0000] {processor.py:161} INFO - Started process (PID=12397) to work on /home/airflow/.local/lib/python3.8/site-packages/airflow/example_dags/example_bash_operator.py
[2024-04-08T08:51:15.936+0000] {processor.py:830} INFO - Processing file /home/airflow/.local/lib/python3.8/site-packages/airflow/example_dags/example_bash_operator.py for tasks to queue
[2024-04-08T08:51:15.937+0000] {logging_mixin.py:188} INFO - [2024-04-08T08:51:15.937+0000] {dagbag.py:540} INFO - Filling up the DagBag from /home/airflow/.local/lib/python3.8/site-packages/airflow/example_dags/example_bash_operator.py
[2024-04-08T08:51:15.946+0000] {processor.py:840} INFO - DAG(s) 'example_bash_operator' retrieved from /home/airflow/.local/lib/python3.8/site-packages/airflow/example_dags/example_bash_operator.py
[2024-04-08T08:51:15.971+0000] {logging_mixin.py:188} INFO - [2024-04-08T08:51:15.971+0000] {dag.py:3047} INFO - Sync 1 DAGs
[2024-04-08T08:51:15.990+0000] {logging_mixin.py:188} INFO - [2024-04-08T08:51:15.990+0000] {dag.py:3834} INFO - Setting next_dagrun for example_bash_operator to 2024-04-07 00:00:00+00:00, run_after=2024-04-08 00:00:00+00:00
[2024-04-08T08:51:16.010+0000] {processor.py:183} INFO - Processing /home/airflow/.local/lib/python3.8/site-packages/airflow/example_dags/example_bash_operator.py took 0.077 seconds
[2024-04-08T08:51:46.328+0000] {processor.py:161} INFO - Started process (PID=12652) to work on /home/airflow/.local/lib/python3.8/site-packages/airflow/example_dags/example_bash_operator.py
[2024-04-08T08:51:46.329+0000] {processor.py:830} INFO - Processing file /home/airflow/.local/lib/python3.8/site-packages/airflow/example_dags/example_bash_operator.py for tasks to queue
[2024-04-08T08:51:46.330+0000] {logging_mixin.py:188} INFO - [2024-04-08T08:51:46.330+0000] {dagbag.py:540} INFO - Filling up the DagBag from /home/airflow/.local/lib/python3.8/site-packages/airflow/example_dags/example_bash_operator.py
[2024-04-08T08:51:46.344+0000] {processor.py:840} INFO - DAG(s) 'example_bash_operator' retrieved from /home/airflow/.local/lib/python3.8/site-packages/airflow/example_dags/example_bash_operator.py
[2024-04-08T08:51:46.383+0000] {logging_mixin.py:188} INFO - [2024-04-08T08:51:46.383+0000] {dag.py:3047} INFO - Sync 1 DAGs
[2024-04-08T08:51:46.408+0000] {logging_mixin.py:188} INFO - [2024-04-08T08:51:46.408+0000] {dag.py:3834} INFO - Setting next_dagrun for example_bash_operator to 2024-04-07 00:00:00+00:00, run_after=2024-04-08 00:00:00+00:00
[2024-04-08T08:51:46.432+0000] {processor.py:183} INFO - Processing /home/airflow/.local/lib/python3.8/site-packages/airflow/example_dags/example_bash_operator.py took 0.109 seconds
[2024-04-08T08:52:16.951+0000] {processor.py:161} INFO - Started process (PID=12909) to work on /home/airflow/.local/lib/python3.8/site-packages/airflow/example_dags/example_bash_operator.py
[2024-04-08T08:52:16.952+0000] {processor.py:830} INFO - Processing file /home/airflow/.local/lib/python3.8/site-packages/airflow/example_dags/example_bash_operator.py for tasks to queue
[2024-04-08T08:52:16.953+0000] {logging_mixin.py:188} INFO - [2024-04-08T08:52:16.953+0000] {dagbag.py:540} INFO - Filling up the DagBag from /home/airflow/.local/lib/python3.8/site-packages/airflow/example_dags/example_bash_operator.py
[2024-04-08T08:52:16.967+0000] {processor.py:840} INFO - DAG(s) 'example_bash_operator' retrieved from /home/airflow/.local/lib/python3.8/site-packages/airflow/example_dags/example_bash_operator.py
[2024-04-08T08:52:17.004+0000] {logging_mixin.py:188} INFO - [2024-04-08T08:52:17.004+0000] {dag.py:3047} INFO - Sync 1 DAGs
[2024-04-08T08:52:17.035+0000] {logging_mixin.py:188} INFO - [2024-04-08T08:52:17.034+0000] {dag.py:3834} INFO - Setting next_dagrun for example_bash_operator to 2024-04-07 00:00:00+00:00, run_after=2024-04-08 00:00:00+00:00
[2024-04-08T08:52:17.059+0000] {processor.py:183} INFO - Processing /home/airflow/.local/lib/python3.8/site-packages/airflow/example_dags/example_bash_operator.py took 0.111 seconds
[2024-04-08T08:52:47.445+0000] {processor.py:161} INFO - Started process (PID=13166) to work on /home/airflow/.local/lib/python3.8/site-packages/airflow/example_dags/example_bash_operator.py
[2024-04-08T08:52:47.447+0000] {processor.py:830} INFO - Processing file /home/airflow/.local/lib/python3.8/site-packages/airflow/example_dags/example_bash_operator.py for tasks to queue
[2024-04-08T08:52:47.448+0000] {logging_mixin.py:188} INFO - [2024-04-08T08:52:47.448+0000] {dagbag.py:540} INFO - Filling up the DagBag from /home/airflow/.local/lib/python3.8/site-packages/airflow/example_dags/example_bash_operator.py
[2024-04-08T08:52:47.462+0000] {processor.py:840} INFO - DAG(s) 'example_bash_operator' retrieved from /home/airflow/.local/lib/python3.8/site-packages/airflow/example_dags/example_bash_operator.py
[2024-04-08T08:52:47.499+0000] {logging_mixin.py:188} INFO - [2024-04-08T08:52:47.499+0000] {dag.py:3047} INFO - Sync 1 DAGs
[2024-04-08T08:52:47.527+0000] {logging_mixin.py:188} INFO - [2024-04-08T08:52:47.527+0000] {dag.py:3834} INFO - Setting next_dagrun for example_bash_operator to 2024-04-07 00:00:00+00:00, run_after=2024-04-08 00:00:00+00:00
[2024-04-08T08:52:47.564+0000] {processor.py:183} INFO - Processing /home/airflow/.local/lib/python3.8/site-packages/airflow/example_dags/example_bash_operator.py took 0.123 seconds
[2024-04-08T08:53:17.847+0000] {processor.py:161} INFO - Started process (PID=13425) to work on /home/airflow/.local/lib/python3.8/site-packages/airflow/example_dags/example_bash_operator.py
[2024-04-08T08:53:17.848+0000] {processor.py:830} INFO - Processing file /home/airflow/.local/lib/python3.8/site-packages/airflow/example_dags/example_bash_operator.py for tasks to queue
[2024-04-08T08:53:17.849+0000] {logging_mixin.py:188} INFO - [2024-04-08T08:53:17.848+0000] {dagbag.py:540} INFO - Filling up the DagBag from /home/airflow/.local/lib/python3.8/site-packages/airflow/example_dags/example_bash_operator.py
[2024-04-08T08:53:17.858+0000] {processor.py:840} INFO - DAG(s) 'example_bash_operator' retrieved from /home/airflow/.local/lib/python3.8/site-packages/airflow/example_dags/example_bash_operator.py
[2024-04-08T08:53:17.888+0000] {logging_mixin.py:188} INFO - [2024-04-08T08:53:17.888+0000] {dag.py:3047} INFO - Sync 1 DAGs
[2024-04-08T08:53:17.917+0000] {logging_mixin.py:188} INFO - [2024-04-08T08:53:17.916+0000] {dag.py:3834} INFO - Setting next_dagrun for example_bash_operator to 2024-04-07 00:00:00+00:00, run_after=2024-04-08 00:00:00+00:00
[2024-04-08T08:53:17.944+0000] {processor.py:183} INFO - Processing /home/airflow/.local/lib/python3.8/site-packages/airflow/example_dags/example_bash_operator.py took 0.100 seconds
[2024-04-08T08:53:48.560+0000] {processor.py:161} INFO - Started process (PID=13678) to work on /home/airflow/.local/lib/python3.8/site-packages/airflow/example_dags/example_bash_operator.py
[2024-04-08T08:53:48.561+0000] {processor.py:830} INFO - Processing file /home/airflow/.local/lib/python3.8/site-packages/airflow/example_dags/example_bash_operator.py for tasks to queue
[2024-04-08T08:53:48.562+0000] {logging_mixin.py:188} INFO - [2024-04-08T08:53:48.562+0000] {dagbag.py:540} INFO - Filling up the DagBag from /home/airflow/.local/lib/python3.8/site-packages/airflow/example_dags/example_bash_operator.py
[2024-04-08T08:53:48.576+0000] {processor.py:840} INFO - DAG(s) 'example_bash_operator' retrieved from /home/airflow/.local/lib/python3.8/site-packages/airflow/example_dags/example_bash_operator.py
[2024-04-08T08:53:48.613+0000] {logging_mixin.py:188} INFO - [2024-04-08T08:53:48.613+0000] {dag.py:3047} INFO - Sync 1 DAGs
[2024-04-08T08:53:48.643+0000] {logging_mixin.py:188} INFO - [2024-04-08T08:53:48.642+0000] {dag.py:3834} INFO - Setting next_dagrun for example_bash_operator to 2024-04-07 00:00:00+00:00, run_after=2024-04-08 00:00:00+00:00
[2024-04-08T08:53:48.669+0000] {processor.py:183} INFO - Processing /home/airflow/.local/lib/python3.8/site-packages/airflow/example_dags/example_bash_operator.py took 0.114 seconds
[2024-04-08T08:54:18.923+0000] {processor.py:161} INFO - Started process (PID=13940) to work on /home/airflow/.local/lib/python3.8/site-packages/airflow/example_dags/example_bash_operator.py
[2024-04-08T08:54:18.924+0000] {processor.py:830} INFO - Processing file /home/airflow/.local/lib/python3.8/site-packages/airflow/example_dags/example_bash_operator.py for tasks to queue
[2024-04-08T08:54:18.925+0000] {logging_mixin.py:188} INFO - [2024-04-08T08:54:18.925+0000] {dagbag.py:540} INFO - Filling up the DagBag from /home/airflow/.local/lib/python3.8/site-packages/airflow/example_dags/example_bash_operator.py
[2024-04-08T08:54:18.935+0000] {processor.py:840} INFO - DAG(s) 'example_bash_operator' retrieved from /home/airflow/.local/lib/python3.8/site-packages/airflow/example_dags/example_bash_operator.py
[2024-04-08T08:54:18.960+0000] {logging_mixin.py:188} INFO - [2024-04-08T08:54:18.960+0000] {dag.py:3047} INFO - Sync 1 DAGs
[2024-04-08T08:54:18.979+0000] {logging_mixin.py:188} INFO - [2024-04-08T08:54:18.979+0000] {dag.py:3834} INFO - Setting next_dagrun for example_bash_operator to 2024-04-07 00:00:00+00:00, run_after=2024-04-08 00:00:00+00:00
[2024-04-08T08:54:19.003+0000] {processor.py:183} INFO - Processing /home/airflow/.local/lib/python3.8/site-packages/airflow/example_dags/example_bash_operator.py took 0.082 seconds
[2024-04-08T08:54:49.371+0000] {processor.py:161} INFO - Started process (PID=14198) to work on /home/airflow/.local/lib/python3.8/site-packages/airflow/example_dags/example_bash_operator.py
[2024-04-08T08:54:49.372+0000] {processor.py:830} INFO - Processing file /home/airflow/.local/lib/python3.8/site-packages/airflow/example_dags/example_bash_operator.py for tasks to queue
[2024-04-08T08:54:49.373+0000] {logging_mixin.py:188} INFO - [2024-04-08T08:54:49.373+0000] {dagbag.py:540} INFO - Filling up the DagBag from /home/airflow/.local/lib/python3.8/site-packages/airflow/example_dags/example_bash_operator.py
[2024-04-08T08:54:49.388+0000] {processor.py:840} INFO - DAG(s) 'example_bash_operator' retrieved from /home/airflow/.local/lib/python3.8/site-packages/airflow/example_dags/example_bash_operator.py
[2024-04-08T08:54:49.425+0000] {logging_mixin.py:188} INFO - [2024-04-08T08:54:49.425+0000] {dag.py:3047} INFO - Sync 1 DAGs
[2024-04-08T08:54:49.456+0000] {logging_mixin.py:188} INFO - [2024-04-08T08:54:49.455+0000] {dag.py:3834} INFO - Setting next_dagrun for example_bash_operator to 2024-04-07 00:00:00+00:00, run_after=2024-04-08 00:00:00+00:00
[2024-04-08T08:54:49.488+0000] {processor.py:183} INFO - Processing /home/airflow/.local/lib/python3.8/site-packages/airflow/example_dags/example_bash_operator.py took 0.120 seconds
[2024-04-08T08:55:19.577+0000] {processor.py:161} INFO - Started process (PID=14454) to work on /home/airflow/.local/lib/python3.8/site-packages/airflow/example_dags/example_bash_operator.py
[2024-04-08T08:55:19.578+0000] {processor.py:830} INFO - Processing file /home/airflow/.local/lib/python3.8/site-packages/airflow/example_dags/example_bash_operator.py for tasks to queue
[2024-04-08T08:55:19.579+0000] {logging_mixin.py:188} INFO - [2024-04-08T08:55:19.579+0000] {dagbag.py:540} INFO - Filling up the DagBag from /home/airflow/.local/lib/python3.8/site-packages/airflow/example_dags/example_bash_operator.py
[2024-04-08T08:55:19.594+0000] {processor.py:840} INFO - DAG(s) 'example_bash_operator' retrieved from /home/airflow/.local/lib/python3.8/site-packages/airflow/example_dags/example_bash_operator.py
[2024-04-08T08:55:19.631+0000] {logging_mixin.py:188} INFO - [2024-04-08T08:55:19.631+0000] {dag.py:3047} INFO - Sync 1 DAGs
[2024-04-08T08:55:19.656+0000] {logging_mixin.py:188} INFO - [2024-04-08T08:55:19.656+0000] {dag.py:3834} INFO - Setting next_dagrun for example_bash_operator to 2024-04-07 00:00:00+00:00, run_after=2024-04-08 00:00:00+00:00
[2024-04-08T08:55:19.678+0000] {processor.py:183} INFO - Processing /home/airflow/.local/lib/python3.8/site-packages/airflow/example_dags/example_bash_operator.py took 0.105 seconds
[2024-04-08T08:55:49.925+0000] {processor.py:161} INFO - Started process (PID=14712) to work on /home/airflow/.local/lib/python3.8/site-packages/airflow/example_dags/example_bash_operator.py
[2024-04-08T08:55:49.926+0000] {processor.py:830} INFO - Processing file /home/airflow/.local/lib/python3.8/site-packages/airflow/example_dags/example_bash_operator.py for tasks to queue
[2024-04-08T08:55:49.928+0000] {logging_mixin.py:188} INFO - [2024-04-08T08:55:49.927+0000] {dagbag.py:540} INFO - Filling up the DagBag from /home/airflow/.local/lib/python3.8/site-packages/airflow/example_dags/example_bash_operator.py
[2024-04-08T08:55:49.943+0000] {processor.py:840} INFO - DAG(s) 'example_bash_operator' retrieved from /home/airflow/.local/lib/python3.8/site-packages/airflow/example_dags/example_bash_operator.py
[2024-04-08T08:55:49.980+0000] {logging_mixin.py:188} INFO - [2024-04-08T08:55:49.980+0000] {dag.py:3047} INFO - Sync 1 DAGs
[2024-04-08T08:55:50.006+0000] {logging_mixin.py:188} INFO - [2024-04-08T08:55:50.006+0000] {dag.py:3834} INFO - Setting next_dagrun for example_bash_operator to 2024-04-07 00:00:00+00:00, run_after=2024-04-08 00:00:00+00:00
[2024-04-08T08:55:50.029+0000] {processor.py:183} INFO - Processing /home/airflow/.local/lib/python3.8/site-packages/airflow/example_dags/example_bash_operator.py took 0.108 seconds
[2024-04-08T08:56:20.209+0000] {processor.py:161} INFO - Started process (PID=14972) to work on /home/airflow/.local/lib/python3.8/site-packages/airflow/example_dags/example_bash_operator.py
[2024-04-08T08:56:20.210+0000] {processor.py:830} INFO - Processing file /home/airflow/.local/lib/python3.8/site-packages/airflow/example_dags/example_bash_operator.py for tasks to queue
[2024-04-08T08:56:20.211+0000] {logging_mixin.py:188} INFO - [2024-04-08T08:56:20.211+0000] {dagbag.py:540} INFO - Filling up the DagBag from /home/airflow/.local/lib/python3.8/site-packages/airflow/example_dags/example_bash_operator.py
[2024-04-08T08:56:20.221+0000] {processor.py:840} INFO - DAG(s) 'example_bash_operator' retrieved from /home/airflow/.local/lib/python3.8/site-packages/airflow/example_dags/example_bash_operator.py
[2024-04-08T08:56:20.245+0000] {logging_mixin.py:188} INFO - [2024-04-08T08:56:20.244+0000] {dag.py:3047} INFO - Sync 1 DAGs
[2024-04-08T08:56:20.262+0000] {logging_mixin.py:188} INFO - [2024-04-08T08:56:20.262+0000] {dag.py:3834} INFO - Setting next_dagrun for example_bash_operator to 2024-04-07 00:00:00+00:00, run_after=2024-04-08 00:00:00+00:00
[2024-04-08T08:56:20.280+0000] {processor.py:183} INFO - Processing /home/airflow/.local/lib/python3.8/site-packages/airflow/example_dags/example_bash_operator.py took 0.073 seconds
[2024-04-08T08:56:50.758+0000] {processor.py:161} INFO - Started process (PID=15227) to work on /home/airflow/.local/lib/python3.8/site-packages/airflow/example_dags/example_bash_operator.py
[2024-04-08T08:56:50.759+0000] {processor.py:830} INFO - Processing file /home/airflow/.local/lib/python3.8/site-packages/airflow/example_dags/example_bash_operator.py for tasks to queue
[2024-04-08T08:56:50.760+0000] {logging_mixin.py:188} INFO - [2024-04-08T08:56:50.760+0000] {dagbag.py:540} INFO - Filling up the DagBag from /home/airflow/.local/lib/python3.8/site-packages/airflow/example_dags/example_bash_operator.py
[2024-04-08T08:56:50.778+0000] {processor.py:840} INFO - DAG(s) 'example_bash_operator' retrieved from /home/airflow/.local/lib/python3.8/site-packages/airflow/example_dags/example_bash_operator.py
[2024-04-08T08:56:50.816+0000] {logging_mixin.py:188} INFO - [2024-04-08T08:56:50.816+0000] {dag.py:3047} INFO - Sync 1 DAGs
[2024-04-08T08:56:50.846+0000] {logging_mixin.py:188} INFO - [2024-04-08T08:56:50.846+0000] {dag.py:3834} INFO - Setting next_dagrun for example_bash_operator to 2024-04-07 00:00:00+00:00, run_after=2024-04-08 00:00:00+00:00
[2024-04-08T08:56:50.868+0000] {processor.py:183} INFO - Processing /home/airflow/.local/lib/python3.8/site-packages/airflow/example_dags/example_bash_operator.py took 0.113 seconds
