[2024-04-08T08:27:18.374+0000] {processor.py:161} INFO - Started process (PID=200) to work on /home/airflow/.local/lib/python3.8/site-packages/airflow/example_dags/example_short_circuit_operator.py
[2024-04-08T08:27:18.376+0000] {processor.py:830} INFO - Processing file /home/airflow/.local/lib/python3.8/site-packages/airflow/example_dags/example_short_circuit_operator.py for tasks to queue
[2024-04-08T08:27:18.377+0000] {logging_mixin.py:188} INFO - [2024-04-08T08:27:18.377+0000] {dagbag.py:540} INFO - Filling up the DagBag from /home/airflow/.local/lib/python3.8/site-packages/airflow/example_dags/example_short_circuit_operator.py
[2024-04-08T08:27:18.392+0000] {processor.py:840} INFO - DAG(s) 'example_short_circuit_operator' retrieved from /home/airflow/.local/lib/python3.8/site-packages/airflow/example_dags/example_short_circuit_operator.py
[2024-04-08T08:27:18.452+0000] {logging_mixin.py:188} INFO - [2024-04-08T08:27:18.451+0000] {dag.py:3047} INFO - Sync 1 DAGs
[2024-04-08T08:27:18.478+0000] {logging_mixin.py:188} INFO - [2024-04-08T08:27:18.477+0000] {dag.py:3834} INFO - Setting next_dagrun for example_short_circuit_operator to 2024-04-07 00:00:00+00:00, run_after=2024-04-08 00:00:00+00:00
[2024-04-08T08:27:18.510+0000] {processor.py:183} INFO - Processing /home/airflow/.local/lib/python3.8/site-packages/airflow/example_dags/example_short_circuit_operator.py took 0.140 seconds
[2024-04-08T08:27:48.669+0000] {processor.py:161} INFO - Started process (PID=457) to work on /home/airflow/.local/lib/python3.8/site-packages/airflow/example_dags/example_short_circuit_operator.py
[2024-04-08T08:27:48.670+0000] {processor.py:830} INFO - Processing file /home/airflow/.local/lib/python3.8/site-packages/airflow/example_dags/example_short_circuit_operator.py for tasks to queue
[2024-04-08T08:27:48.671+0000] {logging_mixin.py:188} INFO - [2024-04-08T08:27:48.671+0000] {dagbag.py:540} INFO - Filling up the DagBag from /home/airflow/.local/lib/python3.8/site-packages/airflow/example_dags/example_short_circuit_operator.py
[2024-04-08T08:27:48.684+0000] {processor.py:840} INFO - DAG(s) 'example_short_circuit_operator' retrieved from /home/airflow/.local/lib/python3.8/site-packages/airflow/example_dags/example_short_circuit_operator.py
[2024-04-08T08:27:48.731+0000] {logging_mixin.py:188} INFO - [2024-04-08T08:27:48.731+0000] {dag.py:3047} INFO - Sync 1 DAGs
[2024-04-08T08:27:48.757+0000] {logging_mixin.py:188} INFO - [2024-04-08T08:27:48.757+0000] {dag.py:3834} INFO - Setting next_dagrun for example_short_circuit_operator to 2024-04-07 00:00:00+00:00, run_after=2024-04-08 00:00:00+00:00
[2024-04-08T08:27:48.780+0000] {processor.py:183} INFO - Processing /home/airflow/.local/lib/python3.8/site-packages/airflow/example_dags/example_short_circuit_operator.py took 0.114 seconds
[2024-04-08T08:28:19.453+0000] {processor.py:161} INFO - Started process (PID=715) to work on /home/airflow/.local/lib/python3.8/site-packages/airflow/example_dags/example_short_circuit_operator.py
[2024-04-08T08:28:19.454+0000] {processor.py:830} INFO - Processing file /home/airflow/.local/lib/python3.8/site-packages/airflow/example_dags/example_short_circuit_operator.py for tasks to queue
[2024-04-08T08:28:19.455+0000] {logging_mixin.py:188} INFO - [2024-04-08T08:28:19.455+0000] {dagbag.py:540} INFO - Filling up the DagBag from /home/airflow/.local/lib/python3.8/site-packages/airflow/example_dags/example_short_circuit_operator.py
[2024-04-08T08:28:19.466+0000] {processor.py:840} INFO - DAG(s) 'example_short_circuit_operator' retrieved from /home/airflow/.local/lib/python3.8/site-packages/airflow/example_dags/example_short_circuit_operator.py
[2024-04-08T08:28:19.499+0000] {logging_mixin.py:188} INFO - [2024-04-08T08:28:19.499+0000] {dag.py:3047} INFO - Sync 1 DAGs
[2024-04-08T08:28:19.524+0000] {logging_mixin.py:188} INFO - [2024-04-08T08:28:19.523+0000] {dag.py:3834} INFO - Setting next_dagrun for example_short_circuit_operator to 2024-04-07 00:00:00+00:00, run_after=2024-04-08 00:00:00+00:00
[2024-04-08T08:28:19.549+0000] {processor.py:183} INFO - Processing /home/airflow/.local/lib/python3.8/site-packages/airflow/example_dags/example_short_circuit_operator.py took 0.099 seconds
[2024-04-08T08:28:50.008+0000] {processor.py:161} INFO - Started process (PID=973) to work on /home/airflow/.local/lib/python3.8/site-packages/airflow/example_dags/example_short_circuit_operator.py
[2024-04-08T08:28:50.010+0000] {processor.py:830} INFO - Processing file /home/airflow/.local/lib/python3.8/site-packages/airflow/example_dags/example_short_circuit_operator.py for tasks to queue
[2024-04-08T08:28:50.011+0000] {logging_mixin.py:188} INFO - [2024-04-08T08:28:50.010+0000] {dagbag.py:540} INFO - Filling up the DagBag from /home/airflow/.local/lib/python3.8/site-packages/airflow/example_dags/example_short_circuit_operator.py
[2024-04-08T08:28:50.024+0000] {processor.py:840} INFO - DAG(s) 'example_short_circuit_operator' retrieved from /home/airflow/.local/lib/python3.8/site-packages/airflow/example_dags/example_short_circuit_operator.py
[2024-04-08T08:28:50.051+0000] {logging_mixin.py:188} INFO - [2024-04-08T08:28:50.051+0000] {dag.py:3047} INFO - Sync 1 DAGs
[2024-04-08T08:28:50.076+0000] {logging_mixin.py:188} INFO - [2024-04-08T08:28:50.076+0000] {dag.py:3834} INFO - Setting next_dagrun for example_short_circuit_operator to 2024-04-07 00:00:00+00:00, run_after=2024-04-08 00:00:00+00:00
[2024-04-08T08:28:50.101+0000] {processor.py:183} INFO - Processing /home/airflow/.local/lib/python3.8/site-packages/airflow/example_dags/example_short_circuit_operator.py took 0.096 seconds
[2024-04-08T08:29:20.722+0000] {processor.py:161} INFO - Started process (PID=1231) to work on /home/airflow/.local/lib/python3.8/site-packages/airflow/example_dags/example_short_circuit_operator.py
[2024-04-08T08:29:20.723+0000] {processor.py:830} INFO - Processing file /home/airflow/.local/lib/python3.8/site-packages/airflow/example_dags/example_short_circuit_operator.py for tasks to queue
[2024-04-08T08:29:20.724+0000] {logging_mixin.py:188} INFO - [2024-04-08T08:29:20.724+0000] {dagbag.py:540} INFO - Filling up the DagBag from /home/airflow/.local/lib/python3.8/site-packages/airflow/example_dags/example_short_circuit_operator.py
[2024-04-08T08:29:20.736+0000] {processor.py:840} INFO - DAG(s) 'example_short_circuit_operator' retrieved from /home/airflow/.local/lib/python3.8/site-packages/airflow/example_dags/example_short_circuit_operator.py
[2024-04-08T08:29:20.763+0000] {logging_mixin.py:188} INFO - [2024-04-08T08:29:20.762+0000] {dag.py:3047} INFO - Sync 1 DAGs
[2024-04-08T08:29:20.788+0000] {logging_mixin.py:188} INFO - [2024-04-08T08:29:20.788+0000] {dag.py:3834} INFO - Setting next_dagrun for example_short_circuit_operator to 2024-04-07 00:00:00+00:00, run_after=2024-04-08 00:00:00+00:00
[2024-04-08T08:29:20.813+0000] {processor.py:183} INFO - Processing /home/airflow/.local/lib/python3.8/site-packages/airflow/example_dags/example_short_circuit_operator.py took 0.095 seconds
[2024-04-08T08:29:51.091+0000] {processor.py:161} INFO - Started process (PID=1488) to work on /home/airflow/.local/lib/python3.8/site-packages/airflow/example_dags/example_short_circuit_operator.py
[2024-04-08T08:29:51.092+0000] {processor.py:830} INFO - Processing file /home/airflow/.local/lib/python3.8/site-packages/airflow/example_dags/example_short_circuit_operator.py for tasks to queue
[2024-04-08T08:29:51.093+0000] {logging_mixin.py:188} INFO - [2024-04-08T08:29:51.093+0000] {dagbag.py:540} INFO - Filling up the DagBag from /home/airflow/.local/lib/python3.8/site-packages/airflow/example_dags/example_short_circuit_operator.py
[2024-04-08T08:29:51.103+0000] {processor.py:840} INFO - DAG(s) 'example_short_circuit_operator' retrieved from /home/airflow/.local/lib/python3.8/site-packages/airflow/example_dags/example_short_circuit_operator.py
[2024-04-08T08:29:51.128+0000] {logging_mixin.py:188} INFO - [2024-04-08T08:29:51.128+0000] {dag.py:3047} INFO - Sync 1 DAGs
[2024-04-08T08:29:51.154+0000] {logging_mixin.py:188} INFO - [2024-04-08T08:29:51.153+0000] {dag.py:3834} INFO - Setting next_dagrun for example_short_circuit_operator to 2024-04-07 00:00:00+00:00, run_after=2024-04-08 00:00:00+00:00
[2024-04-08T08:29:51.177+0000] {processor.py:183} INFO - Processing /home/airflow/.local/lib/python3.8/site-packages/airflow/example_dags/example_short_circuit_operator.py took 0.090 seconds
[2024-04-08T08:30:21.858+0000] {processor.py:161} INFO - Started process (PID=1748) to work on /home/airflow/.local/lib/python3.8/site-packages/airflow/example_dags/example_short_circuit_operator.py
[2024-04-08T08:30:21.859+0000] {processor.py:830} INFO - Processing file /home/airflow/.local/lib/python3.8/site-packages/airflow/example_dags/example_short_circuit_operator.py for tasks to queue
[2024-04-08T08:30:21.860+0000] {logging_mixin.py:188} INFO - [2024-04-08T08:30:21.860+0000] {dagbag.py:540} INFO - Filling up the DagBag from /home/airflow/.local/lib/python3.8/site-packages/airflow/example_dags/example_short_circuit_operator.py
[2024-04-08T08:30:21.866+0000] {processor.py:840} INFO - DAG(s) 'example_short_circuit_operator' retrieved from /home/airflow/.local/lib/python3.8/site-packages/airflow/example_dags/example_short_circuit_operator.py
[2024-04-08T08:30:21.886+0000] {logging_mixin.py:188} INFO - [2024-04-08T08:30:21.886+0000] {dag.py:3047} INFO - Sync 1 DAGs
[2024-04-08T08:30:21.904+0000] {logging_mixin.py:188} INFO - [2024-04-08T08:30:21.903+0000] {dag.py:3834} INFO - Setting next_dagrun for example_short_circuit_operator to 2024-04-07 00:00:00+00:00, run_after=2024-04-08 00:00:00+00:00
[2024-04-08T08:30:21.931+0000] {processor.py:183} INFO - Processing /home/airflow/.local/lib/python3.8/site-packages/airflow/example_dags/example_short_circuit_operator.py took 0.075 seconds
[2024-04-08T08:30:52.492+0000] {processor.py:161} INFO - Started process (PID=2003) to work on /home/airflow/.local/lib/python3.8/site-packages/airflow/example_dags/example_short_circuit_operator.py
[2024-04-08T08:30:52.493+0000] {processor.py:830} INFO - Processing file /home/airflow/.local/lib/python3.8/site-packages/airflow/example_dags/example_short_circuit_operator.py for tasks to queue
[2024-04-08T08:30:52.494+0000] {logging_mixin.py:188} INFO - [2024-04-08T08:30:52.494+0000] {dagbag.py:540} INFO - Filling up the DagBag from /home/airflow/.local/lib/python3.8/site-packages/airflow/example_dags/example_short_circuit_operator.py
[2024-04-08T08:30:52.504+0000] {processor.py:840} INFO - DAG(s) 'example_short_circuit_operator' retrieved from /home/airflow/.local/lib/python3.8/site-packages/airflow/example_dags/example_short_circuit_operator.py
[2024-04-08T08:30:52.541+0000] {logging_mixin.py:188} INFO - [2024-04-08T08:30:52.541+0000] {dag.py:3047} INFO - Sync 1 DAGs
[2024-04-08T08:30:52.565+0000] {logging_mixin.py:188} INFO - [2024-04-08T08:30:52.565+0000] {dag.py:3834} INFO - Setting next_dagrun for example_short_circuit_operator to 2024-04-07 00:00:00+00:00, run_after=2024-04-08 00:00:00+00:00
[2024-04-08T08:30:52.594+0000] {processor.py:183} INFO - Processing /home/airflow/.local/lib/python3.8/site-packages/airflow/example_dags/example_short_circuit_operator.py took 0.106 seconds
[2024-04-08T08:31:23.125+0000] {processor.py:161} INFO - Started process (PID=2260) to work on /home/airflow/.local/lib/python3.8/site-packages/airflow/example_dags/example_short_circuit_operator.py
[2024-04-08T08:31:23.126+0000] {processor.py:830} INFO - Processing file /home/airflow/.local/lib/python3.8/site-packages/airflow/example_dags/example_short_circuit_operator.py for tasks to queue
[2024-04-08T08:31:23.127+0000] {logging_mixin.py:188} INFO - [2024-04-08T08:31:23.127+0000] {dagbag.py:540} INFO - Filling up the DagBag from /home/airflow/.local/lib/python3.8/site-packages/airflow/example_dags/example_short_circuit_operator.py
[2024-04-08T08:31:23.137+0000] {processor.py:840} INFO - DAG(s) 'example_short_circuit_operator' retrieved from /home/airflow/.local/lib/python3.8/site-packages/airflow/example_dags/example_short_circuit_operator.py
[2024-04-08T08:31:23.163+0000] {logging_mixin.py:188} INFO - [2024-04-08T08:31:23.162+0000] {dag.py:3047} INFO - Sync 1 DAGs
[2024-04-08T08:31:23.190+0000] {logging_mixin.py:188} INFO - [2024-04-08T08:31:23.190+0000] {dag.py:3834} INFO - Setting next_dagrun for example_short_circuit_operator to 2024-04-07 00:00:00+00:00, run_after=2024-04-08 00:00:00+00:00
[2024-04-08T08:31:23.213+0000] {processor.py:183} INFO - Processing /home/airflow/.local/lib/python3.8/site-packages/airflow/example_dags/example_short_circuit_operator.py took 0.092 seconds
[2024-04-08T08:31:53.672+0000] {processor.py:161} INFO - Started process (PID=2517) to work on /home/airflow/.local/lib/python3.8/site-packages/airflow/example_dags/example_short_circuit_operator.py
[2024-04-08T08:31:53.673+0000] {processor.py:830} INFO - Processing file /home/airflow/.local/lib/python3.8/site-packages/airflow/example_dags/example_short_circuit_operator.py for tasks to queue
[2024-04-08T08:31:53.674+0000] {logging_mixin.py:188} INFO - [2024-04-08T08:31:53.673+0000] {dagbag.py:540} INFO - Filling up the DagBag from /home/airflow/.local/lib/python3.8/site-packages/airflow/example_dags/example_short_circuit_operator.py
[2024-04-08T08:31:53.683+0000] {processor.py:840} INFO - DAG(s) 'example_short_circuit_operator' retrieved from /home/airflow/.local/lib/python3.8/site-packages/airflow/example_dags/example_short_circuit_operator.py
[2024-04-08T08:31:53.708+0000] {logging_mixin.py:188} INFO - [2024-04-08T08:31:53.708+0000] {dag.py:3047} INFO - Sync 1 DAGs
[2024-04-08T08:31:53.733+0000] {logging_mixin.py:188} INFO - [2024-04-08T08:31:53.733+0000] {dag.py:3834} INFO - Setting next_dagrun for example_short_circuit_operator to 2024-04-07 00:00:00+00:00, run_after=2024-04-08 00:00:00+00:00
[2024-04-08T08:31:53.786+0000] {processor.py:183} INFO - Processing /home/airflow/.local/lib/python3.8/site-packages/airflow/example_dags/example_short_circuit_operator.py took 0.122 seconds
[2024-04-08T08:32:24.405+0000] {processor.py:161} INFO - Started process (PID=2774) to work on /home/airflow/.local/lib/python3.8/site-packages/airflow/example_dags/example_short_circuit_operator.py
[2024-04-08T08:32:24.406+0000] {processor.py:830} INFO - Processing file /home/airflow/.local/lib/python3.8/site-packages/airflow/example_dags/example_short_circuit_operator.py for tasks to queue
[2024-04-08T08:32:24.406+0000] {logging_mixin.py:188} INFO - [2024-04-08T08:32:24.406+0000] {dagbag.py:540} INFO - Filling up the DagBag from /home/airflow/.local/lib/python3.8/site-packages/airflow/example_dags/example_short_circuit_operator.py
[2024-04-08T08:32:24.417+0000] {processor.py:840} INFO - DAG(s) 'example_short_circuit_operator' retrieved from /home/airflow/.local/lib/python3.8/site-packages/airflow/example_dags/example_short_circuit_operator.py
[2024-04-08T08:32:24.451+0000] {logging_mixin.py:188} INFO - [2024-04-08T08:32:24.451+0000] {dag.py:3047} INFO - Sync 1 DAGs
[2024-04-08T08:32:24.484+0000] {logging_mixin.py:188} INFO - [2024-04-08T08:32:24.484+0000] {dag.py:3834} INFO - Setting next_dagrun for example_short_circuit_operator to 2024-04-07 00:00:00+00:00, run_after=2024-04-08 00:00:00+00:00
[2024-04-08T08:32:24.511+0000] {processor.py:183} INFO - Processing /home/airflow/.local/lib/python3.8/site-packages/airflow/example_dags/example_short_circuit_operator.py took 0.110 seconds
[2024-04-08T08:32:54.639+0000] {processor.py:161} INFO - Started process (PID=3033) to work on /home/airflow/.local/lib/python3.8/site-packages/airflow/example_dags/example_short_circuit_operator.py
[2024-04-08T08:32:54.640+0000] {processor.py:830} INFO - Processing file /home/airflow/.local/lib/python3.8/site-packages/airflow/example_dags/example_short_circuit_operator.py for tasks to queue
[2024-04-08T08:32:54.642+0000] {logging_mixin.py:188} INFO - [2024-04-08T08:32:54.641+0000] {dagbag.py:540} INFO - Filling up the DagBag from /home/airflow/.local/lib/python3.8/site-packages/airflow/example_dags/example_short_circuit_operator.py
[2024-04-08T08:32:54.651+0000] {processor.py:840} INFO - DAG(s) 'example_short_circuit_operator' retrieved from /home/airflow/.local/lib/python3.8/site-packages/airflow/example_dags/example_short_circuit_operator.py
[2024-04-08T08:32:54.681+0000] {logging_mixin.py:188} INFO - [2024-04-08T08:32:54.681+0000] {dag.py:3047} INFO - Sync 1 DAGs
[2024-04-08T08:32:54.709+0000] {logging_mixin.py:188} INFO - [2024-04-08T08:32:54.709+0000] {dag.py:3834} INFO - Setting next_dagrun for example_short_circuit_operator to 2024-04-07 00:00:00+00:00, run_after=2024-04-08 00:00:00+00:00
[2024-04-08T08:32:54.736+0000] {processor.py:183} INFO - Processing /home/airflow/.local/lib/python3.8/site-packages/airflow/example_dags/example_short_circuit_operator.py took 0.101 seconds
[2024-04-08T08:33:24.987+0000] {processor.py:161} INFO - Started process (PID=3288) to work on /home/airflow/.local/lib/python3.8/site-packages/airflow/example_dags/example_short_circuit_operator.py
[2024-04-08T08:33:24.988+0000] {processor.py:830} INFO - Processing file /home/airflow/.local/lib/python3.8/site-packages/airflow/example_dags/example_short_circuit_operator.py for tasks to queue
[2024-04-08T08:33:24.989+0000] {logging_mixin.py:188} INFO - [2024-04-08T08:33:24.988+0000] {dagbag.py:540} INFO - Filling up the DagBag from /home/airflow/.local/lib/python3.8/site-packages/airflow/example_dags/example_short_circuit_operator.py
[2024-04-08T08:33:24.998+0000] {processor.py:840} INFO - DAG(s) 'example_short_circuit_operator' retrieved from /home/airflow/.local/lib/python3.8/site-packages/airflow/example_dags/example_short_circuit_operator.py
[2024-04-08T08:33:25.025+0000] {logging_mixin.py:188} INFO - [2024-04-08T08:33:25.025+0000] {dag.py:3047} INFO - Sync 1 DAGs
[2024-04-08T08:33:25.051+0000] {logging_mixin.py:188} INFO - [2024-04-08T08:33:25.051+0000] {dag.py:3834} INFO - Setting next_dagrun for example_short_circuit_operator to 2024-04-07 00:00:00+00:00, run_after=2024-04-08 00:00:00+00:00
[2024-04-08T08:33:25.073+0000] {processor.py:183} INFO - Processing /home/airflow/.local/lib/python3.8/site-packages/airflow/example_dags/example_short_circuit_operator.py took 0.090 seconds
[2024-04-08T08:33:55.539+0000] {processor.py:161} INFO - Started process (PID=3545) to work on /home/airflow/.local/lib/python3.8/site-packages/airflow/example_dags/example_short_circuit_operator.py
[2024-04-08T08:33:55.540+0000] {processor.py:830} INFO - Processing file /home/airflow/.local/lib/python3.8/site-packages/airflow/example_dags/example_short_circuit_operator.py for tasks to queue
[2024-04-08T08:33:55.541+0000] {logging_mixin.py:188} INFO - [2024-04-08T08:33:55.541+0000] {dagbag.py:540} INFO - Filling up the DagBag from /home/airflow/.local/lib/python3.8/site-packages/airflow/example_dags/example_short_circuit_operator.py
[2024-04-08T08:33:55.553+0000] {processor.py:840} INFO - DAG(s) 'example_short_circuit_operator' retrieved from /home/airflow/.local/lib/python3.8/site-packages/airflow/example_dags/example_short_circuit_operator.py
[2024-04-08T08:33:55.581+0000] {logging_mixin.py:188} INFO - [2024-04-08T08:33:55.581+0000] {dag.py:3047} INFO - Sync 1 DAGs
[2024-04-08T08:33:55.605+0000] {logging_mixin.py:188} INFO - [2024-04-08T08:33:55.605+0000] {dag.py:3834} INFO - Setting next_dagrun for example_short_circuit_operator to 2024-04-07 00:00:00+00:00, run_after=2024-04-08 00:00:00+00:00
[2024-04-08T08:33:55.630+0000] {processor.py:183} INFO - Processing /home/airflow/.local/lib/python3.8/site-packages/airflow/example_dags/example_short_circuit_operator.py took 0.095 seconds
[2024-04-08T08:34:25.869+0000] {processor.py:161} INFO - Started process (PID=3803) to work on /home/airflow/.local/lib/python3.8/site-packages/airflow/example_dags/example_short_circuit_operator.py
[2024-04-08T08:34:25.870+0000] {processor.py:830} INFO - Processing file /home/airflow/.local/lib/python3.8/site-packages/airflow/example_dags/example_short_circuit_operator.py for tasks to queue
[2024-04-08T08:34:25.871+0000] {logging_mixin.py:188} INFO - [2024-04-08T08:34:25.871+0000] {dagbag.py:540} INFO - Filling up the DagBag from /home/airflow/.local/lib/python3.8/site-packages/airflow/example_dags/example_short_circuit_operator.py
[2024-04-08T08:34:25.881+0000] {processor.py:840} INFO - DAG(s) 'example_short_circuit_operator' retrieved from /home/airflow/.local/lib/python3.8/site-packages/airflow/example_dags/example_short_circuit_operator.py
[2024-04-08T08:34:25.911+0000] {logging_mixin.py:188} INFO - [2024-04-08T08:34:25.911+0000] {dag.py:3047} INFO - Sync 1 DAGs
[2024-04-08T08:34:25.938+0000] {logging_mixin.py:188} INFO - [2024-04-08T08:34:25.938+0000] {dag.py:3834} INFO - Setting next_dagrun for example_short_circuit_operator to 2024-04-07 00:00:00+00:00, run_after=2024-04-08 00:00:00+00:00
[2024-04-08T08:34:25.961+0000] {processor.py:183} INFO - Processing /home/airflow/.local/lib/python3.8/site-packages/airflow/example_dags/example_short_circuit_operator.py took 0.095 seconds
[2024-04-08T08:34:56.038+0000] {processor.py:161} INFO - Started process (PID=4060) to work on /home/airflow/.local/lib/python3.8/site-packages/airflow/example_dags/example_short_circuit_operator.py
[2024-04-08T08:34:56.039+0000] {processor.py:830} INFO - Processing file /home/airflow/.local/lib/python3.8/site-packages/airflow/example_dags/example_short_circuit_operator.py for tasks to queue
[2024-04-08T08:34:56.040+0000] {logging_mixin.py:188} INFO - [2024-04-08T08:34:56.040+0000] {dagbag.py:540} INFO - Filling up the DagBag from /home/airflow/.local/lib/python3.8/site-packages/airflow/example_dags/example_short_circuit_operator.py
[2024-04-08T08:34:56.057+0000] {processor.py:840} INFO - DAG(s) 'example_short_circuit_operator' retrieved from /home/airflow/.local/lib/python3.8/site-packages/airflow/example_dags/example_short_circuit_operator.py
[2024-04-08T08:34:56.095+0000] {logging_mixin.py:188} INFO - [2024-04-08T08:34:56.095+0000] {dag.py:3047} INFO - Sync 1 DAGs
[2024-04-08T08:34:56.126+0000] {logging_mixin.py:188} INFO - [2024-04-08T08:34:56.126+0000] {dag.py:3834} INFO - Setting next_dagrun for example_short_circuit_operator to 2024-04-07 00:00:00+00:00, run_after=2024-04-08 00:00:00+00:00
[2024-04-08T08:34:56.160+0000] {processor.py:183} INFO - Processing /home/airflow/.local/lib/python3.8/site-packages/airflow/example_dags/example_short_circuit_operator.py took 0.125 seconds
[2024-04-08T08:35:26.640+0000] {processor.py:161} INFO - Started process (PID=4318) to work on /home/airflow/.local/lib/python3.8/site-packages/airflow/example_dags/example_short_circuit_operator.py
[2024-04-08T08:35:26.648+0000] {processor.py:830} INFO - Processing file /home/airflow/.local/lib/python3.8/site-packages/airflow/example_dags/example_short_circuit_operator.py for tasks to queue
[2024-04-08T08:35:26.649+0000] {logging_mixin.py:188} INFO - [2024-04-08T08:35:26.649+0000] {dagbag.py:540} INFO - Filling up the DagBag from /home/airflow/.local/lib/python3.8/site-packages/airflow/example_dags/example_short_circuit_operator.py
[2024-04-08T08:35:26.659+0000] {processor.py:840} INFO - DAG(s) 'example_short_circuit_operator' retrieved from /home/airflow/.local/lib/python3.8/site-packages/airflow/example_dags/example_short_circuit_operator.py
[2024-04-08T08:35:26.691+0000] {logging_mixin.py:188} INFO - [2024-04-08T08:35:26.691+0000] {dag.py:3047} INFO - Sync 1 DAGs
[2024-04-08T08:35:26.717+0000] {logging_mixin.py:188} INFO - [2024-04-08T08:35:26.717+0000] {dag.py:3834} INFO - Setting next_dagrun for example_short_circuit_operator to 2024-04-07 00:00:00+00:00, run_after=2024-04-08 00:00:00+00:00
[2024-04-08T08:35:26.744+0000] {processor.py:183} INFO - Processing /home/airflow/.local/lib/python3.8/site-packages/airflow/example_dags/example_short_circuit_operator.py took 0.115 seconds
[2024-04-08T08:35:57.370+0000] {processor.py:161} INFO - Started process (PID=4573) to work on /home/airflow/.local/lib/python3.8/site-packages/airflow/example_dags/example_short_circuit_operator.py
[2024-04-08T08:35:57.371+0000] {processor.py:830} INFO - Processing file /home/airflow/.local/lib/python3.8/site-packages/airflow/example_dags/example_short_circuit_operator.py for tasks to queue
[2024-04-08T08:35:57.372+0000] {logging_mixin.py:188} INFO - [2024-04-08T08:35:57.372+0000] {dagbag.py:540} INFO - Filling up the DagBag from /home/airflow/.local/lib/python3.8/site-packages/airflow/example_dags/example_short_circuit_operator.py
[2024-04-08T08:35:57.382+0000] {processor.py:840} INFO - DAG(s) 'example_short_circuit_operator' retrieved from /home/airflow/.local/lib/python3.8/site-packages/airflow/example_dags/example_short_circuit_operator.py
[2024-04-08T08:35:57.404+0000] {logging_mixin.py:188} INFO - [2024-04-08T08:35:57.404+0000] {dag.py:3047} INFO - Sync 1 DAGs
[2024-04-08T08:35:57.431+0000] {logging_mixin.py:188} INFO - [2024-04-08T08:35:57.430+0000] {dag.py:3834} INFO - Setting next_dagrun for example_short_circuit_operator to 2024-04-07 00:00:00+00:00, run_after=2024-04-08 00:00:00+00:00
[2024-04-08T08:35:57.455+0000] {processor.py:183} INFO - Processing /home/airflow/.local/lib/python3.8/site-packages/airflow/example_dags/example_short_circuit_operator.py took 0.089 seconds
[2024-04-08T08:36:27.714+0000] {processor.py:161} INFO - Started process (PID=4831) to work on /home/airflow/.local/lib/python3.8/site-packages/airflow/example_dags/example_short_circuit_operator.py
[2024-04-08T08:36:27.715+0000] {processor.py:830} INFO - Processing file /home/airflow/.local/lib/python3.8/site-packages/airflow/example_dags/example_short_circuit_operator.py for tasks to queue
[2024-04-08T08:36:27.716+0000] {logging_mixin.py:188} INFO - [2024-04-08T08:36:27.716+0000] {dagbag.py:540} INFO - Filling up the DagBag from /home/airflow/.local/lib/python3.8/site-packages/airflow/example_dags/example_short_circuit_operator.py
[2024-04-08T08:36:27.728+0000] {processor.py:840} INFO - DAG(s) 'example_short_circuit_operator' retrieved from /home/airflow/.local/lib/python3.8/site-packages/airflow/example_dags/example_short_circuit_operator.py
[2024-04-08T08:36:27.755+0000] {logging_mixin.py:188} INFO - [2024-04-08T08:36:27.755+0000] {dag.py:3047} INFO - Sync 1 DAGs
[2024-04-08T08:36:27.780+0000] {logging_mixin.py:188} INFO - [2024-04-08T08:36:27.779+0000] {dag.py:3834} INFO - Setting next_dagrun for example_short_circuit_operator to 2024-04-07 00:00:00+00:00, run_after=2024-04-08 00:00:00+00:00
[2024-04-08T08:36:27.807+0000] {processor.py:183} INFO - Processing /home/airflow/.local/lib/python3.8/site-packages/airflow/example_dags/example_short_circuit_operator.py took 0.098 seconds
[2024-04-08T08:36:58.075+0000] {processor.py:161} INFO - Started process (PID=5088) to work on /home/airflow/.local/lib/python3.8/site-packages/airflow/example_dags/example_short_circuit_operator.py
[2024-04-08T08:36:58.076+0000] {processor.py:830} INFO - Processing file /home/airflow/.local/lib/python3.8/site-packages/airflow/example_dags/example_short_circuit_operator.py for tasks to queue
[2024-04-08T08:36:58.077+0000] {logging_mixin.py:188} INFO - [2024-04-08T08:36:58.077+0000] {dagbag.py:540} INFO - Filling up the DagBag from /home/airflow/.local/lib/python3.8/site-packages/airflow/example_dags/example_short_circuit_operator.py
[2024-04-08T08:36:58.089+0000] {processor.py:840} INFO - DAG(s) 'example_short_circuit_operator' retrieved from /home/airflow/.local/lib/python3.8/site-packages/airflow/example_dags/example_short_circuit_operator.py
[2024-04-08T08:36:58.119+0000] {logging_mixin.py:188} INFO - [2024-04-08T08:36:58.118+0000] {dag.py:3047} INFO - Sync 1 DAGs
[2024-04-08T08:36:58.149+0000] {logging_mixin.py:188} INFO - [2024-04-08T08:36:58.149+0000] {dag.py:3834} INFO - Setting next_dagrun for example_short_circuit_operator to 2024-04-07 00:00:00+00:00, run_after=2024-04-08 00:00:00+00:00
[2024-04-08T08:36:58.173+0000] {processor.py:183} INFO - Processing /home/airflow/.local/lib/python3.8/site-packages/airflow/example_dags/example_short_circuit_operator.py took 0.102 seconds
[2024-04-08T08:37:28.498+0000] {processor.py:161} INFO - Started process (PID=5344) to work on /home/airflow/.local/lib/python3.8/site-packages/airflow/example_dags/example_short_circuit_operator.py
[2024-04-08T08:37:28.500+0000] {processor.py:830} INFO - Processing file /home/airflow/.local/lib/python3.8/site-packages/airflow/example_dags/example_short_circuit_operator.py for tasks to queue
[2024-04-08T08:37:28.500+0000] {logging_mixin.py:188} INFO - [2024-04-08T08:37:28.500+0000] {dagbag.py:540} INFO - Filling up the DagBag from /home/airflow/.local/lib/python3.8/site-packages/airflow/example_dags/example_short_circuit_operator.py
[2024-04-08T08:37:28.514+0000] {processor.py:840} INFO - DAG(s) 'example_short_circuit_operator' retrieved from /home/airflow/.local/lib/python3.8/site-packages/airflow/example_dags/example_short_circuit_operator.py
[2024-04-08T08:37:28.567+0000] {logging_mixin.py:188} INFO - [2024-04-08T08:37:28.567+0000] {dag.py:3047} INFO - Sync 1 DAGs
[2024-04-08T08:37:28.600+0000] {logging_mixin.py:188} INFO - [2024-04-08T08:37:28.599+0000] {dag.py:3834} INFO - Setting next_dagrun for example_short_circuit_operator to 2024-04-07 00:00:00+00:00, run_after=2024-04-08 00:00:00+00:00
[2024-04-08T08:37:28.623+0000] {processor.py:183} INFO - Processing /home/airflow/.local/lib/python3.8/site-packages/airflow/example_dags/example_short_circuit_operator.py took 0.129 seconds
[2024-04-08T08:37:59.134+0000] {processor.py:161} INFO - Started process (PID=5603) to work on /home/airflow/.local/lib/python3.8/site-packages/airflow/example_dags/example_short_circuit_operator.py
[2024-04-08T08:37:59.135+0000] {processor.py:830} INFO - Processing file /home/airflow/.local/lib/python3.8/site-packages/airflow/example_dags/example_short_circuit_operator.py for tasks to queue
[2024-04-08T08:37:59.136+0000] {logging_mixin.py:188} INFO - [2024-04-08T08:37:59.135+0000] {dagbag.py:540} INFO - Filling up the DagBag from /home/airflow/.local/lib/python3.8/site-packages/airflow/example_dags/example_short_circuit_operator.py
[2024-04-08T08:37:59.142+0000] {processor.py:840} INFO - DAG(s) 'example_short_circuit_operator' retrieved from /home/airflow/.local/lib/python3.8/site-packages/airflow/example_dags/example_short_circuit_operator.py
[2024-04-08T08:37:59.162+0000] {logging_mixin.py:188} INFO - [2024-04-08T08:37:59.161+0000] {dag.py:3047} INFO - Sync 1 DAGs
[2024-04-08T08:37:59.180+0000] {logging_mixin.py:188} INFO - [2024-04-08T08:37:59.180+0000] {dag.py:3834} INFO - Setting next_dagrun for example_short_circuit_operator to 2024-04-07 00:00:00+00:00, run_after=2024-04-08 00:00:00+00:00
[2024-04-08T08:37:59.200+0000] {processor.py:183} INFO - Processing /home/airflow/.local/lib/python3.8/site-packages/airflow/example_dags/example_short_circuit_operator.py took 0.069 seconds
[2024-04-08T08:38:29.675+0000] {processor.py:161} INFO - Started process (PID=5861) to work on /home/airflow/.local/lib/python3.8/site-packages/airflow/example_dags/example_short_circuit_operator.py
[2024-04-08T08:38:29.676+0000] {processor.py:830} INFO - Processing file /home/airflow/.local/lib/python3.8/site-packages/airflow/example_dags/example_short_circuit_operator.py for tasks to queue
[2024-04-08T08:38:29.677+0000] {logging_mixin.py:188} INFO - [2024-04-08T08:38:29.677+0000] {dagbag.py:540} INFO - Filling up the DagBag from /home/airflow/.local/lib/python3.8/site-packages/airflow/example_dags/example_short_circuit_operator.py
[2024-04-08T08:38:29.684+0000] {processor.py:840} INFO - DAG(s) 'example_short_circuit_operator' retrieved from /home/airflow/.local/lib/python3.8/site-packages/airflow/example_dags/example_short_circuit_operator.py
[2024-04-08T08:38:29.702+0000] {logging_mixin.py:188} INFO - [2024-04-08T08:38:29.702+0000] {dag.py:3047} INFO - Sync 1 DAGs
[2024-04-08T08:38:29.720+0000] {logging_mixin.py:188} INFO - [2024-04-08T08:38:29.719+0000] {dag.py:3834} INFO - Setting next_dagrun for example_short_circuit_operator to 2024-04-07 00:00:00+00:00, run_after=2024-04-08 00:00:00+00:00
[2024-04-08T08:38:29.738+0000] {processor.py:183} INFO - Processing /home/airflow/.local/lib/python3.8/site-packages/airflow/example_dags/example_short_circuit_operator.py took 0.065 seconds
[2024-04-08T08:39:00.257+0000] {processor.py:161} INFO - Started process (PID=6118) to work on /home/airflow/.local/lib/python3.8/site-packages/airflow/example_dags/example_short_circuit_operator.py
[2024-04-08T08:39:00.258+0000] {processor.py:830} INFO - Processing file /home/airflow/.local/lib/python3.8/site-packages/airflow/example_dags/example_short_circuit_operator.py for tasks to queue
[2024-04-08T08:39:00.259+0000] {logging_mixin.py:188} INFO - [2024-04-08T08:39:00.258+0000] {dagbag.py:540} INFO - Filling up the DagBag from /home/airflow/.local/lib/python3.8/site-packages/airflow/example_dags/example_short_circuit_operator.py
[2024-04-08T08:39:00.269+0000] {processor.py:840} INFO - DAG(s) 'example_short_circuit_operator' retrieved from /home/airflow/.local/lib/python3.8/site-packages/airflow/example_dags/example_short_circuit_operator.py
[2024-04-08T08:39:00.290+0000] {logging_mixin.py:188} INFO - [2024-04-08T08:39:00.289+0000] {dag.py:3047} INFO - Sync 1 DAGs
[2024-04-08T08:39:00.307+0000] {logging_mixin.py:188} INFO - [2024-04-08T08:39:00.307+0000] {dag.py:3834} INFO - Setting next_dagrun for example_short_circuit_operator to 2024-04-07 00:00:00+00:00, run_after=2024-04-08 00:00:00+00:00
[2024-04-08T08:39:00.326+0000] {processor.py:183} INFO - Processing /home/airflow/.local/lib/python3.8/site-packages/airflow/example_dags/example_short_circuit_operator.py took 0.073 seconds
[2024-04-08T08:39:30.854+0000] {processor.py:161} INFO - Started process (PID=6372) to work on /home/airflow/.local/lib/python3.8/site-packages/airflow/example_dags/example_short_circuit_operator.py
[2024-04-08T08:39:30.858+0000] {processor.py:830} INFO - Processing file /home/airflow/.local/lib/python3.8/site-packages/airflow/example_dags/example_short_circuit_operator.py for tasks to queue
[2024-04-08T08:39:30.859+0000] {logging_mixin.py:188} INFO - [2024-04-08T08:39:30.858+0000] {dagbag.py:540} INFO - Filling up the DagBag from /home/airflow/.local/lib/python3.8/site-packages/airflow/example_dags/example_short_circuit_operator.py
[2024-04-08T08:39:30.875+0000] {processor.py:840} INFO - DAG(s) 'example_short_circuit_operator' retrieved from /home/airflow/.local/lib/python3.8/site-packages/airflow/example_dags/example_short_circuit_operator.py
[2024-04-08T08:39:30.901+0000] {logging_mixin.py:188} INFO - [2024-04-08T08:39:30.900+0000] {dag.py:3047} INFO - Sync 1 DAGs
[2024-04-08T08:39:30.927+0000] {logging_mixin.py:188} INFO - [2024-04-08T08:39:30.926+0000] {dag.py:3834} INFO - Setting next_dagrun for example_short_circuit_operator to 2024-04-07 00:00:00+00:00, run_after=2024-04-08 00:00:00+00:00
[2024-04-08T08:39:30.950+0000] {processor.py:183} INFO - Processing /home/airflow/.local/lib/python3.8/site-packages/airflow/example_dags/example_short_circuit_operator.py took 0.100 seconds
[2024-04-08T08:40:01.334+0000] {processor.py:161} INFO - Started process (PID=6629) to work on /home/airflow/.local/lib/python3.8/site-packages/airflow/example_dags/example_short_circuit_operator.py
[2024-04-08T08:40:01.336+0000] {processor.py:830} INFO - Processing file /home/airflow/.local/lib/python3.8/site-packages/airflow/example_dags/example_short_circuit_operator.py for tasks to queue
[2024-04-08T08:40:01.337+0000] {logging_mixin.py:188} INFO - [2024-04-08T08:40:01.336+0000] {dagbag.py:540} INFO - Filling up the DagBag from /home/airflow/.local/lib/python3.8/site-packages/airflow/example_dags/example_short_circuit_operator.py
[2024-04-08T08:40:01.344+0000] {processor.py:840} INFO - DAG(s) 'example_short_circuit_operator' retrieved from /home/airflow/.local/lib/python3.8/site-packages/airflow/example_dags/example_short_circuit_operator.py
[2024-04-08T08:40:01.370+0000] {logging_mixin.py:188} INFO - [2024-04-08T08:40:01.370+0000] {dag.py:3047} INFO - Sync 1 DAGs
[2024-04-08T08:40:01.410+0000] {logging_mixin.py:188} INFO - [2024-04-08T08:40:01.410+0000] {dag.py:3834} INFO - Setting next_dagrun for example_short_circuit_operator to 2024-04-07 00:00:00+00:00, run_after=2024-04-08 00:00:00+00:00
[2024-04-08T08:40:01.460+0000] {processor.py:183} INFO - Processing /home/airflow/.local/lib/python3.8/site-packages/airflow/example_dags/example_short_circuit_operator.py took 0.130 seconds
[2024-04-08T08:40:31.809+0000] {processor.py:161} INFO - Started process (PID=6888) to work on /home/airflow/.local/lib/python3.8/site-packages/airflow/example_dags/example_short_circuit_operator.py
[2024-04-08T08:40:31.810+0000] {processor.py:830} INFO - Processing file /home/airflow/.local/lib/python3.8/site-packages/airflow/example_dags/example_short_circuit_operator.py for tasks to queue
[2024-04-08T08:40:31.811+0000] {logging_mixin.py:188} INFO - [2024-04-08T08:40:31.811+0000] {dagbag.py:540} INFO - Filling up the DagBag from /home/airflow/.local/lib/python3.8/site-packages/airflow/example_dags/example_short_circuit_operator.py
[2024-04-08T08:40:31.817+0000] {processor.py:840} INFO - DAG(s) 'example_short_circuit_operator' retrieved from /home/airflow/.local/lib/python3.8/site-packages/airflow/example_dags/example_short_circuit_operator.py
[2024-04-08T08:40:31.836+0000] {logging_mixin.py:188} INFO - [2024-04-08T08:40:31.836+0000] {dag.py:3047} INFO - Sync 1 DAGs
[2024-04-08T08:40:31.853+0000] {logging_mixin.py:188} INFO - [2024-04-08T08:40:31.853+0000] {dag.py:3834} INFO - Setting next_dagrun for example_short_circuit_operator to 2024-04-07 00:00:00+00:00, run_after=2024-04-08 00:00:00+00:00
[2024-04-08T08:40:31.872+0000] {processor.py:183} INFO - Processing /home/airflow/.local/lib/python3.8/site-packages/airflow/example_dags/example_short_circuit_operator.py took 0.065 seconds
[2024-04-08T08:41:02.347+0000] {processor.py:161} INFO - Started process (PID=7145) to work on /home/airflow/.local/lib/python3.8/site-packages/airflow/example_dags/example_short_circuit_operator.py
[2024-04-08T08:41:02.348+0000] {processor.py:830} INFO - Processing file /home/airflow/.local/lib/python3.8/site-packages/airflow/example_dags/example_short_circuit_operator.py for tasks to queue
[2024-04-08T08:41:02.349+0000] {logging_mixin.py:188} INFO - [2024-04-08T08:41:02.349+0000] {dagbag.py:540} INFO - Filling up the DagBag from /home/airflow/.local/lib/python3.8/site-packages/airflow/example_dags/example_short_circuit_operator.py
[2024-04-08T08:41:02.358+0000] {processor.py:840} INFO - DAG(s) 'example_short_circuit_operator' retrieved from /home/airflow/.local/lib/python3.8/site-packages/airflow/example_dags/example_short_circuit_operator.py
[2024-04-08T08:41:02.388+0000] {logging_mixin.py:188} INFO - [2024-04-08T08:41:02.387+0000] {dag.py:3047} INFO - Sync 1 DAGs
[2024-04-08T08:41:02.413+0000] {logging_mixin.py:188} INFO - [2024-04-08T08:41:02.413+0000] {dag.py:3834} INFO - Setting next_dagrun for example_short_circuit_operator to 2024-04-07 00:00:00+00:00, run_after=2024-04-08 00:00:00+00:00
[2024-04-08T08:41:02.437+0000] {processor.py:183} INFO - Processing /home/airflow/.local/lib/python3.8/site-packages/airflow/example_dags/example_short_circuit_operator.py took 0.093 seconds
[2024-04-08T08:41:32.713+0000] {processor.py:161} INFO - Started process (PID=7400) to work on /home/airflow/.local/lib/python3.8/site-packages/airflow/example_dags/example_short_circuit_operator.py
[2024-04-08T08:41:32.715+0000] {processor.py:830} INFO - Processing file /home/airflow/.local/lib/python3.8/site-packages/airflow/example_dags/example_short_circuit_operator.py for tasks to queue
[2024-04-08T08:41:32.716+0000] {logging_mixin.py:188} INFO - [2024-04-08T08:41:32.715+0000] {dagbag.py:540} INFO - Filling up the DagBag from /home/airflow/.local/lib/python3.8/site-packages/airflow/example_dags/example_short_circuit_operator.py
[2024-04-08T08:41:32.730+0000] {processor.py:840} INFO - DAG(s) 'example_short_circuit_operator' retrieved from /home/airflow/.local/lib/python3.8/site-packages/airflow/example_dags/example_short_circuit_operator.py
[2024-04-08T08:41:32.765+0000] {logging_mixin.py:188} INFO - [2024-04-08T08:41:32.765+0000] {dag.py:3047} INFO - Sync 1 DAGs
[2024-04-08T08:41:32.815+0000] {logging_mixin.py:188} INFO - [2024-04-08T08:41:32.815+0000] {dag.py:3834} INFO - Setting next_dagrun for example_short_circuit_operator to 2024-04-07 00:00:00+00:00, run_after=2024-04-08 00:00:00+00:00
[2024-04-08T08:41:32.855+0000] {processor.py:183} INFO - Processing /home/airflow/.local/lib/python3.8/site-packages/airflow/example_dags/example_short_circuit_operator.py took 0.163 seconds
[2024-04-08T08:42:02.997+0000] {processor.py:161} INFO - Started process (PID=7657) to work on /home/airflow/.local/lib/python3.8/site-packages/airflow/example_dags/example_short_circuit_operator.py
[2024-04-08T08:42:02.998+0000] {processor.py:830} INFO - Processing file /home/airflow/.local/lib/python3.8/site-packages/airflow/example_dags/example_short_circuit_operator.py for tasks to queue
[2024-04-08T08:42:03.000+0000] {logging_mixin.py:188} INFO - [2024-04-08T08:42:02.999+0000] {dagbag.py:540} INFO - Filling up the DagBag from /home/airflow/.local/lib/python3.8/site-packages/airflow/example_dags/example_short_circuit_operator.py
[2024-04-08T08:42:03.010+0000] {processor.py:840} INFO - DAG(s) 'example_short_circuit_operator' retrieved from /home/airflow/.local/lib/python3.8/site-packages/airflow/example_dags/example_short_circuit_operator.py
[2024-04-08T08:42:03.038+0000] {logging_mixin.py:188} INFO - [2024-04-08T08:42:03.038+0000] {dag.py:3047} INFO - Sync 1 DAGs
[2024-04-08T08:42:03.062+0000] {logging_mixin.py:188} INFO - [2024-04-08T08:42:03.061+0000] {dag.py:3834} INFO - Setting next_dagrun for example_short_circuit_operator to 2024-04-07 00:00:00+00:00, run_after=2024-04-08 00:00:00+00:00
[2024-04-08T08:42:03.085+0000] {processor.py:183} INFO - Processing /home/airflow/.local/lib/python3.8/site-packages/airflow/example_dags/example_short_circuit_operator.py took 0.091 seconds
[2024-04-08T08:42:33.404+0000] {processor.py:161} INFO - Started process (PID=7914) to work on /home/airflow/.local/lib/python3.8/site-packages/airflow/example_dags/example_short_circuit_operator.py
[2024-04-08T08:42:33.405+0000] {processor.py:830} INFO - Processing file /home/airflow/.local/lib/python3.8/site-packages/airflow/example_dags/example_short_circuit_operator.py for tasks to queue
[2024-04-08T08:42:33.406+0000] {logging_mixin.py:188} INFO - [2024-04-08T08:42:33.405+0000] {dagbag.py:540} INFO - Filling up the DagBag from /home/airflow/.local/lib/python3.8/site-packages/airflow/example_dags/example_short_circuit_operator.py
[2024-04-08T08:42:33.413+0000] {processor.py:840} INFO - DAG(s) 'example_short_circuit_operator' retrieved from /home/airflow/.local/lib/python3.8/site-packages/airflow/example_dags/example_short_circuit_operator.py
[2024-04-08T08:42:33.441+0000] {logging_mixin.py:188} INFO - [2024-04-08T08:42:33.441+0000] {dag.py:3047} INFO - Sync 1 DAGs
[2024-04-08T08:42:33.468+0000] {logging_mixin.py:188} INFO - [2024-04-08T08:42:33.467+0000] {dag.py:3834} INFO - Setting next_dagrun for example_short_circuit_operator to 2024-04-07 00:00:00+00:00, run_after=2024-04-08 00:00:00+00:00
[2024-04-08T08:42:33.492+0000] {processor.py:183} INFO - Processing /home/airflow/.local/lib/python3.8/site-packages/airflow/example_dags/example_short_circuit_operator.py took 0.092 seconds
[2024-04-08T08:43:03.808+0000] {processor.py:161} INFO - Started process (PID=8173) to work on /home/airflow/.local/lib/python3.8/site-packages/airflow/example_dags/example_short_circuit_operator.py
[2024-04-08T08:43:03.810+0000] {processor.py:830} INFO - Processing file /home/airflow/.local/lib/python3.8/site-packages/airflow/example_dags/example_short_circuit_operator.py for tasks to queue
[2024-04-08T08:43:03.811+0000] {logging_mixin.py:188} INFO - [2024-04-08T08:43:03.811+0000] {dagbag.py:540} INFO - Filling up the DagBag from /home/airflow/.local/lib/python3.8/site-packages/airflow/example_dags/example_short_circuit_operator.py
[2024-04-08T08:43:03.821+0000] {processor.py:840} INFO - DAG(s) 'example_short_circuit_operator' retrieved from /home/airflow/.local/lib/python3.8/site-packages/airflow/example_dags/example_short_circuit_operator.py
[2024-04-08T08:43:03.850+0000] {logging_mixin.py:188} INFO - [2024-04-08T08:43:03.850+0000] {dag.py:3047} INFO - Sync 1 DAGs
[2024-04-08T08:43:03.875+0000] {logging_mixin.py:188} INFO - [2024-04-08T08:43:03.875+0000] {dag.py:3834} INFO - Setting next_dagrun for example_short_circuit_operator to 2024-04-07 00:00:00+00:00, run_after=2024-04-08 00:00:00+00:00
[2024-04-08T08:43:03.898+0000] {processor.py:183} INFO - Processing /home/airflow/.local/lib/python3.8/site-packages/airflow/example_dags/example_short_circuit_operator.py took 0.093 seconds
[2024-04-08T08:43:34.254+0000] {processor.py:161} INFO - Started process (PID=8428) to work on /home/airflow/.local/lib/python3.8/site-packages/airflow/example_dags/example_short_circuit_operator.py
[2024-04-08T08:43:34.255+0000] {processor.py:830} INFO - Processing file /home/airflow/.local/lib/python3.8/site-packages/airflow/example_dags/example_short_circuit_operator.py for tasks to queue
[2024-04-08T08:43:34.256+0000] {logging_mixin.py:188} INFO - [2024-04-08T08:43:34.256+0000] {dagbag.py:540} INFO - Filling up the DagBag from /home/airflow/.local/lib/python3.8/site-packages/airflow/example_dags/example_short_circuit_operator.py
[2024-04-08T08:43:34.265+0000] {processor.py:840} INFO - DAG(s) 'example_short_circuit_operator' retrieved from /home/airflow/.local/lib/python3.8/site-packages/airflow/example_dags/example_short_circuit_operator.py
[2024-04-08T08:43:34.309+0000] {logging_mixin.py:188} INFO - [2024-04-08T08:43:34.309+0000] {dag.py:3047} INFO - Sync 1 DAGs
[2024-04-08T08:43:34.338+0000] {logging_mixin.py:188} INFO - [2024-04-08T08:43:34.338+0000] {dag.py:3834} INFO - Setting next_dagrun for example_short_circuit_operator to 2024-04-07 00:00:00+00:00, run_after=2024-04-08 00:00:00+00:00
[2024-04-08T08:43:34.363+0000] {processor.py:183} INFO - Processing /home/airflow/.local/lib/python3.8/site-packages/airflow/example_dags/example_short_circuit_operator.py took 0.112 seconds
[2024-04-08T08:44:04.814+0000] {processor.py:161} INFO - Started process (PID=8685) to work on /home/airflow/.local/lib/python3.8/site-packages/airflow/example_dags/example_short_circuit_operator.py
[2024-04-08T08:44:04.816+0000] {processor.py:830} INFO - Processing file /home/airflow/.local/lib/python3.8/site-packages/airflow/example_dags/example_short_circuit_operator.py for tasks to queue
[2024-04-08T08:44:04.817+0000] {logging_mixin.py:188} INFO - [2024-04-08T08:44:04.817+0000] {dagbag.py:540} INFO - Filling up the DagBag from /home/airflow/.local/lib/python3.8/site-packages/airflow/example_dags/example_short_circuit_operator.py
[2024-04-08T08:44:04.828+0000] {processor.py:840} INFO - DAG(s) 'example_short_circuit_operator' retrieved from /home/airflow/.local/lib/python3.8/site-packages/airflow/example_dags/example_short_circuit_operator.py
[2024-04-08T08:44:04.853+0000] {logging_mixin.py:188} INFO - [2024-04-08T08:44:04.853+0000] {dag.py:3047} INFO - Sync 1 DAGs
[2024-04-08T08:44:04.878+0000] {logging_mixin.py:188} INFO - [2024-04-08T08:44:04.878+0000] {dag.py:3834} INFO - Setting next_dagrun for example_short_circuit_operator to 2024-04-07 00:00:00+00:00, run_after=2024-04-08 00:00:00+00:00
[2024-04-08T08:44:04.926+0000] {processor.py:183} INFO - Processing /home/airflow/.local/lib/python3.8/site-packages/airflow/example_dags/example_short_circuit_operator.py took 0.115 seconds
[2024-04-08T08:44:35.531+0000] {processor.py:161} INFO - Started process (PID=8943) to work on /home/airflow/.local/lib/python3.8/site-packages/airflow/example_dags/example_short_circuit_operator.py
[2024-04-08T08:44:35.532+0000] {processor.py:830} INFO - Processing file /home/airflow/.local/lib/python3.8/site-packages/airflow/example_dags/example_short_circuit_operator.py for tasks to queue
[2024-04-08T08:44:35.533+0000] {logging_mixin.py:188} INFO - [2024-04-08T08:44:35.532+0000] {dagbag.py:540} INFO - Filling up the DagBag from /home/airflow/.local/lib/python3.8/site-packages/airflow/example_dags/example_short_circuit_operator.py
[2024-04-08T08:44:35.542+0000] {processor.py:840} INFO - DAG(s) 'example_short_circuit_operator' retrieved from /home/airflow/.local/lib/python3.8/site-packages/airflow/example_dags/example_short_circuit_operator.py
[2024-04-08T08:44:35.568+0000] {logging_mixin.py:188} INFO - [2024-04-08T08:44:35.568+0000] {dag.py:3047} INFO - Sync 1 DAGs
[2024-04-08T08:44:35.594+0000] {logging_mixin.py:188} INFO - [2024-04-08T08:44:35.593+0000] {dag.py:3834} INFO - Setting next_dagrun for example_short_circuit_operator to 2024-04-07 00:00:00+00:00, run_after=2024-04-08 00:00:00+00:00
[2024-04-08T08:44:35.617+0000] {processor.py:183} INFO - Processing /home/airflow/.local/lib/python3.8/site-packages/airflow/example_dags/example_short_circuit_operator.py took 0.091 seconds
[2024-04-08T08:45:05.810+0000] {processor.py:161} INFO - Started process (PID=9202) to work on /home/airflow/.local/lib/python3.8/site-packages/airflow/example_dags/example_short_circuit_operator.py
[2024-04-08T08:45:05.812+0000] {processor.py:830} INFO - Processing file /home/airflow/.local/lib/python3.8/site-packages/airflow/example_dags/example_short_circuit_operator.py for tasks to queue
[2024-04-08T08:45:05.813+0000] {logging_mixin.py:188} INFO - [2024-04-08T08:45:05.812+0000] {dagbag.py:540} INFO - Filling up the DagBag from /home/airflow/.local/lib/python3.8/site-packages/airflow/example_dags/example_short_circuit_operator.py
[2024-04-08T08:45:05.823+0000] {processor.py:840} INFO - DAG(s) 'example_short_circuit_operator' retrieved from /home/airflow/.local/lib/python3.8/site-packages/airflow/example_dags/example_short_circuit_operator.py
[2024-04-08T08:45:05.848+0000] {logging_mixin.py:188} INFO - [2024-04-08T08:45:05.848+0000] {dag.py:3047} INFO - Sync 1 DAGs
[2024-04-08T08:45:05.882+0000] {logging_mixin.py:188} INFO - [2024-04-08T08:45:05.881+0000] {dag.py:3834} INFO - Setting next_dagrun for example_short_circuit_operator to 2024-04-07 00:00:00+00:00, run_after=2024-04-08 00:00:00+00:00
[2024-04-08T08:45:05.914+0000] {processor.py:183} INFO - Processing /home/airflow/.local/lib/python3.8/site-packages/airflow/example_dags/example_short_circuit_operator.py took 0.108 seconds
[2024-04-08T08:45:36.215+0000] {processor.py:161} INFO - Started process (PID=9460) to work on /home/airflow/.local/lib/python3.8/site-packages/airflow/example_dags/example_short_circuit_operator.py
[2024-04-08T08:45:36.217+0000] {processor.py:830} INFO - Processing file /home/airflow/.local/lib/python3.8/site-packages/airflow/example_dags/example_short_circuit_operator.py for tasks to queue
[2024-04-08T08:45:36.218+0000] {logging_mixin.py:188} INFO - [2024-04-08T08:45:36.217+0000] {dagbag.py:540} INFO - Filling up the DagBag from /home/airflow/.local/lib/python3.8/site-packages/airflow/example_dags/example_short_circuit_operator.py
[2024-04-08T08:45:36.227+0000] {processor.py:840} INFO - DAG(s) 'example_short_circuit_operator' retrieved from /home/airflow/.local/lib/python3.8/site-packages/airflow/example_dags/example_short_circuit_operator.py
[2024-04-08T08:45:36.253+0000] {logging_mixin.py:188} INFO - [2024-04-08T08:45:36.253+0000] {dag.py:3047} INFO - Sync 1 DAGs
[2024-04-08T08:45:36.280+0000] {logging_mixin.py:188} INFO - [2024-04-08T08:45:36.280+0000] {dag.py:3834} INFO - Setting next_dagrun for example_short_circuit_operator to 2024-04-07 00:00:00+00:00, run_after=2024-04-08 00:00:00+00:00
[2024-04-08T08:45:36.305+0000] {processor.py:183} INFO - Processing /home/airflow/.local/lib/python3.8/site-packages/airflow/example_dags/example_short_circuit_operator.py took 0.093 seconds
[2024-04-08T08:46:06.490+0000] {processor.py:161} INFO - Started process (PID=9717) to work on /home/airflow/.local/lib/python3.8/site-packages/airflow/example_dags/example_short_circuit_operator.py
[2024-04-08T08:46:06.491+0000] {processor.py:830} INFO - Processing file /home/airflow/.local/lib/python3.8/site-packages/airflow/example_dags/example_short_circuit_operator.py for tasks to queue
[2024-04-08T08:46:06.492+0000] {logging_mixin.py:188} INFO - [2024-04-08T08:46:06.492+0000] {dagbag.py:540} INFO - Filling up the DagBag from /home/airflow/.local/lib/python3.8/site-packages/airflow/example_dags/example_short_circuit_operator.py
[2024-04-08T08:46:06.502+0000] {processor.py:840} INFO - DAG(s) 'example_short_circuit_operator' retrieved from /home/airflow/.local/lib/python3.8/site-packages/airflow/example_dags/example_short_circuit_operator.py
[2024-04-08T08:46:06.529+0000] {logging_mixin.py:188} INFO - [2024-04-08T08:46:06.529+0000] {dag.py:3047} INFO - Sync 1 DAGs
[2024-04-08T08:46:06.553+0000] {logging_mixin.py:188} INFO - [2024-04-08T08:46:06.553+0000] {dag.py:3834} INFO - Setting next_dagrun for example_short_circuit_operator to 2024-04-07 00:00:00+00:00, run_after=2024-04-08 00:00:00+00:00
[2024-04-08T08:46:06.578+0000] {processor.py:183} INFO - Processing /home/airflow/.local/lib/python3.8/site-packages/airflow/example_dags/example_short_circuit_operator.py took 0.092 seconds
[2024-04-08T08:46:36.857+0000] {processor.py:161} INFO - Started process (PID=9974) to work on /home/airflow/.local/lib/python3.8/site-packages/airflow/example_dags/example_short_circuit_operator.py
[2024-04-08T08:46:36.858+0000] {processor.py:830} INFO - Processing file /home/airflow/.local/lib/python3.8/site-packages/airflow/example_dags/example_short_circuit_operator.py for tasks to queue
[2024-04-08T08:46:36.859+0000] {logging_mixin.py:188} INFO - [2024-04-08T08:46:36.859+0000] {dagbag.py:540} INFO - Filling up the DagBag from /home/airflow/.local/lib/python3.8/site-packages/airflow/example_dags/example_short_circuit_operator.py
[2024-04-08T08:46:36.868+0000] {processor.py:840} INFO - DAG(s) 'example_short_circuit_operator' retrieved from /home/airflow/.local/lib/python3.8/site-packages/airflow/example_dags/example_short_circuit_operator.py
[2024-04-08T08:46:36.895+0000] {logging_mixin.py:188} INFO - [2024-04-08T08:46:36.895+0000] {dag.py:3047} INFO - Sync 1 DAGs
[2024-04-08T08:46:36.921+0000] {logging_mixin.py:188} INFO - [2024-04-08T08:46:36.920+0000] {dag.py:3834} INFO - Setting next_dagrun for example_short_circuit_operator to 2024-04-07 00:00:00+00:00, run_after=2024-04-08 00:00:00+00:00
[2024-04-08T08:46:36.944+0000] {processor.py:183} INFO - Processing /home/airflow/.local/lib/python3.8/site-packages/airflow/example_dags/example_short_circuit_operator.py took 0.091 seconds
[2024-04-08T08:47:07.487+0000] {processor.py:161} INFO - Started process (PID=10231) to work on /home/airflow/.local/lib/python3.8/site-packages/airflow/example_dags/example_short_circuit_operator.py
[2024-04-08T08:47:07.488+0000] {processor.py:830} INFO - Processing file /home/airflow/.local/lib/python3.8/site-packages/airflow/example_dags/example_short_circuit_operator.py for tasks to queue
[2024-04-08T08:47:07.489+0000] {logging_mixin.py:188} INFO - [2024-04-08T08:47:07.489+0000] {dagbag.py:540} INFO - Filling up the DagBag from /home/airflow/.local/lib/python3.8/site-packages/airflow/example_dags/example_short_circuit_operator.py
[2024-04-08T08:47:07.499+0000] {processor.py:840} INFO - DAG(s) 'example_short_circuit_operator' retrieved from /home/airflow/.local/lib/python3.8/site-packages/airflow/example_dags/example_short_circuit_operator.py
[2024-04-08T08:47:07.530+0000] {logging_mixin.py:188} INFO - [2024-04-08T08:47:07.529+0000] {dag.py:3047} INFO - Sync 1 DAGs
[2024-04-08T08:47:07.558+0000] {logging_mixin.py:188} INFO - [2024-04-08T08:47:07.557+0000] {dag.py:3834} INFO - Setting next_dagrun for example_short_circuit_operator to 2024-04-07 00:00:00+00:00, run_after=2024-04-08 00:00:00+00:00
[2024-04-08T08:47:07.581+0000] {processor.py:183} INFO - Processing /home/airflow/.local/lib/python3.8/site-packages/airflow/example_dags/example_short_circuit_operator.py took 0.097 seconds
[2024-04-08T08:47:37.685+0000] {processor.py:161} INFO - Started process (PID=10488) to work on /home/airflow/.local/lib/python3.8/site-packages/airflow/example_dags/example_short_circuit_operator.py
[2024-04-08T08:47:37.686+0000] {processor.py:830} INFO - Processing file /home/airflow/.local/lib/python3.8/site-packages/airflow/example_dags/example_short_circuit_operator.py for tasks to queue
[2024-04-08T08:47:37.687+0000] {logging_mixin.py:188} INFO - [2024-04-08T08:47:37.686+0000] {dagbag.py:540} INFO - Filling up the DagBag from /home/airflow/.local/lib/python3.8/site-packages/airflow/example_dags/example_short_circuit_operator.py
[2024-04-08T08:47:37.696+0000] {processor.py:840} INFO - DAG(s) 'example_short_circuit_operator' retrieved from /home/airflow/.local/lib/python3.8/site-packages/airflow/example_dags/example_short_circuit_operator.py
[2024-04-08T08:47:37.724+0000] {logging_mixin.py:188} INFO - [2024-04-08T08:47:37.723+0000] {dag.py:3047} INFO - Sync 1 DAGs
[2024-04-08T08:47:37.752+0000] {logging_mixin.py:188} INFO - [2024-04-08T08:47:37.751+0000] {dag.py:3834} INFO - Setting next_dagrun for example_short_circuit_operator to 2024-04-07 00:00:00+00:00, run_after=2024-04-08 00:00:00+00:00
[2024-04-08T08:47:37.783+0000] {processor.py:183} INFO - Processing /home/airflow/.local/lib/python3.8/site-packages/airflow/example_dags/example_short_circuit_operator.py took 0.102 seconds
[2024-04-08T08:48:08.714+0000] {processor.py:161} INFO - Started process (PID=10745) to work on /home/airflow/.local/lib/python3.8/site-packages/airflow/example_dags/example_short_circuit_operator.py
[2024-04-08T08:48:08.715+0000] {processor.py:830} INFO - Processing file /home/airflow/.local/lib/python3.8/site-packages/airflow/example_dags/example_short_circuit_operator.py for tasks to queue
[2024-04-08T08:48:08.716+0000] {logging_mixin.py:188} INFO - [2024-04-08T08:48:08.716+0000] {dagbag.py:540} INFO - Filling up the DagBag from /home/airflow/.local/lib/python3.8/site-packages/airflow/example_dags/example_short_circuit_operator.py
[2024-04-08T08:48:08.726+0000] {processor.py:840} INFO - DAG(s) 'example_short_circuit_operator' retrieved from /home/airflow/.local/lib/python3.8/site-packages/airflow/example_dags/example_short_circuit_operator.py
[2024-04-08T08:48:08.756+0000] {logging_mixin.py:188} INFO - [2024-04-08T08:48:08.755+0000] {dag.py:3047} INFO - Sync 1 DAGs
[2024-04-08T08:48:08.782+0000] {logging_mixin.py:188} INFO - [2024-04-08T08:48:08.782+0000] {dag.py:3834} INFO - Setting next_dagrun for example_short_circuit_operator to 2024-04-07 00:00:00+00:00, run_after=2024-04-08 00:00:00+00:00
[2024-04-08T08:48:08.805+0000] {processor.py:183} INFO - Processing /home/airflow/.local/lib/python3.8/site-packages/airflow/example_dags/example_short_circuit_operator.py took 0.095 seconds
[2024-04-08T08:48:39.258+0000] {processor.py:161} INFO - Started process (PID=11002) to work on /home/airflow/.local/lib/python3.8/site-packages/airflow/example_dags/example_short_circuit_operator.py
[2024-04-08T08:48:39.259+0000] {processor.py:830} INFO - Processing file /home/airflow/.local/lib/python3.8/site-packages/airflow/example_dags/example_short_circuit_operator.py for tasks to queue
[2024-04-08T08:48:39.260+0000] {logging_mixin.py:188} INFO - [2024-04-08T08:48:39.260+0000] {dagbag.py:540} INFO - Filling up the DagBag from /home/airflow/.local/lib/python3.8/site-packages/airflow/example_dags/example_short_circuit_operator.py
[2024-04-08T08:48:39.270+0000] {processor.py:840} INFO - DAG(s) 'example_short_circuit_operator' retrieved from /home/airflow/.local/lib/python3.8/site-packages/airflow/example_dags/example_short_circuit_operator.py
[2024-04-08T08:48:39.297+0000] {logging_mixin.py:188} INFO - [2024-04-08T08:48:39.296+0000] {dag.py:3047} INFO - Sync 1 DAGs
[2024-04-08T08:48:39.321+0000] {logging_mixin.py:188} INFO - [2024-04-08T08:48:39.321+0000] {dag.py:3834} INFO - Setting next_dagrun for example_short_circuit_operator to 2024-04-07 00:00:00+00:00, run_after=2024-04-08 00:00:00+00:00
[2024-04-08T08:48:39.348+0000] {processor.py:183} INFO - Processing /home/airflow/.local/lib/python3.8/site-packages/airflow/example_dags/example_short_circuit_operator.py took 0.093 seconds
[2024-04-08T08:49:09.653+0000] {processor.py:161} INFO - Started process (PID=11259) to work on /home/airflow/.local/lib/python3.8/site-packages/airflow/example_dags/example_short_circuit_operator.py
[2024-04-08T08:49:09.654+0000] {processor.py:830} INFO - Processing file /home/airflow/.local/lib/python3.8/site-packages/airflow/example_dags/example_short_circuit_operator.py for tasks to queue
[2024-04-08T08:49:09.655+0000] {logging_mixin.py:188} INFO - [2024-04-08T08:49:09.654+0000] {dagbag.py:540} INFO - Filling up the DagBag from /home/airflow/.local/lib/python3.8/site-packages/airflow/example_dags/example_short_circuit_operator.py
[2024-04-08T08:49:09.664+0000] {processor.py:840} INFO - DAG(s) 'example_short_circuit_operator' retrieved from /home/airflow/.local/lib/python3.8/site-packages/airflow/example_dags/example_short_circuit_operator.py
[2024-04-08T08:49:09.693+0000] {logging_mixin.py:188} INFO - [2024-04-08T08:49:09.692+0000] {dag.py:3047} INFO - Sync 1 DAGs
[2024-04-08T08:49:09.717+0000] {logging_mixin.py:188} INFO - [2024-04-08T08:49:09.717+0000] {dag.py:3834} INFO - Setting next_dagrun for example_short_circuit_operator to 2024-04-07 00:00:00+00:00, run_after=2024-04-08 00:00:00+00:00
[2024-04-08T08:49:09.743+0000] {processor.py:183} INFO - Processing /home/airflow/.local/lib/python3.8/site-packages/airflow/example_dags/example_short_circuit_operator.py took 0.094 seconds
[2024-04-08T08:49:40.076+0000] {processor.py:161} INFO - Started process (PID=11516) to work on /home/airflow/.local/lib/python3.8/site-packages/airflow/example_dags/example_short_circuit_operator.py
[2024-04-08T08:49:40.077+0000] {processor.py:830} INFO - Processing file /home/airflow/.local/lib/python3.8/site-packages/airflow/example_dags/example_short_circuit_operator.py for tasks to queue
[2024-04-08T08:49:40.078+0000] {logging_mixin.py:188} INFO - [2024-04-08T08:49:40.078+0000] {dagbag.py:540} INFO - Filling up the DagBag from /home/airflow/.local/lib/python3.8/site-packages/airflow/example_dags/example_short_circuit_operator.py
[2024-04-08T08:49:40.092+0000] {processor.py:840} INFO - DAG(s) 'example_short_circuit_operator' retrieved from /home/airflow/.local/lib/python3.8/site-packages/airflow/example_dags/example_short_circuit_operator.py
[2024-04-08T08:49:40.120+0000] {logging_mixin.py:188} INFO - [2024-04-08T08:49:40.119+0000] {dag.py:3047} INFO - Sync 1 DAGs
[2024-04-08T08:49:40.145+0000] {logging_mixin.py:188} INFO - [2024-04-08T08:49:40.144+0000] {dag.py:3834} INFO - Setting next_dagrun for example_short_circuit_operator to 2024-04-07 00:00:00+00:00, run_after=2024-04-08 00:00:00+00:00
[2024-04-08T08:49:40.167+0000] {processor.py:183} INFO - Processing /home/airflow/.local/lib/python3.8/site-packages/airflow/example_dags/example_short_circuit_operator.py took 0.095 seconds
[2024-04-08T08:50:10.676+0000] {processor.py:161} INFO - Started process (PID=11774) to work on /home/airflow/.local/lib/python3.8/site-packages/airflow/example_dags/example_short_circuit_operator.py
[2024-04-08T08:50:10.678+0000] {processor.py:830} INFO - Processing file /home/airflow/.local/lib/python3.8/site-packages/airflow/example_dags/example_short_circuit_operator.py for tasks to queue
[2024-04-08T08:50:10.680+0000] {logging_mixin.py:188} INFO - [2024-04-08T08:50:10.679+0000] {dagbag.py:540} INFO - Filling up the DagBag from /home/airflow/.local/lib/python3.8/site-packages/airflow/example_dags/example_short_circuit_operator.py
[2024-04-08T08:50:10.700+0000] {processor.py:840} INFO - DAG(s) 'example_short_circuit_operator' retrieved from /home/airflow/.local/lib/python3.8/site-packages/airflow/example_dags/example_short_circuit_operator.py
[2024-04-08T08:50:10.732+0000] {logging_mixin.py:188} INFO - [2024-04-08T08:50:10.732+0000] {dag.py:3047} INFO - Sync 1 DAGs
[2024-04-08T08:50:10.758+0000] {logging_mixin.py:188} INFO - [2024-04-08T08:50:10.758+0000] {dag.py:3834} INFO - Setting next_dagrun for example_short_circuit_operator to 2024-04-07 00:00:00+00:00, run_after=2024-04-08 00:00:00+00:00
[2024-04-08T08:50:10.792+0000] {processor.py:183} INFO - Processing /home/airflow/.local/lib/python3.8/site-packages/airflow/example_dags/example_short_circuit_operator.py took 0.120 seconds
[2024-04-08T08:50:41.136+0000] {processor.py:161} INFO - Started process (PID=12037) to work on /home/airflow/.local/lib/python3.8/site-packages/airflow/example_dags/example_short_circuit_operator.py
[2024-04-08T08:50:41.137+0000] {processor.py:830} INFO - Processing file /home/airflow/.local/lib/python3.8/site-packages/airflow/example_dags/example_short_circuit_operator.py for tasks to queue
[2024-04-08T08:50:41.139+0000] {logging_mixin.py:188} INFO - [2024-04-08T08:50:41.138+0000] {dagbag.py:540} INFO - Filling up the DagBag from /home/airflow/.local/lib/python3.8/site-packages/airflow/example_dags/example_short_circuit_operator.py
[2024-04-08T08:50:41.148+0000] {processor.py:840} INFO - DAG(s) 'example_short_circuit_operator' retrieved from /home/airflow/.local/lib/python3.8/site-packages/airflow/example_dags/example_short_circuit_operator.py
[2024-04-08T08:50:41.175+0000] {logging_mixin.py:188} INFO - [2024-04-08T08:50:41.174+0000] {dag.py:3047} INFO - Sync 1 DAGs
[2024-04-08T08:50:41.200+0000] {logging_mixin.py:188} INFO - [2024-04-08T08:50:41.199+0000] {dag.py:3834} INFO - Setting next_dagrun for example_short_circuit_operator to 2024-04-07 00:00:00+00:00, run_after=2024-04-08 00:00:00+00:00
[2024-04-08T08:50:41.225+0000] {processor.py:183} INFO - Processing /home/airflow/.local/lib/python3.8/site-packages/airflow/example_dags/example_short_circuit_operator.py took 0.094 seconds
[2024-04-08T08:51:11.568+0000] {processor.py:161} INFO - Started process (PID=12295) to work on /home/airflow/.local/lib/python3.8/site-packages/airflow/example_dags/example_short_circuit_operator.py
[2024-04-08T08:51:11.569+0000] {processor.py:830} INFO - Processing file /home/airflow/.local/lib/python3.8/site-packages/airflow/example_dags/example_short_circuit_operator.py for tasks to queue
[2024-04-08T08:51:11.571+0000] {logging_mixin.py:188} INFO - [2024-04-08T08:51:11.570+0000] {dagbag.py:540} INFO - Filling up the DagBag from /home/airflow/.local/lib/python3.8/site-packages/airflow/example_dags/example_short_circuit_operator.py
[2024-04-08T08:51:11.581+0000] {processor.py:840} INFO - DAG(s) 'example_short_circuit_operator' retrieved from /home/airflow/.local/lib/python3.8/site-packages/airflow/example_dags/example_short_circuit_operator.py
[2024-04-08T08:51:11.632+0000] {logging_mixin.py:188} INFO - [2024-04-08T08:51:11.632+0000] {dag.py:3047} INFO - Sync 1 DAGs
[2024-04-08T08:51:11.658+0000] {logging_mixin.py:188} INFO - [2024-04-08T08:51:11.658+0000] {dag.py:3834} INFO - Setting next_dagrun for example_short_circuit_operator to 2024-04-07 00:00:00+00:00, run_after=2024-04-08 00:00:00+00:00
[2024-04-08T08:51:11.683+0000] {processor.py:183} INFO - Processing /home/airflow/.local/lib/python3.8/site-packages/airflow/example_dags/example_short_circuit_operator.py took 0.123 seconds
[2024-04-08T08:51:42.013+0000] {processor.py:161} INFO - Started process (PID=12552) to work on /home/airflow/.local/lib/python3.8/site-packages/airflow/example_dags/example_short_circuit_operator.py
[2024-04-08T08:51:42.018+0000] {processor.py:830} INFO - Processing file /home/airflow/.local/lib/python3.8/site-packages/airflow/example_dags/example_short_circuit_operator.py for tasks to queue
[2024-04-08T08:51:42.019+0000] {logging_mixin.py:188} INFO - [2024-04-08T08:51:42.019+0000] {dagbag.py:540} INFO - Filling up the DagBag from /home/airflow/.local/lib/python3.8/site-packages/airflow/example_dags/example_short_circuit_operator.py
[2024-04-08T08:51:42.029+0000] {processor.py:840} INFO - DAG(s) 'example_short_circuit_operator' retrieved from /home/airflow/.local/lib/python3.8/site-packages/airflow/example_dags/example_short_circuit_operator.py
[2024-04-08T08:51:42.056+0000] {logging_mixin.py:188} INFO - [2024-04-08T08:51:42.056+0000] {dag.py:3047} INFO - Sync 1 DAGs
[2024-04-08T08:51:42.081+0000] {logging_mixin.py:188} INFO - [2024-04-08T08:51:42.081+0000] {dag.py:3834} INFO - Setting next_dagrun for example_short_circuit_operator to 2024-04-07 00:00:00+00:00, run_after=2024-04-08 00:00:00+00:00
[2024-04-08T08:51:42.106+0000] {processor.py:183} INFO - Processing /home/airflow/.local/lib/python3.8/site-packages/airflow/example_dags/example_short_circuit_operator.py took 0.097 seconds
[2024-04-08T08:52:12.541+0000] {processor.py:161} INFO - Started process (PID=12809) to work on /home/airflow/.local/lib/python3.8/site-packages/airflow/example_dags/example_short_circuit_operator.py
[2024-04-08T08:52:12.542+0000] {processor.py:830} INFO - Processing file /home/airflow/.local/lib/python3.8/site-packages/airflow/example_dags/example_short_circuit_operator.py for tasks to queue
[2024-04-08T08:52:12.543+0000] {logging_mixin.py:188} INFO - [2024-04-08T08:52:12.542+0000] {dagbag.py:540} INFO - Filling up the DagBag from /home/airflow/.local/lib/python3.8/site-packages/airflow/example_dags/example_short_circuit_operator.py
[2024-04-08T08:52:12.553+0000] {processor.py:840} INFO - DAG(s) 'example_short_circuit_operator' retrieved from /home/airflow/.local/lib/python3.8/site-packages/airflow/example_dags/example_short_circuit_operator.py
[2024-04-08T08:52:12.590+0000] {logging_mixin.py:188} INFO - [2024-04-08T08:52:12.589+0000] {dag.py:3047} INFO - Sync 1 DAGs
[2024-04-08T08:52:12.613+0000] {logging_mixin.py:188} INFO - [2024-04-08T08:52:12.613+0000] {dag.py:3834} INFO - Setting next_dagrun for example_short_circuit_operator to 2024-04-07 00:00:00+00:00, run_after=2024-04-08 00:00:00+00:00
[2024-04-08T08:52:12.641+0000] {processor.py:183} INFO - Processing /home/airflow/.local/lib/python3.8/site-packages/airflow/example_dags/example_short_circuit_operator.py took 0.104 seconds
[2024-04-08T08:52:42.992+0000] {processor.py:161} INFO - Started process (PID=13066) to work on /home/airflow/.local/lib/python3.8/site-packages/airflow/example_dags/example_short_circuit_operator.py
[2024-04-08T08:52:42.996+0000] {processor.py:830} INFO - Processing file /home/airflow/.local/lib/python3.8/site-packages/airflow/example_dags/example_short_circuit_operator.py for tasks to queue
[2024-04-08T08:52:42.997+0000] {logging_mixin.py:188} INFO - [2024-04-08T08:52:42.997+0000] {dagbag.py:540} INFO - Filling up the DagBag from /home/airflow/.local/lib/python3.8/site-packages/airflow/example_dags/example_short_circuit_operator.py
[2024-04-08T08:52:43.022+0000] {processor.py:840} INFO - DAG(s) 'example_short_circuit_operator' retrieved from /home/airflow/.local/lib/python3.8/site-packages/airflow/example_dags/example_short_circuit_operator.py
[2024-04-08T08:52:43.069+0000] {logging_mixin.py:188} INFO - [2024-04-08T08:52:43.069+0000] {dag.py:3047} INFO - Sync 1 DAGs
[2024-04-08T08:52:43.108+0000] {logging_mixin.py:188} INFO - [2024-04-08T08:52:43.108+0000] {dag.py:3834} INFO - Setting next_dagrun for example_short_circuit_operator to 2024-04-07 00:00:00+00:00, run_after=2024-04-08 00:00:00+00:00
[2024-04-08T08:52:43.149+0000] {processor.py:183} INFO - Processing /home/airflow/.local/lib/python3.8/site-packages/airflow/example_dags/example_short_circuit_operator.py took 0.167 seconds
[2024-04-08T08:53:13.546+0000] {processor.py:161} INFO - Started process (PID=13323) to work on /home/airflow/.local/lib/python3.8/site-packages/airflow/example_dags/example_short_circuit_operator.py
[2024-04-08T08:53:13.547+0000] {processor.py:830} INFO - Processing file /home/airflow/.local/lib/python3.8/site-packages/airflow/example_dags/example_short_circuit_operator.py for tasks to queue
[2024-04-08T08:53:13.548+0000] {logging_mixin.py:188} INFO - [2024-04-08T08:53:13.548+0000] {dagbag.py:540} INFO - Filling up the DagBag from /home/airflow/.local/lib/python3.8/site-packages/airflow/example_dags/example_short_circuit_operator.py
[2024-04-08T08:53:13.558+0000] {processor.py:840} INFO - DAG(s) 'example_short_circuit_operator' retrieved from /home/airflow/.local/lib/python3.8/site-packages/airflow/example_dags/example_short_circuit_operator.py
[2024-04-08T08:53:13.585+0000] {logging_mixin.py:188} INFO - [2024-04-08T08:53:13.585+0000] {dag.py:3047} INFO - Sync 1 DAGs
[2024-04-08T08:53:13.618+0000] {logging_mixin.py:188} INFO - [2024-04-08T08:53:13.618+0000] {dag.py:3834} INFO - Setting next_dagrun for example_short_circuit_operator to 2024-04-07 00:00:00+00:00, run_after=2024-04-08 00:00:00+00:00
[2024-04-08T08:53:13.642+0000] {processor.py:183} INFO - Processing /home/airflow/.local/lib/python3.8/site-packages/airflow/example_dags/example_short_circuit_operator.py took 0.100 seconds
[2024-04-08T08:53:43.904+0000] {processor.py:161} INFO - Started process (PID=13580) to work on /home/airflow/.local/lib/python3.8/site-packages/airflow/example_dags/example_short_circuit_operator.py
[2024-04-08T08:53:43.905+0000] {processor.py:830} INFO - Processing file /home/airflow/.local/lib/python3.8/site-packages/airflow/example_dags/example_short_circuit_operator.py for tasks to queue
[2024-04-08T08:53:43.906+0000] {logging_mixin.py:188} INFO - [2024-04-08T08:53:43.906+0000] {dagbag.py:540} INFO - Filling up the DagBag from /home/airflow/.local/lib/python3.8/site-packages/airflow/example_dags/example_short_circuit_operator.py
[2024-04-08T08:53:43.916+0000] {processor.py:840} INFO - DAG(s) 'example_short_circuit_operator' retrieved from /home/airflow/.local/lib/python3.8/site-packages/airflow/example_dags/example_short_circuit_operator.py
[2024-04-08T08:53:43.943+0000] {logging_mixin.py:188} INFO - [2024-04-08T08:53:43.943+0000] {dag.py:3047} INFO - Sync 1 DAGs
[2024-04-08T08:53:43.966+0000] {logging_mixin.py:188} INFO - [2024-04-08T08:53:43.966+0000] {dag.py:3834} INFO - Setting next_dagrun for example_short_circuit_operator to 2024-04-07 00:00:00+00:00, run_after=2024-04-08 00:00:00+00:00
[2024-04-08T08:53:43.991+0000] {processor.py:183} INFO - Processing /home/airflow/.local/lib/python3.8/site-packages/airflow/example_dags/example_short_circuit_operator.py took 0.090 seconds
[2024-04-08T08:54:14.445+0000] {processor.py:161} INFO - Started process (PID=13838) to work on /home/airflow/.local/lib/python3.8/site-packages/airflow/example_dags/example_short_circuit_operator.py
[2024-04-08T08:54:14.449+0000] {processor.py:830} INFO - Processing file /home/airflow/.local/lib/python3.8/site-packages/airflow/example_dags/example_short_circuit_operator.py for tasks to queue
[2024-04-08T08:54:14.451+0000] {logging_mixin.py:188} INFO - [2024-04-08T08:54:14.451+0000] {dagbag.py:540} INFO - Filling up the DagBag from /home/airflow/.local/lib/python3.8/site-packages/airflow/example_dags/example_short_circuit_operator.py
[2024-04-08T08:54:14.461+0000] {processor.py:840} INFO - DAG(s) 'example_short_circuit_operator' retrieved from /home/airflow/.local/lib/python3.8/site-packages/airflow/example_dags/example_short_circuit_operator.py
[2024-04-08T08:54:14.488+0000] {logging_mixin.py:188} INFO - [2024-04-08T08:54:14.488+0000] {dag.py:3047} INFO - Sync 1 DAGs
[2024-04-08T08:54:14.512+0000] {logging_mixin.py:188} INFO - [2024-04-08T08:54:14.511+0000] {dag.py:3834} INFO - Setting next_dagrun for example_short_circuit_operator to 2024-04-07 00:00:00+00:00, run_after=2024-04-08 00:00:00+00:00
[2024-04-08T08:54:14.539+0000] {processor.py:183} INFO - Processing /home/airflow/.local/lib/python3.8/site-packages/airflow/example_dags/example_short_circuit_operator.py took 0.098 seconds
[2024-04-08T08:54:44.865+0000] {processor.py:161} INFO - Started process (PID=14096) to work on /home/airflow/.local/lib/python3.8/site-packages/airflow/example_dags/example_short_circuit_operator.py
[2024-04-08T08:54:44.866+0000] {processor.py:830} INFO - Processing file /home/airflow/.local/lib/python3.8/site-packages/airflow/example_dags/example_short_circuit_operator.py for tasks to queue
[2024-04-08T08:54:44.867+0000] {logging_mixin.py:188} INFO - [2024-04-08T08:54:44.867+0000] {dagbag.py:540} INFO - Filling up the DagBag from /home/airflow/.local/lib/python3.8/site-packages/airflow/example_dags/example_short_circuit_operator.py
[2024-04-08T08:54:44.877+0000] {processor.py:840} INFO - DAG(s) 'example_short_circuit_operator' retrieved from /home/airflow/.local/lib/python3.8/site-packages/airflow/example_dags/example_short_circuit_operator.py
[2024-04-08T08:54:44.905+0000] {logging_mixin.py:188} INFO - [2024-04-08T08:54:44.904+0000] {dag.py:3047} INFO - Sync 1 DAGs
[2024-04-08T08:54:44.930+0000] {logging_mixin.py:188} INFO - [2024-04-08T08:54:44.930+0000] {dag.py:3834} INFO - Setting next_dagrun for example_short_circuit_operator to 2024-04-07 00:00:00+00:00, run_after=2024-04-08 00:00:00+00:00
[2024-04-08T08:54:44.955+0000] {processor.py:183} INFO - Processing /home/airflow/.local/lib/python3.8/site-packages/airflow/example_dags/example_short_circuit_operator.py took 0.094 seconds
[2024-04-08T08:55:15.210+0000] {processor.py:161} INFO - Started process (PID=14354) to work on /home/airflow/.local/lib/python3.8/site-packages/airflow/example_dags/example_short_circuit_operator.py
[2024-04-08T08:55:15.211+0000] {processor.py:830} INFO - Processing file /home/airflow/.local/lib/python3.8/site-packages/airflow/example_dags/example_short_circuit_operator.py for tasks to queue
[2024-04-08T08:55:15.212+0000] {logging_mixin.py:188} INFO - [2024-04-08T08:55:15.212+0000] {dagbag.py:540} INFO - Filling up the DagBag from /home/airflow/.local/lib/python3.8/site-packages/airflow/example_dags/example_short_circuit_operator.py
[2024-04-08T08:55:15.221+0000] {processor.py:840} INFO - DAG(s) 'example_short_circuit_operator' retrieved from /home/airflow/.local/lib/python3.8/site-packages/airflow/example_dags/example_short_circuit_operator.py
[2024-04-08T08:55:15.248+0000] {logging_mixin.py:188} INFO - [2024-04-08T08:55:15.247+0000] {dag.py:3047} INFO - Sync 1 DAGs
[2024-04-08T08:55:15.273+0000] {logging_mixin.py:188} INFO - [2024-04-08T08:55:15.272+0000] {dag.py:3834} INFO - Setting next_dagrun for example_short_circuit_operator to 2024-04-07 00:00:00+00:00, run_after=2024-04-08 00:00:00+00:00
[2024-04-08T08:55:15.294+0000] {processor.py:183} INFO - Processing /home/airflow/.local/lib/python3.8/site-packages/airflow/example_dags/example_short_circuit_operator.py took 0.088 seconds
[2024-04-08T08:55:45.606+0000] {processor.py:161} INFO - Started process (PID=14612) to work on /home/airflow/.local/lib/python3.8/site-packages/airflow/example_dags/example_short_circuit_operator.py
[2024-04-08T08:55:45.608+0000] {processor.py:830} INFO - Processing file /home/airflow/.local/lib/python3.8/site-packages/airflow/example_dags/example_short_circuit_operator.py for tasks to queue
[2024-04-08T08:55:45.609+0000] {logging_mixin.py:188} INFO - [2024-04-08T08:55:45.608+0000] {dagbag.py:540} INFO - Filling up the DagBag from /home/airflow/.local/lib/python3.8/site-packages/airflow/example_dags/example_short_circuit_operator.py
[2024-04-08T08:55:45.618+0000] {processor.py:840} INFO - DAG(s) 'example_short_circuit_operator' retrieved from /home/airflow/.local/lib/python3.8/site-packages/airflow/example_dags/example_short_circuit_operator.py
[2024-04-08T08:55:45.644+0000] {logging_mixin.py:188} INFO - [2024-04-08T08:55:45.644+0000] {dag.py:3047} INFO - Sync 1 DAGs
[2024-04-08T08:55:45.670+0000] {logging_mixin.py:188} INFO - [2024-04-08T08:55:45.670+0000] {dag.py:3834} INFO - Setting next_dagrun for example_short_circuit_operator to 2024-04-07 00:00:00+00:00, run_after=2024-04-08 00:00:00+00:00
[2024-04-08T08:55:45.693+0000] {processor.py:183} INFO - Processing /home/airflow/.local/lib/python3.8/site-packages/airflow/example_dags/example_short_circuit_operator.py took 0.090 seconds
[2024-04-08T08:56:15.900+0000] {processor.py:161} INFO - Started process (PID=14870) to work on /home/airflow/.local/lib/python3.8/site-packages/airflow/example_dags/example_short_circuit_operator.py
[2024-04-08T08:56:15.902+0000] {processor.py:830} INFO - Processing file /home/airflow/.local/lib/python3.8/site-packages/airflow/example_dags/example_short_circuit_operator.py for tasks to queue
[2024-04-08T08:56:15.903+0000] {logging_mixin.py:188} INFO - [2024-04-08T08:56:15.903+0000] {dagbag.py:540} INFO - Filling up the DagBag from /home/airflow/.local/lib/python3.8/site-packages/airflow/example_dags/example_short_circuit_operator.py
[2024-04-08T08:56:15.912+0000] {processor.py:840} INFO - DAG(s) 'example_short_circuit_operator' retrieved from /home/airflow/.local/lib/python3.8/site-packages/airflow/example_dags/example_short_circuit_operator.py
[2024-04-08T08:56:15.940+0000] {logging_mixin.py:188} INFO - [2024-04-08T08:56:15.939+0000] {dag.py:3047} INFO - Sync 1 DAGs
[2024-04-08T08:56:15.964+0000] {logging_mixin.py:188} INFO - [2024-04-08T08:56:15.964+0000] {dag.py:3834} INFO - Setting next_dagrun for example_short_circuit_operator to 2024-04-07 00:00:00+00:00, run_after=2024-04-08 00:00:00+00:00
[2024-04-08T08:56:16.000+0000] {processor.py:183} INFO - Processing /home/airflow/.local/lib/python3.8/site-packages/airflow/example_dags/example_short_circuit_operator.py took 0.104 seconds
[2024-04-08T08:56:46.343+0000] {processor.py:161} INFO - Started process (PID=15127) to work on /home/airflow/.local/lib/python3.8/site-packages/airflow/example_dags/example_short_circuit_operator.py
[2024-04-08T08:56:46.344+0000] {processor.py:830} INFO - Processing file /home/airflow/.local/lib/python3.8/site-packages/airflow/example_dags/example_short_circuit_operator.py for tasks to queue
[2024-04-08T08:56:46.345+0000] {logging_mixin.py:188} INFO - [2024-04-08T08:56:46.345+0000] {dagbag.py:540} INFO - Filling up the DagBag from /home/airflow/.local/lib/python3.8/site-packages/airflow/example_dags/example_short_circuit_operator.py
[2024-04-08T08:56:46.355+0000] {processor.py:840} INFO - DAG(s) 'example_short_circuit_operator' retrieved from /home/airflow/.local/lib/python3.8/site-packages/airflow/example_dags/example_short_circuit_operator.py
[2024-04-08T08:56:46.384+0000] {logging_mixin.py:188} INFO - [2024-04-08T08:56:46.383+0000] {dag.py:3047} INFO - Sync 1 DAGs
[2024-04-08T08:56:46.408+0000] {logging_mixin.py:188} INFO - [2024-04-08T08:56:46.408+0000] {dag.py:3834} INFO - Setting next_dagrun for example_short_circuit_operator to 2024-04-07 00:00:00+00:00, run_after=2024-04-08 00:00:00+00:00
[2024-04-08T08:56:46.432+0000] {processor.py:183} INFO - Processing /home/airflow/.local/lib/python3.8/site-packages/airflow/example_dags/example_short_circuit_operator.py took 0.093 seconds
