[2024-04-08T08:27:22.517+0000] {processor.py:161} INFO - Started process (PID=345) to work on /home/airflow/.local/lib/python3.8/site-packages/airflow/example_dags/example_branch_day_of_week_operator.py
[2024-04-08T08:27:22.529+0000] {processor.py:830} INFO - Processing file /home/airflow/.local/lib/python3.8/site-packages/airflow/example_dags/example_branch_day_of_week_operator.py for tasks to queue
[2024-04-08T08:27:22.530+0000] {logging_mixin.py:188} INFO - [2024-04-08T08:27:22.530+0000] {dagbag.py:540} INFO - Filling up the DagBag from /home/airflow/.local/lib/python3.8/site-packages/airflow/example_dags/example_branch_day_of_week_operator.py
[2024-04-08T08:27:22.574+0000] {processor.py:840} INFO - DAG(s) 'example_weekday_branch_operator' retrieved from /home/airflow/.local/lib/python3.8/site-packages/airflow/example_dags/example_branch_day_of_week_operator.py
[2024-04-08T08:27:22.700+0000] {logging_mixin.py:188} INFO - [2024-04-08T08:27:22.699+0000] {dag.py:3047} INFO - Sync 1 DAGs
[2024-04-08T08:27:22.736+0000] {logging_mixin.py:188} INFO - [2024-04-08T08:27:22.736+0000] {dag.py:3834} INFO - Setting next_dagrun for example_weekday_branch_operator to 2024-04-07 00:00:00+00:00, run_after=2024-04-08 00:00:00+00:00
[2024-04-08T08:27:22.767+0000] {processor.py:183} INFO - Processing /home/airflow/.local/lib/python3.8/site-packages/airflow/example_dags/example_branch_day_of_week_operator.py took 0.261 seconds
[2024-04-08T08:27:52.814+0000] {processor.py:161} INFO - Started process (PID=602) to work on /home/airflow/.local/lib/python3.8/site-packages/airflow/example_dags/example_branch_day_of_week_operator.py
[2024-04-08T08:27:52.815+0000] {processor.py:830} INFO - Processing file /home/airflow/.local/lib/python3.8/site-packages/airflow/example_dags/example_branch_day_of_week_operator.py for tasks to queue
[2024-04-08T08:27:52.816+0000] {logging_mixin.py:188} INFO - [2024-04-08T08:27:52.815+0000] {dagbag.py:540} INFO - Filling up the DagBag from /home/airflow/.local/lib/python3.8/site-packages/airflow/example_dags/example_branch_day_of_week_operator.py
[2024-04-08T08:27:52.825+0000] {processor.py:840} INFO - DAG(s) 'example_weekday_branch_operator' retrieved from /home/airflow/.local/lib/python3.8/site-packages/airflow/example_dags/example_branch_day_of_week_operator.py
[2024-04-08T08:27:52.849+0000] {logging_mixin.py:188} INFO - [2024-04-08T08:27:52.848+0000] {dag.py:3047} INFO - Sync 1 DAGs
[2024-04-08T08:27:52.896+0000] {logging_mixin.py:188} INFO - [2024-04-08T08:27:52.895+0000] {dag.py:3834} INFO - Setting next_dagrun for example_weekday_branch_operator to 2024-04-07 00:00:00+00:00, run_after=2024-04-08 00:00:00+00:00
[2024-04-08T08:27:52.921+0000] {processor.py:183} INFO - Processing /home/airflow/.local/lib/python3.8/site-packages/airflow/example_dags/example_branch_day_of_week_operator.py took 0.111 seconds
[2024-04-08T08:28:23.851+0000] {processor.py:161} INFO - Started process (PID=862) to work on /home/airflow/.local/lib/python3.8/site-packages/airflow/example_dags/example_branch_day_of_week_operator.py
[2024-04-08T08:28:23.852+0000] {processor.py:830} INFO - Processing file /home/airflow/.local/lib/python3.8/site-packages/airflow/example_dags/example_branch_day_of_week_operator.py for tasks to queue
[2024-04-08T08:28:23.853+0000] {logging_mixin.py:188} INFO - [2024-04-08T08:28:23.853+0000] {dagbag.py:540} INFO - Filling up the DagBag from /home/airflow/.local/lib/python3.8/site-packages/airflow/example_dags/example_branch_day_of_week_operator.py
[2024-04-08T08:28:23.859+0000] {processor.py:840} INFO - DAG(s) 'example_weekday_branch_operator' retrieved from /home/airflow/.local/lib/python3.8/site-packages/airflow/example_dags/example_branch_day_of_week_operator.py
[2024-04-08T08:28:23.877+0000] {logging_mixin.py:188} INFO - [2024-04-08T08:28:23.877+0000] {dag.py:3047} INFO - Sync 1 DAGs
[2024-04-08T08:28:23.895+0000] {logging_mixin.py:188} INFO - [2024-04-08T08:28:23.895+0000] {dag.py:3834} INFO - Setting next_dagrun for example_weekday_branch_operator to 2024-04-07 00:00:00+00:00, run_after=2024-04-08 00:00:00+00:00
[2024-04-08T08:28:23.914+0000] {processor.py:183} INFO - Processing /home/airflow/.local/lib/python3.8/site-packages/airflow/example_dags/example_branch_day_of_week_operator.py took 0.066 seconds
[2024-04-08T08:28:54.289+0000] {processor.py:161} INFO - Started process (PID=1118) to work on /home/airflow/.local/lib/python3.8/site-packages/airflow/example_dags/example_branch_day_of_week_operator.py
[2024-04-08T08:28:54.292+0000] {processor.py:830} INFO - Processing file /home/airflow/.local/lib/python3.8/site-packages/airflow/example_dags/example_branch_day_of_week_operator.py for tasks to queue
[2024-04-08T08:28:54.293+0000] {logging_mixin.py:188} INFO - [2024-04-08T08:28:54.293+0000] {dagbag.py:540} INFO - Filling up the DagBag from /home/airflow/.local/lib/python3.8/site-packages/airflow/example_dags/example_branch_day_of_week_operator.py
[2024-04-08T08:28:54.332+0000] {processor.py:840} INFO - DAG(s) 'example_weekday_branch_operator' retrieved from /home/airflow/.local/lib/python3.8/site-packages/airflow/example_dags/example_branch_day_of_week_operator.py
[2024-04-08T08:28:54.414+0000] {logging_mixin.py:188} INFO - [2024-04-08T08:28:54.413+0000] {dag.py:3047} INFO - Sync 1 DAGs
[2024-04-08T08:28:54.445+0000] {logging_mixin.py:188} INFO - [2024-04-08T08:28:54.445+0000] {dag.py:3834} INFO - Setting next_dagrun for example_weekday_branch_operator to 2024-04-07 00:00:00+00:00, run_after=2024-04-08 00:00:00+00:00
[2024-04-08T08:28:54.469+0000] {processor.py:183} INFO - Processing /home/airflow/.local/lib/python3.8/site-packages/airflow/example_dags/example_branch_day_of_week_operator.py took 0.198 seconds
[2024-04-08T08:29:24.783+0000] {processor.py:161} INFO - Started process (PID=1376) to work on /home/airflow/.local/lib/python3.8/site-packages/airflow/example_dags/example_branch_day_of_week_operator.py
[2024-04-08T08:29:24.784+0000] {processor.py:830} INFO - Processing file /home/airflow/.local/lib/python3.8/site-packages/airflow/example_dags/example_branch_day_of_week_operator.py for tasks to queue
[2024-04-08T08:29:24.785+0000] {logging_mixin.py:188} INFO - [2024-04-08T08:29:24.785+0000] {dagbag.py:540} INFO - Filling up the DagBag from /home/airflow/.local/lib/python3.8/site-packages/airflow/example_dags/example_branch_day_of_week_operator.py
[2024-04-08T08:29:24.793+0000] {processor.py:840} INFO - DAG(s) 'example_weekday_branch_operator' retrieved from /home/airflow/.local/lib/python3.8/site-packages/airflow/example_dags/example_branch_day_of_week_operator.py
[2024-04-08T08:29:24.816+0000] {logging_mixin.py:188} INFO - [2024-04-08T08:29:24.816+0000] {dag.py:3047} INFO - Sync 1 DAGs
[2024-04-08T08:29:24.837+0000] {logging_mixin.py:188} INFO - [2024-04-08T08:29:24.837+0000] {dag.py:3834} INFO - Setting next_dagrun for example_weekday_branch_operator to 2024-04-07 00:00:00+00:00, run_after=2024-04-08 00:00:00+00:00
[2024-04-08T08:29:24.856+0000] {processor.py:183} INFO - Processing /home/airflow/.local/lib/python3.8/site-packages/airflow/example_dags/example_branch_day_of_week_operator.py took 0.076 seconds
[2024-04-08T08:29:55.280+0000] {processor.py:161} INFO - Started process (PID=1633) to work on /home/airflow/.local/lib/python3.8/site-packages/airflow/example_dags/example_branch_day_of_week_operator.py
[2024-04-08T08:29:55.281+0000] {processor.py:830} INFO - Processing file /home/airflow/.local/lib/python3.8/site-packages/airflow/example_dags/example_branch_day_of_week_operator.py for tasks to queue
[2024-04-08T08:29:55.282+0000] {logging_mixin.py:188} INFO - [2024-04-08T08:29:55.282+0000] {dagbag.py:540} INFO - Filling up the DagBag from /home/airflow/.local/lib/python3.8/site-packages/airflow/example_dags/example_branch_day_of_week_operator.py
[2024-04-08T08:29:55.291+0000] {processor.py:840} INFO - DAG(s) 'example_weekday_branch_operator' retrieved from /home/airflow/.local/lib/python3.8/site-packages/airflow/example_dags/example_branch_day_of_week_operator.py
[2024-04-08T08:29:55.317+0000] {logging_mixin.py:188} INFO - [2024-04-08T08:29:55.317+0000] {dag.py:3047} INFO - Sync 1 DAGs
[2024-04-08T08:29:55.345+0000] {logging_mixin.py:188} INFO - [2024-04-08T08:29:55.345+0000] {dag.py:3834} INFO - Setting next_dagrun for example_weekday_branch_operator to 2024-04-07 00:00:00+00:00, run_after=2024-04-08 00:00:00+00:00
[2024-04-08T08:29:55.369+0000] {processor.py:183} INFO - Processing /home/airflow/.local/lib/python3.8/site-packages/airflow/example_dags/example_branch_day_of_week_operator.py took 0.093 seconds
[2024-04-08T08:30:25.963+0000] {processor.py:161} INFO - Started process (PID=1891) to work on /home/airflow/.local/lib/python3.8/site-packages/airflow/example_dags/example_branch_day_of_week_operator.py
[2024-04-08T08:30:25.964+0000] {processor.py:830} INFO - Processing file /home/airflow/.local/lib/python3.8/site-packages/airflow/example_dags/example_branch_day_of_week_operator.py for tasks to queue
[2024-04-08T08:30:25.966+0000] {logging_mixin.py:188} INFO - [2024-04-08T08:30:25.965+0000] {dagbag.py:540} INFO - Filling up the DagBag from /home/airflow/.local/lib/python3.8/site-packages/airflow/example_dags/example_branch_day_of_week_operator.py
[2024-04-08T08:30:25.974+0000] {processor.py:840} INFO - DAG(s) 'example_weekday_branch_operator' retrieved from /home/airflow/.local/lib/python3.8/site-packages/airflow/example_dags/example_branch_day_of_week_operator.py
[2024-04-08T08:30:25.997+0000] {logging_mixin.py:188} INFO - [2024-04-08T08:30:25.997+0000] {dag.py:3047} INFO - Sync 1 DAGs
[2024-04-08T08:30:26.018+0000] {logging_mixin.py:188} INFO - [2024-04-08T08:30:26.018+0000] {dag.py:3834} INFO - Setting next_dagrun for example_weekday_branch_operator to 2024-04-07 00:00:00+00:00, run_after=2024-04-08 00:00:00+00:00
[2024-04-08T08:30:26.036+0000] {processor.py:183} INFO - Processing /home/airflow/.local/lib/python3.8/site-packages/airflow/example_dags/example_branch_day_of_week_operator.py took 0.077 seconds
[2024-04-08T08:30:56.903+0000] {processor.py:161} INFO - Started process (PID=2150) to work on /home/airflow/.local/lib/python3.8/site-packages/airflow/example_dags/example_branch_day_of_week_operator.py
[2024-04-08T08:30:56.904+0000] {processor.py:830} INFO - Processing file /home/airflow/.local/lib/python3.8/site-packages/airflow/example_dags/example_branch_day_of_week_operator.py for tasks to queue
[2024-04-08T08:30:56.904+0000] {logging_mixin.py:188} INFO - [2024-04-08T08:30:56.904+0000] {dagbag.py:540} INFO - Filling up the DagBag from /home/airflow/.local/lib/python3.8/site-packages/airflow/example_dags/example_branch_day_of_week_operator.py
[2024-04-08T08:30:56.910+0000] {processor.py:840} INFO - DAG(s) 'example_weekday_branch_operator' retrieved from /home/airflow/.local/lib/python3.8/site-packages/airflow/example_dags/example_branch_day_of_week_operator.py
[2024-04-08T08:30:56.928+0000] {logging_mixin.py:188} INFO - [2024-04-08T08:30:56.928+0000] {dag.py:3047} INFO - Sync 1 DAGs
[2024-04-08T08:30:56.947+0000] {logging_mixin.py:188} INFO - [2024-04-08T08:30:56.946+0000] {dag.py:3834} INFO - Setting next_dagrun for example_weekday_branch_operator to 2024-04-07 00:00:00+00:00, run_after=2024-04-08 00:00:00+00:00
[2024-04-08T08:30:56.966+0000] {processor.py:183} INFO - Processing /home/airflow/.local/lib/python3.8/site-packages/airflow/example_dags/example_branch_day_of_week_operator.py took 0.066 seconds
[2024-04-08T08:31:27.243+0000] {processor.py:161} INFO - Started process (PID=2405) to work on /home/airflow/.local/lib/python3.8/site-packages/airflow/example_dags/example_branch_day_of_week_operator.py
[2024-04-08T08:31:27.244+0000] {processor.py:830} INFO - Processing file /home/airflow/.local/lib/python3.8/site-packages/airflow/example_dags/example_branch_day_of_week_operator.py for tasks to queue
[2024-04-08T08:31:27.245+0000] {logging_mixin.py:188} INFO - [2024-04-08T08:31:27.245+0000] {dagbag.py:540} INFO - Filling up the DagBag from /home/airflow/.local/lib/python3.8/site-packages/airflow/example_dags/example_branch_day_of_week_operator.py
[2024-04-08T08:31:27.255+0000] {processor.py:840} INFO - DAG(s) 'example_weekday_branch_operator' retrieved from /home/airflow/.local/lib/python3.8/site-packages/airflow/example_dags/example_branch_day_of_week_operator.py
[2024-04-08T08:31:27.290+0000] {logging_mixin.py:188} INFO - [2024-04-08T08:31:27.289+0000] {dag.py:3047} INFO - Sync 1 DAGs
[2024-04-08T08:31:27.333+0000] {logging_mixin.py:188} INFO - [2024-04-08T08:31:27.333+0000] {dag.py:3834} INFO - Setting next_dagrun for example_weekday_branch_operator to 2024-04-07 00:00:00+00:00, run_after=2024-04-08 00:00:00+00:00
[2024-04-08T08:31:27.355+0000] {processor.py:183} INFO - Processing /home/airflow/.local/lib/python3.8/site-packages/airflow/example_dags/example_branch_day_of_week_operator.py took 0.116 seconds
[2024-04-08T08:31:57.957+0000] {processor.py:161} INFO - Started process (PID=2662) to work on /home/airflow/.local/lib/python3.8/site-packages/airflow/example_dags/example_branch_day_of_week_operator.py
[2024-04-08T08:31:57.958+0000] {processor.py:830} INFO - Processing file /home/airflow/.local/lib/python3.8/site-packages/airflow/example_dags/example_branch_day_of_week_operator.py for tasks to queue
[2024-04-08T08:31:57.959+0000] {logging_mixin.py:188} INFO - [2024-04-08T08:31:57.959+0000] {dagbag.py:540} INFO - Filling up the DagBag from /home/airflow/.local/lib/python3.8/site-packages/airflow/example_dags/example_branch_day_of_week_operator.py
[2024-04-08T08:31:57.967+0000] {processor.py:840} INFO - DAG(s) 'example_weekday_branch_operator' retrieved from /home/airflow/.local/lib/python3.8/site-packages/airflow/example_dags/example_branch_day_of_week_operator.py
[2024-04-08T08:31:57.984+0000] {logging_mixin.py:188} INFO - [2024-04-08T08:31:57.984+0000] {dag.py:3047} INFO - Sync 1 DAGs
[2024-04-08T08:31:58.002+0000] {logging_mixin.py:188} INFO - [2024-04-08T08:31:58.002+0000] {dag.py:3834} INFO - Setting next_dagrun for example_weekday_branch_operator to 2024-04-07 00:00:00+00:00, run_after=2024-04-08 00:00:00+00:00
[2024-04-08T08:31:58.020+0000] {processor.py:183} INFO - Processing /home/airflow/.local/lib/python3.8/site-packages/airflow/example_dags/example_branch_day_of_week_operator.py took 0.067 seconds
[2024-04-08T08:32:28.840+0000] {processor.py:161} INFO - Started process (PID=2919) to work on /home/airflow/.local/lib/python3.8/site-packages/airflow/example_dags/example_branch_day_of_week_operator.py
[2024-04-08T08:32:28.841+0000] {processor.py:830} INFO - Processing file /home/airflow/.local/lib/python3.8/site-packages/airflow/example_dags/example_branch_day_of_week_operator.py for tasks to queue
[2024-04-08T08:32:28.843+0000] {logging_mixin.py:188} INFO - [2024-04-08T08:32:28.842+0000] {dagbag.py:540} INFO - Filling up the DagBag from /home/airflow/.local/lib/python3.8/site-packages/airflow/example_dags/example_branch_day_of_week_operator.py
[2024-04-08T08:32:28.852+0000] {processor.py:840} INFO - DAG(s) 'example_weekday_branch_operator' retrieved from /home/airflow/.local/lib/python3.8/site-packages/airflow/example_dags/example_branch_day_of_week_operator.py
[2024-04-08T08:32:28.902+0000] {logging_mixin.py:188} INFO - [2024-04-08T08:32:28.901+0000] {dag.py:3047} INFO - Sync 1 DAGs
[2024-04-08T08:32:28.933+0000] {logging_mixin.py:188} INFO - [2024-04-08T08:32:28.933+0000] {dag.py:3834} INFO - Setting next_dagrun for example_weekday_branch_operator to 2024-04-07 00:00:00+00:00, run_after=2024-04-08 00:00:00+00:00
[2024-04-08T08:32:28.956+0000] {processor.py:183} INFO - Processing /home/airflow/.local/lib/python3.8/site-packages/airflow/example_dags/example_branch_day_of_week_operator.py took 0.120 seconds
[2024-04-08T08:32:59.578+0000] {processor.py:161} INFO - Started process (PID=3176) to work on /home/airflow/.local/lib/python3.8/site-packages/airflow/example_dags/example_branch_day_of_week_operator.py
[2024-04-08T08:32:59.580+0000] {processor.py:830} INFO - Processing file /home/airflow/.local/lib/python3.8/site-packages/airflow/example_dags/example_branch_day_of_week_operator.py for tasks to queue
[2024-04-08T08:32:59.581+0000] {logging_mixin.py:188} INFO - [2024-04-08T08:32:59.580+0000] {dagbag.py:540} INFO - Filling up the DagBag from /home/airflow/.local/lib/python3.8/site-packages/airflow/example_dags/example_branch_day_of_week_operator.py
[2024-04-08T08:32:59.591+0000] {processor.py:840} INFO - DAG(s) 'example_weekday_branch_operator' retrieved from /home/airflow/.local/lib/python3.8/site-packages/airflow/example_dags/example_branch_day_of_week_operator.py
[2024-04-08T08:32:59.624+0000] {logging_mixin.py:188} INFO - [2024-04-08T08:32:59.624+0000] {dag.py:3047} INFO - Sync 1 DAGs
[2024-04-08T08:32:59.674+0000] {logging_mixin.py:188} INFO - [2024-04-08T08:32:59.674+0000] {dag.py:3834} INFO - Setting next_dagrun for example_weekday_branch_operator to 2024-04-07 00:00:00+00:00, run_after=2024-04-08 00:00:00+00:00
[2024-04-08T08:32:59.710+0000] {processor.py:183} INFO - Processing /home/airflow/.local/lib/python3.8/site-packages/airflow/example_dags/example_branch_day_of_week_operator.py took 0.135 seconds
[2024-04-08T08:33:30.142+0000] {processor.py:161} INFO - Started process (PID=3433) to work on /home/airflow/.local/lib/python3.8/site-packages/airflow/example_dags/example_branch_day_of_week_operator.py
[2024-04-08T08:33:30.143+0000] {processor.py:830} INFO - Processing file /home/airflow/.local/lib/python3.8/site-packages/airflow/example_dags/example_branch_day_of_week_operator.py for tasks to queue
[2024-04-08T08:33:30.144+0000] {logging_mixin.py:188} INFO - [2024-04-08T08:33:30.144+0000] {dagbag.py:540} INFO - Filling up the DagBag from /home/airflow/.local/lib/python3.8/site-packages/airflow/example_dags/example_branch_day_of_week_operator.py
[2024-04-08T08:33:30.152+0000] {processor.py:840} INFO - DAG(s) 'example_weekday_branch_operator' retrieved from /home/airflow/.local/lib/python3.8/site-packages/airflow/example_dags/example_branch_day_of_week_operator.py
[2024-04-08T08:33:30.177+0000] {logging_mixin.py:188} INFO - [2024-04-08T08:33:30.177+0000] {dag.py:3047} INFO - Sync 1 DAGs
[2024-04-08T08:33:30.204+0000] {logging_mixin.py:188} INFO - [2024-04-08T08:33:30.204+0000] {dag.py:3834} INFO - Setting next_dagrun for example_weekday_branch_operator to 2024-04-07 00:00:00+00:00, run_after=2024-04-08 00:00:00+00:00
[2024-04-08T08:33:30.229+0000] {processor.py:183} INFO - Processing /home/airflow/.local/lib/python3.8/site-packages/airflow/example_dags/example_branch_day_of_week_operator.py took 0.091 seconds
[2024-04-08T08:34:00.533+0000] {processor.py:161} INFO - Started process (PID=3685) to work on /home/airflow/.local/lib/python3.8/site-packages/airflow/example_dags/example_branch_day_of_week_operator.py
[2024-04-08T08:34:00.535+0000] {processor.py:830} INFO - Processing file /home/airflow/.local/lib/python3.8/site-packages/airflow/example_dags/example_branch_day_of_week_operator.py for tasks to queue
[2024-04-08T08:34:00.536+0000] {logging_mixin.py:188} INFO - [2024-04-08T08:34:00.536+0000] {dagbag.py:540} INFO - Filling up the DagBag from /home/airflow/.local/lib/python3.8/site-packages/airflow/example_dags/example_branch_day_of_week_operator.py
[2024-04-08T08:34:00.545+0000] {processor.py:840} INFO - DAG(s) 'example_weekday_branch_operator' retrieved from /home/airflow/.local/lib/python3.8/site-packages/airflow/example_dags/example_branch_day_of_week_operator.py
[2024-04-08T08:34:00.575+0000] {logging_mixin.py:188} INFO - [2024-04-08T08:34:00.574+0000] {dag.py:3047} INFO - Sync 1 DAGs
[2024-04-08T08:34:00.602+0000] {logging_mixin.py:188} INFO - [2024-04-08T08:34:00.602+0000] {dag.py:3834} INFO - Setting next_dagrun for example_weekday_branch_operator to 2024-04-07 00:00:00+00:00, run_after=2024-04-08 00:00:00+00:00
[2024-04-08T08:34:00.625+0000] {processor.py:183} INFO - Processing /home/airflow/.local/lib/python3.8/site-packages/airflow/example_dags/example_branch_day_of_week_operator.py took 0.096 seconds
[2024-04-08T08:34:30.750+0000] {processor.py:161} INFO - Started process (PID=3943) to work on /home/airflow/.local/lib/python3.8/site-packages/airflow/example_dags/example_branch_day_of_week_operator.py
[2024-04-08T08:34:30.751+0000] {processor.py:830} INFO - Processing file /home/airflow/.local/lib/python3.8/site-packages/airflow/example_dags/example_branch_day_of_week_operator.py for tasks to queue
[2024-04-08T08:34:30.751+0000] {logging_mixin.py:188} INFO - [2024-04-08T08:34:30.751+0000] {dagbag.py:540} INFO - Filling up the DagBag from /home/airflow/.local/lib/python3.8/site-packages/airflow/example_dags/example_branch_day_of_week_operator.py
[2024-04-08T08:34:30.764+0000] {processor.py:840} INFO - DAG(s) 'example_weekday_branch_operator' retrieved from /home/airflow/.local/lib/python3.8/site-packages/airflow/example_dags/example_branch_day_of_week_operator.py
[2024-04-08T08:34:30.791+0000] {logging_mixin.py:188} INFO - [2024-04-08T08:34:30.791+0000] {dag.py:3047} INFO - Sync 1 DAGs
[2024-04-08T08:34:30.815+0000] {logging_mixin.py:188} INFO - [2024-04-08T08:34:30.814+0000] {dag.py:3834} INFO - Setting next_dagrun for example_weekday_branch_operator to 2024-04-07 00:00:00+00:00, run_after=2024-04-08 00:00:00+00:00
[2024-04-08T08:34:30.838+0000] {processor.py:183} INFO - Processing /home/airflow/.local/lib/python3.8/site-packages/airflow/example_dags/example_branch_day_of_week_operator.py took 0.091 seconds
[2024-04-08T08:35:01.157+0000] {processor.py:161} INFO - Started process (PID=4199) to work on /home/airflow/.local/lib/python3.8/site-packages/airflow/example_dags/example_branch_day_of_week_operator.py
[2024-04-08T08:35:01.158+0000] {processor.py:830} INFO - Processing file /home/airflow/.local/lib/python3.8/site-packages/airflow/example_dags/example_branch_day_of_week_operator.py for tasks to queue
[2024-04-08T08:35:01.159+0000] {logging_mixin.py:188} INFO - [2024-04-08T08:35:01.159+0000] {dagbag.py:540} INFO - Filling up the DagBag from /home/airflow/.local/lib/python3.8/site-packages/airflow/example_dags/example_branch_day_of_week_operator.py
[2024-04-08T08:35:01.168+0000] {processor.py:840} INFO - DAG(s) 'example_weekday_branch_operator' retrieved from /home/airflow/.local/lib/python3.8/site-packages/airflow/example_dags/example_branch_day_of_week_operator.py
[2024-04-08T08:35:01.218+0000] {logging_mixin.py:188} INFO - [2024-04-08T08:35:01.218+0000] {dag.py:3047} INFO - Sync 1 DAGs
[2024-04-08T08:35:01.260+0000] {logging_mixin.py:188} INFO - [2024-04-08T08:35:01.260+0000] {dag.py:3834} INFO - Setting next_dagrun for example_weekday_branch_operator to 2024-04-07 00:00:00+00:00, run_after=2024-04-08 00:00:00+00:00
[2024-04-08T08:35:01.283+0000] {processor.py:183} INFO - Processing /home/airflow/.local/lib/python3.8/site-packages/airflow/example_dags/example_branch_day_of_week_operator.py took 0.134 seconds
[2024-04-08T08:35:31.876+0000] {processor.py:161} INFO - Started process (PID=4461) to work on /home/airflow/.local/lib/python3.8/site-packages/airflow/example_dags/example_branch_day_of_week_operator.py
[2024-04-08T08:35:31.877+0000] {processor.py:830} INFO - Processing file /home/airflow/.local/lib/python3.8/site-packages/airflow/example_dags/example_branch_day_of_week_operator.py for tasks to queue
[2024-04-08T08:35:31.878+0000] {logging_mixin.py:188} INFO - [2024-04-08T08:35:31.877+0000] {dagbag.py:540} INFO - Filling up the DagBag from /home/airflow/.local/lib/python3.8/site-packages/airflow/example_dags/example_branch_day_of_week_operator.py
[2024-04-08T08:35:31.886+0000] {processor.py:840} INFO - DAG(s) 'example_weekday_branch_operator' retrieved from /home/airflow/.local/lib/python3.8/site-packages/airflow/example_dags/example_branch_day_of_week_operator.py
[2024-04-08T08:35:31.909+0000] {logging_mixin.py:188} INFO - [2024-04-08T08:35:31.909+0000] {dag.py:3047} INFO - Sync 1 DAGs
[2024-04-08T08:35:31.940+0000] {logging_mixin.py:188} INFO - [2024-04-08T08:35:31.939+0000] {dag.py:3834} INFO - Setting next_dagrun for example_weekday_branch_operator to 2024-04-07 00:00:00+00:00, run_after=2024-04-08 00:00:00+00:00
[2024-04-08T08:35:31.967+0000] {processor.py:183} INFO - Processing /home/airflow/.local/lib/python3.8/site-packages/airflow/example_dags/example_branch_day_of_week_operator.py took 0.095 seconds
[2024-04-08T08:36:02.522+0000] {processor.py:161} INFO - Started process (PID=4718) to work on /home/airflow/.local/lib/python3.8/site-packages/airflow/example_dags/example_branch_day_of_week_operator.py
[2024-04-08T08:36:02.523+0000] {processor.py:830} INFO - Processing file /home/airflow/.local/lib/python3.8/site-packages/airflow/example_dags/example_branch_day_of_week_operator.py for tasks to queue
[2024-04-08T08:36:02.524+0000] {logging_mixin.py:188} INFO - [2024-04-08T08:36:02.524+0000] {dagbag.py:540} INFO - Filling up the DagBag from /home/airflow/.local/lib/python3.8/site-packages/airflow/example_dags/example_branch_day_of_week_operator.py
[2024-04-08T08:36:02.541+0000] {processor.py:840} INFO - DAG(s) 'example_weekday_branch_operator' retrieved from /home/airflow/.local/lib/python3.8/site-packages/airflow/example_dags/example_branch_day_of_week_operator.py
[2024-04-08T08:36:02.571+0000] {logging_mixin.py:188} INFO - [2024-04-08T08:36:02.571+0000] {dag.py:3047} INFO - Sync 1 DAGs
[2024-04-08T08:36:02.592+0000] {logging_mixin.py:188} INFO - [2024-04-08T08:36:02.591+0000] {dag.py:3834} INFO - Setting next_dagrun for example_weekday_branch_operator to 2024-04-07 00:00:00+00:00, run_after=2024-04-08 00:00:00+00:00
[2024-04-08T08:36:02.610+0000] {processor.py:183} INFO - Processing /home/airflow/.local/lib/python3.8/site-packages/airflow/example_dags/example_branch_day_of_week_operator.py took 0.092 seconds
[2024-04-08T08:36:32.658+0000] {processor.py:161} INFO - Started process (PID=4976) to work on /home/airflow/.local/lib/python3.8/site-packages/airflow/example_dags/example_branch_day_of_week_operator.py
[2024-04-08T08:36:32.659+0000] {processor.py:830} INFO - Processing file /home/airflow/.local/lib/python3.8/site-packages/airflow/example_dags/example_branch_day_of_week_operator.py for tasks to queue
[2024-04-08T08:36:32.660+0000] {logging_mixin.py:188} INFO - [2024-04-08T08:36:32.659+0000] {dagbag.py:540} INFO - Filling up the DagBag from /home/airflow/.local/lib/python3.8/site-packages/airflow/example_dags/example_branch_day_of_week_operator.py
[2024-04-08T08:36:32.668+0000] {processor.py:840} INFO - DAG(s) 'example_weekday_branch_operator' retrieved from /home/airflow/.local/lib/python3.8/site-packages/airflow/example_dags/example_branch_day_of_week_operator.py
[2024-04-08T08:36:32.698+0000] {logging_mixin.py:188} INFO - [2024-04-08T08:36:32.698+0000] {dag.py:3047} INFO - Sync 1 DAGs
[2024-04-08T08:36:32.726+0000] {logging_mixin.py:188} INFO - [2024-04-08T08:36:32.726+0000] {dag.py:3834} INFO - Setting next_dagrun for example_weekday_branch_operator to 2024-04-07 00:00:00+00:00, run_after=2024-04-08 00:00:00+00:00
[2024-04-08T08:36:32.761+0000] {processor.py:183} INFO - Processing /home/airflow/.local/lib/python3.8/site-packages/airflow/example_dags/example_branch_day_of_week_operator.py took 0.107 seconds
[2024-04-08T08:37:03.023+0000] {processor.py:161} INFO - Started process (PID=5228) to work on /home/airflow/.local/lib/python3.8/site-packages/airflow/example_dags/example_branch_day_of_week_operator.py
[2024-04-08T08:37:03.024+0000] {processor.py:830} INFO - Processing file /home/airflow/.local/lib/python3.8/site-packages/airflow/example_dags/example_branch_day_of_week_operator.py for tasks to queue
[2024-04-08T08:37:03.025+0000] {logging_mixin.py:188} INFO - [2024-04-08T08:37:03.025+0000] {dagbag.py:540} INFO - Filling up the DagBag from /home/airflow/.local/lib/python3.8/site-packages/airflow/example_dags/example_branch_day_of_week_operator.py
[2024-04-08T08:37:03.044+0000] {processor.py:840} INFO - DAG(s) 'example_weekday_branch_operator' retrieved from /home/airflow/.local/lib/python3.8/site-packages/airflow/example_dags/example_branch_day_of_week_operator.py
[2024-04-08T08:37:03.083+0000] {logging_mixin.py:188} INFO - [2024-04-08T08:37:03.083+0000] {dag.py:3047} INFO - Sync 1 DAGs
[2024-04-08T08:37:03.138+0000] {logging_mixin.py:188} INFO - [2024-04-08T08:37:03.137+0000] {dag.py:3834} INFO - Setting next_dagrun for example_weekday_branch_operator to 2024-04-07 00:00:00+00:00, run_after=2024-04-08 00:00:00+00:00
[2024-04-08T08:37:03.180+0000] {processor.py:183} INFO - Processing /home/airflow/.local/lib/python3.8/site-packages/airflow/example_dags/example_branch_day_of_week_operator.py took 0.167 seconds
[2024-04-08T08:37:33.779+0000] {processor.py:161} INFO - Started process (PID=5491) to work on /home/airflow/.local/lib/python3.8/site-packages/airflow/example_dags/example_branch_day_of_week_operator.py
[2024-04-08T08:37:33.780+0000] {processor.py:830} INFO - Processing file /home/airflow/.local/lib/python3.8/site-packages/airflow/example_dags/example_branch_day_of_week_operator.py for tasks to queue
[2024-04-08T08:37:33.781+0000] {logging_mixin.py:188} INFO - [2024-04-08T08:37:33.781+0000] {dagbag.py:540} INFO - Filling up the DagBag from /home/airflow/.local/lib/python3.8/site-packages/airflow/example_dags/example_branch_day_of_week_operator.py
[2024-04-08T08:37:33.791+0000] {processor.py:840} INFO - DAG(s) 'example_weekday_branch_operator' retrieved from /home/airflow/.local/lib/python3.8/site-packages/airflow/example_dags/example_branch_day_of_week_operator.py
[2024-04-08T08:37:33.819+0000] {logging_mixin.py:188} INFO - [2024-04-08T08:37:33.819+0000] {dag.py:3047} INFO - Sync 1 DAGs
[2024-04-08T08:37:33.844+0000] {logging_mixin.py:188} INFO - [2024-04-08T08:37:33.844+0000] {dag.py:3834} INFO - Setting next_dagrun for example_weekday_branch_operator to 2024-04-07 00:00:00+00:00, run_after=2024-04-08 00:00:00+00:00
[2024-04-08T08:37:33.869+0000] {processor.py:183} INFO - Processing /home/airflow/.local/lib/python3.8/site-packages/airflow/example_dags/example_branch_day_of_week_operator.py took 0.093 seconds
[2024-04-08T08:38:04.429+0000] {processor.py:161} INFO - Started process (PID=5746) to work on /home/airflow/.local/lib/python3.8/site-packages/airflow/example_dags/example_branch_day_of_week_operator.py
[2024-04-08T08:38:04.430+0000] {processor.py:830} INFO - Processing file /home/airflow/.local/lib/python3.8/site-packages/airflow/example_dags/example_branch_day_of_week_operator.py for tasks to queue
[2024-04-08T08:38:04.431+0000] {logging_mixin.py:188} INFO - [2024-04-08T08:38:04.431+0000] {dagbag.py:540} INFO - Filling up the DagBag from /home/airflow/.local/lib/python3.8/site-packages/airflow/example_dags/example_branch_day_of_week_operator.py
[2024-04-08T08:38:04.441+0000] {processor.py:840} INFO - DAG(s) 'example_weekday_branch_operator' retrieved from /home/airflow/.local/lib/python3.8/site-packages/airflow/example_dags/example_branch_day_of_week_operator.py
[2024-04-08T08:38:04.471+0000] {logging_mixin.py:188} INFO - [2024-04-08T08:38:04.470+0000] {dag.py:3047} INFO - Sync 1 DAGs
[2024-04-08T08:38:04.492+0000] {logging_mixin.py:188} INFO - [2024-04-08T08:38:04.492+0000] {dag.py:3834} INFO - Setting next_dagrun for example_weekday_branch_operator to 2024-04-07 00:00:00+00:00, run_after=2024-04-08 00:00:00+00:00
[2024-04-08T08:38:04.511+0000] {processor.py:183} INFO - Processing /home/airflow/.local/lib/python3.8/site-packages/airflow/example_dags/example_branch_day_of_week_operator.py took 0.084 seconds
[2024-04-08T08:38:34.968+0000] {processor.py:161} INFO - Started process (PID=6004) to work on /home/airflow/.local/lib/python3.8/site-packages/airflow/example_dags/example_branch_day_of_week_operator.py
[2024-04-08T08:38:34.969+0000] {processor.py:830} INFO - Processing file /home/airflow/.local/lib/python3.8/site-packages/airflow/example_dags/example_branch_day_of_week_operator.py for tasks to queue
[2024-04-08T08:38:34.970+0000] {logging_mixin.py:188} INFO - [2024-04-08T08:38:34.970+0000] {dagbag.py:540} INFO - Filling up the DagBag from /home/airflow/.local/lib/python3.8/site-packages/airflow/example_dags/example_branch_day_of_week_operator.py
[2024-04-08T08:38:34.983+0000] {processor.py:840} INFO - DAG(s) 'example_weekday_branch_operator' retrieved from /home/airflow/.local/lib/python3.8/site-packages/airflow/example_dags/example_branch_day_of_week_operator.py
[2024-04-08T08:38:35.007+0000] {logging_mixin.py:188} INFO - [2024-04-08T08:38:35.007+0000] {dag.py:3047} INFO - Sync 1 DAGs
[2024-04-08T08:38:35.028+0000] {logging_mixin.py:188} INFO - [2024-04-08T08:38:35.028+0000] {dag.py:3834} INFO - Setting next_dagrun for example_weekday_branch_operator to 2024-04-07 00:00:00+00:00, run_after=2024-04-08 00:00:00+00:00
[2024-04-08T08:38:35.047+0000] {processor.py:183} INFO - Processing /home/airflow/.local/lib/python3.8/site-packages/airflow/example_dags/example_branch_day_of_week_operator.py took 0.094 seconds
[2024-04-08T08:39:05.550+0000] {processor.py:161} INFO - Started process (PID=6261) to work on /home/airflow/.local/lib/python3.8/site-packages/airflow/example_dags/example_branch_day_of_week_operator.py
[2024-04-08T08:39:05.551+0000] {processor.py:830} INFO - Processing file /home/airflow/.local/lib/python3.8/site-packages/airflow/example_dags/example_branch_day_of_week_operator.py for tasks to queue
[2024-04-08T08:39:05.552+0000] {logging_mixin.py:188} INFO - [2024-04-08T08:39:05.552+0000] {dagbag.py:540} INFO - Filling up the DagBag from /home/airflow/.local/lib/python3.8/site-packages/airflow/example_dags/example_branch_day_of_week_operator.py
[2024-04-08T08:39:05.562+0000] {processor.py:840} INFO - DAG(s) 'example_weekday_branch_operator' retrieved from /home/airflow/.local/lib/python3.8/site-packages/airflow/example_dags/example_branch_day_of_week_operator.py
[2024-04-08T08:39:05.591+0000] {logging_mixin.py:188} INFO - [2024-04-08T08:39:05.591+0000] {dag.py:3047} INFO - Sync 1 DAGs
[2024-04-08T08:39:05.618+0000] {logging_mixin.py:188} INFO - [2024-04-08T08:39:05.618+0000] {dag.py:3834} INFO - Setting next_dagrun for example_weekday_branch_operator to 2024-04-07 00:00:00+00:00, run_after=2024-04-08 00:00:00+00:00
[2024-04-08T08:39:05.639+0000] {processor.py:183} INFO - Processing /home/airflow/.local/lib/python3.8/site-packages/airflow/example_dags/example_branch_day_of_week_operator.py took 0.093 seconds
[2024-04-08T08:39:36.140+0000] {processor.py:161} INFO - Started process (PID=6517) to work on /home/airflow/.local/lib/python3.8/site-packages/airflow/example_dags/example_branch_day_of_week_operator.py
[2024-04-08T08:39:36.141+0000] {processor.py:830} INFO - Processing file /home/airflow/.local/lib/python3.8/site-packages/airflow/example_dags/example_branch_day_of_week_operator.py for tasks to queue
[2024-04-08T08:39:36.142+0000] {logging_mixin.py:188} INFO - [2024-04-08T08:39:36.142+0000] {dagbag.py:540} INFO - Filling up the DagBag from /home/airflow/.local/lib/python3.8/site-packages/airflow/example_dags/example_branch_day_of_week_operator.py
[2024-04-08T08:39:36.151+0000] {processor.py:840} INFO - DAG(s) 'example_weekday_branch_operator' retrieved from /home/airflow/.local/lib/python3.8/site-packages/airflow/example_dags/example_branch_day_of_week_operator.py
[2024-04-08T08:39:36.168+0000] {logging_mixin.py:188} INFO - [2024-04-08T08:39:36.168+0000] {dag.py:3047} INFO - Sync 1 DAGs
[2024-04-08T08:39:36.187+0000] {logging_mixin.py:188} INFO - [2024-04-08T08:39:36.187+0000] {dag.py:3834} INFO - Setting next_dagrun for example_weekday_branch_operator to 2024-04-07 00:00:00+00:00, run_after=2024-04-08 00:00:00+00:00
[2024-04-08T08:39:36.206+0000] {processor.py:183} INFO - Processing /home/airflow/.local/lib/python3.8/site-packages/airflow/example_dags/example_branch_day_of_week_operator.py took 0.069 seconds
[2024-04-08T08:40:06.460+0000] {processor.py:161} INFO - Started process (PID=6774) to work on /home/airflow/.local/lib/python3.8/site-packages/airflow/example_dags/example_branch_day_of_week_operator.py
[2024-04-08T08:40:06.462+0000] {processor.py:830} INFO - Processing file /home/airflow/.local/lib/python3.8/site-packages/airflow/example_dags/example_branch_day_of_week_operator.py for tasks to queue
[2024-04-08T08:40:06.463+0000] {logging_mixin.py:188} INFO - [2024-04-08T08:40:06.463+0000] {dagbag.py:540} INFO - Filling up the DagBag from /home/airflow/.local/lib/python3.8/site-packages/airflow/example_dags/example_branch_day_of_week_operator.py
[2024-04-08T08:40:06.482+0000] {processor.py:840} INFO - DAG(s) 'example_weekday_branch_operator' retrieved from /home/airflow/.local/lib/python3.8/site-packages/airflow/example_dags/example_branch_day_of_week_operator.py
[2024-04-08T08:40:06.551+0000] {logging_mixin.py:188} INFO - [2024-04-08T08:40:06.550+0000] {dag.py:3047} INFO - Sync 1 DAGs
[2024-04-08T08:40:06.580+0000] {logging_mixin.py:188} INFO - [2024-04-08T08:40:06.579+0000] {dag.py:3834} INFO - Setting next_dagrun for example_weekday_branch_operator to 2024-04-07 00:00:00+00:00, run_after=2024-04-08 00:00:00+00:00
[2024-04-08T08:40:06.606+0000] {processor.py:183} INFO - Processing /home/airflow/.local/lib/python3.8/site-packages/airflow/example_dags/example_branch_day_of_week_operator.py took 0.151 seconds
[2024-04-08T08:40:36.801+0000] {processor.py:161} INFO - Started process (PID=7031) to work on /home/airflow/.local/lib/python3.8/site-packages/airflow/example_dags/example_branch_day_of_week_operator.py
[2024-04-08T08:40:36.802+0000] {processor.py:830} INFO - Processing file /home/airflow/.local/lib/python3.8/site-packages/airflow/example_dags/example_branch_day_of_week_operator.py for tasks to queue
[2024-04-08T08:40:36.803+0000] {logging_mixin.py:188} INFO - [2024-04-08T08:40:36.803+0000] {dagbag.py:540} INFO - Filling up the DagBag from /home/airflow/.local/lib/python3.8/site-packages/airflow/example_dags/example_branch_day_of_week_operator.py
[2024-04-08T08:40:36.813+0000] {processor.py:840} INFO - DAG(s) 'example_weekday_branch_operator' retrieved from /home/airflow/.local/lib/python3.8/site-packages/airflow/example_dags/example_branch_day_of_week_operator.py
[2024-04-08T08:40:36.837+0000] {logging_mixin.py:188} INFO - [2024-04-08T08:40:36.837+0000] {dag.py:3047} INFO - Sync 1 DAGs
[2024-04-08T08:40:36.860+0000] {logging_mixin.py:188} INFO - [2024-04-08T08:40:36.860+0000] {dag.py:3834} INFO - Setting next_dagrun for example_weekday_branch_operator to 2024-04-07 00:00:00+00:00, run_after=2024-04-08 00:00:00+00:00
[2024-04-08T08:40:36.879+0000] {processor.py:183} INFO - Processing /home/airflow/.local/lib/python3.8/site-packages/airflow/example_dags/example_branch_day_of_week_operator.py took 0.082 seconds
[2024-04-08T08:41:07.600+0000] {processor.py:161} INFO - Started process (PID=7288) to work on /home/airflow/.local/lib/python3.8/site-packages/airflow/example_dags/example_branch_day_of_week_operator.py
[2024-04-08T08:41:07.601+0000] {processor.py:830} INFO - Processing file /home/airflow/.local/lib/python3.8/site-packages/airflow/example_dags/example_branch_day_of_week_operator.py for tasks to queue
[2024-04-08T08:41:07.602+0000] {logging_mixin.py:188} INFO - [2024-04-08T08:41:07.602+0000] {dagbag.py:540} INFO - Filling up the DagBag from /home/airflow/.local/lib/python3.8/site-packages/airflow/example_dags/example_branch_day_of_week_operator.py
[2024-04-08T08:41:07.618+0000] {processor.py:840} INFO - DAG(s) 'example_weekday_branch_operator' retrieved from /home/airflow/.local/lib/python3.8/site-packages/airflow/example_dags/example_branch_day_of_week_operator.py
[2024-04-08T08:41:07.643+0000] {logging_mixin.py:188} INFO - [2024-04-08T08:41:07.643+0000] {dag.py:3047} INFO - Sync 1 DAGs
[2024-04-08T08:41:07.674+0000] {logging_mixin.py:188} INFO - [2024-04-08T08:41:07.673+0000] {dag.py:3834} INFO - Setting next_dagrun for example_weekday_branch_operator to 2024-04-07 00:00:00+00:00, run_after=2024-04-08 00:00:00+00:00
[2024-04-08T08:41:07.700+0000] {processor.py:183} INFO - Processing /home/airflow/.local/lib/python3.8/site-packages/airflow/example_dags/example_branch_day_of_week_operator.py took 0.103 seconds
[2024-04-08T08:41:37.777+0000] {processor.py:161} INFO - Started process (PID=7545) to work on /home/airflow/.local/lib/python3.8/site-packages/airflow/example_dags/example_branch_day_of_week_operator.py
[2024-04-08T08:41:37.778+0000] {processor.py:830} INFO - Processing file /home/airflow/.local/lib/python3.8/site-packages/airflow/example_dags/example_branch_day_of_week_operator.py for tasks to queue
[2024-04-08T08:41:37.779+0000] {logging_mixin.py:188} INFO - [2024-04-08T08:41:37.779+0000] {dagbag.py:540} INFO - Filling up the DagBag from /home/airflow/.local/lib/python3.8/site-packages/airflow/example_dags/example_branch_day_of_week_operator.py
[2024-04-08T08:41:37.788+0000] {processor.py:840} INFO - DAG(s) 'example_weekday_branch_operator' retrieved from /home/airflow/.local/lib/python3.8/site-packages/airflow/example_dags/example_branch_day_of_week_operator.py
[2024-04-08T08:41:37.814+0000] {logging_mixin.py:188} INFO - [2024-04-08T08:41:37.813+0000] {dag.py:3047} INFO - Sync 1 DAGs
[2024-04-08T08:41:37.841+0000] {logging_mixin.py:188} INFO - [2024-04-08T08:41:37.840+0000] {dag.py:3834} INFO - Setting next_dagrun for example_weekday_branch_operator to 2024-04-07 00:00:00+00:00, run_after=2024-04-08 00:00:00+00:00
[2024-04-08T08:41:37.865+0000] {processor.py:183} INFO - Processing /home/airflow/.local/lib/python3.8/site-packages/airflow/example_dags/example_branch_day_of_week_operator.py took 0.092 seconds
[2024-04-08T08:42:08.093+0000] {processor.py:161} INFO - Started process (PID=7797) to work on /home/airflow/.local/lib/python3.8/site-packages/airflow/example_dags/example_branch_day_of_week_operator.py
[2024-04-08T08:42:08.094+0000] {processor.py:830} INFO - Processing file /home/airflow/.local/lib/python3.8/site-packages/airflow/example_dags/example_branch_day_of_week_operator.py for tasks to queue
[2024-04-08T08:42:08.095+0000] {logging_mixin.py:188} INFO - [2024-04-08T08:42:08.094+0000] {dagbag.py:540} INFO - Filling up the DagBag from /home/airflow/.local/lib/python3.8/site-packages/airflow/example_dags/example_branch_day_of_week_operator.py
[2024-04-08T08:42:08.104+0000] {processor.py:840} INFO - DAG(s) 'example_weekday_branch_operator' retrieved from /home/airflow/.local/lib/python3.8/site-packages/airflow/example_dags/example_branch_day_of_week_operator.py
[2024-04-08T08:42:08.138+0000] {logging_mixin.py:188} INFO - [2024-04-08T08:42:08.137+0000] {dag.py:3047} INFO - Sync 1 DAGs
[2024-04-08T08:42:08.181+0000] {logging_mixin.py:188} INFO - [2024-04-08T08:42:08.180+0000] {dag.py:3834} INFO - Setting next_dagrun for example_weekday_branch_operator to 2024-04-07 00:00:00+00:00, run_after=2024-04-08 00:00:00+00:00
[2024-04-08T08:42:08.219+0000] {processor.py:183} INFO - Processing /home/airflow/.local/lib/python3.8/site-packages/airflow/example_dags/example_branch_day_of_week_operator.py took 0.129 seconds
[2024-04-08T08:42:38.424+0000] {processor.py:161} INFO - Started process (PID=8054) to work on /home/airflow/.local/lib/python3.8/site-packages/airflow/example_dags/example_branch_day_of_week_operator.py
[2024-04-08T08:42:38.428+0000] {processor.py:830} INFO - Processing file /home/airflow/.local/lib/python3.8/site-packages/airflow/example_dags/example_branch_day_of_week_operator.py for tasks to queue
[2024-04-08T08:42:38.428+0000] {logging_mixin.py:188} INFO - [2024-04-08T08:42:38.428+0000] {dagbag.py:540} INFO - Filling up the DagBag from /home/airflow/.local/lib/python3.8/site-packages/airflow/example_dags/example_branch_day_of_week_operator.py
[2024-04-08T08:42:38.441+0000] {processor.py:840} INFO - DAG(s) 'example_weekday_branch_operator' retrieved from /home/airflow/.local/lib/python3.8/site-packages/airflow/example_dags/example_branch_day_of_week_operator.py
[2024-04-08T08:42:38.486+0000] {logging_mixin.py:188} INFO - [2024-04-08T08:42:38.486+0000] {dag.py:3047} INFO - Sync 1 DAGs
[2024-04-08T08:42:38.522+0000] {logging_mixin.py:188} INFO - [2024-04-08T08:42:38.522+0000] {dag.py:3834} INFO - Setting next_dagrun for example_weekday_branch_operator to 2024-04-07 00:00:00+00:00, run_after=2024-04-08 00:00:00+00:00
[2024-04-08T08:42:38.550+0000] {processor.py:183} INFO - Processing /home/airflow/.local/lib/python3.8/site-packages/airflow/example_dags/example_branch_day_of_week_operator.py took 0.130 seconds
[2024-04-08T08:43:09.149+0000] {processor.py:161} INFO - Started process (PID=8324) to work on /home/airflow/.local/lib/python3.8/site-packages/airflow/example_dags/example_branch_day_of_week_operator.py
[2024-04-08T08:43:09.150+0000] {processor.py:830} INFO - Processing file /home/airflow/.local/lib/python3.8/site-packages/airflow/example_dags/example_branch_day_of_week_operator.py for tasks to queue
[2024-04-08T08:43:09.150+0000] {logging_mixin.py:188} INFO - [2024-04-08T08:43:09.150+0000] {dagbag.py:540} INFO - Filling up the DagBag from /home/airflow/.local/lib/python3.8/site-packages/airflow/example_dags/example_branch_day_of_week_operator.py
[2024-04-08T08:43:09.157+0000] {processor.py:840} INFO - DAG(s) 'example_weekday_branch_operator' retrieved from /home/airflow/.local/lib/python3.8/site-packages/airflow/example_dags/example_branch_day_of_week_operator.py
[2024-04-08T08:43:09.175+0000] {logging_mixin.py:188} INFO - [2024-04-08T08:43:09.175+0000] {dag.py:3047} INFO - Sync 1 DAGs
[2024-04-08T08:43:09.197+0000] {logging_mixin.py:188} INFO - [2024-04-08T08:43:09.197+0000] {dag.py:3834} INFO - Setting next_dagrun for example_weekday_branch_operator to 2024-04-07 00:00:00+00:00, run_after=2024-04-08 00:00:00+00:00
[2024-04-08T08:43:09.216+0000] {processor.py:183} INFO - Processing /home/airflow/.local/lib/python3.8/site-packages/airflow/example_dags/example_branch_day_of_week_operator.py took 0.071 seconds
[2024-04-08T08:43:39.453+0000] {processor.py:161} INFO - Started process (PID=8579) to work on /home/airflow/.local/lib/python3.8/site-packages/airflow/example_dags/example_branch_day_of_week_operator.py
[2024-04-08T08:43:39.454+0000] {processor.py:830} INFO - Processing file /home/airflow/.local/lib/python3.8/site-packages/airflow/example_dags/example_branch_day_of_week_operator.py for tasks to queue
[2024-04-08T08:43:39.455+0000] {logging_mixin.py:188} INFO - [2024-04-08T08:43:39.455+0000] {dagbag.py:540} INFO - Filling up the DagBag from /home/airflow/.local/lib/python3.8/site-packages/airflow/example_dags/example_branch_day_of_week_operator.py
[2024-04-08T08:43:39.464+0000] {processor.py:840} INFO - DAG(s) 'example_weekday_branch_operator' retrieved from /home/airflow/.local/lib/python3.8/site-packages/airflow/example_dags/example_branch_day_of_week_operator.py
[2024-04-08T08:43:39.489+0000] {logging_mixin.py:188} INFO - [2024-04-08T08:43:39.488+0000] {dag.py:3047} INFO - Sync 1 DAGs
[2024-04-08T08:43:39.518+0000] {logging_mixin.py:188} INFO - [2024-04-08T08:43:39.518+0000] {dag.py:3834} INFO - Setting next_dagrun for example_weekday_branch_operator to 2024-04-07 00:00:00+00:00, run_after=2024-04-08 00:00:00+00:00
[2024-04-08T08:43:39.542+0000] {processor.py:183} INFO - Processing /home/airflow/.local/lib/python3.8/site-packages/airflow/example_dags/example_branch_day_of_week_operator.py took 0.093 seconds
[2024-04-08T08:44:10.236+0000] {processor.py:161} INFO - Started process (PID=8837) to work on /home/airflow/.local/lib/python3.8/site-packages/airflow/example_dags/example_branch_day_of_week_operator.py
[2024-04-08T08:44:10.237+0000] {processor.py:830} INFO - Processing file /home/airflow/.local/lib/python3.8/site-packages/airflow/example_dags/example_branch_day_of_week_operator.py for tasks to queue
[2024-04-08T08:44:10.238+0000] {logging_mixin.py:188} INFO - [2024-04-08T08:44:10.238+0000] {dagbag.py:540} INFO - Filling up the DagBag from /home/airflow/.local/lib/python3.8/site-packages/airflow/example_dags/example_branch_day_of_week_operator.py
[2024-04-08T08:44:10.247+0000] {processor.py:840} INFO - DAG(s) 'example_weekday_branch_operator' retrieved from /home/airflow/.local/lib/python3.8/site-packages/airflow/example_dags/example_branch_day_of_week_operator.py
[2024-04-08T08:44:10.272+0000] {logging_mixin.py:188} INFO - [2024-04-08T08:44:10.271+0000] {dag.py:3047} INFO - Sync 1 DAGs
[2024-04-08T08:44:10.300+0000] {logging_mixin.py:188} INFO - [2024-04-08T08:44:10.299+0000] {dag.py:3834} INFO - Setting next_dagrun for example_weekday_branch_operator to 2024-04-07 00:00:00+00:00, run_after=2024-04-08 00:00:00+00:00
[2024-04-08T08:44:10.324+0000] {processor.py:183} INFO - Processing /home/airflow/.local/lib/python3.8/site-packages/airflow/example_dags/example_branch_day_of_week_operator.py took 0.091 seconds
[2024-04-08T08:44:40.574+0000] {processor.py:161} INFO - Started process (PID=9093) to work on /home/airflow/.local/lib/python3.8/site-packages/airflow/example_dags/example_branch_day_of_week_operator.py
[2024-04-08T08:44:40.575+0000] {processor.py:830} INFO - Processing file /home/airflow/.local/lib/python3.8/site-packages/airflow/example_dags/example_branch_day_of_week_operator.py for tasks to queue
[2024-04-08T08:44:40.576+0000] {logging_mixin.py:188} INFO - [2024-04-08T08:44:40.576+0000] {dagbag.py:540} INFO - Filling up the DagBag from /home/airflow/.local/lib/python3.8/site-packages/airflow/example_dags/example_branch_day_of_week_operator.py
[2024-04-08T08:44:40.584+0000] {processor.py:840} INFO - DAG(s) 'example_weekday_branch_operator' retrieved from /home/airflow/.local/lib/python3.8/site-packages/airflow/example_dags/example_branch_day_of_week_operator.py
[2024-04-08T08:44:40.608+0000] {logging_mixin.py:188} INFO - [2024-04-08T08:44:40.608+0000] {dag.py:3047} INFO - Sync 1 DAGs
[2024-04-08T08:44:40.636+0000] {logging_mixin.py:188} INFO - [2024-04-08T08:44:40.636+0000] {dag.py:3834} INFO - Setting next_dagrun for example_weekday_branch_operator to 2024-04-07 00:00:00+00:00, run_after=2024-04-08 00:00:00+00:00
[2024-04-08T08:44:40.661+0000] {processor.py:183} INFO - Processing /home/airflow/.local/lib/python3.8/site-packages/airflow/example_dags/example_branch_day_of_week_operator.py took 0.090 seconds
[2024-04-08T08:45:10.971+0000] {processor.py:161} INFO - Started process (PID=9351) to work on /home/airflow/.local/lib/python3.8/site-packages/airflow/example_dags/example_branch_day_of_week_operator.py
[2024-04-08T08:45:10.972+0000] {processor.py:830} INFO - Processing file /home/airflow/.local/lib/python3.8/site-packages/airflow/example_dags/example_branch_day_of_week_operator.py for tasks to queue
[2024-04-08T08:45:10.973+0000] {logging_mixin.py:188} INFO - [2024-04-08T08:45:10.973+0000] {dagbag.py:540} INFO - Filling up the DagBag from /home/airflow/.local/lib/python3.8/site-packages/airflow/example_dags/example_branch_day_of_week_operator.py
[2024-04-08T08:45:10.979+0000] {processor.py:840} INFO - DAG(s) 'example_weekday_branch_operator' retrieved from /home/airflow/.local/lib/python3.8/site-packages/airflow/example_dags/example_branch_day_of_week_operator.py
[2024-04-08T08:45:10.997+0000] {logging_mixin.py:188} INFO - [2024-04-08T08:45:10.997+0000] {dag.py:3047} INFO - Sync 1 DAGs
[2024-04-08T08:45:11.015+0000] {logging_mixin.py:188} INFO - [2024-04-08T08:45:11.015+0000] {dag.py:3834} INFO - Setting next_dagrun for example_weekday_branch_operator to 2024-04-07 00:00:00+00:00, run_after=2024-04-08 00:00:00+00:00
[2024-04-08T08:45:11.034+0000] {processor.py:183} INFO - Processing /home/airflow/.local/lib/python3.8/site-packages/airflow/example_dags/example_branch_day_of_week_operator.py took 0.066 seconds
[2024-04-08T08:45:41.212+0000] {processor.py:161} INFO - Started process (PID=9604) to work on /home/airflow/.local/lib/python3.8/site-packages/airflow/example_dags/example_branch_day_of_week_operator.py
[2024-04-08T08:45:41.215+0000] {processor.py:830} INFO - Processing file /home/airflow/.local/lib/python3.8/site-packages/airflow/example_dags/example_branch_day_of_week_operator.py for tasks to queue
[2024-04-08T08:45:41.216+0000] {logging_mixin.py:188} INFO - [2024-04-08T08:45:41.216+0000] {dagbag.py:540} INFO - Filling up the DagBag from /home/airflow/.local/lib/python3.8/site-packages/airflow/example_dags/example_branch_day_of_week_operator.py
[2024-04-08T08:45:41.226+0000] {processor.py:840} INFO - DAG(s) 'example_weekday_branch_operator' retrieved from /home/airflow/.local/lib/python3.8/site-packages/airflow/example_dags/example_branch_day_of_week_operator.py
[2024-04-08T08:45:41.254+0000] {logging_mixin.py:188} INFO - [2024-04-08T08:45:41.254+0000] {dag.py:3047} INFO - Sync 1 DAGs
[2024-04-08T08:45:41.282+0000] {logging_mixin.py:188} INFO - [2024-04-08T08:45:41.282+0000] {dag.py:3834} INFO - Setting next_dagrun for example_weekday_branch_operator to 2024-04-07 00:00:00+00:00, run_after=2024-04-08 00:00:00+00:00
[2024-04-08T08:45:41.342+0000] {processor.py:183} INFO - Processing /home/airflow/.local/lib/python3.8/site-packages/airflow/example_dags/example_branch_day_of_week_operator.py took 0.134 seconds
[2024-04-08T08:46:11.595+0000] {processor.py:161} INFO - Started process (PID=9865) to work on /home/airflow/.local/lib/python3.8/site-packages/airflow/example_dags/example_branch_day_of_week_operator.py
[2024-04-08T08:46:11.596+0000] {processor.py:830} INFO - Processing file /home/airflow/.local/lib/python3.8/site-packages/airflow/example_dags/example_branch_day_of_week_operator.py for tasks to queue
[2024-04-08T08:46:11.597+0000] {logging_mixin.py:188} INFO - [2024-04-08T08:46:11.597+0000] {dagbag.py:540} INFO - Filling up the DagBag from /home/airflow/.local/lib/python3.8/site-packages/airflow/example_dags/example_branch_day_of_week_operator.py
[2024-04-08T08:46:11.607+0000] {processor.py:840} INFO - DAG(s) 'example_weekday_branch_operator' retrieved from /home/airflow/.local/lib/python3.8/site-packages/airflow/example_dags/example_branch_day_of_week_operator.py
[2024-04-08T08:46:11.633+0000] {logging_mixin.py:188} INFO - [2024-04-08T08:46:11.632+0000] {dag.py:3047} INFO - Sync 1 DAGs
[2024-04-08T08:46:11.662+0000] {logging_mixin.py:188} INFO - [2024-04-08T08:46:11.662+0000] {dag.py:3834} INFO - Setting next_dagrun for example_weekday_branch_operator to 2024-04-07 00:00:00+00:00, run_after=2024-04-08 00:00:00+00:00
[2024-04-08T08:46:11.685+0000] {processor.py:183} INFO - Processing /home/airflow/.local/lib/python3.8/site-packages/airflow/example_dags/example_branch_day_of_week_operator.py took 0.094 seconds
[2024-04-08T08:46:42.203+0000] {processor.py:161} INFO - Started process (PID=10125) to work on /home/airflow/.local/lib/python3.8/site-packages/airflow/example_dags/example_branch_day_of_week_operator.py
[2024-04-08T08:46:42.204+0000] {processor.py:830} INFO - Processing file /home/airflow/.local/lib/python3.8/site-packages/airflow/example_dags/example_branch_day_of_week_operator.py for tasks to queue
[2024-04-08T08:46:42.205+0000] {logging_mixin.py:188} INFO - [2024-04-08T08:46:42.204+0000] {dagbag.py:540} INFO - Filling up the DagBag from /home/airflow/.local/lib/python3.8/site-packages/airflow/example_dags/example_branch_day_of_week_operator.py
[2024-04-08T08:46:42.214+0000] {processor.py:840} INFO - DAG(s) 'example_weekday_branch_operator' retrieved from /home/airflow/.local/lib/python3.8/site-packages/airflow/example_dags/example_branch_day_of_week_operator.py
[2024-04-08T08:46:42.238+0000] {logging_mixin.py:188} INFO - [2024-04-08T08:46:42.238+0000] {dag.py:3047} INFO - Sync 1 DAGs
[2024-04-08T08:46:42.265+0000] {logging_mixin.py:188} INFO - [2024-04-08T08:46:42.265+0000] {dag.py:3834} INFO - Setting next_dagrun for example_weekday_branch_operator to 2024-04-07 00:00:00+00:00, run_after=2024-04-08 00:00:00+00:00
[2024-04-08T08:46:42.287+0000] {processor.py:183} INFO - Processing /home/airflow/.local/lib/python3.8/site-packages/airflow/example_dags/example_branch_day_of_week_operator.py took 0.088 seconds
[2024-04-08T08:47:12.956+0000] {processor.py:161} INFO - Started process (PID=10384) to work on /home/airflow/.local/lib/python3.8/site-packages/airflow/example_dags/example_branch_day_of_week_operator.py
[2024-04-08T08:47:12.957+0000] {processor.py:830} INFO - Processing file /home/airflow/.local/lib/python3.8/site-packages/airflow/example_dags/example_branch_day_of_week_operator.py for tasks to queue
[2024-04-08T08:47:12.958+0000] {logging_mixin.py:188} INFO - [2024-04-08T08:47:12.957+0000] {dagbag.py:540} INFO - Filling up the DagBag from /home/airflow/.local/lib/python3.8/site-packages/airflow/example_dags/example_branch_day_of_week_operator.py
[2024-04-08T08:47:12.964+0000] {processor.py:840} INFO - DAG(s) 'example_weekday_branch_operator' retrieved from /home/airflow/.local/lib/python3.8/site-packages/airflow/example_dags/example_branch_day_of_week_operator.py
[2024-04-08T08:47:12.982+0000] {logging_mixin.py:188} INFO - [2024-04-08T08:47:12.981+0000] {dag.py:3047} INFO - Sync 1 DAGs
[2024-04-08T08:47:13.000+0000] {logging_mixin.py:188} INFO - [2024-04-08T08:47:12.999+0000] {dag.py:3834} INFO - Setting next_dagrun for example_weekday_branch_operator to 2024-04-07 00:00:00+00:00, run_after=2024-04-08 00:00:00+00:00
[2024-04-08T08:47:13.018+0000] {processor.py:183} INFO - Processing /home/airflow/.local/lib/python3.8/site-packages/airflow/example_dags/example_branch_day_of_week_operator.py took 0.065 seconds
[2024-04-08T08:47:43.105+0000] {processor.py:161} INFO - Started process (PID=10639) to work on /home/airflow/.local/lib/python3.8/site-packages/airflow/example_dags/example_branch_day_of_week_operator.py
[2024-04-08T08:47:43.106+0000] {processor.py:830} INFO - Processing file /home/airflow/.local/lib/python3.8/site-packages/airflow/example_dags/example_branch_day_of_week_operator.py for tasks to queue
[2024-04-08T08:47:43.107+0000] {logging_mixin.py:188} INFO - [2024-04-08T08:47:43.106+0000] {dagbag.py:540} INFO - Filling up the DagBag from /home/airflow/.local/lib/python3.8/site-packages/airflow/example_dags/example_branch_day_of_week_operator.py
[2024-04-08T08:47:43.117+0000] {processor.py:840} INFO - DAG(s) 'example_weekday_branch_operator' retrieved from /home/airflow/.local/lib/python3.8/site-packages/airflow/example_dags/example_branch_day_of_week_operator.py
[2024-04-08T08:47:43.144+0000] {logging_mixin.py:188} INFO - [2024-04-08T08:47:43.144+0000] {dag.py:3047} INFO - Sync 1 DAGs
[2024-04-08T08:47:43.172+0000] {logging_mixin.py:188} INFO - [2024-04-08T08:47:43.172+0000] {dag.py:3834} INFO - Setting next_dagrun for example_weekday_branch_operator to 2024-04-07 00:00:00+00:00, run_after=2024-04-08 00:00:00+00:00
[2024-04-08T08:47:43.198+0000] {processor.py:183} INFO - Processing /home/airflow/.local/lib/python3.8/site-packages/airflow/example_dags/example_branch_day_of_week_operator.py took 0.097 seconds
[2024-04-08T08:48:14.175+0000] {processor.py:161} INFO - Started process (PID=10898) to work on /home/airflow/.local/lib/python3.8/site-packages/airflow/example_dags/example_branch_day_of_week_operator.py
[2024-04-08T08:48:14.176+0000] {processor.py:830} INFO - Processing file /home/airflow/.local/lib/python3.8/site-packages/airflow/example_dags/example_branch_day_of_week_operator.py for tasks to queue
[2024-04-08T08:48:14.177+0000] {logging_mixin.py:188} INFO - [2024-04-08T08:48:14.177+0000] {dagbag.py:540} INFO - Filling up the DagBag from /home/airflow/.local/lib/python3.8/site-packages/airflow/example_dags/example_branch_day_of_week_operator.py
[2024-04-08T08:48:14.183+0000] {processor.py:840} INFO - DAG(s) 'example_weekday_branch_operator' retrieved from /home/airflow/.local/lib/python3.8/site-packages/airflow/example_dags/example_branch_day_of_week_operator.py
[2024-04-08T08:48:14.200+0000] {logging_mixin.py:188} INFO - [2024-04-08T08:48:14.200+0000] {dag.py:3047} INFO - Sync 1 DAGs
[2024-04-08T08:48:14.218+0000] {logging_mixin.py:188} INFO - [2024-04-08T08:48:14.218+0000] {dag.py:3834} INFO - Setting next_dagrun for example_weekday_branch_operator to 2024-04-07 00:00:00+00:00, run_after=2024-04-08 00:00:00+00:00
[2024-04-08T08:48:14.237+0000] {processor.py:183} INFO - Processing /home/airflow/.local/lib/python3.8/site-packages/airflow/example_dags/example_branch_day_of_week_operator.py took 0.065 seconds
[2024-04-08T08:48:44.564+0000] {processor.py:161} INFO - Started process (PID=11155) to work on /home/airflow/.local/lib/python3.8/site-packages/airflow/example_dags/example_branch_day_of_week_operator.py
[2024-04-08T08:48:44.565+0000] {processor.py:830} INFO - Processing file /home/airflow/.local/lib/python3.8/site-packages/airflow/example_dags/example_branch_day_of_week_operator.py for tasks to queue
[2024-04-08T08:48:44.566+0000] {logging_mixin.py:188} INFO - [2024-04-08T08:48:44.566+0000] {dagbag.py:540} INFO - Filling up the DagBag from /home/airflow/.local/lib/python3.8/site-packages/airflow/example_dags/example_branch_day_of_week_operator.py
[2024-04-08T08:48:44.573+0000] {processor.py:840} INFO - DAG(s) 'example_weekday_branch_operator' retrieved from /home/airflow/.local/lib/python3.8/site-packages/airflow/example_dags/example_branch_day_of_week_operator.py
[2024-04-08T08:48:44.590+0000] {logging_mixin.py:188} INFO - [2024-04-08T08:48:44.590+0000] {dag.py:3047} INFO - Sync 1 DAGs
[2024-04-08T08:48:44.608+0000] {logging_mixin.py:188} INFO - [2024-04-08T08:48:44.608+0000] {dag.py:3834} INFO - Setting next_dagrun for example_weekday_branch_operator to 2024-04-07 00:00:00+00:00, run_after=2024-04-08 00:00:00+00:00
[2024-04-08T08:48:44.628+0000] {processor.py:183} INFO - Processing /home/airflow/.local/lib/python3.8/site-packages/airflow/example_dags/example_branch_day_of_week_operator.py took 0.067 seconds
[2024-04-08T08:49:14.934+0000] {processor.py:161} INFO - Started process (PID=11410) to work on /home/airflow/.local/lib/python3.8/site-packages/airflow/example_dags/example_branch_day_of_week_operator.py
[2024-04-08T08:49:14.935+0000] {processor.py:830} INFO - Processing file /home/airflow/.local/lib/python3.8/site-packages/airflow/example_dags/example_branch_day_of_week_operator.py for tasks to queue
[2024-04-08T08:49:14.936+0000] {logging_mixin.py:188} INFO - [2024-04-08T08:49:14.936+0000] {dagbag.py:540} INFO - Filling up the DagBag from /home/airflow/.local/lib/python3.8/site-packages/airflow/example_dags/example_branch_day_of_week_operator.py
[2024-04-08T08:49:14.954+0000] {processor.py:840} INFO - DAG(s) 'example_weekday_branch_operator' retrieved from /home/airflow/.local/lib/python3.8/site-packages/airflow/example_dags/example_branch_day_of_week_operator.py
[2024-04-08T08:49:14.987+0000] {logging_mixin.py:188} INFO - [2024-04-08T08:49:14.987+0000] {dag.py:3047} INFO - Sync 1 DAGs
[2024-04-08T08:49:15.005+0000] {logging_mixin.py:188} INFO - [2024-04-08T08:49:15.005+0000] {dag.py:3834} INFO - Setting next_dagrun for example_weekday_branch_operator to 2024-04-07 00:00:00+00:00, run_after=2024-04-08 00:00:00+00:00
[2024-04-08T08:49:15.023+0000] {processor.py:183} INFO - Processing /home/airflow/.local/lib/python3.8/site-packages/airflow/example_dags/example_branch_day_of_week_operator.py took 0.102 seconds
[2024-04-08T08:49:45.410+0000] {processor.py:161} INFO - Started process (PID=11668) to work on /home/airflow/.local/lib/python3.8/site-packages/airflow/example_dags/example_branch_day_of_week_operator.py
[2024-04-08T08:49:45.411+0000] {processor.py:830} INFO - Processing file /home/airflow/.local/lib/python3.8/site-packages/airflow/example_dags/example_branch_day_of_week_operator.py for tasks to queue
[2024-04-08T08:49:45.412+0000] {logging_mixin.py:188} INFO - [2024-04-08T08:49:45.412+0000] {dagbag.py:540} INFO - Filling up the DagBag from /home/airflow/.local/lib/python3.8/site-packages/airflow/example_dags/example_branch_day_of_week_operator.py
[2024-04-08T08:49:45.421+0000] {processor.py:840} INFO - DAG(s) 'example_weekday_branch_operator' retrieved from /home/airflow/.local/lib/python3.8/site-packages/airflow/example_dags/example_branch_day_of_week_operator.py
[2024-04-08T08:49:45.439+0000] {logging_mixin.py:188} INFO - [2024-04-08T08:49:45.438+0000] {dag.py:3047} INFO - Sync 1 DAGs
[2024-04-08T08:49:45.460+0000] {logging_mixin.py:188} INFO - [2024-04-08T08:49:45.460+0000] {dag.py:3834} INFO - Setting next_dagrun for example_weekday_branch_operator to 2024-04-07 00:00:00+00:00, run_after=2024-04-08 00:00:00+00:00
[2024-04-08T08:49:45.480+0000] {processor.py:183} INFO - Processing /home/airflow/.local/lib/python3.8/site-packages/airflow/example_dags/example_branch_day_of_week_operator.py took 0.073 seconds
[2024-04-08T08:50:16.010+0000] {processor.py:161} INFO - Started process (PID=11926) to work on /home/airflow/.local/lib/python3.8/site-packages/airflow/example_dags/example_branch_day_of_week_operator.py
[2024-04-08T08:50:16.011+0000] {processor.py:830} INFO - Processing file /home/airflow/.local/lib/python3.8/site-packages/airflow/example_dags/example_branch_day_of_week_operator.py for tasks to queue
[2024-04-08T08:50:16.012+0000] {logging_mixin.py:188} INFO - [2024-04-08T08:50:16.012+0000] {dagbag.py:540} INFO - Filling up the DagBag from /home/airflow/.local/lib/python3.8/site-packages/airflow/example_dags/example_branch_day_of_week_operator.py
[2024-04-08T08:50:16.019+0000] {processor.py:840} INFO - DAG(s) 'example_weekday_branch_operator' retrieved from /home/airflow/.local/lib/python3.8/site-packages/airflow/example_dags/example_branch_day_of_week_operator.py
[2024-04-08T08:50:16.036+0000] {logging_mixin.py:188} INFO - [2024-04-08T08:50:16.036+0000] {dag.py:3047} INFO - Sync 1 DAGs
[2024-04-08T08:50:16.055+0000] {logging_mixin.py:188} INFO - [2024-04-08T08:50:16.055+0000] {dag.py:3834} INFO - Setting next_dagrun for example_weekday_branch_operator to 2024-04-07 00:00:00+00:00, run_after=2024-04-08 00:00:00+00:00
[2024-04-08T08:50:16.073+0000] {processor.py:183} INFO - Processing /home/airflow/.local/lib/python3.8/site-packages/airflow/example_dags/example_branch_day_of_week_operator.py took 0.065 seconds
[2024-04-08T08:50:46.305+0000] {processor.py:161} INFO - Started process (PID=12182) to work on /home/airflow/.local/lib/python3.8/site-packages/airflow/example_dags/example_branch_day_of_week_operator.py
[2024-04-08T08:50:46.306+0000] {processor.py:830} INFO - Processing file /home/airflow/.local/lib/python3.8/site-packages/airflow/example_dags/example_branch_day_of_week_operator.py for tasks to queue
[2024-04-08T08:50:46.307+0000] {logging_mixin.py:188} INFO - [2024-04-08T08:50:46.307+0000] {dagbag.py:540} INFO - Filling up the DagBag from /home/airflow/.local/lib/python3.8/site-packages/airflow/example_dags/example_branch_day_of_week_operator.py
[2024-04-08T08:50:46.316+0000] {processor.py:840} INFO - DAG(s) 'example_weekday_branch_operator' retrieved from /home/airflow/.local/lib/python3.8/site-packages/airflow/example_dags/example_branch_day_of_week_operator.py
[2024-04-08T08:50:46.335+0000] {logging_mixin.py:188} INFO - [2024-04-08T08:50:46.335+0000] {dag.py:3047} INFO - Sync 1 DAGs
[2024-04-08T08:50:46.353+0000] {logging_mixin.py:188} INFO - [2024-04-08T08:50:46.353+0000] {dag.py:3834} INFO - Setting next_dagrun for example_weekday_branch_operator to 2024-04-07 00:00:00+00:00, run_after=2024-04-08 00:00:00+00:00
[2024-04-08T08:50:46.371+0000] {processor.py:183} INFO - Processing /home/airflow/.local/lib/python3.8/site-packages/airflow/example_dags/example_branch_day_of_week_operator.py took 0.070 seconds
[2024-04-08T08:51:16.843+0000] {processor.py:161} INFO - Started process (PID=12440) to work on /home/airflow/.local/lib/python3.8/site-packages/airflow/example_dags/example_branch_day_of_week_operator.py
[2024-04-08T08:51:16.843+0000] {processor.py:830} INFO - Processing file /home/airflow/.local/lib/python3.8/site-packages/airflow/example_dags/example_branch_day_of_week_operator.py for tasks to queue
[2024-04-08T08:51:16.844+0000] {logging_mixin.py:188} INFO - [2024-04-08T08:51:16.844+0000] {dagbag.py:540} INFO - Filling up the DagBag from /home/airflow/.local/lib/python3.8/site-packages/airflow/example_dags/example_branch_day_of_week_operator.py
[2024-04-08T08:51:16.853+0000] {processor.py:840} INFO - DAG(s) 'example_weekday_branch_operator' retrieved from /home/airflow/.local/lib/python3.8/site-packages/airflow/example_dags/example_branch_day_of_week_operator.py
[2024-04-08T08:51:16.875+0000] {logging_mixin.py:188} INFO - [2024-04-08T08:51:16.875+0000] {dag.py:3047} INFO - Sync 1 DAGs
[2024-04-08T08:51:16.893+0000] {logging_mixin.py:188} INFO - [2024-04-08T08:51:16.893+0000] {dag.py:3834} INFO - Setting next_dagrun for example_weekday_branch_operator to 2024-04-07 00:00:00+00:00, run_after=2024-04-08 00:00:00+00:00
[2024-04-08T08:51:16.912+0000] {processor.py:183} INFO - Processing /home/airflow/.local/lib/python3.8/site-packages/airflow/example_dags/example_branch_day_of_week_operator.py took 0.073 seconds
[2024-04-08T08:51:47.240+0000] {processor.py:161} INFO - Started process (PID=12699) to work on /home/airflow/.local/lib/python3.8/site-packages/airflow/example_dags/example_branch_day_of_week_operator.py
[2024-04-08T08:51:47.240+0000] {processor.py:830} INFO - Processing file /home/airflow/.local/lib/python3.8/site-packages/airflow/example_dags/example_branch_day_of_week_operator.py for tasks to queue
[2024-04-08T08:51:47.241+0000] {logging_mixin.py:188} INFO - [2024-04-08T08:51:47.241+0000] {dagbag.py:540} INFO - Filling up the DagBag from /home/airflow/.local/lib/python3.8/site-packages/airflow/example_dags/example_branch_day_of_week_operator.py
[2024-04-08T08:51:47.247+0000] {processor.py:840} INFO - DAG(s) 'example_weekday_branch_operator' retrieved from /home/airflow/.local/lib/python3.8/site-packages/airflow/example_dags/example_branch_day_of_week_operator.py
[2024-04-08T08:51:47.266+0000] {logging_mixin.py:188} INFO - [2024-04-08T08:51:47.266+0000] {dag.py:3047} INFO - Sync 1 DAGs
[2024-04-08T08:51:47.285+0000] {logging_mixin.py:188} INFO - [2024-04-08T08:51:47.285+0000] {dag.py:3834} INFO - Setting next_dagrun for example_weekday_branch_operator to 2024-04-07 00:00:00+00:00, run_after=2024-04-08 00:00:00+00:00
[2024-04-08T08:51:47.303+0000] {processor.py:183} INFO - Processing /home/airflow/.local/lib/python3.8/site-packages/airflow/example_dags/example_branch_day_of_week_operator.py took 0.066 seconds
[2024-04-08T08:52:17.844+0000] {processor.py:161} INFO - Started process (PID=12954) to work on /home/airflow/.local/lib/python3.8/site-packages/airflow/example_dags/example_branch_day_of_week_operator.py
[2024-04-08T08:52:17.845+0000] {processor.py:830} INFO - Processing file /home/airflow/.local/lib/python3.8/site-packages/airflow/example_dags/example_branch_day_of_week_operator.py for tasks to queue
[2024-04-08T08:52:17.847+0000] {logging_mixin.py:188} INFO - [2024-04-08T08:52:17.846+0000] {dagbag.py:540} INFO - Filling up the DagBag from /home/airflow/.local/lib/python3.8/site-packages/airflow/example_dags/example_branch_day_of_week_operator.py
[2024-04-08T08:52:17.856+0000] {processor.py:840} INFO - DAG(s) 'example_weekday_branch_operator' retrieved from /home/airflow/.local/lib/python3.8/site-packages/airflow/example_dags/example_branch_day_of_week_operator.py
[2024-04-08T08:52:17.881+0000] {logging_mixin.py:188} INFO - [2024-04-08T08:52:17.881+0000] {dag.py:3047} INFO - Sync 1 DAGs
[2024-04-08T08:52:17.907+0000] {logging_mixin.py:188} INFO - [2024-04-08T08:52:17.906+0000] {dag.py:3834} INFO - Setting next_dagrun for example_weekday_branch_operator to 2024-04-07 00:00:00+00:00, run_after=2024-04-08 00:00:00+00:00
[2024-04-08T08:52:17.927+0000] {processor.py:183} INFO - Processing /home/airflow/.local/lib/python3.8/site-packages/airflow/example_dags/example_branch_day_of_week_operator.py took 0.087 seconds
[2024-04-08T08:52:48.435+0000] {processor.py:161} INFO - Started process (PID=13211) to work on /home/airflow/.local/lib/python3.8/site-packages/airflow/example_dags/example_branch_day_of_week_operator.py
[2024-04-08T08:52:48.436+0000] {processor.py:830} INFO - Processing file /home/airflow/.local/lib/python3.8/site-packages/airflow/example_dags/example_branch_day_of_week_operator.py for tasks to queue
[2024-04-08T08:52:48.437+0000] {logging_mixin.py:188} INFO - [2024-04-08T08:52:48.437+0000] {dagbag.py:540} INFO - Filling up the DagBag from /home/airflow/.local/lib/python3.8/site-packages/airflow/example_dags/example_branch_day_of_week_operator.py
[2024-04-08T08:52:48.445+0000] {processor.py:840} INFO - DAG(s) 'example_weekday_branch_operator' retrieved from /home/airflow/.local/lib/python3.8/site-packages/airflow/example_dags/example_branch_day_of_week_operator.py
[2024-04-08T08:52:48.474+0000] {logging_mixin.py:188} INFO - [2024-04-08T08:52:48.474+0000] {dag.py:3047} INFO - Sync 1 DAGs
[2024-04-08T08:52:48.500+0000] {logging_mixin.py:188} INFO - [2024-04-08T08:52:48.500+0000] {dag.py:3834} INFO - Setting next_dagrun for example_weekday_branch_operator to 2024-04-07 00:00:00+00:00, run_after=2024-04-08 00:00:00+00:00
[2024-04-08T08:52:48.519+0000] {processor.py:183} INFO - Processing /home/airflow/.local/lib/python3.8/site-packages/airflow/example_dags/example_branch_day_of_week_operator.py took 0.088 seconds
[2024-04-08T08:53:18.709+0000] {processor.py:161} INFO - Started process (PID=13468) to work on /home/airflow/.local/lib/python3.8/site-packages/airflow/example_dags/example_branch_day_of_week_operator.py
[2024-04-08T08:53:18.710+0000] {processor.py:830} INFO - Processing file /home/airflow/.local/lib/python3.8/site-packages/airflow/example_dags/example_branch_day_of_week_operator.py for tasks to queue
[2024-04-08T08:53:18.711+0000] {logging_mixin.py:188} INFO - [2024-04-08T08:53:18.711+0000] {dagbag.py:540} INFO - Filling up the DagBag from /home/airflow/.local/lib/python3.8/site-packages/airflow/example_dags/example_branch_day_of_week_operator.py
[2024-04-08T08:53:18.732+0000] {processor.py:840} INFO - DAG(s) 'example_weekday_branch_operator' retrieved from /home/airflow/.local/lib/python3.8/site-packages/airflow/example_dags/example_branch_day_of_week_operator.py
[2024-04-08T08:53:18.756+0000] {logging_mixin.py:188} INFO - [2024-04-08T08:53:18.756+0000] {dag.py:3047} INFO - Sync 1 DAGs
[2024-04-08T08:53:18.776+0000] {logging_mixin.py:188} INFO - [2024-04-08T08:53:18.776+0000] {dag.py:3834} INFO - Setting next_dagrun for example_weekday_branch_operator to 2024-04-07 00:00:00+00:00, run_after=2024-04-08 00:00:00+00:00
[2024-04-08T08:53:18.796+0000] {processor.py:183} INFO - Processing /home/airflow/.local/lib/python3.8/site-packages/airflow/example_dags/example_branch_day_of_week_operator.py took 0.090 seconds
[2024-04-08T08:53:49.354+0000] {processor.py:161} INFO - Started process (PID=13725) to work on /home/airflow/.local/lib/python3.8/site-packages/airflow/example_dags/example_branch_day_of_week_operator.py
[2024-04-08T08:53:49.355+0000] {processor.py:830} INFO - Processing file /home/airflow/.local/lib/python3.8/site-packages/airflow/example_dags/example_branch_day_of_week_operator.py for tasks to queue
[2024-04-08T08:53:49.356+0000] {logging_mixin.py:188} INFO - [2024-04-08T08:53:49.356+0000] {dagbag.py:540} INFO - Filling up the DagBag from /home/airflow/.local/lib/python3.8/site-packages/airflow/example_dags/example_branch_day_of_week_operator.py
[2024-04-08T08:53:49.365+0000] {processor.py:840} INFO - DAG(s) 'example_weekday_branch_operator' retrieved from /home/airflow/.local/lib/python3.8/site-packages/airflow/example_dags/example_branch_day_of_week_operator.py
[2024-04-08T08:53:49.401+0000] {logging_mixin.py:188} INFO - [2024-04-08T08:53:49.401+0000] {dag.py:3047} INFO - Sync 1 DAGs
[2024-04-08T08:53:49.419+0000] {logging_mixin.py:188} INFO - [2024-04-08T08:53:49.419+0000] {dag.py:3834} INFO - Setting next_dagrun for example_weekday_branch_operator to 2024-04-07 00:00:00+00:00, run_after=2024-04-08 00:00:00+00:00
[2024-04-08T08:53:49.438+0000] {processor.py:183} INFO - Processing /home/airflow/.local/lib/python3.8/site-packages/airflow/example_dags/example_branch_day_of_week_operator.py took 0.087 seconds
[2024-04-08T08:54:19.528+0000] {processor.py:161} INFO - Started process (PID=13983) to work on /home/airflow/.local/lib/python3.8/site-packages/airflow/example_dags/example_branch_day_of_week_operator.py
[2024-04-08T08:54:19.529+0000] {processor.py:830} INFO - Processing file /home/airflow/.local/lib/python3.8/site-packages/airflow/example_dags/example_branch_day_of_week_operator.py for tasks to queue
[2024-04-08T08:54:19.530+0000] {logging_mixin.py:188} INFO - [2024-04-08T08:54:19.530+0000] {dagbag.py:540} INFO - Filling up the DagBag from /home/airflow/.local/lib/python3.8/site-packages/airflow/example_dags/example_branch_day_of_week_operator.py
[2024-04-08T08:54:19.539+0000] {processor.py:840} INFO - DAG(s) 'example_weekday_branch_operator' retrieved from /home/airflow/.local/lib/python3.8/site-packages/airflow/example_dags/example_branch_day_of_week_operator.py
[2024-04-08T08:54:19.582+0000] {logging_mixin.py:188} INFO - [2024-04-08T08:54:19.581+0000] {dag.py:3047} INFO - Sync 1 DAGs
[2024-04-08T08:54:19.612+0000] {logging_mixin.py:188} INFO - [2024-04-08T08:54:19.612+0000] {dag.py:3834} INFO - Setting next_dagrun for example_weekday_branch_operator to 2024-04-07 00:00:00+00:00, run_after=2024-04-08 00:00:00+00:00
[2024-04-08T08:54:19.637+0000] {processor.py:183} INFO - Processing /home/airflow/.local/lib/python3.8/site-packages/airflow/example_dags/example_branch_day_of_week_operator.py took 0.114 seconds
[2024-04-08T08:54:49.947+0000] {processor.py:161} INFO - Started process (PID=14241) to work on /home/airflow/.local/lib/python3.8/site-packages/airflow/example_dags/example_branch_day_of_week_operator.py
[2024-04-08T08:54:49.949+0000] {processor.py:830} INFO - Processing file /home/airflow/.local/lib/python3.8/site-packages/airflow/example_dags/example_branch_day_of_week_operator.py for tasks to queue
[2024-04-08T08:54:49.950+0000] {logging_mixin.py:188} INFO - [2024-04-08T08:54:49.949+0000] {dagbag.py:540} INFO - Filling up the DagBag from /home/airflow/.local/lib/python3.8/site-packages/airflow/example_dags/example_branch_day_of_week_operator.py
[2024-04-08T08:54:49.959+0000] {processor.py:840} INFO - DAG(s) 'example_weekday_branch_operator' retrieved from /home/airflow/.local/lib/python3.8/site-packages/airflow/example_dags/example_branch_day_of_week_operator.py
[2024-04-08T08:54:49.982+0000] {logging_mixin.py:188} INFO - [2024-04-08T08:54:49.982+0000] {dag.py:3047} INFO - Sync 1 DAGs
[2024-04-08T08:54:50.011+0000] {logging_mixin.py:188} INFO - [2024-04-08T08:54:50.010+0000] {dag.py:3834} INFO - Setting next_dagrun for example_weekday_branch_operator to 2024-04-07 00:00:00+00:00, run_after=2024-04-08 00:00:00+00:00
[2024-04-08T08:54:50.034+0000] {processor.py:183} INFO - Processing /home/airflow/.local/lib/python3.8/site-packages/airflow/example_dags/example_branch_day_of_week_operator.py took 0.091 seconds
[2024-04-08T08:55:20.339+0000] {processor.py:161} INFO - Started process (PID=14501) to work on /home/airflow/.local/lib/python3.8/site-packages/airflow/example_dags/example_branch_day_of_week_operator.py
[2024-04-08T08:55:20.340+0000] {processor.py:830} INFO - Processing file /home/airflow/.local/lib/python3.8/site-packages/airflow/example_dags/example_branch_day_of_week_operator.py for tasks to queue
[2024-04-08T08:55:20.341+0000] {logging_mixin.py:188} INFO - [2024-04-08T08:55:20.341+0000] {dagbag.py:540} INFO - Filling up the DagBag from /home/airflow/.local/lib/python3.8/site-packages/airflow/example_dags/example_branch_day_of_week_operator.py
[2024-04-08T08:55:20.347+0000] {processor.py:840} INFO - DAG(s) 'example_weekday_branch_operator' retrieved from /home/airflow/.local/lib/python3.8/site-packages/airflow/example_dags/example_branch_day_of_week_operator.py
[2024-04-08T08:55:20.365+0000] {logging_mixin.py:188} INFO - [2024-04-08T08:55:20.364+0000] {dag.py:3047} INFO - Sync 1 DAGs
[2024-04-08T08:55:20.383+0000] {logging_mixin.py:188} INFO - [2024-04-08T08:55:20.382+0000] {dag.py:3834} INFO - Setting next_dagrun for example_weekday_branch_operator to 2024-04-07 00:00:00+00:00, run_after=2024-04-08 00:00:00+00:00
[2024-04-08T08:55:20.400+0000] {processor.py:183} INFO - Processing /home/airflow/.local/lib/python3.8/site-packages/airflow/example_dags/example_branch_day_of_week_operator.py took 0.064 seconds
[2024-04-08T08:55:50.726+0000] {processor.py:161} INFO - Started process (PID=14757) to work on /home/airflow/.local/lib/python3.8/site-packages/airflow/example_dags/example_branch_day_of_week_operator.py
[2024-04-08T08:55:50.727+0000] {processor.py:830} INFO - Processing file /home/airflow/.local/lib/python3.8/site-packages/airflow/example_dags/example_branch_day_of_week_operator.py for tasks to queue
[2024-04-08T08:55:50.728+0000] {logging_mixin.py:188} INFO - [2024-04-08T08:55:50.727+0000] {dagbag.py:540} INFO - Filling up the DagBag from /home/airflow/.local/lib/python3.8/site-packages/airflow/example_dags/example_branch_day_of_week_operator.py
[2024-04-08T08:55:50.736+0000] {processor.py:840} INFO - DAG(s) 'example_weekday_branch_operator' retrieved from /home/airflow/.local/lib/python3.8/site-packages/airflow/example_dags/example_branch_day_of_week_operator.py
[2024-04-08T08:55:50.763+0000] {logging_mixin.py:188} INFO - [2024-04-08T08:55:50.763+0000] {dag.py:3047} INFO - Sync 1 DAGs
[2024-04-08T08:55:50.789+0000] {logging_mixin.py:188} INFO - [2024-04-08T08:55:50.789+0000] {dag.py:3834} INFO - Setting next_dagrun for example_weekday_branch_operator to 2024-04-07 00:00:00+00:00, run_after=2024-04-08 00:00:00+00:00
[2024-04-08T08:55:50.812+0000] {processor.py:183} INFO - Processing /home/airflow/.local/lib/python3.8/site-packages/airflow/example_dags/example_branch_day_of_week_operator.py took 0.090 seconds
[2024-04-08T08:56:21.775+0000] {processor.py:161} INFO - Started process (PID=15015) to work on /home/airflow/.local/lib/python3.8/site-packages/airflow/example_dags/example_branch_day_of_week_operator.py
[2024-04-08T08:56:21.777+0000] {processor.py:830} INFO - Processing file /home/airflow/.local/lib/python3.8/site-packages/airflow/example_dags/example_branch_day_of_week_operator.py for tasks to queue
[2024-04-08T08:56:21.778+0000] {logging_mixin.py:188} INFO - [2024-04-08T08:56:21.777+0000] {dagbag.py:540} INFO - Filling up the DagBag from /home/airflow/.local/lib/python3.8/site-packages/airflow/example_dags/example_branch_day_of_week_operator.py
[2024-04-08T08:56:21.787+0000] {processor.py:840} INFO - DAG(s) 'example_weekday_branch_operator' retrieved from /home/airflow/.local/lib/python3.8/site-packages/airflow/example_dags/example_branch_day_of_week_operator.py
[2024-04-08T08:56:21.812+0000] {logging_mixin.py:188} INFO - [2024-04-08T08:56:21.812+0000] {dag.py:3047} INFO - Sync 1 DAGs
[2024-04-08T08:56:21.843+0000] {logging_mixin.py:188} INFO - [2024-04-08T08:56:21.843+0000] {dag.py:3834} INFO - Setting next_dagrun for example_weekday_branch_operator to 2024-04-07 00:00:00+00:00, run_after=2024-04-08 00:00:00+00:00
[2024-04-08T08:56:21.866+0000] {processor.py:183} INFO - Processing /home/airflow/.local/lib/python3.8/site-packages/airflow/example_dags/example_branch_day_of_week_operator.py took 0.094 seconds
[2024-04-08T08:56:52.312+0000] {processor.py:161} INFO - Started process (PID=15270) to work on /home/airflow/.local/lib/python3.8/site-packages/airflow/example_dags/example_branch_day_of_week_operator.py
[2024-04-08T08:56:52.314+0000] {processor.py:830} INFO - Processing file /home/airflow/.local/lib/python3.8/site-packages/airflow/example_dags/example_branch_day_of_week_operator.py for tasks to queue
[2024-04-08T08:56:52.315+0000] {logging_mixin.py:188} INFO - [2024-04-08T08:56:52.314+0000] {dagbag.py:540} INFO - Filling up the DagBag from /home/airflow/.local/lib/python3.8/site-packages/airflow/example_dags/example_branch_day_of_week_operator.py
[2024-04-08T08:56:52.336+0000] {processor.py:840} INFO - DAG(s) 'example_weekday_branch_operator' retrieved from /home/airflow/.local/lib/python3.8/site-packages/airflow/example_dags/example_branch_day_of_week_operator.py
