[2024-04-08T08:27:20.951+0000] {processor.py:161} INFO - Started process (PID=295) to work on /home/airflow/.local/lib/python3.8/site-packages/airflow/example_dags/example_python_operator.py
[2024-04-08T08:27:20.953+0000] {processor.py:830} INFO - Processing file /home/airflow/.local/lib/python3.8/site-packages/airflow/example_dags/example_python_operator.py for tasks to queue
[2024-04-08T08:27:20.955+0000] {logging_mixin.py:188} INFO - [2024-04-08T08:27:20.954+0000] {dagbag.py:540} INFO - Filling up the DagBag from /home/airflow/.local/lib/python3.8/site-packages/airflow/example_dags/example_python_operator.py
[2024-04-08T08:27:20.973+0000] {processor.py:840} INFO - DAG(s) 'example_python_operator' retrieved from /home/airflow/.local/lib/python3.8/site-packages/airflow/example_dags/example_python_operator.py
[2024-04-08T08:27:21.165+0000] {logging_mixin.py:188} INFO - [2024-04-08T08:27:21.165+0000] {dag.py:3047} INFO - Sync 1 DAGs
[2024-04-08T08:27:21.182+0000] {logging_mixin.py:188} INFO - [2024-04-08T08:27:21.182+0000] {dag.py:3834} INFO - Setting next_dagrun for example_python_operator to None, run_after=None
[2024-04-08T08:27:21.225+0000] {processor.py:183} INFO - Processing /home/airflow/.local/lib/python3.8/site-packages/airflow/example_dags/example_python_operator.py took 0.278 seconds
[2024-04-08T08:27:52.090+0000] {processor.py:161} INFO - Started process (PID=554) to work on /home/airflow/.local/lib/python3.8/site-packages/airflow/example_dags/example_python_operator.py
[2024-04-08T08:27:52.090+0000] {processor.py:830} INFO - Processing file /home/airflow/.local/lib/python3.8/site-packages/airflow/example_dags/example_python_operator.py for tasks to queue
[2024-04-08T08:27:52.092+0000] {logging_mixin.py:188} INFO - [2024-04-08T08:27:52.091+0000] {dagbag.py:540} INFO - Filling up the DagBag from /home/airflow/.local/lib/python3.8/site-packages/airflow/example_dags/example_python_operator.py
[2024-04-08T08:27:52.104+0000] {processor.py:840} INFO - DAG(s) 'example_python_operator' retrieved from /home/airflow/.local/lib/python3.8/site-packages/airflow/example_dags/example_python_operator.py
[2024-04-08T08:27:52.132+0000] {logging_mixin.py:188} INFO - [2024-04-08T08:27:52.132+0000] {dag.py:3047} INFO - Sync 1 DAGs
[2024-04-08T08:27:52.147+0000] {logging_mixin.py:188} INFO - [2024-04-08T08:27:52.147+0000] {dag.py:3834} INFO - Setting next_dagrun for example_python_operator to None, run_after=None
[2024-04-08T08:27:52.174+0000] {processor.py:183} INFO - Processing /home/airflow/.local/lib/python3.8/site-packages/airflow/example_dags/example_python_operator.py took 0.088 seconds
[2024-04-08T08:28:22.931+0000] {processor.py:161} INFO - Started process (PID=812) to work on /home/airflow/.local/lib/python3.8/site-packages/airflow/example_dags/example_python_operator.py
[2024-04-08T08:28:22.932+0000] {processor.py:830} INFO - Processing file /home/airflow/.local/lib/python3.8/site-packages/airflow/example_dags/example_python_operator.py for tasks to queue
[2024-04-08T08:28:22.933+0000] {logging_mixin.py:188} INFO - [2024-04-08T08:28:22.933+0000] {dagbag.py:540} INFO - Filling up the DagBag from /home/airflow/.local/lib/python3.8/site-packages/airflow/example_dags/example_python_operator.py
[2024-04-08T08:28:22.945+0000] {processor.py:840} INFO - DAG(s) 'example_python_operator' retrieved from /home/airflow/.local/lib/python3.8/site-packages/airflow/example_dags/example_python_operator.py
[2024-04-08T08:28:22.972+0000] {logging_mixin.py:188} INFO - [2024-04-08T08:28:22.972+0000] {dag.py:3047} INFO - Sync 1 DAGs
[2024-04-08T08:28:22.988+0000] {logging_mixin.py:188} INFO - [2024-04-08T08:28:22.988+0000] {dag.py:3834} INFO - Setting next_dagrun for example_python_operator to None, run_after=None
[2024-04-08T08:28:23.012+0000] {processor.py:183} INFO - Processing /home/airflow/.local/lib/python3.8/site-packages/airflow/example_dags/example_python_operator.py took 0.085 seconds
[2024-04-08T08:28:53.330+0000] {processor.py:161} INFO - Started process (PID=1070) to work on /home/airflow/.local/lib/python3.8/site-packages/airflow/example_dags/example_python_operator.py
[2024-04-08T08:28:53.331+0000] {processor.py:830} INFO - Processing file /home/airflow/.local/lib/python3.8/site-packages/airflow/example_dags/example_python_operator.py for tasks to queue
[2024-04-08T08:28:53.332+0000] {logging_mixin.py:188} INFO - [2024-04-08T08:28:53.332+0000] {dagbag.py:540} INFO - Filling up the DagBag from /home/airflow/.local/lib/python3.8/site-packages/airflow/example_dags/example_python_operator.py
[2024-04-08T08:28:53.344+0000] {processor.py:840} INFO - DAG(s) 'example_python_operator' retrieved from /home/airflow/.local/lib/python3.8/site-packages/airflow/example_dags/example_python_operator.py
[2024-04-08T08:28:53.370+0000] {logging_mixin.py:188} INFO - [2024-04-08T08:28:53.370+0000] {dag.py:3047} INFO - Sync 1 DAGs
[2024-04-08T08:28:53.384+0000] {logging_mixin.py:188} INFO - [2024-04-08T08:28:53.384+0000] {dag.py:3834} INFO - Setting next_dagrun for example_python_operator to None, run_after=None
[2024-04-08T08:28:53.412+0000] {processor.py:183} INFO - Processing /home/airflow/.local/lib/python3.8/site-packages/airflow/example_dags/example_python_operator.py took 0.085 seconds
[2024-04-08T08:29:24.069+0000] {processor.py:161} INFO - Started process (PID=1328) to work on /home/airflow/.local/lib/python3.8/site-packages/airflow/example_dags/example_python_operator.py
[2024-04-08T08:29:24.071+0000] {processor.py:830} INFO - Processing file /home/airflow/.local/lib/python3.8/site-packages/airflow/example_dags/example_python_operator.py for tasks to queue
[2024-04-08T08:29:24.072+0000] {logging_mixin.py:188} INFO - [2024-04-08T08:29:24.072+0000] {dagbag.py:540} INFO - Filling up the DagBag from /home/airflow/.local/lib/python3.8/site-packages/airflow/example_dags/example_python_operator.py
[2024-04-08T08:29:24.085+0000] {processor.py:840} INFO - DAG(s) 'example_python_operator' retrieved from /home/airflow/.local/lib/python3.8/site-packages/airflow/example_dags/example_python_operator.py
[2024-04-08T08:29:24.112+0000] {logging_mixin.py:188} INFO - [2024-04-08T08:29:24.112+0000] {dag.py:3047} INFO - Sync 1 DAGs
[2024-04-08T08:29:24.127+0000] {logging_mixin.py:188} INFO - [2024-04-08T08:29:24.127+0000] {dag.py:3834} INFO - Setting next_dagrun for example_python_operator to None, run_after=None
[2024-04-08T08:29:24.154+0000] {processor.py:183} INFO - Processing /home/airflow/.local/lib/python3.8/site-packages/airflow/example_dags/example_python_operator.py took 0.088 seconds
[2024-04-08T08:29:54.407+0000] {processor.py:161} INFO - Started process (PID=1585) to work on /home/airflow/.local/lib/python3.8/site-packages/airflow/example_dags/example_python_operator.py
[2024-04-08T08:29:54.408+0000] {processor.py:830} INFO - Processing file /home/airflow/.local/lib/python3.8/site-packages/airflow/example_dags/example_python_operator.py for tasks to queue
[2024-04-08T08:29:54.408+0000] {logging_mixin.py:188} INFO - [2024-04-08T08:29:54.408+0000] {dagbag.py:540} INFO - Filling up the DagBag from /home/airflow/.local/lib/python3.8/site-packages/airflow/example_dags/example_python_operator.py
[2024-04-08T08:29:54.420+0000] {processor.py:840} INFO - DAG(s) 'example_python_operator' retrieved from /home/airflow/.local/lib/python3.8/site-packages/airflow/example_dags/example_python_operator.py
[2024-04-08T08:29:54.445+0000] {logging_mixin.py:188} INFO - [2024-04-08T08:29:54.445+0000] {dag.py:3047} INFO - Sync 1 DAGs
[2024-04-08T08:29:54.460+0000] {logging_mixin.py:188} INFO - [2024-04-08T08:29:54.460+0000] {dag.py:3834} INFO - Setting next_dagrun for example_python_operator to None, run_after=None
[2024-04-08T08:29:54.483+0000] {processor.py:183} INFO - Processing /home/airflow/.local/lib/python3.8/site-packages/airflow/example_dags/example_python_operator.py took 0.081 seconds
[2024-04-08T08:30:25.213+0000] {processor.py:161} INFO - Started process (PID=1843) to work on /home/airflow/.local/lib/python3.8/site-packages/airflow/example_dags/example_python_operator.py
[2024-04-08T08:30:25.214+0000] {processor.py:830} INFO - Processing file /home/airflow/.local/lib/python3.8/site-packages/airflow/example_dags/example_python_operator.py for tasks to queue
[2024-04-08T08:30:25.215+0000] {logging_mixin.py:188} INFO - [2024-04-08T08:30:25.215+0000] {dagbag.py:540} INFO - Filling up the DagBag from /home/airflow/.local/lib/python3.8/site-packages/airflow/example_dags/example_python_operator.py
[2024-04-08T08:30:25.228+0000] {processor.py:840} INFO - DAG(s) 'example_python_operator' retrieved from /home/airflow/.local/lib/python3.8/site-packages/airflow/example_dags/example_python_operator.py
[2024-04-08T08:30:25.262+0000] {logging_mixin.py:188} INFO - [2024-04-08T08:30:25.262+0000] {dag.py:3047} INFO - Sync 1 DAGs
[2024-04-08T08:30:25.277+0000] {logging_mixin.py:188} INFO - [2024-04-08T08:30:25.277+0000] {dag.py:3834} INFO - Setting next_dagrun for example_python_operator to None, run_after=None
[2024-04-08T08:30:25.318+0000] {processor.py:183} INFO - Processing /home/airflow/.local/lib/python3.8/site-packages/airflow/example_dags/example_python_operator.py took 0.108 seconds
[2024-04-08T08:30:56.145+0000] {processor.py:161} INFO - Started process (PID=2100) to work on /home/airflow/.local/lib/python3.8/site-packages/airflow/example_dags/example_python_operator.py
[2024-04-08T08:30:56.146+0000] {processor.py:830} INFO - Processing file /home/airflow/.local/lib/python3.8/site-packages/airflow/example_dags/example_python_operator.py for tasks to queue
[2024-04-08T08:30:56.147+0000] {logging_mixin.py:188} INFO - [2024-04-08T08:30:56.147+0000] {dagbag.py:540} INFO - Filling up the DagBag from /home/airflow/.local/lib/python3.8/site-packages/airflow/example_dags/example_python_operator.py
[2024-04-08T08:30:56.160+0000] {processor.py:840} INFO - DAG(s) 'example_python_operator' retrieved from /home/airflow/.local/lib/python3.8/site-packages/airflow/example_dags/example_python_operator.py
[2024-04-08T08:30:56.187+0000] {logging_mixin.py:188} INFO - [2024-04-08T08:30:56.187+0000] {dag.py:3047} INFO - Sync 1 DAGs
[2024-04-08T08:30:56.202+0000] {logging_mixin.py:188} INFO - [2024-04-08T08:30:56.202+0000] {dag.py:3834} INFO - Setting next_dagrun for example_python_operator to None, run_after=None
[2024-04-08T08:30:56.231+0000] {processor.py:183} INFO - Processing /home/airflow/.local/lib/python3.8/site-packages/airflow/example_dags/example_python_operator.py took 0.090 seconds
[2024-04-08T08:31:26.485+0000] {processor.py:161} INFO - Started process (PID=2357) to work on /home/airflow/.local/lib/python3.8/site-packages/airflow/example_dags/example_python_operator.py
[2024-04-08T08:31:26.486+0000] {processor.py:830} INFO - Processing file /home/airflow/.local/lib/python3.8/site-packages/airflow/example_dags/example_python_operator.py for tasks to queue
[2024-04-08T08:31:26.487+0000] {logging_mixin.py:188} INFO - [2024-04-08T08:31:26.486+0000] {dagbag.py:540} INFO - Filling up the DagBag from /home/airflow/.local/lib/python3.8/site-packages/airflow/example_dags/example_python_operator.py
[2024-04-08T08:31:26.503+0000] {processor.py:840} INFO - DAG(s) 'example_python_operator' retrieved from /home/airflow/.local/lib/python3.8/site-packages/airflow/example_dags/example_python_operator.py
[2024-04-08T08:31:26.534+0000] {logging_mixin.py:188} INFO - [2024-04-08T08:31:26.534+0000] {dag.py:3047} INFO - Sync 1 DAGs
[2024-04-08T08:31:26.550+0000] {logging_mixin.py:188} INFO - [2024-04-08T08:31:26.550+0000] {dag.py:3834} INFO - Setting next_dagrun for example_python_operator to None, run_after=None
[2024-04-08T08:31:26.577+0000] {processor.py:183} INFO - Processing /home/airflow/.local/lib/python3.8/site-packages/airflow/example_dags/example_python_operator.py took 0.096 seconds
[2024-04-08T08:31:57.171+0000] {processor.py:161} INFO - Started process (PID=2614) to work on /home/airflow/.local/lib/python3.8/site-packages/airflow/example_dags/example_python_operator.py
[2024-04-08T08:31:57.172+0000] {processor.py:830} INFO - Processing file /home/airflow/.local/lib/python3.8/site-packages/airflow/example_dags/example_python_operator.py for tasks to queue
[2024-04-08T08:31:57.173+0000] {logging_mixin.py:188} INFO - [2024-04-08T08:31:57.173+0000] {dagbag.py:540} INFO - Filling up the DagBag from /home/airflow/.local/lib/python3.8/site-packages/airflow/example_dags/example_python_operator.py
[2024-04-08T08:31:57.186+0000] {processor.py:840} INFO - DAG(s) 'example_python_operator' retrieved from /home/airflow/.local/lib/python3.8/site-packages/airflow/example_dags/example_python_operator.py
[2024-04-08T08:31:57.214+0000] {logging_mixin.py:188} INFO - [2024-04-08T08:31:57.213+0000] {dag.py:3047} INFO - Sync 1 DAGs
[2024-04-08T08:31:57.229+0000] {logging_mixin.py:188} INFO - [2024-04-08T08:31:57.229+0000] {dag.py:3834} INFO - Setting next_dagrun for example_python_operator to None, run_after=None
[2024-04-08T08:31:57.254+0000] {processor.py:183} INFO - Processing /home/airflow/.local/lib/python3.8/site-packages/airflow/example_dags/example_python_operator.py took 0.087 seconds
[2024-04-08T08:32:27.889+0000] {processor.py:161} INFO - Started process (PID=2871) to work on /home/airflow/.local/lib/python3.8/site-packages/airflow/example_dags/example_python_operator.py
[2024-04-08T08:32:27.894+0000] {processor.py:830} INFO - Processing file /home/airflow/.local/lib/python3.8/site-packages/airflow/example_dags/example_python_operator.py for tasks to queue
[2024-04-08T08:32:27.895+0000] {logging_mixin.py:188} INFO - [2024-04-08T08:32:27.894+0000] {dagbag.py:540} INFO - Filling up the DagBag from /home/airflow/.local/lib/python3.8/site-packages/airflow/example_dags/example_python_operator.py
[2024-04-08T08:32:27.907+0000] {processor.py:840} INFO - DAG(s) 'example_python_operator' retrieved from /home/airflow/.local/lib/python3.8/site-packages/airflow/example_dags/example_python_operator.py
[2024-04-08T08:32:27.946+0000] {logging_mixin.py:188} INFO - [2024-04-08T08:32:27.946+0000] {dag.py:3047} INFO - Sync 1 DAGs
[2024-04-08T08:32:27.971+0000] {logging_mixin.py:188} INFO - [2024-04-08T08:32:27.971+0000] {dag.py:3834} INFO - Setting next_dagrun for example_python_operator to None, run_after=None
[2024-04-08T08:32:28.023+0000] {processor.py:183} INFO - Processing /home/airflow/.local/lib/python3.8/site-packages/airflow/example_dags/example_python_operator.py took 0.137 seconds
[2024-04-08T08:32:58.887+0000] {processor.py:161} INFO - Started process (PID=3128) to work on /home/airflow/.local/lib/python3.8/site-packages/airflow/example_dags/example_python_operator.py
[2024-04-08T08:32:58.888+0000] {processor.py:830} INFO - Processing file /home/airflow/.local/lib/python3.8/site-packages/airflow/example_dags/example_python_operator.py for tasks to queue
[2024-04-08T08:32:58.889+0000] {logging_mixin.py:188} INFO - [2024-04-08T08:32:58.889+0000] {dagbag.py:540} INFO - Filling up the DagBag from /home/airflow/.local/lib/python3.8/site-packages/airflow/example_dags/example_python_operator.py
[2024-04-08T08:32:58.903+0000] {processor.py:840} INFO - DAG(s) 'example_python_operator' retrieved from /home/airflow/.local/lib/python3.8/site-packages/airflow/example_dags/example_python_operator.py
[2024-04-08T08:32:58.932+0000] {logging_mixin.py:188} INFO - [2024-04-08T08:32:58.931+0000] {dag.py:3047} INFO - Sync 1 DAGs
[2024-04-08T08:32:58.947+0000] {logging_mixin.py:188} INFO - [2024-04-08T08:32:58.947+0000] {dag.py:3834} INFO - Setting next_dagrun for example_python_operator to None, run_after=None
[2024-04-08T08:32:58.972+0000] {processor.py:183} INFO - Processing /home/airflow/.local/lib/python3.8/site-packages/airflow/example_dags/example_python_operator.py took 0.088 seconds
[2024-04-08T08:33:29.385+0000] {processor.py:161} INFO - Started process (PID=3385) to work on /home/airflow/.local/lib/python3.8/site-packages/airflow/example_dags/example_python_operator.py
[2024-04-08T08:33:29.385+0000] {processor.py:830} INFO - Processing file /home/airflow/.local/lib/python3.8/site-packages/airflow/example_dags/example_python_operator.py for tasks to queue
[2024-04-08T08:33:29.386+0000] {logging_mixin.py:188} INFO - [2024-04-08T08:33:29.386+0000] {dagbag.py:540} INFO - Filling up the DagBag from /home/airflow/.local/lib/python3.8/site-packages/airflow/example_dags/example_python_operator.py
[2024-04-08T08:33:29.399+0000] {processor.py:840} INFO - DAG(s) 'example_python_operator' retrieved from /home/airflow/.local/lib/python3.8/site-packages/airflow/example_dags/example_python_operator.py
[2024-04-08T08:33:29.429+0000] {logging_mixin.py:188} INFO - [2024-04-08T08:33:29.426+0000] {dag.py:3047} INFO - Sync 1 DAGs
[2024-04-08T08:33:29.458+0000] {logging_mixin.py:188} INFO - [2024-04-08T08:33:29.458+0000] {dag.py:3834} INFO - Setting next_dagrun for example_python_operator to None, run_after=None
[2024-04-08T08:33:29.499+0000] {processor.py:183} INFO - Processing /home/airflow/.local/lib/python3.8/site-packages/airflow/example_dags/example_python_operator.py took 0.118 seconds
[2024-04-08T08:33:59.779+0000] {processor.py:161} INFO - Started process (PID=3642) to work on /home/airflow/.local/lib/python3.8/site-packages/airflow/example_dags/example_python_operator.py
[2024-04-08T08:33:59.780+0000] {processor.py:830} INFO - Processing file /home/airflow/.local/lib/python3.8/site-packages/airflow/example_dags/example_python_operator.py for tasks to queue
[2024-04-08T08:33:59.781+0000] {logging_mixin.py:188} INFO - [2024-04-08T08:33:59.780+0000] {dagbag.py:540} INFO - Filling up the DagBag from /home/airflow/.local/lib/python3.8/site-packages/airflow/example_dags/example_python_operator.py
[2024-04-08T08:33:59.793+0000] {processor.py:840} INFO - DAG(s) 'example_python_operator' retrieved from /home/airflow/.local/lib/python3.8/site-packages/airflow/example_dags/example_python_operator.py
[2024-04-08T08:33:59.839+0000] {logging_mixin.py:188} INFO - [2024-04-08T08:33:59.839+0000] {dag.py:3047} INFO - Sync 1 DAGs
[2024-04-08T08:33:59.866+0000] {logging_mixin.py:188} INFO - [2024-04-08T08:33:59.866+0000] {dag.py:3834} INFO - Setting next_dagrun for example_python_operator to None, run_after=None
[2024-04-08T08:33:59.913+0000] {processor.py:183} INFO - Processing /home/airflow/.local/lib/python3.8/site-packages/airflow/example_dags/example_python_operator.py took 0.138 seconds
[2024-04-08T08:34:29.992+0000] {processor.py:161} INFO - Started process (PID=3898) to work on /home/airflow/.local/lib/python3.8/site-packages/airflow/example_dags/example_python_operator.py
[2024-04-08T08:34:29.993+0000] {processor.py:830} INFO - Processing file /home/airflow/.local/lib/python3.8/site-packages/airflow/example_dags/example_python_operator.py for tasks to queue
[2024-04-08T08:34:29.994+0000] {logging_mixin.py:188} INFO - [2024-04-08T08:34:29.994+0000] {dagbag.py:540} INFO - Filling up the DagBag from /home/airflow/.local/lib/python3.8/site-packages/airflow/example_dags/example_python_operator.py
[2024-04-08T08:34:30.007+0000] {processor.py:840} INFO - DAG(s) 'example_python_operator' retrieved from /home/airflow/.local/lib/python3.8/site-packages/airflow/example_dags/example_python_operator.py
[2024-04-08T08:34:30.034+0000] {logging_mixin.py:188} INFO - [2024-04-08T08:34:30.033+0000] {dag.py:3047} INFO - Sync 1 DAGs
[2024-04-08T08:34:30.049+0000] {logging_mixin.py:188} INFO - [2024-04-08T08:34:30.048+0000] {dag.py:3834} INFO - Setting next_dagrun for example_python_operator to None, run_after=None
[2024-04-08T08:34:30.072+0000] {processor.py:183} INFO - Processing /home/airflow/.local/lib/python3.8/site-packages/airflow/example_dags/example_python_operator.py took 0.083 seconds
[2024-04-08T08:35:00.319+0000] {processor.py:161} INFO - Started process (PID=4155) to work on /home/airflow/.local/lib/python3.8/site-packages/airflow/example_dags/example_python_operator.py
[2024-04-08T08:35:00.320+0000] {processor.py:830} INFO - Processing file /home/airflow/.local/lib/python3.8/site-packages/airflow/example_dags/example_python_operator.py for tasks to queue
[2024-04-08T08:35:00.320+0000] {logging_mixin.py:188} INFO - [2024-04-08T08:35:00.320+0000] {dagbag.py:540} INFO - Filling up the DagBag from /home/airflow/.local/lib/python3.8/site-packages/airflow/example_dags/example_python_operator.py
[2024-04-08T08:35:00.334+0000] {processor.py:840} INFO - DAG(s) 'example_python_operator' retrieved from /home/airflow/.local/lib/python3.8/site-packages/airflow/example_dags/example_python_operator.py
[2024-04-08T08:35:00.362+0000] {logging_mixin.py:188} INFO - [2024-04-08T08:35:00.361+0000] {dag.py:3047} INFO - Sync 1 DAGs
[2024-04-08T08:35:00.377+0000] {logging_mixin.py:188} INFO - [2024-04-08T08:35:00.376+0000] {dag.py:3834} INFO - Setting next_dagrun for example_python_operator to None, run_after=None
[2024-04-08T08:35:00.407+0000] {processor.py:183} INFO - Processing /home/airflow/.local/lib/python3.8/site-packages/airflow/example_dags/example_python_operator.py took 0.092 seconds
[2024-04-08T08:35:31.208+0000] {processor.py:161} INFO - Started process (PID=4413) to work on /home/airflow/.local/lib/python3.8/site-packages/airflow/example_dags/example_python_operator.py
[2024-04-08T08:35:31.209+0000] {processor.py:830} INFO - Processing file /home/airflow/.local/lib/python3.8/site-packages/airflow/example_dags/example_python_operator.py for tasks to queue
[2024-04-08T08:35:31.210+0000] {logging_mixin.py:188} INFO - [2024-04-08T08:35:31.210+0000] {dagbag.py:540} INFO - Filling up the DagBag from /home/airflow/.local/lib/python3.8/site-packages/airflow/example_dags/example_python_operator.py
[2024-04-08T08:35:31.226+0000] {processor.py:840} INFO - DAG(s) 'example_python_operator' retrieved from /home/airflow/.local/lib/python3.8/site-packages/airflow/example_dags/example_python_operator.py
[2024-04-08T08:35:31.253+0000] {logging_mixin.py:188} INFO - [2024-04-08T08:35:31.252+0000] {dag.py:3047} INFO - Sync 1 DAGs
[2024-04-08T08:35:31.267+0000] {logging_mixin.py:188} INFO - [2024-04-08T08:35:31.267+0000] {dag.py:3834} INFO - Setting next_dagrun for example_python_operator to None, run_after=None
[2024-04-08T08:35:31.293+0000] {processor.py:183} INFO - Processing /home/airflow/.local/lib/python3.8/site-packages/airflow/example_dags/example_python_operator.py took 0.088 seconds
[2024-04-08T08:36:01.707+0000] {processor.py:161} INFO - Started process (PID=4670) to work on /home/airflow/.local/lib/python3.8/site-packages/airflow/example_dags/example_python_operator.py
[2024-04-08T08:36:01.707+0000] {processor.py:830} INFO - Processing file /home/airflow/.local/lib/python3.8/site-packages/airflow/example_dags/example_python_operator.py for tasks to queue
[2024-04-08T08:36:01.708+0000] {logging_mixin.py:188} INFO - [2024-04-08T08:36:01.708+0000] {dagbag.py:540} INFO - Filling up the DagBag from /home/airflow/.local/lib/python3.8/site-packages/airflow/example_dags/example_python_operator.py
[2024-04-08T08:36:01.722+0000] {processor.py:840} INFO - DAG(s) 'example_python_operator' retrieved from /home/airflow/.local/lib/python3.8/site-packages/airflow/example_dags/example_python_operator.py
[2024-04-08T08:36:01.750+0000] {logging_mixin.py:188} INFO - [2024-04-08T08:36:01.750+0000] {dag.py:3047} INFO - Sync 1 DAGs
[2024-04-08T08:36:01.765+0000] {logging_mixin.py:188} INFO - [2024-04-08T08:36:01.765+0000] {dag.py:3834} INFO - Setting next_dagrun for example_python_operator to None, run_after=None
[2024-04-08T08:36:01.791+0000] {processor.py:183} INFO - Processing /home/airflow/.local/lib/python3.8/site-packages/airflow/example_dags/example_python_operator.py took 0.087 seconds
[2024-04-08T08:36:32.015+0000] {processor.py:161} INFO - Started process (PID=4928) to work on /home/airflow/.local/lib/python3.8/site-packages/airflow/example_dags/example_python_operator.py
[2024-04-08T08:36:32.016+0000] {processor.py:830} INFO - Processing file /home/airflow/.local/lib/python3.8/site-packages/airflow/example_dags/example_python_operator.py for tasks to queue
[2024-04-08T08:36:32.017+0000] {logging_mixin.py:188} INFO - [2024-04-08T08:36:32.017+0000] {dagbag.py:540} INFO - Filling up the DagBag from /home/airflow/.local/lib/python3.8/site-packages/airflow/example_dags/example_python_operator.py
[2024-04-08T08:36:32.029+0000] {processor.py:840} INFO - DAG(s) 'example_python_operator' retrieved from /home/airflow/.local/lib/python3.8/site-packages/airflow/example_dags/example_python_operator.py
[2024-04-08T08:36:32.057+0000] {logging_mixin.py:188} INFO - [2024-04-08T08:36:32.057+0000] {dag.py:3047} INFO - Sync 1 DAGs
[2024-04-08T08:36:32.072+0000] {logging_mixin.py:188} INFO - [2024-04-08T08:36:32.071+0000] {dag.py:3834} INFO - Setting next_dagrun for example_python_operator to None, run_after=None
[2024-04-08T08:36:32.097+0000] {processor.py:183} INFO - Processing /home/airflow/.local/lib/python3.8/site-packages/airflow/example_dags/example_python_operator.py took 0.085 seconds
[2024-04-08T08:37:02.322+0000] {processor.py:161} INFO - Started process (PID=5185) to work on /home/airflow/.local/lib/python3.8/site-packages/airflow/example_dags/example_python_operator.py
[2024-04-08T08:37:02.324+0000] {processor.py:830} INFO - Processing file /home/airflow/.local/lib/python3.8/site-packages/airflow/example_dags/example_python_operator.py for tasks to queue
[2024-04-08T08:37:02.325+0000] {logging_mixin.py:188} INFO - [2024-04-08T08:37:02.324+0000] {dagbag.py:540} INFO - Filling up the DagBag from /home/airflow/.local/lib/python3.8/site-packages/airflow/example_dags/example_python_operator.py
[2024-04-08T08:37:02.337+0000] {processor.py:840} INFO - DAG(s) 'example_python_operator' retrieved from /home/airflow/.local/lib/python3.8/site-packages/airflow/example_dags/example_python_operator.py
[2024-04-08T08:37:02.364+0000] {logging_mixin.py:188} INFO - [2024-04-08T08:37:02.364+0000] {dag.py:3047} INFO - Sync 1 DAGs
[2024-04-08T08:37:02.379+0000] {logging_mixin.py:188} INFO - [2024-04-08T08:37:02.379+0000] {dag.py:3834} INFO - Setting next_dagrun for example_python_operator to None, run_after=None
[2024-04-08T08:37:02.405+0000] {processor.py:183} INFO - Processing /home/airflow/.local/lib/python3.8/site-packages/airflow/example_dags/example_python_operator.py took 0.086 seconds
[2024-04-08T08:37:32.828+0000] {processor.py:161} INFO - Started process (PID=5441) to work on /home/airflow/.local/lib/python3.8/site-packages/airflow/example_dags/example_python_operator.py
[2024-04-08T08:37:32.829+0000] {processor.py:830} INFO - Processing file /home/airflow/.local/lib/python3.8/site-packages/airflow/example_dags/example_python_operator.py for tasks to queue
[2024-04-08T08:37:32.830+0000] {logging_mixin.py:188} INFO - [2024-04-08T08:37:32.829+0000] {dagbag.py:540} INFO - Filling up the DagBag from /home/airflow/.local/lib/python3.8/site-packages/airflow/example_dags/example_python_operator.py
[2024-04-08T08:37:32.842+0000] {processor.py:840} INFO - DAG(s) 'example_python_operator' retrieved from /home/airflow/.local/lib/python3.8/site-packages/airflow/example_dags/example_python_operator.py
[2024-04-08T08:37:32.870+0000] {logging_mixin.py:188} INFO - [2024-04-08T08:37:32.870+0000] {dag.py:3047} INFO - Sync 1 DAGs
[2024-04-08T08:37:32.905+0000] {logging_mixin.py:188} INFO - [2024-04-08T08:37:32.905+0000] {dag.py:3834} INFO - Setting next_dagrun for example_python_operator to None, run_after=None
[2024-04-08T08:37:32.946+0000] {processor.py:183} INFO - Processing /home/airflow/.local/lib/python3.8/site-packages/airflow/example_dags/example_python_operator.py took 0.121 seconds
[2024-04-08T08:38:03.485+0000] {processor.py:161} INFO - Started process (PID=5698) to work on /home/airflow/.local/lib/python3.8/site-packages/airflow/example_dags/example_python_operator.py
[2024-04-08T08:38:03.486+0000] {processor.py:830} INFO - Processing file /home/airflow/.local/lib/python3.8/site-packages/airflow/example_dags/example_python_operator.py for tasks to queue
[2024-04-08T08:38:03.487+0000] {logging_mixin.py:188} INFO - [2024-04-08T08:38:03.486+0000] {dagbag.py:540} INFO - Filling up the DagBag from /home/airflow/.local/lib/python3.8/site-packages/airflow/example_dags/example_python_operator.py
[2024-04-08T08:38:03.499+0000] {processor.py:840} INFO - DAG(s) 'example_python_operator' retrieved from /home/airflow/.local/lib/python3.8/site-packages/airflow/example_dags/example_python_operator.py
[2024-04-08T08:38:03.527+0000] {logging_mixin.py:188} INFO - [2024-04-08T08:38:03.527+0000] {dag.py:3047} INFO - Sync 1 DAGs
[2024-04-08T08:38:03.542+0000] {logging_mixin.py:188} INFO - [2024-04-08T08:38:03.542+0000] {dag.py:3834} INFO - Setting next_dagrun for example_python_operator to None, run_after=None
[2024-04-08T08:38:03.567+0000] {processor.py:183} INFO - Processing /home/airflow/.local/lib/python3.8/site-packages/airflow/example_dags/example_python_operator.py took 0.086 seconds
[2024-04-08T08:38:34.009+0000] {processor.py:161} INFO - Started process (PID=5956) to work on /home/airflow/.local/lib/python3.8/site-packages/airflow/example_dags/example_python_operator.py
[2024-04-08T08:38:34.011+0000] {processor.py:830} INFO - Processing file /home/airflow/.local/lib/python3.8/site-packages/airflow/example_dags/example_python_operator.py for tasks to queue
[2024-04-08T08:38:34.012+0000] {logging_mixin.py:188} INFO - [2024-04-08T08:38:34.012+0000] {dagbag.py:540} INFO - Filling up the DagBag from /home/airflow/.local/lib/python3.8/site-packages/airflow/example_dags/example_python_operator.py
[2024-04-08T08:38:34.029+0000] {processor.py:840} INFO - DAG(s) 'example_python_operator' retrieved from /home/airflow/.local/lib/python3.8/site-packages/airflow/example_dags/example_python_operator.py
[2024-04-08T08:38:34.055+0000] {logging_mixin.py:188} INFO - [2024-04-08T08:38:34.055+0000] {dag.py:3047} INFO - Sync 1 DAGs
[2024-04-08T08:38:34.071+0000] {logging_mixin.py:188} INFO - [2024-04-08T08:38:34.071+0000] {dag.py:3834} INFO - Setting next_dagrun for example_python_operator to None, run_after=None
[2024-04-08T08:38:34.096+0000] {processor.py:183} INFO - Processing /home/airflow/.local/lib/python3.8/site-packages/airflow/example_dags/example_python_operator.py took 0.090 seconds
[2024-04-08T08:39:04.644+0000] {processor.py:161} INFO - Started process (PID=6213) to work on /home/airflow/.local/lib/python3.8/site-packages/airflow/example_dags/example_python_operator.py
[2024-04-08T08:39:04.645+0000] {processor.py:830} INFO - Processing file /home/airflow/.local/lib/python3.8/site-packages/airflow/example_dags/example_python_operator.py for tasks to queue
[2024-04-08T08:39:04.646+0000] {logging_mixin.py:188} INFO - [2024-04-08T08:39:04.645+0000] {dagbag.py:540} INFO - Filling up the DagBag from /home/airflow/.local/lib/python3.8/site-packages/airflow/example_dags/example_python_operator.py
[2024-04-08T08:39:04.668+0000] {processor.py:840} INFO - DAG(s) 'example_python_operator' retrieved from /home/airflow/.local/lib/python3.8/site-packages/airflow/example_dags/example_python_operator.py
[2024-04-08T08:39:04.696+0000] {logging_mixin.py:188} INFO - [2024-04-08T08:39:04.696+0000] {dag.py:3047} INFO - Sync 1 DAGs
[2024-04-08T08:39:04.711+0000] {logging_mixin.py:188} INFO - [2024-04-08T08:39:04.711+0000] {dag.py:3834} INFO - Setting next_dagrun for example_python_operator to None, run_after=None
[2024-04-08T08:39:04.738+0000] {processor.py:183} INFO - Processing /home/airflow/.local/lib/python3.8/site-packages/airflow/example_dags/example_python_operator.py took 0.098 seconds
[2024-04-08T08:39:35.269+0000] {processor.py:161} INFO - Started process (PID=6469) to work on /home/airflow/.local/lib/python3.8/site-packages/airflow/example_dags/example_python_operator.py
[2024-04-08T08:39:35.270+0000] {processor.py:830} INFO - Processing file /home/airflow/.local/lib/python3.8/site-packages/airflow/example_dags/example_python_operator.py for tasks to queue
[2024-04-08T08:39:35.272+0000] {logging_mixin.py:188} INFO - [2024-04-08T08:39:35.271+0000] {dagbag.py:540} INFO - Filling up the DagBag from /home/airflow/.local/lib/python3.8/site-packages/airflow/example_dags/example_python_operator.py
[2024-04-08T08:39:35.285+0000] {processor.py:840} INFO - DAG(s) 'example_python_operator' retrieved from /home/airflow/.local/lib/python3.8/site-packages/airflow/example_dags/example_python_operator.py
[2024-04-08T08:39:35.312+0000] {logging_mixin.py:188} INFO - [2024-04-08T08:39:35.312+0000] {dag.py:3047} INFO - Sync 1 DAGs
[2024-04-08T08:39:35.328+0000] {logging_mixin.py:188} INFO - [2024-04-08T08:39:35.328+0000] {dag.py:3834} INFO - Setting next_dagrun for example_python_operator to None, run_after=None
[2024-04-08T08:39:35.354+0000] {processor.py:183} INFO - Processing /home/airflow/.local/lib/python3.8/site-packages/airflow/example_dags/example_python_operator.py took 0.088 seconds
[2024-04-08T08:40:05.609+0000] {processor.py:161} INFO - Started process (PID=6726) to work on /home/airflow/.local/lib/python3.8/site-packages/airflow/example_dags/example_python_operator.py
[2024-04-08T08:40:05.610+0000] {processor.py:830} INFO - Processing file /home/airflow/.local/lib/python3.8/site-packages/airflow/example_dags/example_python_operator.py for tasks to queue
[2024-04-08T08:40:05.611+0000] {logging_mixin.py:188} INFO - [2024-04-08T08:40:05.611+0000] {dagbag.py:540} INFO - Filling up the DagBag from /home/airflow/.local/lib/python3.8/site-packages/airflow/example_dags/example_python_operator.py
[2024-04-08T08:40:05.628+0000] {processor.py:840} INFO - DAG(s) 'example_python_operator' retrieved from /home/airflow/.local/lib/python3.8/site-packages/airflow/example_dags/example_python_operator.py
[2024-04-08T08:40:05.660+0000] {logging_mixin.py:188} INFO - [2024-04-08T08:40:05.660+0000] {dag.py:3047} INFO - Sync 1 DAGs
[2024-04-08T08:40:05.679+0000] {logging_mixin.py:188} INFO - [2024-04-08T08:40:05.678+0000] {dag.py:3834} INFO - Setting next_dagrun for example_python_operator to None, run_after=None
[2024-04-08T08:40:05.704+0000] {processor.py:183} INFO - Processing /home/airflow/.local/lib/python3.8/site-packages/airflow/example_dags/example_python_operator.py took 0.098 seconds
[2024-04-08T08:40:36.024+0000] {processor.py:161} INFO - Started process (PID=6983) to work on /home/airflow/.local/lib/python3.8/site-packages/airflow/example_dags/example_python_operator.py
[2024-04-08T08:40:36.025+0000] {processor.py:830} INFO - Processing file /home/airflow/.local/lib/python3.8/site-packages/airflow/example_dags/example_python_operator.py for tasks to queue
[2024-04-08T08:40:36.026+0000] {logging_mixin.py:188} INFO - [2024-04-08T08:40:36.026+0000] {dagbag.py:540} INFO - Filling up the DagBag from /home/airflow/.local/lib/python3.8/site-packages/airflow/example_dags/example_python_operator.py
[2024-04-08T08:40:36.039+0000] {processor.py:840} INFO - DAG(s) 'example_python_operator' retrieved from /home/airflow/.local/lib/python3.8/site-packages/airflow/example_dags/example_python_operator.py
[2024-04-08T08:40:36.067+0000] {logging_mixin.py:188} INFO - [2024-04-08T08:40:36.066+0000] {dag.py:3047} INFO - Sync 1 DAGs
[2024-04-08T08:40:36.118+0000] {logging_mixin.py:188} INFO - [2024-04-08T08:40:36.118+0000] {dag.py:3834} INFO - Setting next_dagrun for example_python_operator to None, run_after=None
[2024-04-08T08:40:36.146+0000] {processor.py:183} INFO - Processing /home/airflow/.local/lib/python3.8/site-packages/airflow/example_dags/example_python_operator.py took 0.125 seconds
[2024-04-08T08:41:06.636+0000] {processor.py:161} INFO - Started process (PID=7240) to work on /home/airflow/.local/lib/python3.8/site-packages/airflow/example_dags/example_python_operator.py
[2024-04-08T08:41:06.637+0000] {processor.py:830} INFO - Processing file /home/airflow/.local/lib/python3.8/site-packages/airflow/example_dags/example_python_operator.py for tasks to queue
[2024-04-08T08:41:06.638+0000] {logging_mixin.py:188} INFO - [2024-04-08T08:41:06.638+0000] {dagbag.py:540} INFO - Filling up the DagBag from /home/airflow/.local/lib/python3.8/site-packages/airflow/example_dags/example_python_operator.py
[2024-04-08T08:41:06.651+0000] {processor.py:840} INFO - DAG(s) 'example_python_operator' retrieved from /home/airflow/.local/lib/python3.8/site-packages/airflow/example_dags/example_python_operator.py
[2024-04-08T08:41:06.679+0000] {logging_mixin.py:188} INFO - [2024-04-08T08:41:06.679+0000] {dag.py:3047} INFO - Sync 1 DAGs
[2024-04-08T08:41:06.694+0000] {logging_mixin.py:188} INFO - [2024-04-08T08:41:06.694+0000] {dag.py:3834} INFO - Setting next_dagrun for example_python_operator to None, run_after=None
[2024-04-08T08:41:06.720+0000] {processor.py:183} INFO - Processing /home/airflow/.local/lib/python3.8/site-packages/airflow/example_dags/example_python_operator.py took 0.087 seconds
[2024-04-08T08:41:37.151+0000] {processor.py:161} INFO - Started process (PID=7497) to work on /home/airflow/.local/lib/python3.8/site-packages/airflow/example_dags/example_python_operator.py
[2024-04-08T08:41:37.152+0000] {processor.py:830} INFO - Processing file /home/airflow/.local/lib/python3.8/site-packages/airflow/example_dags/example_python_operator.py for tasks to queue
[2024-04-08T08:41:37.153+0000] {logging_mixin.py:188} INFO - [2024-04-08T08:41:37.153+0000] {dagbag.py:540} INFO - Filling up the DagBag from /home/airflow/.local/lib/python3.8/site-packages/airflow/example_dags/example_python_operator.py
[2024-04-08T08:41:37.167+0000] {processor.py:840} INFO - DAG(s) 'example_python_operator' retrieved from /home/airflow/.local/lib/python3.8/site-packages/airflow/example_dags/example_python_operator.py
[2024-04-08T08:41:37.195+0000] {logging_mixin.py:188} INFO - [2024-04-08T08:41:37.194+0000] {dag.py:3047} INFO - Sync 1 DAGs
[2024-04-08T08:41:37.209+0000] {logging_mixin.py:188} INFO - [2024-04-08T08:41:37.209+0000] {dag.py:3834} INFO - Setting next_dagrun for example_python_operator to None, run_after=None
[2024-04-08T08:41:37.233+0000] {processor.py:183} INFO - Processing /home/airflow/.local/lib/python3.8/site-packages/airflow/example_dags/example_python_operator.py took 0.086 seconds
[2024-04-08T08:42:07.389+0000] {processor.py:161} INFO - Started process (PID=7754) to work on /home/airflow/.local/lib/python3.8/site-packages/airflow/example_dags/example_python_operator.py
[2024-04-08T08:42:07.390+0000] {processor.py:830} INFO - Processing file /home/airflow/.local/lib/python3.8/site-packages/airflow/example_dags/example_python_operator.py for tasks to queue
[2024-04-08T08:42:07.391+0000] {logging_mixin.py:188} INFO - [2024-04-08T08:42:07.390+0000] {dagbag.py:540} INFO - Filling up the DagBag from /home/airflow/.local/lib/python3.8/site-packages/airflow/example_dags/example_python_operator.py
[2024-04-08T08:42:07.405+0000] {processor.py:840} INFO - DAG(s) 'example_python_operator' retrieved from /home/airflow/.local/lib/python3.8/site-packages/airflow/example_dags/example_python_operator.py
[2024-04-08T08:42:07.432+0000] {logging_mixin.py:188} INFO - [2024-04-08T08:42:07.432+0000] {dag.py:3047} INFO - Sync 1 DAGs
[2024-04-08T08:42:07.450+0000] {logging_mixin.py:188} INFO - [2024-04-08T08:42:07.450+0000] {dag.py:3834} INFO - Setting next_dagrun for example_python_operator to None, run_after=None
[2024-04-08T08:42:07.476+0000] {processor.py:183} INFO - Processing /home/airflow/.local/lib/python3.8/site-packages/airflow/example_dags/example_python_operator.py took 0.091 seconds
[2024-04-08T08:42:37.753+0000] {processor.py:161} INFO - Started process (PID=8011) to work on /home/airflow/.local/lib/python3.8/site-packages/airflow/example_dags/example_python_operator.py
[2024-04-08T08:42:37.754+0000] {processor.py:830} INFO - Processing file /home/airflow/.local/lib/python3.8/site-packages/airflow/example_dags/example_python_operator.py for tasks to queue
[2024-04-08T08:42:37.755+0000] {logging_mixin.py:188} INFO - [2024-04-08T08:42:37.754+0000] {dagbag.py:540} INFO - Filling up the DagBag from /home/airflow/.local/lib/python3.8/site-packages/airflow/example_dags/example_python_operator.py
[2024-04-08T08:42:37.766+0000] {processor.py:840} INFO - DAG(s) 'example_python_operator' retrieved from /home/airflow/.local/lib/python3.8/site-packages/airflow/example_dags/example_python_operator.py
[2024-04-08T08:42:37.795+0000] {logging_mixin.py:188} INFO - [2024-04-08T08:42:37.795+0000] {dag.py:3047} INFO - Sync 1 DAGs
[2024-04-08T08:42:37.811+0000] {logging_mixin.py:188} INFO - [2024-04-08T08:42:37.810+0000] {dag.py:3834} INFO - Setting next_dagrun for example_python_operator to None, run_after=None
[2024-04-08T08:42:37.838+0000] {processor.py:183} INFO - Processing /home/airflow/.local/lib/python3.8/site-packages/airflow/example_dags/example_python_operator.py took 0.088 seconds
[2024-04-08T08:43:08.048+0000] {processor.py:161} INFO - Started process (PID=8268) to work on /home/airflow/.local/lib/python3.8/site-packages/airflow/example_dags/example_python_operator.py
[2024-04-08T08:43:08.050+0000] {processor.py:830} INFO - Processing file /home/airflow/.local/lib/python3.8/site-packages/airflow/example_dags/example_python_operator.py for tasks to queue
[2024-04-08T08:43:08.057+0000] {logging_mixin.py:188} INFO - [2024-04-08T08:43:08.057+0000] {dagbag.py:540} INFO - Filling up the DagBag from /home/airflow/.local/lib/python3.8/site-packages/airflow/example_dags/example_python_operator.py
[2024-04-08T08:43:08.078+0000] {processor.py:840} INFO - DAG(s) 'example_python_operator' retrieved from /home/airflow/.local/lib/python3.8/site-packages/airflow/example_dags/example_python_operator.py
[2024-04-08T08:43:08.119+0000] {logging_mixin.py:188} INFO - [2024-04-08T08:43:08.119+0000] {dag.py:3047} INFO - Sync 1 DAGs
[2024-04-08T08:43:08.137+0000] {logging_mixin.py:188} INFO - [2024-04-08T08:43:08.136+0000] {dag.py:3834} INFO - Setting next_dagrun for example_python_operator to None, run_after=None
[2024-04-08T08:43:08.160+0000] {processor.py:183} INFO - Processing /home/airflow/.local/lib/python3.8/site-packages/airflow/example_dags/example_python_operator.py took 0.116 seconds
[2024-04-08T08:43:38.543+0000] {processor.py:161} INFO - Started process (PID=8525) to work on /home/airflow/.local/lib/python3.8/site-packages/airflow/example_dags/example_python_operator.py
[2024-04-08T08:43:38.544+0000] {processor.py:830} INFO - Processing file /home/airflow/.local/lib/python3.8/site-packages/airflow/example_dags/example_python_operator.py for tasks to queue
[2024-04-08T08:43:38.545+0000] {logging_mixin.py:188} INFO - [2024-04-08T08:43:38.545+0000] {dagbag.py:540} INFO - Filling up the DagBag from /home/airflow/.local/lib/python3.8/site-packages/airflow/example_dags/example_python_operator.py
[2024-04-08T08:43:38.558+0000] {processor.py:840} INFO - DAG(s) 'example_python_operator' retrieved from /home/airflow/.local/lib/python3.8/site-packages/airflow/example_dags/example_python_operator.py
[2024-04-08T08:43:38.585+0000] {logging_mixin.py:188} INFO - [2024-04-08T08:43:38.585+0000] {dag.py:3047} INFO - Sync 1 DAGs
[2024-04-08T08:43:38.601+0000] {logging_mixin.py:188} INFO - [2024-04-08T08:43:38.601+0000] {dag.py:3834} INFO - Setting next_dagrun for example_python_operator to None, run_after=None
[2024-04-08T08:43:38.626+0000] {processor.py:183} INFO - Processing /home/airflow/.local/lib/python3.8/site-packages/airflow/example_dags/example_python_operator.py took 0.086 seconds
[2024-04-08T08:44:09.471+0000] {processor.py:161} INFO - Started process (PID=8789) to work on /home/airflow/.local/lib/python3.8/site-packages/airflow/example_dags/example_python_operator.py
[2024-04-08T08:44:09.474+0000] {processor.py:830} INFO - Processing file /home/airflow/.local/lib/python3.8/site-packages/airflow/example_dags/example_python_operator.py for tasks to queue
[2024-04-08T08:44:09.475+0000] {logging_mixin.py:188} INFO - [2024-04-08T08:44:09.475+0000] {dagbag.py:540} INFO - Filling up the DagBag from /home/airflow/.local/lib/python3.8/site-packages/airflow/example_dags/example_python_operator.py
[2024-04-08T08:44:09.489+0000] {processor.py:840} INFO - DAG(s) 'example_python_operator' retrieved from /home/airflow/.local/lib/python3.8/site-packages/airflow/example_dags/example_python_operator.py
[2024-04-08T08:44:09.516+0000] {logging_mixin.py:188} INFO - [2024-04-08T08:44:09.516+0000] {dag.py:3047} INFO - Sync 1 DAGs
[2024-04-08T08:44:09.531+0000] {logging_mixin.py:188} INFO - [2024-04-08T08:44:09.531+0000] {dag.py:3834} INFO - Setting next_dagrun for example_python_operator to None, run_after=None
[2024-04-08T08:44:09.556+0000] {processor.py:183} INFO - Processing /home/airflow/.local/lib/python3.8/site-packages/airflow/example_dags/example_python_operator.py took 0.089 seconds
[2024-04-08T08:44:39.821+0000] {processor.py:161} INFO - Started process (PID=9048) to work on /home/airflow/.local/lib/python3.8/site-packages/airflow/example_dags/example_python_operator.py
[2024-04-08T08:44:39.822+0000] {processor.py:830} INFO - Processing file /home/airflow/.local/lib/python3.8/site-packages/airflow/example_dags/example_python_operator.py for tasks to queue
[2024-04-08T08:44:39.823+0000] {logging_mixin.py:188} INFO - [2024-04-08T08:44:39.823+0000] {dagbag.py:540} INFO - Filling up the DagBag from /home/airflow/.local/lib/python3.8/site-packages/airflow/example_dags/example_python_operator.py
[2024-04-08T08:44:39.836+0000] {processor.py:840} INFO - DAG(s) 'example_python_operator' retrieved from /home/airflow/.local/lib/python3.8/site-packages/airflow/example_dags/example_python_operator.py
[2024-04-08T08:44:39.865+0000] {logging_mixin.py:188} INFO - [2024-04-08T08:44:39.865+0000] {dag.py:3047} INFO - Sync 1 DAGs
[2024-04-08T08:44:39.881+0000] {logging_mixin.py:188} INFO - [2024-04-08T08:44:39.881+0000] {dag.py:3834} INFO - Setting next_dagrun for example_python_operator to None, run_after=None
[2024-04-08T08:44:39.908+0000] {processor.py:183} INFO - Processing /home/airflow/.local/lib/python3.8/site-packages/airflow/example_dags/example_python_operator.py took 0.090 seconds
[2024-04-08T08:45:10.238+0000] {processor.py:161} INFO - Started process (PID=9306) to work on /home/airflow/.local/lib/python3.8/site-packages/airflow/example_dags/example_python_operator.py
[2024-04-08T08:45:10.239+0000] {processor.py:830} INFO - Processing file /home/airflow/.local/lib/python3.8/site-packages/airflow/example_dags/example_python_operator.py for tasks to queue
[2024-04-08T08:45:10.240+0000] {logging_mixin.py:188} INFO - [2024-04-08T08:45:10.239+0000] {dagbag.py:540} INFO - Filling up the DagBag from /home/airflow/.local/lib/python3.8/site-packages/airflow/example_dags/example_python_operator.py
[2024-04-08T08:45:10.252+0000] {processor.py:840} INFO - DAG(s) 'example_python_operator' retrieved from /home/airflow/.local/lib/python3.8/site-packages/airflow/example_dags/example_python_operator.py
[2024-04-08T08:45:10.284+0000] {logging_mixin.py:188} INFO - [2024-04-08T08:45:10.284+0000] {dag.py:3047} INFO - Sync 1 DAGs
[2024-04-08T08:45:10.299+0000] {logging_mixin.py:188} INFO - [2024-04-08T08:45:10.299+0000] {dag.py:3834} INFO - Setting next_dagrun for example_python_operator to None, run_after=None
[2024-04-08T08:45:10.323+0000] {processor.py:183} INFO - Processing /home/airflow/.local/lib/python3.8/site-packages/airflow/example_dags/example_python_operator.py took 0.088 seconds
[2024-04-08T08:45:40.469+0000] {processor.py:161} INFO - Started process (PID=9563) to work on /home/airflow/.local/lib/python3.8/site-packages/airflow/example_dags/example_python_operator.py
[2024-04-08T08:45:40.472+0000] {processor.py:830} INFO - Processing file /home/airflow/.local/lib/python3.8/site-packages/airflow/example_dags/example_python_operator.py for tasks to queue
[2024-04-08T08:45:40.473+0000] {logging_mixin.py:188} INFO - [2024-04-08T08:45:40.473+0000] {dagbag.py:540} INFO - Filling up the DagBag from /home/airflow/.local/lib/python3.8/site-packages/airflow/example_dags/example_python_operator.py
[2024-04-08T08:45:40.495+0000] {processor.py:840} INFO - DAG(s) 'example_python_operator' retrieved from /home/airflow/.local/lib/python3.8/site-packages/airflow/example_dags/example_python_operator.py
[2024-04-08T08:45:40.536+0000] {logging_mixin.py:188} INFO - [2024-04-08T08:45:40.536+0000] {dag.py:3047} INFO - Sync 1 DAGs
[2024-04-08T08:45:40.553+0000] {logging_mixin.py:188} INFO - [2024-04-08T08:45:40.552+0000] {dag.py:3834} INFO - Setting next_dagrun for example_python_operator to None, run_after=None
[2024-04-08T08:45:40.581+0000] {processor.py:183} INFO - Processing /home/airflow/.local/lib/python3.8/site-packages/airflow/example_dags/example_python_operator.py took 0.116 seconds
[2024-04-08T08:46:10.852+0000] {processor.py:161} INFO - Started process (PID=9820) to work on /home/airflow/.local/lib/python3.8/site-packages/airflow/example_dags/example_python_operator.py
[2024-04-08T08:46:10.854+0000] {processor.py:830} INFO - Processing file /home/airflow/.local/lib/python3.8/site-packages/airflow/example_dags/example_python_operator.py for tasks to queue
[2024-04-08T08:46:10.855+0000] {logging_mixin.py:188} INFO - [2024-04-08T08:46:10.854+0000] {dagbag.py:540} INFO - Filling up the DagBag from /home/airflow/.local/lib/python3.8/site-packages/airflow/example_dags/example_python_operator.py
[2024-04-08T08:46:10.870+0000] {processor.py:840} INFO - DAG(s) 'example_python_operator' retrieved from /home/airflow/.local/lib/python3.8/site-packages/airflow/example_dags/example_python_operator.py
[2024-04-08T08:46:10.897+0000] {logging_mixin.py:188} INFO - [2024-04-08T08:46:10.896+0000] {dag.py:3047} INFO - Sync 1 DAGs
[2024-04-08T08:46:10.913+0000] {logging_mixin.py:188} INFO - [2024-04-08T08:46:10.912+0000] {dag.py:3834} INFO - Setting next_dagrun for example_python_operator to None, run_after=None
[2024-04-08T08:46:10.948+0000] {processor.py:183} INFO - Processing /home/airflow/.local/lib/python3.8/site-packages/airflow/example_dags/example_python_operator.py took 0.100 seconds
[2024-04-08T08:46:41.256+0000] {processor.py:161} INFO - Started process (PID=10077) to work on /home/airflow/.local/lib/python3.8/site-packages/airflow/example_dags/example_python_operator.py
[2024-04-08T08:46:41.257+0000] {processor.py:830} INFO - Processing file /home/airflow/.local/lib/python3.8/site-packages/airflow/example_dags/example_python_operator.py for tasks to queue
[2024-04-08T08:46:41.258+0000] {logging_mixin.py:188} INFO - [2024-04-08T08:46:41.258+0000] {dagbag.py:540} INFO - Filling up the DagBag from /home/airflow/.local/lib/python3.8/site-packages/airflow/example_dags/example_python_operator.py
[2024-04-08T08:46:41.270+0000] {processor.py:840} INFO - DAG(s) 'example_python_operator' retrieved from /home/airflow/.local/lib/python3.8/site-packages/airflow/example_dags/example_python_operator.py
[2024-04-08T08:46:41.297+0000] {logging_mixin.py:188} INFO - [2024-04-08T08:46:41.296+0000] {dag.py:3047} INFO - Sync 1 DAGs
[2024-04-08T08:46:41.317+0000] {logging_mixin.py:188} INFO - [2024-04-08T08:46:41.317+0000] {dag.py:3834} INFO - Setting next_dagrun for example_python_operator to None, run_after=None
[2024-04-08T08:46:41.347+0000] {processor.py:183} INFO - Processing /home/airflow/.local/lib/python3.8/site-packages/airflow/example_dags/example_python_operator.py took 0.094 seconds
[2024-04-08T08:47:11.949+0000] {processor.py:161} INFO - Started process (PID=10334) to work on /home/airflow/.local/lib/python3.8/site-packages/airflow/example_dags/example_python_operator.py
[2024-04-08T08:47:11.950+0000] {processor.py:830} INFO - Processing file /home/airflow/.local/lib/python3.8/site-packages/airflow/example_dags/example_python_operator.py for tasks to queue
[2024-04-08T08:47:11.951+0000] {logging_mixin.py:188} INFO - [2024-04-08T08:47:11.950+0000] {dagbag.py:540} INFO - Filling up the DagBag from /home/airflow/.local/lib/python3.8/site-packages/airflow/example_dags/example_python_operator.py
[2024-04-08T08:47:11.963+0000] {processor.py:840} INFO - DAG(s) 'example_python_operator' retrieved from /home/airflow/.local/lib/python3.8/site-packages/airflow/example_dags/example_python_operator.py
[2024-04-08T08:47:11.991+0000] {logging_mixin.py:188} INFO - [2024-04-08T08:47:11.991+0000] {dag.py:3047} INFO - Sync 1 DAGs
[2024-04-08T08:47:12.011+0000] {logging_mixin.py:188} INFO - [2024-04-08T08:47:12.011+0000] {dag.py:3834} INFO - Setting next_dagrun for example_python_operator to None, run_after=None
[2024-04-08T08:47:12.071+0000] {processor.py:183} INFO - Processing /home/airflow/.local/lib/python3.8/site-packages/airflow/example_dags/example_python_operator.py took 0.125 seconds
[2024-04-08T08:47:42.196+0000] {processor.py:161} INFO - Started process (PID=10589) to work on /home/airflow/.local/lib/python3.8/site-packages/airflow/example_dags/example_python_operator.py
[2024-04-08T08:47:42.197+0000] {processor.py:830} INFO - Processing file /home/airflow/.local/lib/python3.8/site-packages/airflow/example_dags/example_python_operator.py for tasks to queue
[2024-04-08T08:47:42.198+0000] {logging_mixin.py:188} INFO - [2024-04-08T08:47:42.198+0000] {dagbag.py:540} INFO - Filling up the DagBag from /home/airflow/.local/lib/python3.8/site-packages/airflow/example_dags/example_python_operator.py
[2024-04-08T08:47:42.211+0000] {processor.py:840} INFO - DAG(s) 'example_python_operator' retrieved from /home/airflow/.local/lib/python3.8/site-packages/airflow/example_dags/example_python_operator.py
[2024-04-08T08:47:42.239+0000] {logging_mixin.py:188} INFO - [2024-04-08T08:47:42.238+0000] {dag.py:3047} INFO - Sync 1 DAGs
[2024-04-08T08:47:42.253+0000] {logging_mixin.py:188} INFO - [2024-04-08T08:47:42.253+0000] {dag.py:3834} INFO - Setting next_dagrun for example_python_operator to None, run_after=None
[2024-04-08T08:47:42.275+0000] {processor.py:183} INFO - Processing /home/airflow/.local/lib/python3.8/site-packages/airflow/example_dags/example_python_operator.py took 0.084 seconds
[2024-04-08T08:48:12.391+0000] {processor.py:161} INFO - Started process (PID=10846) to work on /home/airflow/.local/lib/python3.8/site-packages/airflow/example_dags/example_python_operator.py
[2024-04-08T08:48:12.393+0000] {processor.py:830} INFO - Processing file /home/airflow/.local/lib/python3.8/site-packages/airflow/example_dags/example_python_operator.py for tasks to queue
[2024-04-08T08:48:12.393+0000] {logging_mixin.py:188} INFO - [2024-04-08T08:48:12.393+0000] {dagbag.py:540} INFO - Filling up the DagBag from /home/airflow/.local/lib/python3.8/site-packages/airflow/example_dags/example_python_operator.py
[2024-04-08T08:48:12.406+0000] {processor.py:840} INFO - DAG(s) 'example_python_operator' retrieved from /home/airflow/.local/lib/python3.8/site-packages/airflow/example_dags/example_python_operator.py
[2024-04-08T08:48:12.432+0000] {logging_mixin.py:188} INFO - [2024-04-08T08:48:12.432+0000] {dag.py:3047} INFO - Sync 1 DAGs
[2024-04-08T08:48:12.444+0000] {logging_mixin.py:188} INFO - [2024-04-08T08:48:12.444+0000] {dag.py:3834} INFO - Setting next_dagrun for example_python_operator to None, run_after=None
[2024-04-08T08:48:12.467+0000] {processor.py:183} INFO - Processing /home/airflow/.local/lib/python3.8/site-packages/airflow/example_dags/example_python_operator.py took 0.079 seconds
[2024-04-08T08:48:42.816+0000] {processor.py:161} INFO - Started process (PID=11103) to work on /home/airflow/.local/lib/python3.8/site-packages/airflow/example_dags/example_python_operator.py
[2024-04-08T08:48:42.817+0000] {processor.py:830} INFO - Processing file /home/airflow/.local/lib/python3.8/site-packages/airflow/example_dags/example_python_operator.py for tasks to queue
[2024-04-08T08:48:42.818+0000] {logging_mixin.py:188} INFO - [2024-04-08T08:48:42.818+0000] {dagbag.py:540} INFO - Filling up the DagBag from /home/airflow/.local/lib/python3.8/site-packages/airflow/example_dags/example_python_operator.py
[2024-04-08T08:48:42.831+0000] {processor.py:840} INFO - DAG(s) 'example_python_operator' retrieved from /home/airflow/.local/lib/python3.8/site-packages/airflow/example_dags/example_python_operator.py
[2024-04-08T08:48:42.857+0000] {logging_mixin.py:188} INFO - [2024-04-08T08:48:42.857+0000] {dag.py:3047} INFO - Sync 1 DAGs
[2024-04-08T08:48:42.873+0000] {logging_mixin.py:188} INFO - [2024-04-08T08:48:42.873+0000] {dag.py:3834} INFO - Setting next_dagrun for example_python_operator to None, run_after=None
[2024-04-08T08:48:42.898+0000] {processor.py:183} INFO - Processing /home/airflow/.local/lib/python3.8/site-packages/airflow/example_dags/example_python_operator.py took 0.086 seconds
[2024-04-08T08:49:13.874+0000] {processor.py:161} INFO - Started process (PID=11362) to work on /home/airflow/.local/lib/python3.8/site-packages/airflow/example_dags/example_python_operator.py
[2024-04-08T08:49:13.875+0000] {processor.py:830} INFO - Processing file /home/airflow/.local/lib/python3.8/site-packages/airflow/example_dags/example_python_operator.py for tasks to queue
[2024-04-08T08:49:13.876+0000] {logging_mixin.py:188} INFO - [2024-04-08T08:49:13.876+0000] {dagbag.py:540} INFO - Filling up the DagBag from /home/airflow/.local/lib/python3.8/site-packages/airflow/example_dags/example_python_operator.py
[2024-04-08T08:49:13.890+0000] {processor.py:840} INFO - DAG(s) 'example_python_operator' retrieved from /home/airflow/.local/lib/python3.8/site-packages/airflow/example_dags/example_python_operator.py
[2024-04-08T08:49:13.919+0000] {logging_mixin.py:188} INFO - [2024-04-08T08:49:13.919+0000] {dag.py:3047} INFO - Sync 1 DAGs
[2024-04-08T08:49:13.935+0000] {logging_mixin.py:188} INFO - [2024-04-08T08:49:13.935+0000] {dag.py:3834} INFO - Setting next_dagrun for example_python_operator to None, run_after=None
[2024-04-08T08:49:13.960+0000] {processor.py:183} INFO - Processing /home/airflow/.local/lib/python3.8/site-packages/airflow/example_dags/example_python_operator.py took 0.089 seconds
[2024-04-08T08:49:44.327+0000] {processor.py:161} INFO - Started process (PID=11618) to work on /home/airflow/.local/lib/python3.8/site-packages/airflow/example_dags/example_python_operator.py
[2024-04-08T08:49:44.329+0000] {processor.py:830} INFO - Processing file /home/airflow/.local/lib/python3.8/site-packages/airflow/example_dags/example_python_operator.py for tasks to queue
[2024-04-08T08:49:44.330+0000] {logging_mixin.py:188} INFO - [2024-04-08T08:49:44.330+0000] {dagbag.py:540} INFO - Filling up the DagBag from /home/airflow/.local/lib/python3.8/site-packages/airflow/example_dags/example_python_operator.py
[2024-04-08T08:49:44.342+0000] {processor.py:840} INFO - DAG(s) 'example_python_operator' retrieved from /home/airflow/.local/lib/python3.8/site-packages/airflow/example_dags/example_python_operator.py
[2024-04-08T08:49:44.369+0000] {logging_mixin.py:188} INFO - [2024-04-08T08:49:44.369+0000] {dag.py:3047} INFO - Sync 1 DAGs
[2024-04-08T08:49:44.385+0000] {logging_mixin.py:188} INFO - [2024-04-08T08:49:44.385+0000] {dag.py:3834} INFO - Setting next_dagrun for example_python_operator to None, run_after=None
[2024-04-08T08:49:44.410+0000] {processor.py:183} INFO - Processing /home/airflow/.local/lib/python3.8/site-packages/airflow/example_dags/example_python_operator.py took 0.087 seconds
[2024-04-08T08:50:14.962+0000] {processor.py:161} INFO - Started process (PID=11874) to work on /home/airflow/.local/lib/python3.8/site-packages/airflow/example_dags/example_python_operator.py
[2024-04-08T08:50:14.963+0000] {processor.py:830} INFO - Processing file /home/airflow/.local/lib/python3.8/site-packages/airflow/example_dags/example_python_operator.py for tasks to queue
[2024-04-08T08:50:14.965+0000] {logging_mixin.py:188} INFO - [2024-04-08T08:50:14.964+0000] {dagbag.py:540} INFO - Filling up the DagBag from /home/airflow/.local/lib/python3.8/site-packages/airflow/example_dags/example_python_operator.py
[2024-04-08T08:50:14.979+0000] {processor.py:840} INFO - DAG(s) 'example_python_operator' retrieved from /home/airflow/.local/lib/python3.8/site-packages/airflow/example_dags/example_python_operator.py
[2024-04-08T08:50:15.006+0000] {logging_mixin.py:188} INFO - [2024-04-08T08:50:15.005+0000] {dag.py:3047} INFO - Sync 1 DAGs
[2024-04-08T08:50:15.020+0000] {logging_mixin.py:188} INFO - [2024-04-08T08:50:15.020+0000] {dag.py:3834} INFO - Setting next_dagrun for example_python_operator to None, run_after=None
[2024-04-08T08:50:15.043+0000] {processor.py:183} INFO - Processing /home/airflow/.local/lib/python3.8/site-packages/airflow/example_dags/example_python_operator.py took 0.085 seconds
[2024-04-08T08:50:45.386+0000] {processor.py:161} INFO - Started process (PID=12132) to work on /home/airflow/.local/lib/python3.8/site-packages/airflow/example_dags/example_python_operator.py
[2024-04-08T08:50:45.388+0000] {processor.py:830} INFO - Processing file /home/airflow/.local/lib/python3.8/site-packages/airflow/example_dags/example_python_operator.py for tasks to queue
[2024-04-08T08:50:45.389+0000] {logging_mixin.py:188} INFO - [2024-04-08T08:50:45.389+0000] {dagbag.py:540} INFO - Filling up the DagBag from /home/airflow/.local/lib/python3.8/site-packages/airflow/example_dags/example_python_operator.py
[2024-04-08T08:50:45.402+0000] {processor.py:840} INFO - DAG(s) 'example_python_operator' retrieved from /home/airflow/.local/lib/python3.8/site-packages/airflow/example_dags/example_python_operator.py
[2024-04-08T08:50:45.428+0000] {logging_mixin.py:188} INFO - [2024-04-08T08:50:45.428+0000] {dag.py:3047} INFO - Sync 1 DAGs
[2024-04-08T08:50:45.442+0000] {logging_mixin.py:188} INFO - [2024-04-08T08:50:45.442+0000] {dag.py:3834} INFO - Setting next_dagrun for example_python_operator to None, run_after=None
[2024-04-08T08:50:45.467+0000] {processor.py:183} INFO - Processing /home/airflow/.local/lib/python3.8/site-packages/airflow/example_dags/example_python_operator.py took 0.085 seconds
[2024-04-08T08:51:15.822+0000] {processor.py:161} INFO - Started process (PID=12390) to work on /home/airflow/.local/lib/python3.8/site-packages/airflow/example_dags/example_python_operator.py
[2024-04-08T08:51:15.823+0000] {processor.py:830} INFO - Processing file /home/airflow/.local/lib/python3.8/site-packages/airflow/example_dags/example_python_operator.py for tasks to queue
[2024-04-08T08:51:15.825+0000] {logging_mixin.py:188} INFO - [2024-04-08T08:51:15.824+0000] {dagbag.py:540} INFO - Filling up the DagBag from /home/airflow/.local/lib/python3.8/site-packages/airflow/example_dags/example_python_operator.py
[2024-04-08T08:51:15.837+0000] {processor.py:840} INFO - DAG(s) 'example_python_operator' retrieved from /home/airflow/.local/lib/python3.8/site-packages/airflow/example_dags/example_python_operator.py
[2024-04-08T08:51:15.865+0000] {logging_mixin.py:188} INFO - [2024-04-08T08:51:15.865+0000] {dag.py:3047} INFO - Sync 1 DAGs
[2024-04-08T08:51:15.883+0000] {logging_mixin.py:188} INFO - [2024-04-08T08:51:15.883+0000] {dag.py:3834} INFO - Setting next_dagrun for example_python_operator to None, run_after=None
[2024-04-08T08:51:15.912+0000] {processor.py:183} INFO - Processing /home/airflow/.local/lib/python3.8/site-packages/airflow/example_dags/example_python_operator.py took 0.094 seconds
[2024-04-08T08:51:46.317+0000] {processor.py:161} INFO - Started process (PID=12649) to work on /home/airflow/.local/lib/python3.8/site-packages/airflow/example_dags/example_python_operator.py
[2024-04-08T08:51:46.318+0000] {processor.py:830} INFO - Processing file /home/airflow/.local/lib/python3.8/site-packages/airflow/example_dags/example_python_operator.py for tasks to queue
[2024-04-08T08:51:46.319+0000] {logging_mixin.py:188} INFO - [2024-04-08T08:51:46.319+0000] {dagbag.py:540} INFO - Filling up the DagBag from /home/airflow/.local/lib/python3.8/site-packages/airflow/example_dags/example_python_operator.py
[2024-04-08T08:51:46.332+0000] {processor.py:840} INFO - DAG(s) 'example_python_operator' retrieved from /home/airflow/.local/lib/python3.8/site-packages/airflow/example_dags/example_python_operator.py
[2024-04-08T08:51:46.360+0000] {logging_mixin.py:188} INFO - [2024-04-08T08:51:46.359+0000] {dag.py:3047} INFO - Sync 1 DAGs
[2024-04-08T08:51:46.375+0000] {logging_mixin.py:188} INFO - [2024-04-08T08:51:46.375+0000] {dag.py:3834} INFO - Setting next_dagrun for example_python_operator to None, run_after=None
[2024-04-08T08:51:46.398+0000] {processor.py:183} INFO - Processing /home/airflow/.local/lib/python3.8/site-packages/airflow/example_dags/example_python_operator.py took 0.085 seconds
[2024-04-08T08:52:16.863+0000] {processor.py:161} INFO - Started process (PID=12904) to work on /home/airflow/.local/lib/python3.8/site-packages/airflow/example_dags/example_python_operator.py
[2024-04-08T08:52:16.864+0000] {processor.py:830} INFO - Processing file /home/airflow/.local/lib/python3.8/site-packages/airflow/example_dags/example_python_operator.py for tasks to queue
[2024-04-08T08:52:16.865+0000] {logging_mixin.py:188} INFO - [2024-04-08T08:52:16.865+0000] {dagbag.py:540} INFO - Filling up the DagBag from /home/airflow/.local/lib/python3.8/site-packages/airflow/example_dags/example_python_operator.py
[2024-04-08T08:52:16.879+0000] {processor.py:840} INFO - DAG(s) 'example_python_operator' retrieved from /home/airflow/.local/lib/python3.8/site-packages/airflow/example_dags/example_python_operator.py
[2024-04-08T08:52:16.904+0000] {logging_mixin.py:188} INFO - [2024-04-08T08:52:16.904+0000] {dag.py:3047} INFO - Sync 1 DAGs
[2024-04-08T08:52:16.920+0000] {logging_mixin.py:188} INFO - [2024-04-08T08:52:16.920+0000] {dag.py:3834} INFO - Setting next_dagrun for example_python_operator to None, run_after=None
[2024-04-08T08:52:16.947+0000] {processor.py:183} INFO - Processing /home/airflow/.local/lib/python3.8/site-packages/airflow/example_dags/example_python_operator.py took 0.088 seconds
[2024-04-08T08:52:47.352+0000] {processor.py:161} INFO - Started process (PID=13161) to work on /home/airflow/.local/lib/python3.8/site-packages/airflow/example_dags/example_python_operator.py
[2024-04-08T08:52:47.353+0000] {processor.py:830} INFO - Processing file /home/airflow/.local/lib/python3.8/site-packages/airflow/example_dags/example_python_operator.py for tasks to queue
[2024-04-08T08:52:47.354+0000] {logging_mixin.py:188} INFO - [2024-04-08T08:52:47.354+0000] {dagbag.py:540} INFO - Filling up the DagBag from /home/airflow/.local/lib/python3.8/site-packages/airflow/example_dags/example_python_operator.py
[2024-04-08T08:52:47.367+0000] {processor.py:840} INFO - DAG(s) 'example_python_operator' retrieved from /home/airflow/.local/lib/python3.8/site-packages/airflow/example_dags/example_python_operator.py
[2024-04-08T08:52:47.391+0000] {logging_mixin.py:188} INFO - [2024-04-08T08:52:47.391+0000] {dag.py:3047} INFO - Sync 1 DAGs
[2024-04-08T08:52:47.408+0000] {logging_mixin.py:188} INFO - [2024-04-08T08:52:47.408+0000] {dag.py:3834} INFO - Setting next_dagrun for example_python_operator to None, run_after=None
[2024-04-08T08:52:47.433+0000] {processor.py:183} INFO - Processing /home/airflow/.local/lib/python3.8/site-packages/airflow/example_dags/example_python_operator.py took 0.085 seconds
[2024-04-08T08:53:17.743+0000] {processor.py:161} INFO - Started process (PID=13418) to work on /home/airflow/.local/lib/python3.8/site-packages/airflow/example_dags/example_python_operator.py
[2024-04-08T08:53:17.744+0000] {processor.py:830} INFO - Processing file /home/airflow/.local/lib/python3.8/site-packages/airflow/example_dags/example_python_operator.py for tasks to queue
[2024-04-08T08:53:17.745+0000] {logging_mixin.py:188} INFO - [2024-04-08T08:53:17.744+0000] {dagbag.py:540} INFO - Filling up the DagBag from /home/airflow/.local/lib/python3.8/site-packages/airflow/example_dags/example_python_operator.py
[2024-04-08T08:53:17.757+0000] {processor.py:840} INFO - DAG(s) 'example_python_operator' retrieved from /home/airflow/.local/lib/python3.8/site-packages/airflow/example_dags/example_python_operator.py
[2024-04-08T08:53:17.784+0000] {logging_mixin.py:188} INFO - [2024-04-08T08:53:17.784+0000] {dag.py:3047} INFO - Sync 1 DAGs
[2024-04-08T08:53:17.800+0000] {logging_mixin.py:188} INFO - [2024-04-08T08:53:17.800+0000] {dag.py:3834} INFO - Setting next_dagrun for example_python_operator to None, run_after=None
[2024-04-08T08:53:17.823+0000] {processor.py:183} INFO - Processing /home/airflow/.local/lib/python3.8/site-packages/airflow/example_dags/example_python_operator.py took 0.084 seconds
[2024-04-08T08:53:48.543+0000] {processor.py:161} INFO - Started process (PID=13677) to work on /home/airflow/.local/lib/python3.8/site-packages/airflow/example_dags/example_python_operator.py
[2024-04-08T08:53:48.544+0000] {processor.py:830} INFO - Processing file /home/airflow/.local/lib/python3.8/site-packages/airflow/example_dags/example_python_operator.py for tasks to queue
[2024-04-08T08:53:48.545+0000] {logging_mixin.py:188} INFO - [2024-04-08T08:53:48.545+0000] {dagbag.py:540} INFO - Filling up the DagBag from /home/airflow/.local/lib/python3.8/site-packages/airflow/example_dags/example_python_operator.py
[2024-04-08T08:53:48.559+0000] {processor.py:840} INFO - DAG(s) 'example_python_operator' retrieved from /home/airflow/.local/lib/python3.8/site-packages/airflow/example_dags/example_python_operator.py
[2024-04-08T08:53:48.588+0000] {logging_mixin.py:188} INFO - [2024-04-08T08:53:48.587+0000] {dag.py:3047} INFO - Sync 1 DAGs
[2024-04-08T08:53:48.602+0000] {logging_mixin.py:188} INFO - [2024-04-08T08:53:48.602+0000] {dag.py:3834} INFO - Setting next_dagrun for example_python_operator to None, run_after=None
[2024-04-08T08:53:48.627+0000] {processor.py:183} INFO - Processing /home/airflow/.local/lib/python3.8/site-packages/airflow/example_dags/example_python_operator.py took 0.088 seconds
[2024-04-08T08:54:18.820+0000] {processor.py:161} INFO - Started process (PID=13933) to work on /home/airflow/.local/lib/python3.8/site-packages/airflow/example_dags/example_python_operator.py
[2024-04-08T08:54:18.822+0000] {processor.py:830} INFO - Processing file /home/airflow/.local/lib/python3.8/site-packages/airflow/example_dags/example_python_operator.py for tasks to queue
[2024-04-08T08:54:18.823+0000] {logging_mixin.py:188} INFO - [2024-04-08T08:54:18.823+0000] {dagbag.py:540} INFO - Filling up the DagBag from /home/airflow/.local/lib/python3.8/site-packages/airflow/example_dags/example_python_operator.py
[2024-04-08T08:54:18.836+0000] {processor.py:840} INFO - DAG(s) 'example_python_operator' retrieved from /home/airflow/.local/lib/python3.8/site-packages/airflow/example_dags/example_python_operator.py
[2024-04-08T08:54:18.864+0000] {logging_mixin.py:188} INFO - [2024-04-08T08:54:18.864+0000] {dag.py:3047} INFO - Sync 1 DAGs
[2024-04-08T08:54:18.879+0000] {logging_mixin.py:188} INFO - [2024-04-08T08:54:18.879+0000] {dag.py:3834} INFO - Setting next_dagrun for example_python_operator to None, run_after=None
[2024-04-08T08:54:18.901+0000] {processor.py:183} INFO - Processing /home/airflow/.local/lib/python3.8/site-packages/airflow/example_dags/example_python_operator.py took 0.084 seconds
[2024-04-08T08:54:49.283+0000] {processor.py:161} INFO - Started process (PID=14193) to work on /home/airflow/.local/lib/python3.8/site-packages/airflow/example_dags/example_python_operator.py
[2024-04-08T08:54:49.284+0000] {processor.py:830} INFO - Processing file /home/airflow/.local/lib/python3.8/site-packages/airflow/example_dags/example_python_operator.py for tasks to queue
[2024-04-08T08:54:49.284+0000] {logging_mixin.py:188} INFO - [2024-04-08T08:54:49.284+0000] {dagbag.py:540} INFO - Filling up the DagBag from /home/airflow/.local/lib/python3.8/site-packages/airflow/example_dags/example_python_operator.py
[2024-04-08T08:54:49.293+0000] {processor.py:840} INFO - DAG(s) 'example_python_operator' retrieved from /home/airflow/.local/lib/python3.8/site-packages/airflow/example_dags/example_python_operator.py
[2024-04-08T08:54:49.312+0000] {logging_mixin.py:188} INFO - [2024-04-08T08:54:49.311+0000] {dag.py:3047} INFO - Sync 1 DAGs
[2024-04-08T08:54:49.323+0000] {logging_mixin.py:188} INFO - [2024-04-08T08:54:49.323+0000] {dag.py:3834} INFO - Setting next_dagrun for example_python_operator to None, run_after=None
[2024-04-08T08:54:49.347+0000] {processor.py:183} INFO - Processing /home/airflow/.local/lib/python3.8/site-packages/airflow/example_dags/example_python_operator.py took 0.067 seconds
[2024-04-08T08:55:19.567+0000] {processor.py:161} INFO - Started process (PID=14451) to work on /home/airflow/.local/lib/python3.8/site-packages/airflow/example_dags/example_python_operator.py
[2024-04-08T08:55:19.568+0000] {processor.py:830} INFO - Processing file /home/airflow/.local/lib/python3.8/site-packages/airflow/example_dags/example_python_operator.py for tasks to queue
[2024-04-08T08:55:19.569+0000] {logging_mixin.py:188} INFO - [2024-04-08T08:55:19.569+0000] {dagbag.py:540} INFO - Filling up the DagBag from /home/airflow/.local/lib/python3.8/site-packages/airflow/example_dags/example_python_operator.py
[2024-04-08T08:55:19.583+0000] {processor.py:840} INFO - DAG(s) 'example_python_operator' retrieved from /home/airflow/.local/lib/python3.8/site-packages/airflow/example_dags/example_python_operator.py
[2024-04-08T08:55:19.611+0000] {logging_mixin.py:188} INFO - [2024-04-08T08:55:19.611+0000] {dag.py:3047} INFO - Sync 1 DAGs
[2024-04-08T08:55:19.626+0000] {logging_mixin.py:188} INFO - [2024-04-08T08:55:19.626+0000] {dag.py:3834} INFO - Setting next_dagrun for example_python_operator to None, run_after=None
[2024-04-08T08:55:19.650+0000] {processor.py:183} INFO - Processing /home/airflow/.local/lib/python3.8/site-packages/airflow/example_dags/example_python_operator.py took 0.086 seconds
[2024-04-08T08:55:49.916+0000] {processor.py:161} INFO - Started process (PID=14709) to work on /home/airflow/.local/lib/python3.8/site-packages/airflow/example_dags/example_python_operator.py
[2024-04-08T08:55:49.917+0000] {processor.py:830} INFO - Processing file /home/airflow/.local/lib/python3.8/site-packages/airflow/example_dags/example_python_operator.py for tasks to queue
[2024-04-08T08:55:49.918+0000] {logging_mixin.py:188} INFO - [2024-04-08T08:55:49.918+0000] {dagbag.py:540} INFO - Filling up the DagBag from /home/airflow/.local/lib/python3.8/site-packages/airflow/example_dags/example_python_operator.py
[2024-04-08T08:55:49.932+0000] {processor.py:840} INFO - DAG(s) 'example_python_operator' retrieved from /home/airflow/.local/lib/python3.8/site-packages/airflow/example_dags/example_python_operator.py
[2024-04-08T08:55:49.959+0000] {logging_mixin.py:188} INFO - [2024-04-08T08:55:49.959+0000] {dag.py:3047} INFO - Sync 1 DAGs
[2024-04-08T08:55:49.974+0000] {logging_mixin.py:188} INFO - [2024-04-08T08:55:49.974+0000] {dag.py:3834} INFO - Setting next_dagrun for example_python_operator to None, run_after=None
[2024-04-08T08:55:49.999+0000] {processor.py:183} INFO - Processing /home/airflow/.local/lib/python3.8/site-packages/airflow/example_dags/example_python_operator.py took 0.087 seconds
[2024-04-08T08:56:20.100+0000] {processor.py:161} INFO - Started process (PID=14965) to work on /home/airflow/.local/lib/python3.8/site-packages/airflow/example_dags/example_python_operator.py
[2024-04-08T08:56:20.102+0000] {processor.py:830} INFO - Processing file /home/airflow/.local/lib/python3.8/site-packages/airflow/example_dags/example_python_operator.py for tasks to queue
[2024-04-08T08:56:20.103+0000] {logging_mixin.py:188} INFO - [2024-04-08T08:56:20.102+0000] {dagbag.py:540} INFO - Filling up the DagBag from /home/airflow/.local/lib/python3.8/site-packages/airflow/example_dags/example_python_operator.py
[2024-04-08T08:56:20.117+0000] {processor.py:840} INFO - DAG(s) 'example_python_operator' retrieved from /home/airflow/.local/lib/python3.8/site-packages/airflow/example_dags/example_python_operator.py
[2024-04-08T08:56:20.144+0000] {logging_mixin.py:188} INFO - [2024-04-08T08:56:20.144+0000] {dag.py:3047} INFO - Sync 1 DAGs
[2024-04-08T08:56:20.159+0000] {logging_mixin.py:188} INFO - [2024-04-08T08:56:20.159+0000] {dag.py:3834} INFO - Setting next_dagrun for example_python_operator to None, run_after=None
[2024-04-08T08:56:20.188+0000] {processor.py:183} INFO - Processing /home/airflow/.local/lib/python3.8/site-packages/airflow/example_dags/example_python_operator.py took 0.091 seconds
[2024-04-08T08:56:50.669+0000] {processor.py:161} INFO - Started process (PID=15222) to work on /home/airflow/.local/lib/python3.8/site-packages/airflow/example_dags/example_python_operator.py
[2024-04-08T08:56:50.670+0000] {processor.py:830} INFO - Processing file /home/airflow/.local/lib/python3.8/site-packages/airflow/example_dags/example_python_operator.py for tasks to queue
[2024-04-08T08:56:50.671+0000] {logging_mixin.py:188} INFO - [2024-04-08T08:56:50.671+0000] {dagbag.py:540} INFO - Filling up the DagBag from /home/airflow/.local/lib/python3.8/site-packages/airflow/example_dags/example_python_operator.py
[2024-04-08T08:56:50.684+0000] {processor.py:840} INFO - DAG(s) 'example_python_operator' retrieved from /home/airflow/.local/lib/python3.8/site-packages/airflow/example_dags/example_python_operator.py
[2024-04-08T08:56:50.710+0000] {logging_mixin.py:188} INFO - [2024-04-08T08:56:50.710+0000] {dag.py:3047} INFO - Sync 1 DAGs
[2024-04-08T08:56:50.723+0000] {logging_mixin.py:188} INFO - [2024-04-08T08:56:50.723+0000] {dag.py:3834} INFO - Setting next_dagrun for example_python_operator to None, run_after=None
[2024-04-08T08:56:50.747+0000] {processor.py:183} INFO - Processing /home/airflow/.local/lib/python3.8/site-packages/airflow/example_dags/example_python_operator.py took 0.083 seconds
