[2024-04-08T08:27:18.604+0000] {processor.py:161} INFO - Started process (PID=210) to work on /home/airflow/.local/lib/python3.8/site-packages/airflow/example_dags/example_dynamic_task_mapping.py
[2024-04-08T08:27:18.606+0000] {processor.py:830} INFO - Processing file /home/airflow/.local/lib/python3.8/site-packages/airflow/example_dags/example_dynamic_task_mapping.py for tasks to queue
[2024-04-08T08:27:18.608+0000] {logging_mixin.py:188} INFO - [2024-04-08T08:27:18.607+0000] {dagbag.py:540} INFO - Filling up the DagBag from /home/airflow/.local/lib/python3.8/site-packages/airflow/example_dags/example_dynamic_task_mapping.py
[2024-04-08T08:27:18.624+0000] {processor.py:840} INFO - DAG(s) 'example_dynamic_task_mapping' retrieved from /home/airflow/.local/lib/python3.8/site-packages/airflow/example_dags/example_dynamic_task_mapping.py
[2024-04-08T08:27:18.661+0000] {logging_mixin.py:188} INFO - [2024-04-08T08:27:18.660+0000] {dag.py:3047} INFO - Sync 1 DAGs
[2024-04-08T08:27:18.692+0000] {logging_mixin.py:188} INFO - [2024-04-08T08:27:18.692+0000] {dag.py:3834} INFO - Setting next_dagrun for example_dynamic_task_mapping to 2022-03-04 00:00:00+00:00, run_after=2022-03-05 00:00:00+00:00
[2024-04-08T08:27:18.733+0000] {processor.py:183} INFO - Processing /home/airflow/.local/lib/python3.8/site-packages/airflow/example_dags/example_dynamic_task_mapping.py took 0.135 seconds
[2024-04-08T08:27:48.789+0000] {processor.py:161} INFO - Started process (PID=462) to work on /home/airflow/.local/lib/python3.8/site-packages/airflow/example_dags/example_dynamic_task_mapping.py
[2024-04-08T08:27:48.790+0000] {processor.py:830} INFO - Processing file /home/airflow/.local/lib/python3.8/site-packages/airflow/example_dags/example_dynamic_task_mapping.py for tasks to queue
[2024-04-08T08:27:48.791+0000] {logging_mixin.py:188} INFO - [2024-04-08T08:27:48.791+0000] {dagbag.py:540} INFO - Filling up the DagBag from /home/airflow/.local/lib/python3.8/site-packages/airflow/example_dags/example_dynamic_task_mapping.py
[2024-04-08T08:27:48.799+0000] {processor.py:840} INFO - DAG(s) 'example_dynamic_task_mapping' retrieved from /home/airflow/.local/lib/python3.8/site-packages/airflow/example_dags/example_dynamic_task_mapping.py
[2024-04-08T08:27:48.821+0000] {logging_mixin.py:188} INFO - [2024-04-08T08:27:48.820+0000] {dag.py:3047} INFO - Sync 1 DAGs
[2024-04-08T08:27:48.847+0000] {logging_mixin.py:188} INFO - [2024-04-08T08:27:48.846+0000] {dag.py:3834} INFO - Setting next_dagrun for example_dynamic_task_mapping to 2022-03-04 00:00:00+00:00, run_after=2022-03-05 00:00:00+00:00
[2024-04-08T08:27:48.883+0000] {processor.py:183} INFO - Processing /home/airflow/.local/lib/python3.8/site-packages/airflow/example_dags/example_dynamic_task_mapping.py took 0.098 seconds
[2024-04-08T08:28:19.586+0000] {processor.py:161} INFO - Started process (PID=725) to work on /home/airflow/.local/lib/python3.8/site-packages/airflow/example_dags/example_dynamic_task_mapping.py
[2024-04-08T08:28:19.587+0000] {processor.py:830} INFO - Processing file /home/airflow/.local/lib/python3.8/site-packages/airflow/example_dags/example_dynamic_task_mapping.py for tasks to queue
[2024-04-08T08:28:19.588+0000] {logging_mixin.py:188} INFO - [2024-04-08T08:28:19.588+0000] {dagbag.py:540} INFO - Filling up the DagBag from /home/airflow/.local/lib/python3.8/site-packages/airflow/example_dags/example_dynamic_task_mapping.py
[2024-04-08T08:28:19.596+0000] {processor.py:840} INFO - DAG(s) 'example_dynamic_task_mapping' retrieved from /home/airflow/.local/lib/python3.8/site-packages/airflow/example_dags/example_dynamic_task_mapping.py
[2024-04-08T08:28:19.620+0000] {logging_mixin.py:188} INFO - [2024-04-08T08:28:19.620+0000] {dag.py:3047} INFO - Sync 1 DAGs
[2024-04-08T08:28:19.644+0000] {logging_mixin.py:188} INFO - [2024-04-08T08:28:19.644+0000] {dag.py:3834} INFO - Setting next_dagrun for example_dynamic_task_mapping to 2022-03-04 00:00:00+00:00, run_after=2022-03-05 00:00:00+00:00
[2024-04-08T08:28:19.666+0000] {processor.py:183} INFO - Processing /home/airflow/.local/lib/python3.8/site-packages/airflow/example_dags/example_dynamic_task_mapping.py took 0.083 seconds
[2024-04-08T08:28:50.137+0000] {processor.py:161} INFO - Started process (PID=983) to work on /home/airflow/.local/lib/python3.8/site-packages/airflow/example_dags/example_dynamic_task_mapping.py
[2024-04-08T08:28:50.138+0000] {processor.py:830} INFO - Processing file /home/airflow/.local/lib/python3.8/site-packages/airflow/example_dags/example_dynamic_task_mapping.py for tasks to queue
[2024-04-08T08:28:50.139+0000] {logging_mixin.py:188} INFO - [2024-04-08T08:28:50.138+0000] {dagbag.py:540} INFO - Filling up the DagBag from /home/airflow/.local/lib/python3.8/site-packages/airflow/example_dags/example_dynamic_task_mapping.py
[2024-04-08T08:28:50.146+0000] {processor.py:840} INFO - DAG(s) 'example_dynamic_task_mapping' retrieved from /home/airflow/.local/lib/python3.8/site-packages/airflow/example_dags/example_dynamic_task_mapping.py
[2024-04-08T08:28:50.166+0000] {logging_mixin.py:188} INFO - [2024-04-08T08:28:50.166+0000] {dag.py:3047} INFO - Sync 1 DAGs
[2024-04-08T08:28:50.191+0000] {logging_mixin.py:188} INFO - [2024-04-08T08:28:50.190+0000] {dag.py:3834} INFO - Setting next_dagrun for example_dynamic_task_mapping to 2022-03-04 00:00:00+00:00, run_after=2022-03-05 00:00:00+00:00
[2024-04-08T08:28:50.211+0000] {processor.py:183} INFO - Processing /home/airflow/.local/lib/python3.8/site-packages/airflow/example_dags/example_dynamic_task_mapping.py took 0.078 seconds
[2024-04-08T08:29:20.849+0000] {processor.py:161} INFO - Started process (PID=1241) to work on /home/airflow/.local/lib/python3.8/site-packages/airflow/example_dags/example_dynamic_task_mapping.py
[2024-04-08T08:29:20.850+0000] {processor.py:830} INFO - Processing file /home/airflow/.local/lib/python3.8/site-packages/airflow/example_dags/example_dynamic_task_mapping.py for tasks to queue
[2024-04-08T08:29:20.853+0000] {logging_mixin.py:188} INFO - [2024-04-08T08:29:20.853+0000] {dagbag.py:540} INFO - Filling up the DagBag from /home/airflow/.local/lib/python3.8/site-packages/airflow/example_dags/example_dynamic_task_mapping.py
[2024-04-08T08:29:20.860+0000] {processor.py:840} INFO - DAG(s) 'example_dynamic_task_mapping' retrieved from /home/airflow/.local/lib/python3.8/site-packages/airflow/example_dags/example_dynamic_task_mapping.py
[2024-04-08T08:29:20.882+0000] {logging_mixin.py:188} INFO - [2024-04-08T08:29:20.882+0000] {dag.py:3047} INFO - Sync 1 DAGs
[2024-04-08T08:29:20.905+0000] {logging_mixin.py:188} INFO - [2024-04-08T08:29:20.905+0000] {dag.py:3834} INFO - Setting next_dagrun for example_dynamic_task_mapping to 2022-03-04 00:00:00+00:00, run_after=2022-03-05 00:00:00+00:00
[2024-04-08T08:29:20.928+0000] {processor.py:183} INFO - Processing /home/airflow/.local/lib/python3.8/site-packages/airflow/example_dags/example_dynamic_task_mapping.py took 0.083 seconds
[2024-04-08T08:29:51.213+0000] {processor.py:161} INFO - Started process (PID=1498) to work on /home/airflow/.local/lib/python3.8/site-packages/airflow/example_dags/example_dynamic_task_mapping.py
[2024-04-08T08:29:51.214+0000] {processor.py:830} INFO - Processing file /home/airflow/.local/lib/python3.8/site-packages/airflow/example_dags/example_dynamic_task_mapping.py for tasks to queue
[2024-04-08T08:29:51.215+0000] {logging_mixin.py:188} INFO - [2024-04-08T08:29:51.215+0000] {dagbag.py:540} INFO - Filling up the DagBag from /home/airflow/.local/lib/python3.8/site-packages/airflow/example_dags/example_dynamic_task_mapping.py
[2024-04-08T08:29:51.222+0000] {processor.py:840} INFO - DAG(s) 'example_dynamic_task_mapping' retrieved from /home/airflow/.local/lib/python3.8/site-packages/airflow/example_dags/example_dynamic_task_mapping.py
[2024-04-08T08:29:51.245+0000] {logging_mixin.py:188} INFO - [2024-04-08T08:29:51.245+0000] {dag.py:3047} INFO - Sync 1 DAGs
[2024-04-08T08:29:51.265+0000] {logging_mixin.py:188} INFO - [2024-04-08T08:29:51.265+0000] {dag.py:3834} INFO - Setting next_dagrun for example_dynamic_task_mapping to 2022-03-04 00:00:00+00:00, run_after=2022-03-05 00:00:00+00:00
[2024-04-08T08:29:51.287+0000] {processor.py:183} INFO - Processing /home/airflow/.local/lib/python3.8/site-packages/airflow/example_dags/example_dynamic_task_mapping.py took 0.078 seconds
[2024-04-08T08:30:21.997+0000] {processor.py:161} INFO - Started process (PID=1755) to work on /home/airflow/.local/lib/python3.8/site-packages/airflow/example_dags/example_dynamic_task_mapping.py
[2024-04-08T08:30:21.999+0000] {processor.py:830} INFO - Processing file /home/airflow/.local/lib/python3.8/site-packages/airflow/example_dags/example_dynamic_task_mapping.py for tasks to queue
[2024-04-08T08:30:22.000+0000] {logging_mixin.py:188} INFO - [2024-04-08T08:30:21.999+0000] {dagbag.py:540} INFO - Filling up the DagBag from /home/airflow/.local/lib/python3.8/site-packages/airflow/example_dags/example_dynamic_task_mapping.py
[2024-04-08T08:30:22.007+0000] {processor.py:840} INFO - DAG(s) 'example_dynamic_task_mapping' retrieved from /home/airflow/.local/lib/python3.8/site-packages/airflow/example_dags/example_dynamic_task_mapping.py
[2024-04-08T08:30:22.028+0000] {logging_mixin.py:188} INFO - [2024-04-08T08:30:22.028+0000] {dag.py:3047} INFO - Sync 1 DAGs
[2024-04-08T08:30:22.054+0000] {logging_mixin.py:188} INFO - [2024-04-08T08:30:22.054+0000] {dag.py:3834} INFO - Setting next_dagrun for example_dynamic_task_mapping to 2022-03-04 00:00:00+00:00, run_after=2022-03-05 00:00:00+00:00
[2024-04-08T08:30:22.076+0000] {processor.py:183} INFO - Processing /home/airflow/.local/lib/python3.8/site-packages/airflow/example_dags/example_dynamic_task_mapping.py took 0.084 seconds
[2024-04-08T08:30:52.631+0000] {processor.py:161} INFO - Started process (PID=2013) to work on /home/airflow/.local/lib/python3.8/site-packages/airflow/example_dags/example_dynamic_task_mapping.py
[2024-04-08T08:30:52.632+0000] {processor.py:830} INFO - Processing file /home/airflow/.local/lib/python3.8/site-packages/airflow/example_dags/example_dynamic_task_mapping.py for tasks to queue
[2024-04-08T08:30:52.633+0000] {logging_mixin.py:188} INFO - [2024-04-08T08:30:52.633+0000] {dagbag.py:540} INFO - Filling up the DagBag from /home/airflow/.local/lib/python3.8/site-packages/airflow/example_dags/example_dynamic_task_mapping.py
[2024-04-08T08:30:52.641+0000] {processor.py:840} INFO - DAG(s) 'example_dynamic_task_mapping' retrieved from /home/airflow/.local/lib/python3.8/site-packages/airflow/example_dags/example_dynamic_task_mapping.py
[2024-04-08T08:30:52.665+0000] {logging_mixin.py:188} INFO - [2024-04-08T08:30:52.664+0000] {dag.py:3047} INFO - Sync 1 DAGs
[2024-04-08T08:30:52.687+0000] {logging_mixin.py:188} INFO - [2024-04-08T08:30:52.687+0000] {dag.py:3834} INFO - Setting next_dagrun for example_dynamic_task_mapping to 2022-03-04 00:00:00+00:00, run_after=2022-03-05 00:00:00+00:00
[2024-04-08T08:30:52.710+0000] {processor.py:183} INFO - Processing /home/airflow/.local/lib/python3.8/site-packages/airflow/example_dags/example_dynamic_task_mapping.py took 0.084 seconds
[2024-04-08T08:31:23.250+0000] {processor.py:161} INFO - Started process (PID=2270) to work on /home/airflow/.local/lib/python3.8/site-packages/airflow/example_dags/example_dynamic_task_mapping.py
[2024-04-08T08:31:23.251+0000] {processor.py:830} INFO - Processing file /home/airflow/.local/lib/python3.8/site-packages/airflow/example_dags/example_dynamic_task_mapping.py for tasks to queue
[2024-04-08T08:31:23.252+0000] {logging_mixin.py:188} INFO - [2024-04-08T08:31:23.252+0000] {dagbag.py:540} INFO - Filling up the DagBag from /home/airflow/.local/lib/python3.8/site-packages/airflow/example_dags/example_dynamic_task_mapping.py
[2024-04-08T08:31:23.260+0000] {processor.py:840} INFO - DAG(s) 'example_dynamic_task_mapping' retrieved from /home/airflow/.local/lib/python3.8/site-packages/airflow/example_dags/example_dynamic_task_mapping.py
[2024-04-08T08:31:23.285+0000] {logging_mixin.py:188} INFO - [2024-04-08T08:31:23.285+0000] {dag.py:3047} INFO - Sync 1 DAGs
[2024-04-08T08:31:23.310+0000] {logging_mixin.py:188} INFO - [2024-04-08T08:31:23.310+0000] {dag.py:3834} INFO - Setting next_dagrun for example_dynamic_task_mapping to 2022-03-04 00:00:00+00:00, run_after=2022-03-05 00:00:00+00:00
[2024-04-08T08:31:23.347+0000] {processor.py:183} INFO - Processing /home/airflow/.local/lib/python3.8/site-packages/airflow/example_dags/example_dynamic_task_mapping.py took 0.100 seconds
[2024-04-08T08:31:53.860+0000] {processor.py:161} INFO - Started process (PID=2527) to work on /home/airflow/.local/lib/python3.8/site-packages/airflow/example_dags/example_dynamic_task_mapping.py
[2024-04-08T08:31:53.873+0000] {processor.py:830} INFO - Processing file /home/airflow/.local/lib/python3.8/site-packages/airflow/example_dags/example_dynamic_task_mapping.py for tasks to queue
[2024-04-08T08:31:53.874+0000] {logging_mixin.py:188} INFO - [2024-04-08T08:31:53.874+0000] {dagbag.py:540} INFO - Filling up the DagBag from /home/airflow/.local/lib/python3.8/site-packages/airflow/example_dags/example_dynamic_task_mapping.py
[2024-04-08T08:31:53.889+0000] {processor.py:840} INFO - DAG(s) 'example_dynamic_task_mapping' retrieved from /home/airflow/.local/lib/python3.8/site-packages/airflow/example_dags/example_dynamic_task_mapping.py
[2024-04-08T08:31:53.921+0000] {logging_mixin.py:188} INFO - [2024-04-08T08:31:53.920+0000] {dag.py:3047} INFO - Sync 1 DAGs
[2024-04-08T08:31:53.942+0000] {logging_mixin.py:188} INFO - [2024-04-08T08:31:53.942+0000] {dag.py:3834} INFO - Setting next_dagrun for example_dynamic_task_mapping to 2022-03-04 00:00:00+00:00, run_after=2022-03-05 00:00:00+00:00
[2024-04-08T08:31:53.968+0000] {processor.py:183} INFO - Processing /home/airflow/.local/lib/python3.8/site-packages/airflow/example_dags/example_dynamic_task_mapping.py took 0.114 seconds
[2024-04-08T08:32:24.547+0000] {processor.py:161} INFO - Started process (PID=2784) to work on /home/airflow/.local/lib/python3.8/site-packages/airflow/example_dags/example_dynamic_task_mapping.py
[2024-04-08T08:32:24.549+0000] {processor.py:830} INFO - Processing file /home/airflow/.local/lib/python3.8/site-packages/airflow/example_dags/example_dynamic_task_mapping.py for tasks to queue
[2024-04-08T08:32:24.550+0000] {logging_mixin.py:188} INFO - [2024-04-08T08:32:24.549+0000] {dagbag.py:540} INFO - Filling up the DagBag from /home/airflow/.local/lib/python3.8/site-packages/airflow/example_dags/example_dynamic_task_mapping.py
[2024-04-08T08:32:24.558+0000] {processor.py:840} INFO - DAG(s) 'example_dynamic_task_mapping' retrieved from /home/airflow/.local/lib/python3.8/site-packages/airflow/example_dags/example_dynamic_task_mapping.py
[2024-04-08T08:32:24.578+0000] {logging_mixin.py:188} INFO - [2024-04-08T08:32:24.578+0000] {dag.py:3047} INFO - Sync 1 DAGs
[2024-04-08T08:32:24.597+0000] {logging_mixin.py:188} INFO - [2024-04-08T08:32:24.597+0000] {dag.py:3834} INFO - Setting next_dagrun for example_dynamic_task_mapping to 2022-03-04 00:00:00+00:00, run_after=2022-03-05 00:00:00+00:00
[2024-04-08T08:32:24.617+0000] {processor.py:183} INFO - Processing /home/airflow/.local/lib/python3.8/site-packages/airflow/example_dags/example_dynamic_task_mapping.py took 0.074 seconds
[2024-04-08T08:32:54.765+0000] {processor.py:161} INFO - Started process (PID=3043) to work on /home/airflow/.local/lib/python3.8/site-packages/airflow/example_dags/example_dynamic_task_mapping.py
[2024-04-08T08:32:54.766+0000] {processor.py:830} INFO - Processing file /home/airflow/.local/lib/python3.8/site-packages/airflow/example_dags/example_dynamic_task_mapping.py for tasks to queue
[2024-04-08T08:32:54.767+0000] {logging_mixin.py:188} INFO - [2024-04-08T08:32:54.767+0000] {dagbag.py:540} INFO - Filling up the DagBag from /home/airflow/.local/lib/python3.8/site-packages/airflow/example_dags/example_dynamic_task_mapping.py
[2024-04-08T08:32:54.772+0000] {processor.py:840} INFO - DAG(s) 'example_dynamic_task_mapping' retrieved from /home/airflow/.local/lib/python3.8/site-packages/airflow/example_dags/example_dynamic_task_mapping.py
[2024-04-08T08:32:54.788+0000] {logging_mixin.py:188} INFO - [2024-04-08T08:32:54.787+0000] {dag.py:3047} INFO - Sync 1 DAGs
[2024-04-08T08:32:54.805+0000] {logging_mixin.py:188} INFO - [2024-04-08T08:32:54.805+0000] {dag.py:3834} INFO - Setting next_dagrun for example_dynamic_task_mapping to 2022-03-04 00:00:00+00:00, run_after=2022-03-05 00:00:00+00:00
[2024-04-08T08:32:54.823+0000] {processor.py:183} INFO - Processing /home/airflow/.local/lib/python3.8/site-packages/airflow/example_dags/example_dynamic_task_mapping.py took 0.061 seconds
[2024-04-08T08:33:25.109+0000] {processor.py:161} INFO - Started process (PID=3298) to work on /home/airflow/.local/lib/python3.8/site-packages/airflow/example_dags/example_dynamic_task_mapping.py
[2024-04-08T08:33:25.110+0000] {processor.py:830} INFO - Processing file /home/airflow/.local/lib/python3.8/site-packages/airflow/example_dags/example_dynamic_task_mapping.py for tasks to queue
[2024-04-08T08:33:25.111+0000] {logging_mixin.py:188} INFO - [2024-04-08T08:33:25.111+0000] {dagbag.py:540} INFO - Filling up the DagBag from /home/airflow/.local/lib/python3.8/site-packages/airflow/example_dags/example_dynamic_task_mapping.py
[2024-04-08T08:33:25.119+0000] {processor.py:840} INFO - DAG(s) 'example_dynamic_task_mapping' retrieved from /home/airflow/.local/lib/python3.8/site-packages/airflow/example_dags/example_dynamic_task_mapping.py
[2024-04-08T08:33:25.143+0000] {logging_mixin.py:188} INFO - [2024-04-08T08:33:25.142+0000] {dag.py:3047} INFO - Sync 1 DAGs
[2024-04-08T08:33:25.172+0000] {logging_mixin.py:188} INFO - [2024-04-08T08:33:25.171+0000] {dag.py:3834} INFO - Setting next_dagrun for example_dynamic_task_mapping to 2022-03-04 00:00:00+00:00, run_after=2022-03-05 00:00:00+00:00
[2024-04-08T08:33:25.195+0000] {processor.py:183} INFO - Processing /home/airflow/.local/lib/python3.8/site-packages/airflow/example_dags/example_dynamic_task_mapping.py took 0.089 seconds
[2024-04-08T08:33:55.669+0000] {processor.py:161} INFO - Started process (PID=3555) to work on /home/airflow/.local/lib/python3.8/site-packages/airflow/example_dags/example_dynamic_task_mapping.py
[2024-04-08T08:33:55.670+0000] {processor.py:830} INFO - Processing file /home/airflow/.local/lib/python3.8/site-packages/airflow/example_dags/example_dynamic_task_mapping.py for tasks to queue
[2024-04-08T08:33:55.671+0000] {logging_mixin.py:188} INFO - [2024-04-08T08:33:55.671+0000] {dagbag.py:540} INFO - Filling up the DagBag from /home/airflow/.local/lib/python3.8/site-packages/airflow/example_dags/example_dynamic_task_mapping.py
[2024-04-08T08:33:55.678+0000] {processor.py:840} INFO - DAG(s) 'example_dynamic_task_mapping' retrieved from /home/airflow/.local/lib/python3.8/site-packages/airflow/example_dags/example_dynamic_task_mapping.py
[2024-04-08T08:33:55.701+0000] {logging_mixin.py:188} INFO - [2024-04-08T08:33:55.700+0000] {dag.py:3047} INFO - Sync 1 DAGs
[2024-04-08T08:33:55.725+0000] {logging_mixin.py:188} INFO - [2024-04-08T08:33:55.725+0000] {dag.py:3834} INFO - Setting next_dagrun for example_dynamic_task_mapping to 2022-03-04 00:00:00+00:00, run_after=2022-03-05 00:00:00+00:00
[2024-04-08T08:33:55.757+0000] {processor.py:183} INFO - Processing /home/airflow/.local/lib/python3.8/site-packages/airflow/example_dags/example_dynamic_task_mapping.py took 0.092 seconds
[2024-04-08T08:34:25.999+0000] {processor.py:161} INFO - Started process (PID=3813) to work on /home/airflow/.local/lib/python3.8/site-packages/airflow/example_dags/example_dynamic_task_mapping.py
[2024-04-08T08:34:26.000+0000] {processor.py:830} INFO - Processing file /home/airflow/.local/lib/python3.8/site-packages/airflow/example_dags/example_dynamic_task_mapping.py for tasks to queue
[2024-04-08T08:34:26.000+0000] {logging_mixin.py:188} INFO - [2024-04-08T08:34:26.000+0000] {dagbag.py:540} INFO - Filling up the DagBag from /home/airflow/.local/lib/python3.8/site-packages/airflow/example_dags/example_dynamic_task_mapping.py
[2024-04-08T08:34:26.006+0000] {processor.py:840} INFO - DAG(s) 'example_dynamic_task_mapping' retrieved from /home/airflow/.local/lib/python3.8/site-packages/airflow/example_dags/example_dynamic_task_mapping.py
[2024-04-08T08:34:26.021+0000] {logging_mixin.py:188} INFO - [2024-04-08T08:34:26.021+0000] {dag.py:3047} INFO - Sync 1 DAGs
[2024-04-08T08:34:26.038+0000] {logging_mixin.py:188} INFO - [2024-04-08T08:34:26.038+0000] {dag.py:3834} INFO - Setting next_dagrun for example_dynamic_task_mapping to 2022-03-04 00:00:00+00:00, run_after=2022-03-05 00:00:00+00:00
[2024-04-08T08:34:26.056+0000] {processor.py:183} INFO - Processing /home/airflow/.local/lib/python3.8/site-packages/airflow/example_dags/example_dynamic_task_mapping.py took 0.060 seconds
[2024-04-08T08:34:56.195+0000] {processor.py:161} INFO - Started process (PID=4068) to work on /home/airflow/.local/lib/python3.8/site-packages/airflow/example_dags/example_dynamic_task_mapping.py
[2024-04-08T08:34:56.197+0000] {processor.py:830} INFO - Processing file /home/airflow/.local/lib/python3.8/site-packages/airflow/example_dags/example_dynamic_task_mapping.py for tasks to queue
[2024-04-08T08:34:56.198+0000] {logging_mixin.py:188} INFO - [2024-04-08T08:34:56.198+0000] {dagbag.py:540} INFO - Filling up the DagBag from /home/airflow/.local/lib/python3.8/site-packages/airflow/example_dags/example_dynamic_task_mapping.py
[2024-04-08T08:34:56.205+0000] {processor.py:840} INFO - DAG(s) 'example_dynamic_task_mapping' retrieved from /home/airflow/.local/lib/python3.8/site-packages/airflow/example_dags/example_dynamic_task_mapping.py
[2024-04-08T08:34:56.224+0000] {logging_mixin.py:188} INFO - [2024-04-08T08:34:56.224+0000] {dag.py:3047} INFO - Sync 1 DAGs
[2024-04-08T08:34:56.241+0000] {logging_mixin.py:188} INFO - [2024-04-08T08:34:56.241+0000] {dag.py:3834} INFO - Setting next_dagrun for example_dynamic_task_mapping to 2022-03-04 00:00:00+00:00, run_after=2022-03-05 00:00:00+00:00
[2024-04-08T08:34:56.260+0000] {processor.py:183} INFO - Processing /home/airflow/.local/lib/python3.8/site-packages/airflow/example_dags/example_dynamic_task_mapping.py took 0.069 seconds
[2024-04-08T08:35:26.789+0000] {processor.py:161} INFO - Started process (PID=4328) to work on /home/airflow/.local/lib/python3.8/site-packages/airflow/example_dags/example_dynamic_task_mapping.py
[2024-04-08T08:35:26.790+0000] {processor.py:830} INFO - Processing file /home/airflow/.local/lib/python3.8/site-packages/airflow/example_dags/example_dynamic_task_mapping.py for tasks to queue
[2024-04-08T08:35:26.791+0000] {logging_mixin.py:188} INFO - [2024-04-08T08:35:26.791+0000] {dagbag.py:540} INFO - Filling up the DagBag from /home/airflow/.local/lib/python3.8/site-packages/airflow/example_dags/example_dynamic_task_mapping.py
[2024-04-08T08:35:26.799+0000] {processor.py:840} INFO - DAG(s) 'example_dynamic_task_mapping' retrieved from /home/airflow/.local/lib/python3.8/site-packages/airflow/example_dags/example_dynamic_task_mapping.py
[2024-04-08T08:35:26.826+0000] {logging_mixin.py:188} INFO - [2024-04-08T08:35:26.826+0000] {dag.py:3047} INFO - Sync 1 DAGs
[2024-04-08T08:35:26.857+0000] {logging_mixin.py:188} INFO - [2024-04-08T08:35:26.857+0000] {dag.py:3834} INFO - Setting next_dagrun for example_dynamic_task_mapping to 2022-03-04 00:00:00+00:00, run_after=2022-03-05 00:00:00+00:00
[2024-04-08T08:35:26.883+0000] {processor.py:183} INFO - Processing /home/airflow/.local/lib/python3.8/site-packages/airflow/example_dags/example_dynamic_task_mapping.py took 0.097 seconds
[2024-04-08T08:35:57.511+0000] {processor.py:161} INFO - Started process (PID=4583) to work on /home/airflow/.local/lib/python3.8/site-packages/airflow/example_dags/example_dynamic_task_mapping.py
[2024-04-08T08:35:57.512+0000] {processor.py:830} INFO - Processing file /home/airflow/.local/lib/python3.8/site-packages/airflow/example_dags/example_dynamic_task_mapping.py for tasks to queue
[2024-04-08T08:35:57.513+0000] {logging_mixin.py:188} INFO - [2024-04-08T08:35:57.512+0000] {dagbag.py:540} INFO - Filling up the DagBag from /home/airflow/.local/lib/python3.8/site-packages/airflow/example_dags/example_dynamic_task_mapping.py
[2024-04-08T08:35:57.520+0000] {processor.py:840} INFO - DAG(s) 'example_dynamic_task_mapping' retrieved from /home/airflow/.local/lib/python3.8/site-packages/airflow/example_dags/example_dynamic_task_mapping.py
[2024-04-08T08:35:57.541+0000] {logging_mixin.py:188} INFO - [2024-04-08T08:35:57.541+0000] {dag.py:3047} INFO - Sync 1 DAGs
[2024-04-08T08:35:57.565+0000] {logging_mixin.py:188} INFO - [2024-04-08T08:35:57.565+0000] {dag.py:3834} INFO - Setting next_dagrun for example_dynamic_task_mapping to 2022-03-04 00:00:00+00:00, run_after=2022-03-05 00:00:00+00:00
[2024-04-08T08:35:57.585+0000] {processor.py:183} INFO - Processing /home/airflow/.local/lib/python3.8/site-packages/airflow/example_dags/example_dynamic_task_mapping.py took 0.079 seconds
[2024-04-08T08:36:27.929+0000] {processor.py:161} INFO - Started process (PID=4843) to work on /home/airflow/.local/lib/python3.8/site-packages/airflow/example_dags/example_dynamic_task_mapping.py
[2024-04-08T08:36:27.930+0000] {processor.py:830} INFO - Processing file /home/airflow/.local/lib/python3.8/site-packages/airflow/example_dags/example_dynamic_task_mapping.py for tasks to queue
[2024-04-08T08:36:27.931+0000] {logging_mixin.py:188} INFO - [2024-04-08T08:36:27.931+0000] {dagbag.py:540} INFO - Filling up the DagBag from /home/airflow/.local/lib/python3.8/site-packages/airflow/example_dags/example_dynamic_task_mapping.py
[2024-04-08T08:36:27.937+0000] {processor.py:840} INFO - DAG(s) 'example_dynamic_task_mapping' retrieved from /home/airflow/.local/lib/python3.8/site-packages/airflow/example_dags/example_dynamic_task_mapping.py
[2024-04-08T08:36:27.953+0000] {logging_mixin.py:188} INFO - [2024-04-08T08:36:27.953+0000] {dag.py:3047} INFO - Sync 1 DAGs
[2024-04-08T08:36:27.970+0000] {logging_mixin.py:188} INFO - [2024-04-08T08:36:27.969+0000] {dag.py:3834} INFO - Setting next_dagrun for example_dynamic_task_mapping to 2022-03-04 00:00:00+00:00, run_after=2022-03-05 00:00:00+00:00
[2024-04-08T08:36:27.988+0000] {processor.py:183} INFO - Processing /home/airflow/.local/lib/python3.8/site-packages/airflow/example_dags/example_dynamic_task_mapping.py took 0.061 seconds
[2024-04-08T08:36:58.209+0000] {processor.py:161} INFO - Started process (PID=5098) to work on /home/airflow/.local/lib/python3.8/site-packages/airflow/example_dags/example_dynamic_task_mapping.py
[2024-04-08T08:36:58.210+0000] {processor.py:830} INFO - Processing file /home/airflow/.local/lib/python3.8/site-packages/airflow/example_dags/example_dynamic_task_mapping.py for tasks to queue
[2024-04-08T08:36:58.211+0000] {logging_mixin.py:188} INFO - [2024-04-08T08:36:58.210+0000] {dagbag.py:540} INFO - Filling up the DagBag from /home/airflow/.local/lib/python3.8/site-packages/airflow/example_dags/example_dynamic_task_mapping.py
[2024-04-08T08:36:58.218+0000] {processor.py:840} INFO - DAG(s) 'example_dynamic_task_mapping' retrieved from /home/airflow/.local/lib/python3.8/site-packages/airflow/example_dags/example_dynamic_task_mapping.py
[2024-04-08T08:36:58.238+0000] {logging_mixin.py:188} INFO - [2024-04-08T08:36:58.238+0000] {dag.py:3047} INFO - Sync 1 DAGs
[2024-04-08T08:36:58.261+0000] {logging_mixin.py:188} INFO - [2024-04-08T08:36:58.260+0000] {dag.py:3834} INFO - Setting next_dagrun for example_dynamic_task_mapping to 2022-03-04 00:00:00+00:00, run_after=2022-03-05 00:00:00+00:00
[2024-04-08T08:36:58.283+0000] {processor.py:183} INFO - Processing /home/airflow/.local/lib/python3.8/site-packages/airflow/example_dags/example_dynamic_task_mapping.py took 0.078 seconds
[2024-04-08T08:37:28.658+0000] {processor.py:161} INFO - Started process (PID=5354) to work on /home/airflow/.local/lib/python3.8/site-packages/airflow/example_dags/example_dynamic_task_mapping.py
[2024-04-08T08:37:28.659+0000] {processor.py:830} INFO - Processing file /home/airflow/.local/lib/python3.8/site-packages/airflow/example_dags/example_dynamic_task_mapping.py for tasks to queue
[2024-04-08T08:37:28.659+0000] {logging_mixin.py:188} INFO - [2024-04-08T08:37:28.659+0000] {dagbag.py:540} INFO - Filling up the DagBag from /home/airflow/.local/lib/python3.8/site-packages/airflow/example_dags/example_dynamic_task_mapping.py
[2024-04-08T08:37:28.665+0000] {processor.py:840} INFO - DAG(s) 'example_dynamic_task_mapping' retrieved from /home/airflow/.local/lib/python3.8/site-packages/airflow/example_dags/example_dynamic_task_mapping.py
[2024-04-08T08:37:28.686+0000] {logging_mixin.py:188} INFO - [2024-04-08T08:37:28.685+0000] {dag.py:3047} INFO - Sync 1 DAGs
[2024-04-08T08:37:28.705+0000] {logging_mixin.py:188} INFO - [2024-04-08T08:37:28.705+0000] {dag.py:3834} INFO - Setting next_dagrun for example_dynamic_task_mapping to 2022-03-04 00:00:00+00:00, run_after=2022-03-05 00:00:00+00:00
[2024-04-08T08:37:28.725+0000] {processor.py:183} INFO - Processing /home/airflow/.local/lib/python3.8/site-packages/airflow/example_dags/example_dynamic_task_mapping.py took 0.069 seconds
[2024-04-08T08:37:59.234+0000] {processor.py:161} INFO - Started process (PID=5611) to work on /home/airflow/.local/lib/python3.8/site-packages/airflow/example_dags/example_dynamic_task_mapping.py
[2024-04-08T08:37:59.235+0000] {processor.py:830} INFO - Processing file /home/airflow/.local/lib/python3.8/site-packages/airflow/example_dags/example_dynamic_task_mapping.py for tasks to queue
[2024-04-08T08:37:59.236+0000] {logging_mixin.py:188} INFO - [2024-04-08T08:37:59.236+0000] {dagbag.py:540} INFO - Filling up the DagBag from /home/airflow/.local/lib/python3.8/site-packages/airflow/example_dags/example_dynamic_task_mapping.py
[2024-04-08T08:37:59.244+0000] {processor.py:840} INFO - DAG(s) 'example_dynamic_task_mapping' retrieved from /home/airflow/.local/lib/python3.8/site-packages/airflow/example_dags/example_dynamic_task_mapping.py
[2024-04-08T08:37:59.267+0000] {logging_mixin.py:188} INFO - [2024-04-08T08:37:59.266+0000] {dag.py:3047} INFO - Sync 1 DAGs
[2024-04-08T08:37:59.292+0000] {logging_mixin.py:188} INFO - [2024-04-08T08:37:59.292+0000] {dag.py:3834} INFO - Setting next_dagrun for example_dynamic_task_mapping to 2022-03-04 00:00:00+00:00, run_after=2022-03-05 00:00:00+00:00
[2024-04-08T08:37:59.314+0000] {processor.py:183} INFO - Processing /home/airflow/.local/lib/python3.8/site-packages/airflow/example_dags/example_dynamic_task_mapping.py took 0.084 seconds
[2024-04-08T08:38:29.774+0000] {processor.py:161} INFO - Started process (PID=5869) to work on /home/airflow/.local/lib/python3.8/site-packages/airflow/example_dags/example_dynamic_task_mapping.py
[2024-04-08T08:38:29.775+0000] {processor.py:830} INFO - Processing file /home/airflow/.local/lib/python3.8/site-packages/airflow/example_dags/example_dynamic_task_mapping.py for tasks to queue
[2024-04-08T08:38:29.776+0000] {logging_mixin.py:188} INFO - [2024-04-08T08:38:29.776+0000] {dagbag.py:540} INFO - Filling up the DagBag from /home/airflow/.local/lib/python3.8/site-packages/airflow/example_dags/example_dynamic_task_mapping.py
[2024-04-08T08:38:29.784+0000] {processor.py:840} INFO - DAG(s) 'example_dynamic_task_mapping' retrieved from /home/airflow/.local/lib/python3.8/site-packages/airflow/example_dags/example_dynamic_task_mapping.py
[2024-04-08T08:38:29.805+0000] {logging_mixin.py:188} INFO - [2024-04-08T08:38:29.805+0000] {dag.py:3047} INFO - Sync 1 DAGs
[2024-04-08T08:38:29.831+0000] {logging_mixin.py:188} INFO - [2024-04-08T08:38:29.830+0000] {dag.py:3834} INFO - Setting next_dagrun for example_dynamic_task_mapping to 2022-03-04 00:00:00+00:00, run_after=2022-03-05 00:00:00+00:00
[2024-04-08T08:38:29.870+0000] {processor.py:183} INFO - Processing /home/airflow/.local/lib/python3.8/site-packages/airflow/example_dags/example_dynamic_task_mapping.py took 0.100 seconds
[2024-04-08T08:39:00.383+0000] {processor.py:161} INFO - Started process (PID=6126) to work on /home/airflow/.local/lib/python3.8/site-packages/airflow/example_dags/example_dynamic_task_mapping.py
[2024-04-08T08:39:00.384+0000] {processor.py:830} INFO - Processing file /home/airflow/.local/lib/python3.8/site-packages/airflow/example_dags/example_dynamic_task_mapping.py for tasks to queue
[2024-04-08T08:39:00.385+0000] {logging_mixin.py:188} INFO - [2024-04-08T08:39:00.385+0000] {dagbag.py:540} INFO - Filling up the DagBag from /home/airflow/.local/lib/python3.8/site-packages/airflow/example_dags/example_dynamic_task_mapping.py
[2024-04-08T08:39:00.393+0000] {processor.py:840} INFO - DAG(s) 'example_dynamic_task_mapping' retrieved from /home/airflow/.local/lib/python3.8/site-packages/airflow/example_dags/example_dynamic_task_mapping.py
[2024-04-08T08:39:00.415+0000] {logging_mixin.py:188} INFO - [2024-04-08T08:39:00.415+0000] {dag.py:3047} INFO - Sync 1 DAGs
[2024-04-08T08:39:00.438+0000] {logging_mixin.py:188} INFO - [2024-04-08T08:39:00.438+0000] {dag.py:3834} INFO - Setting next_dagrun for example_dynamic_task_mapping to 2022-03-04 00:00:00+00:00, run_after=2022-03-05 00:00:00+00:00
[2024-04-08T08:39:00.461+0000] {processor.py:183} INFO - Processing /home/airflow/.local/lib/python3.8/site-packages/airflow/example_dags/example_dynamic_task_mapping.py took 0.081 seconds
[2024-04-08T08:39:30.988+0000] {processor.py:161} INFO - Started process (PID=6382) to work on /home/airflow/.local/lib/python3.8/site-packages/airflow/example_dags/example_dynamic_task_mapping.py
[2024-04-08T08:39:30.990+0000] {processor.py:830} INFO - Processing file /home/airflow/.local/lib/python3.8/site-packages/airflow/example_dags/example_dynamic_task_mapping.py for tasks to queue
[2024-04-08T08:39:30.991+0000] {logging_mixin.py:188} INFO - [2024-04-08T08:39:30.990+0000] {dagbag.py:540} INFO - Filling up the DagBag from /home/airflow/.local/lib/python3.8/site-packages/airflow/example_dags/example_dynamic_task_mapping.py
[2024-04-08T08:39:30.998+0000] {processor.py:840} INFO - DAG(s) 'example_dynamic_task_mapping' retrieved from /home/airflow/.local/lib/python3.8/site-packages/airflow/example_dags/example_dynamic_task_mapping.py
[2024-04-08T08:39:31.020+0000] {logging_mixin.py:188} INFO - [2024-04-08T08:39:31.020+0000] {dag.py:3047} INFO - Sync 1 DAGs
[2024-04-08T08:39:31.043+0000] {logging_mixin.py:188} INFO - [2024-04-08T08:39:31.042+0000] {dag.py:3834} INFO - Setting next_dagrun for example_dynamic_task_mapping to 2022-03-04 00:00:00+00:00, run_after=2022-03-05 00:00:00+00:00
[2024-04-08T08:39:31.064+0000] {processor.py:183} INFO - Processing /home/airflow/.local/lib/python3.8/site-packages/airflow/example_dags/example_dynamic_task_mapping.py took 0.079 seconds
[2024-04-08T08:40:01.524+0000] {processor.py:161} INFO - Started process (PID=6639) to work on /home/airflow/.local/lib/python3.8/site-packages/airflow/example_dags/example_dynamic_task_mapping.py
[2024-04-08T08:40:01.525+0000] {processor.py:830} INFO - Processing file /home/airflow/.local/lib/python3.8/site-packages/airflow/example_dags/example_dynamic_task_mapping.py for tasks to queue
[2024-04-08T08:40:01.526+0000] {logging_mixin.py:188} INFO - [2024-04-08T08:40:01.525+0000] {dagbag.py:540} INFO - Filling up the DagBag from /home/airflow/.local/lib/python3.8/site-packages/airflow/example_dags/example_dynamic_task_mapping.py
[2024-04-08T08:40:01.534+0000] {processor.py:840} INFO - DAG(s) 'example_dynamic_task_mapping' retrieved from /home/airflow/.local/lib/python3.8/site-packages/airflow/example_dags/example_dynamic_task_mapping.py
[2024-04-08T08:40:01.554+0000] {logging_mixin.py:188} INFO - [2024-04-08T08:40:01.554+0000] {dag.py:3047} INFO - Sync 1 DAGs
[2024-04-08T08:40:01.573+0000] {logging_mixin.py:188} INFO - [2024-04-08T08:40:01.573+0000] {dag.py:3834} INFO - Setting next_dagrun for example_dynamic_task_mapping to 2022-03-04 00:00:00+00:00, run_after=2022-03-05 00:00:00+00:00
[2024-04-08T08:40:01.592+0000] {processor.py:183} INFO - Processing /home/airflow/.local/lib/python3.8/site-packages/airflow/example_dags/example_dynamic_task_mapping.py took 0.073 seconds
[2024-04-08T08:40:31.904+0000] {processor.py:161} INFO - Started process (PID=6896) to work on /home/airflow/.local/lib/python3.8/site-packages/airflow/example_dags/example_dynamic_task_mapping.py
[2024-04-08T08:40:31.905+0000] {processor.py:830} INFO - Processing file /home/airflow/.local/lib/python3.8/site-packages/airflow/example_dags/example_dynamic_task_mapping.py for tasks to queue
[2024-04-08T08:40:31.906+0000] {logging_mixin.py:188} INFO - [2024-04-08T08:40:31.906+0000] {dagbag.py:540} INFO - Filling up the DagBag from /home/airflow/.local/lib/python3.8/site-packages/airflow/example_dags/example_dynamic_task_mapping.py
[2024-04-08T08:40:31.914+0000] {processor.py:840} INFO - DAG(s) 'example_dynamic_task_mapping' retrieved from /home/airflow/.local/lib/python3.8/site-packages/airflow/example_dags/example_dynamic_task_mapping.py
[2024-04-08T08:40:31.935+0000] {logging_mixin.py:188} INFO - [2024-04-08T08:40:31.934+0000] {dag.py:3047} INFO - Sync 1 DAGs
[2024-04-08T08:40:31.960+0000] {logging_mixin.py:188} INFO - [2024-04-08T08:40:31.959+0000] {dag.py:3834} INFO - Setting next_dagrun for example_dynamic_task_mapping to 2022-03-04 00:00:00+00:00, run_after=2022-03-05 00:00:00+00:00
[2024-04-08T08:40:31.985+0000] {processor.py:183} INFO - Processing /home/airflow/.local/lib/python3.8/site-packages/airflow/example_dags/example_dynamic_task_mapping.py took 0.084 seconds
[2024-04-08T08:41:02.465+0000] {processor.py:161} INFO - Started process (PID=7153) to work on /home/airflow/.local/lib/python3.8/site-packages/airflow/example_dags/example_dynamic_task_mapping.py
[2024-04-08T08:41:02.466+0000] {processor.py:830} INFO - Processing file /home/airflow/.local/lib/python3.8/site-packages/airflow/example_dags/example_dynamic_task_mapping.py for tasks to queue
[2024-04-08T08:41:02.467+0000] {logging_mixin.py:188} INFO - [2024-04-08T08:41:02.466+0000] {dagbag.py:540} INFO - Filling up the DagBag from /home/airflow/.local/lib/python3.8/site-packages/airflow/example_dags/example_dynamic_task_mapping.py
[2024-04-08T08:41:02.474+0000] {processor.py:840} INFO - DAG(s) 'example_dynamic_task_mapping' retrieved from /home/airflow/.local/lib/python3.8/site-packages/airflow/example_dags/example_dynamic_task_mapping.py
[2024-04-08T08:41:02.488+0000] {logging_mixin.py:188} INFO - [2024-04-08T08:41:02.488+0000] {dag.py:3047} INFO - Sync 1 DAGs
[2024-04-08T08:41:02.506+0000] {logging_mixin.py:188} INFO - [2024-04-08T08:41:02.505+0000] {dag.py:3834} INFO - Setting next_dagrun for example_dynamic_task_mapping to 2022-03-04 00:00:00+00:00, run_after=2022-03-05 00:00:00+00:00
[2024-04-08T08:41:02.531+0000] {processor.py:183} INFO - Processing /home/airflow/.local/lib/python3.8/site-packages/airflow/example_dags/example_dynamic_task_mapping.py took 0.069 seconds
[2024-04-08T08:41:32.936+0000] {processor.py:161} INFO - Started process (PID=7410) to work on /home/airflow/.local/lib/python3.8/site-packages/airflow/example_dags/example_dynamic_task_mapping.py
[2024-04-08T08:41:32.937+0000] {processor.py:830} INFO - Processing file /home/airflow/.local/lib/python3.8/site-packages/airflow/example_dags/example_dynamic_task_mapping.py for tasks to queue
[2024-04-08T08:41:32.938+0000] {logging_mixin.py:188} INFO - [2024-04-08T08:41:32.937+0000] {dagbag.py:540} INFO - Filling up the DagBag from /home/airflow/.local/lib/python3.8/site-packages/airflow/example_dags/example_dynamic_task_mapping.py
[2024-04-08T08:41:32.945+0000] {processor.py:840} INFO - DAG(s) 'example_dynamic_task_mapping' retrieved from /home/airflow/.local/lib/python3.8/site-packages/airflow/example_dags/example_dynamic_task_mapping.py
[2024-04-08T08:41:32.970+0000] {logging_mixin.py:188} INFO - [2024-04-08T08:41:32.970+0000] {dag.py:3047} INFO - Sync 1 DAGs
[2024-04-08T08:41:32.994+0000] {logging_mixin.py:188} INFO - [2024-04-08T08:41:32.994+0000] {dag.py:3834} INFO - Setting next_dagrun for example_dynamic_task_mapping to 2022-03-04 00:00:00+00:00, run_after=2022-03-05 00:00:00+00:00
[2024-04-08T08:41:33.016+0000] {processor.py:183} INFO - Processing /home/airflow/.local/lib/python3.8/site-packages/airflow/example_dags/example_dynamic_task_mapping.py took 0.085 seconds
[2024-04-08T08:42:03.127+0000] {processor.py:161} INFO - Started process (PID=7667) to work on /home/airflow/.local/lib/python3.8/site-packages/airflow/example_dags/example_dynamic_task_mapping.py
[2024-04-08T08:42:03.129+0000] {processor.py:830} INFO - Processing file /home/airflow/.local/lib/python3.8/site-packages/airflow/example_dags/example_dynamic_task_mapping.py for tasks to queue
[2024-04-08T08:42:03.131+0000] {logging_mixin.py:188} INFO - [2024-04-08T08:42:03.130+0000] {dagbag.py:540} INFO - Filling up the DagBag from /home/airflow/.local/lib/python3.8/site-packages/airflow/example_dags/example_dynamic_task_mapping.py
[2024-04-08T08:42:03.138+0000] {processor.py:840} INFO - DAG(s) 'example_dynamic_task_mapping' retrieved from /home/airflow/.local/lib/python3.8/site-packages/airflow/example_dags/example_dynamic_task_mapping.py
[2024-04-08T08:42:03.167+0000] {logging_mixin.py:188} INFO - [2024-04-08T08:42:03.167+0000] {dag.py:3047} INFO - Sync 1 DAGs
[2024-04-08T08:42:03.192+0000] {logging_mixin.py:188} INFO - [2024-04-08T08:42:03.192+0000] {dag.py:3834} INFO - Setting next_dagrun for example_dynamic_task_mapping to 2022-03-04 00:00:00+00:00, run_after=2022-03-05 00:00:00+00:00
[2024-04-08T08:42:03.213+0000] {processor.py:183} INFO - Processing /home/airflow/.local/lib/python3.8/site-packages/airflow/example_dags/example_dynamic_task_mapping.py took 0.090 seconds
[2024-04-08T08:42:33.528+0000] {processor.py:161} INFO - Started process (PID=7924) to work on /home/airflow/.local/lib/python3.8/site-packages/airflow/example_dags/example_dynamic_task_mapping.py
[2024-04-08T08:42:33.529+0000] {processor.py:830} INFO - Processing file /home/airflow/.local/lib/python3.8/site-packages/airflow/example_dags/example_dynamic_task_mapping.py for tasks to queue
[2024-04-08T08:42:33.530+0000] {logging_mixin.py:188} INFO - [2024-04-08T08:42:33.530+0000] {dagbag.py:540} INFO - Filling up the DagBag from /home/airflow/.local/lib/python3.8/site-packages/airflow/example_dags/example_dynamic_task_mapping.py
[2024-04-08T08:42:33.535+0000] {processor.py:840} INFO - DAG(s) 'example_dynamic_task_mapping' retrieved from /home/airflow/.local/lib/python3.8/site-packages/airflow/example_dags/example_dynamic_task_mapping.py
[2024-04-08T08:42:33.557+0000] {logging_mixin.py:188} INFO - [2024-04-08T08:42:33.557+0000] {dag.py:3047} INFO - Sync 1 DAGs
[2024-04-08T08:42:33.579+0000] {logging_mixin.py:188} INFO - [2024-04-08T08:42:33.579+0000] {dag.py:3834} INFO - Setting next_dagrun for example_dynamic_task_mapping to 2022-03-04 00:00:00+00:00, run_after=2022-03-05 00:00:00+00:00
[2024-04-08T08:42:33.598+0000] {processor.py:183} INFO - Processing /home/airflow/.local/lib/python3.8/site-packages/airflow/example_dags/example_dynamic_task_mapping.py took 0.074 seconds
[2024-04-08T08:43:03.929+0000] {processor.py:161} INFO - Started process (PID=8183) to work on /home/airflow/.local/lib/python3.8/site-packages/airflow/example_dags/example_dynamic_task_mapping.py
[2024-04-08T08:43:03.930+0000] {processor.py:830} INFO - Processing file /home/airflow/.local/lib/python3.8/site-packages/airflow/example_dags/example_dynamic_task_mapping.py for tasks to queue
[2024-04-08T08:43:03.931+0000] {logging_mixin.py:188} INFO - [2024-04-08T08:43:03.931+0000] {dagbag.py:540} INFO - Filling up the DagBag from /home/airflow/.local/lib/python3.8/site-packages/airflow/example_dags/example_dynamic_task_mapping.py
[2024-04-08T08:43:03.936+0000] {processor.py:840} INFO - DAG(s) 'example_dynamic_task_mapping' retrieved from /home/airflow/.local/lib/python3.8/site-packages/airflow/example_dags/example_dynamic_task_mapping.py
[2024-04-08T08:43:03.952+0000] {logging_mixin.py:188} INFO - [2024-04-08T08:43:03.952+0000] {dag.py:3047} INFO - Sync 1 DAGs
[2024-04-08T08:43:03.970+0000] {logging_mixin.py:188} INFO - [2024-04-08T08:43:03.970+0000] {dag.py:3834} INFO - Setting next_dagrun for example_dynamic_task_mapping to 2022-03-04 00:00:00+00:00, run_after=2022-03-05 00:00:00+00:00
[2024-04-08T08:43:03.989+0000] {processor.py:183} INFO - Processing /home/airflow/.local/lib/python3.8/site-packages/airflow/example_dags/example_dynamic_task_mapping.py took 0.063 seconds
[2024-04-08T08:43:34.400+0000] {processor.py:161} INFO - Started process (PID=8438) to work on /home/airflow/.local/lib/python3.8/site-packages/airflow/example_dags/example_dynamic_task_mapping.py
[2024-04-08T08:43:34.402+0000] {processor.py:830} INFO - Processing file /home/airflow/.local/lib/python3.8/site-packages/airflow/example_dags/example_dynamic_task_mapping.py for tasks to queue
[2024-04-08T08:43:34.403+0000] {logging_mixin.py:188} INFO - [2024-04-08T08:43:34.402+0000] {dagbag.py:540} INFO - Filling up the DagBag from /home/airflow/.local/lib/python3.8/site-packages/airflow/example_dags/example_dynamic_task_mapping.py
[2024-04-08T08:43:34.411+0000] {processor.py:840} INFO - DAG(s) 'example_dynamic_task_mapping' retrieved from /home/airflow/.local/lib/python3.8/site-packages/airflow/example_dags/example_dynamic_task_mapping.py
[2024-04-08T08:43:34.433+0000] {logging_mixin.py:188} INFO - [2024-04-08T08:43:34.433+0000] {dag.py:3047} INFO - Sync 1 DAGs
[2024-04-08T08:43:34.457+0000] {logging_mixin.py:188} INFO - [2024-04-08T08:43:34.456+0000] {dag.py:3834} INFO - Setting next_dagrun for example_dynamic_task_mapping to 2022-03-04 00:00:00+00:00, run_after=2022-03-05 00:00:00+00:00
[2024-04-08T08:43:34.476+0000] {processor.py:183} INFO - Processing /home/airflow/.local/lib/python3.8/site-packages/airflow/example_dags/example_dynamic_task_mapping.py took 0.079 seconds
[2024-04-08T08:44:04.962+0000] {processor.py:161} INFO - Started process (PID=8695) to work on /home/airflow/.local/lib/python3.8/site-packages/airflow/example_dags/example_dynamic_task_mapping.py
[2024-04-08T08:44:04.963+0000] {processor.py:830} INFO - Processing file /home/airflow/.local/lib/python3.8/site-packages/airflow/example_dags/example_dynamic_task_mapping.py for tasks to queue
[2024-04-08T08:44:04.964+0000] {logging_mixin.py:188} INFO - [2024-04-08T08:44:04.963+0000] {dagbag.py:540} INFO - Filling up the DagBag from /home/airflow/.local/lib/python3.8/site-packages/airflow/example_dags/example_dynamic_task_mapping.py
[2024-04-08T08:44:04.971+0000] {processor.py:840} INFO - DAG(s) 'example_dynamic_task_mapping' retrieved from /home/airflow/.local/lib/python3.8/site-packages/airflow/example_dags/example_dynamic_task_mapping.py
[2024-04-08T08:44:04.993+0000] {logging_mixin.py:188} INFO - [2024-04-08T08:44:04.993+0000] {dag.py:3047} INFO - Sync 1 DAGs
[2024-04-08T08:44:05.018+0000] {logging_mixin.py:188} INFO - [2024-04-08T08:44:05.018+0000] {dag.py:3834} INFO - Setting next_dagrun for example_dynamic_task_mapping to 2022-03-04 00:00:00+00:00, run_after=2022-03-05 00:00:00+00:00
[2024-04-08T08:44:05.038+0000] {processor.py:183} INFO - Processing /home/airflow/.local/lib/python3.8/site-packages/airflow/example_dags/example_dynamic_task_mapping.py took 0.080 seconds
[2024-04-08T08:44:35.681+0000] {processor.py:161} INFO - Started process (PID=8954) to work on /home/airflow/.local/lib/python3.8/site-packages/airflow/example_dags/example_dynamic_task_mapping.py
[2024-04-08T08:44:35.682+0000] {processor.py:830} INFO - Processing file /home/airflow/.local/lib/python3.8/site-packages/airflow/example_dags/example_dynamic_task_mapping.py for tasks to queue
[2024-04-08T08:44:35.683+0000] {logging_mixin.py:188} INFO - [2024-04-08T08:44:35.683+0000] {dagbag.py:540} INFO - Filling up the DagBag from /home/airflow/.local/lib/python3.8/site-packages/airflow/example_dags/example_dynamic_task_mapping.py
[2024-04-08T08:44:35.699+0000] {processor.py:840} INFO - DAG(s) 'example_dynamic_task_mapping' retrieved from /home/airflow/.local/lib/python3.8/site-packages/airflow/example_dags/example_dynamic_task_mapping.py
[2024-04-08T08:44:35.716+0000] {logging_mixin.py:188} INFO - [2024-04-08T08:44:35.716+0000] {dag.py:3047} INFO - Sync 1 DAGs
[2024-04-08T08:44:35.734+0000] {logging_mixin.py:188} INFO - [2024-04-08T08:44:35.733+0000] {dag.py:3834} INFO - Setting next_dagrun for example_dynamic_task_mapping to 2022-03-04 00:00:00+00:00, run_after=2022-03-05 00:00:00+00:00
[2024-04-08T08:44:35.753+0000] {processor.py:183} INFO - Processing /home/airflow/.local/lib/python3.8/site-packages/airflow/example_dags/example_dynamic_task_mapping.py took 0.075 seconds
[2024-04-08T08:45:05.953+0000] {processor.py:161} INFO - Started process (PID=9212) to work on /home/airflow/.local/lib/python3.8/site-packages/airflow/example_dags/example_dynamic_task_mapping.py
[2024-04-08T08:45:05.954+0000] {processor.py:830} INFO - Processing file /home/airflow/.local/lib/python3.8/site-packages/airflow/example_dags/example_dynamic_task_mapping.py for tasks to queue
[2024-04-08T08:45:05.955+0000] {logging_mixin.py:188} INFO - [2024-04-08T08:45:05.955+0000] {dagbag.py:540} INFO - Filling up the DagBag from /home/airflow/.local/lib/python3.8/site-packages/airflow/example_dags/example_dynamic_task_mapping.py
[2024-04-08T08:45:05.963+0000] {processor.py:840} INFO - DAG(s) 'example_dynamic_task_mapping' retrieved from /home/airflow/.local/lib/python3.8/site-packages/airflow/example_dags/example_dynamic_task_mapping.py
[2024-04-08T08:45:05.996+0000] {logging_mixin.py:188} INFO - [2024-04-08T08:45:05.996+0000] {dag.py:3047} INFO - Sync 1 DAGs
[2024-04-08T08:45:06.021+0000] {logging_mixin.py:188} INFO - [2024-04-08T08:45:06.020+0000] {dag.py:3834} INFO - Setting next_dagrun for example_dynamic_task_mapping to 2022-03-04 00:00:00+00:00, run_after=2022-03-05 00:00:00+00:00
[2024-04-08T08:45:06.039+0000] {processor.py:183} INFO - Processing /home/airflow/.local/lib/python3.8/site-packages/airflow/example_dags/example_dynamic_task_mapping.py took 0.090 seconds
[2024-04-08T08:45:36.341+0000] {processor.py:161} INFO - Started process (PID=9470) to work on /home/airflow/.local/lib/python3.8/site-packages/airflow/example_dags/example_dynamic_task_mapping.py
[2024-04-08T08:45:36.342+0000] {processor.py:830} INFO - Processing file /home/airflow/.local/lib/python3.8/site-packages/airflow/example_dags/example_dynamic_task_mapping.py for tasks to queue
[2024-04-08T08:45:36.343+0000] {logging_mixin.py:188} INFO - [2024-04-08T08:45:36.342+0000] {dagbag.py:540} INFO - Filling up the DagBag from /home/airflow/.local/lib/python3.8/site-packages/airflow/example_dags/example_dynamic_task_mapping.py
[2024-04-08T08:45:36.350+0000] {processor.py:840} INFO - DAG(s) 'example_dynamic_task_mapping' retrieved from /home/airflow/.local/lib/python3.8/site-packages/airflow/example_dags/example_dynamic_task_mapping.py
[2024-04-08T08:45:36.373+0000] {logging_mixin.py:188} INFO - [2024-04-08T08:45:36.373+0000] {dag.py:3047} INFO - Sync 1 DAGs
[2024-04-08T08:45:36.398+0000] {logging_mixin.py:188} INFO - [2024-04-08T08:45:36.398+0000] {dag.py:3834} INFO - Setting next_dagrun for example_dynamic_task_mapping to 2022-03-04 00:00:00+00:00, run_after=2022-03-05 00:00:00+00:00
[2024-04-08T08:45:36.418+0000] {processor.py:183} INFO - Processing /home/airflow/.local/lib/python3.8/site-packages/airflow/example_dags/example_dynamic_task_mapping.py took 0.081 seconds
[2024-04-08T08:46:06.613+0000] {processor.py:161} INFO - Started process (PID=9727) to work on /home/airflow/.local/lib/python3.8/site-packages/airflow/example_dags/example_dynamic_task_mapping.py
[2024-04-08T08:46:06.614+0000] {processor.py:830} INFO - Processing file /home/airflow/.local/lib/python3.8/site-packages/airflow/example_dags/example_dynamic_task_mapping.py for tasks to queue
[2024-04-08T08:46:06.615+0000] {logging_mixin.py:188} INFO - [2024-04-08T08:46:06.614+0000] {dagbag.py:540} INFO - Filling up the DagBag from /home/airflow/.local/lib/python3.8/site-packages/airflow/example_dags/example_dynamic_task_mapping.py
[2024-04-08T08:46:06.622+0000] {processor.py:840} INFO - DAG(s) 'example_dynamic_task_mapping' retrieved from /home/airflow/.local/lib/python3.8/site-packages/airflow/example_dags/example_dynamic_task_mapping.py
[2024-04-08T08:46:06.647+0000] {logging_mixin.py:188} INFO - [2024-04-08T08:46:06.647+0000] {dag.py:3047} INFO - Sync 1 DAGs
[2024-04-08T08:46:06.671+0000] {logging_mixin.py:188} INFO - [2024-04-08T08:46:06.671+0000] {dag.py:3834} INFO - Setting next_dagrun for example_dynamic_task_mapping to 2022-03-04 00:00:00+00:00, run_after=2022-03-05 00:00:00+00:00
[2024-04-08T08:46:06.690+0000] {processor.py:183} INFO - Processing /home/airflow/.local/lib/python3.8/site-packages/airflow/example_dags/example_dynamic_task_mapping.py took 0.081 seconds
[2024-04-08T08:46:36.982+0000] {processor.py:161} INFO - Started process (PID=9984) to work on /home/airflow/.local/lib/python3.8/site-packages/airflow/example_dags/example_dynamic_task_mapping.py
[2024-04-08T08:46:36.983+0000] {processor.py:830} INFO - Processing file /home/airflow/.local/lib/python3.8/site-packages/airflow/example_dags/example_dynamic_task_mapping.py for tasks to queue
[2024-04-08T08:46:36.985+0000] {logging_mixin.py:188} INFO - [2024-04-08T08:46:36.984+0000] {dagbag.py:540} INFO - Filling up the DagBag from /home/airflow/.local/lib/python3.8/site-packages/airflow/example_dags/example_dynamic_task_mapping.py
[2024-04-08T08:46:36.992+0000] {processor.py:840} INFO - DAG(s) 'example_dynamic_task_mapping' retrieved from /home/airflow/.local/lib/python3.8/site-packages/airflow/example_dags/example_dynamic_task_mapping.py
[2024-04-08T08:46:37.015+0000] {logging_mixin.py:188} INFO - [2024-04-08T08:46:37.015+0000] {dag.py:3047} INFO - Sync 1 DAGs
[2024-04-08T08:46:37.039+0000] {logging_mixin.py:188} INFO - [2024-04-08T08:46:37.039+0000] {dag.py:3834} INFO - Setting next_dagrun for example_dynamic_task_mapping to 2022-03-04 00:00:00+00:00, run_after=2022-03-05 00:00:00+00:00
[2024-04-08T08:46:37.060+0000] {processor.py:183} INFO - Processing /home/airflow/.local/lib/python3.8/site-packages/airflow/example_dags/example_dynamic_task_mapping.py took 0.082 seconds
[2024-04-08T08:47:07.616+0000] {processor.py:161} INFO - Started process (PID=10241) to work on /home/airflow/.local/lib/python3.8/site-packages/airflow/example_dags/example_dynamic_task_mapping.py
[2024-04-08T08:47:07.617+0000] {processor.py:830} INFO - Processing file /home/airflow/.local/lib/python3.8/site-packages/airflow/example_dags/example_dynamic_task_mapping.py for tasks to queue
[2024-04-08T08:47:07.617+0000] {logging_mixin.py:188} INFO - [2024-04-08T08:47:07.617+0000] {dagbag.py:540} INFO - Filling up the DagBag from /home/airflow/.local/lib/python3.8/site-packages/airflow/example_dags/example_dynamic_task_mapping.py
[2024-04-08T08:47:07.625+0000] {processor.py:840} INFO - DAG(s) 'example_dynamic_task_mapping' retrieved from /home/airflow/.local/lib/python3.8/site-packages/airflow/example_dags/example_dynamic_task_mapping.py
[2024-04-08T08:47:07.646+0000] {logging_mixin.py:188} INFO - [2024-04-08T08:47:07.646+0000] {dag.py:3047} INFO - Sync 1 DAGs
[2024-04-08T08:47:07.664+0000] {logging_mixin.py:188} INFO - [2024-04-08T08:47:07.664+0000] {dag.py:3834} INFO - Setting next_dagrun for example_dynamic_task_mapping to 2022-03-04 00:00:00+00:00, run_after=2022-03-05 00:00:00+00:00
[2024-04-08T08:47:07.683+0000] {processor.py:183} INFO - Processing /home/airflow/.local/lib/python3.8/site-packages/airflow/example_dags/example_dynamic_task_mapping.py took 0.070 seconds
[2024-04-08T08:47:37.899+0000] {processor.py:161} INFO - Started process (PID=10500) to work on /home/airflow/.local/lib/python3.8/site-packages/airflow/example_dags/example_dynamic_task_mapping.py
[2024-04-08T08:47:37.900+0000] {processor.py:830} INFO - Processing file /home/airflow/.local/lib/python3.8/site-packages/airflow/example_dags/example_dynamic_task_mapping.py for tasks to queue
[2024-04-08T08:47:37.901+0000] {logging_mixin.py:188} INFO - [2024-04-08T08:47:37.901+0000] {dagbag.py:540} INFO - Filling up the DagBag from /home/airflow/.local/lib/python3.8/site-packages/airflow/example_dags/example_dynamic_task_mapping.py
[2024-04-08T08:47:37.906+0000] {processor.py:840} INFO - DAG(s) 'example_dynamic_task_mapping' retrieved from /home/airflow/.local/lib/python3.8/site-packages/airflow/example_dags/example_dynamic_task_mapping.py
[2024-04-08T08:47:37.922+0000] {logging_mixin.py:188} INFO - [2024-04-08T08:47:37.922+0000] {dag.py:3047} INFO - Sync 1 DAGs
[2024-04-08T08:47:37.939+0000] {logging_mixin.py:188} INFO - [2024-04-08T08:47:37.939+0000] {dag.py:3834} INFO - Setting next_dagrun for example_dynamic_task_mapping to 2022-03-04 00:00:00+00:00, run_after=2022-03-05 00:00:00+00:00
[2024-04-08T08:47:37.958+0000] {processor.py:183} INFO - Processing /home/airflow/.local/lib/python3.8/site-packages/airflow/example_dags/example_dynamic_task_mapping.py took 0.061 seconds
[2024-04-08T08:48:08.841+0000] {processor.py:161} INFO - Started process (PID=10755) to work on /home/airflow/.local/lib/python3.8/site-packages/airflow/example_dags/example_dynamic_task_mapping.py
[2024-04-08T08:48:08.842+0000] {processor.py:830} INFO - Processing file /home/airflow/.local/lib/python3.8/site-packages/airflow/example_dags/example_dynamic_task_mapping.py for tasks to queue
[2024-04-08T08:48:08.843+0000] {logging_mixin.py:188} INFO - [2024-04-08T08:48:08.843+0000] {dagbag.py:540} INFO - Filling up the DagBag from /home/airflow/.local/lib/python3.8/site-packages/airflow/example_dags/example_dynamic_task_mapping.py
[2024-04-08T08:48:08.851+0000] {processor.py:840} INFO - DAG(s) 'example_dynamic_task_mapping' retrieved from /home/airflow/.local/lib/python3.8/site-packages/airflow/example_dags/example_dynamic_task_mapping.py
[2024-04-08T08:48:08.872+0000] {logging_mixin.py:188} INFO - [2024-04-08T08:48:08.872+0000] {dag.py:3047} INFO - Sync 1 DAGs
[2024-04-08T08:48:08.897+0000] {logging_mixin.py:188} INFO - [2024-04-08T08:48:08.897+0000] {dag.py:3834} INFO - Setting next_dagrun for example_dynamic_task_mapping to 2022-03-04 00:00:00+00:00, run_after=2022-03-05 00:00:00+00:00
[2024-04-08T08:48:08.921+0000] {processor.py:183} INFO - Processing /home/airflow/.local/lib/python3.8/site-packages/airflow/example_dags/example_dynamic_task_mapping.py took 0.083 seconds
[2024-04-08T08:48:39.397+0000] {processor.py:161} INFO - Started process (PID=11012) to work on /home/airflow/.local/lib/python3.8/site-packages/airflow/example_dags/example_dynamic_task_mapping.py
[2024-04-08T08:48:39.398+0000] {processor.py:830} INFO - Processing file /home/airflow/.local/lib/python3.8/site-packages/airflow/example_dags/example_dynamic_task_mapping.py for tasks to queue
[2024-04-08T08:48:39.399+0000] {logging_mixin.py:188} INFO - [2024-04-08T08:48:39.399+0000] {dagbag.py:540} INFO - Filling up the DagBag from /home/airflow/.local/lib/python3.8/site-packages/airflow/example_dags/example_dynamic_task_mapping.py
[2024-04-08T08:48:39.406+0000] {processor.py:840} INFO - DAG(s) 'example_dynamic_task_mapping' retrieved from /home/airflow/.local/lib/python3.8/site-packages/airflow/example_dags/example_dynamic_task_mapping.py
[2024-04-08T08:48:39.429+0000] {logging_mixin.py:188} INFO - [2024-04-08T08:48:39.428+0000] {dag.py:3047} INFO - Sync 1 DAGs
[2024-04-08T08:48:39.452+0000] {logging_mixin.py:188} INFO - [2024-04-08T08:48:39.452+0000] {dag.py:3834} INFO - Setting next_dagrun for example_dynamic_task_mapping to 2022-03-04 00:00:00+00:00, run_after=2022-03-05 00:00:00+00:00
[2024-04-08T08:48:39.474+0000] {processor.py:183} INFO - Processing /home/airflow/.local/lib/python3.8/site-packages/airflow/example_dags/example_dynamic_task_mapping.py took 0.084 seconds
[2024-04-08T08:49:09.779+0000] {processor.py:161} INFO - Started process (PID=11269) to work on /home/airflow/.local/lib/python3.8/site-packages/airflow/example_dags/example_dynamic_task_mapping.py
[2024-04-08T08:49:09.780+0000] {processor.py:830} INFO - Processing file /home/airflow/.local/lib/python3.8/site-packages/airflow/example_dags/example_dynamic_task_mapping.py for tasks to queue
[2024-04-08T08:49:09.781+0000] {logging_mixin.py:188} INFO - [2024-04-08T08:49:09.781+0000] {dagbag.py:540} INFO - Filling up the DagBag from /home/airflow/.local/lib/python3.8/site-packages/airflow/example_dags/example_dynamic_task_mapping.py
[2024-04-08T08:49:09.788+0000] {processor.py:840} INFO - DAG(s) 'example_dynamic_task_mapping' retrieved from /home/airflow/.local/lib/python3.8/site-packages/airflow/example_dags/example_dynamic_task_mapping.py
[2024-04-08T08:49:09.810+0000] {logging_mixin.py:188} INFO - [2024-04-08T08:49:09.810+0000] {dag.py:3047} INFO - Sync 1 DAGs
[2024-04-08T08:49:09.835+0000] {logging_mixin.py:188} INFO - [2024-04-08T08:49:09.835+0000] {dag.py:3834} INFO - Setting next_dagrun for example_dynamic_task_mapping to 2022-03-04 00:00:00+00:00, run_after=2022-03-05 00:00:00+00:00
[2024-04-08T08:49:09.856+0000] {processor.py:183} INFO - Processing /home/airflow/.local/lib/python3.8/site-packages/airflow/example_dags/example_dynamic_task_mapping.py took 0.081 seconds
[2024-04-08T08:49:40.203+0000] {processor.py:161} INFO - Started process (PID=11526) to work on /home/airflow/.local/lib/python3.8/site-packages/airflow/example_dags/example_dynamic_task_mapping.py
[2024-04-08T08:49:40.205+0000] {processor.py:830} INFO - Processing file /home/airflow/.local/lib/python3.8/site-packages/airflow/example_dags/example_dynamic_task_mapping.py for tasks to queue
[2024-04-08T08:49:40.206+0000] {logging_mixin.py:188} INFO - [2024-04-08T08:49:40.205+0000] {dagbag.py:540} INFO - Filling up the DagBag from /home/airflow/.local/lib/python3.8/site-packages/airflow/example_dags/example_dynamic_task_mapping.py
[2024-04-08T08:49:40.213+0000] {processor.py:840} INFO - DAG(s) 'example_dynamic_task_mapping' retrieved from /home/airflow/.local/lib/python3.8/site-packages/airflow/example_dags/example_dynamic_task_mapping.py
[2024-04-08T08:49:40.234+0000] {logging_mixin.py:188} INFO - [2024-04-08T08:49:40.234+0000] {dag.py:3047} INFO - Sync 1 DAGs
[2024-04-08T08:49:40.258+0000] {logging_mixin.py:188} INFO - [2024-04-08T08:49:40.258+0000] {dag.py:3834} INFO - Setting next_dagrun for example_dynamic_task_mapping to 2022-03-04 00:00:00+00:00, run_after=2022-03-05 00:00:00+00:00
[2024-04-08T08:49:40.280+0000] {processor.py:183} INFO - Processing /home/airflow/.local/lib/python3.8/site-packages/airflow/example_dags/example_dynamic_task_mapping.py took 0.080 seconds
[2024-04-08T08:50:10.841+0000] {processor.py:161} INFO - Started process (PID=11784) to work on /home/airflow/.local/lib/python3.8/site-packages/airflow/example_dags/example_dynamic_task_mapping.py
[2024-04-08T08:50:10.843+0000] {processor.py:830} INFO - Processing file /home/airflow/.local/lib/python3.8/site-packages/airflow/example_dags/example_dynamic_task_mapping.py for tasks to queue
[2024-04-08T08:50:10.844+0000] {logging_mixin.py:188} INFO - [2024-04-08T08:50:10.843+0000] {dagbag.py:540} INFO - Filling up the DagBag from /home/airflow/.local/lib/python3.8/site-packages/airflow/example_dags/example_dynamic_task_mapping.py
[2024-04-08T08:50:10.851+0000] {processor.py:840} INFO - DAG(s) 'example_dynamic_task_mapping' retrieved from /home/airflow/.local/lib/python3.8/site-packages/airflow/example_dags/example_dynamic_task_mapping.py
[2024-04-08T08:50:10.876+0000] {logging_mixin.py:188} INFO - [2024-04-08T08:50:10.876+0000] {dag.py:3047} INFO - Sync 1 DAGs
[2024-04-08T08:50:10.907+0000] {logging_mixin.py:188} INFO - [2024-04-08T08:50:10.907+0000] {dag.py:3834} INFO - Setting next_dagrun for example_dynamic_task_mapping to 2022-03-04 00:00:00+00:00, run_after=2022-03-05 00:00:00+00:00
[2024-04-08T08:50:10.944+0000] {processor.py:183} INFO - Processing /home/airflow/.local/lib/python3.8/site-packages/airflow/example_dags/example_dynamic_task_mapping.py took 0.107 seconds
[2024-04-08T08:50:41.263+0000] {processor.py:161} INFO - Started process (PID=12047) to work on /home/airflow/.local/lib/python3.8/site-packages/airflow/example_dags/example_dynamic_task_mapping.py
[2024-04-08T08:50:41.264+0000] {processor.py:830} INFO - Processing file /home/airflow/.local/lib/python3.8/site-packages/airflow/example_dags/example_dynamic_task_mapping.py for tasks to queue
[2024-04-08T08:50:41.265+0000] {logging_mixin.py:188} INFO - [2024-04-08T08:50:41.265+0000] {dagbag.py:540} INFO - Filling up the DagBag from /home/airflow/.local/lib/python3.8/site-packages/airflow/example_dags/example_dynamic_task_mapping.py
[2024-04-08T08:50:41.272+0000] {processor.py:840} INFO - DAG(s) 'example_dynamic_task_mapping' retrieved from /home/airflow/.local/lib/python3.8/site-packages/airflow/example_dags/example_dynamic_task_mapping.py
[2024-04-08T08:50:41.294+0000] {logging_mixin.py:188} INFO - [2024-04-08T08:50:41.294+0000] {dag.py:3047} INFO - Sync 1 DAGs
[2024-04-08T08:50:41.320+0000] {logging_mixin.py:188} INFO - [2024-04-08T08:50:41.319+0000] {dag.py:3834} INFO - Setting next_dagrun for example_dynamic_task_mapping to 2022-03-04 00:00:00+00:00, run_after=2022-03-05 00:00:00+00:00
[2024-04-08T08:50:41.345+0000] {processor.py:183} INFO - Processing /home/airflow/.local/lib/python3.8/site-packages/airflow/example_dags/example_dynamic_task_mapping.py took 0.086 seconds
[2024-04-08T08:51:11.720+0000] {processor.py:161} INFO - Started process (PID=12305) to work on /home/airflow/.local/lib/python3.8/site-packages/airflow/example_dags/example_dynamic_task_mapping.py
[2024-04-08T08:51:11.721+0000] {processor.py:830} INFO - Processing file /home/airflow/.local/lib/python3.8/site-packages/airflow/example_dags/example_dynamic_task_mapping.py for tasks to queue
[2024-04-08T08:51:11.723+0000] {logging_mixin.py:188} INFO - [2024-04-08T08:51:11.722+0000] {dagbag.py:540} INFO - Filling up the DagBag from /home/airflow/.local/lib/python3.8/site-packages/airflow/example_dags/example_dynamic_task_mapping.py
[2024-04-08T08:51:11.731+0000] {processor.py:840} INFO - DAG(s) 'example_dynamic_task_mapping' retrieved from /home/airflow/.local/lib/python3.8/site-packages/airflow/example_dags/example_dynamic_task_mapping.py
[2024-04-08T08:51:11.754+0000] {logging_mixin.py:188} INFO - [2024-04-08T08:51:11.754+0000] {dag.py:3047} INFO - Sync 1 DAGs
[2024-04-08T08:51:11.778+0000] {logging_mixin.py:188} INFO - [2024-04-08T08:51:11.778+0000] {dag.py:3834} INFO - Setting next_dagrun for example_dynamic_task_mapping to 2022-03-04 00:00:00+00:00, run_after=2022-03-05 00:00:00+00:00
[2024-04-08T08:51:11.799+0000] {processor.py:183} INFO - Processing /home/airflow/.local/lib/python3.8/site-packages/airflow/example_dags/example_dynamic_task_mapping.py took 0.083 seconds
[2024-04-08T08:51:42.147+0000] {processor.py:161} INFO - Started process (PID=12562) to work on /home/airflow/.local/lib/python3.8/site-packages/airflow/example_dags/example_dynamic_task_mapping.py
[2024-04-08T08:51:42.148+0000] {processor.py:830} INFO - Processing file /home/airflow/.local/lib/python3.8/site-packages/airflow/example_dags/example_dynamic_task_mapping.py for tasks to queue
[2024-04-08T08:51:42.149+0000] {logging_mixin.py:188} INFO - [2024-04-08T08:51:42.148+0000] {dagbag.py:540} INFO - Filling up the DagBag from /home/airflow/.local/lib/python3.8/site-packages/airflow/example_dags/example_dynamic_task_mapping.py
[2024-04-08T08:51:42.156+0000] {processor.py:840} INFO - DAG(s) 'example_dynamic_task_mapping' retrieved from /home/airflow/.local/lib/python3.8/site-packages/airflow/example_dags/example_dynamic_task_mapping.py
[2024-04-08T08:51:42.178+0000] {logging_mixin.py:188} INFO - [2024-04-08T08:51:42.178+0000] {dag.py:3047} INFO - Sync 1 DAGs
[2024-04-08T08:51:42.203+0000] {logging_mixin.py:188} INFO - [2024-04-08T08:51:42.203+0000] {dag.py:3834} INFO - Setting next_dagrun for example_dynamic_task_mapping to 2022-03-04 00:00:00+00:00, run_after=2022-03-05 00:00:00+00:00
[2024-04-08T08:51:42.229+0000] {processor.py:183} INFO - Processing /home/airflow/.local/lib/python3.8/site-packages/airflow/example_dags/example_dynamic_task_mapping.py took 0.086 seconds
[2024-04-08T08:52:12.677+0000] {processor.py:161} INFO - Started process (PID=12819) to work on /home/airflow/.local/lib/python3.8/site-packages/airflow/example_dags/example_dynamic_task_mapping.py
[2024-04-08T08:52:12.678+0000] {processor.py:830} INFO - Processing file /home/airflow/.local/lib/python3.8/site-packages/airflow/example_dags/example_dynamic_task_mapping.py for tasks to queue
[2024-04-08T08:52:12.679+0000] {logging_mixin.py:188} INFO - [2024-04-08T08:52:12.678+0000] {dagbag.py:540} INFO - Filling up the DagBag from /home/airflow/.local/lib/python3.8/site-packages/airflow/example_dags/example_dynamic_task_mapping.py
[2024-04-08T08:52:12.686+0000] {processor.py:840} INFO - DAG(s) 'example_dynamic_task_mapping' retrieved from /home/airflow/.local/lib/python3.8/site-packages/airflow/example_dags/example_dynamic_task_mapping.py
[2024-04-08T08:52:12.708+0000] {logging_mixin.py:188} INFO - [2024-04-08T08:52:12.707+0000] {dag.py:3047} INFO - Sync 1 DAGs
[2024-04-08T08:52:12.730+0000] {logging_mixin.py:188} INFO - [2024-04-08T08:52:12.730+0000] {dag.py:3834} INFO - Setting next_dagrun for example_dynamic_task_mapping to 2022-03-04 00:00:00+00:00, run_after=2022-03-05 00:00:00+00:00
[2024-04-08T08:52:12.752+0000] {processor.py:183} INFO - Processing /home/airflow/.local/lib/python3.8/site-packages/airflow/example_dags/example_dynamic_task_mapping.py took 0.079 seconds
[2024-04-08T08:52:43.214+0000] {processor.py:161} INFO - Started process (PID=13076) to work on /home/airflow/.local/lib/python3.8/site-packages/airflow/example_dags/example_dynamic_task_mapping.py
[2024-04-08T08:52:43.215+0000] {processor.py:830} INFO - Processing file /home/airflow/.local/lib/python3.8/site-packages/airflow/example_dags/example_dynamic_task_mapping.py for tasks to queue
[2024-04-08T08:52:43.216+0000] {logging_mixin.py:188} INFO - [2024-04-08T08:52:43.215+0000] {dagbag.py:540} INFO - Filling up the DagBag from /home/airflow/.local/lib/python3.8/site-packages/airflow/example_dags/example_dynamic_task_mapping.py
[2024-04-08T08:52:43.223+0000] {processor.py:840} INFO - DAG(s) 'example_dynamic_task_mapping' retrieved from /home/airflow/.local/lib/python3.8/site-packages/airflow/example_dags/example_dynamic_task_mapping.py
[2024-04-08T08:52:43.244+0000] {logging_mixin.py:188} INFO - [2024-04-08T08:52:43.244+0000] {dag.py:3047} INFO - Sync 1 DAGs
[2024-04-08T08:52:43.270+0000] {logging_mixin.py:188} INFO - [2024-04-08T08:52:43.270+0000] {dag.py:3834} INFO - Setting next_dagrun for example_dynamic_task_mapping to 2022-03-04 00:00:00+00:00, run_after=2022-03-05 00:00:00+00:00
[2024-04-08T08:52:43.295+0000] {processor.py:183} INFO - Processing /home/airflow/.local/lib/python3.8/site-packages/airflow/example_dags/example_dynamic_task_mapping.py took 0.084 seconds
[2024-04-08T08:53:13.685+0000] {processor.py:161} INFO - Started process (PID=13333) to work on /home/airflow/.local/lib/python3.8/site-packages/airflow/example_dags/example_dynamic_task_mapping.py
[2024-04-08T08:53:13.686+0000] {processor.py:830} INFO - Processing file /home/airflow/.local/lib/python3.8/site-packages/airflow/example_dags/example_dynamic_task_mapping.py for tasks to queue
[2024-04-08T08:53:13.687+0000] {logging_mixin.py:188} INFO - [2024-04-08T08:53:13.687+0000] {dagbag.py:540} INFO - Filling up the DagBag from /home/airflow/.local/lib/python3.8/site-packages/airflow/example_dags/example_dynamic_task_mapping.py
[2024-04-08T08:53:13.695+0000] {processor.py:840} INFO - DAG(s) 'example_dynamic_task_mapping' retrieved from /home/airflow/.local/lib/python3.8/site-packages/airflow/example_dags/example_dynamic_task_mapping.py
[2024-04-08T08:53:13.717+0000] {logging_mixin.py:188} INFO - [2024-04-08T08:53:13.716+0000] {dag.py:3047} INFO - Sync 1 DAGs
[2024-04-08T08:53:13.753+0000] {logging_mixin.py:188} INFO - [2024-04-08T08:53:13.750+0000] {dag.py:3834} INFO - Setting next_dagrun for example_dynamic_task_mapping to 2022-03-04 00:00:00+00:00, run_after=2022-03-05 00:00:00+00:00
[2024-04-08T08:53:13.787+0000] {processor.py:183} INFO - Processing /home/airflow/.local/lib/python3.8/site-packages/airflow/example_dags/example_dynamic_task_mapping.py took 0.105 seconds
[2024-04-08T08:53:44.028+0000] {processor.py:161} INFO - Started process (PID=13590) to work on /home/airflow/.local/lib/python3.8/site-packages/airflow/example_dags/example_dynamic_task_mapping.py
[2024-04-08T08:53:44.029+0000] {processor.py:830} INFO - Processing file /home/airflow/.local/lib/python3.8/site-packages/airflow/example_dags/example_dynamic_task_mapping.py for tasks to queue
[2024-04-08T08:53:44.030+0000] {logging_mixin.py:188} INFO - [2024-04-08T08:53:44.030+0000] {dagbag.py:540} INFO - Filling up the DagBag from /home/airflow/.local/lib/python3.8/site-packages/airflow/example_dags/example_dynamic_task_mapping.py
[2024-04-08T08:53:44.038+0000] {processor.py:840} INFO - DAG(s) 'example_dynamic_task_mapping' retrieved from /home/airflow/.local/lib/python3.8/site-packages/airflow/example_dags/example_dynamic_task_mapping.py
[2024-04-08T08:53:44.061+0000] {logging_mixin.py:188} INFO - [2024-04-08T08:53:44.061+0000] {dag.py:3047} INFO - Sync 1 DAGs
[2024-04-08T08:53:44.085+0000] {logging_mixin.py:188} INFO - [2024-04-08T08:53:44.085+0000] {dag.py:3834} INFO - Setting next_dagrun for example_dynamic_task_mapping to 2022-03-04 00:00:00+00:00, run_after=2022-03-05 00:00:00+00:00
[2024-04-08T08:53:44.110+0000] {processor.py:183} INFO - Processing /home/airflow/.local/lib/python3.8/site-packages/airflow/example_dags/example_dynamic_task_mapping.py took 0.086 seconds
[2024-04-08T08:54:14.573+0000] {processor.py:161} INFO - Started process (PID=13848) to work on /home/airflow/.local/lib/python3.8/site-packages/airflow/example_dags/example_dynamic_task_mapping.py
[2024-04-08T08:54:14.584+0000] {processor.py:830} INFO - Processing file /home/airflow/.local/lib/python3.8/site-packages/airflow/example_dags/example_dynamic_task_mapping.py for tasks to queue
[2024-04-08T08:54:14.585+0000] {logging_mixin.py:188} INFO - [2024-04-08T08:54:14.584+0000] {dagbag.py:540} INFO - Filling up the DagBag from /home/airflow/.local/lib/python3.8/site-packages/airflow/example_dags/example_dynamic_task_mapping.py
[2024-04-08T08:54:14.602+0000] {processor.py:840} INFO - DAG(s) 'example_dynamic_task_mapping' retrieved from /home/airflow/.local/lib/python3.8/site-packages/airflow/example_dags/example_dynamic_task_mapping.py
[2024-04-08T08:54:14.626+0000] {logging_mixin.py:188} INFO - [2024-04-08T08:54:14.626+0000] {dag.py:3047} INFO - Sync 1 DAGs
[2024-04-08T08:54:14.657+0000] {logging_mixin.py:188} INFO - [2024-04-08T08:54:14.656+0000] {dag.py:3834} INFO - Setting next_dagrun for example_dynamic_task_mapping to 2022-03-04 00:00:00+00:00, run_after=2022-03-05 00:00:00+00:00
[2024-04-08T08:54:14.676+0000] {processor.py:183} INFO - Processing /home/airflow/.local/lib/python3.8/site-packages/airflow/example_dags/example_dynamic_task_mapping.py took 0.107 seconds
[2024-04-08T08:54:44.992+0000] {processor.py:161} INFO - Started process (PID=14106) to work on /home/airflow/.local/lib/python3.8/site-packages/airflow/example_dags/example_dynamic_task_mapping.py
[2024-04-08T08:54:44.993+0000] {processor.py:830} INFO - Processing file /home/airflow/.local/lib/python3.8/site-packages/airflow/example_dags/example_dynamic_task_mapping.py for tasks to queue
[2024-04-08T08:54:44.994+0000] {logging_mixin.py:188} INFO - [2024-04-08T08:54:44.993+0000] {dagbag.py:540} INFO - Filling up the DagBag from /home/airflow/.local/lib/python3.8/site-packages/airflow/example_dags/example_dynamic_task_mapping.py
[2024-04-08T08:54:45.001+0000] {processor.py:840} INFO - DAG(s) 'example_dynamic_task_mapping' retrieved from /home/airflow/.local/lib/python3.8/site-packages/airflow/example_dags/example_dynamic_task_mapping.py
[2024-04-08T08:54:45.023+0000] {logging_mixin.py:188} INFO - [2024-04-08T08:54:45.022+0000] {dag.py:3047} INFO - Sync 1 DAGs
[2024-04-08T08:54:45.048+0000] {logging_mixin.py:188} INFO - [2024-04-08T08:54:45.048+0000] {dag.py:3834} INFO - Setting next_dagrun for example_dynamic_task_mapping to 2022-03-04 00:00:00+00:00, run_after=2022-03-05 00:00:00+00:00
[2024-04-08T08:54:45.069+0000] {processor.py:183} INFO - Processing /home/airflow/.local/lib/python3.8/site-packages/airflow/example_dags/example_dynamic_task_mapping.py took 0.081 seconds
[2024-04-08T08:55:15.402+0000] {processor.py:161} INFO - Started process (PID=14366) to work on /home/airflow/.local/lib/python3.8/site-packages/airflow/example_dags/example_dynamic_task_mapping.py
[2024-04-08T08:55:15.403+0000] {processor.py:830} INFO - Processing file /home/airflow/.local/lib/python3.8/site-packages/airflow/example_dags/example_dynamic_task_mapping.py for tasks to queue
[2024-04-08T08:55:15.404+0000] {logging_mixin.py:188} INFO - [2024-04-08T08:55:15.403+0000] {dagbag.py:540} INFO - Filling up the DagBag from /home/airflow/.local/lib/python3.8/site-packages/airflow/example_dags/example_dynamic_task_mapping.py
[2024-04-08T08:55:15.409+0000] {processor.py:840} INFO - DAG(s) 'example_dynamic_task_mapping' retrieved from /home/airflow/.local/lib/python3.8/site-packages/airflow/example_dags/example_dynamic_task_mapping.py
[2024-04-08T08:55:15.425+0000] {logging_mixin.py:188} INFO - [2024-04-08T08:55:15.424+0000] {dag.py:3047} INFO - Sync 1 DAGs
[2024-04-08T08:55:15.441+0000] {logging_mixin.py:188} INFO - [2024-04-08T08:55:15.441+0000] {dag.py:3834} INFO - Setting next_dagrun for example_dynamic_task_mapping to 2022-03-04 00:00:00+00:00, run_after=2022-03-05 00:00:00+00:00
[2024-04-08T08:55:15.466+0000] {processor.py:183} INFO - Processing /home/airflow/.local/lib/python3.8/site-packages/airflow/example_dags/example_dynamic_task_mapping.py took 0.066 seconds
[2024-04-08T08:55:45.806+0000] {processor.py:161} INFO - Started process (PID=14624) to work on /home/airflow/.local/lib/python3.8/site-packages/airflow/example_dags/example_dynamic_task_mapping.py
[2024-04-08T08:55:45.807+0000] {processor.py:830} INFO - Processing file /home/airflow/.local/lib/python3.8/site-packages/airflow/example_dags/example_dynamic_task_mapping.py for tasks to queue
[2024-04-08T08:55:45.807+0000] {logging_mixin.py:188} INFO - [2024-04-08T08:55:45.807+0000] {dagbag.py:540} INFO - Filling up the DagBag from /home/airflow/.local/lib/python3.8/site-packages/airflow/example_dags/example_dynamic_task_mapping.py
[2024-04-08T08:55:45.813+0000] {processor.py:840} INFO - DAG(s) 'example_dynamic_task_mapping' retrieved from /home/airflow/.local/lib/python3.8/site-packages/airflow/example_dags/example_dynamic_task_mapping.py
[2024-04-08T08:55:45.828+0000] {logging_mixin.py:188} INFO - [2024-04-08T08:55:45.828+0000] {dag.py:3047} INFO - Sync 1 DAGs
[2024-04-08T08:55:45.845+0000] {logging_mixin.py:188} INFO - [2024-04-08T08:55:45.845+0000] {dag.py:3834} INFO - Setting next_dagrun for example_dynamic_task_mapping to 2022-03-04 00:00:00+00:00, run_after=2022-03-05 00:00:00+00:00
[2024-04-08T08:55:45.865+0000] {processor.py:183} INFO - Processing /home/airflow/.local/lib/python3.8/site-packages/airflow/example_dags/example_dynamic_task_mapping.py took 0.061 seconds
[2024-04-08T08:56:16.083+0000] {processor.py:161} INFO - Started process (PID=14880) to work on /home/airflow/.local/lib/python3.8/site-packages/airflow/example_dags/example_dynamic_task_mapping.py
[2024-04-08T08:56:16.085+0000] {processor.py:830} INFO - Processing file /home/airflow/.local/lib/python3.8/site-packages/airflow/example_dags/example_dynamic_task_mapping.py for tasks to queue
[2024-04-08T08:56:16.086+0000] {logging_mixin.py:188} INFO - [2024-04-08T08:56:16.085+0000] {dagbag.py:540} INFO - Filling up the DagBag from /home/airflow/.local/lib/python3.8/site-packages/airflow/example_dags/example_dynamic_task_mapping.py
[2024-04-08T08:56:16.093+0000] {processor.py:840} INFO - DAG(s) 'example_dynamic_task_mapping' retrieved from /home/airflow/.local/lib/python3.8/site-packages/airflow/example_dags/example_dynamic_task_mapping.py
[2024-04-08T08:56:16.115+0000] {logging_mixin.py:188} INFO - [2024-04-08T08:56:16.114+0000] {dag.py:3047} INFO - Sync 1 DAGs
[2024-04-08T08:56:16.140+0000] {logging_mixin.py:188} INFO - [2024-04-08T08:56:16.140+0000] {dag.py:3834} INFO - Setting next_dagrun for example_dynamic_task_mapping to 2022-03-04 00:00:00+00:00, run_after=2022-03-05 00:00:00+00:00
[2024-04-08T08:56:16.169+0000] {processor.py:183} INFO - Processing /home/airflow/.local/lib/python3.8/site-packages/airflow/example_dags/example_dynamic_task_mapping.py took 0.089 seconds
[2024-04-08T08:56:46.474+0000] {processor.py:161} INFO - Started process (PID=15137) to work on /home/airflow/.local/lib/python3.8/site-packages/airflow/example_dags/example_dynamic_task_mapping.py
[2024-04-08T08:56:46.475+0000] {processor.py:830} INFO - Processing file /home/airflow/.local/lib/python3.8/site-packages/airflow/example_dags/example_dynamic_task_mapping.py for tasks to queue
[2024-04-08T08:56:46.476+0000] {logging_mixin.py:188} INFO - [2024-04-08T08:56:46.476+0000] {dagbag.py:540} INFO - Filling up the DagBag from /home/airflow/.local/lib/python3.8/site-packages/airflow/example_dags/example_dynamic_task_mapping.py
[2024-04-08T08:56:46.484+0000] {processor.py:840} INFO - DAG(s) 'example_dynamic_task_mapping' retrieved from /home/airflow/.local/lib/python3.8/site-packages/airflow/example_dags/example_dynamic_task_mapping.py
[2024-04-08T08:56:46.506+0000] {logging_mixin.py:188} INFO - [2024-04-08T08:56:46.506+0000] {dag.py:3047} INFO - Sync 1 DAGs
[2024-04-08T08:56:46.530+0000] {logging_mixin.py:188} INFO - [2024-04-08T08:56:46.530+0000] {dag.py:3834} INFO - Setting next_dagrun for example_dynamic_task_mapping to 2022-03-04 00:00:00+00:00, run_after=2022-03-05 00:00:00+00:00
[2024-04-08T08:56:46.553+0000] {processor.py:183} INFO - Processing /home/airflow/.local/lib/python3.8/site-packages/airflow/example_dags/example_dynamic_task_mapping.py took 0.083 seconds
