[2024-04-08T08:27:18.802+0000] {processor.py:161} INFO - Started process (PID=220) to work on /home/airflow/.local/lib/python3.8/site-packages/airflow/example_dags/example_sla_dag.py
[2024-04-08T08:27:18.804+0000] {processor.py:830} INFO - Processing file /home/airflow/.local/lib/python3.8/site-packages/airflow/example_dags/example_sla_dag.py for tasks to queue
[2024-04-08T08:27:18.805+0000] {logging_mixin.py:188} INFO - [2024-04-08T08:27:18.805+0000] {dagbag.py:540} INFO - Filling up the DagBag from /home/airflow/.local/lib/python3.8/site-packages/airflow/example_dags/example_sla_dag.py
[2024-04-08T08:27:18.827+0000] {processor.py:840} INFO - DAG(s) 'example_sla_dag' retrieved from /home/airflow/.local/lib/python3.8/site-packages/airflow/example_dags/example_sla_dag.py
[2024-04-08T08:27:18.898+0000] {logging_mixin.py:188} INFO - [2024-04-08T08:27:18.898+0000] {dag.py:3047} INFO - Sync 1 DAGs
[2024-04-08T08:27:18.989+0000] {logging_mixin.py:188} INFO - [2024-04-08T08:27:18.989+0000] {dag.py:3834} INFO - Setting next_dagrun for example_sla_dag to 2024-04-08 08:24:00+00:00, run_after=2024-04-08 08:26:00+00:00
[2024-04-08T08:27:19.078+0000] {processor.py:183} INFO - Processing /home/airflow/.local/lib/python3.8/site-packages/airflow/example_dags/example_sla_dag.py took 0.280 seconds
[2024-04-08T08:27:49.940+0000] {processor.py:161} INFO - Started process (PID=477) to work on /home/airflow/.local/lib/python3.8/site-packages/airflow/example_dags/example_sla_dag.py
[2024-04-08T08:27:49.941+0000] {processor.py:830} INFO - Processing file /home/airflow/.local/lib/python3.8/site-packages/airflow/example_dags/example_sla_dag.py for tasks to queue
[2024-04-08T08:27:49.943+0000] {logging_mixin.py:188} INFO - [2024-04-08T08:27:49.942+0000] {dagbag.py:540} INFO - Filling up the DagBag from /home/airflow/.local/lib/python3.8/site-packages/airflow/example_dags/example_sla_dag.py
[2024-04-08T08:27:49.953+0000] {processor.py:840} INFO - DAG(s) 'example_sla_dag' retrieved from /home/airflow/.local/lib/python3.8/site-packages/airflow/example_dags/example_sla_dag.py
[2024-04-08T08:27:49.974+0000] {logging_mixin.py:188} INFO - [2024-04-08T08:27:49.974+0000] {dag.py:3047} INFO - Sync 1 DAGs
[2024-04-08T08:27:50.004+0000] {logging_mixin.py:188} INFO - [2024-04-08T08:27:50.004+0000] {dag.py:3834} INFO - Setting next_dagrun for example_sla_dag to 2024-04-08 08:24:00+00:00, run_after=2024-04-08 08:26:00+00:00
[2024-04-08T08:27:50.027+0000] {processor.py:183} INFO - Processing /home/airflow/.local/lib/python3.8/site-packages/airflow/example_dags/example_sla_dag.py took 0.090 seconds
[2024-04-08T08:28:20.708+0000] {processor.py:161} INFO - Started process (PID=735) to work on /home/airflow/.local/lib/python3.8/site-packages/airflow/example_dags/example_sla_dag.py
[2024-04-08T08:28:20.708+0000] {processor.py:830} INFO - Processing file /home/airflow/.local/lib/python3.8/site-packages/airflow/example_dags/example_sla_dag.py for tasks to queue
[2024-04-08T08:28:20.709+0000] {logging_mixin.py:188} INFO - [2024-04-08T08:28:20.709+0000] {dagbag.py:540} INFO - Filling up the DagBag from /home/airflow/.local/lib/python3.8/site-packages/airflow/example_dags/example_sla_dag.py
[2024-04-08T08:28:20.719+0000] {processor.py:840} INFO - DAG(s) 'example_sla_dag' retrieved from /home/airflow/.local/lib/python3.8/site-packages/airflow/example_dags/example_sla_dag.py
[2024-04-08T08:28:20.743+0000] {logging_mixin.py:188} INFO - [2024-04-08T08:28:20.742+0000] {dag.py:3047} INFO - Sync 1 DAGs
[2024-04-08T08:28:20.775+0000] {logging_mixin.py:188} INFO - [2024-04-08T08:28:20.774+0000] {dag.py:3834} INFO - Setting next_dagrun for example_sla_dag to 2024-04-08 08:26:00+00:00, run_after=2024-04-08 08:28:00+00:00
[2024-04-08T08:28:20.802+0000] {processor.py:183} INFO - Processing /home/airflow/.local/lib/python3.8/site-packages/airflow/example_dags/example_sla_dag.py took 0.097 seconds
[2024-04-08T08:28:51.222+0000] {processor.py:161} INFO - Started process (PID=993) to work on /home/airflow/.local/lib/python3.8/site-packages/airflow/example_dags/example_sla_dag.py
[2024-04-08T08:28:51.224+0000] {processor.py:830} INFO - Processing file /home/airflow/.local/lib/python3.8/site-packages/airflow/example_dags/example_sla_dag.py for tasks to queue
[2024-04-08T08:28:51.229+0000] {logging_mixin.py:188} INFO - [2024-04-08T08:28:51.228+0000] {dagbag.py:540} INFO - Filling up the DagBag from /home/airflow/.local/lib/python3.8/site-packages/airflow/example_dags/example_sla_dag.py
[2024-04-08T08:28:51.239+0000] {processor.py:840} INFO - DAG(s) 'example_sla_dag' retrieved from /home/airflow/.local/lib/python3.8/site-packages/airflow/example_dags/example_sla_dag.py
[2024-04-08T08:28:51.260+0000] {logging_mixin.py:188} INFO - [2024-04-08T08:28:51.260+0000] {dag.py:3047} INFO - Sync 1 DAGs
[2024-04-08T08:28:51.292+0000] {logging_mixin.py:188} INFO - [2024-04-08T08:28:51.291+0000] {dag.py:3834} INFO - Setting next_dagrun for example_sla_dag to 2024-04-08 08:26:00+00:00, run_after=2024-04-08 08:28:00+00:00
[2024-04-08T08:28:51.314+0000] {processor.py:183} INFO - Processing /home/airflow/.local/lib/python3.8/site-packages/airflow/example_dags/example_sla_dag.py took 0.096 seconds
[2024-04-08T08:29:21.981+0000] {processor.py:161} INFO - Started process (PID=1250) to work on /home/airflow/.local/lib/python3.8/site-packages/airflow/example_dags/example_sla_dag.py
[2024-04-08T08:29:21.982+0000] {processor.py:830} INFO - Processing file /home/airflow/.local/lib/python3.8/site-packages/airflow/example_dags/example_sla_dag.py for tasks to queue
[2024-04-08T08:29:21.988+0000] {logging_mixin.py:188} INFO - [2024-04-08T08:29:21.988+0000] {dagbag.py:540} INFO - Filling up the DagBag from /home/airflow/.local/lib/python3.8/site-packages/airflow/example_dags/example_sla_dag.py
[2024-04-08T08:29:22.005+0000] {processor.py:840} INFO - DAG(s) 'example_sla_dag' retrieved from /home/airflow/.local/lib/python3.8/site-packages/airflow/example_dags/example_sla_dag.py
[2024-04-08T08:29:22.031+0000] {logging_mixin.py:188} INFO - [2024-04-08T08:29:22.031+0000] {dag.py:3047} INFO - Sync 1 DAGs
[2024-04-08T08:29:22.063+0000] {logging_mixin.py:188} INFO - [2024-04-08T08:29:22.063+0000] {dag.py:3834} INFO - Setting next_dagrun for example_sla_dag to 2024-04-08 08:26:00+00:00, run_after=2024-04-08 08:28:00+00:00
[2024-04-08T08:29:22.088+0000] {processor.py:183} INFO - Processing /home/airflow/.local/lib/python3.8/site-packages/airflow/example_dags/example_sla_dag.py took 0.122 seconds
[2024-04-08T08:29:52.338+0000] {processor.py:161} INFO - Started process (PID=1506) to work on /home/airflow/.local/lib/python3.8/site-packages/airflow/example_dags/example_sla_dag.py
[2024-04-08T08:29:52.339+0000] {processor.py:830} INFO - Processing file /home/airflow/.local/lib/python3.8/site-packages/airflow/example_dags/example_sla_dag.py for tasks to queue
[2024-04-08T08:29:52.339+0000] {logging_mixin.py:188} INFO - [2024-04-08T08:29:52.339+0000] {dagbag.py:540} INFO - Filling up the DagBag from /home/airflow/.local/lib/python3.8/site-packages/airflow/example_dags/example_sla_dag.py
[2024-04-08T08:29:52.349+0000] {processor.py:840} INFO - DAG(s) 'example_sla_dag' retrieved from /home/airflow/.local/lib/python3.8/site-packages/airflow/example_dags/example_sla_dag.py
[2024-04-08T08:29:52.382+0000] {logging_mixin.py:188} INFO - [2024-04-08T08:29:52.382+0000] {dag.py:3047} INFO - Sync 1 DAGs
[2024-04-08T08:29:52.413+0000] {logging_mixin.py:188} INFO - [2024-04-08T08:29:52.413+0000] {dag.py:3834} INFO - Setting next_dagrun for example_sla_dag to 2024-04-08 08:26:00+00:00, run_after=2024-04-08 08:28:00+00:00
[2024-04-08T08:29:52.440+0000] {processor.py:183} INFO - Processing /home/airflow/.local/lib/python3.8/site-packages/airflow/example_dags/example_sla_dag.py took 0.106 seconds
[2024-04-08T08:30:23.126+0000] {processor.py:161} INFO - Started process (PID=1766) to work on /home/airflow/.local/lib/python3.8/site-packages/airflow/example_dags/example_sla_dag.py
[2024-04-08T08:30:23.128+0000] {processor.py:830} INFO - Processing file /home/airflow/.local/lib/python3.8/site-packages/airflow/example_dags/example_sla_dag.py for tasks to queue
[2024-04-08T08:30:23.129+0000] {logging_mixin.py:188} INFO - [2024-04-08T08:30:23.129+0000] {dagbag.py:540} INFO - Filling up the DagBag from /home/airflow/.local/lib/python3.8/site-packages/airflow/example_dags/example_sla_dag.py
[2024-04-08T08:30:23.147+0000] {processor.py:840} INFO - DAG(s) 'example_sla_dag' retrieved from /home/airflow/.local/lib/python3.8/site-packages/airflow/example_dags/example_sla_dag.py
[2024-04-08T08:30:23.186+0000] {logging_mixin.py:188} INFO - [2024-04-08T08:30:23.185+0000] {dag.py:3047} INFO - Sync 1 DAGs
[2024-04-08T08:30:23.215+0000] {logging_mixin.py:188} INFO - [2024-04-08T08:30:23.215+0000] {dag.py:3834} INFO - Setting next_dagrun for example_sla_dag to 2024-04-08 08:28:00+00:00, run_after=2024-04-08 08:30:00+00:00
[2024-04-08T08:30:23.237+0000] {processor.py:183} INFO - Processing /home/airflow/.local/lib/python3.8/site-packages/airflow/example_dags/example_sla_dag.py took 0.114 seconds
[2024-04-08T08:30:53.740+0000] {processor.py:161} INFO - Started process (PID=2023) to work on /home/airflow/.local/lib/python3.8/site-packages/airflow/example_dags/example_sla_dag.py
[2024-04-08T08:30:53.741+0000] {processor.py:830} INFO - Processing file /home/airflow/.local/lib/python3.8/site-packages/airflow/example_dags/example_sla_dag.py for tasks to queue
[2024-04-08T08:30:53.742+0000] {logging_mixin.py:188} INFO - [2024-04-08T08:30:53.742+0000] {dagbag.py:540} INFO - Filling up the DagBag from /home/airflow/.local/lib/python3.8/site-packages/airflow/example_dags/example_sla_dag.py
[2024-04-08T08:30:53.752+0000] {processor.py:840} INFO - DAG(s) 'example_sla_dag' retrieved from /home/airflow/.local/lib/python3.8/site-packages/airflow/example_dags/example_sla_dag.py
[2024-04-08T08:30:53.774+0000] {logging_mixin.py:188} INFO - [2024-04-08T08:30:53.773+0000] {dag.py:3047} INFO - Sync 1 DAGs
[2024-04-08T08:30:53.809+0000] {logging_mixin.py:188} INFO - [2024-04-08T08:30:53.809+0000] {dag.py:3834} INFO - Setting next_dagrun for example_sla_dag to 2024-04-08 08:28:00+00:00, run_after=2024-04-08 08:30:00+00:00
[2024-04-08T08:30:53.833+0000] {processor.py:183} INFO - Processing /home/airflow/.local/lib/python3.8/site-packages/airflow/example_dags/example_sla_dag.py took 0.096 seconds
[2024-04-08T08:31:24.267+0000] {processor.py:161} INFO - Started process (PID=2280) to work on /home/airflow/.local/lib/python3.8/site-packages/airflow/example_dags/example_sla_dag.py
[2024-04-08T08:31:24.269+0000] {processor.py:830} INFO - Processing file /home/airflow/.local/lib/python3.8/site-packages/airflow/example_dags/example_sla_dag.py for tasks to queue
[2024-04-08T08:31:24.270+0000] {logging_mixin.py:188} INFO - [2024-04-08T08:31:24.269+0000] {dagbag.py:540} INFO - Filling up the DagBag from /home/airflow/.local/lib/python3.8/site-packages/airflow/example_dags/example_sla_dag.py
[2024-04-08T08:31:24.281+0000] {processor.py:840} INFO - DAG(s) 'example_sla_dag' retrieved from /home/airflow/.local/lib/python3.8/site-packages/airflow/example_dags/example_sla_dag.py
[2024-04-08T08:31:24.303+0000] {logging_mixin.py:188} INFO - [2024-04-08T08:31:24.302+0000] {dag.py:3047} INFO - Sync 1 DAGs
[2024-04-08T08:31:24.335+0000] {logging_mixin.py:188} INFO - [2024-04-08T08:31:24.334+0000] {dag.py:3834} INFO - Setting next_dagrun for example_sla_dag to 2024-04-08 08:28:00+00:00, run_after=2024-04-08 08:30:00+00:00
[2024-04-08T08:31:24.364+0000] {processor.py:183} INFO - Processing /home/airflow/.local/lib/python3.8/site-packages/airflow/example_dags/example_sla_dag.py took 0.100 seconds
[2024-04-08T08:31:54.996+0000] {processor.py:161} INFO - Started process (PID=2536) to work on /home/airflow/.local/lib/python3.8/site-packages/airflow/example_dags/example_sla_dag.py
[2024-04-08T08:31:55.000+0000] {processor.py:830} INFO - Processing file /home/airflow/.local/lib/python3.8/site-packages/airflow/example_dags/example_sla_dag.py for tasks to queue
[2024-04-08T08:31:55.001+0000] {logging_mixin.py:188} INFO - [2024-04-08T08:31:55.001+0000] {dagbag.py:540} INFO - Filling up the DagBag from /home/airflow/.local/lib/python3.8/site-packages/airflow/example_dags/example_sla_dag.py
[2024-04-08T08:31:55.030+0000] {processor.py:840} INFO - DAG(s) 'example_sla_dag' retrieved from /home/airflow/.local/lib/python3.8/site-packages/airflow/example_dags/example_sla_dag.py
[2024-04-08T08:31:55.053+0000] {logging_mixin.py:188} INFO - [2024-04-08T08:31:55.052+0000] {dag.py:3047} INFO - Sync 1 DAGs
[2024-04-08T08:31:55.098+0000] {logging_mixin.py:188} INFO - [2024-04-08T08:31:55.098+0000] {dag.py:3834} INFO - Setting next_dagrun for example_sla_dag to 2024-04-08 08:28:00+00:00, run_after=2024-04-08 08:30:00+00:00
[2024-04-08T08:31:55.121+0000] {processor.py:183} INFO - Processing /home/airflow/.local/lib/python3.8/site-packages/airflow/example_dags/example_sla_dag.py took 0.128 seconds
[2024-04-08T08:32:25.608+0000] {processor.py:161} INFO - Started process (PID=2794) to work on /home/airflow/.local/lib/python3.8/site-packages/airflow/example_dags/example_sla_dag.py
[2024-04-08T08:32:25.609+0000] {processor.py:830} INFO - Processing file /home/airflow/.local/lib/python3.8/site-packages/airflow/example_dags/example_sla_dag.py for tasks to queue
[2024-04-08T08:32:25.611+0000] {logging_mixin.py:188} INFO - [2024-04-08T08:32:25.610+0000] {dagbag.py:540} INFO - Filling up the DagBag from /home/airflow/.local/lib/python3.8/site-packages/airflow/example_dags/example_sla_dag.py
[2024-04-08T08:32:25.621+0000] {processor.py:840} INFO - DAG(s) 'example_sla_dag' retrieved from /home/airflow/.local/lib/python3.8/site-packages/airflow/example_dags/example_sla_dag.py
[2024-04-08T08:32:25.644+0000] {logging_mixin.py:188} INFO - [2024-04-08T08:32:25.644+0000] {dag.py:3047} INFO - Sync 1 DAGs
[2024-04-08T08:32:25.673+0000] {logging_mixin.py:188} INFO - [2024-04-08T08:32:25.672+0000] {dag.py:3834} INFO - Setting next_dagrun for example_sla_dag to 2024-04-08 08:30:00+00:00, run_after=2024-04-08 08:32:00+00:00
[2024-04-08T08:32:25.703+0000] {processor.py:183} INFO - Processing /home/airflow/.local/lib/python3.8/site-packages/airflow/example_dags/example_sla_dag.py took 0.099 seconds
[2024-04-08T08:32:55.786+0000] {processor.py:161} INFO - Started process (PID=3051) to work on /home/airflow/.local/lib/python3.8/site-packages/airflow/example_dags/example_sla_dag.py
[2024-04-08T08:32:55.787+0000] {processor.py:830} INFO - Processing file /home/airflow/.local/lib/python3.8/site-packages/airflow/example_dags/example_sla_dag.py for tasks to queue
[2024-04-08T08:32:55.789+0000] {logging_mixin.py:188} INFO - [2024-04-08T08:32:55.788+0000] {dagbag.py:540} INFO - Filling up the DagBag from /home/airflow/.local/lib/python3.8/site-packages/airflow/example_dags/example_sla_dag.py
[2024-04-08T08:32:55.799+0000] {processor.py:840} INFO - DAG(s) 'example_sla_dag' retrieved from /home/airflow/.local/lib/python3.8/site-packages/airflow/example_dags/example_sla_dag.py
[2024-04-08T08:32:55.821+0000] {logging_mixin.py:188} INFO - [2024-04-08T08:32:55.821+0000] {dag.py:3047} INFO - Sync 1 DAGs
[2024-04-08T08:32:55.855+0000] {logging_mixin.py:188} INFO - [2024-04-08T08:32:55.855+0000] {dag.py:3834} INFO - Setting next_dagrun for example_sla_dag to 2024-04-08 08:30:00+00:00, run_after=2024-04-08 08:32:00+00:00
[2024-04-08T08:32:55.881+0000] {processor.py:183} INFO - Processing /home/airflow/.local/lib/python3.8/site-packages/airflow/example_dags/example_sla_dag.py took 0.098 seconds
[2024-04-08T08:33:26.238+0000] {processor.py:161} INFO - Started process (PID=3308) to work on /home/airflow/.local/lib/python3.8/site-packages/airflow/example_dags/example_sla_dag.py
[2024-04-08T08:33:26.239+0000] {processor.py:830} INFO - Processing file /home/airflow/.local/lib/python3.8/site-packages/airflow/example_dags/example_sla_dag.py for tasks to queue
[2024-04-08T08:33:26.240+0000] {logging_mixin.py:188} INFO - [2024-04-08T08:33:26.239+0000] {dagbag.py:540} INFO - Filling up the DagBag from /home/airflow/.local/lib/python3.8/site-packages/airflow/example_dags/example_sla_dag.py
[2024-04-08T08:33:26.250+0000] {processor.py:840} INFO - DAG(s) 'example_sla_dag' retrieved from /home/airflow/.local/lib/python3.8/site-packages/airflow/example_dags/example_sla_dag.py
[2024-04-08T08:33:26.271+0000] {logging_mixin.py:188} INFO - [2024-04-08T08:33:26.271+0000] {dag.py:3047} INFO - Sync 1 DAGs
[2024-04-08T08:33:26.303+0000] {logging_mixin.py:188} INFO - [2024-04-08T08:33:26.303+0000] {dag.py:3834} INFO - Setting next_dagrun for example_sla_dag to 2024-04-08 08:30:00+00:00, run_after=2024-04-08 08:32:00+00:00
[2024-04-08T08:33:26.328+0000] {processor.py:183} INFO - Processing /home/airflow/.local/lib/python3.8/site-packages/airflow/example_dags/example_sla_dag.py took 0.092 seconds
[2024-04-08T08:33:56.804+0000] {processor.py:161} INFO - Started process (PID=3565) to work on /home/airflow/.local/lib/python3.8/site-packages/airflow/example_dags/example_sla_dag.py
[2024-04-08T08:33:56.805+0000] {processor.py:830} INFO - Processing file /home/airflow/.local/lib/python3.8/site-packages/airflow/example_dags/example_sla_dag.py for tasks to queue
[2024-04-08T08:33:56.806+0000] {logging_mixin.py:188} INFO - [2024-04-08T08:33:56.806+0000] {dagbag.py:540} INFO - Filling up the DagBag from /home/airflow/.local/lib/python3.8/site-packages/airflow/example_dags/example_sla_dag.py
[2024-04-08T08:33:56.823+0000] {processor.py:840} INFO - DAG(s) 'example_sla_dag' retrieved from /home/airflow/.local/lib/python3.8/site-packages/airflow/example_dags/example_sla_dag.py
[2024-04-08T08:33:56.845+0000] {logging_mixin.py:188} INFO - [2024-04-08T08:33:56.844+0000] {dag.py:3047} INFO - Sync 1 DAGs
[2024-04-08T08:33:56.874+0000] {logging_mixin.py:188} INFO - [2024-04-08T08:33:56.873+0000] {dag.py:3834} INFO - Setting next_dagrun for example_sla_dag to 2024-04-08 08:30:00+00:00, run_after=2024-04-08 08:32:00+00:00
[2024-04-08T08:33:56.900+0000] {processor.py:183} INFO - Processing /home/airflow/.local/lib/python3.8/site-packages/airflow/example_dags/example_sla_dag.py took 0.101 seconds
[2024-04-08T08:34:27.026+0000] {processor.py:161} INFO - Started process (PID=3821) to work on /home/airflow/.local/lib/python3.8/site-packages/airflow/example_dags/example_sla_dag.py
[2024-04-08T08:34:27.027+0000] {processor.py:830} INFO - Processing file /home/airflow/.local/lib/python3.8/site-packages/airflow/example_dags/example_sla_dag.py for tasks to queue
[2024-04-08T08:34:27.028+0000] {logging_mixin.py:188} INFO - [2024-04-08T08:34:27.028+0000] {dagbag.py:540} INFO - Filling up the DagBag from /home/airflow/.local/lib/python3.8/site-packages/airflow/example_dags/example_sla_dag.py
[2024-04-08T08:34:27.039+0000] {processor.py:840} INFO - DAG(s) 'example_sla_dag' retrieved from /home/airflow/.local/lib/python3.8/site-packages/airflow/example_dags/example_sla_dag.py
[2024-04-08T08:34:27.062+0000] {logging_mixin.py:188} INFO - [2024-04-08T08:34:27.062+0000] {dag.py:3047} INFO - Sync 1 DAGs
[2024-04-08T08:34:27.097+0000] {logging_mixin.py:188} INFO - [2024-04-08T08:34:27.097+0000] {dag.py:3834} INFO - Setting next_dagrun for example_sla_dag to 2024-04-08 08:32:00+00:00, run_after=2024-04-08 08:34:00+00:00
[2024-04-08T08:34:27.121+0000] {processor.py:183} INFO - Processing /home/airflow/.local/lib/python3.8/site-packages/airflow/example_dags/example_sla_dag.py took 0.099 seconds
[2024-04-08T08:34:57.246+0000] {processor.py:161} INFO - Started process (PID=4078) to work on /home/airflow/.local/lib/python3.8/site-packages/airflow/example_dags/example_sla_dag.py
[2024-04-08T08:34:57.248+0000] {processor.py:830} INFO - Processing file /home/airflow/.local/lib/python3.8/site-packages/airflow/example_dags/example_sla_dag.py for tasks to queue
[2024-04-08T08:34:57.248+0000] {logging_mixin.py:188} INFO - [2024-04-08T08:34:57.248+0000] {dagbag.py:540} INFO - Filling up the DagBag from /home/airflow/.local/lib/python3.8/site-packages/airflow/example_dags/example_sla_dag.py
[2024-04-08T08:34:57.259+0000] {processor.py:840} INFO - DAG(s) 'example_sla_dag' retrieved from /home/airflow/.local/lib/python3.8/site-packages/airflow/example_dags/example_sla_dag.py
[2024-04-08T08:34:57.282+0000] {logging_mixin.py:188} INFO - [2024-04-08T08:34:57.281+0000] {dag.py:3047} INFO - Sync 1 DAGs
[2024-04-08T08:34:57.313+0000] {logging_mixin.py:188} INFO - [2024-04-08T08:34:57.313+0000] {dag.py:3834} INFO - Setting next_dagrun for example_sla_dag to 2024-04-08 08:32:00+00:00, run_after=2024-04-08 08:34:00+00:00
[2024-04-08T08:34:57.340+0000] {processor.py:183} INFO - Processing /home/airflow/.local/lib/python3.8/site-packages/airflow/example_dags/example_sla_dag.py took 0.097 seconds
[2024-04-08T08:35:27.812+0000] {processor.py:161} INFO - Started process (PID=4336) to work on /home/airflow/.local/lib/python3.8/site-packages/airflow/example_dags/example_sla_dag.py
[2024-04-08T08:35:27.813+0000] {processor.py:830} INFO - Processing file /home/airflow/.local/lib/python3.8/site-packages/airflow/example_dags/example_sla_dag.py for tasks to queue
[2024-04-08T08:35:27.815+0000] {logging_mixin.py:188} INFO - [2024-04-08T08:35:27.814+0000] {dagbag.py:540} INFO - Filling up the DagBag from /home/airflow/.local/lib/python3.8/site-packages/airflow/example_dags/example_sla_dag.py
[2024-04-08T08:35:27.836+0000] {processor.py:840} INFO - DAG(s) 'example_sla_dag' retrieved from /home/airflow/.local/lib/python3.8/site-packages/airflow/example_dags/example_sla_dag.py
[2024-04-08T08:35:27.899+0000] {logging_mixin.py:188} INFO - [2024-04-08T08:35:27.899+0000] {dag.py:3047} INFO - Sync 1 DAGs
[2024-04-08T08:35:27.932+0000] {logging_mixin.py:188} INFO - [2024-04-08T08:35:27.931+0000] {dag.py:3834} INFO - Setting next_dagrun for example_sla_dag to 2024-04-08 08:32:00+00:00, run_after=2024-04-08 08:34:00+00:00
[2024-04-08T08:35:27.954+0000] {processor.py:183} INFO - Processing /home/airflow/.local/lib/python3.8/site-packages/airflow/example_dags/example_sla_dag.py took 0.146 seconds
[2024-04-08T08:35:58.612+0000] {processor.py:161} INFO - Started process (PID=4591) to work on /home/airflow/.local/lib/python3.8/site-packages/airflow/example_dags/example_sla_dag.py
[2024-04-08T08:35:58.613+0000] {processor.py:830} INFO - Processing file /home/airflow/.local/lib/python3.8/site-packages/airflow/example_dags/example_sla_dag.py for tasks to queue
[2024-04-08T08:35:58.614+0000] {logging_mixin.py:188} INFO - [2024-04-08T08:35:58.613+0000] {dagbag.py:540} INFO - Filling up the DagBag from /home/airflow/.local/lib/python3.8/site-packages/airflow/example_dags/example_sla_dag.py
[2024-04-08T08:35:58.623+0000] {processor.py:840} INFO - DAG(s) 'example_sla_dag' retrieved from /home/airflow/.local/lib/python3.8/site-packages/airflow/example_dags/example_sla_dag.py
[2024-04-08T08:35:58.647+0000] {logging_mixin.py:188} INFO - [2024-04-08T08:35:58.646+0000] {dag.py:3047} INFO - Sync 1 DAGs
[2024-04-08T08:35:58.679+0000] {logging_mixin.py:188} INFO - [2024-04-08T08:35:58.678+0000] {dag.py:3834} INFO - Setting next_dagrun for example_sla_dag to 2024-04-08 08:32:00+00:00, run_after=2024-04-08 08:34:00+00:00
[2024-04-08T08:35:58.706+0000] {processor.py:183} INFO - Processing /home/airflow/.local/lib/python3.8/site-packages/airflow/example_dags/example_sla_dag.py took 0.098 seconds
[2024-04-08T08:36:28.950+0000] {processor.py:161} INFO - Started process (PID=4851) to work on /home/airflow/.local/lib/python3.8/site-packages/airflow/example_dags/example_sla_dag.py
[2024-04-08T08:36:28.951+0000] {processor.py:830} INFO - Processing file /home/airflow/.local/lib/python3.8/site-packages/airflow/example_dags/example_sla_dag.py for tasks to queue
[2024-04-08T08:36:28.952+0000] {logging_mixin.py:188} INFO - [2024-04-08T08:36:28.952+0000] {dagbag.py:540} INFO - Filling up the DagBag from /home/airflow/.local/lib/python3.8/site-packages/airflow/example_dags/example_sla_dag.py
[2024-04-08T08:36:28.962+0000] {processor.py:840} INFO - DAG(s) 'example_sla_dag' retrieved from /home/airflow/.local/lib/python3.8/site-packages/airflow/example_dags/example_sla_dag.py
[2024-04-08T08:36:28.984+0000] {logging_mixin.py:188} INFO - [2024-04-08T08:36:28.983+0000] {dag.py:3047} INFO - Sync 1 DAGs
[2024-04-08T08:36:29.021+0000] {logging_mixin.py:188} INFO - [2024-04-08T08:36:29.021+0000] {dag.py:3834} INFO - Setting next_dagrun for example_sla_dag to 2024-04-08 08:34:00+00:00, run_after=2024-04-08 08:36:00+00:00
[2024-04-08T08:36:29.051+0000] {processor.py:183} INFO - Processing /home/airflow/.local/lib/python3.8/site-packages/airflow/example_dags/example_sla_dag.py took 0.105 seconds
[2024-04-08T08:36:59.264+0000] {processor.py:161} INFO - Started process (PID=5108) to work on /home/airflow/.local/lib/python3.8/site-packages/airflow/example_dags/example_sla_dag.py
[2024-04-08T08:36:59.265+0000] {processor.py:830} INFO - Processing file /home/airflow/.local/lib/python3.8/site-packages/airflow/example_dags/example_sla_dag.py for tasks to queue
[2024-04-08T08:36:59.266+0000] {logging_mixin.py:188} INFO - [2024-04-08T08:36:59.266+0000] {dagbag.py:540} INFO - Filling up the DagBag from /home/airflow/.local/lib/python3.8/site-packages/airflow/example_dags/example_sla_dag.py
[2024-04-08T08:36:59.277+0000] {processor.py:840} INFO - DAG(s) 'example_sla_dag' retrieved from /home/airflow/.local/lib/python3.8/site-packages/airflow/example_dags/example_sla_dag.py
[2024-04-08T08:36:59.318+0000] {logging_mixin.py:188} INFO - [2024-04-08T08:36:59.318+0000] {dag.py:3047} INFO - Sync 1 DAGs
[2024-04-08T08:36:59.348+0000] {logging_mixin.py:188} INFO - [2024-04-08T08:36:59.348+0000] {dag.py:3834} INFO - Setting next_dagrun for example_sla_dag to 2024-04-08 08:34:00+00:00, run_after=2024-04-08 08:36:00+00:00
[2024-04-08T08:36:59.370+0000] {processor.py:183} INFO - Processing /home/airflow/.local/lib/python3.8/site-packages/airflow/example_dags/example_sla_dag.py took 0.110 seconds
[2024-04-08T08:37:29.720+0000] {processor.py:161} INFO - Started process (PID=5364) to work on /home/airflow/.local/lib/python3.8/site-packages/airflow/example_dags/example_sla_dag.py
[2024-04-08T08:37:29.721+0000] {processor.py:830} INFO - Processing file /home/airflow/.local/lib/python3.8/site-packages/airflow/example_dags/example_sla_dag.py for tasks to queue
[2024-04-08T08:37:29.722+0000] {logging_mixin.py:188} INFO - [2024-04-08T08:37:29.721+0000] {dagbag.py:540} INFO - Filling up the DagBag from /home/airflow/.local/lib/python3.8/site-packages/airflow/example_dags/example_sla_dag.py
[2024-04-08T08:37:29.733+0000] {processor.py:840} INFO - DAG(s) 'example_sla_dag' retrieved from /home/airflow/.local/lib/python3.8/site-packages/airflow/example_dags/example_sla_dag.py
[2024-04-08T08:37:29.758+0000] {logging_mixin.py:188} INFO - [2024-04-08T08:37:29.758+0000] {dag.py:3047} INFO - Sync 1 DAGs
[2024-04-08T08:37:29.790+0000] {logging_mixin.py:188} INFO - [2024-04-08T08:37:29.789+0000] {dag.py:3834} INFO - Setting next_dagrun for example_sla_dag to 2024-04-08 08:34:00+00:00, run_after=2024-04-08 08:36:00+00:00
[2024-04-08T08:37:29.819+0000] {processor.py:183} INFO - Processing /home/airflow/.local/lib/python3.8/site-packages/airflow/example_dags/example_sla_dag.py took 0.103 seconds
[2024-04-08T08:38:00.392+0000] {processor.py:161} INFO - Started process (PID=5621) to work on /home/airflow/.local/lib/python3.8/site-packages/airflow/example_dags/example_sla_dag.py
[2024-04-08T08:38:00.393+0000] {processor.py:830} INFO - Processing file /home/airflow/.local/lib/python3.8/site-packages/airflow/example_dags/example_sla_dag.py for tasks to queue
[2024-04-08T08:38:00.395+0000] {logging_mixin.py:188} INFO - [2024-04-08T08:38:00.394+0000] {dagbag.py:540} INFO - Filling up the DagBag from /home/airflow/.local/lib/python3.8/site-packages/airflow/example_dags/example_sla_dag.py
[2024-04-08T08:38:00.405+0000] {processor.py:840} INFO - DAG(s) 'example_sla_dag' retrieved from /home/airflow/.local/lib/python3.8/site-packages/airflow/example_dags/example_sla_dag.py
[2024-04-08T08:38:00.428+0000] {logging_mixin.py:188} INFO - [2024-04-08T08:38:00.428+0000] {dag.py:3047} INFO - Sync 1 DAGs
[2024-04-08T08:38:00.458+0000] {logging_mixin.py:188} INFO - [2024-04-08T08:38:00.458+0000] {dag.py:3834} INFO - Setting next_dagrun for example_sla_dag to 2024-04-08 08:36:00+00:00, run_after=2024-04-08 08:38:00+00:00
[2024-04-08T08:38:00.486+0000] {processor.py:183} INFO - Processing /home/airflow/.local/lib/python3.8/site-packages/airflow/example_dags/example_sla_dag.py took 0.097 seconds
[2024-04-08T08:38:30.899+0000] {processor.py:161} INFO - Started process (PID=5879) to work on /home/airflow/.local/lib/python3.8/site-packages/airflow/example_dags/example_sla_dag.py
[2024-04-08T08:38:30.900+0000] {processor.py:830} INFO - Processing file /home/airflow/.local/lib/python3.8/site-packages/airflow/example_dags/example_sla_dag.py for tasks to queue
[2024-04-08T08:38:30.901+0000] {logging_mixin.py:188} INFO - [2024-04-08T08:38:30.901+0000] {dagbag.py:540} INFO - Filling up the DagBag from /home/airflow/.local/lib/python3.8/site-packages/airflow/example_dags/example_sla_dag.py
[2024-04-08T08:38:30.911+0000] {processor.py:840} INFO - DAG(s) 'example_sla_dag' retrieved from /home/airflow/.local/lib/python3.8/site-packages/airflow/example_dags/example_sla_dag.py
[2024-04-08T08:38:30.933+0000] {logging_mixin.py:188} INFO - [2024-04-08T08:38:30.933+0000] {dag.py:3047} INFO - Sync 1 DAGs
[2024-04-08T08:38:30.963+0000] {logging_mixin.py:188} INFO - [2024-04-08T08:38:30.963+0000] {dag.py:3834} INFO - Setting next_dagrun for example_sla_dag to 2024-04-08 08:36:00+00:00, run_after=2024-04-08 08:38:00+00:00
[2024-04-08T08:38:30.985+0000] {processor.py:183} INFO - Processing /home/airflow/.local/lib/python3.8/site-packages/airflow/example_dags/example_sla_dag.py took 0.089 seconds
[2024-04-08T08:39:01.494+0000] {processor.py:161} INFO - Started process (PID=6136) to work on /home/airflow/.local/lib/python3.8/site-packages/airflow/example_dags/example_sla_dag.py
[2024-04-08T08:39:01.494+0000] {processor.py:830} INFO - Processing file /home/airflow/.local/lib/python3.8/site-packages/airflow/example_dags/example_sla_dag.py for tasks to queue
[2024-04-08T08:39:01.495+0000] {logging_mixin.py:188} INFO - [2024-04-08T08:39:01.495+0000] {dagbag.py:540} INFO - Filling up the DagBag from /home/airflow/.local/lib/python3.8/site-packages/airflow/example_dags/example_sla_dag.py
[2024-04-08T08:39:01.505+0000] {processor.py:840} INFO - DAG(s) 'example_sla_dag' retrieved from /home/airflow/.local/lib/python3.8/site-packages/airflow/example_dags/example_sla_dag.py
[2024-04-08T08:39:01.565+0000] {logging_mixin.py:188} INFO - [2024-04-08T08:39:01.565+0000] {dag.py:3047} INFO - Sync 1 DAGs
[2024-04-08T08:39:01.621+0000] {logging_mixin.py:188} INFO - [2024-04-08T08:39:01.619+0000] {dag.py:3834} INFO - Setting next_dagrun for example_sla_dag to 2024-04-08 08:36:00+00:00, run_after=2024-04-08 08:38:00+00:00
[2024-04-08T08:39:01.652+0000] {processor.py:183} INFO - Processing /home/airflow/.local/lib/python3.8/site-packages/airflow/example_dags/example_sla_dag.py took 0.162 seconds
[2024-04-08T08:39:32.098+0000] {processor.py:161} INFO - Started process (PID=6392) to work on /home/airflow/.local/lib/python3.8/site-packages/airflow/example_dags/example_sla_dag.py
[2024-04-08T08:39:32.099+0000] {processor.py:830} INFO - Processing file /home/airflow/.local/lib/python3.8/site-packages/airflow/example_dags/example_sla_dag.py for tasks to queue
[2024-04-08T08:39:32.101+0000] {logging_mixin.py:188} INFO - [2024-04-08T08:39:32.100+0000] {dagbag.py:540} INFO - Filling up the DagBag from /home/airflow/.local/lib/python3.8/site-packages/airflow/example_dags/example_sla_dag.py
[2024-04-08T08:39:32.110+0000] {processor.py:840} INFO - DAG(s) 'example_sla_dag' retrieved from /home/airflow/.local/lib/python3.8/site-packages/airflow/example_dags/example_sla_dag.py
[2024-04-08T08:39:32.133+0000] {logging_mixin.py:188} INFO - [2024-04-08T08:39:32.133+0000] {dag.py:3047} INFO - Sync 1 DAGs
[2024-04-08T08:39:32.161+0000] {logging_mixin.py:188} INFO - [2024-04-08T08:39:32.161+0000] {dag.py:3834} INFO - Setting next_dagrun for example_sla_dag to 2024-04-08 08:36:00+00:00, run_after=2024-04-08 08:38:00+00:00
[2024-04-08T08:39:32.183+0000] {processor.py:183} INFO - Processing /home/airflow/.local/lib/python3.8/site-packages/airflow/example_dags/example_sla_dag.py took 0.089 seconds
[2024-04-08T08:40:02.586+0000] {processor.py:161} INFO - Started process (PID=6649) to work on /home/airflow/.local/lib/python3.8/site-packages/airflow/example_dags/example_sla_dag.py
[2024-04-08T08:40:02.587+0000] {processor.py:830} INFO - Processing file /home/airflow/.local/lib/python3.8/site-packages/airflow/example_dags/example_sla_dag.py for tasks to queue
[2024-04-08T08:40:02.588+0000] {logging_mixin.py:188} INFO - [2024-04-08T08:40:02.587+0000] {dagbag.py:540} INFO - Filling up the DagBag from /home/airflow/.local/lib/python3.8/site-packages/airflow/example_dags/example_sla_dag.py
[2024-04-08T08:40:02.598+0000] {processor.py:840} INFO - DAG(s) 'example_sla_dag' retrieved from /home/airflow/.local/lib/python3.8/site-packages/airflow/example_dags/example_sla_dag.py
[2024-04-08T08:40:02.624+0000] {logging_mixin.py:188} INFO - [2024-04-08T08:40:02.624+0000] {dag.py:3047} INFO - Sync 1 DAGs
[2024-04-08T08:40:02.655+0000] {logging_mixin.py:188} INFO - [2024-04-08T08:40:02.654+0000] {dag.py:3834} INFO - Setting next_dagrun for example_sla_dag to 2024-04-08 08:38:00+00:00, run_after=2024-04-08 08:40:00+00:00
[2024-04-08T08:40:02.677+0000] {processor.py:183} INFO - Processing /home/airflow/.local/lib/python3.8/site-packages/airflow/example_dags/example_sla_dag.py took 0.094 seconds
[2024-04-08T08:40:32.922+0000] {processor.py:161} INFO - Started process (PID=6906) to work on /home/airflow/.local/lib/python3.8/site-packages/airflow/example_dags/example_sla_dag.py
[2024-04-08T08:40:32.924+0000] {processor.py:830} INFO - Processing file /home/airflow/.local/lib/python3.8/site-packages/airflow/example_dags/example_sla_dag.py for tasks to queue
[2024-04-08T08:40:32.925+0000] {logging_mixin.py:188} INFO - [2024-04-08T08:40:32.925+0000] {dagbag.py:540} INFO - Filling up the DagBag from /home/airflow/.local/lib/python3.8/site-packages/airflow/example_dags/example_sla_dag.py
[2024-04-08T08:40:32.935+0000] {processor.py:840} INFO - DAG(s) 'example_sla_dag' retrieved from /home/airflow/.local/lib/python3.8/site-packages/airflow/example_dags/example_sla_dag.py
[2024-04-08T08:40:32.956+0000] {logging_mixin.py:188} INFO - [2024-04-08T08:40:32.956+0000] {dag.py:3047} INFO - Sync 1 DAGs
[2024-04-08T08:40:32.985+0000] {logging_mixin.py:188} INFO - [2024-04-08T08:40:32.985+0000] {dag.py:3834} INFO - Setting next_dagrun for example_sla_dag to 2024-04-08 08:38:00+00:00, run_after=2024-04-08 08:40:00+00:00
[2024-04-08T08:40:33.023+0000] {processor.py:183} INFO - Processing /home/airflow/.local/lib/python3.8/site-packages/airflow/example_dags/example_sla_dag.py took 0.104 seconds
[2024-04-08T08:41:03.500+0000] {processor.py:161} INFO - Started process (PID=7163) to work on /home/airflow/.local/lib/python3.8/site-packages/airflow/example_dags/example_sla_dag.py
[2024-04-08T08:41:03.501+0000] {processor.py:830} INFO - Processing file /home/airflow/.local/lib/python3.8/site-packages/airflow/example_dags/example_sla_dag.py for tasks to queue
[2024-04-08T08:41:03.502+0000] {logging_mixin.py:188} INFO - [2024-04-08T08:41:03.502+0000] {dagbag.py:540} INFO - Filling up the DagBag from /home/airflow/.local/lib/python3.8/site-packages/airflow/example_dags/example_sla_dag.py
[2024-04-08T08:41:03.514+0000] {processor.py:840} INFO - DAG(s) 'example_sla_dag' retrieved from /home/airflow/.local/lib/python3.8/site-packages/airflow/example_dags/example_sla_dag.py
[2024-04-08T08:41:03.546+0000] {logging_mixin.py:188} INFO - [2024-04-08T08:41:03.546+0000] {dag.py:3047} INFO - Sync 1 DAGs
[2024-04-08T08:41:03.583+0000] {logging_mixin.py:188} INFO - [2024-04-08T08:41:03.583+0000] {dag.py:3834} INFO - Setting next_dagrun for example_sla_dag to 2024-04-08 08:38:00+00:00, run_after=2024-04-08 08:40:00+00:00
[2024-04-08T08:41:03.607+0000] {processor.py:183} INFO - Processing /home/airflow/.local/lib/python3.8/site-packages/airflow/example_dags/example_sla_dag.py took 0.110 seconds
[2024-04-08T08:41:34.053+0000] {processor.py:161} INFO - Started process (PID=7420) to work on /home/airflow/.local/lib/python3.8/site-packages/airflow/example_dags/example_sla_dag.py
[2024-04-08T08:41:34.054+0000] {processor.py:830} INFO - Processing file /home/airflow/.local/lib/python3.8/site-packages/airflow/example_dags/example_sla_dag.py for tasks to queue
[2024-04-08T08:41:34.056+0000] {logging_mixin.py:188} INFO - [2024-04-08T08:41:34.055+0000] {dagbag.py:540} INFO - Filling up the DagBag from /home/airflow/.local/lib/python3.8/site-packages/airflow/example_dags/example_sla_dag.py
[2024-04-08T08:41:34.066+0000] {processor.py:840} INFO - DAG(s) 'example_sla_dag' retrieved from /home/airflow/.local/lib/python3.8/site-packages/airflow/example_dags/example_sla_dag.py
[2024-04-08T08:41:34.104+0000] {logging_mixin.py:188} INFO - [2024-04-08T08:41:34.104+0000] {dag.py:3047} INFO - Sync 1 DAGs
[2024-04-08T08:41:34.137+0000] {logging_mixin.py:188} INFO - [2024-04-08T08:41:34.137+0000] {dag.py:3834} INFO - Setting next_dagrun for example_sla_dag to 2024-04-08 08:38:00+00:00, run_after=2024-04-08 08:40:00+00:00
[2024-04-08T08:41:34.161+0000] {processor.py:183} INFO - Processing /home/airflow/.local/lib/python3.8/site-packages/airflow/example_dags/example_sla_dag.py took 0.111 seconds
[2024-04-08T08:42:04.232+0000] {processor.py:161} INFO - Started process (PID=7677) to work on /home/airflow/.local/lib/python3.8/site-packages/airflow/example_dags/example_sla_dag.py
[2024-04-08T08:42:04.233+0000] {processor.py:830} INFO - Processing file /home/airflow/.local/lib/python3.8/site-packages/airflow/example_dags/example_sla_dag.py for tasks to queue
[2024-04-08T08:42:04.234+0000] {logging_mixin.py:188} INFO - [2024-04-08T08:42:04.233+0000] {dagbag.py:540} INFO - Filling up the DagBag from /home/airflow/.local/lib/python3.8/site-packages/airflow/example_dags/example_sla_dag.py
[2024-04-08T08:42:04.244+0000] {processor.py:840} INFO - DAG(s) 'example_sla_dag' retrieved from /home/airflow/.local/lib/python3.8/site-packages/airflow/example_dags/example_sla_dag.py
[2024-04-08T08:42:04.265+0000] {logging_mixin.py:188} INFO - [2024-04-08T08:42:04.265+0000] {dag.py:3047} INFO - Sync 1 DAGs
[2024-04-08T08:42:04.296+0000] {logging_mixin.py:188} INFO - [2024-04-08T08:42:04.296+0000] {dag.py:3834} INFO - Setting next_dagrun for example_sla_dag to 2024-04-08 08:40:00+00:00, run_after=2024-04-08 08:42:00+00:00
[2024-04-08T08:42:04.327+0000] {processor.py:183} INFO - Processing /home/airflow/.local/lib/python3.8/site-packages/airflow/example_dags/example_sla_dag.py took 0.099 seconds
[2024-04-08T08:42:34.594+0000] {processor.py:161} INFO - Started process (PID=7934) to work on /home/airflow/.local/lib/python3.8/site-packages/airflow/example_dags/example_sla_dag.py
[2024-04-08T08:42:34.595+0000] {processor.py:830} INFO - Processing file /home/airflow/.local/lib/python3.8/site-packages/airflow/example_dags/example_sla_dag.py for tasks to queue
[2024-04-08T08:42:34.596+0000] {logging_mixin.py:188} INFO - [2024-04-08T08:42:34.595+0000] {dagbag.py:540} INFO - Filling up the DagBag from /home/airflow/.local/lib/python3.8/site-packages/airflow/example_dags/example_sla_dag.py
[2024-04-08T08:42:34.606+0000] {processor.py:840} INFO - DAG(s) 'example_sla_dag' retrieved from /home/airflow/.local/lib/python3.8/site-packages/airflow/example_dags/example_sla_dag.py
[2024-04-08T08:42:34.630+0000] {logging_mixin.py:188} INFO - [2024-04-08T08:42:34.630+0000] {dag.py:3047} INFO - Sync 1 DAGs
[2024-04-08T08:42:34.660+0000] {logging_mixin.py:188} INFO - [2024-04-08T08:42:34.660+0000] {dag.py:3834} INFO - Setting next_dagrun for example_sla_dag to 2024-04-08 08:40:00+00:00, run_after=2024-04-08 08:42:00+00:00
[2024-04-08T08:42:34.690+0000] {processor.py:183} INFO - Processing /home/airflow/.local/lib/python3.8/site-packages/airflow/example_dags/example_sla_dag.py took 0.100 seconds
[2024-04-08T08:43:04.949+0000] {processor.py:161} INFO - Started process (PID=8191) to work on /home/airflow/.local/lib/python3.8/site-packages/airflow/example_dags/example_sla_dag.py
[2024-04-08T08:43:04.950+0000] {processor.py:830} INFO - Processing file /home/airflow/.local/lib/python3.8/site-packages/airflow/example_dags/example_sla_dag.py for tasks to queue
[2024-04-08T08:43:04.951+0000] {logging_mixin.py:188} INFO - [2024-04-08T08:43:04.951+0000] {dagbag.py:540} INFO - Filling up the DagBag from /home/airflow/.local/lib/python3.8/site-packages/airflow/example_dags/example_sla_dag.py
[2024-04-08T08:43:04.961+0000] {processor.py:840} INFO - DAG(s) 'example_sla_dag' retrieved from /home/airflow/.local/lib/python3.8/site-packages/airflow/example_dags/example_sla_dag.py
[2024-04-08T08:43:04.984+0000] {logging_mixin.py:188} INFO - [2024-04-08T08:43:04.984+0000] {dag.py:3047} INFO - Sync 1 DAGs
[2024-04-08T08:43:05.013+0000] {logging_mixin.py:188} INFO - [2024-04-08T08:43:05.013+0000] {dag.py:3834} INFO - Setting next_dagrun for example_sla_dag to 2024-04-08 08:40:00+00:00, run_after=2024-04-08 08:42:00+00:00
[2024-04-08T08:43:05.043+0000] {processor.py:183} INFO - Processing /home/airflow/.local/lib/python3.8/site-packages/airflow/example_dags/example_sla_dag.py took 0.097 seconds
[2024-04-08T08:43:35.478+0000] {processor.py:161} INFO - Started process (PID=8448) to work on /home/airflow/.local/lib/python3.8/site-packages/airflow/example_dags/example_sla_dag.py
[2024-04-08T08:43:35.480+0000] {processor.py:830} INFO - Processing file /home/airflow/.local/lib/python3.8/site-packages/airflow/example_dags/example_sla_dag.py for tasks to queue
[2024-04-08T08:43:35.481+0000] {logging_mixin.py:188} INFO - [2024-04-08T08:43:35.480+0000] {dagbag.py:540} INFO - Filling up the DagBag from /home/airflow/.local/lib/python3.8/site-packages/airflow/example_dags/example_sla_dag.py
[2024-04-08T08:43:35.491+0000] {processor.py:840} INFO - DAG(s) 'example_sla_dag' retrieved from /home/airflow/.local/lib/python3.8/site-packages/airflow/example_dags/example_sla_dag.py
[2024-04-08T08:43:35.515+0000] {logging_mixin.py:188} INFO - [2024-04-08T08:43:35.514+0000] {dag.py:3047} INFO - Sync 1 DAGs
[2024-04-08T08:43:35.544+0000] {logging_mixin.py:188} INFO - [2024-04-08T08:43:35.543+0000] {dag.py:3834} INFO - Setting next_dagrun for example_sla_dag to 2024-04-08 08:40:00+00:00, run_after=2024-04-08 08:42:00+00:00
[2024-04-08T08:43:35.567+0000] {processor.py:183} INFO - Processing /home/airflow/.local/lib/python3.8/site-packages/airflow/example_dags/example_sla_dag.py took 0.092 seconds
[2024-04-08T08:44:06.055+0000] {processor.py:161} INFO - Started process (PID=8705) to work on /home/airflow/.local/lib/python3.8/site-packages/airflow/example_dags/example_sla_dag.py
[2024-04-08T08:44:06.056+0000] {processor.py:830} INFO - Processing file /home/airflow/.local/lib/python3.8/site-packages/airflow/example_dags/example_sla_dag.py for tasks to queue
[2024-04-08T08:44:06.057+0000] {logging_mixin.py:188} INFO - [2024-04-08T08:44:06.056+0000] {dagbag.py:540} INFO - Filling up the DagBag from /home/airflow/.local/lib/python3.8/site-packages/airflow/example_dags/example_sla_dag.py
[2024-04-08T08:44:06.067+0000] {processor.py:840} INFO - DAG(s) 'example_sla_dag' retrieved from /home/airflow/.local/lib/python3.8/site-packages/airflow/example_dags/example_sla_dag.py
[2024-04-08T08:44:06.088+0000] {logging_mixin.py:188} INFO - [2024-04-08T08:44:06.088+0000] {dag.py:3047} INFO - Sync 1 DAGs
[2024-04-08T08:44:06.126+0000] {logging_mixin.py:188} INFO - [2024-04-08T08:44:06.126+0000] {dag.py:3834} INFO - Setting next_dagrun for example_sla_dag to 2024-04-08 08:42:00+00:00, run_after=2024-04-08 08:44:00+00:00
[2024-04-08T08:44:06.152+0000] {processor.py:183} INFO - Processing /home/airflow/.local/lib/python3.8/site-packages/airflow/example_dags/example_sla_dag.py took 0.100 seconds
[2024-04-08T08:44:36.732+0000] {processor.py:161} INFO - Started process (PID=8963) to work on /home/airflow/.local/lib/python3.8/site-packages/airflow/example_dags/example_sla_dag.py
[2024-04-08T08:44:36.733+0000] {processor.py:830} INFO - Processing file /home/airflow/.local/lib/python3.8/site-packages/airflow/example_dags/example_sla_dag.py for tasks to queue
[2024-04-08T08:44:36.734+0000] {logging_mixin.py:188} INFO - [2024-04-08T08:44:36.734+0000] {dagbag.py:540} INFO - Filling up the DagBag from /home/airflow/.local/lib/python3.8/site-packages/airflow/example_dags/example_sla_dag.py
[2024-04-08T08:44:36.745+0000] {processor.py:840} INFO - DAG(s) 'example_sla_dag' retrieved from /home/airflow/.local/lib/python3.8/site-packages/airflow/example_dags/example_sla_dag.py
[2024-04-08T08:44:36.771+0000] {logging_mixin.py:188} INFO - [2024-04-08T08:44:36.771+0000] {dag.py:3047} INFO - Sync 1 DAGs
[2024-04-08T08:44:36.802+0000] {logging_mixin.py:188} INFO - [2024-04-08T08:44:36.802+0000] {dag.py:3834} INFO - Setting next_dagrun for example_sla_dag to 2024-04-08 08:42:00+00:00, run_after=2024-04-08 08:44:00+00:00
[2024-04-08T08:44:36.825+0000] {processor.py:183} INFO - Processing /home/airflow/.local/lib/python3.8/site-packages/airflow/example_dags/example_sla_dag.py took 0.097 seconds
[2024-04-08T08:45:07.046+0000] {processor.py:161} INFO - Started process (PID=9222) to work on /home/airflow/.local/lib/python3.8/site-packages/airflow/example_dags/example_sla_dag.py
[2024-04-08T08:45:07.048+0000] {processor.py:830} INFO - Processing file /home/airflow/.local/lib/python3.8/site-packages/airflow/example_dags/example_sla_dag.py for tasks to queue
[2024-04-08T08:45:07.049+0000] {logging_mixin.py:188} INFO - [2024-04-08T08:45:07.048+0000] {dagbag.py:540} INFO - Filling up the DagBag from /home/airflow/.local/lib/python3.8/site-packages/airflow/example_dags/example_sla_dag.py
[2024-04-08T08:45:07.060+0000] {processor.py:840} INFO - DAG(s) 'example_sla_dag' retrieved from /home/airflow/.local/lib/python3.8/site-packages/airflow/example_dags/example_sla_dag.py
[2024-04-08T08:45:07.081+0000] {logging_mixin.py:188} INFO - [2024-04-08T08:45:07.080+0000] {dag.py:3047} INFO - Sync 1 DAGs
[2024-04-08T08:45:07.110+0000] {logging_mixin.py:188} INFO - [2024-04-08T08:45:07.110+0000] {dag.py:3834} INFO - Setting next_dagrun for example_sla_dag to 2024-04-08 08:42:00+00:00, run_after=2024-04-08 08:44:00+00:00
[2024-04-08T08:45:07.136+0000] {processor.py:183} INFO - Processing /home/airflow/.local/lib/python3.8/site-packages/airflow/example_dags/example_sla_dag.py took 0.093 seconds
[2024-04-08T08:45:37.434+0000] {processor.py:161} INFO - Started process (PID=9480) to work on /home/airflow/.local/lib/python3.8/site-packages/airflow/example_dags/example_sla_dag.py
[2024-04-08T08:45:37.435+0000] {processor.py:830} INFO - Processing file /home/airflow/.local/lib/python3.8/site-packages/airflow/example_dags/example_sla_dag.py for tasks to queue
[2024-04-08T08:45:37.436+0000] {logging_mixin.py:188} INFO - [2024-04-08T08:45:37.435+0000] {dagbag.py:540} INFO - Filling up the DagBag from /home/airflow/.local/lib/python3.8/site-packages/airflow/example_dags/example_sla_dag.py
[2024-04-08T08:45:37.445+0000] {processor.py:840} INFO - DAG(s) 'example_sla_dag' retrieved from /home/airflow/.local/lib/python3.8/site-packages/airflow/example_dags/example_sla_dag.py
[2024-04-08T08:45:37.466+0000] {logging_mixin.py:188} INFO - [2024-04-08T08:45:37.465+0000] {dag.py:3047} INFO - Sync 1 DAGs
[2024-04-08T08:45:37.495+0000] {logging_mixin.py:188} INFO - [2024-04-08T08:45:37.495+0000] {dag.py:3834} INFO - Setting next_dagrun for example_sla_dag to 2024-04-08 08:42:00+00:00, run_after=2024-04-08 08:44:00+00:00
[2024-04-08T08:45:37.525+0000] {processor.py:183} INFO - Processing /home/airflow/.local/lib/python3.8/site-packages/airflow/example_dags/example_sla_dag.py took 0.095 seconds
[2024-04-08T08:46:07.724+0000] {processor.py:161} INFO - Started process (PID=9737) to work on /home/airflow/.local/lib/python3.8/site-packages/airflow/example_dags/example_sla_dag.py
[2024-04-08T08:46:07.725+0000] {processor.py:830} INFO - Processing file /home/airflow/.local/lib/python3.8/site-packages/airflow/example_dags/example_sla_dag.py for tasks to queue
[2024-04-08T08:46:07.726+0000] {logging_mixin.py:188} INFO - [2024-04-08T08:46:07.726+0000] {dagbag.py:540} INFO - Filling up the DagBag from /home/airflow/.local/lib/python3.8/site-packages/airflow/example_dags/example_sla_dag.py
[2024-04-08T08:46:07.739+0000] {processor.py:840} INFO - DAG(s) 'example_sla_dag' retrieved from /home/airflow/.local/lib/python3.8/site-packages/airflow/example_dags/example_sla_dag.py
[2024-04-08T08:46:07.765+0000] {logging_mixin.py:188} INFO - [2024-04-08T08:46:07.764+0000] {dag.py:3047} INFO - Sync 1 DAGs
[2024-04-08T08:46:07.796+0000] {logging_mixin.py:188} INFO - [2024-04-08T08:46:07.795+0000] {dag.py:3834} INFO - Setting next_dagrun for example_sla_dag to 2024-04-08 08:44:00+00:00, run_after=2024-04-08 08:46:00+00:00
[2024-04-08T08:46:07.817+0000] {processor.py:183} INFO - Processing /home/airflow/.local/lib/python3.8/site-packages/airflow/example_dags/example_sla_dag.py took 0.096 seconds
[2024-04-08T08:46:38.075+0000] {processor.py:161} INFO - Started process (PID=9994) to work on /home/airflow/.local/lib/python3.8/site-packages/airflow/example_dags/example_sla_dag.py
[2024-04-08T08:46:38.077+0000] {processor.py:830} INFO - Processing file /home/airflow/.local/lib/python3.8/site-packages/airflow/example_dags/example_sla_dag.py for tasks to queue
[2024-04-08T08:46:38.078+0000] {logging_mixin.py:188} INFO - [2024-04-08T08:46:38.077+0000] {dagbag.py:540} INFO - Filling up the DagBag from /home/airflow/.local/lib/python3.8/site-packages/airflow/example_dags/example_sla_dag.py
[2024-04-08T08:46:38.088+0000] {processor.py:840} INFO - DAG(s) 'example_sla_dag' retrieved from /home/airflow/.local/lib/python3.8/site-packages/airflow/example_dags/example_sla_dag.py
[2024-04-08T08:46:38.108+0000] {logging_mixin.py:188} INFO - [2024-04-08T08:46:38.107+0000] {dag.py:3047} INFO - Sync 1 DAGs
[2024-04-08T08:46:38.141+0000] {logging_mixin.py:188} INFO - [2024-04-08T08:46:38.141+0000] {dag.py:3834} INFO - Setting next_dagrun for example_sla_dag to 2024-04-08 08:44:00+00:00, run_after=2024-04-08 08:46:00+00:00
[2024-04-08T08:46:38.173+0000] {processor.py:183} INFO - Processing /home/airflow/.local/lib/python3.8/site-packages/airflow/example_dags/example_sla_dag.py took 0.101 seconds
[2024-04-08T08:47:08.674+0000] {processor.py:161} INFO - Started process (PID=10251) to work on /home/airflow/.local/lib/python3.8/site-packages/airflow/example_dags/example_sla_dag.py
[2024-04-08T08:47:08.675+0000] {processor.py:830} INFO - Processing file /home/airflow/.local/lib/python3.8/site-packages/airflow/example_dags/example_sla_dag.py for tasks to queue
[2024-04-08T08:47:08.676+0000] {logging_mixin.py:188} INFO - [2024-04-08T08:47:08.676+0000] {dagbag.py:540} INFO - Filling up the DagBag from /home/airflow/.local/lib/python3.8/site-packages/airflow/example_dags/example_sla_dag.py
[2024-04-08T08:47:08.686+0000] {processor.py:840} INFO - DAG(s) 'example_sla_dag' retrieved from /home/airflow/.local/lib/python3.8/site-packages/airflow/example_dags/example_sla_dag.py
[2024-04-08T08:47:08.746+0000] {logging_mixin.py:188} INFO - [2024-04-08T08:47:08.746+0000] {dag.py:3047} INFO - Sync 1 DAGs
[2024-04-08T08:47:08.794+0000] {logging_mixin.py:188} INFO - [2024-04-08T08:47:08.794+0000] {dag.py:3834} INFO - Setting next_dagrun for example_sla_dag to 2024-04-08 08:44:00+00:00, run_after=2024-04-08 08:46:00+00:00
[2024-04-08T08:47:08.839+0000] {processor.py:183} INFO - Processing /home/airflow/.local/lib/python3.8/site-packages/airflow/example_dags/example_sla_dag.py took 0.169 seconds
[2024-04-08T08:47:38.919+0000] {processor.py:161} INFO - Started process (PID=10508) to work on /home/airflow/.local/lib/python3.8/site-packages/airflow/example_dags/example_sla_dag.py
[2024-04-08T08:47:38.920+0000] {processor.py:830} INFO - Processing file /home/airflow/.local/lib/python3.8/site-packages/airflow/example_dags/example_sla_dag.py for tasks to queue
[2024-04-08T08:47:38.921+0000] {logging_mixin.py:188} INFO - [2024-04-08T08:47:38.921+0000] {dagbag.py:540} INFO - Filling up the DagBag from /home/airflow/.local/lib/python3.8/site-packages/airflow/example_dags/example_sla_dag.py
[2024-04-08T08:47:38.932+0000] {processor.py:840} INFO - DAG(s) 'example_sla_dag' retrieved from /home/airflow/.local/lib/python3.8/site-packages/airflow/example_dags/example_sla_dag.py
[2024-04-08T08:47:38.953+0000] {logging_mixin.py:188} INFO - [2024-04-08T08:47:38.953+0000] {dag.py:3047} INFO - Sync 1 DAGs
[2024-04-08T08:47:38.988+0000] {logging_mixin.py:188} INFO - [2024-04-08T08:47:38.988+0000] {dag.py:3834} INFO - Setting next_dagrun for example_sla_dag to 2024-04-08 08:44:00+00:00, run_after=2024-04-08 08:46:00+00:00
[2024-04-08T08:47:39.009+0000] {processor.py:183} INFO - Processing /home/airflow/.local/lib/python3.8/site-packages/airflow/example_dags/example_sla_dag.py took 0.093 seconds
[2024-04-08T08:48:09.962+0000] {processor.py:161} INFO - Started process (PID=10765) to work on /home/airflow/.local/lib/python3.8/site-packages/airflow/example_dags/example_sla_dag.py
[2024-04-08T08:48:09.963+0000] {processor.py:830} INFO - Processing file /home/airflow/.local/lib/python3.8/site-packages/airflow/example_dags/example_sla_dag.py for tasks to queue
[2024-04-08T08:48:09.964+0000] {logging_mixin.py:188} INFO - [2024-04-08T08:48:09.964+0000] {dagbag.py:540} INFO - Filling up the DagBag from /home/airflow/.local/lib/python3.8/site-packages/airflow/example_dags/example_sla_dag.py
[2024-04-08T08:48:09.974+0000] {processor.py:840} INFO - DAG(s) 'example_sla_dag' retrieved from /home/airflow/.local/lib/python3.8/site-packages/airflow/example_dags/example_sla_dag.py
[2024-04-08T08:48:10.030+0000] {logging_mixin.py:188} INFO - [2024-04-08T08:48:10.029+0000] {dag.py:3047} INFO - Sync 1 DAGs
[2024-04-08T08:48:10.138+0000] {logging_mixin.py:188} INFO - [2024-04-08T08:48:10.138+0000] {dag.py:3834} INFO - Setting next_dagrun for example_sla_dag to 2024-04-08 08:46:00+00:00, run_after=2024-04-08 08:48:00+00:00
[2024-04-08T08:48:10.229+0000] {processor.py:183} INFO - Processing /home/airflow/.local/lib/python3.8/site-packages/airflow/example_dags/example_sla_dag.py took 0.271 seconds
[2024-04-08T08:48:40.517+0000] {processor.py:161} INFO - Started process (PID=11022) to work on /home/airflow/.local/lib/python3.8/site-packages/airflow/example_dags/example_sla_dag.py
[2024-04-08T08:48:40.518+0000] {processor.py:830} INFO - Processing file /home/airflow/.local/lib/python3.8/site-packages/airflow/example_dags/example_sla_dag.py for tasks to queue
[2024-04-08T08:48:40.519+0000] {logging_mixin.py:188} INFO - [2024-04-08T08:48:40.518+0000] {dagbag.py:540} INFO - Filling up the DagBag from /home/airflow/.local/lib/python3.8/site-packages/airflow/example_dags/example_sla_dag.py
[2024-04-08T08:48:40.528+0000] {processor.py:840} INFO - DAG(s) 'example_sla_dag' retrieved from /home/airflow/.local/lib/python3.8/site-packages/airflow/example_dags/example_sla_dag.py
[2024-04-08T08:48:40.550+0000] {logging_mixin.py:188} INFO - [2024-04-08T08:48:40.550+0000] {dag.py:3047} INFO - Sync 1 DAGs
[2024-04-08T08:48:40.611+0000] {logging_mixin.py:188} INFO - [2024-04-08T08:48:40.611+0000] {dag.py:3834} INFO - Setting next_dagrun for example_sla_dag to 2024-04-08 08:46:00+00:00, run_after=2024-04-08 08:48:00+00:00
[2024-04-08T08:48:40.657+0000] {processor.py:183} INFO - Processing /home/airflow/.local/lib/python3.8/site-packages/airflow/example_dags/example_sla_dag.py took 0.144 seconds
[2024-04-08T08:49:10.898+0000] {processor.py:161} INFO - Started process (PID=11285) to work on /home/airflow/.local/lib/python3.8/site-packages/airflow/example_dags/example_sla_dag.py
[2024-04-08T08:49:10.899+0000] {processor.py:830} INFO - Processing file /home/airflow/.local/lib/python3.8/site-packages/airflow/example_dags/example_sla_dag.py for tasks to queue
[2024-04-08T08:49:10.901+0000] {logging_mixin.py:188} INFO - [2024-04-08T08:49:10.900+0000] {dagbag.py:540} INFO - Filling up the DagBag from /home/airflow/.local/lib/python3.8/site-packages/airflow/example_dags/example_sla_dag.py
[2024-04-08T08:49:10.910+0000] {processor.py:840} INFO - DAG(s) 'example_sla_dag' retrieved from /home/airflow/.local/lib/python3.8/site-packages/airflow/example_dags/example_sla_dag.py
[2024-04-08T08:49:10.933+0000] {logging_mixin.py:188} INFO - [2024-04-08T08:49:10.932+0000] {dag.py:3047} INFO - Sync 1 DAGs
[2024-04-08T08:49:10.962+0000] {logging_mixin.py:188} INFO - [2024-04-08T08:49:10.962+0000] {dag.py:3834} INFO - Setting next_dagrun for example_sla_dag to 2024-04-08 08:46:00+00:00, run_after=2024-04-08 08:48:00+00:00
[2024-04-08T08:49:10.987+0000] {processor.py:183} INFO - Processing /home/airflow/.local/lib/python3.8/site-packages/airflow/example_dags/example_sla_dag.py took 0.092 seconds
[2024-04-08T08:49:41.318+0000] {processor.py:161} INFO - Started process (PID=11543) to work on /home/airflow/.local/lib/python3.8/site-packages/airflow/example_dags/example_sla_dag.py
[2024-04-08T08:49:41.319+0000] {processor.py:830} INFO - Processing file /home/airflow/.local/lib/python3.8/site-packages/airflow/example_dags/example_sla_dag.py for tasks to queue
[2024-04-08T08:49:41.320+0000] {logging_mixin.py:188} INFO - [2024-04-08T08:49:41.320+0000] {dagbag.py:540} INFO - Filling up the DagBag from /home/airflow/.local/lib/python3.8/site-packages/airflow/example_dags/example_sla_dag.py
[2024-04-08T08:49:41.330+0000] {processor.py:840} INFO - DAG(s) 'example_sla_dag' retrieved from /home/airflow/.local/lib/python3.8/site-packages/airflow/example_dags/example_sla_dag.py
[2024-04-08T08:49:41.352+0000] {logging_mixin.py:188} INFO - [2024-04-08T08:49:41.352+0000] {dag.py:3047} INFO - Sync 1 DAGs
[2024-04-08T08:49:41.386+0000] {logging_mixin.py:188} INFO - [2024-04-08T08:49:41.385+0000] {dag.py:3834} INFO - Setting next_dagrun for example_sla_dag to 2024-04-08 08:46:00+00:00, run_after=2024-04-08 08:48:00+00:00
[2024-04-08T08:49:41.408+0000] {processor.py:183} INFO - Processing /home/airflow/.local/lib/python3.8/site-packages/airflow/example_dags/example_sla_dag.py took 0.093 seconds
[2024-04-08T08:50:12.009+0000] {processor.py:161} INFO - Started process (PID=11799) to work on /home/airflow/.local/lib/python3.8/site-packages/airflow/example_dags/example_sla_dag.py
[2024-04-08T08:50:12.011+0000] {processor.py:830} INFO - Processing file /home/airflow/.local/lib/python3.8/site-packages/airflow/example_dags/example_sla_dag.py for tasks to queue
[2024-04-08T08:50:12.011+0000] {logging_mixin.py:188} INFO - [2024-04-08T08:50:12.011+0000] {dagbag.py:540} INFO - Filling up the DagBag from /home/airflow/.local/lib/python3.8/site-packages/airflow/example_dags/example_sla_dag.py
[2024-04-08T08:50:12.021+0000] {processor.py:840} INFO - DAG(s) 'example_sla_dag' retrieved from /home/airflow/.local/lib/python3.8/site-packages/airflow/example_dags/example_sla_dag.py
[2024-04-08T08:50:12.043+0000] {logging_mixin.py:188} INFO - [2024-04-08T08:50:12.043+0000] {dag.py:3047} INFO - Sync 1 DAGs
[2024-04-08T08:50:12.074+0000] {logging_mixin.py:188} INFO - [2024-04-08T08:50:12.073+0000] {dag.py:3834} INFO - Setting next_dagrun for example_sla_dag to 2024-04-08 08:48:00+00:00, run_after=2024-04-08 08:50:00+00:00
[2024-04-08T08:50:12.106+0000] {processor.py:183} INFO - Processing /home/airflow/.local/lib/python3.8/site-packages/airflow/example_dags/example_sla_dag.py took 0.101 seconds
[2024-04-08T08:50:42.388+0000] {processor.py:161} INFO - Started process (PID=12057) to work on /home/airflow/.local/lib/python3.8/site-packages/airflow/example_dags/example_sla_dag.py
[2024-04-08T08:50:42.389+0000] {processor.py:830} INFO - Processing file /home/airflow/.local/lib/python3.8/site-packages/airflow/example_dags/example_sla_dag.py for tasks to queue
[2024-04-08T08:50:42.389+0000] {logging_mixin.py:188} INFO - [2024-04-08T08:50:42.389+0000] {dagbag.py:540} INFO - Filling up the DagBag from /home/airflow/.local/lib/python3.8/site-packages/airflow/example_dags/example_sla_dag.py
[2024-04-08T08:50:42.400+0000] {processor.py:840} INFO - DAG(s) 'example_sla_dag' retrieved from /home/airflow/.local/lib/python3.8/site-packages/airflow/example_dags/example_sla_dag.py
[2024-04-08T08:50:42.455+0000] {logging_mixin.py:188} INFO - [2024-04-08T08:50:42.455+0000] {dag.py:3047} INFO - Sync 1 DAGs
[2024-04-08T08:50:42.521+0000] {logging_mixin.py:188} INFO - [2024-04-08T08:50:42.521+0000] {dag.py:3834} INFO - Setting next_dagrun for example_sla_dag to 2024-04-08 08:48:00+00:00, run_after=2024-04-08 08:50:00+00:00
[2024-04-08T08:50:42.573+0000] {processor.py:183} INFO - Processing /home/airflow/.local/lib/python3.8/site-packages/airflow/example_dags/example_sla_dag.py took 0.189 seconds
[2024-04-08T08:51:12.813+0000] {processor.py:161} INFO - Started process (PID=12315) to work on /home/airflow/.local/lib/python3.8/site-packages/airflow/example_dags/example_sla_dag.py
[2024-04-08T08:51:12.815+0000] {processor.py:830} INFO - Processing file /home/airflow/.local/lib/python3.8/site-packages/airflow/example_dags/example_sla_dag.py for tasks to queue
[2024-04-08T08:51:12.815+0000] {logging_mixin.py:188} INFO - [2024-04-08T08:51:12.815+0000] {dagbag.py:540} INFO - Filling up the DagBag from /home/airflow/.local/lib/python3.8/site-packages/airflow/example_dags/example_sla_dag.py
[2024-04-08T08:51:12.825+0000] {processor.py:840} INFO - DAG(s) 'example_sla_dag' retrieved from /home/airflow/.local/lib/python3.8/site-packages/airflow/example_dags/example_sla_dag.py
[2024-04-08T08:51:12.850+0000] {logging_mixin.py:188} INFO - [2024-04-08T08:51:12.850+0000] {dag.py:3047} INFO - Sync 1 DAGs
[2024-04-08T08:51:12.908+0000] {logging_mixin.py:188} INFO - [2024-04-08T08:51:12.907+0000] {dag.py:3834} INFO - Setting next_dagrun for example_sla_dag to 2024-04-08 08:48:00+00:00, run_after=2024-04-08 08:50:00+00:00
[2024-04-08T08:51:12.953+0000] {processor.py:183} INFO - Processing /home/airflow/.local/lib/python3.8/site-packages/airflow/example_dags/example_sla_dag.py took 0.143 seconds
[2024-04-08T08:51:43.267+0000] {processor.py:161} INFO - Started process (PID=12571) to work on /home/airflow/.local/lib/python3.8/site-packages/airflow/example_dags/example_sla_dag.py
[2024-04-08T08:51:43.270+0000] {processor.py:830} INFO - Processing file /home/airflow/.local/lib/python3.8/site-packages/airflow/example_dags/example_sla_dag.py for tasks to queue
[2024-04-08T08:51:43.272+0000] {logging_mixin.py:188} INFO - [2024-04-08T08:51:43.272+0000] {dagbag.py:540} INFO - Filling up the DagBag from /home/airflow/.local/lib/python3.8/site-packages/airflow/example_dags/example_sla_dag.py
[2024-04-08T08:51:43.294+0000] {processor.py:840} INFO - DAG(s) 'example_sla_dag' retrieved from /home/airflow/.local/lib/python3.8/site-packages/airflow/example_dags/example_sla_dag.py
[2024-04-08T08:51:43.335+0000] {logging_mixin.py:188} INFO - [2024-04-08T08:51:43.335+0000] {dag.py:3047} INFO - Sync 1 DAGs
[2024-04-08T08:51:43.380+0000] {logging_mixin.py:188} INFO - [2024-04-08T08:51:43.380+0000] {dag.py:3834} INFO - Setting next_dagrun for example_sla_dag to 2024-04-08 08:48:00+00:00, run_after=2024-04-08 08:50:00+00:00
[2024-04-08T08:51:43.423+0000] {processor.py:183} INFO - Processing /home/airflow/.local/lib/python3.8/site-packages/airflow/example_dags/example_sla_dag.py took 0.167 seconds
[2024-04-08T08:52:13.785+0000] {processor.py:161} INFO - Started process (PID=12829) to work on /home/airflow/.local/lib/python3.8/site-packages/airflow/example_dags/example_sla_dag.py
[2024-04-08T08:52:13.791+0000] {processor.py:830} INFO - Processing file /home/airflow/.local/lib/python3.8/site-packages/airflow/example_dags/example_sla_dag.py for tasks to queue
[2024-04-08T08:52:13.795+0000] {logging_mixin.py:188} INFO - [2024-04-08T08:52:13.795+0000] {dagbag.py:540} INFO - Filling up the DagBag from /home/airflow/.local/lib/python3.8/site-packages/airflow/example_dags/example_sla_dag.py
[2024-04-08T08:52:13.830+0000] {processor.py:840} INFO - DAG(s) 'example_sla_dag' retrieved from /home/airflow/.local/lib/python3.8/site-packages/airflow/example_dags/example_sla_dag.py
[2024-04-08T08:52:13.865+0000] {logging_mixin.py:188} INFO - [2024-04-08T08:52:13.863+0000] {dag.py:3047} INFO - Sync 1 DAGs
[2024-04-08T08:52:13.893+0000] {logging_mixin.py:188} INFO - [2024-04-08T08:52:13.893+0000] {dag.py:3834} INFO - Setting next_dagrun for example_sla_dag to 2024-04-08 08:50:00+00:00, run_after=2024-04-08 08:52:00+00:00
[2024-04-08T08:52:13.919+0000] {processor.py:183} INFO - Processing /home/airflow/.local/lib/python3.8/site-packages/airflow/example_dags/example_sla_dag.py took 0.137 seconds
[2024-04-08T08:52:44.340+0000] {processor.py:161} INFO - Started process (PID=13086) to work on /home/airflow/.local/lib/python3.8/site-packages/airflow/example_dags/example_sla_dag.py
[2024-04-08T08:52:44.341+0000] {processor.py:830} INFO - Processing file /home/airflow/.local/lib/python3.8/site-packages/airflow/example_dags/example_sla_dag.py for tasks to queue
[2024-04-08T08:52:44.342+0000] {logging_mixin.py:188} INFO - [2024-04-08T08:52:44.342+0000] {dagbag.py:540} INFO - Filling up the DagBag from /home/airflow/.local/lib/python3.8/site-packages/airflow/example_dags/example_sla_dag.py
[2024-04-08T08:52:44.352+0000] {processor.py:840} INFO - DAG(s) 'example_sla_dag' retrieved from /home/airflow/.local/lib/python3.8/site-packages/airflow/example_dags/example_sla_dag.py
[2024-04-08T08:52:44.374+0000] {logging_mixin.py:188} INFO - [2024-04-08T08:52:44.374+0000] {dag.py:3047} INFO - Sync 1 DAGs
[2024-04-08T08:52:44.406+0000] {logging_mixin.py:188} INFO - [2024-04-08T08:52:44.406+0000] {dag.py:3834} INFO - Setting next_dagrun for example_sla_dag to 2024-04-08 08:50:00+00:00, run_after=2024-04-08 08:52:00+00:00
[2024-04-08T08:52:44.433+0000] {processor.py:183} INFO - Processing /home/airflow/.local/lib/python3.8/site-packages/airflow/example_dags/example_sla_dag.py took 0.096 seconds
[2024-04-08T08:53:14.703+0000] {processor.py:161} INFO - Started process (PID=13343) to work on /home/airflow/.local/lib/python3.8/site-packages/airflow/example_dags/example_sla_dag.py
[2024-04-08T08:53:14.705+0000] {processor.py:830} INFO - Processing file /home/airflow/.local/lib/python3.8/site-packages/airflow/example_dags/example_sla_dag.py for tasks to queue
[2024-04-08T08:53:14.705+0000] {logging_mixin.py:188} INFO - [2024-04-08T08:53:14.705+0000] {dagbag.py:540} INFO - Filling up the DagBag from /home/airflow/.local/lib/python3.8/site-packages/airflow/example_dags/example_sla_dag.py
[2024-04-08T08:53:14.715+0000] {processor.py:840} INFO - DAG(s) 'example_sla_dag' retrieved from /home/airflow/.local/lib/python3.8/site-packages/airflow/example_dags/example_sla_dag.py
[2024-04-08T08:53:14.737+0000] {logging_mixin.py:188} INFO - [2024-04-08T08:53:14.737+0000] {dag.py:3047} INFO - Sync 1 DAGs
[2024-04-08T08:53:14.765+0000] {logging_mixin.py:188} INFO - [2024-04-08T08:53:14.765+0000] {dag.py:3834} INFO - Setting next_dagrun for example_sla_dag to 2024-04-08 08:50:00+00:00, run_after=2024-04-08 08:52:00+00:00
[2024-04-08T08:53:14.789+0000] {processor.py:183} INFO - Processing /home/airflow/.local/lib/python3.8/site-packages/airflow/example_dags/example_sla_dag.py took 0.091 seconds
[2024-04-08T08:53:45.173+0000] {processor.py:161} INFO - Started process (PID=13598) to work on /home/airflow/.local/lib/python3.8/site-packages/airflow/example_dags/example_sla_dag.py
[2024-04-08T08:53:45.178+0000] {processor.py:830} INFO - Processing file /home/airflow/.local/lib/python3.8/site-packages/airflow/example_dags/example_sla_dag.py for tasks to queue
[2024-04-08T08:53:45.179+0000] {logging_mixin.py:188} INFO - [2024-04-08T08:53:45.179+0000] {dagbag.py:540} INFO - Filling up the DagBag from /home/airflow/.local/lib/python3.8/site-packages/airflow/example_dags/example_sla_dag.py
[2024-04-08T08:53:45.201+0000] {processor.py:840} INFO - DAG(s) 'example_sla_dag' retrieved from /home/airflow/.local/lib/python3.8/site-packages/airflow/example_dags/example_sla_dag.py
[2024-04-08T08:53:45.226+0000] {logging_mixin.py:188} INFO - [2024-04-08T08:53:45.226+0000] {dag.py:3047} INFO - Sync 1 DAGs
[2024-04-08T08:53:45.254+0000] {logging_mixin.py:188} INFO - [2024-04-08T08:53:45.254+0000] {dag.py:3834} INFO - Setting next_dagrun for example_sla_dag to 2024-04-08 08:50:00+00:00, run_after=2024-04-08 08:52:00+00:00
[2024-04-08T08:53:45.276+0000] {processor.py:183} INFO - Processing /home/airflow/.local/lib/python3.8/site-packages/airflow/example_dags/example_sla_dag.py took 0.118 seconds
[2024-04-08T08:54:15.688+0000] {processor.py:161} INFO - Started process (PID=13858) to work on /home/airflow/.local/lib/python3.8/site-packages/airflow/example_dags/example_sla_dag.py
[2024-04-08T08:54:15.693+0000] {processor.py:830} INFO - Processing file /home/airflow/.local/lib/python3.8/site-packages/airflow/example_dags/example_sla_dag.py for tasks to queue
[2024-04-08T08:54:15.695+0000] {logging_mixin.py:188} INFO - [2024-04-08T08:54:15.694+0000] {dagbag.py:540} INFO - Filling up the DagBag from /home/airflow/.local/lib/python3.8/site-packages/airflow/example_dags/example_sla_dag.py
[2024-04-08T08:54:15.705+0000] {processor.py:840} INFO - DAG(s) 'example_sla_dag' retrieved from /home/airflow/.local/lib/python3.8/site-packages/airflow/example_dags/example_sla_dag.py
[2024-04-08T08:54:15.758+0000] {logging_mixin.py:188} INFO - [2024-04-08T08:54:15.758+0000] {dag.py:3047} INFO - Sync 1 DAGs
[2024-04-08T08:54:15.825+0000] {logging_mixin.py:188} INFO - [2024-04-08T08:54:15.825+0000] {dag.py:3834} INFO - Setting next_dagrun for example_sla_dag to 2024-04-08 08:52:00+00:00, run_after=2024-04-08 08:54:00+00:00
[2024-04-08T08:54:15.871+0000] {processor.py:183} INFO - Processing /home/airflow/.local/lib/python3.8/site-packages/airflow/example_dags/example_sla_dag.py took 0.186 seconds
[2024-04-08T08:54:46.112+0000] {processor.py:161} INFO - Started process (PID=14116) to work on /home/airflow/.local/lib/python3.8/site-packages/airflow/example_dags/example_sla_dag.py
[2024-04-08T08:54:46.113+0000] {processor.py:830} INFO - Processing file /home/airflow/.local/lib/python3.8/site-packages/airflow/example_dags/example_sla_dag.py for tasks to queue
[2024-04-08T08:54:46.114+0000] {logging_mixin.py:188} INFO - [2024-04-08T08:54:46.114+0000] {dagbag.py:540} INFO - Filling up the DagBag from /home/airflow/.local/lib/python3.8/site-packages/airflow/example_dags/example_sla_dag.py
[2024-04-08T08:54:46.124+0000] {processor.py:840} INFO - DAG(s) 'example_sla_dag' retrieved from /home/airflow/.local/lib/python3.8/site-packages/airflow/example_dags/example_sla_dag.py
[2024-04-08T08:54:46.148+0000] {logging_mixin.py:188} INFO - [2024-04-08T08:54:46.147+0000] {dag.py:3047} INFO - Sync 1 DAGs
[2024-04-08T08:54:46.179+0000] {logging_mixin.py:188} INFO - [2024-04-08T08:54:46.178+0000] {dag.py:3834} INFO - Setting next_dagrun for example_sla_dag to 2024-04-08 08:52:00+00:00, run_after=2024-04-08 08:54:00+00:00
[2024-04-08T08:54:46.205+0000] {processor.py:183} INFO - Processing /home/airflow/.local/lib/python3.8/site-packages/airflow/example_dags/example_sla_dag.py took 0.095 seconds
[2024-04-08T08:55:16.424+0000] {processor.py:161} INFO - Started process (PID=14374) to work on /home/airflow/.local/lib/python3.8/site-packages/airflow/example_dags/example_sla_dag.py
[2024-04-08T08:55:16.425+0000] {processor.py:830} INFO - Processing file /home/airflow/.local/lib/python3.8/site-packages/airflow/example_dags/example_sla_dag.py for tasks to queue
[2024-04-08T08:55:16.426+0000] {logging_mixin.py:188} INFO - [2024-04-08T08:55:16.425+0000] {dagbag.py:540} INFO - Filling up the DagBag from /home/airflow/.local/lib/python3.8/site-packages/airflow/example_dags/example_sla_dag.py
[2024-04-08T08:55:16.435+0000] {processor.py:840} INFO - DAG(s) 'example_sla_dag' retrieved from /home/airflow/.local/lib/python3.8/site-packages/airflow/example_dags/example_sla_dag.py
[2024-04-08T08:55:16.456+0000] {logging_mixin.py:188} INFO - [2024-04-08T08:55:16.456+0000] {dag.py:3047} INFO - Sync 1 DAGs
[2024-04-08T08:55:16.487+0000] {logging_mixin.py:188} INFO - [2024-04-08T08:55:16.487+0000] {dag.py:3834} INFO - Setting next_dagrun for example_sla_dag to 2024-04-08 08:52:00+00:00, run_after=2024-04-08 08:54:00+00:00
[2024-04-08T08:55:16.511+0000] {processor.py:183} INFO - Processing /home/airflow/.local/lib/python3.8/site-packages/airflow/example_dags/example_sla_dag.py took 0.091 seconds
[2024-04-08T08:55:46.827+0000] {processor.py:161} INFO - Started process (PID=14632) to work on /home/airflow/.local/lib/python3.8/site-packages/airflow/example_dags/example_sla_dag.py
[2024-04-08T08:55:46.828+0000] {processor.py:830} INFO - Processing file /home/airflow/.local/lib/python3.8/site-packages/airflow/example_dags/example_sla_dag.py for tasks to queue
[2024-04-08T08:55:46.829+0000] {logging_mixin.py:188} INFO - [2024-04-08T08:55:46.829+0000] {dagbag.py:540} INFO - Filling up the DagBag from /home/airflow/.local/lib/python3.8/site-packages/airflow/example_dags/example_sla_dag.py
[2024-04-08T08:55:46.840+0000] {processor.py:840} INFO - DAG(s) 'example_sla_dag' retrieved from /home/airflow/.local/lib/python3.8/site-packages/airflow/example_dags/example_sla_dag.py
[2024-04-08T08:55:46.863+0000] {logging_mixin.py:188} INFO - [2024-04-08T08:55:46.863+0000] {dag.py:3047} INFO - Sync 1 DAGs
[2024-04-08T08:55:46.901+0000] {logging_mixin.py:188} INFO - [2024-04-08T08:55:46.901+0000] {dag.py:3834} INFO - Setting next_dagrun for example_sla_dag to 2024-04-08 08:52:00+00:00, run_after=2024-04-08 08:54:00+00:00
[2024-04-08T08:55:46.932+0000] {processor.py:183} INFO - Processing /home/airflow/.local/lib/python3.8/site-packages/airflow/example_dags/example_sla_dag.py took 0.108 seconds
[2024-04-08T08:56:17.213+0000] {processor.py:161} INFO - Started process (PID=14890) to work on /home/airflow/.local/lib/python3.8/site-packages/airflow/example_dags/example_sla_dag.py
[2024-04-08T08:56:17.214+0000] {processor.py:830} INFO - Processing file /home/airflow/.local/lib/python3.8/site-packages/airflow/example_dags/example_sla_dag.py for tasks to queue
[2024-04-08T08:56:17.215+0000] {logging_mixin.py:188} INFO - [2024-04-08T08:56:17.215+0000] {dagbag.py:540} INFO - Filling up the DagBag from /home/airflow/.local/lib/python3.8/site-packages/airflow/example_dags/example_sla_dag.py
[2024-04-08T08:56:17.228+0000] {processor.py:840} INFO - DAG(s) 'example_sla_dag' retrieved from /home/airflow/.local/lib/python3.8/site-packages/airflow/example_dags/example_sla_dag.py
[2024-04-08T08:56:17.250+0000] {logging_mixin.py:188} INFO - [2024-04-08T08:56:17.250+0000] {dag.py:3047} INFO - Sync 1 DAGs
[2024-04-08T08:56:17.280+0000] {logging_mixin.py:188} INFO - [2024-04-08T08:56:17.279+0000] {dag.py:3834} INFO - Setting next_dagrun for example_sla_dag to 2024-04-08 08:54:00+00:00, run_after=2024-04-08 08:56:00+00:00
[2024-04-08T08:56:17.304+0000] {processor.py:183} INFO - Processing /home/airflow/.local/lib/python3.8/site-packages/airflow/example_dags/example_sla_dag.py took 0.095 seconds
[2024-04-08T08:56:47.606+0000] {processor.py:161} INFO - Started process (PID=15147) to work on /home/airflow/.local/lib/python3.8/site-packages/airflow/example_dags/example_sla_dag.py
[2024-04-08T08:56:47.607+0000] {processor.py:830} INFO - Processing file /home/airflow/.local/lib/python3.8/site-packages/airflow/example_dags/example_sla_dag.py for tasks to queue
[2024-04-08T08:56:47.608+0000] {logging_mixin.py:188} INFO - [2024-04-08T08:56:47.607+0000] {dagbag.py:540} INFO - Filling up the DagBag from /home/airflow/.local/lib/python3.8/site-packages/airflow/example_dags/example_sla_dag.py
[2024-04-08T08:56:47.644+0000] {processor.py:840} INFO - DAG(s) 'example_sla_dag' retrieved from /home/airflow/.local/lib/python3.8/site-packages/airflow/example_dags/example_sla_dag.py
[2024-04-08T08:56:47.698+0000] {logging_mixin.py:188} INFO - [2024-04-08T08:56:47.689+0000] {dag.py:3047} INFO - Sync 1 DAGs
[2024-04-08T08:56:47.747+0000] {logging_mixin.py:188} INFO - [2024-04-08T08:56:47.746+0000] {dag.py:3834} INFO - Setting next_dagrun for example_sla_dag to 2024-04-08 08:54:00+00:00, run_after=2024-04-08 08:56:00+00:00
[2024-04-08T08:56:47.787+0000] {processor.py:183} INFO - Processing /home/airflow/.local/lib/python3.8/site-packages/airflow/example_dags/example_sla_dag.py took 0.185 seconds
