[2024-04-08T08:27:18.031+0000] {processor.py:161} INFO - Started process (PID=191) to work on /home/airflow/.local/lib/python3.8/site-packages/airflow/example_dags/example_setup_teardown.py
[2024-04-08T08:27:18.044+0000] {processor.py:830} INFO - Processing file /home/airflow/.local/lib/python3.8/site-packages/airflow/example_dags/example_setup_teardown.py for tasks to queue
[2024-04-08T08:27:18.045+0000] {logging_mixin.py:188} INFO - [2024-04-08T08:27:18.045+0000] {dagbag.py:540} INFO - Filling up the DagBag from /home/airflow/.local/lib/python3.8/site-packages/airflow/example_dags/example_setup_teardown.py
[2024-04-08T08:27:18.072+0000] {processor.py:840} INFO - DAG(s) 'example_setup_teardown' retrieved from /home/airflow/.local/lib/python3.8/site-packages/airflow/example_dags/example_setup_teardown.py
[2024-04-08T08:27:18.155+0000] {logging_mixin.py:188} INFO - [2024-04-08T08:27:18.154+0000] {dag.py:3047} INFO - Sync 1 DAGs
[2024-04-08T08:27:18.267+0000] {logging_mixin.py:188} INFO - [2024-04-08T08:27:18.266+0000] {dag.py:3834} INFO - Setting next_dagrun for example_setup_teardown to 2024-04-07 00:00:00+00:00, run_after=2024-04-08 00:00:00+00:00
[2024-04-08T08:27:18.305+0000] {processor.py:183} INFO - Processing /home/airflow/.local/lib/python3.8/site-packages/airflow/example_dags/example_setup_teardown.py took 0.283 seconds
[2024-04-08T08:27:48.551+0000] {processor.py:161} INFO - Started process (PID=447) to work on /home/airflow/.local/lib/python3.8/site-packages/airflow/example_dags/example_setup_teardown.py
[2024-04-08T08:27:48.552+0000] {processor.py:830} INFO - Processing file /home/airflow/.local/lib/python3.8/site-packages/airflow/example_dags/example_setup_teardown.py for tasks to queue
[2024-04-08T08:27:48.553+0000] {logging_mixin.py:188} INFO - [2024-04-08T08:27:48.553+0000] {dagbag.py:540} INFO - Filling up the DagBag from /home/airflow/.local/lib/python3.8/site-packages/airflow/example_dags/example_setup_teardown.py
[2024-04-08T08:27:48.560+0000] {processor.py:840} INFO - DAG(s) 'example_setup_teardown' retrieved from /home/airflow/.local/lib/python3.8/site-packages/airflow/example_dags/example_setup_teardown.py
[2024-04-08T08:27:48.582+0000] {logging_mixin.py:188} INFO - [2024-04-08T08:27:48.581+0000] {dag.py:3047} INFO - Sync 1 DAGs
[2024-04-08T08:27:48.606+0000] {logging_mixin.py:188} INFO - [2024-04-08T08:27:48.605+0000] {dag.py:3834} INFO - Setting next_dagrun for example_setup_teardown to 2024-04-07 00:00:00+00:00, run_after=2024-04-08 00:00:00+00:00
[2024-04-08T08:27:48.633+0000] {processor.py:183} INFO - Processing /home/airflow/.local/lib/python3.8/site-packages/airflow/example_dags/example_setup_teardown.py took 0.086 seconds
[2024-04-08T08:28:19.358+0000] {processor.py:161} INFO - Started process (PID=707) to work on /home/airflow/.local/lib/python3.8/site-packages/airflow/example_dags/example_setup_teardown.py
[2024-04-08T08:28:19.359+0000] {processor.py:830} INFO - Processing file /home/airflow/.local/lib/python3.8/site-packages/airflow/example_dags/example_setup_teardown.py for tasks to queue
[2024-04-08T08:28:19.360+0000] {logging_mixin.py:188} INFO - [2024-04-08T08:28:19.359+0000] {dagbag.py:540} INFO - Filling up the DagBag from /home/airflow/.local/lib/python3.8/site-packages/airflow/example_dags/example_setup_teardown.py
[2024-04-08T08:28:19.365+0000] {processor.py:840} INFO - DAG(s) 'example_setup_teardown' retrieved from /home/airflow/.local/lib/python3.8/site-packages/airflow/example_dags/example_setup_teardown.py
[2024-04-08T08:28:19.383+0000] {logging_mixin.py:188} INFO - [2024-04-08T08:28:19.382+0000] {dag.py:3047} INFO - Sync 1 DAGs
[2024-04-08T08:28:19.400+0000] {logging_mixin.py:188} INFO - [2024-04-08T08:28:19.400+0000] {dag.py:3834} INFO - Setting next_dagrun for example_setup_teardown to 2024-04-07 00:00:00+00:00, run_after=2024-04-08 00:00:00+00:00
[2024-04-08T08:28:19.420+0000] {processor.py:183} INFO - Processing /home/airflow/.local/lib/python3.8/site-packages/airflow/example_dags/example_setup_teardown.py took 0.064 seconds
[2024-04-08T08:28:49.885+0000] {processor.py:161} INFO - Started process (PID=963) to work on /home/airflow/.local/lib/python3.8/site-packages/airflow/example_dags/example_setup_teardown.py
[2024-04-08T08:28:49.891+0000] {processor.py:830} INFO - Processing file /home/airflow/.local/lib/python3.8/site-packages/airflow/example_dags/example_setup_teardown.py for tasks to queue
[2024-04-08T08:28:49.892+0000] {logging_mixin.py:188} INFO - [2024-04-08T08:28:49.892+0000] {dagbag.py:540} INFO - Filling up the DagBag from /home/airflow/.local/lib/python3.8/site-packages/airflow/example_dags/example_setup_teardown.py
[2024-04-08T08:28:49.900+0000] {processor.py:840} INFO - DAG(s) 'example_setup_teardown' retrieved from /home/airflow/.local/lib/python3.8/site-packages/airflow/example_dags/example_setup_teardown.py
[2024-04-08T08:28:49.924+0000] {logging_mixin.py:188} INFO - [2024-04-08T08:28:49.923+0000] {dag.py:3047} INFO - Sync 1 DAGs
[2024-04-08T08:28:49.950+0000] {logging_mixin.py:188} INFO - [2024-04-08T08:28:49.949+0000] {dag.py:3834} INFO - Setting next_dagrun for example_setup_teardown to 2024-04-07 00:00:00+00:00, run_after=2024-04-08 00:00:00+00:00
[2024-04-08T08:28:49.973+0000] {processor.py:183} INFO - Processing /home/airflow/.local/lib/python3.8/site-packages/airflow/example_dags/example_setup_teardown.py took 0.091 seconds
[2024-04-08T08:29:20.585+0000] {processor.py:161} INFO - Started process (PID=1221) to work on /home/airflow/.local/lib/python3.8/site-packages/airflow/example_dags/example_setup_teardown.py
[2024-04-08T08:29:20.586+0000] {processor.py:830} INFO - Processing file /home/airflow/.local/lib/python3.8/site-packages/airflow/example_dags/example_setup_teardown.py for tasks to queue
[2024-04-08T08:29:20.587+0000] {logging_mixin.py:188} INFO - [2024-04-08T08:29:20.587+0000] {dagbag.py:540} INFO - Filling up the DagBag from /home/airflow/.local/lib/python3.8/site-packages/airflow/example_dags/example_setup_teardown.py
[2024-04-08T08:29:20.595+0000] {processor.py:840} INFO - DAG(s) 'example_setup_teardown' retrieved from /home/airflow/.local/lib/python3.8/site-packages/airflow/example_dags/example_setup_teardown.py
[2024-04-08T08:29:20.619+0000] {logging_mixin.py:188} INFO - [2024-04-08T08:29:20.618+0000] {dag.py:3047} INFO - Sync 1 DAGs
[2024-04-08T08:29:20.643+0000] {logging_mixin.py:188} INFO - [2024-04-08T08:29:20.642+0000] {dag.py:3834} INFO - Setting next_dagrun for example_setup_teardown to 2024-04-07 00:00:00+00:00, run_after=2024-04-08 00:00:00+00:00
[2024-04-08T08:29:20.667+0000] {processor.py:183} INFO - Processing /home/airflow/.local/lib/python3.8/site-packages/airflow/example_dags/example_setup_teardown.py took 0.085 seconds
[2024-04-08T08:29:50.971+0000] {processor.py:161} INFO - Started process (PID=1478) to work on /home/airflow/.local/lib/python3.8/site-packages/airflow/example_dags/example_setup_teardown.py
[2024-04-08T08:29:50.972+0000] {processor.py:830} INFO - Processing file /home/airflow/.local/lib/python3.8/site-packages/airflow/example_dags/example_setup_teardown.py for tasks to queue
[2024-04-08T08:29:50.973+0000] {logging_mixin.py:188} INFO - [2024-04-08T08:29:50.973+0000] {dagbag.py:540} INFO - Filling up the DagBag from /home/airflow/.local/lib/python3.8/site-packages/airflow/example_dags/example_setup_teardown.py
[2024-04-08T08:29:50.982+0000] {processor.py:840} INFO - DAG(s) 'example_setup_teardown' retrieved from /home/airflow/.local/lib/python3.8/site-packages/airflow/example_dags/example_setup_teardown.py
[2024-04-08T08:29:51.006+0000] {logging_mixin.py:188} INFO - [2024-04-08T08:29:51.005+0000] {dag.py:3047} INFO - Sync 1 DAGs
[2024-04-08T08:29:51.030+0000] {logging_mixin.py:188} INFO - [2024-04-08T08:29:51.030+0000] {dag.py:3834} INFO - Setting next_dagrun for example_setup_teardown to 2024-04-07 00:00:00+00:00, run_after=2024-04-08 00:00:00+00:00
[2024-04-08T08:29:51.054+0000] {processor.py:183} INFO - Processing /home/airflow/.local/lib/python3.8/site-packages/airflow/example_dags/example_setup_teardown.py took 0.087 seconds
[2024-04-08T08:30:21.647+0000] {processor.py:161} INFO - Started process (PID=1736) to work on /home/airflow/.local/lib/python3.8/site-packages/airflow/example_dags/example_setup_teardown.py
[2024-04-08T08:30:21.649+0000] {processor.py:830} INFO - Processing file /home/airflow/.local/lib/python3.8/site-packages/airflow/example_dags/example_setup_teardown.py for tasks to queue
[2024-04-08T08:30:21.650+0000] {logging_mixin.py:188} INFO - [2024-04-08T08:30:21.649+0000] {dagbag.py:540} INFO - Filling up the DagBag from /home/airflow/.local/lib/python3.8/site-packages/airflow/example_dags/example_setup_teardown.py
[2024-04-08T08:30:21.658+0000] {processor.py:840} INFO - DAG(s) 'example_setup_teardown' retrieved from /home/airflow/.local/lib/python3.8/site-packages/airflow/example_dags/example_setup_teardown.py
[2024-04-08T08:30:21.682+0000] {logging_mixin.py:188} INFO - [2024-04-08T08:30:21.682+0000] {dag.py:3047} INFO - Sync 1 DAGs
[2024-04-08T08:30:21.717+0000] {logging_mixin.py:188} INFO - [2024-04-08T08:30:21.717+0000] {dag.py:3834} INFO - Setting next_dagrun for example_setup_teardown to 2024-04-07 00:00:00+00:00, run_after=2024-04-08 00:00:00+00:00
[2024-04-08T08:30:21.747+0000] {processor.py:183} INFO - Processing /home/airflow/.local/lib/python3.8/site-packages/airflow/example_dags/example_setup_teardown.py took 0.104 seconds
[2024-04-08T08:30:52.372+0000] {processor.py:161} INFO - Started process (PID=1993) to work on /home/airflow/.local/lib/python3.8/site-packages/airflow/example_dags/example_setup_teardown.py
[2024-04-08T08:30:52.373+0000] {processor.py:830} INFO - Processing file /home/airflow/.local/lib/python3.8/site-packages/airflow/example_dags/example_setup_teardown.py for tasks to queue
[2024-04-08T08:30:52.375+0000] {logging_mixin.py:188} INFO - [2024-04-08T08:30:52.374+0000] {dagbag.py:540} INFO - Filling up the DagBag from /home/airflow/.local/lib/python3.8/site-packages/airflow/example_dags/example_setup_teardown.py
[2024-04-08T08:30:52.383+0000] {processor.py:840} INFO - DAG(s) 'example_setup_teardown' retrieved from /home/airflow/.local/lib/python3.8/site-packages/airflow/example_dags/example_setup_teardown.py
[2024-04-08T08:30:52.408+0000] {logging_mixin.py:188} INFO - [2024-04-08T08:30:52.407+0000] {dag.py:3047} INFO - Sync 1 DAGs
[2024-04-08T08:30:52.431+0000] {logging_mixin.py:188} INFO - [2024-04-08T08:30:52.431+0000] {dag.py:3834} INFO - Setting next_dagrun for example_setup_teardown to 2024-04-07 00:00:00+00:00, run_after=2024-04-08 00:00:00+00:00
[2024-04-08T08:30:52.455+0000] {processor.py:183} INFO - Processing /home/airflow/.local/lib/python3.8/site-packages/airflow/example_dags/example_setup_teardown.py took 0.087 seconds
[2024-04-08T08:31:23.006+0000] {processor.py:161} INFO - Started process (PID=2250) to work on /home/airflow/.local/lib/python3.8/site-packages/airflow/example_dags/example_setup_teardown.py
[2024-04-08T08:31:23.007+0000] {processor.py:830} INFO - Processing file /home/airflow/.local/lib/python3.8/site-packages/airflow/example_dags/example_setup_teardown.py for tasks to queue
[2024-04-08T08:31:23.008+0000] {logging_mixin.py:188} INFO - [2024-04-08T08:31:23.008+0000] {dagbag.py:540} INFO - Filling up the DagBag from /home/airflow/.local/lib/python3.8/site-packages/airflow/example_dags/example_setup_teardown.py
[2024-04-08T08:31:23.016+0000] {processor.py:840} INFO - DAG(s) 'example_setup_teardown' retrieved from /home/airflow/.local/lib/python3.8/site-packages/airflow/example_dags/example_setup_teardown.py
[2024-04-08T08:31:23.041+0000] {logging_mixin.py:188} INFO - [2024-04-08T08:31:23.041+0000] {dag.py:3047} INFO - Sync 1 DAGs
[2024-04-08T08:31:23.064+0000] {logging_mixin.py:188} INFO - [2024-04-08T08:31:23.064+0000] {dag.py:3834} INFO - Setting next_dagrun for example_setup_teardown to 2024-04-07 00:00:00+00:00, run_after=2024-04-08 00:00:00+00:00
[2024-04-08T08:31:23.087+0000] {processor.py:183} INFO - Processing /home/airflow/.local/lib/python3.8/site-packages/airflow/example_dags/example_setup_teardown.py took 0.085 seconds
[2024-04-08T08:31:53.548+0000] {processor.py:161} INFO - Started process (PID=2507) to work on /home/airflow/.local/lib/python3.8/site-packages/airflow/example_dags/example_setup_teardown.py
[2024-04-08T08:31:53.549+0000] {processor.py:830} INFO - Processing file /home/airflow/.local/lib/python3.8/site-packages/airflow/example_dags/example_setup_teardown.py for tasks to queue
[2024-04-08T08:31:53.551+0000] {logging_mixin.py:188} INFO - [2024-04-08T08:31:53.550+0000] {dagbag.py:540} INFO - Filling up the DagBag from /home/airflow/.local/lib/python3.8/site-packages/airflow/example_dags/example_setup_teardown.py
[2024-04-08T08:31:53.559+0000] {processor.py:840} INFO - DAG(s) 'example_setup_teardown' retrieved from /home/airflow/.local/lib/python3.8/site-packages/airflow/example_dags/example_setup_teardown.py
[2024-04-08T08:31:53.583+0000] {logging_mixin.py:188} INFO - [2024-04-08T08:31:53.583+0000] {dag.py:3047} INFO - Sync 1 DAGs
[2024-04-08T08:31:53.608+0000] {logging_mixin.py:188} INFO - [2024-04-08T08:31:53.607+0000] {dag.py:3834} INFO - Setting next_dagrun for example_setup_teardown to 2024-04-07 00:00:00+00:00, run_after=2024-04-08 00:00:00+00:00
[2024-04-08T08:31:53.632+0000] {processor.py:183} INFO - Processing /home/airflow/.local/lib/python3.8/site-packages/airflow/example_dags/example_setup_teardown.py took 0.087 seconds
[2024-04-08T08:32:24.240+0000] {processor.py:161} INFO - Started process (PID=2764) to work on /home/airflow/.local/lib/python3.8/site-packages/airflow/example_dags/example_setup_teardown.py
[2024-04-08T08:32:24.241+0000] {processor.py:830} INFO - Processing file /home/airflow/.local/lib/python3.8/site-packages/airflow/example_dags/example_setup_teardown.py for tasks to queue
[2024-04-08T08:32:24.246+0000] {logging_mixin.py:188} INFO - [2024-04-08T08:32:24.245+0000] {dagbag.py:540} INFO - Filling up the DagBag from /home/airflow/.local/lib/python3.8/site-packages/airflow/example_dags/example_setup_teardown.py
[2024-04-08T08:32:24.257+0000] {processor.py:840} INFO - DAG(s) 'example_setup_teardown' retrieved from /home/airflow/.local/lib/python3.8/site-packages/airflow/example_dags/example_setup_teardown.py
[2024-04-08T08:32:24.284+0000] {logging_mixin.py:188} INFO - [2024-04-08T08:32:24.284+0000] {dag.py:3047} INFO - Sync 1 DAGs
[2024-04-08T08:32:24.312+0000] {logging_mixin.py:188} INFO - [2024-04-08T08:32:24.312+0000] {dag.py:3834} INFO - Setting next_dagrun for example_setup_teardown to 2024-04-07 00:00:00+00:00, run_after=2024-04-08 00:00:00+00:00
[2024-04-08T08:32:24.345+0000] {processor.py:183} INFO - Processing /home/airflow/.local/lib/python3.8/site-packages/airflow/example_dags/example_setup_teardown.py took 0.110 seconds
[2024-04-08T08:32:54.437+0000] {processor.py:161} INFO - Started process (PID=3023) to work on /home/airflow/.local/lib/python3.8/site-packages/airflow/example_dags/example_setup_teardown.py
[2024-04-08T08:32:54.438+0000] {processor.py:830} INFO - Processing file /home/airflow/.local/lib/python3.8/site-packages/airflow/example_dags/example_setup_teardown.py for tasks to queue
[2024-04-08T08:32:54.439+0000] {logging_mixin.py:188} INFO - [2024-04-08T08:32:54.438+0000] {dagbag.py:540} INFO - Filling up the DagBag from /home/airflow/.local/lib/python3.8/site-packages/airflow/example_dags/example_setup_teardown.py
[2024-04-08T08:32:54.444+0000] {processor.py:840} INFO - DAG(s) 'example_setup_teardown' retrieved from /home/airflow/.local/lib/python3.8/site-packages/airflow/example_dags/example_setup_teardown.py
[2024-04-08T08:32:54.460+0000] {logging_mixin.py:188} INFO - [2024-04-08T08:32:54.460+0000] {dag.py:3047} INFO - Sync 1 DAGs
[2024-04-08T08:32:54.477+0000] {logging_mixin.py:188} INFO - [2024-04-08T08:32:54.477+0000] {dag.py:3834} INFO - Setting next_dagrun for example_setup_teardown to 2024-04-07 00:00:00+00:00, run_after=2024-04-08 00:00:00+00:00
[2024-04-08T08:32:54.496+0000] {processor.py:183} INFO - Processing /home/airflow/.local/lib/python3.8/site-packages/airflow/example_dags/example_setup_teardown.py took 0.061 seconds
[2024-04-08T08:33:24.836+0000] {processor.py:161} INFO - Started process (PID=3278) to work on /home/airflow/.local/lib/python3.8/site-packages/airflow/example_dags/example_setup_teardown.py
[2024-04-08T08:33:24.837+0000] {processor.py:830} INFO - Processing file /home/airflow/.local/lib/python3.8/site-packages/airflow/example_dags/example_setup_teardown.py for tasks to queue
[2024-04-08T08:33:24.838+0000] {logging_mixin.py:188} INFO - [2024-04-08T08:33:24.838+0000] {dagbag.py:540} INFO - Filling up the DagBag from /home/airflow/.local/lib/python3.8/site-packages/airflow/example_dags/example_setup_teardown.py
[2024-04-08T08:33:24.846+0000] {processor.py:840} INFO - DAG(s) 'example_setup_teardown' retrieved from /home/airflow/.local/lib/python3.8/site-packages/airflow/example_dags/example_setup_teardown.py
[2024-04-08T08:33:24.872+0000] {logging_mixin.py:188} INFO - [2024-04-08T08:33:24.871+0000] {dag.py:3047} INFO - Sync 1 DAGs
[2024-04-08T08:33:24.905+0000] {logging_mixin.py:188} INFO - [2024-04-08T08:33:24.905+0000] {dag.py:3834} INFO - Setting next_dagrun for example_setup_teardown to 2024-04-07 00:00:00+00:00, run_after=2024-04-08 00:00:00+00:00
[2024-04-08T08:33:24.934+0000] {processor.py:183} INFO - Processing /home/airflow/.local/lib/python3.8/site-packages/airflow/example_dags/example_setup_teardown.py took 0.102 seconds
[2024-04-08T08:33:55.441+0000] {processor.py:161} INFO - Started process (PID=3537) to work on /home/airflow/.local/lib/python3.8/site-packages/airflow/example_dags/example_setup_teardown.py
[2024-04-08T08:33:55.441+0000] {processor.py:830} INFO - Processing file /home/airflow/.local/lib/python3.8/site-packages/airflow/example_dags/example_setup_teardown.py for tasks to queue
[2024-04-08T08:33:55.442+0000] {logging_mixin.py:188} INFO - [2024-04-08T08:33:55.442+0000] {dagbag.py:540} INFO - Filling up the DagBag from /home/airflow/.local/lib/python3.8/site-packages/airflow/example_dags/example_setup_teardown.py
[2024-04-08T08:33:55.448+0000] {processor.py:840} INFO - DAG(s) 'example_setup_teardown' retrieved from /home/airflow/.local/lib/python3.8/site-packages/airflow/example_dags/example_setup_teardown.py
[2024-04-08T08:33:55.465+0000] {logging_mixin.py:188} INFO - [2024-04-08T08:33:55.465+0000] {dag.py:3047} INFO - Sync 1 DAGs
[2024-04-08T08:33:55.483+0000] {logging_mixin.py:188} INFO - [2024-04-08T08:33:55.483+0000] {dag.py:3834} INFO - Setting next_dagrun for example_setup_teardown to 2024-04-07 00:00:00+00:00, run_after=2024-04-08 00:00:00+00:00
[2024-04-08T08:33:55.502+0000] {processor.py:183} INFO - Processing /home/airflow/.local/lib/python3.8/site-packages/airflow/example_dags/example_setup_teardown.py took 0.064 seconds
[2024-04-08T08:34:25.761+0000] {processor.py:161} INFO - Started process (PID=3793) to work on /home/airflow/.local/lib/python3.8/site-packages/airflow/example_dags/example_setup_teardown.py
[2024-04-08T08:34:25.762+0000] {processor.py:830} INFO - Processing file /home/airflow/.local/lib/python3.8/site-packages/airflow/example_dags/example_setup_teardown.py for tasks to queue
[2024-04-08T08:34:25.763+0000] {logging_mixin.py:188} INFO - [2024-04-08T08:34:25.763+0000] {dagbag.py:540} INFO - Filling up the DagBag from /home/airflow/.local/lib/python3.8/site-packages/airflow/example_dags/example_setup_teardown.py
[2024-04-08T08:34:25.771+0000] {processor.py:840} INFO - DAG(s) 'example_setup_teardown' retrieved from /home/airflow/.local/lib/python3.8/site-packages/airflow/example_dags/example_setup_teardown.py
[2024-04-08T08:34:25.796+0000] {logging_mixin.py:188} INFO - [2024-04-08T08:34:25.796+0000] {dag.py:3047} INFO - Sync 1 DAGs
[2024-04-08T08:34:25.822+0000] {logging_mixin.py:188} INFO - [2024-04-08T08:34:25.822+0000] {dag.py:3834} INFO - Setting next_dagrun for example_setup_teardown to 2024-04-07 00:00:00+00:00, run_after=2024-04-08 00:00:00+00:00
[2024-04-08T08:34:25.849+0000] {processor.py:183} INFO - Processing /home/airflow/.local/lib/python3.8/site-packages/airflow/example_dags/example_setup_teardown.py took 0.092 seconds
[2024-04-08T08:34:55.943+0000] {processor.py:161} INFO - Started process (PID=4053) to work on /home/airflow/.local/lib/python3.8/site-packages/airflow/example_dags/example_setup_teardown.py
[2024-04-08T08:34:55.944+0000] {processor.py:830} INFO - Processing file /home/airflow/.local/lib/python3.8/site-packages/airflow/example_dags/example_setup_teardown.py for tasks to queue
[2024-04-08T08:34:55.945+0000] {logging_mixin.py:188} INFO - [2024-04-08T08:34:55.945+0000] {dagbag.py:540} INFO - Filling up the DagBag from /home/airflow/.local/lib/python3.8/site-packages/airflow/example_dags/example_setup_teardown.py
[2024-04-08T08:34:55.952+0000] {processor.py:840} INFO - DAG(s) 'example_setup_teardown' retrieved from /home/airflow/.local/lib/python3.8/site-packages/airflow/example_dags/example_setup_teardown.py
[2024-04-08T08:34:55.975+0000] {logging_mixin.py:188} INFO - [2024-04-08T08:34:55.974+0000] {dag.py:3047} INFO - Sync 1 DAGs
[2024-04-08T08:34:55.994+0000] {logging_mixin.py:188} INFO - [2024-04-08T08:34:55.994+0000] {dag.py:3834} INFO - Setting next_dagrun for example_setup_teardown to 2024-04-07 00:00:00+00:00, run_after=2024-04-08 00:00:00+00:00
[2024-04-08T08:34:56.014+0000] {processor.py:183} INFO - Processing /home/airflow/.local/lib/python3.8/site-packages/airflow/example_dags/example_setup_teardown.py took 0.075 seconds
[2024-04-08T08:35:26.446+0000] {processor.py:161} INFO - Started process (PID=4308) to work on /home/airflow/.local/lib/python3.8/site-packages/airflow/example_dags/example_setup_teardown.py
[2024-04-08T08:35:26.447+0000] {processor.py:830} INFO - Processing file /home/airflow/.local/lib/python3.8/site-packages/airflow/example_dags/example_setup_teardown.py for tasks to queue
[2024-04-08T08:35:26.448+0000] {logging_mixin.py:188} INFO - [2024-04-08T08:35:26.448+0000] {dagbag.py:540} INFO - Filling up the DagBag from /home/airflow/.local/lib/python3.8/site-packages/airflow/example_dags/example_setup_teardown.py
[2024-04-08T08:35:26.456+0000] {processor.py:840} INFO - DAG(s) 'example_setup_teardown' retrieved from /home/airflow/.local/lib/python3.8/site-packages/airflow/example_dags/example_setup_teardown.py
[2024-04-08T08:35:26.492+0000] {logging_mixin.py:188} INFO - [2024-04-08T08:35:26.492+0000] {dag.py:3047} INFO - Sync 1 DAGs
[2024-04-08T08:35:26.542+0000] {logging_mixin.py:188} INFO - [2024-04-08T08:35:26.542+0000] {dag.py:3834} INFO - Setting next_dagrun for example_setup_teardown to 2024-04-07 00:00:00+00:00, run_after=2024-04-08 00:00:00+00:00
[2024-04-08T08:35:26.583+0000] {processor.py:183} INFO - Processing /home/airflow/.local/lib/python3.8/site-packages/airflow/example_dags/example_setup_teardown.py took 0.141 seconds
[2024-04-08T08:35:57.246+0000] {processor.py:161} INFO - Started process (PID=4563) to work on /home/airflow/.local/lib/python3.8/site-packages/airflow/example_dags/example_setup_teardown.py
[2024-04-08T08:35:57.247+0000] {processor.py:830} INFO - Processing file /home/airflow/.local/lib/python3.8/site-packages/airflow/example_dags/example_setup_teardown.py for tasks to queue
[2024-04-08T08:35:57.248+0000] {logging_mixin.py:188} INFO - [2024-04-08T08:35:57.248+0000] {dagbag.py:540} INFO - Filling up the DagBag from /home/airflow/.local/lib/python3.8/site-packages/airflow/example_dags/example_setup_teardown.py
[2024-04-08T08:35:57.256+0000] {processor.py:840} INFO - DAG(s) 'example_setup_teardown' retrieved from /home/airflow/.local/lib/python3.8/site-packages/airflow/example_dags/example_setup_teardown.py
[2024-04-08T08:35:57.280+0000] {logging_mixin.py:188} INFO - [2024-04-08T08:35:57.280+0000] {dag.py:3047} INFO - Sync 1 DAGs
[2024-04-08T08:35:57.306+0000] {logging_mixin.py:188} INFO - [2024-04-08T08:35:57.305+0000] {dag.py:3834} INFO - Setting next_dagrun for example_setup_teardown to 2024-04-07 00:00:00+00:00, run_after=2024-04-08 00:00:00+00:00
[2024-04-08T08:35:57.333+0000] {processor.py:183} INFO - Processing /home/airflow/.local/lib/python3.8/site-packages/airflow/example_dags/example_setup_teardown.py took 0.090 seconds
[2024-04-08T08:36:27.566+0000] {processor.py:161} INFO - Started process (PID=4821) to work on /home/airflow/.local/lib/python3.8/site-packages/airflow/example_dags/example_setup_teardown.py
[2024-04-08T08:36:27.567+0000] {processor.py:830} INFO - Processing file /home/airflow/.local/lib/python3.8/site-packages/airflow/example_dags/example_setup_teardown.py for tasks to queue
[2024-04-08T08:36:27.568+0000] {logging_mixin.py:188} INFO - [2024-04-08T08:36:27.568+0000] {dagbag.py:540} INFO - Filling up the DagBag from /home/airflow/.local/lib/python3.8/site-packages/airflow/example_dags/example_setup_teardown.py
[2024-04-08T08:36:27.577+0000] {processor.py:840} INFO - DAG(s) 'example_setup_teardown' retrieved from /home/airflow/.local/lib/python3.8/site-packages/airflow/example_dags/example_setup_teardown.py
[2024-04-08T08:36:27.607+0000] {logging_mixin.py:188} INFO - [2024-04-08T08:36:27.607+0000] {dag.py:3047} INFO - Sync 1 DAGs
[2024-04-08T08:36:27.634+0000] {logging_mixin.py:188} INFO - [2024-04-08T08:36:27.633+0000] {dag.py:3834} INFO - Setting next_dagrun for example_setup_teardown to 2024-04-07 00:00:00+00:00, run_after=2024-04-08 00:00:00+00:00
[2024-04-08T08:36:27.672+0000] {processor.py:183} INFO - Processing /home/airflow/.local/lib/python3.8/site-packages/airflow/example_dags/example_setup_teardown.py took 0.110 seconds
[2024-04-08T08:36:57.883+0000] {processor.py:161} INFO - Started process (PID=5078) to work on /home/airflow/.local/lib/python3.8/site-packages/airflow/example_dags/example_setup_teardown.py
[2024-04-08T08:36:57.884+0000] {processor.py:830} INFO - Processing file /home/airflow/.local/lib/python3.8/site-packages/airflow/example_dags/example_setup_teardown.py for tasks to queue
[2024-04-08T08:36:57.885+0000] {logging_mixin.py:188} INFO - [2024-04-08T08:36:57.885+0000] {dagbag.py:540} INFO - Filling up the DagBag from /home/airflow/.local/lib/python3.8/site-packages/airflow/example_dags/example_setup_teardown.py
[2024-04-08T08:36:57.894+0000] {processor.py:840} INFO - DAG(s) 'example_setup_teardown' retrieved from /home/airflow/.local/lib/python3.8/site-packages/airflow/example_dags/example_setup_teardown.py
[2024-04-08T08:36:57.921+0000] {logging_mixin.py:188} INFO - [2024-04-08T08:36:57.921+0000] {dag.py:3047} INFO - Sync 1 DAGs
[2024-04-08T08:36:57.946+0000] {logging_mixin.py:188} INFO - [2024-04-08T08:36:57.946+0000] {dag.py:3834} INFO - Setting next_dagrun for example_setup_teardown to 2024-04-07 00:00:00+00:00, run_after=2024-04-08 00:00:00+00:00
[2024-04-08T08:36:57.972+0000] {processor.py:183} INFO - Processing /home/airflow/.local/lib/python3.8/site-packages/airflow/example_dags/example_setup_teardown.py took 0.093 seconds
[2024-04-08T08:37:28.368+0000] {processor.py:161} INFO - Started process (PID=5336) to work on /home/airflow/.local/lib/python3.8/site-packages/airflow/example_dags/example_setup_teardown.py
[2024-04-08T08:37:28.369+0000] {processor.py:830} INFO - Processing file /home/airflow/.local/lib/python3.8/site-packages/airflow/example_dags/example_setup_teardown.py for tasks to queue
[2024-04-08T08:37:28.370+0000] {logging_mixin.py:188} INFO - [2024-04-08T08:37:28.370+0000] {dagbag.py:540} INFO - Filling up the DagBag from /home/airflow/.local/lib/python3.8/site-packages/airflow/example_dags/example_setup_teardown.py
[2024-04-08T08:37:28.378+0000] {processor.py:840} INFO - DAG(s) 'example_setup_teardown' retrieved from /home/airflow/.local/lib/python3.8/site-packages/airflow/example_dags/example_setup_teardown.py
[2024-04-08T08:37:28.406+0000] {logging_mixin.py:188} INFO - [2024-04-08T08:37:28.405+0000] {dag.py:3047} INFO - Sync 1 DAGs
[2024-04-08T08:37:28.435+0000] {logging_mixin.py:188} INFO - [2024-04-08T08:37:28.435+0000] {dag.py:3834} INFO - Setting next_dagrun for example_setup_teardown to 2024-04-07 00:00:00+00:00, run_after=2024-04-08 00:00:00+00:00
[2024-04-08T08:37:28.465+0000] {processor.py:183} INFO - Processing /home/airflow/.local/lib/python3.8/site-packages/airflow/example_dags/example_setup_teardown.py took 0.100 seconds
[2024-04-08T08:37:59.008+0000] {processor.py:161} INFO - Started process (PID=5593) to work on /home/airflow/.local/lib/python3.8/site-packages/airflow/example_dags/example_setup_teardown.py
[2024-04-08T08:37:59.010+0000] {processor.py:830} INFO - Processing file /home/airflow/.local/lib/python3.8/site-packages/airflow/example_dags/example_setup_teardown.py for tasks to queue
[2024-04-08T08:37:59.011+0000] {logging_mixin.py:188} INFO - [2024-04-08T08:37:59.010+0000] {dagbag.py:540} INFO - Filling up the DagBag from /home/airflow/.local/lib/python3.8/site-packages/airflow/example_dags/example_setup_teardown.py
[2024-04-08T08:37:59.022+0000] {processor.py:840} INFO - DAG(s) 'example_setup_teardown' retrieved from /home/airflow/.local/lib/python3.8/site-packages/airflow/example_dags/example_setup_teardown.py
[2024-04-08T08:37:59.052+0000] {logging_mixin.py:188} INFO - [2024-04-08T08:37:59.052+0000] {dag.py:3047} INFO - Sync 1 DAGs
[2024-04-08T08:37:59.080+0000] {logging_mixin.py:188} INFO - [2024-04-08T08:37:59.080+0000] {dag.py:3834} INFO - Setting next_dagrun for example_setup_teardown to 2024-04-07 00:00:00+00:00, run_after=2024-04-08 00:00:00+00:00
[2024-04-08T08:37:59.107+0000] {processor.py:183} INFO - Processing /home/airflow/.local/lib/python3.8/site-packages/airflow/example_dags/example_setup_teardown.py took 0.102 seconds
[2024-04-08T08:38:29.557+0000] {processor.py:161} INFO - Started process (PID=5851) to work on /home/airflow/.local/lib/python3.8/site-packages/airflow/example_dags/example_setup_teardown.py
[2024-04-08T08:38:29.558+0000] {processor.py:830} INFO - Processing file /home/airflow/.local/lib/python3.8/site-packages/airflow/example_dags/example_setup_teardown.py for tasks to queue
[2024-04-08T08:38:29.559+0000] {logging_mixin.py:188} INFO - [2024-04-08T08:38:29.559+0000] {dagbag.py:540} INFO - Filling up the DagBag from /home/airflow/.local/lib/python3.8/site-packages/airflow/example_dags/example_setup_teardown.py
[2024-04-08T08:38:29.567+0000] {processor.py:840} INFO - DAG(s) 'example_setup_teardown' retrieved from /home/airflow/.local/lib/python3.8/site-packages/airflow/example_dags/example_setup_teardown.py
[2024-04-08T08:38:29.592+0000] {logging_mixin.py:188} INFO - [2024-04-08T08:38:29.592+0000] {dag.py:3047} INFO - Sync 1 DAGs
[2024-04-08T08:38:29.617+0000] {logging_mixin.py:188} INFO - [2024-04-08T08:38:29.617+0000] {dag.py:3834} INFO - Setting next_dagrun for example_setup_teardown to 2024-04-07 00:00:00+00:00, run_after=2024-04-08 00:00:00+00:00
[2024-04-08T08:38:29.641+0000] {processor.py:183} INFO - Processing /home/airflow/.local/lib/python3.8/site-packages/airflow/example_dags/example_setup_teardown.py took 0.086 seconds
[2024-04-08T08:39:00.134+0000] {processor.py:161} INFO - Started process (PID=6108) to work on /home/airflow/.local/lib/python3.8/site-packages/airflow/example_dags/example_setup_teardown.py
[2024-04-08T08:39:00.135+0000] {processor.py:830} INFO - Processing file /home/airflow/.local/lib/python3.8/site-packages/airflow/example_dags/example_setup_teardown.py for tasks to queue
[2024-04-08T08:39:00.136+0000] {logging_mixin.py:188} INFO - [2024-04-08T08:39:00.136+0000] {dagbag.py:540} INFO - Filling up the DagBag from /home/airflow/.local/lib/python3.8/site-packages/airflow/example_dags/example_setup_teardown.py
[2024-04-08T08:39:00.144+0000] {processor.py:840} INFO - DAG(s) 'example_setup_teardown' retrieved from /home/airflow/.local/lib/python3.8/site-packages/airflow/example_dags/example_setup_teardown.py
[2024-04-08T08:39:00.170+0000] {logging_mixin.py:188} INFO - [2024-04-08T08:39:00.170+0000] {dag.py:3047} INFO - Sync 1 DAGs
[2024-04-08T08:39:00.195+0000] {logging_mixin.py:188} INFO - [2024-04-08T08:39:00.195+0000] {dag.py:3834} INFO - Setting next_dagrun for example_setup_teardown to 2024-04-07 00:00:00+00:00, run_after=2024-04-08 00:00:00+00:00
[2024-04-08T08:39:00.220+0000] {processor.py:183} INFO - Processing /home/airflow/.local/lib/python3.8/site-packages/airflow/example_dags/example_setup_teardown.py took 0.089 seconds
[2024-04-08T08:39:30.731+0000] {processor.py:161} INFO - Started process (PID=6362) to work on /home/airflow/.local/lib/python3.8/site-packages/airflow/example_dags/example_setup_teardown.py
[2024-04-08T08:39:30.733+0000] {processor.py:830} INFO - Processing file /home/airflow/.local/lib/python3.8/site-packages/airflow/example_dags/example_setup_teardown.py for tasks to queue
[2024-04-08T08:39:30.734+0000] {logging_mixin.py:188} INFO - [2024-04-08T08:39:30.733+0000] {dagbag.py:540} INFO - Filling up the DagBag from /home/airflow/.local/lib/python3.8/site-packages/airflow/example_dags/example_setup_teardown.py
[2024-04-08T08:39:30.742+0000] {processor.py:840} INFO - DAG(s) 'example_setup_teardown' retrieved from /home/airflow/.local/lib/python3.8/site-packages/airflow/example_dags/example_setup_teardown.py
[2024-04-08T08:39:30.765+0000] {logging_mixin.py:188} INFO - [2024-04-08T08:39:30.765+0000] {dag.py:3047} INFO - Sync 1 DAGs
[2024-04-08T08:39:30.789+0000] {logging_mixin.py:188} INFO - [2024-04-08T08:39:30.789+0000] {dag.py:3834} INFO - Setting next_dagrun for example_setup_teardown to 2024-04-07 00:00:00+00:00, run_after=2024-04-08 00:00:00+00:00
[2024-04-08T08:39:30.813+0000] {processor.py:183} INFO - Processing /home/airflow/.local/lib/python3.8/site-packages/airflow/example_dags/example_setup_teardown.py took 0.085 seconds
[2024-04-08T08:40:01.211+0000] {processor.py:161} INFO - Started process (PID=6619) to work on /home/airflow/.local/lib/python3.8/site-packages/airflow/example_dags/example_setup_teardown.py
[2024-04-08T08:40:01.212+0000] {processor.py:830} INFO - Processing file /home/airflow/.local/lib/python3.8/site-packages/airflow/example_dags/example_setup_teardown.py for tasks to queue
[2024-04-08T08:40:01.213+0000] {logging_mixin.py:188} INFO - [2024-04-08T08:40:01.213+0000] {dagbag.py:540} INFO - Filling up the DagBag from /home/airflow/.local/lib/python3.8/site-packages/airflow/example_dags/example_setup_teardown.py
[2024-04-08T08:40:01.222+0000] {processor.py:840} INFO - DAG(s) 'example_setup_teardown' retrieved from /home/airflow/.local/lib/python3.8/site-packages/airflow/example_dags/example_setup_teardown.py
[2024-04-08T08:40:01.244+0000] {logging_mixin.py:188} INFO - [2024-04-08T08:40:01.244+0000] {dag.py:3047} INFO - Sync 1 DAGs
[2024-04-08T08:40:01.269+0000] {logging_mixin.py:188} INFO - [2024-04-08T08:40:01.269+0000] {dag.py:3834} INFO - Setting next_dagrun for example_setup_teardown to 2024-04-07 00:00:00+00:00, run_after=2024-04-08 00:00:00+00:00
[2024-04-08T08:40:01.295+0000] {processor.py:183} INFO - Processing /home/airflow/.local/lib/python3.8/site-packages/airflow/example_dags/example_setup_teardown.py took 0.089 seconds
[2024-04-08T08:40:31.690+0000] {processor.py:161} INFO - Started process (PID=6878) to work on /home/airflow/.local/lib/python3.8/site-packages/airflow/example_dags/example_setup_teardown.py
[2024-04-08T08:40:31.691+0000] {processor.py:830} INFO - Processing file /home/airflow/.local/lib/python3.8/site-packages/airflow/example_dags/example_setup_teardown.py for tasks to queue
[2024-04-08T08:40:31.692+0000] {logging_mixin.py:188} INFO - [2024-04-08T08:40:31.692+0000] {dagbag.py:540} INFO - Filling up the DagBag from /home/airflow/.local/lib/python3.8/site-packages/airflow/example_dags/example_setup_teardown.py
[2024-04-08T08:40:31.700+0000] {processor.py:840} INFO - DAG(s) 'example_setup_teardown' retrieved from /home/airflow/.local/lib/python3.8/site-packages/airflow/example_dags/example_setup_teardown.py
[2024-04-08T08:40:31.725+0000] {logging_mixin.py:188} INFO - [2024-04-08T08:40:31.725+0000] {dag.py:3047} INFO - Sync 1 DAGs
[2024-04-08T08:40:31.753+0000] {logging_mixin.py:188} INFO - [2024-04-08T08:40:31.753+0000] {dag.py:3834} INFO - Setting next_dagrun for example_setup_teardown to 2024-04-07 00:00:00+00:00, run_after=2024-04-08 00:00:00+00:00
[2024-04-08T08:40:31.779+0000] {processor.py:183} INFO - Processing /home/airflow/.local/lib/python3.8/site-packages/airflow/example_dags/example_setup_teardown.py took 0.092 seconds
[2024-04-08T08:41:02.171+0000] {processor.py:161} INFO - Started process (PID=7133) to work on /home/airflow/.local/lib/python3.8/site-packages/airflow/example_dags/example_setup_teardown.py
[2024-04-08T08:41:02.172+0000] {processor.py:830} INFO - Processing file /home/airflow/.local/lib/python3.8/site-packages/airflow/example_dags/example_setup_teardown.py for tasks to queue
[2024-04-08T08:41:02.173+0000] {logging_mixin.py:188} INFO - [2024-04-08T08:41:02.173+0000] {dagbag.py:540} INFO - Filling up the DagBag from /home/airflow/.local/lib/python3.8/site-packages/airflow/example_dags/example_setup_teardown.py
[2024-04-08T08:41:02.181+0000] {processor.py:840} INFO - DAG(s) 'example_setup_teardown' retrieved from /home/airflow/.local/lib/python3.8/site-packages/airflow/example_dags/example_setup_teardown.py
[2024-04-08T08:41:02.210+0000] {logging_mixin.py:188} INFO - [2024-04-08T08:41:02.210+0000] {dag.py:3047} INFO - Sync 1 DAGs
[2024-04-08T08:41:02.253+0000] {logging_mixin.py:188} INFO - [2024-04-08T08:41:02.252+0000] {dag.py:3834} INFO - Setting next_dagrun for example_setup_teardown to 2024-04-07 00:00:00+00:00, run_after=2024-04-08 00:00:00+00:00
[2024-04-08T08:41:02.302+0000] {processor.py:183} INFO - Processing /home/airflow/.local/lib/python3.8/site-packages/airflow/example_dags/example_setup_teardown.py took 0.134 seconds
[2024-04-08T08:41:32.573+0000] {processor.py:161} INFO - Started process (PID=7390) to work on /home/airflow/.local/lib/python3.8/site-packages/airflow/example_dags/example_setup_teardown.py
[2024-04-08T08:41:32.574+0000] {processor.py:830} INFO - Processing file /home/airflow/.local/lib/python3.8/site-packages/airflow/example_dags/example_setup_teardown.py for tasks to queue
[2024-04-08T08:41:32.575+0000] {logging_mixin.py:188} INFO - [2024-04-08T08:41:32.575+0000] {dagbag.py:540} INFO - Filling up the DagBag from /home/airflow/.local/lib/python3.8/site-packages/airflow/example_dags/example_setup_teardown.py
[2024-04-08T08:41:32.584+0000] {processor.py:840} INFO - DAG(s) 'example_setup_teardown' retrieved from /home/airflow/.local/lib/python3.8/site-packages/airflow/example_dags/example_setup_teardown.py
[2024-04-08T08:41:32.606+0000] {logging_mixin.py:188} INFO - [2024-04-08T08:41:32.606+0000] {dag.py:3047} INFO - Sync 1 DAGs
[2024-04-08T08:41:32.631+0000] {logging_mixin.py:188} INFO - [2024-04-08T08:41:32.631+0000] {dag.py:3834} INFO - Setting next_dagrun for example_setup_teardown to 2024-04-07 00:00:00+00:00, run_after=2024-04-08 00:00:00+00:00
[2024-04-08T08:41:32.660+0000] {processor.py:183} INFO - Processing /home/airflow/.local/lib/python3.8/site-packages/airflow/example_dags/example_setup_teardown.py took 0.090 seconds
[2024-04-08T08:42:02.870+0000] {processor.py:161} INFO - Started process (PID=7647) to work on /home/airflow/.local/lib/python3.8/site-packages/airflow/example_dags/example_setup_teardown.py
[2024-04-08T08:42:02.871+0000] {processor.py:830} INFO - Processing file /home/airflow/.local/lib/python3.8/site-packages/airflow/example_dags/example_setup_teardown.py for tasks to queue
[2024-04-08T08:42:02.872+0000] {logging_mixin.py:188} INFO - [2024-04-08T08:42:02.872+0000] {dagbag.py:540} INFO - Filling up the DagBag from /home/airflow/.local/lib/python3.8/site-packages/airflow/example_dags/example_setup_teardown.py
[2024-04-08T08:42:02.880+0000] {processor.py:840} INFO - DAG(s) 'example_setup_teardown' retrieved from /home/airflow/.local/lib/python3.8/site-packages/airflow/example_dags/example_setup_teardown.py
[2024-04-08T08:42:02.904+0000] {logging_mixin.py:188} INFO - [2024-04-08T08:42:02.904+0000] {dag.py:3047} INFO - Sync 1 DAGs
[2024-04-08T08:42:02.930+0000] {logging_mixin.py:188} INFO - [2024-04-08T08:42:02.930+0000] {dag.py:3834} INFO - Setting next_dagrun for example_setup_teardown to 2024-04-07 00:00:00+00:00, run_after=2024-04-08 00:00:00+00:00
[2024-04-08T08:42:02.956+0000] {processor.py:183} INFO - Processing /home/airflow/.local/lib/python3.8/site-packages/airflow/example_dags/example_setup_teardown.py took 0.090 seconds
[2024-04-08T08:42:33.287+0000] {processor.py:161} INFO - Started process (PID=7904) to work on /home/airflow/.local/lib/python3.8/site-packages/airflow/example_dags/example_setup_teardown.py
[2024-04-08T08:42:33.288+0000] {processor.py:830} INFO - Processing file /home/airflow/.local/lib/python3.8/site-packages/airflow/example_dags/example_setup_teardown.py for tasks to queue
[2024-04-08T08:42:33.289+0000] {logging_mixin.py:188} INFO - [2024-04-08T08:42:33.289+0000] {dagbag.py:540} INFO - Filling up the DagBag from /home/airflow/.local/lib/python3.8/site-packages/airflow/example_dags/example_setup_teardown.py
[2024-04-08T08:42:33.296+0000] {processor.py:840} INFO - DAG(s) 'example_setup_teardown' retrieved from /home/airflow/.local/lib/python3.8/site-packages/airflow/example_dags/example_setup_teardown.py
[2024-04-08T08:42:33.319+0000] {logging_mixin.py:188} INFO - [2024-04-08T08:42:33.319+0000] {dag.py:3047} INFO - Sync 1 DAGs
[2024-04-08T08:42:33.345+0000] {logging_mixin.py:188} INFO - [2024-04-08T08:42:33.345+0000] {dag.py:3834} INFO - Setting next_dagrun for example_setup_teardown to 2024-04-07 00:00:00+00:00, run_after=2024-04-08 00:00:00+00:00
[2024-04-08T08:42:33.368+0000] {processor.py:183} INFO - Processing /home/airflow/.local/lib/python3.8/site-packages/airflow/example_dags/example_setup_teardown.py took 0.086 seconds
[2024-04-08T08:43:03.663+0000] {processor.py:161} INFO - Started process (PID=8163) to work on /home/airflow/.local/lib/python3.8/site-packages/airflow/example_dags/example_setup_teardown.py
[2024-04-08T08:43:03.664+0000] {processor.py:830} INFO - Processing file /home/airflow/.local/lib/python3.8/site-packages/airflow/example_dags/example_setup_teardown.py for tasks to queue
[2024-04-08T08:43:03.665+0000] {logging_mixin.py:188} INFO - [2024-04-08T08:43:03.665+0000] {dagbag.py:540} INFO - Filling up the DagBag from /home/airflow/.local/lib/python3.8/site-packages/airflow/example_dags/example_setup_teardown.py
[2024-04-08T08:43:03.682+0000] {processor.py:840} INFO - DAG(s) 'example_setup_teardown' retrieved from /home/airflow/.local/lib/python3.8/site-packages/airflow/example_dags/example_setup_teardown.py
[2024-04-08T08:43:03.722+0000] {logging_mixin.py:188} INFO - [2024-04-08T08:43:03.722+0000] {dag.py:3047} INFO - Sync 1 DAGs
[2024-04-08T08:43:03.752+0000] {logging_mixin.py:188} INFO - [2024-04-08T08:43:03.752+0000] {dag.py:3834} INFO - Setting next_dagrun for example_setup_teardown to 2024-04-07 00:00:00+00:00, run_after=2024-04-08 00:00:00+00:00
[2024-04-08T08:43:03.779+0000] {processor.py:183} INFO - Processing /home/airflow/.local/lib/python3.8/site-packages/airflow/example_dags/example_setup_teardown.py took 0.123 seconds
[2024-04-08T08:43:34.131+0000] {processor.py:161} INFO - Started process (PID=8418) to work on /home/airflow/.local/lib/python3.8/site-packages/airflow/example_dags/example_setup_teardown.py
[2024-04-08T08:43:34.132+0000] {processor.py:830} INFO - Processing file /home/airflow/.local/lib/python3.8/site-packages/airflow/example_dags/example_setup_teardown.py for tasks to queue
[2024-04-08T08:43:34.133+0000] {logging_mixin.py:188} INFO - [2024-04-08T08:43:34.133+0000] {dagbag.py:540} INFO - Filling up the DagBag from /home/airflow/.local/lib/python3.8/site-packages/airflow/example_dags/example_setup_teardown.py
[2024-04-08T08:43:34.143+0000] {processor.py:840} INFO - DAG(s) 'example_setup_teardown' retrieved from /home/airflow/.local/lib/python3.8/site-packages/airflow/example_dags/example_setup_teardown.py
[2024-04-08T08:43:34.164+0000] {logging_mixin.py:188} INFO - [2024-04-08T08:43:34.164+0000] {dag.py:3047} INFO - Sync 1 DAGs
[2024-04-08T08:43:34.190+0000] {logging_mixin.py:188} INFO - [2024-04-08T08:43:34.189+0000] {dag.py:3834} INFO - Setting next_dagrun for example_setup_teardown to 2024-04-07 00:00:00+00:00, run_after=2024-04-08 00:00:00+00:00
[2024-04-08T08:43:34.218+0000] {processor.py:183} INFO - Processing /home/airflow/.local/lib/python3.8/site-packages/airflow/example_dags/example_setup_teardown.py took 0.092 seconds
[2024-04-08T08:44:04.690+0000] {processor.py:161} INFO - Started process (PID=8675) to work on /home/airflow/.local/lib/python3.8/site-packages/airflow/example_dags/example_setup_teardown.py
[2024-04-08T08:44:04.692+0000] {processor.py:830} INFO - Processing file /home/airflow/.local/lib/python3.8/site-packages/airflow/example_dags/example_setup_teardown.py for tasks to queue
[2024-04-08T08:44:04.693+0000] {logging_mixin.py:188} INFO - [2024-04-08T08:44:04.693+0000] {dagbag.py:540} INFO - Filling up the DagBag from /home/airflow/.local/lib/python3.8/site-packages/airflow/example_dags/example_setup_teardown.py
[2024-04-08T08:44:04.702+0000] {processor.py:840} INFO - DAG(s) 'example_setup_teardown' retrieved from /home/airflow/.local/lib/python3.8/site-packages/airflow/example_dags/example_setup_teardown.py
[2024-04-08T08:44:04.726+0000] {logging_mixin.py:188} INFO - [2024-04-08T08:44:04.726+0000] {dag.py:3047} INFO - Sync 1 DAGs
[2024-04-08T08:44:04.750+0000] {logging_mixin.py:188} INFO - [2024-04-08T08:44:04.750+0000] {dag.py:3834} INFO - Setting next_dagrun for example_setup_teardown to 2024-04-07 00:00:00+00:00, run_after=2024-04-08 00:00:00+00:00
[2024-04-08T08:44:04.777+0000] {processor.py:183} INFO - Processing /home/airflow/.local/lib/python3.8/site-packages/airflow/example_dags/example_setup_teardown.py took 0.090 seconds
[2024-04-08T08:44:35.370+0000] {processor.py:161} INFO - Started process (PID=8935) to work on /home/airflow/.local/lib/python3.8/site-packages/airflow/example_dags/example_setup_teardown.py
[2024-04-08T08:44:35.371+0000] {processor.py:830} INFO - Processing file /home/airflow/.local/lib/python3.8/site-packages/airflow/example_dags/example_setup_teardown.py for tasks to queue
[2024-04-08T08:44:35.372+0000] {logging_mixin.py:188} INFO - [2024-04-08T08:44:35.372+0000] {dagbag.py:540} INFO - Filling up the DagBag from /home/airflow/.local/lib/python3.8/site-packages/airflow/example_dags/example_setup_teardown.py
[2024-04-08T08:44:35.380+0000] {processor.py:840} INFO - DAG(s) 'example_setup_teardown' retrieved from /home/airflow/.local/lib/python3.8/site-packages/airflow/example_dags/example_setup_teardown.py
[2024-04-08T08:44:35.410+0000] {logging_mixin.py:188} INFO - [2024-04-08T08:44:35.410+0000] {dag.py:3047} INFO - Sync 1 DAGs
[2024-04-08T08:44:35.473+0000] {logging_mixin.py:188} INFO - [2024-04-08T08:44:35.473+0000] {dag.py:3834} INFO - Setting next_dagrun for example_setup_teardown to 2024-04-07 00:00:00+00:00, run_after=2024-04-08 00:00:00+00:00
[2024-04-08T08:44:35.499+0000] {processor.py:183} INFO - Processing /home/airflow/.local/lib/python3.8/site-packages/airflow/example_dags/example_setup_teardown.py took 0.132 seconds
[2024-04-08T08:45:05.689+0000] {processor.py:161} INFO - Started process (PID=9192) to work on /home/airflow/.local/lib/python3.8/site-packages/airflow/example_dags/example_setup_teardown.py
[2024-04-08T08:45:05.690+0000] {processor.py:830} INFO - Processing file /home/airflow/.local/lib/python3.8/site-packages/airflow/example_dags/example_setup_teardown.py for tasks to queue
[2024-04-08T08:45:05.691+0000] {logging_mixin.py:188} INFO - [2024-04-08T08:45:05.691+0000] {dagbag.py:540} INFO - Filling up the DagBag from /home/airflow/.local/lib/python3.8/site-packages/airflow/example_dags/example_setup_teardown.py
[2024-04-08T08:45:05.699+0000] {processor.py:840} INFO - DAG(s) 'example_setup_teardown' retrieved from /home/airflow/.local/lib/python3.8/site-packages/airflow/example_dags/example_setup_teardown.py
[2024-04-08T08:45:05.722+0000] {logging_mixin.py:188} INFO - [2024-04-08T08:45:05.722+0000] {dag.py:3047} INFO - Sync 1 DAGs
[2024-04-08T08:45:05.748+0000] {logging_mixin.py:188} INFO - [2024-04-08T08:45:05.748+0000] {dag.py:3834} INFO - Setting next_dagrun for example_setup_teardown to 2024-04-07 00:00:00+00:00, run_after=2024-04-08 00:00:00+00:00
[2024-04-08T08:45:05.773+0000] {processor.py:183} INFO - Processing /home/airflow/.local/lib/python3.8/site-packages/airflow/example_dags/example_setup_teardown.py took 0.088 seconds
[2024-04-08T08:45:36.079+0000] {processor.py:161} INFO - Started process (PID=9450) to work on /home/airflow/.local/lib/python3.8/site-packages/airflow/example_dags/example_setup_teardown.py
[2024-04-08T08:45:36.080+0000] {processor.py:830} INFO - Processing file /home/airflow/.local/lib/python3.8/site-packages/airflow/example_dags/example_setup_teardown.py for tasks to queue
[2024-04-08T08:45:36.081+0000] {logging_mixin.py:188} INFO - [2024-04-08T08:45:36.081+0000] {dagbag.py:540} INFO - Filling up the DagBag from /home/airflow/.local/lib/python3.8/site-packages/airflow/example_dags/example_setup_teardown.py
[2024-04-08T08:45:36.089+0000] {processor.py:840} INFO - DAG(s) 'example_setup_teardown' retrieved from /home/airflow/.local/lib/python3.8/site-packages/airflow/example_dags/example_setup_teardown.py
[2024-04-08T08:45:36.113+0000] {logging_mixin.py:188} INFO - [2024-04-08T08:45:36.113+0000] {dag.py:3047} INFO - Sync 1 DAGs
[2024-04-08T08:45:36.137+0000] {logging_mixin.py:188} INFO - [2024-04-08T08:45:36.136+0000] {dag.py:3834} INFO - Setting next_dagrun for example_setup_teardown to 2024-04-07 00:00:00+00:00, run_after=2024-04-08 00:00:00+00:00
[2024-04-08T08:45:36.162+0000] {processor.py:183} INFO - Processing /home/airflow/.local/lib/python3.8/site-packages/airflow/example_dags/example_setup_teardown.py took 0.087 seconds
[2024-04-08T08:46:06.372+0000] {processor.py:161} INFO - Started process (PID=9707) to work on /home/airflow/.local/lib/python3.8/site-packages/airflow/example_dags/example_setup_teardown.py
[2024-04-08T08:46:06.374+0000] {processor.py:830} INFO - Processing file /home/airflow/.local/lib/python3.8/site-packages/airflow/example_dags/example_setup_teardown.py for tasks to queue
[2024-04-08T08:46:06.375+0000] {logging_mixin.py:188} INFO - [2024-04-08T08:46:06.374+0000] {dagbag.py:540} INFO - Filling up the DagBag from /home/airflow/.local/lib/python3.8/site-packages/airflow/example_dags/example_setup_teardown.py
[2024-04-08T08:46:06.383+0000] {processor.py:840} INFO - DAG(s) 'example_setup_teardown' retrieved from /home/airflow/.local/lib/python3.8/site-packages/airflow/example_dags/example_setup_teardown.py
[2024-04-08T08:46:06.406+0000] {logging_mixin.py:188} INFO - [2024-04-08T08:46:06.406+0000] {dag.py:3047} INFO - Sync 1 DAGs
[2024-04-08T08:46:06.430+0000] {logging_mixin.py:188} INFO - [2024-04-08T08:46:06.430+0000] {dag.py:3834} INFO - Setting next_dagrun for example_setup_teardown to 2024-04-07 00:00:00+00:00, run_after=2024-04-08 00:00:00+00:00
[2024-04-08T08:46:06.455+0000] {processor.py:183} INFO - Processing /home/airflow/.local/lib/python3.8/site-packages/airflow/example_dags/example_setup_teardown.py took 0.086 seconds
[2024-04-08T08:46:36.736+0000] {processor.py:161} INFO - Started process (PID=9964) to work on /home/airflow/.local/lib/python3.8/site-packages/airflow/example_dags/example_setup_teardown.py
[2024-04-08T08:46:36.737+0000] {processor.py:830} INFO - Processing file /home/airflow/.local/lib/python3.8/site-packages/airflow/example_dags/example_setup_teardown.py for tasks to queue
[2024-04-08T08:46:36.738+0000] {logging_mixin.py:188} INFO - [2024-04-08T08:46:36.737+0000] {dagbag.py:540} INFO - Filling up the DagBag from /home/airflow/.local/lib/python3.8/site-packages/airflow/example_dags/example_setup_teardown.py
[2024-04-08T08:46:36.746+0000] {processor.py:840} INFO - DAG(s) 'example_setup_teardown' retrieved from /home/airflow/.local/lib/python3.8/site-packages/airflow/example_dags/example_setup_teardown.py
[2024-04-08T08:46:36.771+0000] {logging_mixin.py:188} INFO - [2024-04-08T08:46:36.771+0000] {dag.py:3047} INFO - Sync 1 DAGs
[2024-04-08T08:46:36.796+0000] {logging_mixin.py:188} INFO - [2024-04-08T08:46:36.796+0000] {dag.py:3834} INFO - Setting next_dagrun for example_setup_teardown to 2024-04-07 00:00:00+00:00, run_after=2024-04-08 00:00:00+00:00
[2024-04-08T08:46:36.819+0000] {processor.py:183} INFO - Processing /home/airflow/.local/lib/python3.8/site-packages/airflow/example_dags/example_setup_teardown.py took 0.087 seconds
[2024-04-08T08:47:07.345+0000] {processor.py:161} INFO - Started process (PID=10221) to work on /home/airflow/.local/lib/python3.8/site-packages/airflow/example_dags/example_setup_teardown.py
[2024-04-08T08:47:07.346+0000] {processor.py:830} INFO - Processing file /home/airflow/.local/lib/python3.8/site-packages/airflow/example_dags/example_setup_teardown.py for tasks to queue
[2024-04-08T08:47:07.347+0000] {logging_mixin.py:188} INFO - [2024-04-08T08:47:07.347+0000] {dagbag.py:540} INFO - Filling up the DagBag from /home/airflow/.local/lib/python3.8/site-packages/airflow/example_dags/example_setup_teardown.py
[2024-04-08T08:47:07.353+0000] {processor.py:840} INFO - DAG(s) 'example_setup_teardown' retrieved from /home/airflow/.local/lib/python3.8/site-packages/airflow/example_dags/example_setup_teardown.py
[2024-04-08T08:47:07.376+0000] {logging_mixin.py:188} INFO - [2024-04-08T08:47:07.376+0000] {dag.py:3047} INFO - Sync 1 DAGs
[2024-04-08T08:47:07.408+0000] {logging_mixin.py:188} INFO - [2024-04-08T08:47:07.408+0000] {dag.py:3834} INFO - Setting next_dagrun for example_setup_teardown to 2024-04-07 00:00:00+00:00, run_after=2024-04-08 00:00:00+00:00
[2024-04-08T08:47:07.434+0000] {processor.py:183} INFO - Processing /home/airflow/.local/lib/python3.8/site-packages/airflow/example_dags/example_setup_teardown.py took 0.093 seconds
[2024-04-08T08:47:37.582+0000] {processor.py:161} INFO - Started process (PID=10480) to work on /home/airflow/.local/lib/python3.8/site-packages/airflow/example_dags/example_setup_teardown.py
[2024-04-08T08:47:37.583+0000] {processor.py:830} INFO - Processing file /home/airflow/.local/lib/python3.8/site-packages/airflow/example_dags/example_setup_teardown.py for tasks to queue
[2024-04-08T08:47:37.584+0000] {logging_mixin.py:188} INFO - [2024-04-08T08:47:37.584+0000] {dagbag.py:540} INFO - Filling up the DagBag from /home/airflow/.local/lib/python3.8/site-packages/airflow/example_dags/example_setup_teardown.py
[2024-04-08T08:47:37.590+0000] {processor.py:840} INFO - DAG(s) 'example_setup_teardown' retrieved from /home/airflow/.local/lib/python3.8/site-packages/airflow/example_dags/example_setup_teardown.py
[2024-04-08T08:47:37.607+0000] {logging_mixin.py:188} INFO - [2024-04-08T08:47:37.606+0000] {dag.py:3047} INFO - Sync 1 DAGs
[2024-04-08T08:47:37.624+0000] {logging_mixin.py:188} INFO - [2024-04-08T08:47:37.623+0000] {dag.py:3834} INFO - Setting next_dagrun for example_setup_teardown to 2024-04-07 00:00:00+00:00, run_after=2024-04-08 00:00:00+00:00
[2024-04-08T08:47:37.642+0000] {processor.py:183} INFO - Processing /home/airflow/.local/lib/python3.8/site-packages/airflow/example_dags/example_setup_teardown.py took 0.062 seconds
[2024-04-08T08:48:07.691+0000] {processor.py:161} INFO - Started process (PID=10737) to work on /home/airflow/.local/lib/python3.8/site-packages/airflow/example_dags/example_setup_teardown.py
[2024-04-08T08:48:07.692+0000] {processor.py:830} INFO - Processing file /home/airflow/.local/lib/python3.8/site-packages/airflow/example_dags/example_setup_teardown.py for tasks to queue
[2024-04-08T08:48:07.692+0000] {logging_mixin.py:188} INFO - [2024-04-08T08:48:07.692+0000] {dagbag.py:540} INFO - Filling up the DagBag from /home/airflow/.local/lib/python3.8/site-packages/airflow/example_dags/example_setup_teardown.py
[2024-04-08T08:48:07.698+0000] {processor.py:840} INFO - DAG(s) 'example_setup_teardown' retrieved from /home/airflow/.local/lib/python3.8/site-packages/airflow/example_dags/example_setup_teardown.py
[2024-04-08T08:48:07.715+0000] {logging_mixin.py:188} INFO - [2024-04-08T08:48:07.715+0000] {dag.py:3047} INFO - Sync 1 DAGs
[2024-04-08T08:48:07.734+0000] {logging_mixin.py:188} INFO - [2024-04-08T08:48:07.734+0000] {dag.py:3834} INFO - Setting next_dagrun for example_setup_teardown to 2024-04-07 00:00:00+00:00, run_after=2024-04-08 00:00:00+00:00
[2024-04-08T08:48:07.753+0000] {processor.py:183} INFO - Processing /home/airflow/.local/lib/python3.8/site-packages/airflow/example_dags/example_setup_teardown.py took 0.064 seconds
[2024-04-08T08:48:38.156+0000] {processor.py:161} INFO - Started process (PID=10992) to work on /home/airflow/.local/lib/python3.8/site-packages/airflow/example_dags/example_setup_teardown.py
[2024-04-08T08:48:38.157+0000] {processor.py:830} INFO - Processing file /home/airflow/.local/lib/python3.8/site-packages/airflow/example_dags/example_setup_teardown.py for tasks to queue
[2024-04-08T08:48:38.158+0000] {logging_mixin.py:188} INFO - [2024-04-08T08:48:38.157+0000] {dagbag.py:540} INFO - Filling up the DagBag from /home/airflow/.local/lib/python3.8/site-packages/airflow/example_dags/example_setup_teardown.py
[2024-04-08T08:48:38.166+0000] {processor.py:840} INFO - DAG(s) 'example_setup_teardown' retrieved from /home/airflow/.local/lib/python3.8/site-packages/airflow/example_dags/example_setup_teardown.py
[2024-04-08T08:48:38.190+0000] {logging_mixin.py:188} INFO - [2024-04-08T08:48:38.189+0000] {dag.py:3047} INFO - Sync 1 DAGs
[2024-04-08T08:48:38.213+0000] {logging_mixin.py:188} INFO - [2024-04-08T08:48:38.212+0000] {dag.py:3834} INFO - Setting next_dagrun for example_setup_teardown to 2024-04-07 00:00:00+00:00, run_after=2024-04-08 00:00:00+00:00
[2024-04-08T08:48:38.233+0000] {processor.py:183} INFO - Processing /home/airflow/.local/lib/python3.8/site-packages/airflow/example_dags/example_setup_teardown.py took 0.081 seconds
[2024-04-08T08:49:08.635+0000] {processor.py:161} INFO - Started process (PID=11251) to work on /home/airflow/.local/lib/python3.8/site-packages/airflow/example_dags/example_setup_teardown.py
[2024-04-08T08:49:08.636+0000] {processor.py:830} INFO - Processing file /home/airflow/.local/lib/python3.8/site-packages/airflow/example_dags/example_setup_teardown.py for tasks to queue
[2024-04-08T08:49:08.637+0000] {logging_mixin.py:188} INFO - [2024-04-08T08:49:08.637+0000] {dagbag.py:540} INFO - Filling up the DagBag from /home/airflow/.local/lib/python3.8/site-packages/airflow/example_dags/example_setup_teardown.py
[2024-04-08T08:49:08.646+0000] {processor.py:840} INFO - DAG(s) 'example_setup_teardown' retrieved from /home/airflow/.local/lib/python3.8/site-packages/airflow/example_dags/example_setup_teardown.py
[2024-04-08T08:49:08.669+0000] {logging_mixin.py:188} INFO - [2024-04-08T08:49:08.669+0000] {dag.py:3047} INFO - Sync 1 DAGs
[2024-04-08T08:49:08.694+0000] {logging_mixin.py:188} INFO - [2024-04-08T08:49:08.694+0000] {dag.py:3834} INFO - Setting next_dagrun for example_setup_teardown to 2024-04-07 00:00:00+00:00, run_after=2024-04-08 00:00:00+00:00
[2024-04-08T08:49:08.716+0000] {processor.py:183} INFO - Processing /home/airflow/.local/lib/python3.8/site-packages/airflow/example_dags/example_setup_teardown.py took 0.085 seconds
[2024-04-08T08:49:38.991+0000] {processor.py:161} INFO - Started process (PID=11506) to work on /home/airflow/.local/lib/python3.8/site-packages/airflow/example_dags/example_setup_teardown.py
[2024-04-08T08:49:38.993+0000] {processor.py:830} INFO - Processing file /home/airflow/.local/lib/python3.8/site-packages/airflow/example_dags/example_setup_teardown.py for tasks to queue
[2024-04-08T08:49:38.994+0000] {logging_mixin.py:188} INFO - [2024-04-08T08:49:38.994+0000] {dagbag.py:540} INFO - Filling up the DagBag from /home/airflow/.local/lib/python3.8/site-packages/airflow/example_dags/example_setup_teardown.py
[2024-04-08T08:49:39.003+0000] {processor.py:840} INFO - DAG(s) 'example_setup_teardown' retrieved from /home/airflow/.local/lib/python3.8/site-packages/airflow/example_dags/example_setup_teardown.py
[2024-04-08T08:49:39.025+0000] {logging_mixin.py:188} INFO - [2024-04-08T08:49:39.024+0000] {dag.py:3047} INFO - Sync 1 DAGs
[2024-04-08T08:49:39.049+0000] {logging_mixin.py:188} INFO - [2024-04-08T08:49:39.049+0000] {dag.py:3834} INFO - Setting next_dagrun for example_setup_teardown to 2024-04-07 00:00:00+00:00, run_after=2024-04-08 00:00:00+00:00
[2024-04-08T08:49:39.068+0000] {processor.py:183} INFO - Processing /home/airflow/.local/lib/python3.8/site-packages/airflow/example_dags/example_setup_teardown.py took 0.080 seconds
[2024-04-08T08:50:09.609+0000] {processor.py:161} INFO - Started process (PID=11764) to work on /home/airflow/.local/lib/python3.8/site-packages/airflow/example_dags/example_setup_teardown.py
[2024-04-08T08:50:09.610+0000] {processor.py:830} INFO - Processing file /home/airflow/.local/lib/python3.8/site-packages/airflow/example_dags/example_setup_teardown.py for tasks to queue
[2024-04-08T08:50:09.611+0000] {logging_mixin.py:188} INFO - [2024-04-08T08:50:09.610+0000] {dagbag.py:540} INFO - Filling up the DagBag from /home/airflow/.local/lib/python3.8/site-packages/airflow/example_dags/example_setup_teardown.py
[2024-04-08T08:50:09.618+0000] {processor.py:840} INFO - DAG(s) 'example_setup_teardown' retrieved from /home/airflow/.local/lib/python3.8/site-packages/airflow/example_dags/example_setup_teardown.py
[2024-04-08T08:50:09.640+0000] {logging_mixin.py:188} INFO - [2024-04-08T08:50:09.640+0000] {dag.py:3047} INFO - Sync 1 DAGs
[2024-04-08T08:50:09.660+0000] {logging_mixin.py:188} INFO - [2024-04-08T08:50:09.660+0000] {dag.py:3834} INFO - Setting next_dagrun for example_setup_teardown to 2024-04-07 00:00:00+00:00, run_after=2024-04-08 00:00:00+00:00
[2024-04-08T08:50:09.678+0000] {processor.py:183} INFO - Processing /home/airflow/.local/lib/python3.8/site-packages/airflow/example_dags/example_setup_teardown.py took 0.074 seconds
[2024-04-08T08:50:40.053+0000] {processor.py:161} INFO - Started process (PID=12020) to work on /home/airflow/.local/lib/python3.8/site-packages/airflow/example_dags/example_setup_teardown.py
[2024-04-08T08:50:40.055+0000] {processor.py:830} INFO - Processing file /home/airflow/.local/lib/python3.8/site-packages/airflow/example_dags/example_setup_teardown.py for tasks to queue
[2024-04-08T08:50:40.056+0000] {logging_mixin.py:188} INFO - [2024-04-08T08:50:40.055+0000] {dagbag.py:540} INFO - Filling up the DagBag from /home/airflow/.local/lib/python3.8/site-packages/airflow/example_dags/example_setup_teardown.py
[2024-04-08T08:50:40.064+0000] {processor.py:840} INFO - DAG(s) 'example_setup_teardown' retrieved from /home/airflow/.local/lib/python3.8/site-packages/airflow/example_dags/example_setup_teardown.py
[2024-04-08T08:50:40.086+0000] {logging_mixin.py:188} INFO - [2024-04-08T08:50:40.086+0000] {dag.py:3047} INFO - Sync 1 DAGs
[2024-04-08T08:50:40.109+0000] {logging_mixin.py:188} INFO - [2024-04-08T08:50:40.109+0000] {dag.py:3834} INFO - Setting next_dagrun for example_setup_teardown to 2024-04-07 00:00:00+00:00, run_after=2024-04-08 00:00:00+00:00
[2024-04-08T08:50:40.130+0000] {processor.py:183} INFO - Processing /home/airflow/.local/lib/python3.8/site-packages/airflow/example_dags/example_setup_teardown.py took 0.080 seconds
[2024-04-08T08:51:10.541+0000] {processor.py:161} INFO - Started process (PID=12280) to work on /home/airflow/.local/lib/python3.8/site-packages/airflow/example_dags/example_setup_teardown.py
[2024-04-08T08:51:10.542+0000] {processor.py:830} INFO - Processing file /home/airflow/.local/lib/python3.8/site-packages/airflow/example_dags/example_setup_teardown.py for tasks to queue
[2024-04-08T08:51:10.543+0000] {logging_mixin.py:188} INFO - [2024-04-08T08:51:10.543+0000] {dagbag.py:540} INFO - Filling up the DagBag from /home/airflow/.local/lib/python3.8/site-packages/airflow/example_dags/example_setup_teardown.py
[2024-04-08T08:51:10.548+0000] {processor.py:840} INFO - DAG(s) 'example_setup_teardown' retrieved from /home/airflow/.local/lib/python3.8/site-packages/airflow/example_dags/example_setup_teardown.py
[2024-04-08T08:51:10.572+0000] {logging_mixin.py:188} INFO - [2024-04-08T08:51:10.571+0000] {dag.py:3047} INFO - Sync 1 DAGs
[2024-04-08T08:51:10.590+0000] {logging_mixin.py:188} INFO - [2024-04-08T08:51:10.590+0000] {dag.py:3834} INFO - Setting next_dagrun for example_setup_teardown to 2024-04-07 00:00:00+00:00, run_after=2024-04-08 00:00:00+00:00
[2024-04-08T08:51:10.610+0000] {processor.py:183} INFO - Processing /home/airflow/.local/lib/python3.8/site-packages/airflow/example_dags/example_setup_teardown.py took 0.071 seconds
[2024-04-08T08:51:40.994+0000] {processor.py:161} INFO - Started process (PID=12536) to work on /home/airflow/.local/lib/python3.8/site-packages/airflow/example_dags/example_setup_teardown.py
[2024-04-08T08:51:40.996+0000] {processor.py:830} INFO - Processing file /home/airflow/.local/lib/python3.8/site-packages/airflow/example_dags/example_setup_teardown.py for tasks to queue
[2024-04-08T08:51:40.997+0000] {logging_mixin.py:188} INFO - [2024-04-08T08:51:40.997+0000] {dagbag.py:540} INFO - Filling up the DagBag from /home/airflow/.local/lib/python3.8/site-packages/airflow/example_dags/example_setup_teardown.py
[2024-04-08T08:51:41.016+0000] {processor.py:840} INFO - DAG(s) 'example_setup_teardown' retrieved from /home/airflow/.local/lib/python3.8/site-packages/airflow/example_dags/example_setup_teardown.py
[2024-04-08T08:51:41.042+0000] {logging_mixin.py:188} INFO - [2024-04-08T08:51:41.041+0000] {dag.py:3047} INFO - Sync 1 DAGs
[2024-04-08T08:51:41.070+0000] {logging_mixin.py:188} INFO - [2024-04-08T08:51:41.070+0000] {dag.py:3834} INFO - Setting next_dagrun for example_setup_teardown to 2024-04-07 00:00:00+00:00, run_after=2024-04-08 00:00:00+00:00
[2024-04-08T08:51:41.103+0000] {processor.py:183} INFO - Processing /home/airflow/.local/lib/python3.8/site-packages/airflow/example_dags/example_setup_teardown.py took 0.116 seconds
[2024-04-08T08:52:11.473+0000] {processor.py:161} INFO - Started process (PID=12799) to work on /home/airflow/.local/lib/python3.8/site-packages/airflow/example_dags/example_setup_teardown.py
[2024-04-08T08:52:11.474+0000] {processor.py:830} INFO - Processing file /home/airflow/.local/lib/python3.8/site-packages/airflow/example_dags/example_setup_teardown.py for tasks to queue
[2024-04-08T08:52:11.475+0000] {logging_mixin.py:188} INFO - [2024-04-08T08:52:11.475+0000] {dagbag.py:540} INFO - Filling up the DagBag from /home/airflow/.local/lib/python3.8/site-packages/airflow/example_dags/example_setup_teardown.py
[2024-04-08T08:52:11.482+0000] {processor.py:840} INFO - DAG(s) 'example_setup_teardown' retrieved from /home/airflow/.local/lib/python3.8/site-packages/airflow/example_dags/example_setup_teardown.py
[2024-04-08T08:52:11.504+0000] {logging_mixin.py:188} INFO - [2024-04-08T08:52:11.504+0000] {dag.py:3047} INFO - Sync 1 DAGs
[2024-04-08T08:52:11.524+0000] {logging_mixin.py:188} INFO - [2024-04-08T08:52:11.524+0000] {dag.py:3834} INFO - Setting next_dagrun for example_setup_teardown to 2024-04-07 00:00:00+00:00, run_after=2024-04-08 00:00:00+00:00
[2024-04-08T08:52:11.543+0000] {processor.py:183} INFO - Processing /home/airflow/.local/lib/python3.8/site-packages/airflow/example_dags/example_setup_teardown.py took 0.074 seconds
[2024-04-08T08:52:41.888+0000] {processor.py:161} INFO - Started process (PID=13056) to work on /home/airflow/.local/lib/python3.8/site-packages/airflow/example_dags/example_setup_teardown.py
[2024-04-08T08:52:41.889+0000] {processor.py:830} INFO - Processing file /home/airflow/.local/lib/python3.8/site-packages/airflow/example_dags/example_setup_teardown.py for tasks to queue
[2024-04-08T08:52:41.890+0000] {logging_mixin.py:188} INFO - [2024-04-08T08:52:41.889+0000] {dagbag.py:540} INFO - Filling up the DagBag from /home/airflow/.local/lib/python3.8/site-packages/airflow/example_dags/example_setup_teardown.py
[2024-04-08T08:52:41.898+0000] {processor.py:840} INFO - DAG(s) 'example_setup_teardown' retrieved from /home/airflow/.local/lib/python3.8/site-packages/airflow/example_dags/example_setup_teardown.py
[2024-04-08T08:52:41.922+0000] {logging_mixin.py:188} INFO - [2024-04-08T08:52:41.922+0000] {dag.py:3047} INFO - Sync 1 DAGs
[2024-04-08T08:52:41.947+0000] {logging_mixin.py:188} INFO - [2024-04-08T08:52:41.947+0000] {dag.py:3834} INFO - Setting next_dagrun for example_setup_teardown to 2024-04-07 00:00:00+00:00, run_after=2024-04-08 00:00:00+00:00
[2024-04-08T08:52:41.968+0000] {processor.py:183} INFO - Processing /home/airflow/.local/lib/python3.8/site-packages/airflow/example_dags/example_setup_teardown.py took 0.084 seconds
[2024-04-08T08:53:12.523+0000] {processor.py:161} INFO - Started process (PID=13315) to work on /home/airflow/.local/lib/python3.8/site-packages/airflow/example_dags/example_setup_teardown.py
[2024-04-08T08:53:12.524+0000] {processor.py:830} INFO - Processing file /home/airflow/.local/lib/python3.8/site-packages/airflow/example_dags/example_setup_teardown.py for tasks to queue
[2024-04-08T08:53:12.525+0000] {logging_mixin.py:188} INFO - [2024-04-08T08:53:12.524+0000] {dagbag.py:540} INFO - Filling up the DagBag from /home/airflow/.local/lib/python3.8/site-packages/airflow/example_dags/example_setup_teardown.py
[2024-04-08T08:53:12.530+0000] {processor.py:840} INFO - DAG(s) 'example_setup_teardown' retrieved from /home/airflow/.local/lib/python3.8/site-packages/airflow/example_dags/example_setup_teardown.py
[2024-04-08T08:53:12.547+0000] {logging_mixin.py:188} INFO - [2024-04-08T08:53:12.547+0000] {dag.py:3047} INFO - Sync 1 DAGs
[2024-04-08T08:53:12.564+0000] {logging_mixin.py:188} INFO - [2024-04-08T08:53:12.564+0000] {dag.py:3834} INFO - Setting next_dagrun for example_setup_teardown to 2024-04-07 00:00:00+00:00, run_after=2024-04-08 00:00:00+00:00
[2024-04-08T08:53:12.582+0000] {processor.py:183} INFO - Processing /home/airflow/.local/lib/python3.8/site-packages/airflow/example_dags/example_setup_teardown.py took 0.062 seconds
[2024-04-08T08:53:42.800+0000] {processor.py:161} INFO - Started process (PID=13570) to work on /home/airflow/.local/lib/python3.8/site-packages/airflow/example_dags/example_setup_teardown.py
[2024-04-08T08:53:42.801+0000] {processor.py:830} INFO - Processing file /home/airflow/.local/lib/python3.8/site-packages/airflow/example_dags/example_setup_teardown.py for tasks to queue
[2024-04-08T08:53:42.802+0000] {logging_mixin.py:188} INFO - [2024-04-08T08:53:42.802+0000] {dagbag.py:540} INFO - Filling up the DagBag from /home/airflow/.local/lib/python3.8/site-packages/airflow/example_dags/example_setup_teardown.py
[2024-04-08T08:53:42.811+0000] {processor.py:840} INFO - DAG(s) 'example_setup_teardown' retrieved from /home/airflow/.local/lib/python3.8/site-packages/airflow/example_dags/example_setup_teardown.py
[2024-04-08T08:53:42.835+0000] {logging_mixin.py:188} INFO - [2024-04-08T08:53:42.835+0000] {dag.py:3047} INFO - Sync 1 DAGs
[2024-04-08T08:53:42.859+0000] {logging_mixin.py:188} INFO - [2024-04-08T08:53:42.859+0000] {dag.py:3834} INFO - Setting next_dagrun for example_setup_teardown to 2024-04-07 00:00:00+00:00, run_after=2024-04-08 00:00:00+00:00
[2024-04-08T08:53:42.879+0000] {processor.py:183} INFO - Processing /home/airflow/.local/lib/python3.8/site-packages/airflow/example_dags/example_setup_teardown.py took 0.083 seconds
[2024-04-08T08:54:13.353+0000] {processor.py:161} INFO - Started process (PID=13828) to work on /home/airflow/.local/lib/python3.8/site-packages/airflow/example_dags/example_setup_teardown.py
[2024-04-08T08:54:13.355+0000] {processor.py:830} INFO - Processing file /home/airflow/.local/lib/python3.8/site-packages/airflow/example_dags/example_setup_teardown.py for tasks to queue
[2024-04-08T08:54:13.357+0000] {logging_mixin.py:188} INFO - [2024-04-08T08:54:13.356+0000] {dagbag.py:540} INFO - Filling up the DagBag from /home/airflow/.local/lib/python3.8/site-packages/airflow/example_dags/example_setup_teardown.py
[2024-04-08T08:54:13.365+0000] {processor.py:840} INFO - DAG(s) 'example_setup_teardown' retrieved from /home/airflow/.local/lib/python3.8/site-packages/airflow/example_dags/example_setup_teardown.py
[2024-04-08T08:54:13.388+0000] {logging_mixin.py:188} INFO - [2024-04-08T08:54:13.388+0000] {dag.py:3047} INFO - Sync 1 DAGs
[2024-04-08T08:54:13.413+0000] {logging_mixin.py:188} INFO - [2024-04-08T08:54:13.413+0000] {dag.py:3834} INFO - Setting next_dagrun for example_setup_teardown to 2024-04-07 00:00:00+00:00, run_after=2024-04-08 00:00:00+00:00
[2024-04-08T08:54:13.433+0000] {processor.py:183} INFO - Processing /home/airflow/.local/lib/python3.8/site-packages/airflow/example_dags/example_setup_teardown.py took 0.084 seconds
[2024-04-08T08:54:43.793+0000] {processor.py:161} INFO - Started process (PID=14086) to work on /home/airflow/.local/lib/python3.8/site-packages/airflow/example_dags/example_setup_teardown.py
[2024-04-08T08:54:43.795+0000] {processor.py:830} INFO - Processing file /home/airflow/.local/lib/python3.8/site-packages/airflow/example_dags/example_setup_teardown.py for tasks to queue
[2024-04-08T08:54:43.796+0000] {logging_mixin.py:188} INFO - [2024-04-08T08:54:43.796+0000] {dagbag.py:540} INFO - Filling up the DagBag from /home/airflow/.local/lib/python3.8/site-packages/airflow/example_dags/example_setup_teardown.py
[2024-04-08T08:54:43.804+0000] {processor.py:840} INFO - DAG(s) 'example_setup_teardown' retrieved from /home/airflow/.local/lib/python3.8/site-packages/airflow/example_dags/example_setup_teardown.py
[2024-04-08T08:54:43.826+0000] {logging_mixin.py:188} INFO - [2024-04-08T08:54:43.826+0000] {dag.py:3047} INFO - Sync 1 DAGs
[2024-04-08T08:54:43.847+0000] {logging_mixin.py:188} INFO - [2024-04-08T08:54:43.847+0000] {dag.py:3834} INFO - Setting next_dagrun for example_setup_teardown to 2024-04-07 00:00:00+00:00, run_after=2024-04-08 00:00:00+00:00
[2024-04-08T08:54:43.866+0000] {processor.py:183} INFO - Processing /home/airflow/.local/lib/python3.8/site-packages/airflow/example_dags/example_setup_teardown.py took 0.077 seconds
[2024-04-08T08:55:14.114+0000] {processor.py:161} INFO - Started process (PID=14344) to work on /home/airflow/.local/lib/python3.8/site-packages/airflow/example_dags/example_setup_teardown.py
[2024-04-08T08:55:14.115+0000] {processor.py:830} INFO - Processing file /home/airflow/.local/lib/python3.8/site-packages/airflow/example_dags/example_setup_teardown.py for tasks to queue
[2024-04-08T08:55:14.116+0000] {logging_mixin.py:188} INFO - [2024-04-08T08:55:14.115+0000] {dagbag.py:540} INFO - Filling up the DagBag from /home/airflow/.local/lib/python3.8/site-packages/airflow/example_dags/example_setup_teardown.py
[2024-04-08T08:55:14.124+0000] {processor.py:840} INFO - DAG(s) 'example_setup_teardown' retrieved from /home/airflow/.local/lib/python3.8/site-packages/airflow/example_dags/example_setup_teardown.py
[2024-04-08T08:55:14.149+0000] {logging_mixin.py:188} INFO - [2024-04-08T08:55:14.149+0000] {dag.py:3047} INFO - Sync 1 DAGs
[2024-04-08T08:55:14.172+0000] {logging_mixin.py:188} INFO - [2024-04-08T08:55:14.172+0000] {dag.py:3834} INFO - Setting next_dagrun for example_setup_teardown to 2024-04-07 00:00:00+00:00, run_after=2024-04-08 00:00:00+00:00
[2024-04-08T08:55:14.193+0000] {processor.py:183} INFO - Processing /home/airflow/.local/lib/python3.8/site-packages/airflow/example_dags/example_setup_teardown.py took 0.083 seconds
[2024-04-08T08:55:44.507+0000] {processor.py:161} INFO - Started process (PID=14602) to work on /home/airflow/.local/lib/python3.8/site-packages/airflow/example_dags/example_setup_teardown.py
[2024-04-08T08:55:44.508+0000] {processor.py:830} INFO - Processing file /home/airflow/.local/lib/python3.8/site-packages/airflow/example_dags/example_setup_teardown.py for tasks to queue
[2024-04-08T08:55:44.509+0000] {logging_mixin.py:188} INFO - [2024-04-08T08:55:44.509+0000] {dagbag.py:540} INFO - Filling up the DagBag from /home/airflow/.local/lib/python3.8/site-packages/airflow/example_dags/example_setup_teardown.py
[2024-04-08T08:55:44.519+0000] {processor.py:840} INFO - DAG(s) 'example_setup_teardown' retrieved from /home/airflow/.local/lib/python3.8/site-packages/airflow/example_dags/example_setup_teardown.py
[2024-04-08T08:55:44.543+0000] {logging_mixin.py:188} INFO - [2024-04-08T08:55:44.543+0000] {dag.py:3047} INFO - Sync 1 DAGs
[2024-04-08T08:55:44.568+0000] {logging_mixin.py:188} INFO - [2024-04-08T08:55:44.568+0000] {dag.py:3834} INFO - Setting next_dagrun for example_setup_teardown to 2024-04-07 00:00:00+00:00, run_after=2024-04-08 00:00:00+00:00
[2024-04-08T08:55:44.589+0000] {processor.py:183} INFO - Processing /home/airflow/.local/lib/python3.8/site-packages/airflow/example_dags/example_setup_teardown.py took 0.086 seconds
[2024-04-08T08:56:14.804+0000] {processor.py:161} INFO - Started process (PID=14860) to work on /home/airflow/.local/lib/python3.8/site-packages/airflow/example_dags/example_setup_teardown.py
[2024-04-08T08:56:14.805+0000] {processor.py:830} INFO - Processing file /home/airflow/.local/lib/python3.8/site-packages/airflow/example_dags/example_setup_teardown.py for tasks to queue
[2024-04-08T08:56:14.806+0000] {logging_mixin.py:188} INFO - [2024-04-08T08:56:14.806+0000] {dagbag.py:540} INFO - Filling up the DagBag from /home/airflow/.local/lib/python3.8/site-packages/airflow/example_dags/example_setup_teardown.py
[2024-04-08T08:56:14.814+0000] {processor.py:840} INFO - DAG(s) 'example_setup_teardown' retrieved from /home/airflow/.local/lib/python3.8/site-packages/airflow/example_dags/example_setup_teardown.py
[2024-04-08T08:56:14.837+0000] {logging_mixin.py:188} INFO - [2024-04-08T08:56:14.837+0000] {dag.py:3047} INFO - Sync 1 DAGs
[2024-04-08T08:56:14.862+0000] {logging_mixin.py:188} INFO - [2024-04-08T08:56:14.862+0000] {dag.py:3834} INFO - Setting next_dagrun for example_setup_teardown to 2024-04-07 00:00:00+00:00, run_after=2024-04-08 00:00:00+00:00
[2024-04-08T08:56:14.884+0000] {processor.py:183} INFO - Processing /home/airflow/.local/lib/python3.8/site-packages/airflow/example_dags/example_setup_teardown.py took 0.084 seconds
[2024-04-08T08:56:45.268+0000] {processor.py:161} INFO - Started process (PID=15117) to work on /home/airflow/.local/lib/python3.8/site-packages/airflow/example_dags/example_setup_teardown.py
[2024-04-08T08:56:45.271+0000] {processor.py:830} INFO - Processing file /home/airflow/.local/lib/python3.8/site-packages/airflow/example_dags/example_setup_teardown.py for tasks to queue
[2024-04-08T08:56:45.272+0000] {logging_mixin.py:188} INFO - [2024-04-08T08:56:45.272+0000] {dagbag.py:540} INFO - Filling up the DagBag from /home/airflow/.local/lib/python3.8/site-packages/airflow/example_dags/example_setup_teardown.py
[2024-04-08T08:56:45.282+0000] {processor.py:840} INFO - DAG(s) 'example_setup_teardown' retrieved from /home/airflow/.local/lib/python3.8/site-packages/airflow/example_dags/example_setup_teardown.py
[2024-04-08T08:56:45.307+0000] {logging_mixin.py:188} INFO - [2024-04-08T08:56:45.306+0000] {dag.py:3047} INFO - Sync 1 DAGs
[2024-04-08T08:56:45.327+0000] {logging_mixin.py:188} INFO - [2024-04-08T08:56:45.326+0000] {dag.py:3834} INFO - Setting next_dagrun for example_setup_teardown to 2024-04-07 00:00:00+00:00, run_after=2024-04-08 00:00:00+00:00
[2024-04-08T08:56:45.345+0000] {processor.py:183} INFO - Processing /home/airflow/.local/lib/python3.8/site-packages/airflow/example_dags/example_setup_teardown.py took 0.081 seconds
