[2024-04-08T08:27:23.352+0000] {processor.py:161} INFO - Started process (PID=375) to work on /home/airflow/.local/lib/python3.8/site-packages/airflow/example_dags/example_trigger_target_dag.py
[2024-04-08T08:27:23.356+0000] {processor.py:830} INFO - Processing file /home/airflow/.local/lib/python3.8/site-packages/airflow/example_dags/example_trigger_target_dag.py for tasks to queue
[2024-04-08T08:27:23.358+0000] {logging_mixin.py:188} INFO - [2024-04-08T08:27:23.358+0000] {dagbag.py:540} INFO - Filling up the DagBag from /home/airflow/.local/lib/python3.8/site-packages/airflow/example_dags/example_trigger_target_dag.py
[2024-04-08T08:27:23.378+0000] {processor.py:840} INFO - DAG(s) 'example_trigger_target_dag' retrieved from /home/airflow/.local/lib/python3.8/site-packages/airflow/example_dags/example_trigger_target_dag.py
[2024-04-08T08:27:23.413+0000] {logging_mixin.py:188} INFO - [2024-04-08T08:27:23.413+0000] {dag.py:3047} INFO - Sync 1 DAGs
[2024-04-08T08:27:23.433+0000] {logging_mixin.py:188} INFO - [2024-04-08T08:27:23.433+0000] {dag.py:3834} INFO - Setting next_dagrun for example_trigger_target_dag to None, run_after=None
[2024-04-08T08:27:23.464+0000] {processor.py:183} INFO - Processing /home/airflow/.local/lib/python3.8/site-packages/airflow/example_dags/example_trigger_target_dag.py took 0.122 seconds
[2024-04-08T08:27:54.513+0000] {processor.py:161} INFO - Started process (PID=634) to work on /home/airflow/.local/lib/python3.8/site-packages/airflow/example_dags/example_trigger_target_dag.py
[2024-04-08T08:27:54.518+0000] {processor.py:830} INFO - Processing file /home/airflow/.local/lib/python3.8/site-packages/airflow/example_dags/example_trigger_target_dag.py for tasks to queue
[2024-04-08T08:27:54.519+0000] {logging_mixin.py:188} INFO - [2024-04-08T08:27:54.518+0000] {dagbag.py:540} INFO - Filling up the DagBag from /home/airflow/.local/lib/python3.8/site-packages/airflow/example_dags/example_trigger_target_dag.py
[2024-04-08T08:27:54.528+0000] {processor.py:840} INFO - DAG(s) 'example_trigger_target_dag' retrieved from /home/airflow/.local/lib/python3.8/site-packages/airflow/example_dags/example_trigger_target_dag.py
[2024-04-08T08:27:54.554+0000] {logging_mixin.py:188} INFO - [2024-04-08T08:27:54.554+0000] {dag.py:3047} INFO - Sync 1 DAGs
[2024-04-08T08:27:54.570+0000] {logging_mixin.py:188} INFO - [2024-04-08T08:27:54.570+0000] {dag.py:3834} INFO - Setting next_dagrun for example_trigger_target_dag to None, run_after=None
[2024-04-08T08:27:54.601+0000] {processor.py:183} INFO - Processing /home/airflow/.local/lib/python3.8/site-packages/airflow/example_dags/example_trigger_target_dag.py took 0.092 seconds
[2024-04-08T08:28:25.140+0000] {processor.py:161} INFO - Started process (PID=890) to work on /home/airflow/.local/lib/python3.8/site-packages/airflow/example_dags/example_trigger_target_dag.py
[2024-04-08T08:28:25.141+0000] {processor.py:830} INFO - Processing file /home/airflow/.local/lib/python3.8/site-packages/airflow/example_dags/example_trigger_target_dag.py for tasks to queue
[2024-04-08T08:28:25.142+0000] {logging_mixin.py:188} INFO - [2024-04-08T08:28:25.142+0000] {dagbag.py:540} INFO - Filling up the DagBag from /home/airflow/.local/lib/python3.8/site-packages/airflow/example_dags/example_trigger_target_dag.py
[2024-04-08T08:28:25.148+0000] {processor.py:840} INFO - DAG(s) 'example_trigger_target_dag' retrieved from /home/airflow/.local/lib/python3.8/site-packages/airflow/example_dags/example_trigger_target_dag.py
[2024-04-08T08:28:25.186+0000] {logging_mixin.py:188} INFO - [2024-04-08T08:28:25.186+0000] {dag.py:3047} INFO - Sync 1 DAGs
[2024-04-08T08:28:25.203+0000] {logging_mixin.py:188} INFO - [2024-04-08T08:28:25.203+0000] {dag.py:3834} INFO - Setting next_dagrun for example_trigger_target_dag to None, run_after=None
[2024-04-08T08:28:25.229+0000] {processor.py:183} INFO - Processing /home/airflow/.local/lib/python3.8/site-packages/airflow/example_dags/example_trigger_target_dag.py took 0.093 seconds
[2024-04-08T08:28:55.718+0000] {processor.py:161} INFO - Started process (PID=1148) to work on /home/airflow/.local/lib/python3.8/site-packages/airflow/example_dags/example_trigger_target_dag.py
[2024-04-08T08:28:55.720+0000] {processor.py:830} INFO - Processing file /home/airflow/.local/lib/python3.8/site-packages/airflow/example_dags/example_trigger_target_dag.py for tasks to queue
[2024-04-08T08:28:55.721+0000] {logging_mixin.py:188} INFO - [2024-04-08T08:28:55.721+0000] {dagbag.py:540} INFO - Filling up the DagBag from /home/airflow/.local/lib/python3.8/site-packages/airflow/example_dags/example_trigger_target_dag.py
[2024-04-08T08:28:55.728+0000] {processor.py:840} INFO - DAG(s) 'example_trigger_target_dag' retrieved from /home/airflow/.local/lib/python3.8/site-packages/airflow/example_dags/example_trigger_target_dag.py
[2024-04-08T08:28:55.750+0000] {logging_mixin.py:188} INFO - [2024-04-08T08:28:55.749+0000] {dag.py:3047} INFO - Sync 1 DAGs
[2024-04-08T08:28:55.765+0000] {logging_mixin.py:188} INFO - [2024-04-08T08:28:55.765+0000] {dag.py:3834} INFO - Setting next_dagrun for example_trigger_target_dag to None, run_after=None
[2024-04-08T08:28:55.796+0000] {processor.py:183} INFO - Processing /home/airflow/.local/lib/python3.8/site-packages/airflow/example_dags/example_trigger_target_dag.py took 0.082 seconds
[2024-04-08T08:29:26.165+0000] {processor.py:161} INFO - Started process (PID=1406) to work on /home/airflow/.local/lib/python3.8/site-packages/airflow/example_dags/example_trigger_target_dag.py
[2024-04-08T08:29:26.165+0000] {processor.py:830} INFO - Processing file /home/airflow/.local/lib/python3.8/site-packages/airflow/example_dags/example_trigger_target_dag.py for tasks to queue
[2024-04-08T08:29:26.167+0000] {logging_mixin.py:188} INFO - [2024-04-08T08:29:26.166+0000] {dagbag.py:540} INFO - Filling up the DagBag from /home/airflow/.local/lib/python3.8/site-packages/airflow/example_dags/example_trigger_target_dag.py
[2024-04-08T08:29:26.173+0000] {processor.py:840} INFO - DAG(s) 'example_trigger_target_dag' retrieved from /home/airflow/.local/lib/python3.8/site-packages/airflow/example_dags/example_trigger_target_dag.py
[2024-04-08T08:29:26.195+0000] {logging_mixin.py:188} INFO - [2024-04-08T08:29:26.195+0000] {dag.py:3047} INFO - Sync 1 DAGs
[2024-04-08T08:29:26.210+0000] {logging_mixin.py:188} INFO - [2024-04-08T08:29:26.210+0000] {dag.py:3834} INFO - Setting next_dagrun for example_trigger_target_dag to None, run_after=None
[2024-04-08T08:29:26.238+0000] {processor.py:183} INFO - Processing /home/airflow/.local/lib/python3.8/site-packages/airflow/example_dags/example_trigger_target_dag.py took 0.077 seconds
[2024-04-08T08:29:56.678+0000] {processor.py:161} INFO - Started process (PID=1663) to work on /home/airflow/.local/lib/python3.8/site-packages/airflow/example_dags/example_trigger_target_dag.py
[2024-04-08T08:29:56.679+0000] {processor.py:830} INFO - Processing file /home/airflow/.local/lib/python3.8/site-packages/airflow/example_dags/example_trigger_target_dag.py for tasks to queue
[2024-04-08T08:29:56.680+0000] {logging_mixin.py:188} INFO - [2024-04-08T08:29:56.680+0000] {dagbag.py:540} INFO - Filling up the DagBag from /home/airflow/.local/lib/python3.8/site-packages/airflow/example_dags/example_trigger_target_dag.py
[2024-04-08T08:29:56.687+0000] {processor.py:840} INFO - DAG(s) 'example_trigger_target_dag' retrieved from /home/airflow/.local/lib/python3.8/site-packages/airflow/example_dags/example_trigger_target_dag.py
[2024-04-08T08:29:56.709+0000] {logging_mixin.py:188} INFO - [2024-04-08T08:29:56.709+0000] {dag.py:3047} INFO - Sync 1 DAGs
[2024-04-08T08:29:56.722+0000] {logging_mixin.py:188} INFO - [2024-04-08T08:29:56.722+0000] {dag.py:3834} INFO - Setting next_dagrun for example_trigger_target_dag to None, run_after=None
[2024-04-08T08:29:56.746+0000] {processor.py:183} INFO - Processing /home/airflow/.local/lib/python3.8/site-packages/airflow/example_dags/example_trigger_target_dag.py took 0.072 seconds
[2024-04-08T08:30:27.591+0000] {processor.py:161} INFO - Started process (PID=1921) to work on /home/airflow/.local/lib/python3.8/site-packages/airflow/example_dags/example_trigger_target_dag.py
[2024-04-08T08:30:27.592+0000] {processor.py:830} INFO - Processing file /home/airflow/.local/lib/python3.8/site-packages/airflow/example_dags/example_trigger_target_dag.py for tasks to queue
[2024-04-08T08:30:27.593+0000] {logging_mixin.py:188} INFO - [2024-04-08T08:30:27.593+0000] {dagbag.py:540} INFO - Filling up the DagBag from /home/airflow/.local/lib/python3.8/site-packages/airflow/example_dags/example_trigger_target_dag.py
[2024-04-08T08:30:27.601+0000] {processor.py:840} INFO - DAG(s) 'example_trigger_target_dag' retrieved from /home/airflow/.local/lib/python3.8/site-packages/airflow/example_dags/example_trigger_target_dag.py
[2024-04-08T08:30:27.641+0000] {logging_mixin.py:188} INFO - [2024-04-08T08:30:27.641+0000] {dag.py:3047} INFO - Sync 1 DAGs
[2024-04-08T08:30:27.662+0000] {logging_mixin.py:188} INFO - [2024-04-08T08:30:27.662+0000] {dag.py:3834} INFO - Setting next_dagrun for example_trigger_target_dag to None, run_after=None
[2024-04-08T08:30:27.699+0000] {processor.py:183} INFO - Processing /home/airflow/.local/lib/python3.8/site-packages/airflow/example_dags/example_trigger_target_dag.py took 0.115 seconds
[2024-04-08T08:30:58.250+0000] {processor.py:161} INFO - Started process (PID=2178) to work on /home/airflow/.local/lib/python3.8/site-packages/airflow/example_dags/example_trigger_target_dag.py
[2024-04-08T08:30:58.251+0000] {processor.py:830} INFO - Processing file /home/airflow/.local/lib/python3.8/site-packages/airflow/example_dags/example_trigger_target_dag.py for tasks to queue
[2024-04-08T08:30:58.252+0000] {logging_mixin.py:188} INFO - [2024-04-08T08:30:58.252+0000] {dagbag.py:540} INFO - Filling up the DagBag from /home/airflow/.local/lib/python3.8/site-packages/airflow/example_dags/example_trigger_target_dag.py
[2024-04-08T08:30:58.259+0000] {processor.py:840} INFO - DAG(s) 'example_trigger_target_dag' retrieved from /home/airflow/.local/lib/python3.8/site-packages/airflow/example_dags/example_trigger_target_dag.py
[2024-04-08T08:30:58.281+0000] {logging_mixin.py:188} INFO - [2024-04-08T08:30:58.281+0000] {dag.py:3047} INFO - Sync 1 DAGs
[2024-04-08T08:30:58.294+0000] {logging_mixin.py:188} INFO - [2024-04-08T08:30:58.293+0000] {dag.py:3834} INFO - Setting next_dagrun for example_trigger_target_dag to None, run_after=None
[2024-04-08T08:30:58.318+0000] {processor.py:183} INFO - Processing /home/airflow/.local/lib/python3.8/site-packages/airflow/example_dags/example_trigger_target_dag.py took 0.071 seconds
[2024-04-08T08:31:28.826+0000] {processor.py:161} INFO - Started process (PID=2437) to work on /home/airflow/.local/lib/python3.8/site-packages/airflow/example_dags/example_trigger_target_dag.py
[2024-04-08T08:31:28.827+0000] {processor.py:830} INFO - Processing file /home/airflow/.local/lib/python3.8/site-packages/airflow/example_dags/example_trigger_target_dag.py for tasks to queue
[2024-04-08T08:31:28.827+0000] {logging_mixin.py:188} INFO - [2024-04-08T08:31:28.827+0000] {dagbag.py:540} INFO - Filling up the DagBag from /home/airflow/.local/lib/python3.8/site-packages/airflow/example_dags/example_trigger_target_dag.py
[2024-04-08T08:31:28.834+0000] {processor.py:840} INFO - DAG(s) 'example_trigger_target_dag' retrieved from /home/airflow/.local/lib/python3.8/site-packages/airflow/example_dags/example_trigger_target_dag.py
[2024-04-08T08:31:28.856+0000] {logging_mixin.py:188} INFO - [2024-04-08T08:31:28.856+0000] {dag.py:3047} INFO - Sync 1 DAGs
[2024-04-08T08:31:28.871+0000] {logging_mixin.py:188} INFO - [2024-04-08T08:31:28.871+0000] {dag.py:3834} INFO - Setting next_dagrun for example_trigger_target_dag to None, run_after=None
[2024-04-08T08:31:28.895+0000] {processor.py:183} INFO - Processing /home/airflow/.local/lib/python3.8/site-packages/airflow/example_dags/example_trigger_target_dag.py took 0.073 seconds
[2024-04-08T08:31:59.373+0000] {processor.py:161} INFO - Started process (PID=2692) to work on /home/airflow/.local/lib/python3.8/site-packages/airflow/example_dags/example_trigger_target_dag.py
[2024-04-08T08:31:59.374+0000] {processor.py:830} INFO - Processing file /home/airflow/.local/lib/python3.8/site-packages/airflow/example_dags/example_trigger_target_dag.py for tasks to queue
[2024-04-08T08:31:59.375+0000] {logging_mixin.py:188} INFO - [2024-04-08T08:31:59.374+0000] {dagbag.py:540} INFO - Filling up the DagBag from /home/airflow/.local/lib/python3.8/site-packages/airflow/example_dags/example_trigger_target_dag.py
[2024-04-08T08:31:59.381+0000] {processor.py:840} INFO - DAG(s) 'example_trigger_target_dag' retrieved from /home/airflow/.local/lib/python3.8/site-packages/airflow/example_dags/example_trigger_target_dag.py
[2024-04-08T08:31:59.408+0000] {logging_mixin.py:188} INFO - [2024-04-08T08:31:59.408+0000] {dag.py:3047} INFO - Sync 1 DAGs
[2024-04-08T08:31:59.422+0000] {logging_mixin.py:188} INFO - [2024-04-08T08:31:59.421+0000] {dag.py:3834} INFO - Setting next_dagrun for example_trigger_target_dag to None, run_after=None
[2024-04-08T08:31:59.447+0000] {processor.py:183} INFO - Processing /home/airflow/.local/lib/python3.8/site-packages/airflow/example_dags/example_trigger_target_dag.py took 0.078 seconds
[2024-04-08T08:32:30.586+0000] {processor.py:161} INFO - Started process (PID=2949) to work on /home/airflow/.local/lib/python3.8/site-packages/airflow/example_dags/example_trigger_target_dag.py
[2024-04-08T08:32:30.588+0000] {processor.py:830} INFO - Processing file /home/airflow/.local/lib/python3.8/site-packages/airflow/example_dags/example_trigger_target_dag.py for tasks to queue
[2024-04-08T08:32:30.593+0000] {logging_mixin.py:188} INFO - [2024-04-08T08:32:30.592+0000] {dagbag.py:540} INFO - Filling up the DagBag from /home/airflow/.local/lib/python3.8/site-packages/airflow/example_dags/example_trigger_target_dag.py
[2024-04-08T08:32:30.600+0000] {processor.py:840} INFO - DAG(s) 'example_trigger_target_dag' retrieved from /home/airflow/.local/lib/python3.8/site-packages/airflow/example_dags/example_trigger_target_dag.py
[2024-04-08T08:32:30.637+0000] {logging_mixin.py:188} INFO - [2024-04-08T08:32:30.637+0000] {dag.py:3047} INFO - Sync 1 DAGs
[2024-04-08T08:32:30.657+0000] {logging_mixin.py:188} INFO - [2024-04-08T08:32:30.656+0000] {dag.py:3834} INFO - Setting next_dagrun for example_trigger_target_dag to None, run_after=None
[2024-04-08T08:32:30.717+0000] {processor.py:183} INFO - Processing /home/airflow/.local/lib/python3.8/site-packages/airflow/example_dags/example_trigger_target_dag.py took 0.135 seconds
[2024-04-08T08:33:01.022+0000] {processor.py:161} INFO - Started process (PID=3206) to work on /home/airflow/.local/lib/python3.8/site-packages/airflow/example_dags/example_trigger_target_dag.py
[2024-04-08T08:33:01.023+0000] {processor.py:830} INFO - Processing file /home/airflow/.local/lib/python3.8/site-packages/airflow/example_dags/example_trigger_target_dag.py for tasks to queue
[2024-04-08T08:33:01.024+0000] {logging_mixin.py:188} INFO - [2024-04-08T08:33:01.024+0000] {dagbag.py:540} INFO - Filling up the DagBag from /home/airflow/.local/lib/python3.8/site-packages/airflow/example_dags/example_trigger_target_dag.py
[2024-04-08T08:33:01.031+0000] {processor.py:840} INFO - DAG(s) 'example_trigger_target_dag' retrieved from /home/airflow/.local/lib/python3.8/site-packages/airflow/example_dags/example_trigger_target_dag.py
[2024-04-08T08:33:01.052+0000] {logging_mixin.py:188} INFO - [2024-04-08T08:33:01.052+0000] {dag.py:3047} INFO - Sync 1 DAGs
[2024-04-08T08:33:01.067+0000] {logging_mixin.py:188} INFO - [2024-04-08T08:33:01.066+0000] {dag.py:3834} INFO - Setting next_dagrun for example_trigger_target_dag to None, run_after=None
[2024-04-08T08:33:01.108+0000] {processor.py:183} INFO - Processing /home/airflow/.local/lib/python3.8/site-packages/airflow/example_dags/example_trigger_target_dag.py took 0.090 seconds
[2024-04-08T08:33:31.539+0000] {processor.py:161} INFO - Started process (PID=3463) to work on /home/airflow/.local/lib/python3.8/site-packages/airflow/example_dags/example_trigger_target_dag.py
[2024-04-08T08:33:31.540+0000] {processor.py:830} INFO - Processing file /home/airflow/.local/lib/python3.8/site-packages/airflow/example_dags/example_trigger_target_dag.py for tasks to queue
[2024-04-08T08:33:31.541+0000] {logging_mixin.py:188} INFO - [2024-04-08T08:33:31.541+0000] {dagbag.py:540} INFO - Filling up the DagBag from /home/airflow/.local/lib/python3.8/site-packages/airflow/example_dags/example_trigger_target_dag.py
[2024-04-08T08:33:31.548+0000] {processor.py:840} INFO - DAG(s) 'example_trigger_target_dag' retrieved from /home/airflow/.local/lib/python3.8/site-packages/airflow/example_dags/example_trigger_target_dag.py
[2024-04-08T08:33:31.571+0000] {logging_mixin.py:188} INFO - [2024-04-08T08:33:31.570+0000] {dag.py:3047} INFO - Sync 1 DAGs
[2024-04-08T08:33:31.587+0000] {logging_mixin.py:188} INFO - [2024-04-08T08:33:31.587+0000] {dag.py:3834} INFO - Setting next_dagrun for example_trigger_target_dag to None, run_after=None
[2024-04-08T08:33:31.612+0000] {processor.py:183} INFO - Processing /home/airflow/.local/lib/python3.8/site-packages/airflow/example_dags/example_trigger_target_dag.py took 0.077 seconds
[2024-04-08T08:34:01.946+0000] {processor.py:161} INFO - Started process (PID=3720) to work on /home/airflow/.local/lib/python3.8/site-packages/airflow/example_dags/example_trigger_target_dag.py
[2024-04-08T08:34:01.948+0000] {processor.py:830} INFO - Processing file /home/airflow/.local/lib/python3.8/site-packages/airflow/example_dags/example_trigger_target_dag.py for tasks to queue
[2024-04-08T08:34:01.949+0000] {logging_mixin.py:188} INFO - [2024-04-08T08:34:01.949+0000] {dagbag.py:540} INFO - Filling up the DagBag from /home/airflow/.local/lib/python3.8/site-packages/airflow/example_dags/example_trigger_target_dag.py
[2024-04-08T08:34:01.954+0000] {processor.py:840} INFO - DAG(s) 'example_trigger_target_dag' retrieved from /home/airflow/.local/lib/python3.8/site-packages/airflow/example_dags/example_trigger_target_dag.py
[2024-04-08T08:34:01.976+0000] {logging_mixin.py:188} INFO - [2024-04-08T08:34:01.976+0000] {dag.py:3047} INFO - Sync 1 DAGs
[2024-04-08T08:34:01.990+0000] {logging_mixin.py:188} INFO - [2024-04-08T08:34:01.990+0000] {dag.py:3834} INFO - Setting next_dagrun for example_trigger_target_dag to None, run_after=None
[2024-04-08T08:34:02.013+0000] {processor.py:183} INFO - Processing /home/airflow/.local/lib/python3.8/site-packages/airflow/example_dags/example_trigger_target_dag.py took 0.071 seconds
[2024-04-08T08:34:32.149+0000] {processor.py:161} INFO - Started process (PID=3976) to work on /home/airflow/.local/lib/python3.8/site-packages/airflow/example_dags/example_trigger_target_dag.py
[2024-04-08T08:34:32.150+0000] {processor.py:830} INFO - Processing file /home/airflow/.local/lib/python3.8/site-packages/airflow/example_dags/example_trigger_target_dag.py for tasks to queue
[2024-04-08T08:34:32.151+0000] {logging_mixin.py:188} INFO - [2024-04-08T08:34:32.151+0000] {dagbag.py:540} INFO - Filling up the DagBag from /home/airflow/.local/lib/python3.8/site-packages/airflow/example_dags/example_trigger_target_dag.py
[2024-04-08T08:34:32.158+0000] {processor.py:840} INFO - DAG(s) 'example_trigger_target_dag' retrieved from /home/airflow/.local/lib/python3.8/site-packages/airflow/example_dags/example_trigger_target_dag.py
[2024-04-08T08:34:32.180+0000] {logging_mixin.py:188} INFO - [2024-04-08T08:34:32.180+0000] {dag.py:3047} INFO - Sync 1 DAGs
[2024-04-08T08:34:32.194+0000] {logging_mixin.py:188} INFO - [2024-04-08T08:34:32.194+0000] {dag.py:3834} INFO - Setting next_dagrun for example_trigger_target_dag to None, run_after=None
[2024-04-08T08:34:32.216+0000] {processor.py:183} INFO - Processing /home/airflow/.local/lib/python3.8/site-packages/airflow/example_dags/example_trigger_target_dag.py took 0.071 seconds
[2024-04-08T08:35:02.607+0000] {processor.py:161} INFO - Started process (PID=4233) to work on /home/airflow/.local/lib/python3.8/site-packages/airflow/example_dags/example_trigger_target_dag.py
[2024-04-08T08:35:02.608+0000] {processor.py:830} INFO - Processing file /home/airflow/.local/lib/python3.8/site-packages/airflow/example_dags/example_trigger_target_dag.py for tasks to queue
[2024-04-08T08:35:02.609+0000] {logging_mixin.py:188} INFO - [2024-04-08T08:35:02.609+0000] {dagbag.py:540} INFO - Filling up the DagBag from /home/airflow/.local/lib/python3.8/site-packages/airflow/example_dags/example_trigger_target_dag.py
[2024-04-08T08:35:02.616+0000] {processor.py:840} INFO - DAG(s) 'example_trigger_target_dag' retrieved from /home/airflow/.local/lib/python3.8/site-packages/airflow/example_dags/example_trigger_target_dag.py
[2024-04-08T08:35:02.637+0000] {logging_mixin.py:188} INFO - [2024-04-08T08:35:02.637+0000] {dag.py:3047} INFO - Sync 1 DAGs
[2024-04-08T08:35:02.651+0000] {logging_mixin.py:188} INFO - [2024-04-08T08:35:02.651+0000] {dag.py:3834} INFO - Setting next_dagrun for example_trigger_target_dag to None, run_after=None
[2024-04-08T08:35:02.676+0000] {processor.py:183} INFO - Processing /home/airflow/.local/lib/python3.8/site-packages/airflow/example_dags/example_trigger_target_dag.py took 0.073 seconds
[2024-04-08T08:35:33.303+0000] {processor.py:161} INFO - Started process (PID=4491) to work on /home/airflow/.local/lib/python3.8/site-packages/airflow/example_dags/example_trigger_target_dag.py
[2024-04-08T08:35:33.304+0000] {processor.py:830} INFO - Processing file /home/airflow/.local/lib/python3.8/site-packages/airflow/example_dags/example_trigger_target_dag.py for tasks to queue
[2024-04-08T08:35:33.305+0000] {logging_mixin.py:188} INFO - [2024-04-08T08:35:33.305+0000] {dagbag.py:540} INFO - Filling up the DagBag from /home/airflow/.local/lib/python3.8/site-packages/airflow/example_dags/example_trigger_target_dag.py
[2024-04-08T08:35:33.313+0000] {processor.py:840} INFO - DAG(s) 'example_trigger_target_dag' retrieved from /home/airflow/.local/lib/python3.8/site-packages/airflow/example_dags/example_trigger_target_dag.py
[2024-04-08T08:35:33.337+0000] {logging_mixin.py:188} INFO - [2024-04-08T08:35:33.336+0000] {dag.py:3047} INFO - Sync 1 DAGs
[2024-04-08T08:35:33.351+0000] {logging_mixin.py:188} INFO - [2024-04-08T08:35:33.351+0000] {dag.py:3834} INFO - Setting next_dagrun for example_trigger_target_dag to None, run_after=None
[2024-04-08T08:35:33.373+0000] {processor.py:183} INFO - Processing /home/airflow/.local/lib/python3.8/site-packages/airflow/example_dags/example_trigger_target_dag.py took 0.073 seconds
[2024-04-08T08:36:03.889+0000] {processor.py:161} INFO - Started process (PID=4748) to work on /home/airflow/.local/lib/python3.8/site-packages/airflow/example_dags/example_trigger_target_dag.py
[2024-04-08T08:36:03.890+0000] {processor.py:830} INFO - Processing file /home/airflow/.local/lib/python3.8/site-packages/airflow/example_dags/example_trigger_target_dag.py for tasks to queue
[2024-04-08T08:36:03.891+0000] {logging_mixin.py:188} INFO - [2024-04-08T08:36:03.890+0000] {dagbag.py:540} INFO - Filling up the DagBag from /home/airflow/.local/lib/python3.8/site-packages/airflow/example_dags/example_trigger_target_dag.py
[2024-04-08T08:36:03.897+0000] {processor.py:840} INFO - DAG(s) 'example_trigger_target_dag' retrieved from /home/airflow/.local/lib/python3.8/site-packages/airflow/example_dags/example_trigger_target_dag.py
[2024-04-08T08:36:03.918+0000] {logging_mixin.py:188} INFO - [2024-04-08T08:36:03.918+0000] {dag.py:3047} INFO - Sync 1 DAGs
[2024-04-08T08:36:03.931+0000] {logging_mixin.py:188} INFO - [2024-04-08T08:36:03.931+0000] {dag.py:3834} INFO - Setting next_dagrun for example_trigger_target_dag to None, run_after=None
[2024-04-08T08:36:03.955+0000] {processor.py:183} INFO - Processing /home/airflow/.local/lib/python3.8/site-packages/airflow/example_dags/example_trigger_target_dag.py took 0.070 seconds
[2024-04-08T08:36:34.173+0000] {processor.py:161} INFO - Started process (PID=5006) to work on /home/airflow/.local/lib/python3.8/site-packages/airflow/example_dags/example_trigger_target_dag.py
[2024-04-08T08:36:34.175+0000] {processor.py:830} INFO - Processing file /home/airflow/.local/lib/python3.8/site-packages/airflow/example_dags/example_trigger_target_dag.py for tasks to queue
[2024-04-08T08:36:34.176+0000] {logging_mixin.py:188} INFO - [2024-04-08T08:36:34.176+0000] {dagbag.py:540} INFO - Filling up the DagBag from /home/airflow/.local/lib/python3.8/site-packages/airflow/example_dags/example_trigger_target_dag.py
[2024-04-08T08:36:34.183+0000] {processor.py:840} INFO - DAG(s) 'example_trigger_target_dag' retrieved from /home/airflow/.local/lib/python3.8/site-packages/airflow/example_dags/example_trigger_target_dag.py
[2024-04-08T08:36:34.203+0000] {logging_mixin.py:188} INFO - [2024-04-08T08:36:34.202+0000] {dag.py:3047} INFO - Sync 1 DAGs
[2024-04-08T08:36:34.218+0000] {logging_mixin.py:188} INFO - [2024-04-08T08:36:34.218+0000] {dag.py:3834} INFO - Setting next_dagrun for example_trigger_target_dag to None, run_after=None
[2024-04-08T08:36:34.252+0000] {processor.py:183} INFO - Processing /home/airflow/.local/lib/python3.8/site-packages/airflow/example_dags/example_trigger_target_dag.py took 0.082 seconds
[2024-04-08T08:37:04.500+0000] {processor.py:161} INFO - Started process (PID=5263) to work on /home/airflow/.local/lib/python3.8/site-packages/airflow/example_dags/example_trigger_target_dag.py
[2024-04-08T08:37:04.502+0000] {processor.py:830} INFO - Processing file /home/airflow/.local/lib/python3.8/site-packages/airflow/example_dags/example_trigger_target_dag.py for tasks to queue
[2024-04-08T08:37:04.503+0000] {logging_mixin.py:188} INFO - [2024-04-08T08:37:04.503+0000] {dagbag.py:540} INFO - Filling up the DagBag from /home/airflow/.local/lib/python3.8/site-packages/airflow/example_dags/example_trigger_target_dag.py
[2024-04-08T08:37:04.509+0000] {processor.py:840} INFO - DAG(s) 'example_trigger_target_dag' retrieved from /home/airflow/.local/lib/python3.8/site-packages/airflow/example_dags/example_trigger_target_dag.py
[2024-04-08T08:37:04.534+0000] {logging_mixin.py:188} INFO - [2024-04-08T08:37:04.534+0000] {dag.py:3047} INFO - Sync 1 DAGs
[2024-04-08T08:37:04.549+0000] {logging_mixin.py:188} INFO - [2024-04-08T08:37:04.549+0000] {dag.py:3834} INFO - Setting next_dagrun for example_trigger_target_dag to None, run_after=None
[2024-04-08T08:37:04.570+0000] {processor.py:183} INFO - Processing /home/airflow/.local/lib/python3.8/site-packages/airflow/example_dags/example_trigger_target_dag.py took 0.073 seconds
[2024-04-08T08:37:35.108+0000] {processor.py:161} INFO - Started process (PID=5519) to work on /home/airflow/.local/lib/python3.8/site-packages/airflow/example_dags/example_trigger_target_dag.py
[2024-04-08T08:37:35.109+0000] {processor.py:830} INFO - Processing file /home/airflow/.local/lib/python3.8/site-packages/airflow/example_dags/example_trigger_target_dag.py for tasks to queue
[2024-04-08T08:37:35.110+0000] {logging_mixin.py:188} INFO - [2024-04-08T08:37:35.110+0000] {dagbag.py:540} INFO - Filling up the DagBag from /home/airflow/.local/lib/python3.8/site-packages/airflow/example_dags/example_trigger_target_dag.py
[2024-04-08T08:37:35.118+0000] {processor.py:840} INFO - DAG(s) 'example_trigger_target_dag' retrieved from /home/airflow/.local/lib/python3.8/site-packages/airflow/example_dags/example_trigger_target_dag.py
[2024-04-08T08:37:35.140+0000] {logging_mixin.py:188} INFO - [2024-04-08T08:37:35.140+0000] {dag.py:3047} INFO - Sync 1 DAGs
[2024-04-08T08:37:35.154+0000] {logging_mixin.py:188} INFO - [2024-04-08T08:37:35.154+0000] {dag.py:3834} INFO - Setting next_dagrun for example_trigger_target_dag to None, run_after=None
[2024-04-08T08:37:35.185+0000] {processor.py:183} INFO - Processing /home/airflow/.local/lib/python3.8/site-packages/airflow/example_dags/example_trigger_target_dag.py took 0.081 seconds
[2024-04-08T08:38:05.775+0000] {processor.py:161} INFO - Started process (PID=5776) to work on /home/airflow/.local/lib/python3.8/site-packages/airflow/example_dags/example_trigger_target_dag.py
[2024-04-08T08:38:05.776+0000] {processor.py:830} INFO - Processing file /home/airflow/.local/lib/python3.8/site-packages/airflow/example_dags/example_trigger_target_dag.py for tasks to queue
[2024-04-08T08:38:05.777+0000] {logging_mixin.py:188} INFO - [2024-04-08T08:38:05.776+0000] {dagbag.py:540} INFO - Filling up the DagBag from /home/airflow/.local/lib/python3.8/site-packages/airflow/example_dags/example_trigger_target_dag.py
[2024-04-08T08:38:05.783+0000] {processor.py:840} INFO - DAG(s) 'example_trigger_target_dag' retrieved from /home/airflow/.local/lib/python3.8/site-packages/airflow/example_dags/example_trigger_target_dag.py
[2024-04-08T08:38:05.804+0000] {logging_mixin.py:188} INFO - [2024-04-08T08:38:05.804+0000] {dag.py:3047} INFO - Sync 1 DAGs
[2024-04-08T08:38:05.818+0000] {logging_mixin.py:188} INFO - [2024-04-08T08:38:05.818+0000] {dag.py:3834} INFO - Setting next_dagrun for example_trigger_target_dag to None, run_after=None
[2024-04-08T08:38:05.841+0000] {processor.py:183} INFO - Processing /home/airflow/.local/lib/python3.8/site-packages/airflow/example_dags/example_trigger_target_dag.py took 0.070 seconds
[2024-04-08T08:38:36.333+0000] {processor.py:161} INFO - Started process (PID=6034) to work on /home/airflow/.local/lib/python3.8/site-packages/airflow/example_dags/example_trigger_target_dag.py
[2024-04-08T08:38:36.334+0000] {processor.py:830} INFO - Processing file /home/airflow/.local/lib/python3.8/site-packages/airflow/example_dags/example_trigger_target_dag.py for tasks to queue
[2024-04-08T08:38:36.335+0000] {logging_mixin.py:188} INFO - [2024-04-08T08:38:36.335+0000] {dagbag.py:540} INFO - Filling up the DagBag from /home/airflow/.local/lib/python3.8/site-packages/airflow/example_dags/example_trigger_target_dag.py
[2024-04-08T08:38:36.341+0000] {processor.py:840} INFO - DAG(s) 'example_trigger_target_dag' retrieved from /home/airflow/.local/lib/python3.8/site-packages/airflow/example_dags/example_trigger_target_dag.py
[2024-04-08T08:38:36.362+0000] {logging_mixin.py:188} INFO - [2024-04-08T08:38:36.362+0000] {dag.py:3047} INFO - Sync 1 DAGs
[2024-04-08T08:38:36.377+0000] {logging_mixin.py:188} INFO - [2024-04-08T08:38:36.377+0000] {dag.py:3834} INFO - Setting next_dagrun for example_trigger_target_dag to None, run_after=None
[2024-04-08T08:38:36.402+0000] {processor.py:183} INFO - Processing /home/airflow/.local/lib/python3.8/site-packages/airflow/example_dags/example_trigger_target_dag.py took 0.073 seconds
[2024-04-08T08:39:06.995+0000] {processor.py:161} INFO - Started process (PID=6291) to work on /home/airflow/.local/lib/python3.8/site-packages/airflow/example_dags/example_trigger_target_dag.py
[2024-04-08T08:39:06.996+0000] {processor.py:830} INFO - Processing file /home/airflow/.local/lib/python3.8/site-packages/airflow/example_dags/example_trigger_target_dag.py for tasks to queue
[2024-04-08T08:39:06.997+0000] {logging_mixin.py:188} INFO - [2024-04-08T08:39:06.997+0000] {dagbag.py:540} INFO - Filling up the DagBag from /home/airflow/.local/lib/python3.8/site-packages/airflow/example_dags/example_trigger_target_dag.py
[2024-04-08T08:39:07.009+0000] {processor.py:840} INFO - DAG(s) 'example_trigger_target_dag' retrieved from /home/airflow/.local/lib/python3.8/site-packages/airflow/example_dags/example_trigger_target_dag.py
[2024-04-08T08:39:07.030+0000] {logging_mixin.py:188} INFO - [2024-04-08T08:39:07.030+0000] {dag.py:3047} INFO - Sync 1 DAGs
[2024-04-08T08:39:07.044+0000] {logging_mixin.py:188} INFO - [2024-04-08T08:39:07.044+0000] {dag.py:3834} INFO - Setting next_dagrun for example_trigger_target_dag to None, run_after=None
[2024-04-08T08:39:07.068+0000] {processor.py:183} INFO - Processing /home/airflow/.local/lib/python3.8/site-packages/airflow/example_dags/example_trigger_target_dag.py took 0.076 seconds
[2024-04-08T08:39:37.453+0000] {processor.py:161} INFO - Started process (PID=6547) to work on /home/airflow/.local/lib/python3.8/site-packages/airflow/example_dags/example_trigger_target_dag.py
[2024-04-08T08:39:37.454+0000] {processor.py:830} INFO - Processing file /home/airflow/.local/lib/python3.8/site-packages/airflow/example_dags/example_trigger_target_dag.py for tasks to queue
[2024-04-08T08:39:37.455+0000] {logging_mixin.py:188} INFO - [2024-04-08T08:39:37.455+0000] {dagbag.py:540} INFO - Filling up the DagBag from /home/airflow/.local/lib/python3.8/site-packages/airflow/example_dags/example_trigger_target_dag.py
[2024-04-08T08:39:37.462+0000] {processor.py:840} INFO - DAG(s) 'example_trigger_target_dag' retrieved from /home/airflow/.local/lib/python3.8/site-packages/airflow/example_dags/example_trigger_target_dag.py
[2024-04-08T08:39:37.483+0000] {logging_mixin.py:188} INFO - [2024-04-08T08:39:37.483+0000] {dag.py:3047} INFO - Sync 1 DAGs
[2024-04-08T08:39:37.498+0000] {logging_mixin.py:188} INFO - [2024-04-08T08:39:37.497+0000] {dag.py:3834} INFO - Setting next_dagrun for example_trigger_target_dag to None, run_after=None
[2024-04-08T08:39:37.521+0000] {processor.py:183} INFO - Processing /home/airflow/.local/lib/python3.8/site-packages/airflow/example_dags/example_trigger_target_dag.py took 0.072 seconds
[2024-04-08T08:40:07.826+0000] {processor.py:161} INFO - Started process (PID=6804) to work on /home/airflow/.local/lib/python3.8/site-packages/airflow/example_dags/example_trigger_target_dag.py
[2024-04-08T08:40:07.827+0000] {processor.py:830} INFO - Processing file /home/airflow/.local/lib/python3.8/site-packages/airflow/example_dags/example_trigger_target_dag.py for tasks to queue
[2024-04-08T08:40:07.828+0000] {logging_mixin.py:188} INFO - [2024-04-08T08:40:07.828+0000] {dagbag.py:540} INFO - Filling up the DagBag from /home/airflow/.local/lib/python3.8/site-packages/airflow/example_dags/example_trigger_target_dag.py
[2024-04-08T08:40:07.836+0000] {processor.py:840} INFO - DAG(s) 'example_trigger_target_dag' retrieved from /home/airflow/.local/lib/python3.8/site-packages/airflow/example_dags/example_trigger_target_dag.py
[2024-04-08T08:40:07.857+0000] {logging_mixin.py:188} INFO - [2024-04-08T08:40:07.856+0000] {dag.py:3047} INFO - Sync 1 DAGs
[2024-04-08T08:40:07.872+0000] {logging_mixin.py:188} INFO - [2024-04-08T08:40:07.871+0000] {dag.py:3834} INFO - Setting next_dagrun for example_trigger_target_dag to None, run_after=None
[2024-04-08T08:40:07.897+0000] {processor.py:183} INFO - Processing /home/airflow/.local/lib/python3.8/site-packages/airflow/example_dags/example_trigger_target_dag.py took 0.075 seconds
[2024-04-08T08:40:38.166+0000] {processor.py:161} INFO - Started process (PID=7061) to work on /home/airflow/.local/lib/python3.8/site-packages/airflow/example_dags/example_trigger_target_dag.py
[2024-04-08T08:40:38.167+0000] {processor.py:830} INFO - Processing file /home/airflow/.local/lib/python3.8/site-packages/airflow/example_dags/example_trigger_target_dag.py for tasks to queue
[2024-04-08T08:40:38.169+0000] {logging_mixin.py:188} INFO - [2024-04-08T08:40:38.168+0000] {dagbag.py:540} INFO - Filling up the DagBag from /home/airflow/.local/lib/python3.8/site-packages/airflow/example_dags/example_trigger_target_dag.py
[2024-04-08T08:40:38.175+0000] {processor.py:840} INFO - DAG(s) 'example_trigger_target_dag' retrieved from /home/airflow/.local/lib/python3.8/site-packages/airflow/example_dags/example_trigger_target_dag.py
[2024-04-08T08:40:38.199+0000] {logging_mixin.py:188} INFO - [2024-04-08T08:40:38.198+0000] {dag.py:3047} INFO - Sync 1 DAGs
[2024-04-08T08:40:38.213+0000] {logging_mixin.py:188} INFO - [2024-04-08T08:40:38.213+0000] {dag.py:3834} INFO - Setting next_dagrun for example_trigger_target_dag to None, run_after=None
[2024-04-08T08:40:38.251+0000] {processor.py:183} INFO - Processing /home/airflow/.local/lib/python3.8/site-packages/airflow/example_dags/example_trigger_target_dag.py took 0.089 seconds
[2024-04-08T08:41:08.915+0000] {processor.py:161} INFO - Started process (PID=7324) to work on /home/airflow/.local/lib/python3.8/site-packages/airflow/example_dags/example_trigger_target_dag.py
[2024-04-08T08:41:08.916+0000] {processor.py:830} INFO - Processing file /home/airflow/.local/lib/python3.8/site-packages/airflow/example_dags/example_trigger_target_dag.py for tasks to queue
[2024-04-08T08:41:08.917+0000] {logging_mixin.py:188} INFO - [2024-04-08T08:41:08.917+0000] {dagbag.py:540} INFO - Filling up the DagBag from /home/airflow/.local/lib/python3.8/site-packages/airflow/example_dags/example_trigger_target_dag.py
[2024-04-08T08:41:08.924+0000] {processor.py:840} INFO - DAG(s) 'example_trigger_target_dag' retrieved from /home/airflow/.local/lib/python3.8/site-packages/airflow/example_dags/example_trigger_target_dag.py
[2024-04-08T08:41:08.946+0000] {logging_mixin.py:188} INFO - [2024-04-08T08:41:08.945+0000] {dag.py:3047} INFO - Sync 1 DAGs
[2024-04-08T08:41:08.961+0000] {logging_mixin.py:188} INFO - [2024-04-08T08:41:08.961+0000] {dag.py:3834} INFO - Setting next_dagrun for example_trigger_target_dag to None, run_after=None
[2024-04-08T08:41:08.989+0000] {processor.py:183} INFO - Processing /home/airflow/.local/lib/python3.8/site-packages/airflow/example_dags/example_trigger_target_dag.py took 0.079 seconds
[2024-04-08T08:41:39.200+0000] {processor.py:161} INFO - Started process (PID=7581) to work on /home/airflow/.local/lib/python3.8/site-packages/airflow/example_dags/example_trigger_target_dag.py
[2024-04-08T08:41:39.201+0000] {processor.py:830} INFO - Processing file /home/airflow/.local/lib/python3.8/site-packages/airflow/example_dags/example_trigger_target_dag.py for tasks to queue
[2024-04-08T08:41:39.202+0000] {logging_mixin.py:188} INFO - [2024-04-08T08:41:39.202+0000] {dagbag.py:540} INFO - Filling up the DagBag from /home/airflow/.local/lib/python3.8/site-packages/airflow/example_dags/example_trigger_target_dag.py
[2024-04-08T08:41:39.209+0000] {processor.py:840} INFO - DAG(s) 'example_trigger_target_dag' retrieved from /home/airflow/.local/lib/python3.8/site-packages/airflow/example_dags/example_trigger_target_dag.py
[2024-04-08T08:41:39.230+0000] {logging_mixin.py:188} INFO - [2024-04-08T08:41:39.230+0000] {dag.py:3047} INFO - Sync 1 DAGs
[2024-04-08T08:41:39.244+0000] {logging_mixin.py:188} INFO - [2024-04-08T08:41:39.244+0000] {dag.py:3834} INFO - Setting next_dagrun for example_trigger_target_dag to None, run_after=None
[2024-04-08T08:41:39.269+0000] {processor.py:183} INFO - Processing /home/airflow/.local/lib/python3.8/site-packages/airflow/example_dags/example_trigger_target_dag.py took 0.073 seconds
[2024-04-08T08:42:09.541+0000] {processor.py:161} INFO - Started process (PID=7838) to work on /home/airflow/.local/lib/python3.8/site-packages/airflow/example_dags/example_trigger_target_dag.py
[2024-04-08T08:42:09.542+0000] {processor.py:830} INFO - Processing file /home/airflow/.local/lib/python3.8/site-packages/airflow/example_dags/example_trigger_target_dag.py for tasks to queue
[2024-04-08T08:42:09.543+0000] {logging_mixin.py:188} INFO - [2024-04-08T08:42:09.543+0000] {dagbag.py:540} INFO - Filling up the DagBag from /home/airflow/.local/lib/python3.8/site-packages/airflow/example_dags/example_trigger_target_dag.py
[2024-04-08T08:42:09.551+0000] {processor.py:840} INFO - DAG(s) 'example_trigger_target_dag' retrieved from /home/airflow/.local/lib/python3.8/site-packages/airflow/example_dags/example_trigger_target_dag.py
[2024-04-08T08:42:09.574+0000] {logging_mixin.py:188} INFO - [2024-04-08T08:42:09.573+0000] {dag.py:3047} INFO - Sync 1 DAGs
[2024-04-08T08:42:09.587+0000] {logging_mixin.py:188} INFO - [2024-04-08T08:42:09.587+0000] {dag.py:3834} INFO - Setting next_dagrun for example_trigger_target_dag to None, run_after=None
[2024-04-08T08:42:09.612+0000] {processor.py:183} INFO - Processing /home/airflow/.local/lib/python3.8/site-packages/airflow/example_dags/example_trigger_target_dag.py took 0.075 seconds
[2024-04-08T08:42:39.891+0000] {processor.py:161} INFO - Started process (PID=8095) to work on /home/airflow/.local/lib/python3.8/site-packages/airflow/example_dags/example_trigger_target_dag.py
[2024-04-08T08:42:39.892+0000] {processor.py:830} INFO - Processing file /home/airflow/.local/lib/python3.8/site-packages/airflow/example_dags/example_trigger_target_dag.py for tasks to queue
[2024-04-08T08:42:39.893+0000] {logging_mixin.py:188} INFO - [2024-04-08T08:42:39.893+0000] {dagbag.py:540} INFO - Filling up the DagBag from /home/airflow/.local/lib/python3.8/site-packages/airflow/example_dags/example_trigger_target_dag.py
[2024-04-08T08:42:39.900+0000] {processor.py:840} INFO - DAG(s) 'example_trigger_target_dag' retrieved from /home/airflow/.local/lib/python3.8/site-packages/airflow/example_dags/example_trigger_target_dag.py
[2024-04-08T08:42:39.923+0000] {logging_mixin.py:188} INFO - [2024-04-08T08:42:39.923+0000] {dag.py:3047} INFO - Sync 1 DAGs
[2024-04-08T08:42:39.940+0000] {logging_mixin.py:188} INFO - [2024-04-08T08:42:39.939+0000] {dag.py:3834} INFO - Setting next_dagrun for example_trigger_target_dag to None, run_after=None
[2024-04-08T08:42:39.963+0000] {processor.py:183} INFO - Processing /home/airflow/.local/lib/python3.8/site-packages/airflow/example_dags/example_trigger_target_dag.py took 0.076 seconds
[2024-04-08T08:43:10.464+0000] {processor.py:161} INFO - Started process (PID=8352) to work on /home/airflow/.local/lib/python3.8/site-packages/airflow/example_dags/example_trigger_target_dag.py
[2024-04-08T08:43:10.466+0000] {processor.py:830} INFO - Processing file /home/airflow/.local/lib/python3.8/site-packages/airflow/example_dags/example_trigger_target_dag.py for tasks to queue
[2024-04-08T08:43:10.469+0000] {logging_mixin.py:188} INFO - [2024-04-08T08:43:10.469+0000] {dagbag.py:540} INFO - Filling up the DagBag from /home/airflow/.local/lib/python3.8/site-packages/airflow/example_dags/example_trigger_target_dag.py
[2024-04-08T08:43:10.478+0000] {processor.py:840} INFO - DAG(s) 'example_trigger_target_dag' retrieved from /home/airflow/.local/lib/python3.8/site-packages/airflow/example_dags/example_trigger_target_dag.py
[2024-04-08T08:43:10.499+0000] {logging_mixin.py:188} INFO - [2024-04-08T08:43:10.499+0000] {dag.py:3047} INFO - Sync 1 DAGs
[2024-04-08T08:43:10.514+0000] {logging_mixin.py:188} INFO - [2024-04-08T08:43:10.513+0000] {dag.py:3834} INFO - Setting next_dagrun for example_trigger_target_dag to None, run_after=None
[2024-04-08T08:43:10.538+0000] {processor.py:183} INFO - Processing /home/airflow/.local/lib/python3.8/site-packages/airflow/example_dags/example_trigger_target_dag.py took 0.078 seconds
[2024-04-08T08:43:40.980+0000] {processor.py:161} INFO - Started process (PID=8609) to work on /home/airflow/.local/lib/python3.8/site-packages/airflow/example_dags/example_trigger_target_dag.py
[2024-04-08T08:43:40.981+0000] {processor.py:830} INFO - Processing file /home/airflow/.local/lib/python3.8/site-packages/airflow/example_dags/example_trigger_target_dag.py for tasks to queue
[2024-04-08T08:43:40.982+0000] {logging_mixin.py:188} INFO - [2024-04-08T08:43:40.981+0000] {dagbag.py:540} INFO - Filling up the DagBag from /home/airflow/.local/lib/python3.8/site-packages/airflow/example_dags/example_trigger_target_dag.py
[2024-04-08T08:43:40.987+0000] {processor.py:840} INFO - DAG(s) 'example_trigger_target_dag' retrieved from /home/airflow/.local/lib/python3.8/site-packages/airflow/example_dags/example_trigger_target_dag.py
[2024-04-08T08:43:41.010+0000] {logging_mixin.py:188} INFO - [2024-04-08T08:43:41.009+0000] {dag.py:3047} INFO - Sync 1 DAGs
[2024-04-08T08:43:41.024+0000] {logging_mixin.py:188} INFO - [2024-04-08T08:43:41.024+0000] {dag.py:3834} INFO - Setting next_dagrun for example_trigger_target_dag to None, run_after=None
[2024-04-08T08:43:41.049+0000] {processor.py:183} INFO - Processing /home/airflow/.local/lib/python3.8/site-packages/airflow/example_dags/example_trigger_target_dag.py took 0.073 seconds
[2024-04-08T08:44:11.639+0000] {processor.py:161} INFO - Started process (PID=8867) to work on /home/airflow/.local/lib/python3.8/site-packages/airflow/example_dags/example_trigger_target_dag.py
[2024-04-08T08:44:11.640+0000] {processor.py:830} INFO - Processing file /home/airflow/.local/lib/python3.8/site-packages/airflow/example_dags/example_trigger_target_dag.py for tasks to queue
[2024-04-08T08:44:11.641+0000] {logging_mixin.py:188} INFO - [2024-04-08T08:44:11.641+0000] {dagbag.py:540} INFO - Filling up the DagBag from /home/airflow/.local/lib/python3.8/site-packages/airflow/example_dags/example_trigger_target_dag.py
[2024-04-08T08:44:11.647+0000] {processor.py:840} INFO - DAG(s) 'example_trigger_target_dag' retrieved from /home/airflow/.local/lib/python3.8/site-packages/airflow/example_dags/example_trigger_target_dag.py
[2024-04-08T08:44:11.669+0000] {logging_mixin.py:188} INFO - [2024-04-08T08:44:11.668+0000] {dag.py:3047} INFO - Sync 1 DAGs
[2024-04-08T08:44:11.682+0000] {logging_mixin.py:188} INFO - [2024-04-08T08:44:11.682+0000] {dag.py:3834} INFO - Setting next_dagrun for example_trigger_target_dag to None, run_after=None
[2024-04-08T08:44:11.705+0000] {processor.py:183} INFO - Processing /home/airflow/.local/lib/python3.8/site-packages/airflow/example_dags/example_trigger_target_dag.py took 0.070 seconds
[2024-04-08T08:44:41.980+0000] {processor.py:161} INFO - Started process (PID=9126) to work on /home/airflow/.local/lib/python3.8/site-packages/airflow/example_dags/example_trigger_target_dag.py
[2024-04-08T08:44:41.981+0000] {processor.py:830} INFO - Processing file /home/airflow/.local/lib/python3.8/site-packages/airflow/example_dags/example_trigger_target_dag.py for tasks to queue
[2024-04-08T08:44:41.983+0000] {logging_mixin.py:188} INFO - [2024-04-08T08:44:41.982+0000] {dagbag.py:540} INFO - Filling up the DagBag from /home/airflow/.local/lib/python3.8/site-packages/airflow/example_dags/example_trigger_target_dag.py
[2024-04-08T08:44:41.990+0000] {processor.py:840} INFO - DAG(s) 'example_trigger_target_dag' retrieved from /home/airflow/.local/lib/python3.8/site-packages/airflow/example_dags/example_trigger_target_dag.py
[2024-04-08T08:44:42.009+0000] {logging_mixin.py:188} INFO - [2024-04-08T08:44:42.009+0000] {dag.py:3047} INFO - Sync 1 DAGs
[2024-04-08T08:44:42.025+0000] {logging_mixin.py:188} INFO - [2024-04-08T08:44:42.024+0000] {dag.py:3834} INFO - Setting next_dagrun for example_trigger_target_dag to None, run_after=None
[2024-04-08T08:44:42.048+0000] {processor.py:183} INFO - Processing /home/airflow/.local/lib/python3.8/site-packages/airflow/example_dags/example_trigger_target_dag.py took 0.072 seconds
[2024-04-08T08:45:12.376+0000] {processor.py:161} INFO - Started process (PID=9384) to work on /home/airflow/.local/lib/python3.8/site-packages/airflow/example_dags/example_trigger_target_dag.py
[2024-04-08T08:45:12.377+0000] {processor.py:830} INFO - Processing file /home/airflow/.local/lib/python3.8/site-packages/airflow/example_dags/example_trigger_target_dag.py for tasks to queue
[2024-04-08T08:45:12.378+0000] {logging_mixin.py:188} INFO - [2024-04-08T08:45:12.378+0000] {dagbag.py:540} INFO - Filling up the DagBag from /home/airflow/.local/lib/python3.8/site-packages/airflow/example_dags/example_trigger_target_dag.py
[2024-04-08T08:45:12.384+0000] {processor.py:840} INFO - DAG(s) 'example_trigger_target_dag' retrieved from /home/airflow/.local/lib/python3.8/site-packages/airflow/example_dags/example_trigger_target_dag.py
[2024-04-08T08:45:12.405+0000] {logging_mixin.py:188} INFO - [2024-04-08T08:45:12.405+0000] {dag.py:3047} INFO - Sync 1 DAGs
[2024-04-08T08:45:12.419+0000] {logging_mixin.py:188} INFO - [2024-04-08T08:45:12.419+0000] {dag.py:3834} INFO - Setting next_dagrun for example_trigger_target_dag to None, run_after=None
[2024-04-08T08:45:12.444+0000] {processor.py:183} INFO - Processing /home/airflow/.local/lib/python3.8/site-packages/airflow/example_dags/example_trigger_target_dag.py took 0.071 seconds
[2024-04-08T08:45:42.671+0000] {processor.py:161} INFO - Started process (PID=9641) to work on /home/airflow/.local/lib/python3.8/site-packages/airflow/example_dags/example_trigger_target_dag.py
[2024-04-08T08:45:42.672+0000] {processor.py:830} INFO - Processing file /home/airflow/.local/lib/python3.8/site-packages/airflow/example_dags/example_trigger_target_dag.py for tasks to queue
[2024-04-08T08:45:42.673+0000] {logging_mixin.py:188} INFO - [2024-04-08T08:45:42.672+0000] {dagbag.py:540} INFO - Filling up the DagBag from /home/airflow/.local/lib/python3.8/site-packages/airflow/example_dags/example_trigger_target_dag.py
[2024-04-08T08:45:42.679+0000] {processor.py:840} INFO - DAG(s) 'example_trigger_target_dag' retrieved from /home/airflow/.local/lib/python3.8/site-packages/airflow/example_dags/example_trigger_target_dag.py
[2024-04-08T08:45:42.700+0000] {logging_mixin.py:188} INFO - [2024-04-08T08:45:42.700+0000] {dag.py:3047} INFO - Sync 1 DAGs
[2024-04-08T08:45:42.716+0000] {logging_mixin.py:188} INFO - [2024-04-08T08:45:42.715+0000] {dag.py:3834} INFO - Setting next_dagrun for example_trigger_target_dag to None, run_after=None
[2024-04-08T08:45:42.739+0000] {processor.py:183} INFO - Processing /home/airflow/.local/lib/python3.8/site-packages/airflow/example_dags/example_trigger_target_dag.py took 0.072 seconds
[2024-04-08T08:46:12.997+0000] {processor.py:161} INFO - Started process (PID=9898) to work on /home/airflow/.local/lib/python3.8/site-packages/airflow/example_dags/example_trigger_target_dag.py
[2024-04-08T08:46:12.998+0000] {processor.py:830} INFO - Processing file /home/airflow/.local/lib/python3.8/site-packages/airflow/example_dags/example_trigger_target_dag.py for tasks to queue
[2024-04-08T08:46:12.999+0000] {logging_mixin.py:188} INFO - [2024-04-08T08:46:12.999+0000] {dagbag.py:540} INFO - Filling up the DagBag from /home/airflow/.local/lib/python3.8/site-packages/airflow/example_dags/example_trigger_target_dag.py
[2024-04-08T08:46:13.006+0000] {processor.py:840} INFO - DAG(s) 'example_trigger_target_dag' retrieved from /home/airflow/.local/lib/python3.8/site-packages/airflow/example_dags/example_trigger_target_dag.py
[2024-04-08T08:46:13.027+0000] {logging_mixin.py:188} INFO - [2024-04-08T08:46:13.027+0000] {dag.py:3047} INFO - Sync 1 DAGs
[2024-04-08T08:46:13.042+0000] {logging_mixin.py:188} INFO - [2024-04-08T08:46:13.041+0000] {dag.py:3834} INFO - Setting next_dagrun for example_trigger_target_dag to None, run_after=None
[2024-04-08T08:46:13.068+0000] {processor.py:183} INFO - Processing /home/airflow/.local/lib/python3.8/site-packages/airflow/example_dags/example_trigger_target_dag.py took 0.075 seconds
[2024-04-08T08:46:43.602+0000] {processor.py:161} INFO - Started process (PID=10155) to work on /home/airflow/.local/lib/python3.8/site-packages/airflow/example_dags/example_trigger_target_dag.py
[2024-04-08T08:46:43.603+0000] {processor.py:830} INFO - Processing file /home/airflow/.local/lib/python3.8/site-packages/airflow/example_dags/example_trigger_target_dag.py for tasks to queue
[2024-04-08T08:46:43.604+0000] {logging_mixin.py:188} INFO - [2024-04-08T08:46:43.604+0000] {dagbag.py:540} INFO - Filling up the DagBag from /home/airflow/.local/lib/python3.8/site-packages/airflow/example_dags/example_trigger_target_dag.py
[2024-04-08T08:46:43.611+0000] {processor.py:840} INFO - DAG(s) 'example_trigger_target_dag' retrieved from /home/airflow/.local/lib/python3.8/site-packages/airflow/example_dags/example_trigger_target_dag.py
[2024-04-08T08:46:43.631+0000] {logging_mixin.py:188} INFO - [2024-04-08T08:46:43.631+0000] {dag.py:3047} INFO - Sync 1 DAGs
[2024-04-08T08:46:43.646+0000] {logging_mixin.py:188} INFO - [2024-04-08T08:46:43.645+0000] {dag.py:3834} INFO - Setting next_dagrun for example_trigger_target_dag to None, run_after=None
[2024-04-08T08:46:43.677+0000] {processor.py:183} INFO - Processing /home/airflow/.local/lib/python3.8/site-packages/airflow/example_dags/example_trigger_target_dag.py took 0.079 seconds
[2024-04-08T08:47:14.301+0000] {processor.py:161} INFO - Started process (PID=10412) to work on /home/airflow/.local/lib/python3.8/site-packages/airflow/example_dags/example_trigger_target_dag.py
[2024-04-08T08:47:14.302+0000] {processor.py:830} INFO - Processing file /home/airflow/.local/lib/python3.8/site-packages/airflow/example_dags/example_trigger_target_dag.py for tasks to queue
[2024-04-08T08:47:14.303+0000] {logging_mixin.py:188} INFO - [2024-04-08T08:47:14.303+0000] {dagbag.py:540} INFO - Filling up the DagBag from /home/airflow/.local/lib/python3.8/site-packages/airflow/example_dags/example_trigger_target_dag.py
[2024-04-08T08:47:14.308+0000] {processor.py:840} INFO - DAG(s) 'example_trigger_target_dag' retrieved from /home/airflow/.local/lib/python3.8/site-packages/airflow/example_dags/example_trigger_target_dag.py
[2024-04-08T08:47:14.334+0000] {logging_mixin.py:188} INFO - [2024-04-08T08:47:14.334+0000] {dag.py:3047} INFO - Sync 1 DAGs
[2024-04-08T08:47:14.356+0000] {logging_mixin.py:188} INFO - [2024-04-08T08:47:14.356+0000] {dag.py:3834} INFO - Setting next_dagrun for example_trigger_target_dag to None, run_after=None
[2024-04-08T08:47:14.393+0000] {processor.py:183} INFO - Processing /home/airflow/.local/lib/python3.8/site-packages/airflow/example_dags/example_trigger_target_dag.py took 0.096 seconds
[2024-04-08T08:47:44.514+0000] {processor.py:161} INFO - Started process (PID=10669) to work on /home/airflow/.local/lib/python3.8/site-packages/airflow/example_dags/example_trigger_target_dag.py
[2024-04-08T08:47:44.515+0000] {processor.py:830} INFO - Processing file /home/airflow/.local/lib/python3.8/site-packages/airflow/example_dags/example_trigger_target_dag.py for tasks to queue
[2024-04-08T08:47:44.516+0000] {logging_mixin.py:188} INFO - [2024-04-08T08:47:44.516+0000] {dagbag.py:540} INFO - Filling up the DagBag from /home/airflow/.local/lib/python3.8/site-packages/airflow/example_dags/example_trigger_target_dag.py
[2024-04-08T08:47:44.521+0000] {processor.py:840} INFO - DAG(s) 'example_trigger_target_dag' retrieved from /home/airflow/.local/lib/python3.8/site-packages/airflow/example_dags/example_trigger_target_dag.py
[2024-04-08T08:47:44.543+0000] {logging_mixin.py:188} INFO - [2024-04-08T08:47:44.543+0000] {dag.py:3047} INFO - Sync 1 DAGs
[2024-04-08T08:47:44.557+0000] {logging_mixin.py:188} INFO - [2024-04-08T08:47:44.557+0000] {dag.py:3834} INFO - Setting next_dagrun for example_trigger_target_dag to None, run_after=None
[2024-04-08T08:47:44.581+0000] {processor.py:183} INFO - Processing /home/airflow/.local/lib/python3.8/site-packages/airflow/example_dags/example_trigger_target_dag.py took 0.071 seconds
[2024-04-08T08:48:15.485+0000] {processor.py:161} INFO - Started process (PID=10926) to work on /home/airflow/.local/lib/python3.8/site-packages/airflow/example_dags/example_trigger_target_dag.py
[2024-04-08T08:48:15.486+0000] {processor.py:830} INFO - Processing file /home/airflow/.local/lib/python3.8/site-packages/airflow/example_dags/example_trigger_target_dag.py for tasks to queue
[2024-04-08T08:48:15.487+0000] {logging_mixin.py:188} INFO - [2024-04-08T08:48:15.486+0000] {dagbag.py:540} INFO - Filling up the DagBag from /home/airflow/.local/lib/python3.8/site-packages/airflow/example_dags/example_trigger_target_dag.py
[2024-04-08T08:48:15.494+0000] {processor.py:840} INFO - DAG(s) 'example_trigger_target_dag' retrieved from /home/airflow/.local/lib/python3.8/site-packages/airflow/example_dags/example_trigger_target_dag.py
[2024-04-08T08:48:15.518+0000] {logging_mixin.py:188} INFO - [2024-04-08T08:48:15.517+0000] {dag.py:3047} INFO - Sync 1 DAGs
[2024-04-08T08:48:15.532+0000] {logging_mixin.py:188} INFO - [2024-04-08T08:48:15.532+0000] {dag.py:3834} INFO - Setting next_dagrun for example_trigger_target_dag to None, run_after=None
[2024-04-08T08:48:15.555+0000] {processor.py:183} INFO - Processing /home/airflow/.local/lib/python3.8/site-packages/airflow/example_dags/example_trigger_target_dag.py took 0.075 seconds
[2024-04-08T08:48:45.861+0000] {processor.py:161} INFO - Started process (PID=11183) to work on /home/airflow/.local/lib/python3.8/site-packages/airflow/example_dags/example_trigger_target_dag.py
[2024-04-08T08:48:45.862+0000] {processor.py:830} INFO - Processing file /home/airflow/.local/lib/python3.8/site-packages/airflow/example_dags/example_trigger_target_dag.py for tasks to queue
[2024-04-08T08:48:45.863+0000] {logging_mixin.py:188} INFO - [2024-04-08T08:48:45.863+0000] {dagbag.py:540} INFO - Filling up the DagBag from /home/airflow/.local/lib/python3.8/site-packages/airflow/example_dags/example_trigger_target_dag.py
[2024-04-08T08:48:45.870+0000] {processor.py:840} INFO - DAG(s) 'example_trigger_target_dag' retrieved from /home/airflow/.local/lib/python3.8/site-packages/airflow/example_dags/example_trigger_target_dag.py
[2024-04-08T08:48:45.892+0000] {logging_mixin.py:188} INFO - [2024-04-08T08:48:45.891+0000] {dag.py:3047} INFO - Sync 1 DAGs
[2024-04-08T08:48:45.906+0000] {logging_mixin.py:188} INFO - [2024-04-08T08:48:45.905+0000] {dag.py:3834} INFO - Setting next_dagrun for example_trigger_target_dag to None, run_after=None
[2024-04-08T08:48:45.950+0000] {processor.py:183} INFO - Processing /home/airflow/.local/lib/python3.8/site-packages/airflow/example_dags/example_trigger_target_dag.py took 0.093 seconds
[2024-04-08T08:49:16.276+0000] {processor.py:161} INFO - Started process (PID=11440) to work on /home/airflow/.local/lib/python3.8/site-packages/airflow/example_dags/example_trigger_target_dag.py
[2024-04-08T08:49:16.278+0000] {processor.py:830} INFO - Processing file /home/airflow/.local/lib/python3.8/site-packages/airflow/example_dags/example_trigger_target_dag.py for tasks to queue
[2024-04-08T08:49:16.279+0000] {logging_mixin.py:188} INFO - [2024-04-08T08:49:16.279+0000] {dagbag.py:540} INFO - Filling up the DagBag from /home/airflow/.local/lib/python3.8/site-packages/airflow/example_dags/example_trigger_target_dag.py
[2024-04-08T08:49:16.286+0000] {processor.py:840} INFO - DAG(s) 'example_trigger_target_dag' retrieved from /home/airflow/.local/lib/python3.8/site-packages/airflow/example_dags/example_trigger_target_dag.py
[2024-04-08T08:49:16.308+0000] {logging_mixin.py:188} INFO - [2024-04-08T08:49:16.308+0000] {dag.py:3047} INFO - Sync 1 DAGs
[2024-04-08T08:49:16.324+0000] {logging_mixin.py:188} INFO - [2024-04-08T08:49:16.324+0000] {dag.py:3834} INFO - Setting next_dagrun for example_trigger_target_dag to None, run_after=None
[2024-04-08T08:49:16.351+0000] {processor.py:183} INFO - Processing /home/airflow/.local/lib/python3.8/site-packages/airflow/example_dags/example_trigger_target_dag.py took 0.078 seconds
[2024-04-08T08:49:46.730+0000] {processor.py:161} INFO - Started process (PID=11698) to work on /home/airflow/.local/lib/python3.8/site-packages/airflow/example_dags/example_trigger_target_dag.py
[2024-04-08T08:49:46.731+0000] {processor.py:830} INFO - Processing file /home/airflow/.local/lib/python3.8/site-packages/airflow/example_dags/example_trigger_target_dag.py for tasks to queue
[2024-04-08T08:49:46.732+0000] {logging_mixin.py:188} INFO - [2024-04-08T08:49:46.732+0000] {dagbag.py:540} INFO - Filling up the DagBag from /home/airflow/.local/lib/python3.8/site-packages/airflow/example_dags/example_trigger_target_dag.py
[2024-04-08T08:49:46.739+0000] {processor.py:840} INFO - DAG(s) 'example_trigger_target_dag' retrieved from /home/airflow/.local/lib/python3.8/site-packages/airflow/example_dags/example_trigger_target_dag.py
[2024-04-08T08:49:46.761+0000] {logging_mixin.py:188} INFO - [2024-04-08T08:49:46.761+0000] {dag.py:3047} INFO - Sync 1 DAGs
[2024-04-08T08:49:46.776+0000] {logging_mixin.py:188} INFO - [2024-04-08T08:49:46.776+0000] {dag.py:3834} INFO - Setting next_dagrun for example_trigger_target_dag to None, run_after=None
[2024-04-08T08:49:46.802+0000] {processor.py:183} INFO - Processing /home/airflow/.local/lib/python3.8/site-packages/airflow/example_dags/example_trigger_target_dag.py took 0.075 seconds
[2024-04-08T08:50:17.305+0000] {processor.py:161} INFO - Started process (PID=11954) to work on /home/airflow/.local/lib/python3.8/site-packages/airflow/example_dags/example_trigger_target_dag.py
[2024-04-08T08:50:17.306+0000] {processor.py:830} INFO - Processing file /home/airflow/.local/lib/python3.8/site-packages/airflow/example_dags/example_trigger_target_dag.py for tasks to queue
[2024-04-08T08:50:17.307+0000] {logging_mixin.py:188} INFO - [2024-04-08T08:50:17.307+0000] {dagbag.py:540} INFO - Filling up the DagBag from /home/airflow/.local/lib/python3.8/site-packages/airflow/example_dags/example_trigger_target_dag.py
[2024-04-08T08:50:17.315+0000] {processor.py:840} INFO - DAG(s) 'example_trigger_target_dag' retrieved from /home/airflow/.local/lib/python3.8/site-packages/airflow/example_dags/example_trigger_target_dag.py
[2024-04-08T08:50:17.341+0000] {logging_mixin.py:188} INFO - [2024-04-08T08:50:17.340+0000] {dag.py:3047} INFO - Sync 1 DAGs
[2024-04-08T08:50:17.355+0000] {logging_mixin.py:188} INFO - [2024-04-08T08:50:17.355+0000] {dag.py:3834} INFO - Setting next_dagrun for example_trigger_target_dag to None, run_after=None
[2024-04-08T08:50:17.381+0000] {processor.py:183} INFO - Processing /home/airflow/.local/lib/python3.8/site-packages/airflow/example_dags/example_trigger_target_dag.py took 0.080 seconds
[2024-04-08T08:50:47.658+0000] {processor.py:161} INFO - Started process (PID=12212) to work on /home/airflow/.local/lib/python3.8/site-packages/airflow/example_dags/example_trigger_target_dag.py
[2024-04-08T08:50:47.659+0000] {processor.py:830} INFO - Processing file /home/airflow/.local/lib/python3.8/site-packages/airflow/example_dags/example_trigger_target_dag.py for tasks to queue
[2024-04-08T08:50:47.660+0000] {logging_mixin.py:188} INFO - [2024-04-08T08:50:47.660+0000] {dagbag.py:540} INFO - Filling up the DagBag from /home/airflow/.local/lib/python3.8/site-packages/airflow/example_dags/example_trigger_target_dag.py
[2024-04-08T08:50:47.677+0000] {processor.py:840} INFO - DAG(s) 'example_trigger_target_dag' retrieved from /home/airflow/.local/lib/python3.8/site-packages/airflow/example_dags/example_trigger_target_dag.py
[2024-04-08T08:50:47.710+0000] {logging_mixin.py:188} INFO - [2024-04-08T08:50:47.710+0000] {dag.py:3047} INFO - Sync 1 DAGs
[2024-04-08T08:50:47.748+0000] {logging_mixin.py:188} INFO - [2024-04-08T08:50:47.748+0000] {dag.py:3834} INFO - Setting next_dagrun for example_trigger_target_dag to None, run_after=None
[2024-04-08T08:50:47.790+0000] {processor.py:183} INFO - Processing /home/airflow/.local/lib/python3.8/site-packages/airflow/example_dags/example_trigger_target_dag.py took 0.135 seconds
[2024-04-08T08:51:18.204+0000] {processor.py:161} INFO - Started process (PID=12470) to work on /home/airflow/.local/lib/python3.8/site-packages/airflow/example_dags/example_trigger_target_dag.py
[2024-04-08T08:51:18.205+0000] {processor.py:830} INFO - Processing file /home/airflow/.local/lib/python3.8/site-packages/airflow/example_dags/example_trigger_target_dag.py for tasks to queue
[2024-04-08T08:51:18.206+0000] {logging_mixin.py:188} INFO - [2024-04-08T08:51:18.206+0000] {dagbag.py:540} INFO - Filling up the DagBag from /home/airflow/.local/lib/python3.8/site-packages/airflow/example_dags/example_trigger_target_dag.py
[2024-04-08T08:51:18.214+0000] {processor.py:840} INFO - DAG(s) 'example_trigger_target_dag' retrieved from /home/airflow/.local/lib/python3.8/site-packages/airflow/example_dags/example_trigger_target_dag.py
[2024-04-08T08:51:18.235+0000] {logging_mixin.py:188} INFO - [2024-04-08T08:51:18.235+0000] {dag.py:3047} INFO - Sync 1 DAGs
[2024-04-08T08:51:18.249+0000] {logging_mixin.py:188} INFO - [2024-04-08T08:51:18.248+0000] {dag.py:3834} INFO - Setting next_dagrun for example_trigger_target_dag to None, run_after=None
[2024-04-08T08:51:18.273+0000] {processor.py:183} INFO - Processing /home/airflow/.local/lib/python3.8/site-packages/airflow/example_dags/example_trigger_target_dag.py took 0.073 seconds
[2024-04-08T08:51:48.550+0000] {processor.py:161} INFO - Started process (PID=12727) to work on /home/airflow/.local/lib/python3.8/site-packages/airflow/example_dags/example_trigger_target_dag.py
[2024-04-08T08:51:48.551+0000] {processor.py:830} INFO - Processing file /home/airflow/.local/lib/python3.8/site-packages/airflow/example_dags/example_trigger_target_dag.py for tasks to queue
[2024-04-08T08:51:48.552+0000] {logging_mixin.py:188} INFO - [2024-04-08T08:51:48.551+0000] {dagbag.py:540} INFO - Filling up the DagBag from /home/airflow/.local/lib/python3.8/site-packages/airflow/example_dags/example_trigger_target_dag.py
[2024-04-08T08:51:48.559+0000] {processor.py:840} INFO - DAG(s) 'example_trigger_target_dag' retrieved from /home/airflow/.local/lib/python3.8/site-packages/airflow/example_dags/example_trigger_target_dag.py
[2024-04-08T08:51:48.581+0000] {logging_mixin.py:188} INFO - [2024-04-08T08:51:48.581+0000] {dag.py:3047} INFO - Sync 1 DAGs
[2024-04-08T08:51:48.595+0000] {logging_mixin.py:188} INFO - [2024-04-08T08:51:48.595+0000] {dag.py:3834} INFO - Setting next_dagrun for example_trigger_target_dag to None, run_after=None
[2024-04-08T08:51:48.619+0000] {processor.py:183} INFO - Processing /home/airflow/.local/lib/python3.8/site-packages/airflow/example_dags/example_trigger_target_dag.py took 0.073 seconds
[2024-04-08T08:52:19.212+0000] {processor.py:161} INFO - Started process (PID=12984) to work on /home/airflow/.local/lib/python3.8/site-packages/airflow/example_dags/example_trigger_target_dag.py
[2024-04-08T08:52:19.213+0000] {processor.py:830} INFO - Processing file /home/airflow/.local/lib/python3.8/site-packages/airflow/example_dags/example_trigger_target_dag.py for tasks to queue
[2024-04-08T08:52:19.214+0000] {logging_mixin.py:188} INFO - [2024-04-08T08:52:19.214+0000] {dagbag.py:540} INFO - Filling up the DagBag from /home/airflow/.local/lib/python3.8/site-packages/airflow/example_dags/example_trigger_target_dag.py
[2024-04-08T08:52:19.219+0000] {processor.py:840} INFO - DAG(s) 'example_trigger_target_dag' retrieved from /home/airflow/.local/lib/python3.8/site-packages/airflow/example_dags/example_trigger_target_dag.py
[2024-04-08T08:52:19.241+0000] {logging_mixin.py:188} INFO - [2024-04-08T08:52:19.241+0000] {dag.py:3047} INFO - Sync 1 DAGs
[2024-04-08T08:52:19.255+0000] {logging_mixin.py:188} INFO - [2024-04-08T08:52:19.255+0000] {dag.py:3834} INFO - Setting next_dagrun for example_trigger_target_dag to None, run_after=None
[2024-04-08T08:52:19.279+0000] {processor.py:183} INFO - Processing /home/airflow/.local/lib/python3.8/site-packages/airflow/example_dags/example_trigger_target_dag.py took 0.070 seconds
[2024-04-08T08:52:49.778+0000] {processor.py:161} INFO - Started process (PID=13241) to work on /home/airflow/.local/lib/python3.8/site-packages/airflow/example_dags/example_trigger_target_dag.py
[2024-04-08T08:52:49.780+0000] {processor.py:830} INFO - Processing file /home/airflow/.local/lib/python3.8/site-packages/airflow/example_dags/example_trigger_target_dag.py for tasks to queue
[2024-04-08T08:52:49.781+0000] {logging_mixin.py:188} INFO - [2024-04-08T08:52:49.780+0000] {dagbag.py:540} INFO - Filling up the DagBag from /home/airflow/.local/lib/python3.8/site-packages/airflow/example_dags/example_trigger_target_dag.py
[2024-04-08T08:52:49.787+0000] {processor.py:840} INFO - DAG(s) 'example_trigger_target_dag' retrieved from /home/airflow/.local/lib/python3.8/site-packages/airflow/example_dags/example_trigger_target_dag.py
[2024-04-08T08:52:49.810+0000] {logging_mixin.py:188} INFO - [2024-04-08T08:52:49.810+0000] {dag.py:3047} INFO - Sync 1 DAGs
[2024-04-08T08:52:49.824+0000] {logging_mixin.py:188} INFO - [2024-04-08T08:52:49.824+0000] {dag.py:3834} INFO - Setting next_dagrun for example_trigger_target_dag to None, run_after=None
[2024-04-08T08:52:49.848+0000] {processor.py:183} INFO - Processing /home/airflow/.local/lib/python3.8/site-packages/airflow/example_dags/example_trigger_target_dag.py took 0.073 seconds
[2024-04-08T08:53:20.057+0000] {processor.py:161} INFO - Started process (PID=13498) to work on /home/airflow/.local/lib/python3.8/site-packages/airflow/example_dags/example_trigger_target_dag.py
[2024-04-08T08:53:20.059+0000] {processor.py:830} INFO - Processing file /home/airflow/.local/lib/python3.8/site-packages/airflow/example_dags/example_trigger_target_dag.py for tasks to queue
[2024-04-08T08:53:20.060+0000] {logging_mixin.py:188} INFO - [2024-04-08T08:53:20.060+0000] {dagbag.py:540} INFO - Filling up the DagBag from /home/airflow/.local/lib/python3.8/site-packages/airflow/example_dags/example_trigger_target_dag.py
[2024-04-08T08:53:20.067+0000] {processor.py:840} INFO - DAG(s) 'example_trigger_target_dag' retrieved from /home/airflow/.local/lib/python3.8/site-packages/airflow/example_dags/example_trigger_target_dag.py
[2024-04-08T08:53:20.087+0000] {logging_mixin.py:188} INFO - [2024-04-08T08:53:20.087+0000] {dag.py:3047} INFO - Sync 1 DAGs
[2024-04-08T08:53:20.101+0000] {logging_mixin.py:188} INFO - [2024-04-08T08:53:20.101+0000] {dag.py:3834} INFO - Setting next_dagrun for example_trigger_target_dag to None, run_after=None
[2024-04-08T08:53:20.124+0000] {processor.py:183} INFO - Processing /home/airflow/.local/lib/python3.8/site-packages/airflow/example_dags/example_trigger_target_dag.py took 0.071 seconds
[2024-04-08T08:53:50.637+0000] {processor.py:161} INFO - Started process (PID=13755) to work on /home/airflow/.local/lib/python3.8/site-packages/airflow/example_dags/example_trigger_target_dag.py
[2024-04-08T08:53:50.638+0000] {processor.py:830} INFO - Processing file /home/airflow/.local/lib/python3.8/site-packages/airflow/example_dags/example_trigger_target_dag.py for tasks to queue
[2024-04-08T08:53:50.639+0000] {logging_mixin.py:188} INFO - [2024-04-08T08:53:50.638+0000] {dagbag.py:540} INFO - Filling up the DagBag from /home/airflow/.local/lib/python3.8/site-packages/airflow/example_dags/example_trigger_target_dag.py
[2024-04-08T08:53:50.645+0000] {processor.py:840} INFO - DAG(s) 'example_trigger_target_dag' retrieved from /home/airflow/.local/lib/python3.8/site-packages/airflow/example_dags/example_trigger_target_dag.py
[2024-04-08T08:53:50.668+0000] {logging_mixin.py:188} INFO - [2024-04-08T08:53:50.667+0000] {dag.py:3047} INFO - Sync 1 DAGs
[2024-04-08T08:53:50.682+0000] {logging_mixin.py:188} INFO - [2024-04-08T08:53:50.682+0000] {dag.py:3834} INFO - Setting next_dagrun for example_trigger_target_dag to None, run_after=None
[2024-04-08T08:53:50.704+0000] {processor.py:183} INFO - Processing /home/airflow/.local/lib/python3.8/site-packages/airflow/example_dags/example_trigger_target_dag.py took 0.071 seconds
[2024-04-08T08:54:21.014+0000] {processor.py:161} INFO - Started process (PID=14013) to work on /home/airflow/.local/lib/python3.8/site-packages/airflow/example_dags/example_trigger_target_dag.py
[2024-04-08T08:54:21.015+0000] {processor.py:830} INFO - Processing file /home/airflow/.local/lib/python3.8/site-packages/airflow/example_dags/example_trigger_target_dag.py for tasks to queue
[2024-04-08T08:54:21.016+0000] {logging_mixin.py:188} INFO - [2024-04-08T08:54:21.016+0000] {dagbag.py:540} INFO - Filling up the DagBag from /home/airflow/.local/lib/python3.8/site-packages/airflow/example_dags/example_trigger_target_dag.py
[2024-04-08T08:54:21.022+0000] {processor.py:840} INFO - DAG(s) 'example_trigger_target_dag' retrieved from /home/airflow/.local/lib/python3.8/site-packages/airflow/example_dags/example_trigger_target_dag.py
[2024-04-08T08:54:21.043+0000] {logging_mixin.py:188} INFO - [2024-04-08T08:54:21.042+0000] {dag.py:3047} INFO - Sync 1 DAGs
[2024-04-08T08:54:21.056+0000] {logging_mixin.py:188} INFO - [2024-04-08T08:54:21.056+0000] {dag.py:3834} INFO - Setting next_dagrun for example_trigger_target_dag to None, run_after=None
[2024-04-08T08:54:21.079+0000] {processor.py:183} INFO - Processing /home/airflow/.local/lib/python3.8/site-packages/airflow/example_dags/example_trigger_target_dag.py took 0.069 seconds
[2024-04-08T08:54:51.349+0000] {processor.py:161} INFO - Started process (PID=14271) to work on /home/airflow/.local/lib/python3.8/site-packages/airflow/example_dags/example_trigger_target_dag.py
[2024-04-08T08:54:51.350+0000] {processor.py:830} INFO - Processing file /home/airflow/.local/lib/python3.8/site-packages/airflow/example_dags/example_trigger_target_dag.py for tasks to queue
[2024-04-08T08:54:51.351+0000] {logging_mixin.py:188} INFO - [2024-04-08T08:54:51.351+0000] {dagbag.py:540} INFO - Filling up the DagBag from /home/airflow/.local/lib/python3.8/site-packages/airflow/example_dags/example_trigger_target_dag.py
[2024-04-08T08:54:51.358+0000] {processor.py:840} INFO - DAG(s) 'example_trigger_target_dag' retrieved from /home/airflow/.local/lib/python3.8/site-packages/airflow/example_dags/example_trigger_target_dag.py
[2024-04-08T08:54:51.381+0000] {logging_mixin.py:188} INFO - [2024-04-08T08:54:51.381+0000] {dag.py:3047} INFO - Sync 1 DAGs
[2024-04-08T08:54:51.410+0000] {logging_mixin.py:188} INFO - [2024-04-08T08:54:51.405+0000] {dag.py:3834} INFO - Setting next_dagrun for example_trigger_target_dag to None, run_after=None
[2024-04-08T08:54:51.455+0000] {processor.py:183} INFO - Processing /home/airflow/.local/lib/python3.8/site-packages/airflow/example_dags/example_trigger_target_dag.py took 0.110 seconds
[2024-04-08T08:55:21.768+0000] {processor.py:161} INFO - Started process (PID=14529) to work on /home/airflow/.local/lib/python3.8/site-packages/airflow/example_dags/example_trigger_target_dag.py
[2024-04-08T08:55:21.769+0000] {processor.py:830} INFO - Processing file /home/airflow/.local/lib/python3.8/site-packages/airflow/example_dags/example_trigger_target_dag.py for tasks to queue
[2024-04-08T08:55:21.771+0000] {logging_mixin.py:188} INFO - [2024-04-08T08:55:21.770+0000] {dagbag.py:540} INFO - Filling up the DagBag from /home/airflow/.local/lib/python3.8/site-packages/airflow/example_dags/example_trigger_target_dag.py
[2024-04-08T08:55:21.777+0000] {processor.py:840} INFO - DAG(s) 'example_trigger_target_dag' retrieved from /home/airflow/.local/lib/python3.8/site-packages/airflow/example_dags/example_trigger_target_dag.py
[2024-04-08T08:55:21.800+0000] {logging_mixin.py:188} INFO - [2024-04-08T08:55:21.800+0000] {dag.py:3047} INFO - Sync 1 DAGs
[2024-04-08T08:55:21.811+0000] {logging_mixin.py:188} INFO - [2024-04-08T08:55:21.811+0000] {dag.py:3834} INFO - Setting next_dagrun for example_trigger_target_dag to None, run_after=None
[2024-04-08T08:55:21.843+0000] {processor.py:183} INFO - Processing /home/airflow/.local/lib/python3.8/site-packages/airflow/example_dags/example_trigger_target_dag.py took 0.079 seconds
[2024-04-08T08:55:52.147+0000] {processor.py:161} INFO - Started process (PID=14787) to work on /home/airflow/.local/lib/python3.8/site-packages/airflow/example_dags/example_trigger_target_dag.py
[2024-04-08T08:55:52.147+0000] {processor.py:830} INFO - Processing file /home/airflow/.local/lib/python3.8/site-packages/airflow/example_dags/example_trigger_target_dag.py for tasks to queue
[2024-04-08T08:55:52.148+0000] {logging_mixin.py:188} INFO - [2024-04-08T08:55:52.148+0000] {dagbag.py:540} INFO - Filling up the DagBag from /home/airflow/.local/lib/python3.8/site-packages/airflow/example_dags/example_trigger_target_dag.py
[2024-04-08T08:55:52.155+0000] {processor.py:840} INFO - DAG(s) 'example_trigger_target_dag' retrieved from /home/airflow/.local/lib/python3.8/site-packages/airflow/example_dags/example_trigger_target_dag.py
[2024-04-08T08:55:52.176+0000] {logging_mixin.py:188} INFO - [2024-04-08T08:55:52.176+0000] {dag.py:3047} INFO - Sync 1 DAGs
[2024-04-08T08:55:52.191+0000] {logging_mixin.py:188} INFO - [2024-04-08T08:55:52.190+0000] {dag.py:3834} INFO - Setting next_dagrun for example_trigger_target_dag to None, run_after=None
[2024-04-08T08:55:52.214+0000] {processor.py:183} INFO - Processing /home/airflow/.local/lib/python3.8/site-packages/airflow/example_dags/example_trigger_target_dag.py took 0.071 seconds
[2024-04-08T08:56:22.427+0000] {processor.py:161} INFO - Started process (PID=15045) to work on /home/airflow/.local/lib/python3.8/site-packages/airflow/example_dags/example_trigger_target_dag.py
[2024-04-08T08:56:22.428+0000] {processor.py:830} INFO - Processing file /home/airflow/.local/lib/python3.8/site-packages/airflow/example_dags/example_trigger_target_dag.py for tasks to queue
[2024-04-08T08:56:22.429+0000] {logging_mixin.py:188} INFO - [2024-04-08T08:56:22.428+0000] {dagbag.py:540} INFO - Filling up the DagBag from /home/airflow/.local/lib/python3.8/site-packages/airflow/example_dags/example_trigger_target_dag.py
[2024-04-08T08:56:22.435+0000] {processor.py:840} INFO - DAG(s) 'example_trigger_target_dag' retrieved from /home/airflow/.local/lib/python3.8/site-packages/airflow/example_dags/example_trigger_target_dag.py
[2024-04-08T08:56:22.467+0000] {logging_mixin.py:188} INFO - [2024-04-08T08:56:22.467+0000] {dag.py:3047} INFO - Sync 1 DAGs
[2024-04-08T08:56:22.486+0000] {logging_mixin.py:188} INFO - [2024-04-08T08:56:22.485+0000] {dag.py:3834} INFO - Setting next_dagrun for example_trigger_target_dag to None, run_after=None
[2024-04-08T08:56:22.524+0000] {processor.py:183} INFO - Processing /home/airflow/.local/lib/python3.8/site-packages/airflow/example_dags/example_trigger_target_dag.py took 0.101 seconds
