[2024-04-08T08:27:19.439+0000] {processor.py:161} INFO - Started process (PID=235) to work on /home/airflow/.local/lib/python3.8/site-packages/airflow/example_dags/example_python_decorator.py
[2024-04-08T08:27:19.441+0000] {processor.py:830} INFO - Processing file /home/airflow/.local/lib/python3.8/site-packages/airflow/example_dags/example_python_decorator.py for tasks to queue
[2024-04-08T08:27:19.443+0000] {logging_mixin.py:188} INFO - [2024-04-08T08:27:19.443+0000] {dagbag.py:540} INFO - Filling up the DagBag from /home/airflow/.local/lib/python3.8/site-packages/airflow/example_dags/example_python_decorator.py
[2024-04-08T08:27:19.462+0000] {processor.py:840} INFO - DAG(s) 'example_python_decorator' retrieved from /home/airflow/.local/lib/python3.8/site-packages/airflow/example_dags/example_python_decorator.py
[2024-04-08T08:27:19.729+0000] {logging_mixin.py:188} INFO - [2024-04-08T08:27:19.729+0000] {dag.py:3047} INFO - Sync 1 DAGs
[2024-04-08T08:27:19.750+0000] {logging_mixin.py:188} INFO - [2024-04-08T08:27:19.750+0000] {dag.py:3834} INFO - Setting next_dagrun for example_python_decorator to None, run_after=None
[2024-04-08T08:27:19.838+0000] {processor.py:183} INFO - Processing /home/airflow/.local/lib/python3.8/site-packages/airflow/example_dags/example_python_decorator.py took 0.412 seconds
[2024-04-08T08:27:50.143+0000] {processor.py:161} INFO - Started process (PID=492) to work on /home/airflow/.local/lib/python3.8/site-packages/airflow/example_dags/example_python_decorator.py
[2024-04-08T08:27:50.144+0000] {processor.py:830} INFO - Processing file /home/airflow/.local/lib/python3.8/site-packages/airflow/example_dags/example_python_decorator.py for tasks to queue
[2024-04-08T08:27:50.145+0000] {logging_mixin.py:188} INFO - [2024-04-08T08:27:50.145+0000] {dagbag.py:540} INFO - Filling up the DagBag from /home/airflow/.local/lib/python3.8/site-packages/airflow/example_dags/example_python_decorator.py
[2024-04-08T08:27:50.162+0000] {processor.py:840} INFO - DAG(s) 'example_python_decorator' retrieved from /home/airflow/.local/lib/python3.8/site-packages/airflow/example_dags/example_python_decorator.py
[2024-04-08T08:27:50.188+0000] {logging_mixin.py:188} INFO - [2024-04-08T08:27:50.188+0000] {dag.py:3047} INFO - Sync 1 DAGs
[2024-04-08T08:27:50.203+0000] {logging_mixin.py:188} INFO - [2024-04-08T08:27:50.203+0000] {dag.py:3834} INFO - Setting next_dagrun for example_python_decorator to None, run_after=None
[2024-04-08T08:27:50.228+0000] {processor.py:183} INFO - Processing /home/airflow/.local/lib/python3.8/site-packages/airflow/example_dags/example_python_decorator.py took 0.088 seconds
[2024-04-08T08:28:20.944+0000] {processor.py:161} INFO - Started process (PID=750) to work on /home/airflow/.local/lib/python3.8/site-packages/airflow/example_dags/example_python_decorator.py
[2024-04-08T08:28:20.945+0000] {processor.py:830} INFO - Processing file /home/airflow/.local/lib/python3.8/site-packages/airflow/example_dags/example_python_decorator.py for tasks to queue
[2024-04-08T08:28:20.946+0000] {logging_mixin.py:188} INFO - [2024-04-08T08:28:20.946+0000] {dagbag.py:540} INFO - Filling up the DagBag from /home/airflow/.local/lib/python3.8/site-packages/airflow/example_dags/example_python_decorator.py
[2024-04-08T08:28:20.961+0000] {processor.py:840} INFO - DAG(s) 'example_python_decorator' retrieved from /home/airflow/.local/lib/python3.8/site-packages/airflow/example_dags/example_python_decorator.py
[2024-04-08T08:28:20.987+0000] {logging_mixin.py:188} INFO - [2024-04-08T08:28:20.987+0000] {dag.py:3047} INFO - Sync 1 DAGs
[2024-04-08T08:28:21.002+0000] {logging_mixin.py:188} INFO - [2024-04-08T08:28:21.001+0000] {dag.py:3834} INFO - Setting next_dagrun for example_python_decorator to None, run_after=None
[2024-04-08T08:28:21.025+0000] {processor.py:183} INFO - Processing /home/airflow/.local/lib/python3.8/site-packages/airflow/example_dags/example_python_decorator.py took 0.085 seconds
[2024-04-08T08:28:51.452+0000] {processor.py:161} INFO - Started process (PID=1008) to work on /home/airflow/.local/lib/python3.8/site-packages/airflow/example_dags/example_python_decorator.py
[2024-04-08T08:28:51.453+0000] {processor.py:830} INFO - Processing file /home/airflow/.local/lib/python3.8/site-packages/airflow/example_dags/example_python_decorator.py for tasks to queue
[2024-04-08T08:28:51.454+0000] {logging_mixin.py:188} INFO - [2024-04-08T08:28:51.454+0000] {dagbag.py:540} INFO - Filling up the DagBag from /home/airflow/.local/lib/python3.8/site-packages/airflow/example_dags/example_python_decorator.py
[2024-04-08T08:28:51.472+0000] {processor.py:840} INFO - DAG(s) 'example_python_decorator' retrieved from /home/airflow/.local/lib/python3.8/site-packages/airflow/example_dags/example_python_decorator.py
[2024-04-08T08:28:51.500+0000] {logging_mixin.py:188} INFO - [2024-04-08T08:28:51.500+0000] {dag.py:3047} INFO - Sync 1 DAGs
[2024-04-08T08:28:51.518+0000] {logging_mixin.py:188} INFO - [2024-04-08T08:28:51.517+0000] {dag.py:3834} INFO - Setting next_dagrun for example_python_decorator to None, run_after=None
[2024-04-08T08:28:51.542+0000] {processor.py:183} INFO - Processing /home/airflow/.local/lib/python3.8/site-packages/airflow/example_dags/example_python_decorator.py took 0.095 seconds
[2024-04-08T08:29:22.254+0000] {processor.py:161} INFO - Started process (PID=1266) to work on /home/airflow/.local/lib/python3.8/site-packages/airflow/example_dags/example_python_decorator.py
[2024-04-08T08:29:22.255+0000] {processor.py:830} INFO - Processing file /home/airflow/.local/lib/python3.8/site-packages/airflow/example_dags/example_python_decorator.py for tasks to queue
[2024-04-08T08:29:22.256+0000] {logging_mixin.py:188} INFO - [2024-04-08T08:29:22.256+0000] {dagbag.py:540} INFO - Filling up the DagBag from /home/airflow/.local/lib/python3.8/site-packages/airflow/example_dags/example_python_decorator.py
[2024-04-08T08:29:22.271+0000] {processor.py:840} INFO - DAG(s) 'example_python_decorator' retrieved from /home/airflow/.local/lib/python3.8/site-packages/airflow/example_dags/example_python_decorator.py
[2024-04-08T08:29:22.296+0000] {logging_mixin.py:188} INFO - [2024-04-08T08:29:22.296+0000] {dag.py:3047} INFO - Sync 1 DAGs
[2024-04-08T08:29:22.311+0000] {logging_mixin.py:188} INFO - [2024-04-08T08:29:22.311+0000] {dag.py:3834} INFO - Setting next_dagrun for example_python_decorator to None, run_after=None
[2024-04-08T08:29:22.338+0000] {processor.py:183} INFO - Processing /home/airflow/.local/lib/python3.8/site-packages/airflow/example_dags/example_python_decorator.py took 0.087 seconds
[2024-04-08T08:29:52.647+0000] {processor.py:161} INFO - Started process (PID=1525) to work on /home/airflow/.local/lib/python3.8/site-packages/airflow/example_dags/example_python_decorator.py
[2024-04-08T08:29:52.647+0000] {processor.py:830} INFO - Processing file /home/airflow/.local/lib/python3.8/site-packages/airflow/example_dags/example_python_decorator.py for tasks to queue
[2024-04-08T08:29:52.648+0000] {logging_mixin.py:188} INFO - [2024-04-08T08:29:52.648+0000] {dagbag.py:540} INFO - Filling up the DagBag from /home/airflow/.local/lib/python3.8/site-packages/airflow/example_dags/example_python_decorator.py
[2024-04-08T08:29:52.665+0000] {processor.py:840} INFO - DAG(s) 'example_python_decorator' retrieved from /home/airflow/.local/lib/python3.8/site-packages/airflow/example_dags/example_python_decorator.py
[2024-04-08T08:29:52.691+0000] {logging_mixin.py:188} INFO - [2024-04-08T08:29:52.690+0000] {dag.py:3047} INFO - Sync 1 DAGs
[2024-04-08T08:29:52.706+0000] {logging_mixin.py:188} INFO - [2024-04-08T08:29:52.706+0000] {dag.py:3834} INFO - Setting next_dagrun for example_python_decorator to None, run_after=None
[2024-04-08T08:29:52.736+0000] {processor.py:183} INFO - Processing /home/airflow/.local/lib/python3.8/site-packages/airflow/example_dags/example_python_decorator.py took 0.093 seconds
[2024-04-08T08:30:23.385+0000] {processor.py:161} INFO - Started process (PID=1781) to work on /home/airflow/.local/lib/python3.8/site-packages/airflow/example_dags/example_python_decorator.py
[2024-04-08T08:30:23.386+0000] {processor.py:830} INFO - Processing file /home/airflow/.local/lib/python3.8/site-packages/airflow/example_dags/example_python_decorator.py for tasks to queue
[2024-04-08T08:30:23.387+0000] {logging_mixin.py:188} INFO - [2024-04-08T08:30:23.386+0000] {dagbag.py:540} INFO - Filling up the DagBag from /home/airflow/.local/lib/python3.8/site-packages/airflow/example_dags/example_python_decorator.py
[2024-04-08T08:30:23.401+0000] {processor.py:840} INFO - DAG(s) 'example_python_decorator' retrieved from /home/airflow/.local/lib/python3.8/site-packages/airflow/example_dags/example_python_decorator.py
[2024-04-08T08:30:23.426+0000] {logging_mixin.py:188} INFO - [2024-04-08T08:30:23.426+0000] {dag.py:3047} INFO - Sync 1 DAGs
[2024-04-08T08:30:23.443+0000] {logging_mixin.py:188} INFO - [2024-04-08T08:30:23.443+0000] {dag.py:3834} INFO - Setting next_dagrun for example_python_decorator to None, run_after=None
[2024-04-08T08:30:23.472+0000] {processor.py:183} INFO - Processing /home/airflow/.local/lib/python3.8/site-packages/airflow/example_dags/example_python_decorator.py took 0.092 seconds
[2024-04-08T08:30:53.972+0000] {processor.py:161} INFO - Started process (PID=2038) to work on /home/airflow/.local/lib/python3.8/site-packages/airflow/example_dags/example_python_decorator.py
[2024-04-08T08:30:53.973+0000] {processor.py:830} INFO - Processing file /home/airflow/.local/lib/python3.8/site-packages/airflow/example_dags/example_python_decorator.py for tasks to queue
[2024-04-08T08:30:53.974+0000] {logging_mixin.py:188} INFO - [2024-04-08T08:30:53.974+0000] {dagbag.py:540} INFO - Filling up the DagBag from /home/airflow/.local/lib/python3.8/site-packages/airflow/example_dags/example_python_decorator.py
[2024-04-08T08:30:54.013+0000] {processor.py:840} INFO - DAG(s) 'example_python_decorator' retrieved from /home/airflow/.local/lib/python3.8/site-packages/airflow/example_dags/example_python_decorator.py
[2024-04-08T08:30:54.054+0000] {logging_mixin.py:188} INFO - [2024-04-08T08:30:54.054+0000] {dag.py:3047} INFO - Sync 1 DAGs
[2024-04-08T08:30:54.088+0000] {logging_mixin.py:188} INFO - [2024-04-08T08:30:54.088+0000] {dag.py:3834} INFO - Setting next_dagrun for example_python_decorator to None, run_after=None
[2024-04-08T08:30:54.117+0000] {processor.py:183} INFO - Processing /home/airflow/.local/lib/python3.8/site-packages/airflow/example_dags/example_python_decorator.py took 0.149 seconds
[2024-04-08T08:31:24.482+0000] {processor.py:161} INFO - Started process (PID=2295) to work on /home/airflow/.local/lib/python3.8/site-packages/airflow/example_dags/example_python_decorator.py
[2024-04-08T08:31:24.484+0000] {processor.py:830} INFO - Processing file /home/airflow/.local/lib/python3.8/site-packages/airflow/example_dags/example_python_decorator.py for tasks to queue
[2024-04-08T08:31:24.485+0000] {logging_mixin.py:188} INFO - [2024-04-08T08:31:24.484+0000] {dagbag.py:540} INFO - Filling up the DagBag from /home/airflow/.local/lib/python3.8/site-packages/airflow/example_dags/example_python_decorator.py
[2024-04-08T08:31:24.501+0000] {processor.py:840} INFO - DAG(s) 'example_python_decorator' retrieved from /home/airflow/.local/lib/python3.8/site-packages/airflow/example_dags/example_python_decorator.py
[2024-04-08T08:31:24.530+0000] {logging_mixin.py:188} INFO - [2024-04-08T08:31:24.530+0000] {dag.py:3047} INFO - Sync 1 DAGs
[2024-04-08T08:31:24.546+0000] {logging_mixin.py:188} INFO - [2024-04-08T08:31:24.546+0000] {dag.py:3834} INFO - Setting next_dagrun for example_python_decorator to None, run_after=None
[2024-04-08T08:31:24.569+0000] {processor.py:183} INFO - Processing /home/airflow/.local/lib/python3.8/site-packages/airflow/example_dags/example_python_decorator.py took 0.090 seconds
[2024-04-08T08:31:55.271+0000] {processor.py:161} INFO - Started process (PID=2552) to work on /home/airflow/.local/lib/python3.8/site-packages/airflow/example_dags/example_python_decorator.py
[2024-04-08T08:31:55.272+0000] {processor.py:830} INFO - Processing file /home/airflow/.local/lib/python3.8/site-packages/airflow/example_dags/example_python_decorator.py for tasks to queue
[2024-04-08T08:31:55.273+0000] {logging_mixin.py:188} INFO - [2024-04-08T08:31:55.272+0000] {dagbag.py:540} INFO - Filling up the DagBag from /home/airflow/.local/lib/python3.8/site-packages/airflow/example_dags/example_python_decorator.py
[2024-04-08T08:31:55.289+0000] {processor.py:840} INFO - DAG(s) 'example_python_decorator' retrieved from /home/airflow/.local/lib/python3.8/site-packages/airflow/example_dags/example_python_decorator.py
[2024-04-08T08:31:55.313+0000] {logging_mixin.py:188} INFO - [2024-04-08T08:31:55.312+0000] {dag.py:3047} INFO - Sync 1 DAGs
[2024-04-08T08:31:55.329+0000] {logging_mixin.py:188} INFO - [2024-04-08T08:31:55.328+0000] {dag.py:3834} INFO - Setting next_dagrun for example_python_decorator to None, run_after=None
[2024-04-08T08:31:55.353+0000] {processor.py:183} INFO - Processing /home/airflow/.local/lib/python3.8/site-packages/airflow/example_dags/example_python_decorator.py took 0.084 seconds
[2024-04-08T08:32:25.826+0000] {processor.py:161} INFO - Started process (PID=2809) to work on /home/airflow/.local/lib/python3.8/site-packages/airflow/example_dags/example_python_decorator.py
[2024-04-08T08:32:25.827+0000] {processor.py:830} INFO - Processing file /home/airflow/.local/lib/python3.8/site-packages/airflow/example_dags/example_python_decorator.py for tasks to queue
[2024-04-08T08:32:25.828+0000] {logging_mixin.py:188} INFO - [2024-04-08T08:32:25.828+0000] {dagbag.py:540} INFO - Filling up the DagBag from /home/airflow/.local/lib/python3.8/site-packages/airflow/example_dags/example_python_decorator.py
[2024-04-08T08:32:25.845+0000] {processor.py:840} INFO - DAG(s) 'example_python_decorator' retrieved from /home/airflow/.local/lib/python3.8/site-packages/airflow/example_dags/example_python_decorator.py
[2024-04-08T08:32:25.875+0000] {logging_mixin.py:188} INFO - [2024-04-08T08:32:25.875+0000] {dag.py:3047} INFO - Sync 1 DAGs
[2024-04-08T08:32:25.889+0000] {logging_mixin.py:188} INFO - [2024-04-08T08:32:25.889+0000] {dag.py:3834} INFO - Setting next_dagrun for example_python_decorator to None, run_after=None
[2024-04-08T08:32:25.917+0000] {processor.py:183} INFO - Processing /home/airflow/.local/lib/python3.8/site-packages/airflow/example_dags/example_python_decorator.py took 0.095 seconds
[2024-04-08T08:32:56.005+0000] {processor.py:161} INFO - Started process (PID=3066) to work on /home/airflow/.local/lib/python3.8/site-packages/airflow/example_dags/example_python_decorator.py
[2024-04-08T08:32:56.006+0000] {processor.py:830} INFO - Processing file /home/airflow/.local/lib/python3.8/site-packages/airflow/example_dags/example_python_decorator.py for tasks to queue
[2024-04-08T08:32:56.008+0000] {logging_mixin.py:188} INFO - [2024-04-08T08:32:56.007+0000] {dagbag.py:540} INFO - Filling up the DagBag from /home/airflow/.local/lib/python3.8/site-packages/airflow/example_dags/example_python_decorator.py
[2024-04-08T08:32:56.025+0000] {processor.py:840} INFO - DAG(s) 'example_python_decorator' retrieved from /home/airflow/.local/lib/python3.8/site-packages/airflow/example_dags/example_python_decorator.py
[2024-04-08T08:32:56.051+0000] {logging_mixin.py:188} INFO - [2024-04-08T08:32:56.051+0000] {dag.py:3047} INFO - Sync 1 DAGs
[2024-04-08T08:32:56.065+0000] {logging_mixin.py:188} INFO - [2024-04-08T08:32:56.065+0000] {dag.py:3834} INFO - Setting next_dagrun for example_python_decorator to None, run_after=None
[2024-04-08T08:32:56.091+0000] {processor.py:183} INFO - Processing /home/airflow/.local/lib/python3.8/site-packages/airflow/example_dags/example_python_decorator.py took 0.090 seconds
[2024-04-08T08:33:26.445+0000] {processor.py:161} INFO - Started process (PID=3323) to work on /home/airflow/.local/lib/python3.8/site-packages/airflow/example_dags/example_python_decorator.py
[2024-04-08T08:33:26.446+0000] {processor.py:830} INFO - Processing file /home/airflow/.local/lib/python3.8/site-packages/airflow/example_dags/example_python_decorator.py for tasks to queue
[2024-04-08T08:33:26.448+0000] {logging_mixin.py:188} INFO - [2024-04-08T08:33:26.448+0000] {dagbag.py:540} INFO - Filling up the DagBag from /home/airflow/.local/lib/python3.8/site-packages/airflow/example_dags/example_python_decorator.py
[2024-04-08T08:33:26.466+0000] {processor.py:840} INFO - DAG(s) 'example_python_decorator' retrieved from /home/airflow/.local/lib/python3.8/site-packages/airflow/example_dags/example_python_decorator.py
[2024-04-08T08:33:26.524+0000] {logging_mixin.py:188} INFO - [2024-04-08T08:33:26.524+0000] {dag.py:3047} INFO - Sync 1 DAGs
[2024-04-08T08:33:26.541+0000] {logging_mixin.py:188} INFO - [2024-04-08T08:33:26.540+0000] {dag.py:3834} INFO - Setting next_dagrun for example_python_decorator to None, run_after=None
[2024-04-08T08:33:26.563+0000] {processor.py:183} INFO - Processing /home/airflow/.local/lib/python3.8/site-packages/airflow/example_dags/example_python_decorator.py took 0.121 seconds
[2024-04-08T08:33:57.022+0000] {processor.py:161} INFO - Started process (PID=3580) to work on /home/airflow/.local/lib/python3.8/site-packages/airflow/example_dags/example_python_decorator.py
[2024-04-08T08:33:57.023+0000] {processor.py:830} INFO - Processing file /home/airflow/.local/lib/python3.8/site-packages/airflow/example_dags/example_python_decorator.py for tasks to queue
[2024-04-08T08:33:57.024+0000] {logging_mixin.py:188} INFO - [2024-04-08T08:33:57.024+0000] {dagbag.py:540} INFO - Filling up the DagBag from /home/airflow/.local/lib/python3.8/site-packages/airflow/example_dags/example_python_decorator.py
[2024-04-08T08:33:57.040+0000] {processor.py:840} INFO - DAG(s) 'example_python_decorator' retrieved from /home/airflow/.local/lib/python3.8/site-packages/airflow/example_dags/example_python_decorator.py
[2024-04-08T08:33:57.067+0000] {logging_mixin.py:188} INFO - [2024-04-08T08:33:57.066+0000] {dag.py:3047} INFO - Sync 1 DAGs
[2024-04-08T08:33:57.081+0000] {logging_mixin.py:188} INFO - [2024-04-08T08:33:57.081+0000] {dag.py:3834} INFO - Setting next_dagrun for example_python_decorator to None, run_after=None
[2024-04-08T08:33:57.108+0000] {processor.py:183} INFO - Processing /home/airflow/.local/lib/python3.8/site-packages/airflow/example_dags/example_python_decorator.py took 0.089 seconds
[2024-04-08T08:34:27.162+0000] {processor.py:161} INFO - Started process (PID=3831) to work on /home/airflow/.local/lib/python3.8/site-packages/airflow/example_dags/example_python_decorator.py
[2024-04-08T08:34:27.163+0000] {processor.py:830} INFO - Processing file /home/airflow/.local/lib/python3.8/site-packages/airflow/example_dags/example_python_decorator.py for tasks to queue
[2024-04-08T08:34:27.164+0000] {logging_mixin.py:188} INFO - [2024-04-08T08:34:27.164+0000] {dagbag.py:540} INFO - Filling up the DagBag from /home/airflow/.local/lib/python3.8/site-packages/airflow/example_dags/example_python_decorator.py
[2024-04-08T08:34:27.181+0000] {processor.py:840} INFO - DAG(s) 'example_python_decorator' retrieved from /home/airflow/.local/lib/python3.8/site-packages/airflow/example_dags/example_python_decorator.py
[2024-04-08T08:34:27.208+0000] {logging_mixin.py:188} INFO - [2024-04-08T08:34:27.208+0000] {dag.py:3047} INFO - Sync 1 DAGs
[2024-04-08T08:34:27.221+0000] {logging_mixin.py:188} INFO - [2024-04-08T08:34:27.220+0000] {dag.py:3834} INFO - Setting next_dagrun for example_python_decorator to None, run_after=None
[2024-04-08T08:34:27.246+0000] {processor.py:183} INFO - Processing /home/airflow/.local/lib/python3.8/site-packages/airflow/example_dags/example_python_decorator.py took 0.088 seconds
[2024-04-08T08:34:57.446+0000] {processor.py:161} INFO - Started process (PID=4090) to work on /home/airflow/.local/lib/python3.8/site-packages/airflow/example_dags/example_python_decorator.py
[2024-04-08T08:34:57.447+0000] {processor.py:830} INFO - Processing file /home/airflow/.local/lib/python3.8/site-packages/airflow/example_dags/example_python_decorator.py for tasks to queue
[2024-04-08T08:34:57.448+0000] {logging_mixin.py:188} INFO - [2024-04-08T08:34:57.448+0000] {dagbag.py:540} INFO - Filling up the DagBag from /home/airflow/.local/lib/python3.8/site-packages/airflow/example_dags/example_python_decorator.py
[2024-04-08T08:34:57.458+0000] {processor.py:840} INFO - DAG(s) 'example_python_decorator' retrieved from /home/airflow/.local/lib/python3.8/site-packages/airflow/example_dags/example_python_decorator.py
[2024-04-08T08:34:57.477+0000] {logging_mixin.py:188} INFO - [2024-04-08T08:34:57.476+0000] {dag.py:3047} INFO - Sync 1 DAGs
[2024-04-08T08:34:57.486+0000] {logging_mixin.py:188} INFO - [2024-04-08T08:34:57.486+0000] {dag.py:3834} INFO - Setting next_dagrun for example_python_decorator to None, run_after=None
[2024-04-08T08:34:57.510+0000] {processor.py:183} INFO - Processing /home/airflow/.local/lib/python3.8/site-packages/airflow/example_dags/example_python_decorator.py took 0.066 seconds
[2024-04-08T08:35:28.151+0000] {processor.py:161} INFO - Started process (PID=4353) to work on /home/airflow/.local/lib/python3.8/site-packages/airflow/example_dags/example_python_decorator.py
[2024-04-08T08:35:28.152+0000] {processor.py:830} INFO - Processing file /home/airflow/.local/lib/python3.8/site-packages/airflow/example_dags/example_python_decorator.py for tasks to queue
[2024-04-08T08:35:28.153+0000] {logging_mixin.py:188} INFO - [2024-04-08T08:35:28.153+0000] {dagbag.py:540} INFO - Filling up the DagBag from /home/airflow/.local/lib/python3.8/site-packages/airflow/example_dags/example_python_decorator.py
[2024-04-08T08:35:28.163+0000] {processor.py:840} INFO - DAG(s) 'example_python_decorator' retrieved from /home/airflow/.local/lib/python3.8/site-packages/airflow/example_dags/example_python_decorator.py
[2024-04-08T08:35:28.183+0000] {logging_mixin.py:188} INFO - [2024-04-08T08:35:28.183+0000] {dag.py:3047} INFO - Sync 1 DAGs
[2024-04-08T08:35:28.193+0000] {logging_mixin.py:188} INFO - [2024-04-08T08:35:28.193+0000] {dag.py:3834} INFO - Setting next_dagrun for example_python_decorator to None, run_after=None
[2024-04-08T08:35:28.216+0000] {processor.py:183} INFO - Processing /home/airflow/.local/lib/python3.8/site-packages/airflow/example_dags/example_python_decorator.py took 0.067 seconds
[2024-04-08T08:35:58.823+0000] {processor.py:161} INFO - Started process (PID=4608) to work on /home/airflow/.local/lib/python3.8/site-packages/airflow/example_dags/example_python_decorator.py
[2024-04-08T08:35:58.824+0000] {processor.py:830} INFO - Processing file /home/airflow/.local/lib/python3.8/site-packages/airflow/example_dags/example_python_decorator.py for tasks to queue
[2024-04-08T08:35:58.825+0000] {logging_mixin.py:188} INFO - [2024-04-08T08:35:58.825+0000] {dagbag.py:540} INFO - Filling up the DagBag from /home/airflow/.local/lib/python3.8/site-packages/airflow/example_dags/example_python_decorator.py
[2024-04-08T08:35:58.841+0000] {processor.py:840} INFO - DAG(s) 'example_python_decorator' retrieved from /home/airflow/.local/lib/python3.8/site-packages/airflow/example_dags/example_python_decorator.py
[2024-04-08T08:35:58.873+0000] {logging_mixin.py:188} INFO - [2024-04-08T08:35:58.873+0000] {dag.py:3047} INFO - Sync 1 DAGs
[2024-04-08T08:35:58.888+0000] {logging_mixin.py:188} INFO - [2024-04-08T08:35:58.887+0000] {dag.py:3834} INFO - Setting next_dagrun for example_python_decorator to None, run_after=None
[2024-04-08T08:35:58.913+0000] {processor.py:183} INFO - Processing /home/airflow/.local/lib/python3.8/site-packages/airflow/example_dags/example_python_decorator.py took 0.094 seconds
[2024-04-08T08:36:29.162+0000] {processor.py:161} INFO - Started process (PID=4863) to work on /home/airflow/.local/lib/python3.8/site-packages/airflow/example_dags/example_python_decorator.py
[2024-04-08T08:36:29.163+0000] {processor.py:830} INFO - Processing file /home/airflow/.local/lib/python3.8/site-packages/airflow/example_dags/example_python_decorator.py for tasks to queue
[2024-04-08T08:36:29.163+0000] {logging_mixin.py:188} INFO - [2024-04-08T08:36:29.163+0000] {dagbag.py:540} INFO - Filling up the DagBag from /home/airflow/.local/lib/python3.8/site-packages/airflow/example_dags/example_python_decorator.py
[2024-04-08T08:36:29.174+0000] {processor.py:840} INFO - DAG(s) 'example_python_decorator' retrieved from /home/airflow/.local/lib/python3.8/site-packages/airflow/example_dags/example_python_decorator.py
[2024-04-08T08:36:29.193+0000] {logging_mixin.py:188} INFO - [2024-04-08T08:36:29.193+0000] {dag.py:3047} INFO - Sync 1 DAGs
[2024-04-08T08:36:29.203+0000] {logging_mixin.py:188} INFO - [2024-04-08T08:36:29.202+0000] {dag.py:3834} INFO - Setting next_dagrun for example_python_decorator to None, run_after=None
[2024-04-08T08:36:29.221+0000] {processor.py:183} INFO - Processing /home/airflow/.local/lib/python3.8/site-packages/airflow/example_dags/example_python_decorator.py took 0.062 seconds
[2024-04-08T08:36:59.409+0000] {processor.py:161} INFO - Started process (PID=5118) to work on /home/airflow/.local/lib/python3.8/site-packages/airflow/example_dags/example_python_decorator.py
[2024-04-08T08:36:59.409+0000] {processor.py:830} INFO - Processing file /home/airflow/.local/lib/python3.8/site-packages/airflow/example_dags/example_python_decorator.py for tasks to queue
[2024-04-08T08:36:59.410+0000] {logging_mixin.py:188} INFO - [2024-04-08T08:36:59.410+0000] {dagbag.py:540} INFO - Filling up the DagBag from /home/airflow/.local/lib/python3.8/site-packages/airflow/example_dags/example_python_decorator.py
[2024-04-08T08:36:59.426+0000] {processor.py:840} INFO - DAG(s) 'example_python_decorator' retrieved from /home/airflow/.local/lib/python3.8/site-packages/airflow/example_dags/example_python_decorator.py
[2024-04-08T08:36:59.453+0000] {logging_mixin.py:188} INFO - [2024-04-08T08:36:59.453+0000] {dag.py:3047} INFO - Sync 1 DAGs
[2024-04-08T08:36:59.466+0000] {logging_mixin.py:188} INFO - [2024-04-08T08:36:59.466+0000] {dag.py:3834} INFO - Setting next_dagrun for example_python_decorator to None, run_after=None
[2024-04-08T08:36:59.491+0000] {processor.py:183} INFO - Processing /home/airflow/.local/lib/python3.8/site-packages/airflow/example_dags/example_python_decorator.py took 0.087 seconds
[2024-04-08T08:37:29.957+0000] {processor.py:161} INFO - Started process (PID=5379) to work on /home/airflow/.local/lib/python3.8/site-packages/airflow/example_dags/example_python_decorator.py
[2024-04-08T08:37:29.959+0000] {processor.py:830} INFO - Processing file /home/airflow/.local/lib/python3.8/site-packages/airflow/example_dags/example_python_decorator.py for tasks to queue
[2024-04-08T08:37:29.960+0000] {logging_mixin.py:188} INFO - [2024-04-08T08:37:29.959+0000] {dagbag.py:540} INFO - Filling up the DagBag from /home/airflow/.local/lib/python3.8/site-packages/airflow/example_dags/example_python_decorator.py
[2024-04-08T08:37:29.999+0000] {processor.py:840} INFO - DAG(s) 'example_python_decorator' retrieved from /home/airflow/.local/lib/python3.8/site-packages/airflow/example_dags/example_python_decorator.py
[2024-04-08T08:37:30.071+0000] {logging_mixin.py:188} INFO - [2024-04-08T08:37:30.068+0000] {dag.py:3047} INFO - Sync 1 DAGs
[2024-04-08T08:37:30.099+0000] {logging_mixin.py:188} INFO - [2024-04-08T08:37:30.099+0000] {dag.py:3834} INFO - Setting next_dagrun for example_python_decorator to None, run_after=None
[2024-04-08T08:37:30.131+0000] {processor.py:183} INFO - Processing /home/airflow/.local/lib/python3.8/site-packages/airflow/example_dags/example_python_decorator.py took 0.177 seconds
[2024-04-08T08:38:00.705+0000] {processor.py:161} INFO - Started process (PID=5636) to work on /home/airflow/.local/lib/python3.8/site-packages/airflow/example_dags/example_python_decorator.py
[2024-04-08T08:38:00.706+0000] {processor.py:830} INFO - Processing file /home/airflow/.local/lib/python3.8/site-packages/airflow/example_dags/example_python_decorator.py for tasks to queue
[2024-04-08T08:38:00.707+0000] {logging_mixin.py:188} INFO - [2024-04-08T08:38:00.706+0000] {dagbag.py:540} INFO - Filling up the DagBag from /home/airflow/.local/lib/python3.8/site-packages/airflow/example_dags/example_python_decorator.py
[2024-04-08T08:38:00.736+0000] {processor.py:840} INFO - DAG(s) 'example_python_decorator' retrieved from /home/airflow/.local/lib/python3.8/site-packages/airflow/example_dags/example_python_decorator.py
[2024-04-08T08:38:00.785+0000] {logging_mixin.py:188} INFO - [2024-04-08T08:38:00.785+0000] {dag.py:3047} INFO - Sync 1 DAGs
[2024-04-08T08:38:00.801+0000] {logging_mixin.py:188} INFO - [2024-04-08T08:38:00.801+0000] {dag.py:3834} INFO - Setting next_dagrun for example_python_decorator to None, run_after=None
[2024-04-08T08:38:00.826+0000] {processor.py:183} INFO - Processing /home/airflow/.local/lib/python3.8/site-packages/airflow/example_dags/example_python_decorator.py took 0.125 seconds
[2024-04-08T08:38:31.109+0000] {processor.py:161} INFO - Started process (PID=5894) to work on /home/airflow/.local/lib/python3.8/site-packages/airflow/example_dags/example_python_decorator.py
[2024-04-08T08:38:31.110+0000] {processor.py:830} INFO - Processing file /home/airflow/.local/lib/python3.8/site-packages/airflow/example_dags/example_python_decorator.py for tasks to queue
[2024-04-08T08:38:31.112+0000] {logging_mixin.py:188} INFO - [2024-04-08T08:38:31.111+0000] {dagbag.py:540} INFO - Filling up the DagBag from /home/airflow/.local/lib/python3.8/site-packages/airflow/example_dags/example_python_decorator.py
[2024-04-08T08:38:31.128+0000] {processor.py:840} INFO - DAG(s) 'example_python_decorator' retrieved from /home/airflow/.local/lib/python3.8/site-packages/airflow/example_dags/example_python_decorator.py
[2024-04-08T08:38:31.154+0000] {logging_mixin.py:188} INFO - [2024-04-08T08:38:31.154+0000] {dag.py:3047} INFO - Sync 1 DAGs
[2024-04-08T08:38:31.168+0000] {logging_mixin.py:188} INFO - [2024-04-08T08:38:31.168+0000] {dag.py:3834} INFO - Setting next_dagrun for example_python_decorator to None, run_after=None
[2024-04-08T08:38:31.213+0000] {processor.py:183} INFO - Processing /home/airflow/.local/lib/python3.8/site-packages/airflow/example_dags/example_python_decorator.py took 0.108 seconds
[2024-04-08T08:39:01.801+0000] {processor.py:161} INFO - Started process (PID=6151) to work on /home/airflow/.local/lib/python3.8/site-packages/airflow/example_dags/example_python_decorator.py
[2024-04-08T08:39:01.803+0000] {processor.py:830} INFO - Processing file /home/airflow/.local/lib/python3.8/site-packages/airflow/example_dags/example_python_decorator.py for tasks to queue
[2024-04-08T08:39:01.804+0000] {logging_mixin.py:188} INFO - [2024-04-08T08:39:01.803+0000] {dagbag.py:540} INFO - Filling up the DagBag from /home/airflow/.local/lib/python3.8/site-packages/airflow/example_dags/example_python_decorator.py
[2024-04-08T08:39:01.834+0000] {processor.py:840} INFO - DAG(s) 'example_python_decorator' retrieved from /home/airflow/.local/lib/python3.8/site-packages/airflow/example_dags/example_python_decorator.py
[2024-04-08T08:39:01.864+0000] {logging_mixin.py:188} INFO - [2024-04-08T08:39:01.864+0000] {dag.py:3047} INFO - Sync 1 DAGs
[2024-04-08T08:39:01.878+0000] {logging_mixin.py:188} INFO - [2024-04-08T08:39:01.878+0000] {dag.py:3834} INFO - Setting next_dagrun for example_python_decorator to None, run_after=None
[2024-04-08T08:39:01.914+0000] {processor.py:183} INFO - Processing /home/airflow/.local/lib/python3.8/site-packages/airflow/example_dags/example_python_decorator.py took 0.120 seconds
[2024-04-08T08:39:32.321+0000] {processor.py:161} INFO - Started process (PID=6407) to work on /home/airflow/.local/lib/python3.8/site-packages/airflow/example_dags/example_python_decorator.py
[2024-04-08T08:39:32.322+0000] {processor.py:830} INFO - Processing file /home/airflow/.local/lib/python3.8/site-packages/airflow/example_dags/example_python_decorator.py for tasks to queue
[2024-04-08T08:39:32.323+0000] {logging_mixin.py:188} INFO - [2024-04-08T08:39:32.323+0000] {dagbag.py:540} INFO - Filling up the DagBag from /home/airflow/.local/lib/python3.8/site-packages/airflow/example_dags/example_python_decorator.py
[2024-04-08T08:39:32.339+0000] {processor.py:840} INFO - DAG(s) 'example_python_decorator' retrieved from /home/airflow/.local/lib/python3.8/site-packages/airflow/example_dags/example_python_decorator.py
[2024-04-08T08:39:32.365+0000] {logging_mixin.py:188} INFO - [2024-04-08T08:39:32.364+0000] {dag.py:3047} INFO - Sync 1 DAGs
[2024-04-08T08:39:32.380+0000] {logging_mixin.py:188} INFO - [2024-04-08T08:39:32.379+0000] {dag.py:3834} INFO - Setting next_dagrun for example_python_decorator to None, run_after=None
[2024-04-08T08:39:32.404+0000] {processor.py:183} INFO - Processing /home/airflow/.local/lib/python3.8/site-packages/airflow/example_dags/example_python_decorator.py took 0.088 seconds
[2024-04-08T08:40:02.814+0000] {processor.py:161} INFO - Started process (PID=6664) to work on /home/airflow/.local/lib/python3.8/site-packages/airflow/example_dags/example_python_decorator.py
[2024-04-08T08:40:02.815+0000] {processor.py:830} INFO - Processing file /home/airflow/.local/lib/python3.8/site-packages/airflow/example_dags/example_python_decorator.py for tasks to queue
[2024-04-08T08:40:02.816+0000] {logging_mixin.py:188} INFO - [2024-04-08T08:40:02.816+0000] {dagbag.py:540} INFO - Filling up the DagBag from /home/airflow/.local/lib/python3.8/site-packages/airflow/example_dags/example_python_decorator.py
[2024-04-08T08:40:02.831+0000] {processor.py:840} INFO - DAG(s) 'example_python_decorator' retrieved from /home/airflow/.local/lib/python3.8/site-packages/airflow/example_dags/example_python_decorator.py
[2024-04-08T08:40:02.856+0000] {logging_mixin.py:188} INFO - [2024-04-08T08:40:02.856+0000] {dag.py:3047} INFO - Sync 1 DAGs
[2024-04-08T08:40:02.872+0000] {logging_mixin.py:188} INFO - [2024-04-08T08:40:02.871+0000] {dag.py:3834} INFO - Setting next_dagrun for example_python_decorator to None, run_after=None
[2024-04-08T08:40:02.898+0000] {processor.py:183} INFO - Processing /home/airflow/.local/lib/python3.8/site-packages/airflow/example_dags/example_python_decorator.py took 0.087 seconds
[2024-04-08T08:40:33.169+0000] {processor.py:161} INFO - Started process (PID=6921) to work on /home/airflow/.local/lib/python3.8/site-packages/airflow/example_dags/example_python_decorator.py
[2024-04-08T08:40:33.170+0000] {processor.py:830} INFO - Processing file /home/airflow/.local/lib/python3.8/site-packages/airflow/example_dags/example_python_decorator.py for tasks to queue
[2024-04-08T08:40:33.171+0000] {logging_mixin.py:188} INFO - [2024-04-08T08:40:33.170+0000] {dagbag.py:540} INFO - Filling up the DagBag from /home/airflow/.local/lib/python3.8/site-packages/airflow/example_dags/example_python_decorator.py
[2024-04-08T08:40:33.185+0000] {processor.py:840} INFO - DAG(s) 'example_python_decorator' retrieved from /home/airflow/.local/lib/python3.8/site-packages/airflow/example_dags/example_python_decorator.py
[2024-04-08T08:40:33.210+0000] {logging_mixin.py:188} INFO - [2024-04-08T08:40:33.210+0000] {dag.py:3047} INFO - Sync 1 DAGs
[2024-04-08T08:40:33.226+0000] {logging_mixin.py:188} INFO - [2024-04-08T08:40:33.225+0000] {dag.py:3834} INFO - Setting next_dagrun for example_python_decorator to None, run_after=None
[2024-04-08T08:40:33.249+0000] {processor.py:183} INFO - Processing /home/airflow/.local/lib/python3.8/site-packages/airflow/example_dags/example_python_decorator.py took 0.084 seconds
[2024-04-08T08:41:03.728+0000] {processor.py:161} INFO - Started process (PID=7178) to work on /home/airflow/.local/lib/python3.8/site-packages/airflow/example_dags/example_python_decorator.py
[2024-04-08T08:41:03.729+0000] {processor.py:830} INFO - Processing file /home/airflow/.local/lib/python3.8/site-packages/airflow/example_dags/example_python_decorator.py for tasks to queue
[2024-04-08T08:41:03.730+0000] {logging_mixin.py:188} INFO - [2024-04-08T08:41:03.730+0000] {dagbag.py:540} INFO - Filling up the DagBag from /home/airflow/.local/lib/python3.8/site-packages/airflow/example_dags/example_python_decorator.py
[2024-04-08T08:41:03.746+0000] {processor.py:840} INFO - DAG(s) 'example_python_decorator' retrieved from /home/airflow/.local/lib/python3.8/site-packages/airflow/example_dags/example_python_decorator.py
[2024-04-08T08:41:03.772+0000] {logging_mixin.py:188} INFO - [2024-04-08T08:41:03.771+0000] {dag.py:3047} INFO - Sync 1 DAGs
[2024-04-08T08:41:03.785+0000] {logging_mixin.py:188} INFO - [2024-04-08T08:41:03.785+0000] {dag.py:3834} INFO - Setting next_dagrun for example_python_decorator to None, run_after=None
[2024-04-08T08:41:03.814+0000] {processor.py:183} INFO - Processing /home/airflow/.local/lib/python3.8/site-packages/airflow/example_dags/example_python_decorator.py took 0.090 seconds
[2024-04-08T08:41:34.296+0000] {processor.py:161} INFO - Started process (PID=7435) to work on /home/airflow/.local/lib/python3.8/site-packages/airflow/example_dags/example_python_decorator.py
[2024-04-08T08:41:34.298+0000] {processor.py:830} INFO - Processing file /home/airflow/.local/lib/python3.8/site-packages/airflow/example_dags/example_python_decorator.py for tasks to queue
[2024-04-08T08:41:34.299+0000] {logging_mixin.py:188} INFO - [2024-04-08T08:41:34.298+0000] {dagbag.py:540} INFO - Filling up the DagBag from /home/airflow/.local/lib/python3.8/site-packages/airflow/example_dags/example_python_decorator.py
[2024-04-08T08:41:34.315+0000] {processor.py:840} INFO - DAG(s) 'example_python_decorator' retrieved from /home/airflow/.local/lib/python3.8/site-packages/airflow/example_dags/example_python_decorator.py
[2024-04-08T08:41:34.343+0000] {logging_mixin.py:188} INFO - [2024-04-08T08:41:34.343+0000] {dag.py:3047} INFO - Sync 1 DAGs
[2024-04-08T08:41:34.358+0000] {logging_mixin.py:188} INFO - [2024-04-08T08:41:34.358+0000] {dag.py:3834} INFO - Setting next_dagrun for example_python_decorator to None, run_after=None
[2024-04-08T08:41:34.382+0000] {processor.py:183} INFO - Processing /home/airflow/.local/lib/python3.8/site-packages/airflow/example_dags/example_python_decorator.py took 0.089 seconds
[2024-04-08T08:42:04.546+0000] {processor.py:161} INFO - Started process (PID=7694) to work on /home/airflow/.local/lib/python3.8/site-packages/airflow/example_dags/example_python_decorator.py
[2024-04-08T08:42:04.547+0000] {processor.py:830} INFO - Processing file /home/airflow/.local/lib/python3.8/site-packages/airflow/example_dags/example_python_decorator.py for tasks to queue
[2024-04-08T08:42:04.548+0000] {logging_mixin.py:188} INFO - [2024-04-08T08:42:04.548+0000] {dagbag.py:540} INFO - Filling up the DagBag from /home/airflow/.local/lib/python3.8/site-packages/airflow/example_dags/example_python_decorator.py
[2024-04-08T08:42:04.564+0000] {processor.py:840} INFO - DAG(s) 'example_python_decorator' retrieved from /home/airflow/.local/lib/python3.8/site-packages/airflow/example_dags/example_python_decorator.py
[2024-04-08T08:42:04.601+0000] {logging_mixin.py:188} INFO - [2024-04-08T08:42:04.601+0000] {dag.py:3047} INFO - Sync 1 DAGs
[2024-04-08T08:42:04.636+0000] {logging_mixin.py:188} INFO - [2024-04-08T08:42:04.635+0000] {dag.py:3834} INFO - Setting next_dagrun for example_python_decorator to None, run_after=None
[2024-04-08T08:42:04.660+0000] {processor.py:183} INFO - Processing /home/airflow/.local/lib/python3.8/site-packages/airflow/example_dags/example_python_decorator.py took 0.118 seconds
[2024-04-08T08:42:34.932+0000] {processor.py:161} INFO - Started process (PID=7951) to work on /home/airflow/.local/lib/python3.8/site-packages/airflow/example_dags/example_python_decorator.py
[2024-04-08T08:42:34.933+0000] {processor.py:830} INFO - Processing file /home/airflow/.local/lib/python3.8/site-packages/airflow/example_dags/example_python_decorator.py for tasks to queue
[2024-04-08T08:42:34.934+0000] {logging_mixin.py:188} INFO - [2024-04-08T08:42:34.934+0000] {dagbag.py:540} INFO - Filling up the DagBag from /home/airflow/.local/lib/python3.8/site-packages/airflow/example_dags/example_python_decorator.py
[2024-04-08T08:42:34.949+0000] {processor.py:840} INFO - DAG(s) 'example_python_decorator' retrieved from /home/airflow/.local/lib/python3.8/site-packages/airflow/example_dags/example_python_decorator.py
[2024-04-08T08:42:34.974+0000] {logging_mixin.py:188} INFO - [2024-04-08T08:42:34.974+0000] {dag.py:3047} INFO - Sync 1 DAGs
[2024-04-08T08:42:34.988+0000] {logging_mixin.py:188} INFO - [2024-04-08T08:42:34.988+0000] {dag.py:3834} INFO - Setting next_dagrun for example_python_decorator to None, run_after=None
[2024-04-08T08:42:35.012+0000] {processor.py:183} INFO - Processing /home/airflow/.local/lib/python3.8/site-packages/airflow/example_dags/example_python_decorator.py took 0.084 seconds
[2024-04-08T08:43:05.256+0000] {processor.py:161} INFO - Started process (PID=8208) to work on /home/airflow/.local/lib/python3.8/site-packages/airflow/example_dags/example_python_decorator.py
[2024-04-08T08:43:05.257+0000] {processor.py:830} INFO - Processing file /home/airflow/.local/lib/python3.8/site-packages/airflow/example_dags/example_python_decorator.py for tasks to queue
[2024-04-08T08:43:05.258+0000] {logging_mixin.py:188} INFO - [2024-04-08T08:43:05.258+0000] {dagbag.py:540} INFO - Filling up the DagBag from /home/airflow/.local/lib/python3.8/site-packages/airflow/example_dags/example_python_decorator.py
[2024-04-08T08:43:05.275+0000] {processor.py:840} INFO - DAG(s) 'example_python_decorator' retrieved from /home/airflow/.local/lib/python3.8/site-packages/airflow/example_dags/example_python_decorator.py
[2024-04-08T08:43:05.301+0000] {logging_mixin.py:188} INFO - [2024-04-08T08:43:05.300+0000] {dag.py:3047} INFO - Sync 1 DAGs
[2024-04-08T08:43:05.316+0000] {logging_mixin.py:188} INFO - [2024-04-08T08:43:05.316+0000] {dag.py:3834} INFO - Setting next_dagrun for example_python_decorator to None, run_after=None
[2024-04-08T08:43:05.346+0000] {processor.py:183} INFO - Processing /home/airflow/.local/lib/python3.8/site-packages/airflow/example_dags/example_python_decorator.py took 0.093 seconds
[2024-04-08T08:43:35.696+0000] {processor.py:161} INFO - Started process (PID=8463) to work on /home/airflow/.local/lib/python3.8/site-packages/airflow/example_dags/example_python_decorator.py
[2024-04-08T08:43:35.698+0000] {processor.py:830} INFO - Processing file /home/airflow/.local/lib/python3.8/site-packages/airflow/example_dags/example_python_decorator.py for tasks to queue
[2024-04-08T08:43:35.699+0000] {logging_mixin.py:188} INFO - [2024-04-08T08:43:35.698+0000] {dagbag.py:540} INFO - Filling up the DagBag from /home/airflow/.local/lib/python3.8/site-packages/airflow/example_dags/example_python_decorator.py
[2024-04-08T08:43:35.716+0000] {processor.py:840} INFO - DAG(s) 'example_python_decorator' retrieved from /home/airflow/.local/lib/python3.8/site-packages/airflow/example_dags/example_python_decorator.py
[2024-04-08T08:43:35.742+0000] {logging_mixin.py:188} INFO - [2024-04-08T08:43:35.742+0000] {dag.py:3047} INFO - Sync 1 DAGs
[2024-04-08T08:43:35.756+0000] {logging_mixin.py:188} INFO - [2024-04-08T08:43:35.756+0000] {dag.py:3834} INFO - Setting next_dagrun for example_python_decorator to None, run_after=None
[2024-04-08T08:43:35.780+0000] {processor.py:183} INFO - Processing /home/airflow/.local/lib/python3.8/site-packages/airflow/example_dags/example_python_decorator.py took 0.088 seconds
[2024-04-08T08:44:06.280+0000] {processor.py:161} INFO - Started process (PID=8720) to work on /home/airflow/.local/lib/python3.8/site-packages/airflow/example_dags/example_python_decorator.py
[2024-04-08T08:44:06.281+0000] {processor.py:830} INFO - Processing file /home/airflow/.local/lib/python3.8/site-packages/airflow/example_dags/example_python_decorator.py for tasks to queue
[2024-04-08T08:44:06.282+0000] {logging_mixin.py:188} INFO - [2024-04-08T08:44:06.282+0000] {dagbag.py:540} INFO - Filling up the DagBag from /home/airflow/.local/lib/python3.8/site-packages/airflow/example_dags/example_python_decorator.py
[2024-04-08T08:44:06.298+0000] {processor.py:840} INFO - DAG(s) 'example_python_decorator' retrieved from /home/airflow/.local/lib/python3.8/site-packages/airflow/example_dags/example_python_decorator.py
[2024-04-08T08:44:06.326+0000] {logging_mixin.py:188} INFO - [2024-04-08T08:44:06.326+0000] {dag.py:3047} INFO - Sync 1 DAGs
[2024-04-08T08:44:06.342+0000] {logging_mixin.py:188} INFO - [2024-04-08T08:44:06.341+0000] {dag.py:3834} INFO - Setting next_dagrun for example_python_decorator to None, run_after=None
[2024-04-08T08:44:06.366+0000] {processor.py:183} INFO - Processing /home/airflow/.local/lib/python3.8/site-packages/airflow/example_dags/example_python_decorator.py took 0.089 seconds
[2024-04-08T08:44:36.959+0000] {processor.py:161} INFO - Started process (PID=8976) to work on /home/airflow/.local/lib/python3.8/site-packages/airflow/example_dags/example_python_decorator.py
[2024-04-08T08:44:36.961+0000] {processor.py:830} INFO - Processing file /home/airflow/.local/lib/python3.8/site-packages/airflow/example_dags/example_python_decorator.py for tasks to queue
[2024-04-08T08:44:36.962+0000] {logging_mixin.py:188} INFO - [2024-04-08T08:44:36.961+0000] {dagbag.py:540} INFO - Filling up the DagBag from /home/airflow/.local/lib/python3.8/site-packages/airflow/example_dags/example_python_decorator.py
[2024-04-08T08:44:36.980+0000] {processor.py:840} INFO - DAG(s) 'example_python_decorator' retrieved from /home/airflow/.local/lib/python3.8/site-packages/airflow/example_dags/example_python_decorator.py
[2024-04-08T08:44:37.010+0000] {logging_mixin.py:188} INFO - [2024-04-08T08:44:37.009+0000] {dag.py:3047} INFO - Sync 1 DAGs
[2024-04-08T08:44:37.027+0000] {logging_mixin.py:188} INFO - [2024-04-08T08:44:37.026+0000] {dag.py:3834} INFO - Setting next_dagrun for example_python_decorator to None, run_after=None
[2024-04-08T08:44:37.068+0000] {processor.py:183} INFO - Processing /home/airflow/.local/lib/python3.8/site-packages/airflow/example_dags/example_python_decorator.py took 0.112 seconds
[2024-04-08T08:45:07.269+0000] {processor.py:161} INFO - Started process (PID=9237) to work on /home/airflow/.local/lib/python3.8/site-packages/airflow/example_dags/example_python_decorator.py
[2024-04-08T08:45:07.271+0000] {processor.py:830} INFO - Processing file /home/airflow/.local/lib/python3.8/site-packages/airflow/example_dags/example_python_decorator.py for tasks to queue
[2024-04-08T08:45:07.271+0000] {logging_mixin.py:188} INFO - [2024-04-08T08:45:07.271+0000] {dagbag.py:540} INFO - Filling up the DagBag from /home/airflow/.local/lib/python3.8/site-packages/airflow/example_dags/example_python_decorator.py
[2024-04-08T08:45:07.290+0000] {processor.py:840} INFO - DAG(s) 'example_python_decorator' retrieved from /home/airflow/.local/lib/python3.8/site-packages/airflow/example_dags/example_python_decorator.py
[2024-04-08T08:45:07.317+0000] {logging_mixin.py:188} INFO - [2024-04-08T08:45:07.317+0000] {dag.py:3047} INFO - Sync 1 DAGs
[2024-04-08T08:45:07.334+0000] {logging_mixin.py:188} INFO - [2024-04-08T08:45:07.334+0000] {dag.py:3834} INFO - Setting next_dagrun for example_python_decorator to None, run_after=None
[2024-04-08T08:45:07.358+0000] {processor.py:183} INFO - Processing /home/airflow/.local/lib/python3.8/site-packages/airflow/example_dags/example_python_decorator.py took 0.092 seconds
[2024-04-08T08:45:37.676+0000] {processor.py:161} INFO - Started process (PID=9495) to work on /home/airflow/.local/lib/python3.8/site-packages/airflow/example_dags/example_python_decorator.py
[2024-04-08T08:45:37.677+0000] {processor.py:830} INFO - Processing file /home/airflow/.local/lib/python3.8/site-packages/airflow/example_dags/example_python_decorator.py for tasks to queue
[2024-04-08T08:45:37.678+0000] {logging_mixin.py:188} INFO - [2024-04-08T08:45:37.678+0000] {dagbag.py:540} INFO - Filling up the DagBag from /home/airflow/.local/lib/python3.8/site-packages/airflow/example_dags/example_python_decorator.py
[2024-04-08T08:45:37.693+0000] {processor.py:840} INFO - DAG(s) 'example_python_decorator' retrieved from /home/airflow/.local/lib/python3.8/site-packages/airflow/example_dags/example_python_decorator.py
[2024-04-08T08:45:37.719+0000] {logging_mixin.py:188} INFO - [2024-04-08T08:45:37.719+0000] {dag.py:3047} INFO - Sync 1 DAGs
[2024-04-08T08:45:37.734+0000] {logging_mixin.py:188} INFO - [2024-04-08T08:45:37.734+0000] {dag.py:3834} INFO - Setting next_dagrun for example_python_decorator to None, run_after=None
[2024-04-08T08:45:37.759+0000] {processor.py:183} INFO - Processing /home/airflow/.local/lib/python3.8/site-packages/airflow/example_dags/example_python_decorator.py took 0.087 seconds
[2024-04-08T08:46:07.947+0000] {processor.py:161} INFO - Started process (PID=9752) to work on /home/airflow/.local/lib/python3.8/site-packages/airflow/example_dags/example_python_decorator.py
[2024-04-08T08:46:07.948+0000] {processor.py:830} INFO - Processing file /home/airflow/.local/lib/python3.8/site-packages/airflow/example_dags/example_python_decorator.py for tasks to queue
[2024-04-08T08:46:07.949+0000] {logging_mixin.py:188} INFO - [2024-04-08T08:46:07.949+0000] {dagbag.py:540} INFO - Filling up the DagBag from /home/airflow/.local/lib/python3.8/site-packages/airflow/example_dags/example_python_decorator.py
[2024-04-08T08:46:07.965+0000] {processor.py:840} INFO - DAG(s) 'example_python_decorator' retrieved from /home/airflow/.local/lib/python3.8/site-packages/airflow/example_dags/example_python_decorator.py
[2024-04-08T08:46:08.032+0000] {logging_mixin.py:188} INFO - [2024-04-08T08:46:08.032+0000] {dag.py:3047} INFO - Sync 1 DAGs
[2024-04-08T08:46:08.049+0000] {logging_mixin.py:188} INFO - [2024-04-08T08:46:08.049+0000] {dag.py:3834} INFO - Setting next_dagrun for example_python_decorator to None, run_after=None
[2024-04-08T08:46:08.072+0000] {processor.py:183} INFO - Processing /home/airflow/.local/lib/python3.8/site-packages/airflow/example_dags/example_python_decorator.py took 0.129 seconds
[2024-04-08T08:46:38.439+0000] {processor.py:161} INFO - Started process (PID=10009) to work on /home/airflow/.local/lib/python3.8/site-packages/airflow/example_dags/example_python_decorator.py
[2024-04-08T08:46:38.440+0000] {processor.py:830} INFO - Processing file /home/airflow/.local/lib/python3.8/site-packages/airflow/example_dags/example_python_decorator.py for tasks to queue
[2024-04-08T08:46:38.441+0000] {logging_mixin.py:188} INFO - [2024-04-08T08:46:38.440+0000] {dagbag.py:540} INFO - Filling up the DagBag from /home/airflow/.local/lib/python3.8/site-packages/airflow/example_dags/example_python_decorator.py
[2024-04-08T08:46:38.455+0000] {processor.py:840} INFO - DAG(s) 'example_python_decorator' retrieved from /home/airflow/.local/lib/python3.8/site-packages/airflow/example_dags/example_python_decorator.py
[2024-04-08T08:46:38.481+0000] {logging_mixin.py:188} INFO - [2024-04-08T08:46:38.480+0000] {dag.py:3047} INFO - Sync 1 DAGs
[2024-04-08T08:46:38.496+0000] {logging_mixin.py:188} INFO - [2024-04-08T08:46:38.496+0000] {dag.py:3834} INFO - Setting next_dagrun for example_python_decorator to None, run_after=None
[2024-04-08T08:46:38.521+0000] {processor.py:183} INFO - Processing /home/airflow/.local/lib/python3.8/site-packages/airflow/example_dags/example_python_decorator.py took 0.086 seconds
[2024-04-08T08:47:09.186+0000] {processor.py:161} INFO - Started process (PID=10266) to work on /home/airflow/.local/lib/python3.8/site-packages/airflow/example_dags/example_python_decorator.py
[2024-04-08T08:47:09.187+0000] {processor.py:830} INFO - Processing file /home/airflow/.local/lib/python3.8/site-packages/airflow/example_dags/example_python_decorator.py for tasks to queue
[2024-04-08T08:47:09.188+0000] {logging_mixin.py:188} INFO - [2024-04-08T08:47:09.188+0000] {dagbag.py:540} INFO - Filling up the DagBag from /home/airflow/.local/lib/python3.8/site-packages/airflow/example_dags/example_python_decorator.py
[2024-04-08T08:47:09.206+0000] {processor.py:840} INFO - DAG(s) 'example_python_decorator' retrieved from /home/airflow/.local/lib/python3.8/site-packages/airflow/example_dags/example_python_decorator.py
[2024-04-08T08:47:09.253+0000] {logging_mixin.py:188} INFO - [2024-04-08T08:47:09.253+0000] {dag.py:3047} INFO - Sync 1 DAGs
[2024-04-08T08:47:09.270+0000] {logging_mixin.py:188} INFO - [2024-04-08T08:47:09.270+0000] {dag.py:3834} INFO - Setting next_dagrun for example_python_decorator to None, run_after=None
[2024-04-08T08:47:09.299+0000] {processor.py:183} INFO - Processing /home/airflow/.local/lib/python3.8/site-packages/airflow/example_dags/example_python_decorator.py took 0.118 seconds
[2024-04-08T08:47:40.306+0000] {processor.py:161} INFO - Started process (PID=10530) to work on /home/airflow/.local/lib/python3.8/site-packages/airflow/example_dags/example_python_decorator.py
[2024-04-08T08:47:40.308+0000] {processor.py:830} INFO - Processing file /home/airflow/.local/lib/python3.8/site-packages/airflow/example_dags/example_python_decorator.py for tasks to queue
[2024-04-08T08:47:40.309+0000] {logging_mixin.py:188} INFO - [2024-04-08T08:47:40.308+0000] {dagbag.py:540} INFO - Filling up the DagBag from /home/airflow/.local/lib/python3.8/site-packages/airflow/example_dags/example_python_decorator.py
[2024-04-08T08:47:40.331+0000] {processor.py:840} INFO - DAG(s) 'example_python_decorator' retrieved from /home/airflow/.local/lib/python3.8/site-packages/airflow/example_dags/example_python_decorator.py
[2024-04-08T08:47:40.361+0000] {logging_mixin.py:188} INFO - [2024-04-08T08:47:40.361+0000] {dag.py:3047} INFO - Sync 1 DAGs
[2024-04-08T08:47:40.376+0000] {logging_mixin.py:188} INFO - [2024-04-08T08:47:40.376+0000] {dag.py:3834} INFO - Setting next_dagrun for example_python_decorator to None, run_after=None
[2024-04-08T08:47:40.405+0000] {processor.py:183} INFO - Processing /home/airflow/.local/lib/python3.8/site-packages/airflow/example_dags/example_python_decorator.py took 0.102 seconds
[2024-04-08T08:48:10.632+0000] {processor.py:161} INFO - Started process (PID=10786) to work on /home/airflow/.local/lib/python3.8/site-packages/airflow/example_dags/example_python_decorator.py
[2024-04-08T08:48:10.633+0000] {processor.py:830} INFO - Processing file /home/airflow/.local/lib/python3.8/site-packages/airflow/example_dags/example_python_decorator.py for tasks to queue
[2024-04-08T08:48:10.634+0000] {logging_mixin.py:188} INFO - [2024-04-08T08:48:10.633+0000] {dagbag.py:540} INFO - Filling up the DagBag from /home/airflow/.local/lib/python3.8/site-packages/airflow/example_dags/example_python_decorator.py
[2024-04-08T08:48:10.654+0000] {processor.py:840} INFO - DAG(s) 'example_python_decorator' retrieved from /home/airflow/.local/lib/python3.8/site-packages/airflow/example_dags/example_python_decorator.py
[2024-04-08T08:48:10.685+0000] {logging_mixin.py:188} INFO - [2024-04-08T08:48:10.685+0000] {dag.py:3047} INFO - Sync 1 DAGs
[2024-04-08T08:48:10.702+0000] {logging_mixin.py:188} INFO - [2024-04-08T08:48:10.702+0000] {dag.py:3834} INFO - Setting next_dagrun for example_python_decorator to None, run_after=None
[2024-04-08T08:48:10.731+0000] {processor.py:183} INFO - Processing /home/airflow/.local/lib/python3.8/site-packages/airflow/example_dags/example_python_decorator.py took 0.104 seconds
[2024-04-08T08:48:40.960+0000] {processor.py:161} INFO - Started process (PID=11043) to work on /home/airflow/.local/lib/python3.8/site-packages/airflow/example_dags/example_python_decorator.py
[2024-04-08T08:48:40.962+0000] {processor.py:830} INFO - Processing file /home/airflow/.local/lib/python3.8/site-packages/airflow/example_dags/example_python_decorator.py for tasks to queue
[2024-04-08T08:48:40.964+0000] {logging_mixin.py:188} INFO - [2024-04-08T08:48:40.964+0000] {dagbag.py:540} INFO - Filling up the DagBag from /home/airflow/.local/lib/python3.8/site-packages/airflow/example_dags/example_python_decorator.py
[2024-04-08T08:48:41.010+0000] {processor.py:840} INFO - DAG(s) 'example_python_decorator' retrieved from /home/airflow/.local/lib/python3.8/site-packages/airflow/example_dags/example_python_decorator.py
[2024-04-08T08:48:41.134+0000] {logging_mixin.py:188} INFO - [2024-04-08T08:48:41.133+0000] {dag.py:3047} INFO - Sync 1 DAGs
[2024-04-08T08:48:41.149+0000] {logging_mixin.py:188} INFO - [2024-04-08T08:48:41.149+0000] {dag.py:3834} INFO - Setting next_dagrun for example_python_decorator to None, run_after=None
[2024-04-08T08:48:41.180+0000] {processor.py:183} INFO - Processing /home/airflow/.local/lib/python3.8/site-packages/airflow/example_dags/example_python_decorator.py took 0.226 seconds
[2024-04-08T08:49:12.031+0000] {processor.py:161} INFO - Started process (PID=11300) to work on /home/airflow/.local/lib/python3.8/site-packages/airflow/example_dags/example_python_decorator.py
[2024-04-08T08:49:12.033+0000] {processor.py:830} INFO - Processing file /home/airflow/.local/lib/python3.8/site-packages/airflow/example_dags/example_python_decorator.py for tasks to queue
[2024-04-08T08:49:12.034+0000] {logging_mixin.py:188} INFO - [2024-04-08T08:49:12.034+0000] {dagbag.py:540} INFO - Filling up the DagBag from /home/airflow/.local/lib/python3.8/site-packages/airflow/example_dags/example_python_decorator.py
[2024-04-08T08:49:12.049+0000] {processor.py:840} INFO - DAG(s) 'example_python_decorator' retrieved from /home/airflow/.local/lib/python3.8/site-packages/airflow/example_dags/example_python_decorator.py
[2024-04-08T08:49:12.075+0000] {logging_mixin.py:188} INFO - [2024-04-08T08:49:12.075+0000] {dag.py:3047} INFO - Sync 1 DAGs
[2024-04-08T08:49:12.090+0000] {logging_mixin.py:188} INFO - [2024-04-08T08:49:12.089+0000] {dag.py:3834} INFO - Setting next_dagrun for example_python_decorator to None, run_after=None
[2024-04-08T08:49:12.117+0000] {processor.py:183} INFO - Processing /home/airflow/.local/lib/python3.8/site-packages/airflow/example_dags/example_python_decorator.py took 0.089 seconds
[2024-04-08T08:49:42.460+0000] {processor.py:161} INFO - Started process (PID=11558) to work on /home/airflow/.local/lib/python3.8/site-packages/airflow/example_dags/example_python_decorator.py
[2024-04-08T08:49:42.461+0000] {processor.py:830} INFO - Processing file /home/airflow/.local/lib/python3.8/site-packages/airflow/example_dags/example_python_decorator.py for tasks to queue
[2024-04-08T08:49:42.462+0000] {logging_mixin.py:188} INFO - [2024-04-08T08:49:42.461+0000] {dagbag.py:540} INFO - Filling up the DagBag from /home/airflow/.local/lib/python3.8/site-packages/airflow/example_dags/example_python_decorator.py
[2024-04-08T08:49:42.477+0000] {processor.py:840} INFO - DAG(s) 'example_python_decorator' retrieved from /home/airflow/.local/lib/python3.8/site-packages/airflow/example_dags/example_python_decorator.py
[2024-04-08T08:49:42.502+0000] {logging_mixin.py:188} INFO - [2024-04-08T08:49:42.502+0000] {dag.py:3047} INFO - Sync 1 DAGs
[2024-04-08T08:49:42.521+0000] {logging_mixin.py:188} INFO - [2024-04-08T08:49:42.517+0000] {dag.py:3834} INFO - Setting next_dagrun for example_python_decorator to None, run_after=None
[2024-04-08T08:49:42.547+0000] {processor.py:183} INFO - Processing /home/airflow/.local/lib/python3.8/site-packages/airflow/example_dags/example_python_decorator.py took 0.090 seconds
[2024-04-08T08:50:13.153+0000] {processor.py:161} INFO - Started process (PID=11814) to work on /home/airflow/.local/lib/python3.8/site-packages/airflow/example_dags/example_python_decorator.py
[2024-04-08T08:50:13.154+0000] {processor.py:830} INFO - Processing file /home/airflow/.local/lib/python3.8/site-packages/airflow/example_dags/example_python_decorator.py for tasks to queue
[2024-04-08T08:50:13.155+0000] {logging_mixin.py:188} INFO - [2024-04-08T08:50:13.155+0000] {dagbag.py:540} INFO - Filling up the DagBag from /home/airflow/.local/lib/python3.8/site-packages/airflow/example_dags/example_python_decorator.py
[2024-04-08T08:50:13.171+0000] {processor.py:840} INFO - DAG(s) 'example_python_decorator' retrieved from /home/airflow/.local/lib/python3.8/site-packages/airflow/example_dags/example_python_decorator.py
[2024-04-08T08:50:13.197+0000] {logging_mixin.py:188} INFO - [2024-04-08T08:50:13.197+0000] {dag.py:3047} INFO - Sync 1 DAGs
[2024-04-08T08:50:13.212+0000] {logging_mixin.py:188} INFO - [2024-04-08T08:50:13.212+0000] {dag.py:3834} INFO - Setting next_dagrun for example_python_decorator to None, run_after=None
[2024-04-08T08:50:13.238+0000] {processor.py:183} INFO - Processing /home/airflow/.local/lib/python3.8/site-packages/airflow/example_dags/example_python_decorator.py took 0.089 seconds
[2024-04-08T08:50:43.647+0000] {processor.py:161} INFO - Started process (PID=12072) to work on /home/airflow/.local/lib/python3.8/site-packages/airflow/example_dags/example_python_decorator.py
[2024-04-08T08:50:43.648+0000] {processor.py:830} INFO - Processing file /home/airflow/.local/lib/python3.8/site-packages/airflow/example_dags/example_python_decorator.py for tasks to queue
[2024-04-08T08:50:43.649+0000] {logging_mixin.py:188} INFO - [2024-04-08T08:50:43.648+0000] {dagbag.py:540} INFO - Filling up the DagBag from /home/airflow/.local/lib/python3.8/site-packages/airflow/example_dags/example_python_decorator.py
[2024-04-08T08:50:43.664+0000] {processor.py:840} INFO - DAG(s) 'example_python_decorator' retrieved from /home/airflow/.local/lib/python3.8/site-packages/airflow/example_dags/example_python_decorator.py
[2024-04-08T08:50:43.689+0000] {logging_mixin.py:188} INFO - [2024-04-08T08:50:43.689+0000] {dag.py:3047} INFO - Sync 1 DAGs
[2024-04-08T08:50:43.703+0000] {logging_mixin.py:188} INFO - [2024-04-08T08:50:43.702+0000] {dag.py:3834} INFO - Setting next_dagrun for example_python_decorator to None, run_after=None
[2024-04-08T08:50:43.727+0000] {processor.py:183} INFO - Processing /home/airflow/.local/lib/python3.8/site-packages/airflow/example_dags/example_python_decorator.py took 0.084 seconds
[2024-04-08T08:51:14.023+0000] {processor.py:161} INFO - Started process (PID=12330) to work on /home/airflow/.local/lib/python3.8/site-packages/airflow/example_dags/example_python_decorator.py
[2024-04-08T08:51:14.024+0000] {processor.py:830} INFO - Processing file /home/airflow/.local/lib/python3.8/site-packages/airflow/example_dags/example_python_decorator.py for tasks to queue
[2024-04-08T08:51:14.024+0000] {logging_mixin.py:188} INFO - [2024-04-08T08:51:14.024+0000] {dagbag.py:540} INFO - Filling up the DagBag from /home/airflow/.local/lib/python3.8/site-packages/airflow/example_dags/example_python_decorator.py
[2024-04-08T08:51:14.041+0000] {processor.py:840} INFO - DAG(s) 'example_python_decorator' retrieved from /home/airflow/.local/lib/python3.8/site-packages/airflow/example_dags/example_python_decorator.py
[2024-04-08T08:51:14.067+0000] {logging_mixin.py:188} INFO - [2024-04-08T08:51:14.067+0000] {dag.py:3047} INFO - Sync 1 DAGs
[2024-04-08T08:51:14.083+0000] {logging_mixin.py:188} INFO - [2024-04-08T08:51:14.082+0000] {dag.py:3834} INFO - Setting next_dagrun for example_python_decorator to None, run_after=None
[2024-04-08T08:51:14.112+0000] {processor.py:183} INFO - Processing /home/airflow/.local/lib/python3.8/site-packages/airflow/example_dags/example_python_decorator.py took 0.093 seconds
[2024-04-08T08:51:44.487+0000] {processor.py:161} INFO - Started process (PID=12587) to work on /home/airflow/.local/lib/python3.8/site-packages/airflow/example_dags/example_python_decorator.py
[2024-04-08T08:51:44.489+0000] {processor.py:830} INFO - Processing file /home/airflow/.local/lib/python3.8/site-packages/airflow/example_dags/example_python_decorator.py for tasks to queue
[2024-04-08T08:51:44.490+0000] {logging_mixin.py:188} INFO - [2024-04-08T08:51:44.490+0000] {dagbag.py:540} INFO - Filling up the DagBag from /home/airflow/.local/lib/python3.8/site-packages/airflow/example_dags/example_python_decorator.py
[2024-04-08T08:51:44.505+0000] {processor.py:840} INFO - DAG(s) 'example_python_decorator' retrieved from /home/airflow/.local/lib/python3.8/site-packages/airflow/example_dags/example_python_decorator.py
[2024-04-08T08:51:44.535+0000] {logging_mixin.py:188} INFO - [2024-04-08T08:51:44.534+0000] {dag.py:3047} INFO - Sync 1 DAGs
[2024-04-08T08:51:44.551+0000] {logging_mixin.py:188} INFO - [2024-04-08T08:51:44.551+0000] {dag.py:3834} INFO - Setting next_dagrun for example_python_decorator to None, run_after=None
[2024-04-08T08:51:44.576+0000] {processor.py:183} INFO - Processing /home/airflow/.local/lib/python3.8/site-packages/airflow/example_dags/example_python_decorator.py took 0.093 seconds
[2024-04-08T08:52:14.966+0000] {processor.py:161} INFO - Started process (PID=12844) to work on /home/airflow/.local/lib/python3.8/site-packages/airflow/example_dags/example_python_decorator.py
[2024-04-08T08:52:14.967+0000] {processor.py:830} INFO - Processing file /home/airflow/.local/lib/python3.8/site-packages/airflow/example_dags/example_python_decorator.py for tasks to queue
[2024-04-08T08:52:14.968+0000] {logging_mixin.py:188} INFO - [2024-04-08T08:52:14.968+0000] {dagbag.py:540} INFO - Filling up the DagBag from /home/airflow/.local/lib/python3.8/site-packages/airflow/example_dags/example_python_decorator.py
[2024-04-08T08:52:14.984+0000] {processor.py:840} INFO - DAG(s) 'example_python_decorator' retrieved from /home/airflow/.local/lib/python3.8/site-packages/airflow/example_dags/example_python_decorator.py
[2024-04-08T08:52:15.014+0000] {logging_mixin.py:188} INFO - [2024-04-08T08:52:15.014+0000] {dag.py:3047} INFO - Sync 1 DAGs
[2024-04-08T08:52:15.028+0000] {logging_mixin.py:188} INFO - [2024-04-08T08:52:15.028+0000] {dag.py:3834} INFO - Setting next_dagrun for example_python_decorator to None, run_after=None
[2024-04-08T08:52:15.071+0000] {processor.py:183} INFO - Processing /home/airflow/.local/lib/python3.8/site-packages/airflow/example_dags/example_python_decorator.py took 0.108 seconds
[2024-04-08T08:52:45.529+0000] {processor.py:161} INFO - Started process (PID=13101) to work on /home/airflow/.local/lib/python3.8/site-packages/airflow/example_dags/example_python_decorator.py
[2024-04-08T08:52:45.531+0000] {processor.py:830} INFO - Processing file /home/airflow/.local/lib/python3.8/site-packages/airflow/example_dags/example_python_decorator.py for tasks to queue
[2024-04-08T08:52:45.532+0000] {logging_mixin.py:188} INFO - [2024-04-08T08:52:45.532+0000] {dagbag.py:540} INFO - Filling up the DagBag from /home/airflow/.local/lib/python3.8/site-packages/airflow/example_dags/example_python_decorator.py
[2024-04-08T08:52:45.547+0000] {processor.py:840} INFO - DAG(s) 'example_python_decorator' retrieved from /home/airflow/.local/lib/python3.8/site-packages/airflow/example_dags/example_python_decorator.py
[2024-04-08T08:52:45.582+0000] {logging_mixin.py:188} INFO - [2024-04-08T08:52:45.582+0000] {dag.py:3047} INFO - Sync 1 DAGs
[2024-04-08T08:52:45.599+0000] {logging_mixin.py:188} INFO - [2024-04-08T08:52:45.599+0000] {dag.py:3834} INFO - Setting next_dagrun for example_python_decorator to None, run_after=None
[2024-04-08T08:52:45.623+0000] {processor.py:183} INFO - Processing /home/airflow/.local/lib/python3.8/site-packages/airflow/example_dags/example_python_decorator.py took 0.099 seconds
[2024-04-08T08:53:15.860+0000] {processor.py:161} INFO - Started process (PID=13357) to work on /home/airflow/.local/lib/python3.8/site-packages/airflow/example_dags/example_python_decorator.py
[2024-04-08T08:53:15.861+0000] {processor.py:830} INFO - Processing file /home/airflow/.local/lib/python3.8/site-packages/airflow/example_dags/example_python_decorator.py for tasks to queue
[2024-04-08T08:53:15.863+0000] {logging_mixin.py:188} INFO - [2024-04-08T08:53:15.863+0000] {dagbag.py:540} INFO - Filling up the DagBag from /home/airflow/.local/lib/python3.8/site-packages/airflow/example_dags/example_python_decorator.py
[2024-04-08T08:53:15.908+0000] {processor.py:840} INFO - DAG(s) 'example_python_decorator' retrieved from /home/airflow/.local/lib/python3.8/site-packages/airflow/example_dags/example_python_decorator.py
[2024-04-08T08:53:15.979+0000] {logging_mixin.py:188} INFO - [2024-04-08T08:53:15.979+0000] {dag.py:3047} INFO - Sync 1 DAGs
[2024-04-08T08:53:15.998+0000] {logging_mixin.py:188} INFO - [2024-04-08T08:53:15.998+0000] {dag.py:3834} INFO - Setting next_dagrun for example_python_decorator to None, run_after=None
[2024-04-08T08:53:16.040+0000] {processor.py:183} INFO - Processing /home/airflow/.local/lib/python3.8/site-packages/airflow/example_dags/example_python_decorator.py took 0.183 seconds
[2024-04-08T08:53:46.326+0000] {processor.py:161} INFO - Started process (PID=13615) to work on /home/airflow/.local/lib/python3.8/site-packages/airflow/example_dags/example_python_decorator.py
[2024-04-08T08:53:46.327+0000] {processor.py:830} INFO - Processing file /home/airflow/.local/lib/python3.8/site-packages/airflow/example_dags/example_python_decorator.py for tasks to queue
[2024-04-08T08:53:46.328+0000] {logging_mixin.py:188} INFO - [2024-04-08T08:53:46.328+0000] {dagbag.py:540} INFO - Filling up the DagBag from /home/airflow/.local/lib/python3.8/site-packages/airflow/example_dags/example_python_decorator.py
[2024-04-08T08:53:46.345+0000] {processor.py:840} INFO - DAG(s) 'example_python_decorator' retrieved from /home/airflow/.local/lib/python3.8/site-packages/airflow/example_dags/example_python_decorator.py
[2024-04-08T08:53:46.376+0000] {logging_mixin.py:188} INFO - [2024-04-08T08:53:46.376+0000] {dag.py:3047} INFO - Sync 1 DAGs
[2024-04-08T08:53:46.391+0000] {logging_mixin.py:188} INFO - [2024-04-08T08:53:46.391+0000] {dag.py:3834} INFO - Setting next_dagrun for example_python_decorator to None, run_after=None
[2024-04-08T08:53:46.416+0000] {processor.py:183} INFO - Processing /home/airflow/.local/lib/python3.8/site-packages/airflow/example_dags/example_python_decorator.py took 0.094 seconds
[2024-04-08T08:54:16.920+0000] {processor.py:161} INFO - Started process (PID=13873) to work on /home/airflow/.local/lib/python3.8/site-packages/airflow/example_dags/example_python_decorator.py
[2024-04-08T08:54:16.921+0000] {processor.py:830} INFO - Processing file /home/airflow/.local/lib/python3.8/site-packages/airflow/example_dags/example_python_decorator.py for tasks to queue
[2024-04-08T08:54:16.922+0000] {logging_mixin.py:188} INFO - [2024-04-08T08:54:16.921+0000] {dagbag.py:540} INFO - Filling up the DagBag from /home/airflow/.local/lib/python3.8/site-packages/airflow/example_dags/example_python_decorator.py
[2024-04-08T08:54:16.939+0000] {processor.py:840} INFO - DAG(s) 'example_python_decorator' retrieved from /home/airflow/.local/lib/python3.8/site-packages/airflow/example_dags/example_python_decorator.py
[2024-04-08T08:54:16.966+0000] {logging_mixin.py:188} INFO - [2024-04-08T08:54:16.966+0000] {dag.py:3047} INFO - Sync 1 DAGs
[2024-04-08T08:54:16.981+0000] {logging_mixin.py:188} INFO - [2024-04-08T08:54:16.981+0000] {dag.py:3834} INFO - Setting next_dagrun for example_python_decorator to None, run_after=None
[2024-04-08T08:54:17.010+0000] {processor.py:183} INFO - Processing /home/airflow/.local/lib/python3.8/site-packages/airflow/example_dags/example_python_decorator.py took 0.094 seconds
[2024-04-08T08:54:47.254+0000] {processor.py:161} INFO - Started process (PID=14131) to work on /home/airflow/.local/lib/python3.8/site-packages/airflow/example_dags/example_python_decorator.py
[2024-04-08T08:54:47.255+0000] {processor.py:830} INFO - Processing file /home/airflow/.local/lib/python3.8/site-packages/airflow/example_dags/example_python_decorator.py for tasks to queue
[2024-04-08T08:54:47.256+0000] {logging_mixin.py:188} INFO - [2024-04-08T08:54:47.256+0000] {dagbag.py:540} INFO - Filling up the DagBag from /home/airflow/.local/lib/python3.8/site-packages/airflow/example_dags/example_python_decorator.py
[2024-04-08T08:54:47.272+0000] {processor.py:840} INFO - DAG(s) 'example_python_decorator' retrieved from /home/airflow/.local/lib/python3.8/site-packages/airflow/example_dags/example_python_decorator.py
[2024-04-08T08:54:47.323+0000] {logging_mixin.py:188} INFO - [2024-04-08T08:54:47.323+0000] {dag.py:3047} INFO - Sync 1 DAGs
[2024-04-08T08:54:47.339+0000] {logging_mixin.py:188} INFO - [2024-04-08T08:54:47.339+0000] {dag.py:3834} INFO - Setting next_dagrun for example_python_decorator to None, run_after=None
[2024-04-08T08:54:47.366+0000] {processor.py:183} INFO - Processing /home/airflow/.local/lib/python3.8/site-packages/airflow/example_dags/example_python_decorator.py took 0.116 seconds
[2024-04-08T08:55:17.559+0000] {processor.py:161} INFO - Started process (PID=14389) to work on /home/airflow/.local/lib/python3.8/site-packages/airflow/example_dags/example_python_decorator.py
[2024-04-08T08:55:17.560+0000] {processor.py:830} INFO - Processing file /home/airflow/.local/lib/python3.8/site-packages/airflow/example_dags/example_python_decorator.py for tasks to queue
[2024-04-08T08:55:17.561+0000] {logging_mixin.py:188} INFO - [2024-04-08T08:55:17.561+0000] {dagbag.py:540} INFO - Filling up the DagBag from /home/airflow/.local/lib/python3.8/site-packages/airflow/example_dags/example_python_decorator.py
[2024-04-08T08:55:17.577+0000] {processor.py:840} INFO - DAG(s) 'example_python_decorator' retrieved from /home/airflow/.local/lib/python3.8/site-packages/airflow/example_dags/example_python_decorator.py
[2024-04-08T08:55:17.605+0000] {logging_mixin.py:188} INFO - [2024-04-08T08:55:17.605+0000] {dag.py:3047} INFO - Sync 1 DAGs
[2024-04-08T08:55:17.625+0000] {logging_mixin.py:188} INFO - [2024-04-08T08:55:17.625+0000] {dag.py:3834} INFO - Setting next_dagrun for example_python_decorator to None, run_after=None
[2024-04-08T08:55:17.648+0000] {processor.py:183} INFO - Processing /home/airflow/.local/lib/python3.8/site-packages/airflow/example_dags/example_python_decorator.py took 0.094 seconds
[2024-04-08T08:55:47.984+0000] {processor.py:161} INFO - Started process (PID=14646) to work on /home/airflow/.local/lib/python3.8/site-packages/airflow/example_dags/example_python_decorator.py
[2024-04-08T08:55:47.985+0000] {processor.py:830} INFO - Processing file /home/airflow/.local/lib/python3.8/site-packages/airflow/example_dags/example_python_decorator.py for tasks to queue
[2024-04-08T08:55:47.986+0000] {logging_mixin.py:188} INFO - [2024-04-08T08:55:47.986+0000] {dagbag.py:540} INFO - Filling up the DagBag from /home/airflow/.local/lib/python3.8/site-packages/airflow/example_dags/example_python_decorator.py
[2024-04-08T08:55:48.001+0000] {processor.py:840} INFO - DAG(s) 'example_python_decorator' retrieved from /home/airflow/.local/lib/python3.8/site-packages/airflow/example_dags/example_python_decorator.py
[2024-04-08T08:55:48.028+0000] {logging_mixin.py:188} INFO - [2024-04-08T08:55:48.027+0000] {dag.py:3047} INFO - Sync 1 DAGs
[2024-04-08T08:55:48.043+0000] {logging_mixin.py:188} INFO - [2024-04-08T08:55:48.043+0000] {dag.py:3834} INFO - Setting next_dagrun for example_python_decorator to None, run_after=None
[2024-04-08T08:55:48.070+0000] {processor.py:183} INFO - Processing /home/airflow/.local/lib/python3.8/site-packages/airflow/example_dags/example_python_decorator.py took 0.089 seconds
[2024-04-08T08:56:18.355+0000] {processor.py:161} INFO - Started process (PID=14905) to work on /home/airflow/.local/lib/python3.8/site-packages/airflow/example_dags/example_python_decorator.py
[2024-04-08T08:56:18.356+0000] {processor.py:830} INFO - Processing file /home/airflow/.local/lib/python3.8/site-packages/airflow/example_dags/example_python_decorator.py for tasks to queue
[2024-04-08T08:56:18.357+0000] {logging_mixin.py:188} INFO - [2024-04-08T08:56:18.357+0000] {dagbag.py:540} INFO - Filling up the DagBag from /home/airflow/.local/lib/python3.8/site-packages/airflow/example_dags/example_python_decorator.py
[2024-04-08T08:56:18.372+0000] {processor.py:840} INFO - DAG(s) 'example_python_decorator' retrieved from /home/airflow/.local/lib/python3.8/site-packages/airflow/example_dags/example_python_decorator.py
[2024-04-08T08:56:18.402+0000] {logging_mixin.py:188} INFO - [2024-04-08T08:56:18.401+0000] {dag.py:3047} INFO - Sync 1 DAGs
[2024-04-08T08:56:18.416+0000] {logging_mixin.py:188} INFO - [2024-04-08T08:56:18.415+0000] {dag.py:3834} INFO - Setting next_dagrun for example_python_decorator to None, run_after=None
[2024-04-08T08:56:18.440+0000] {processor.py:183} INFO - Processing /home/airflow/.local/lib/python3.8/site-packages/airflow/example_dags/example_python_decorator.py took 0.089 seconds
[2024-04-08T08:56:48.843+0000] {processor.py:161} INFO - Started process (PID=15160) to work on /home/airflow/.local/lib/python3.8/site-packages/airflow/example_dags/example_python_decorator.py
[2024-04-08T08:56:48.844+0000] {processor.py:830} INFO - Processing file /home/airflow/.local/lib/python3.8/site-packages/airflow/example_dags/example_python_decorator.py for tasks to queue
[2024-04-08T08:56:48.845+0000] {logging_mixin.py:188} INFO - [2024-04-08T08:56:48.845+0000] {dagbag.py:540} INFO - Filling up the DagBag from /home/airflow/.local/lib/python3.8/site-packages/airflow/example_dags/example_python_decorator.py
[2024-04-08T08:56:48.873+0000] {processor.py:840} INFO - DAG(s) 'example_python_decorator' retrieved from /home/airflow/.local/lib/python3.8/site-packages/airflow/example_dags/example_python_decorator.py
[2024-04-08T08:56:48.903+0000] {logging_mixin.py:188} INFO - [2024-04-08T08:56:48.903+0000] {dag.py:3047} INFO - Sync 1 DAGs
[2024-04-08T08:56:48.918+0000] {logging_mixin.py:188} INFO - [2024-04-08T08:56:48.917+0000] {dag.py:3834} INFO - Setting next_dagrun for example_python_decorator to None, run_after=None
[2024-04-08T08:56:48.945+0000] {processor.py:183} INFO - Processing /home/airflow/.local/lib/python3.8/site-packages/airflow/example_dags/example_python_decorator.py took 0.106 seconds
