[2024-04-08T08:27:22.238+0000] {processor.py:161} INFO - Started process (PID=340) to work on /home/airflow/.local/lib/python3.8/site-packages/airflow/example_dags/example_latest_only_with_trigger.py
[2024-04-08T08:27:22.239+0000] {processor.py:830} INFO - Processing file /home/airflow/.local/lib/python3.8/site-packages/airflow/example_dags/example_latest_only_with_trigger.py for tasks to queue
[2024-04-08T08:27:22.240+0000] {logging_mixin.py:188} INFO - [2024-04-08T08:27:22.240+0000] {dagbag.py:540} INFO - Filling up the DagBag from /home/airflow/.local/lib/python3.8/site-packages/airflow/example_dags/example_latest_only_with_trigger.py
[2024-04-08T08:27:22.248+0000] {processor.py:840} INFO - DAG(s) 'latest_only_with_trigger' retrieved from /home/airflow/.local/lib/python3.8/site-packages/airflow/example_dags/example_latest_only_with_trigger.py
[2024-04-08T08:27:22.272+0000] {logging_mixin.py:188} INFO - [2024-04-08T08:27:22.272+0000] {dag.py:3047} INFO - Sync 1 DAGs
[2024-04-08T08:27:22.319+0000] {logging_mixin.py:188} INFO - [2024-04-08T08:27:22.319+0000] {dag.py:3834} INFO - Setting next_dagrun for latest_only_with_trigger to 2024-04-08 04:00:00+00:00, run_after=2024-04-08 08:00:00+00:00
[2024-04-08T08:27:22.362+0000] {processor.py:183} INFO - Processing /home/airflow/.local/lib/python3.8/site-packages/airflow/example_dags/example_latest_only_with_trigger.py took 0.129 seconds
[2024-04-08T08:27:52.555+0000] {processor.py:161} INFO - Started process (PID=592) to work on /home/airflow/.local/lib/python3.8/site-packages/airflow/example_dags/example_latest_only_with_trigger.py
[2024-04-08T08:27:52.556+0000] {processor.py:830} INFO - Processing file /home/airflow/.local/lib/python3.8/site-packages/airflow/example_dags/example_latest_only_with_trigger.py for tasks to queue
[2024-04-08T08:27:52.557+0000] {logging_mixin.py:188} INFO - [2024-04-08T08:27:52.557+0000] {dagbag.py:540} INFO - Filling up the DagBag from /home/airflow/.local/lib/python3.8/site-packages/airflow/example_dags/example_latest_only_with_trigger.py
[2024-04-08T08:27:52.564+0000] {processor.py:840} INFO - DAG(s) 'latest_only_with_trigger' retrieved from /home/airflow/.local/lib/python3.8/site-packages/airflow/example_dags/example_latest_only_with_trigger.py
[2024-04-08T08:27:52.595+0000] {logging_mixin.py:188} INFO - [2024-04-08T08:27:52.595+0000] {dag.py:3047} INFO - Sync 1 DAGs
[2024-04-08T08:27:52.625+0000] {logging_mixin.py:188} INFO - [2024-04-08T08:27:52.625+0000] {dag.py:3834} INFO - Setting next_dagrun for latest_only_with_trigger to 2024-04-08 04:00:00+00:00, run_after=2024-04-08 08:00:00+00:00
[2024-04-08T08:27:52.650+0000] {processor.py:183} INFO - Processing /home/airflow/.local/lib/python3.8/site-packages/airflow/example_dags/example_latest_only_with_trigger.py took 0.099 seconds
[2024-04-08T08:28:23.629+0000] {processor.py:161} INFO - Started process (PID=850) to work on /home/airflow/.local/lib/python3.8/site-packages/airflow/example_dags/example_latest_only_with_trigger.py
[2024-04-08T08:28:23.630+0000] {processor.py:830} INFO - Processing file /home/airflow/.local/lib/python3.8/site-packages/airflow/example_dags/example_latest_only_with_trigger.py for tasks to queue
[2024-04-08T08:28:23.631+0000] {logging_mixin.py:188} INFO - [2024-04-08T08:28:23.631+0000] {dagbag.py:540} INFO - Filling up the DagBag from /home/airflow/.local/lib/python3.8/site-packages/airflow/example_dags/example_latest_only_with_trigger.py
[2024-04-08T08:28:23.638+0000] {processor.py:840} INFO - DAG(s) 'latest_only_with_trigger' retrieved from /home/airflow/.local/lib/python3.8/site-packages/airflow/example_dags/example_latest_only_with_trigger.py
[2024-04-08T08:28:23.663+0000] {logging_mixin.py:188} INFO - [2024-04-08T08:28:23.663+0000] {dag.py:3047} INFO - Sync 1 DAGs
[2024-04-08T08:28:23.689+0000] {logging_mixin.py:188} INFO - [2024-04-08T08:28:23.689+0000] {dag.py:3834} INFO - Setting next_dagrun for latest_only_with_trigger to 2024-04-08 04:00:00+00:00, run_after=2024-04-08 08:00:00+00:00
[2024-04-08T08:28:23.713+0000] {processor.py:183} INFO - Processing /home/airflow/.local/lib/python3.8/site-packages/airflow/example_dags/example_latest_only_with_trigger.py took 0.087 seconds
[2024-04-08T08:28:53.815+0000] {processor.py:161} INFO - Started process (PID=1108) to work on /home/airflow/.local/lib/python3.8/site-packages/airflow/example_dags/example_latest_only_with_trigger.py
[2024-04-08T08:28:53.816+0000] {processor.py:830} INFO - Processing file /home/airflow/.local/lib/python3.8/site-packages/airflow/example_dags/example_latest_only_with_trigger.py for tasks to queue
[2024-04-08T08:28:53.817+0000] {logging_mixin.py:188} INFO - [2024-04-08T08:28:53.817+0000] {dagbag.py:540} INFO - Filling up the DagBag from /home/airflow/.local/lib/python3.8/site-packages/airflow/example_dags/example_latest_only_with_trigger.py
[2024-04-08T08:28:53.824+0000] {processor.py:840} INFO - DAG(s) 'latest_only_with_trigger' retrieved from /home/airflow/.local/lib/python3.8/site-packages/airflow/example_dags/example_latest_only_with_trigger.py
[2024-04-08T08:28:53.849+0000] {logging_mixin.py:188} INFO - [2024-04-08T08:28:53.848+0000] {dag.py:3047} INFO - Sync 1 DAGs
[2024-04-08T08:28:53.872+0000] {logging_mixin.py:188} INFO - [2024-04-08T08:28:53.872+0000] {dag.py:3834} INFO - Setting next_dagrun for latest_only_with_trigger to 2024-04-08 04:00:00+00:00, run_after=2024-04-08 08:00:00+00:00
[2024-04-08T08:28:53.895+0000] {processor.py:183} INFO - Processing /home/airflow/.local/lib/python3.8/site-packages/airflow/example_dags/example_latest_only_with_trigger.py took 0.084 seconds
[2024-04-08T08:29:24.528+0000] {processor.py:161} INFO - Started process (PID=1363) to work on /home/airflow/.local/lib/python3.8/site-packages/airflow/example_dags/example_latest_only_with_trigger.py
[2024-04-08T08:29:24.528+0000] {processor.py:830} INFO - Processing file /home/airflow/.local/lib/python3.8/site-packages/airflow/example_dags/example_latest_only_with_trigger.py for tasks to queue
[2024-04-08T08:29:24.529+0000] {logging_mixin.py:188} INFO - [2024-04-08T08:29:24.529+0000] {dagbag.py:540} INFO - Filling up the DagBag from /home/airflow/.local/lib/python3.8/site-packages/airflow/example_dags/example_latest_only_with_trigger.py
[2024-04-08T08:29:24.535+0000] {processor.py:840} INFO - DAG(s) 'latest_only_with_trigger' retrieved from /home/airflow/.local/lib/python3.8/site-packages/airflow/example_dags/example_latest_only_with_trigger.py
[2024-04-08T08:29:24.560+0000] {logging_mixin.py:188} INFO - [2024-04-08T08:29:24.559+0000] {dag.py:3047} INFO - Sync 1 DAGs
[2024-04-08T08:29:24.586+0000] {logging_mixin.py:188} INFO - [2024-04-08T08:29:24.586+0000] {dag.py:3834} INFO - Setting next_dagrun for latest_only_with_trigger to 2024-04-08 04:00:00+00:00, run_after=2024-04-08 08:00:00+00:00
[2024-04-08T08:29:24.611+0000] {processor.py:183} INFO - Processing /home/airflow/.local/lib/python3.8/site-packages/airflow/example_dags/example_latest_only_with_trigger.py took 0.087 seconds
[2024-04-08T08:29:55.016+0000] {processor.py:161} INFO - Started process (PID=1620) to work on /home/airflow/.local/lib/python3.8/site-packages/airflow/example_dags/example_latest_only_with_trigger.py
[2024-04-08T08:29:55.017+0000] {processor.py:830} INFO - Processing file /home/airflow/.local/lib/python3.8/site-packages/airflow/example_dags/example_latest_only_with_trigger.py for tasks to queue
[2024-04-08T08:29:55.017+0000] {logging_mixin.py:188} INFO - [2024-04-08T08:29:55.017+0000] {dagbag.py:540} INFO - Filling up the DagBag from /home/airflow/.local/lib/python3.8/site-packages/airflow/example_dags/example_latest_only_with_trigger.py
[2024-04-08T08:29:55.022+0000] {processor.py:840} INFO - DAG(s) 'latest_only_with_trigger' retrieved from /home/airflow/.local/lib/python3.8/site-packages/airflow/example_dags/example_latest_only_with_trigger.py
[2024-04-08T08:29:55.039+0000] {logging_mixin.py:188} INFO - [2024-04-08T08:29:55.039+0000] {dag.py:3047} INFO - Sync 1 DAGs
[2024-04-08T08:29:55.057+0000] {logging_mixin.py:188} INFO - [2024-04-08T08:29:55.057+0000] {dag.py:3834} INFO - Setting next_dagrun for latest_only_with_trigger to 2024-04-08 04:00:00+00:00, run_after=2024-04-08 08:00:00+00:00
[2024-04-08T08:29:55.075+0000] {processor.py:183} INFO - Processing /home/airflow/.local/lib/python3.8/site-packages/airflow/example_dags/example_latest_only_with_trigger.py took 0.062 seconds
[2024-04-08T08:30:25.666+0000] {processor.py:161} INFO - Started process (PID=1876) to work on /home/airflow/.local/lib/python3.8/site-packages/airflow/example_dags/example_latest_only_with_trigger.py
[2024-04-08T08:30:25.668+0000] {processor.py:830} INFO - Processing file /home/airflow/.local/lib/python3.8/site-packages/airflow/example_dags/example_latest_only_with_trigger.py for tasks to queue
[2024-04-08T08:30:25.668+0000] {logging_mixin.py:188} INFO - [2024-04-08T08:30:25.668+0000] {dagbag.py:540} INFO - Filling up the DagBag from /home/airflow/.local/lib/python3.8/site-packages/airflow/example_dags/example_latest_only_with_trigger.py
[2024-04-08T08:30:25.675+0000] {processor.py:840} INFO - DAG(s) 'latest_only_with_trigger' retrieved from /home/airflow/.local/lib/python3.8/site-packages/airflow/example_dags/example_latest_only_with_trigger.py
[2024-04-08T08:30:25.698+0000] {logging_mixin.py:188} INFO - [2024-04-08T08:30:25.698+0000] {dag.py:3047} INFO - Sync 1 DAGs
[2024-04-08T08:30:25.723+0000] {logging_mixin.py:188} INFO - [2024-04-08T08:30:25.723+0000] {dag.py:3834} INFO - Setting next_dagrun for latest_only_with_trigger to 2024-04-08 04:00:00+00:00, run_after=2024-04-08 08:00:00+00:00
[2024-04-08T08:30:25.747+0000] {processor.py:183} INFO - Processing /home/airflow/.local/lib/python3.8/site-packages/airflow/example_dags/example_latest_only_with_trigger.py took 0.084 seconds
[2024-04-08T08:30:56.768+0000] {processor.py:161} INFO - Started process (PID=2143) to work on /home/airflow/.local/lib/python3.8/site-packages/airflow/example_dags/example_latest_only_with_trigger.py
[2024-04-08T08:30:56.769+0000] {processor.py:830} INFO - Processing file /home/airflow/.local/lib/python3.8/site-packages/airflow/example_dags/example_latest_only_with_trigger.py for tasks to queue
[2024-04-08T08:30:56.770+0000] {logging_mixin.py:188} INFO - [2024-04-08T08:30:56.770+0000] {dagbag.py:540} INFO - Filling up the DagBag from /home/airflow/.local/lib/python3.8/site-packages/airflow/example_dags/example_latest_only_with_trigger.py
[2024-04-08T08:30:56.777+0000] {processor.py:840} INFO - DAG(s) 'latest_only_with_trigger' retrieved from /home/airflow/.local/lib/python3.8/site-packages/airflow/example_dags/example_latest_only_with_trigger.py
[2024-04-08T08:30:56.803+0000] {logging_mixin.py:188} INFO - [2024-04-08T08:30:56.802+0000] {dag.py:3047} INFO - Sync 1 DAGs
[2024-04-08T08:30:56.833+0000] {logging_mixin.py:188} INFO - [2024-04-08T08:30:56.833+0000] {dag.py:3834} INFO - Setting next_dagrun for latest_only_with_trigger to 2024-04-08 04:00:00+00:00, run_after=2024-04-08 08:00:00+00:00
[2024-04-08T08:30:56.867+0000] {processor.py:183} INFO - Processing /home/airflow/.local/lib/python3.8/site-packages/airflow/example_dags/example_latest_only_with_trigger.py took 0.103 seconds
[2024-04-08T08:31:27.193+0000] {processor.py:161} INFO - Started process (PID=2400) to work on /home/airflow/.local/lib/python3.8/site-packages/airflow/example_dags/example_latest_only_with_trigger.py
[2024-04-08T08:31:27.194+0000] {processor.py:830} INFO - Processing file /home/airflow/.local/lib/python3.8/site-packages/airflow/example_dags/example_latest_only_with_trigger.py for tasks to queue
[2024-04-08T08:31:27.195+0000] {logging_mixin.py:188} INFO - [2024-04-08T08:31:27.195+0000] {dagbag.py:540} INFO - Filling up the DagBag from /home/airflow/.local/lib/python3.8/site-packages/airflow/example_dags/example_latest_only_with_trigger.py
[2024-04-08T08:31:27.200+0000] {processor.py:840} INFO - DAG(s) 'latest_only_with_trigger' retrieved from /home/airflow/.local/lib/python3.8/site-packages/airflow/example_dags/example_latest_only_with_trigger.py
[2024-04-08T08:31:27.224+0000] {logging_mixin.py:188} INFO - [2024-04-08T08:31:27.224+0000] {dag.py:3047} INFO - Sync 1 DAGs
[2024-04-08T08:31:27.250+0000] {logging_mixin.py:188} INFO - [2024-04-08T08:31:27.250+0000] {dag.py:3834} INFO - Setting next_dagrun for latest_only_with_trigger to 2024-04-08 04:00:00+00:00, run_after=2024-04-08 08:00:00+00:00
[2024-04-08T08:31:27.279+0000] {processor.py:183} INFO - Processing /home/airflow/.local/lib/python3.8/site-packages/airflow/example_dags/example_latest_only_with_trigger.py took 0.090 seconds
[2024-04-08T08:31:57.842+0000] {processor.py:161} INFO - Started process (PID=2657) to work on /home/airflow/.local/lib/python3.8/site-packages/airflow/example_dags/example_latest_only_with_trigger.py
[2024-04-08T08:31:57.847+0000] {processor.py:830} INFO - Processing file /home/airflow/.local/lib/python3.8/site-packages/airflow/example_dags/example_latest_only_with_trigger.py for tasks to queue
[2024-04-08T08:31:57.849+0000] {logging_mixin.py:188} INFO - [2024-04-08T08:31:57.848+0000] {dagbag.py:540} INFO - Filling up the DagBag from /home/airflow/.local/lib/python3.8/site-packages/airflow/example_dags/example_latest_only_with_trigger.py
[2024-04-08T08:31:57.856+0000] {processor.py:840} INFO - DAG(s) 'latest_only_with_trigger' retrieved from /home/airflow/.local/lib/python3.8/site-packages/airflow/example_dags/example_latest_only_with_trigger.py
[2024-04-08T08:31:57.881+0000] {logging_mixin.py:188} INFO - [2024-04-08T08:31:57.881+0000] {dag.py:3047} INFO - Sync 1 DAGs
[2024-04-08T08:31:57.907+0000] {logging_mixin.py:188} INFO - [2024-04-08T08:31:57.907+0000] {dag.py:3834} INFO - Setting next_dagrun for latest_only_with_trigger to 2024-04-08 04:00:00+00:00, run_after=2024-04-08 08:00:00+00:00
[2024-04-08T08:31:57.950+0000] {processor.py:183} INFO - Processing /home/airflow/.local/lib/python3.8/site-packages/airflow/example_dags/example_latest_only_with_trigger.py took 0.112 seconds
[2024-04-08T08:32:28.725+0000] {processor.py:161} INFO - Started process (PID=2912) to work on /home/airflow/.local/lib/python3.8/site-packages/airflow/example_dags/example_latest_only_with_trigger.py
[2024-04-08T08:32:28.726+0000] {processor.py:830} INFO - Processing file /home/airflow/.local/lib/python3.8/site-packages/airflow/example_dags/example_latest_only_with_trigger.py for tasks to queue
[2024-04-08T08:32:28.727+0000] {logging_mixin.py:188} INFO - [2024-04-08T08:32:28.727+0000] {dagbag.py:540} INFO - Filling up the DagBag from /home/airflow/.local/lib/python3.8/site-packages/airflow/example_dags/example_latest_only_with_trigger.py
[2024-04-08T08:32:28.734+0000] {processor.py:840} INFO - DAG(s) 'latest_only_with_trigger' retrieved from /home/airflow/.local/lib/python3.8/site-packages/airflow/example_dags/example_latest_only_with_trigger.py
[2024-04-08T08:32:28.758+0000] {logging_mixin.py:188} INFO - [2024-04-08T08:32:28.758+0000] {dag.py:3047} INFO - Sync 1 DAGs
[2024-04-08T08:32:28.781+0000] {logging_mixin.py:188} INFO - [2024-04-08T08:32:28.781+0000] {dag.py:3834} INFO - Setting next_dagrun for latest_only_with_trigger to 2024-04-08 04:00:00+00:00, run_after=2024-04-08 08:00:00+00:00
[2024-04-08T08:32:28.805+0000] {processor.py:183} INFO - Processing /home/airflow/.local/lib/python3.8/site-packages/airflow/example_dags/example_latest_only_with_trigger.py took 0.083 seconds
[2024-04-08T08:32:59.425+0000] {processor.py:161} INFO - Started process (PID=3166) to work on /home/airflow/.local/lib/python3.8/site-packages/airflow/example_dags/example_latest_only_with_trigger.py
[2024-04-08T08:32:59.426+0000] {processor.py:830} INFO - Processing file /home/airflow/.local/lib/python3.8/site-packages/airflow/example_dags/example_latest_only_with_trigger.py for tasks to queue
[2024-04-08T08:32:59.427+0000] {logging_mixin.py:188} INFO - [2024-04-08T08:32:59.427+0000] {dagbag.py:540} INFO - Filling up the DagBag from /home/airflow/.local/lib/python3.8/site-packages/airflow/example_dags/example_latest_only_with_trigger.py
[2024-04-08T08:32:59.434+0000] {processor.py:840} INFO - DAG(s) 'latest_only_with_trigger' retrieved from /home/airflow/.local/lib/python3.8/site-packages/airflow/example_dags/example_latest_only_with_trigger.py
[2024-04-08T08:32:59.457+0000] {logging_mixin.py:188} INFO - [2024-04-08T08:32:59.457+0000] {dag.py:3047} INFO - Sync 1 DAGs
[2024-04-08T08:32:59.483+0000] {logging_mixin.py:188} INFO - [2024-04-08T08:32:59.483+0000] {dag.py:3834} INFO - Setting next_dagrun for latest_only_with_trigger to 2024-04-08 04:00:00+00:00, run_after=2024-04-08 08:00:00+00:00
[2024-04-08T08:32:59.506+0000] {processor.py:183} INFO - Processing /home/airflow/.local/lib/python3.8/site-packages/airflow/example_dags/example_latest_only_with_trigger.py took 0.085 seconds
[2024-04-08T08:33:29.951+0000] {processor.py:161} INFO - Started process (PID=3423) to work on /home/airflow/.local/lib/python3.8/site-packages/airflow/example_dags/example_latest_only_with_trigger.py
[2024-04-08T08:33:29.952+0000] {processor.py:830} INFO - Processing file /home/airflow/.local/lib/python3.8/site-packages/airflow/example_dags/example_latest_only_with_trigger.py for tasks to queue
[2024-04-08T08:33:29.954+0000] {logging_mixin.py:188} INFO - [2024-04-08T08:33:29.953+0000] {dagbag.py:540} INFO - Filling up the DagBag from /home/airflow/.local/lib/python3.8/site-packages/airflow/example_dags/example_latest_only_with_trigger.py
[2024-04-08T08:33:29.961+0000] {processor.py:840} INFO - DAG(s) 'latest_only_with_trigger' retrieved from /home/airflow/.local/lib/python3.8/site-packages/airflow/example_dags/example_latest_only_with_trigger.py
[2024-04-08T08:33:30.008+0000] {logging_mixin.py:188} INFO - [2024-04-08T08:33:30.007+0000] {dag.py:3047} INFO - Sync 1 DAGs
[2024-04-08T08:33:30.035+0000] {logging_mixin.py:188} INFO - [2024-04-08T08:33:30.035+0000] {dag.py:3834} INFO - Setting next_dagrun for latest_only_with_trigger to 2024-04-08 04:00:00+00:00, run_after=2024-04-08 08:00:00+00:00
[2024-04-08T08:33:30.062+0000] {processor.py:183} INFO - Processing /home/airflow/.local/lib/python3.8/site-packages/airflow/example_dags/example_latest_only_with_trigger.py took 0.115 seconds
[2024-04-08T08:34:00.340+0000] {processor.py:161} INFO - Started process (PID=3680) to work on /home/airflow/.local/lib/python3.8/site-packages/airflow/example_dags/example_latest_only_with_trigger.py
[2024-04-08T08:34:00.342+0000] {processor.py:830} INFO - Processing file /home/airflow/.local/lib/python3.8/site-packages/airflow/example_dags/example_latest_only_with_trigger.py for tasks to queue
[2024-04-08T08:34:00.343+0000] {logging_mixin.py:188} INFO - [2024-04-08T08:34:00.343+0000] {dagbag.py:540} INFO - Filling up the DagBag from /home/airflow/.local/lib/python3.8/site-packages/airflow/example_dags/example_latest_only_with_trigger.py
[2024-04-08T08:34:00.350+0000] {processor.py:840} INFO - DAG(s) 'latest_only_with_trigger' retrieved from /home/airflow/.local/lib/python3.8/site-packages/airflow/example_dags/example_latest_only_with_trigger.py
[2024-04-08T08:34:00.380+0000] {logging_mixin.py:188} INFO - [2024-04-08T08:34:00.379+0000] {dag.py:3047} INFO - Sync 1 DAGs
[2024-04-08T08:34:00.419+0000] {logging_mixin.py:188} INFO - [2024-04-08T08:34:00.419+0000] {dag.py:3834} INFO - Setting next_dagrun for latest_only_with_trigger to 2024-04-08 04:00:00+00:00, run_after=2024-04-08 08:00:00+00:00
[2024-04-08T08:34:00.463+0000] {processor.py:183} INFO - Processing /home/airflow/.local/lib/python3.8/site-packages/airflow/example_dags/example_latest_only_with_trigger.py took 0.127 seconds
[2024-04-08T08:34:30.530+0000] {processor.py:161} INFO - Started process (PID=3933) to work on /home/airflow/.local/lib/python3.8/site-packages/airflow/example_dags/example_latest_only_with_trigger.py
[2024-04-08T08:34:30.531+0000] {processor.py:830} INFO - Processing file /home/airflow/.local/lib/python3.8/site-packages/airflow/example_dags/example_latest_only_with_trigger.py for tasks to queue
[2024-04-08T08:34:30.532+0000] {logging_mixin.py:188} INFO - [2024-04-08T08:34:30.531+0000] {dagbag.py:540} INFO - Filling up the DagBag from /home/airflow/.local/lib/python3.8/site-packages/airflow/example_dags/example_latest_only_with_trigger.py
[2024-04-08T08:34:30.536+0000] {processor.py:840} INFO - DAG(s) 'latest_only_with_trigger' retrieved from /home/airflow/.local/lib/python3.8/site-packages/airflow/example_dags/example_latest_only_with_trigger.py
[2024-04-08T08:34:30.556+0000] {logging_mixin.py:188} INFO - [2024-04-08T08:34:30.556+0000] {dag.py:3047} INFO - Sync 1 DAGs
[2024-04-08T08:34:30.574+0000] {logging_mixin.py:188} INFO - [2024-04-08T08:34:30.573+0000] {dag.py:3834} INFO - Setting next_dagrun for latest_only_with_trigger to 2024-04-08 04:00:00+00:00, run_after=2024-04-08 08:00:00+00:00
[2024-04-08T08:34:30.595+0000] {processor.py:183} INFO - Processing /home/airflow/.local/lib/python3.8/site-packages/airflow/example_dags/example_latest_only_with_trigger.py took 0.069 seconds
[2024-04-08T08:35:01.029+0000] {processor.py:161} INFO - Started process (PID=4193) to work on /home/airflow/.local/lib/python3.8/site-packages/airflow/example_dags/example_latest_only_with_trigger.py
[2024-04-08T08:35:01.034+0000] {processor.py:830} INFO - Processing file /home/airflow/.local/lib/python3.8/site-packages/airflow/example_dags/example_latest_only_with_trigger.py for tasks to queue
[2024-04-08T08:35:01.035+0000] {logging_mixin.py:188} INFO - [2024-04-08T08:35:01.035+0000] {dagbag.py:540} INFO - Filling up the DagBag from /home/airflow/.local/lib/python3.8/site-packages/airflow/example_dags/example_latest_only_with_trigger.py
[2024-04-08T08:35:01.045+0000] {processor.py:840} INFO - DAG(s) 'latest_only_with_trigger' retrieved from /home/airflow/.local/lib/python3.8/site-packages/airflow/example_dags/example_latest_only_with_trigger.py
[2024-04-08T08:35:01.069+0000] {logging_mixin.py:188} INFO - [2024-04-08T08:35:01.069+0000] {dag.py:3047} INFO - Sync 1 DAGs
[2024-04-08T08:35:01.095+0000] {logging_mixin.py:188} INFO - [2024-04-08T08:35:01.095+0000] {dag.py:3834} INFO - Setting next_dagrun for latest_only_with_trigger to 2024-04-08 04:00:00+00:00, run_after=2024-04-08 08:00:00+00:00
[2024-04-08T08:35:01.119+0000] {processor.py:183} INFO - Processing /home/airflow/.local/lib/python3.8/site-packages/airflow/example_dags/example_latest_only_with_trigger.py took 0.094 seconds
[2024-04-08T08:35:31.731+0000] {processor.py:161} INFO - Started process (PID=4451) to work on /home/airflow/.local/lib/python3.8/site-packages/airflow/example_dags/example_latest_only_with_trigger.py
[2024-04-08T08:35:31.732+0000] {processor.py:830} INFO - Processing file /home/airflow/.local/lib/python3.8/site-packages/airflow/example_dags/example_latest_only_with_trigger.py for tasks to queue
[2024-04-08T08:35:31.732+0000] {logging_mixin.py:188} INFO - [2024-04-08T08:35:31.732+0000] {dagbag.py:540} INFO - Filling up the DagBag from /home/airflow/.local/lib/python3.8/site-packages/airflow/example_dags/example_latest_only_with_trigger.py
[2024-04-08T08:35:31.739+0000] {processor.py:840} INFO - DAG(s) 'latest_only_with_trigger' retrieved from /home/airflow/.local/lib/python3.8/site-packages/airflow/example_dags/example_latest_only_with_trigger.py
[2024-04-08T08:35:31.782+0000] {logging_mixin.py:188} INFO - [2024-04-08T08:35:31.781+0000] {dag.py:3047} INFO - Sync 1 DAGs
[2024-04-08T08:35:31.815+0000] {logging_mixin.py:188} INFO - [2024-04-08T08:35:31.815+0000] {dag.py:3834} INFO - Setting next_dagrun for latest_only_with_trigger to 2024-04-08 04:00:00+00:00, run_after=2024-04-08 08:00:00+00:00
[2024-04-08T08:35:31.838+0000] {processor.py:183} INFO - Processing /home/airflow/.local/lib/python3.8/site-packages/airflow/example_dags/example_latest_only_with_trigger.py took 0.114 seconds
[2024-04-08T08:36:02.404+0000] {processor.py:161} INFO - Started process (PID=4713) to work on /home/airflow/.local/lib/python3.8/site-packages/airflow/example_dags/example_latest_only_with_trigger.py
[2024-04-08T08:36:02.405+0000] {processor.py:830} INFO - Processing file /home/airflow/.local/lib/python3.8/site-packages/airflow/example_dags/example_latest_only_with_trigger.py for tasks to queue
[2024-04-08T08:36:02.406+0000] {logging_mixin.py:188} INFO - [2024-04-08T08:36:02.406+0000] {dagbag.py:540} INFO - Filling up the DagBag from /home/airflow/.local/lib/python3.8/site-packages/airflow/example_dags/example_latest_only_with_trigger.py
[2024-04-08T08:36:02.413+0000] {processor.py:840} INFO - DAG(s) 'latest_only_with_trigger' retrieved from /home/airflow/.local/lib/python3.8/site-packages/airflow/example_dags/example_latest_only_with_trigger.py
[2024-04-08T08:36:02.437+0000] {logging_mixin.py:188} INFO - [2024-04-08T08:36:02.436+0000] {dag.py:3047} INFO - Sync 1 DAGs
[2024-04-08T08:36:02.463+0000] {logging_mixin.py:188} INFO - [2024-04-08T08:36:02.462+0000] {dag.py:3834} INFO - Setting next_dagrun for latest_only_with_trigger to 2024-04-08 04:00:00+00:00, run_after=2024-04-08 08:00:00+00:00
[2024-04-08T08:36:02.487+0000] {processor.py:183} INFO - Processing /home/airflow/.local/lib/python3.8/site-packages/airflow/example_dags/example_latest_only_with_trigger.py took 0.087 seconds
[2024-04-08T08:36:32.563+0000] {processor.py:161} INFO - Started process (PID=4968) to work on /home/airflow/.local/lib/python3.8/site-packages/airflow/example_dags/example_latest_only_with_trigger.py
[2024-04-08T08:36:32.564+0000] {processor.py:830} INFO - Processing file /home/airflow/.local/lib/python3.8/site-packages/airflow/example_dags/example_latest_only_with_trigger.py for tasks to queue
[2024-04-08T08:36:32.564+0000] {logging_mixin.py:188} INFO - [2024-04-08T08:36:32.564+0000] {dagbag.py:540} INFO - Filling up the DagBag from /home/airflow/.local/lib/python3.8/site-packages/airflow/example_dags/example_latest_only_with_trigger.py
[2024-04-08T08:36:32.569+0000] {processor.py:840} INFO - DAG(s) 'latest_only_with_trigger' retrieved from /home/airflow/.local/lib/python3.8/site-packages/airflow/example_dags/example_latest_only_with_trigger.py
[2024-04-08T08:36:32.586+0000] {logging_mixin.py:188} INFO - [2024-04-08T08:36:32.586+0000] {dag.py:3047} INFO - Sync 1 DAGs
[2024-04-08T08:36:32.605+0000] {logging_mixin.py:188} INFO - [2024-04-08T08:36:32.605+0000] {dag.py:3834} INFO - Setting next_dagrun for latest_only_with_trigger to 2024-04-08 04:00:00+00:00, run_after=2024-04-08 08:00:00+00:00
[2024-04-08T08:36:32.624+0000] {processor.py:183} INFO - Processing /home/airflow/.local/lib/python3.8/site-packages/airflow/example_dags/example_latest_only_with_trigger.py took 0.064 seconds
[2024-04-08T08:37:02.794+0000] {processor.py:161} INFO - Started process (PID=5223) to work on /home/airflow/.local/lib/python3.8/site-packages/airflow/example_dags/example_latest_only_with_trigger.py
[2024-04-08T08:37:02.795+0000] {processor.py:830} INFO - Processing file /home/airflow/.local/lib/python3.8/site-packages/airflow/example_dags/example_latest_only_with_trigger.py for tasks to queue
[2024-04-08T08:37:02.796+0000] {logging_mixin.py:188} INFO - [2024-04-08T08:37:02.796+0000] {dagbag.py:540} INFO - Filling up the DagBag from /home/airflow/.local/lib/python3.8/site-packages/airflow/example_dags/example_latest_only_with_trigger.py
[2024-04-08T08:37:02.804+0000] {processor.py:840} INFO - DAG(s) 'latest_only_with_trigger' retrieved from /home/airflow/.local/lib/python3.8/site-packages/airflow/example_dags/example_latest_only_with_trigger.py
[2024-04-08T08:37:02.865+0000] {logging_mixin.py:188} INFO - [2024-04-08T08:37:02.865+0000] {dag.py:3047} INFO - Sync 1 DAGs
[2024-04-08T08:37:02.937+0000] {logging_mixin.py:188} INFO - [2024-04-08T08:37:02.937+0000] {dag.py:3834} INFO - Setting next_dagrun for latest_only_with_trigger to 2024-04-08 04:00:00+00:00, run_after=2024-04-08 08:00:00+00:00
[2024-04-08T08:37:02.974+0000] {processor.py:183} INFO - Processing /home/airflow/.local/lib/python3.8/site-packages/airflow/example_dags/example_latest_only_with_trigger.py took 0.184 seconds
[2024-04-08T08:37:33.665+0000] {processor.py:161} INFO - Started process (PID=5484) to work on /home/airflow/.local/lib/python3.8/site-packages/airflow/example_dags/example_latest_only_with_trigger.py
[2024-04-08T08:37:33.666+0000] {processor.py:830} INFO - Processing file /home/airflow/.local/lib/python3.8/site-packages/airflow/example_dags/example_latest_only_with_trigger.py for tasks to queue
[2024-04-08T08:37:33.667+0000] {logging_mixin.py:188} INFO - [2024-04-08T08:37:33.667+0000] {dagbag.py:540} INFO - Filling up the DagBag from /home/airflow/.local/lib/python3.8/site-packages/airflow/example_dags/example_latest_only_with_trigger.py
[2024-04-08T08:37:33.674+0000] {processor.py:840} INFO - DAG(s) 'latest_only_with_trigger' retrieved from /home/airflow/.local/lib/python3.8/site-packages/airflow/example_dags/example_latest_only_with_trigger.py
[2024-04-08T08:37:33.699+0000] {logging_mixin.py:188} INFO - [2024-04-08T08:37:33.699+0000] {dag.py:3047} INFO - Sync 1 DAGs
[2024-04-08T08:37:33.724+0000] {logging_mixin.py:188} INFO - [2024-04-08T08:37:33.724+0000] {dag.py:3834} INFO - Setting next_dagrun for latest_only_with_trigger to 2024-04-08 04:00:00+00:00, run_after=2024-04-08 08:00:00+00:00
[2024-04-08T08:37:33.748+0000] {processor.py:183} INFO - Processing /home/airflow/.local/lib/python3.8/site-packages/airflow/example_dags/example_latest_only_with_trigger.py took 0.087 seconds
[2024-04-08T08:38:04.315+0000] {processor.py:161} INFO - Started process (PID=5741) to work on /home/airflow/.local/lib/python3.8/site-packages/airflow/example_dags/example_latest_only_with_trigger.py
[2024-04-08T08:38:04.316+0000] {processor.py:830} INFO - Processing file /home/airflow/.local/lib/python3.8/site-packages/airflow/example_dags/example_latest_only_with_trigger.py for tasks to queue
[2024-04-08T08:38:04.317+0000] {logging_mixin.py:188} INFO - [2024-04-08T08:38:04.316+0000] {dagbag.py:540} INFO - Filling up the DagBag from /home/airflow/.local/lib/python3.8/site-packages/airflow/example_dags/example_latest_only_with_trigger.py
[2024-04-08T08:38:04.323+0000] {processor.py:840} INFO - DAG(s) 'latest_only_with_trigger' retrieved from /home/airflow/.local/lib/python3.8/site-packages/airflow/example_dags/example_latest_only_with_trigger.py
[2024-04-08T08:38:04.347+0000] {logging_mixin.py:188} INFO - [2024-04-08T08:38:04.347+0000] {dag.py:3047} INFO - Sync 1 DAGs
[2024-04-08T08:38:04.372+0000] {logging_mixin.py:188} INFO - [2024-04-08T08:38:04.372+0000] {dag.py:3834} INFO - Setting next_dagrun for latest_only_with_trigger to 2024-04-08 04:00:00+00:00, run_after=2024-04-08 08:00:00+00:00
[2024-04-08T08:38:04.396+0000] {processor.py:183} INFO - Processing /home/airflow/.local/lib/python3.8/site-packages/airflow/example_dags/example_latest_only_with_trigger.py took 0.084 seconds
[2024-04-08T08:38:34.906+0000] {processor.py:161} INFO - Started process (PID=5999) to work on /home/airflow/.local/lib/python3.8/site-packages/airflow/example_dags/example_latest_only_with_trigger.py
[2024-04-08T08:38:34.908+0000] {processor.py:830} INFO - Processing file /home/airflow/.local/lib/python3.8/site-packages/airflow/example_dags/example_latest_only_with_trigger.py for tasks to queue
[2024-04-08T08:38:34.909+0000] {logging_mixin.py:188} INFO - [2024-04-08T08:38:34.908+0000] {dagbag.py:540} INFO - Filling up the DagBag from /home/airflow/.local/lib/python3.8/site-packages/airflow/example_dags/example_latest_only_with_trigger.py
[2024-04-08T08:38:34.915+0000] {processor.py:840} INFO - DAG(s) 'latest_only_with_trigger' retrieved from /home/airflow/.local/lib/python3.8/site-packages/airflow/example_dags/example_latest_only_with_trigger.py
[2024-04-08T08:38:34.938+0000] {logging_mixin.py:188} INFO - [2024-04-08T08:38:34.938+0000] {dag.py:3047} INFO - Sync 1 DAGs
[2024-04-08T08:38:34.967+0000] {logging_mixin.py:188} INFO - [2024-04-08T08:38:34.967+0000] {dag.py:3834} INFO - Setting next_dagrun for latest_only_with_trigger to 2024-04-08 04:00:00+00:00, run_after=2024-04-08 08:00:00+00:00
[2024-04-08T08:38:34.994+0000] {processor.py:183} INFO - Processing /home/airflow/.local/lib/python3.8/site-packages/airflow/example_dags/example_latest_only_with_trigger.py took 0.091 seconds
[2024-04-08T08:39:05.513+0000] {processor.py:161} INFO - Started process (PID=6256) to work on /home/airflow/.local/lib/python3.8/site-packages/airflow/example_dags/example_latest_only_with_trigger.py
[2024-04-08T08:39:05.516+0000] {processor.py:830} INFO - Processing file /home/airflow/.local/lib/python3.8/site-packages/airflow/example_dags/example_latest_only_with_trigger.py for tasks to queue
[2024-04-08T08:39:05.517+0000] {logging_mixin.py:188} INFO - [2024-04-08T08:39:05.517+0000] {dagbag.py:540} INFO - Filling up the DagBag from /home/airflow/.local/lib/python3.8/site-packages/airflow/example_dags/example_latest_only_with_trigger.py
[2024-04-08T08:39:05.523+0000] {processor.py:840} INFO - DAG(s) 'latest_only_with_trigger' retrieved from /home/airflow/.local/lib/python3.8/site-packages/airflow/example_dags/example_latest_only_with_trigger.py
[2024-04-08T08:39:05.550+0000] {logging_mixin.py:188} INFO - [2024-04-08T08:39:05.550+0000] {dag.py:3047} INFO - Sync 1 DAGs
[2024-04-08T08:39:05.590+0000] {logging_mixin.py:188} INFO - [2024-04-08T08:39:05.590+0000] {dag.py:3834} INFO - Setting next_dagrun for latest_only_with_trigger to 2024-04-08 04:00:00+00:00, run_after=2024-04-08 08:00:00+00:00
[2024-04-08T08:39:05.614+0000] {processor.py:183} INFO - Processing /home/airflow/.local/lib/python3.8/site-packages/airflow/example_dags/example_latest_only_with_trigger.py took 0.104 seconds
[2024-04-08T08:39:36.014+0000] {processor.py:161} INFO - Started process (PID=6512) to work on /home/airflow/.local/lib/python3.8/site-packages/airflow/example_dags/example_latest_only_with_trigger.py
[2024-04-08T08:39:36.015+0000] {processor.py:830} INFO - Processing file /home/airflow/.local/lib/python3.8/site-packages/airflow/example_dags/example_latest_only_with_trigger.py for tasks to queue
[2024-04-08T08:39:36.016+0000] {logging_mixin.py:188} INFO - [2024-04-08T08:39:36.016+0000] {dagbag.py:540} INFO - Filling up the DagBag from /home/airflow/.local/lib/python3.8/site-packages/airflow/example_dags/example_latest_only_with_trigger.py
[2024-04-08T08:39:36.028+0000] {processor.py:840} INFO - DAG(s) 'latest_only_with_trigger' retrieved from /home/airflow/.local/lib/python3.8/site-packages/airflow/example_dags/example_latest_only_with_trigger.py
[2024-04-08T08:39:36.053+0000] {logging_mixin.py:188} INFO - [2024-04-08T08:39:36.053+0000] {dag.py:3047} INFO - Sync 1 DAGs
[2024-04-08T08:39:36.082+0000] {logging_mixin.py:188} INFO - [2024-04-08T08:39:36.082+0000] {dag.py:3834} INFO - Setting next_dagrun for latest_only_with_trigger to 2024-04-08 04:00:00+00:00, run_after=2024-04-08 08:00:00+00:00
[2024-04-08T08:39:36.106+0000] {processor.py:183} INFO - Processing /home/airflow/.local/lib/python3.8/site-packages/airflow/example_dags/example_latest_only_with_trigger.py took 0.096 seconds
[2024-04-08T08:40:06.304+0000] {processor.py:161} INFO - Started process (PID=6769) to work on /home/airflow/.local/lib/python3.8/site-packages/airflow/example_dags/example_latest_only_with_trigger.py
[2024-04-08T08:40:06.304+0000] {processor.py:830} INFO - Processing file /home/airflow/.local/lib/python3.8/site-packages/airflow/example_dags/example_latest_only_with_trigger.py for tasks to queue
[2024-04-08T08:40:06.305+0000] {logging_mixin.py:188} INFO - [2024-04-08T08:40:06.305+0000] {dagbag.py:540} INFO - Filling up the DagBag from /home/airflow/.local/lib/python3.8/site-packages/airflow/example_dags/example_latest_only_with_trigger.py
[2024-04-08T08:40:06.313+0000] {processor.py:840} INFO - DAG(s) 'latest_only_with_trigger' retrieved from /home/airflow/.local/lib/python3.8/site-packages/airflow/example_dags/example_latest_only_with_trigger.py
[2024-04-08T08:40:06.336+0000] {logging_mixin.py:188} INFO - [2024-04-08T08:40:06.335+0000] {dag.py:3047} INFO - Sync 1 DAGs
[2024-04-08T08:40:06.360+0000] {logging_mixin.py:188} INFO - [2024-04-08T08:40:06.360+0000] {dag.py:3834} INFO - Setting next_dagrun for latest_only_with_trigger to 2024-04-08 04:00:00+00:00, run_after=2024-04-08 08:00:00+00:00
[2024-04-08T08:40:06.394+0000] {processor.py:183} INFO - Processing /home/airflow/.local/lib/python3.8/site-packages/airflow/example_dags/example_latest_only_with_trigger.py took 0.094 seconds
[2024-04-08T08:40:36.747+0000] {processor.py:161} INFO - Started process (PID=7026) to work on /home/airflow/.local/lib/python3.8/site-packages/airflow/example_dags/example_latest_only_with_trigger.py
[2024-04-08T08:40:36.748+0000] {processor.py:830} INFO - Processing file /home/airflow/.local/lib/python3.8/site-packages/airflow/example_dags/example_latest_only_with_trigger.py for tasks to queue
[2024-04-08T08:40:36.749+0000] {logging_mixin.py:188} INFO - [2024-04-08T08:40:36.749+0000] {dagbag.py:540} INFO - Filling up the DagBag from /home/airflow/.local/lib/python3.8/site-packages/airflow/example_dags/example_latest_only_with_trigger.py
[2024-04-08T08:40:36.755+0000] {processor.py:840} INFO - DAG(s) 'latest_only_with_trigger' retrieved from /home/airflow/.local/lib/python3.8/site-packages/airflow/example_dags/example_latest_only_with_trigger.py
[2024-04-08T08:40:36.781+0000] {logging_mixin.py:188} INFO - [2024-04-08T08:40:36.781+0000] {dag.py:3047} INFO - Sync 1 DAGs
[2024-04-08T08:40:36.807+0000] {logging_mixin.py:188} INFO - [2024-04-08T08:40:36.807+0000] {dag.py:3834} INFO - Setting next_dagrun for latest_only_with_trigger to 2024-04-08 04:00:00+00:00, run_after=2024-04-08 08:00:00+00:00
[2024-04-08T08:40:36.832+0000] {processor.py:183} INFO - Processing /home/airflow/.local/lib/python3.8/site-packages/airflow/example_dags/example_latest_only_with_trigger.py took 0.088 seconds
[2024-04-08T08:41:07.350+0000] {processor.py:161} INFO - Started process (PID=7283) to work on /home/airflow/.local/lib/python3.8/site-packages/airflow/example_dags/example_latest_only_with_trigger.py
[2024-04-08T08:41:07.351+0000] {processor.py:830} INFO - Processing file /home/airflow/.local/lib/python3.8/site-packages/airflow/example_dags/example_latest_only_with_trigger.py for tasks to queue
[2024-04-08T08:41:07.352+0000] {logging_mixin.py:188} INFO - [2024-04-08T08:41:07.352+0000] {dagbag.py:540} INFO - Filling up the DagBag from /home/airflow/.local/lib/python3.8/site-packages/airflow/example_dags/example_latest_only_with_trigger.py
[2024-04-08T08:41:07.359+0000] {processor.py:840} INFO - DAG(s) 'latest_only_with_trigger' retrieved from /home/airflow/.local/lib/python3.8/site-packages/airflow/example_dags/example_latest_only_with_trigger.py
[2024-04-08T08:41:07.386+0000] {logging_mixin.py:188} INFO - [2024-04-08T08:41:07.386+0000] {dag.py:3047} INFO - Sync 1 DAGs
[2024-04-08T08:41:07.461+0000] {logging_mixin.py:188} INFO - [2024-04-08T08:41:07.460+0000] {dag.py:3834} INFO - Setting next_dagrun for latest_only_with_trigger to 2024-04-08 04:00:00+00:00, run_after=2024-04-08 08:00:00+00:00
[2024-04-08T08:41:07.538+0000] {processor.py:183} INFO - Processing /home/airflow/.local/lib/python3.8/site-packages/airflow/example_dags/example_latest_only_with_trigger.py took 0.192 seconds
[2024-04-08T08:41:37.614+0000] {processor.py:161} INFO - Started process (PID=7535) to work on /home/airflow/.local/lib/python3.8/site-packages/airflow/example_dags/example_latest_only_with_trigger.py
[2024-04-08T08:41:37.615+0000] {processor.py:830} INFO - Processing file /home/airflow/.local/lib/python3.8/site-packages/airflow/example_dags/example_latest_only_with_trigger.py for tasks to queue
[2024-04-08T08:41:37.616+0000] {logging_mixin.py:188} INFO - [2024-04-08T08:41:37.616+0000] {dagbag.py:540} INFO - Filling up the DagBag from /home/airflow/.local/lib/python3.8/site-packages/airflow/example_dags/example_latest_only_with_trigger.py
[2024-04-08T08:41:37.623+0000] {processor.py:840} INFO - DAG(s) 'latest_only_with_trigger' retrieved from /home/airflow/.local/lib/python3.8/site-packages/airflow/example_dags/example_latest_only_with_trigger.py
[2024-04-08T08:41:37.648+0000] {logging_mixin.py:188} INFO - [2024-04-08T08:41:37.647+0000] {dag.py:3047} INFO - Sync 1 DAGs
[2024-04-08T08:41:37.674+0000] {logging_mixin.py:188} INFO - [2024-04-08T08:41:37.674+0000] {dag.py:3834} INFO - Setting next_dagrun for latest_only_with_trigger to 2024-04-08 04:00:00+00:00, run_after=2024-04-08 08:00:00+00:00
[2024-04-08T08:41:37.702+0000] {processor.py:183} INFO - Processing /home/airflow/.local/lib/python3.8/site-packages/airflow/example_dags/example_latest_only_with_trigger.py took 0.092 seconds
[2024-04-08T08:42:07.977+0000] {processor.py:161} INFO - Started process (PID=7792) to work on /home/airflow/.local/lib/python3.8/site-packages/airflow/example_dags/example_latest_only_with_trigger.py
[2024-04-08T08:42:07.978+0000] {processor.py:830} INFO - Processing file /home/airflow/.local/lib/python3.8/site-packages/airflow/example_dags/example_latest_only_with_trigger.py for tasks to queue
[2024-04-08T08:42:07.979+0000] {logging_mixin.py:188} INFO - [2024-04-08T08:42:07.979+0000] {dagbag.py:540} INFO - Filling up the DagBag from /home/airflow/.local/lib/python3.8/site-packages/airflow/example_dags/example_latest_only_with_trigger.py
[2024-04-08T08:42:07.986+0000] {processor.py:840} INFO - DAG(s) 'latest_only_with_trigger' retrieved from /home/airflow/.local/lib/python3.8/site-packages/airflow/example_dags/example_latest_only_with_trigger.py
[2024-04-08T08:42:08.009+0000] {logging_mixin.py:188} INFO - [2024-04-08T08:42:08.008+0000] {dag.py:3047} INFO - Sync 1 DAGs
[2024-04-08T08:42:08.034+0000] {logging_mixin.py:188} INFO - [2024-04-08T08:42:08.034+0000] {dag.py:3834} INFO - Setting next_dagrun for latest_only_with_trigger to 2024-04-08 04:00:00+00:00, run_after=2024-04-08 08:00:00+00:00
[2024-04-08T08:42:08.059+0000] {processor.py:183} INFO - Processing /home/airflow/.local/lib/python3.8/site-packages/airflow/example_dags/example_latest_only_with_trigger.py took 0.086 seconds
[2024-04-08T08:42:38.223+0000] {processor.py:161} INFO - Started process (PID=8049) to work on /home/airflow/.local/lib/python3.8/site-packages/airflow/example_dags/example_latest_only_with_trigger.py
[2024-04-08T08:42:38.225+0000] {processor.py:830} INFO - Processing file /home/airflow/.local/lib/python3.8/site-packages/airflow/example_dags/example_latest_only_with_trigger.py for tasks to queue
[2024-04-08T08:42:38.226+0000] {logging_mixin.py:188} INFO - [2024-04-08T08:42:38.225+0000] {dagbag.py:540} INFO - Filling up the DagBag from /home/airflow/.local/lib/python3.8/site-packages/airflow/example_dags/example_latest_only_with_trigger.py
[2024-04-08T08:42:38.240+0000] {processor.py:840} INFO - DAG(s) 'latest_only_with_trigger' retrieved from /home/airflow/.local/lib/python3.8/site-packages/airflow/example_dags/example_latest_only_with_trigger.py
[2024-04-08T08:42:38.267+0000] {logging_mixin.py:188} INFO - [2024-04-08T08:42:38.267+0000] {dag.py:3047} INFO - Sync 1 DAGs
[2024-04-08T08:42:38.305+0000] {logging_mixin.py:188} INFO - [2024-04-08T08:42:38.305+0000] {dag.py:3834} INFO - Setting next_dagrun for latest_only_with_trigger to 2024-04-08 04:00:00+00:00, run_after=2024-04-08 08:00:00+00:00
[2024-04-08T08:42:38.353+0000] {processor.py:183} INFO - Processing /home/airflow/.local/lib/python3.8/site-packages/airflow/example_dags/example_latest_only_with_trigger.py took 0.135 seconds
[2024-04-08T08:43:08.597+0000] {processor.py:161} INFO - Started process (PID=8306) to work on /home/airflow/.local/lib/python3.8/site-packages/airflow/example_dags/example_latest_only_with_trigger.py
[2024-04-08T08:43:08.598+0000] {processor.py:830} INFO - Processing file /home/airflow/.local/lib/python3.8/site-packages/airflow/example_dags/example_latest_only_with_trigger.py for tasks to queue
[2024-04-08T08:43:08.599+0000] {logging_mixin.py:188} INFO - [2024-04-08T08:43:08.598+0000] {dagbag.py:540} INFO - Filling up the DagBag from /home/airflow/.local/lib/python3.8/site-packages/airflow/example_dags/example_latest_only_with_trigger.py
[2024-04-08T08:43:08.622+0000] {processor.py:840} INFO - DAG(s) 'latest_only_with_trigger' retrieved from /home/airflow/.local/lib/python3.8/site-packages/airflow/example_dags/example_latest_only_with_trigger.py
[2024-04-08T08:43:08.675+0000] {logging_mixin.py:188} INFO - [2024-04-08T08:43:08.675+0000] {dag.py:3047} INFO - Sync 1 DAGs
[2024-04-08T08:43:08.767+0000] {logging_mixin.py:188} INFO - [2024-04-08T08:43:08.767+0000] {dag.py:3834} INFO - Setting next_dagrun for latest_only_with_trigger to 2024-04-08 04:00:00+00:00, run_after=2024-04-08 08:00:00+00:00
[2024-04-08T08:43:08.821+0000] {processor.py:183} INFO - Processing /home/airflow/.local/lib/python3.8/site-packages/airflow/example_dags/example_latest_only_with_trigger.py took 0.229 seconds
[2024-04-08T08:43:39.085+0000] {processor.py:161} INFO - Started process (PID=8563) to work on /home/airflow/.local/lib/python3.8/site-packages/airflow/example_dags/example_latest_only_with_trigger.py
[2024-04-08T08:43:39.086+0000] {processor.py:830} INFO - Processing file /home/airflow/.local/lib/python3.8/site-packages/airflow/example_dags/example_latest_only_with_trigger.py for tasks to queue
[2024-04-08T08:43:39.087+0000] {logging_mixin.py:188} INFO - [2024-04-08T08:43:39.087+0000] {dagbag.py:540} INFO - Filling up the DagBag from /home/airflow/.local/lib/python3.8/site-packages/airflow/example_dags/example_latest_only_with_trigger.py
[2024-04-08T08:43:39.100+0000] {processor.py:840} INFO - DAG(s) 'latest_only_with_trigger' retrieved from /home/airflow/.local/lib/python3.8/site-packages/airflow/example_dags/example_latest_only_with_trigger.py
[2024-04-08T08:43:39.142+0000] {logging_mixin.py:188} INFO - [2024-04-08T08:43:39.141+0000] {dag.py:3047} INFO - Sync 1 DAGs
[2024-04-08T08:43:39.191+0000] {logging_mixin.py:188} INFO - [2024-04-08T08:43:39.191+0000] {dag.py:3834} INFO - Setting next_dagrun for latest_only_with_trigger to 2024-04-08 04:00:00+00:00, run_after=2024-04-08 08:00:00+00:00
[2024-04-08T08:43:39.256+0000] {processor.py:183} INFO - Processing /home/airflow/.local/lib/python3.8/site-packages/airflow/example_dags/example_latest_only_with_trigger.py took 0.175 seconds
[2024-04-08T08:44:10.073+0000] {processor.py:161} INFO - Started process (PID=8827) to work on /home/airflow/.local/lib/python3.8/site-packages/airflow/example_dags/example_latest_only_with_trigger.py
[2024-04-08T08:44:10.075+0000] {processor.py:830} INFO - Processing file /home/airflow/.local/lib/python3.8/site-packages/airflow/example_dags/example_latest_only_with_trigger.py for tasks to queue
[2024-04-08T08:44:10.076+0000] {logging_mixin.py:188} INFO - [2024-04-08T08:44:10.076+0000] {dagbag.py:540} INFO - Filling up the DagBag from /home/airflow/.local/lib/python3.8/site-packages/airflow/example_dags/example_latest_only_with_trigger.py
[2024-04-08T08:44:10.083+0000] {processor.py:840} INFO - DAG(s) 'latest_only_with_trigger' retrieved from /home/airflow/.local/lib/python3.8/site-packages/airflow/example_dags/example_latest_only_with_trigger.py
[2024-04-08T08:44:10.108+0000] {logging_mixin.py:188} INFO - [2024-04-08T08:44:10.108+0000] {dag.py:3047} INFO - Sync 1 DAGs
[2024-04-08T08:44:10.135+0000] {logging_mixin.py:188} INFO - [2024-04-08T08:44:10.135+0000] {dag.py:3834} INFO - Setting next_dagrun for latest_only_with_trigger to 2024-04-08 04:00:00+00:00, run_after=2024-04-08 08:00:00+00:00
[2024-04-08T08:44:10.159+0000] {processor.py:183} INFO - Processing /home/airflow/.local/lib/python3.8/site-packages/airflow/example_dags/example_latest_only_with_trigger.py took 0.090 seconds
[2024-04-08T08:44:40.427+0000] {processor.py:161} INFO - Started process (PID=9086) to work on /home/airflow/.local/lib/python3.8/site-packages/airflow/example_dags/example_latest_only_with_trigger.py
[2024-04-08T08:44:40.428+0000] {processor.py:830} INFO - Processing file /home/airflow/.local/lib/python3.8/site-packages/airflow/example_dags/example_latest_only_with_trigger.py for tasks to queue
[2024-04-08T08:44:40.429+0000] {logging_mixin.py:188} INFO - [2024-04-08T08:44:40.428+0000] {dagbag.py:540} INFO - Filling up the DagBag from /home/airflow/.local/lib/python3.8/site-packages/airflow/example_dags/example_latest_only_with_trigger.py
[2024-04-08T08:44:40.437+0000] {processor.py:840} INFO - DAG(s) 'latest_only_with_trigger' retrieved from /home/airflow/.local/lib/python3.8/site-packages/airflow/example_dags/example_latest_only_with_trigger.py
[2024-04-08T08:44:40.474+0000] {logging_mixin.py:188} INFO - [2024-04-08T08:44:40.474+0000] {dag.py:3047} INFO - Sync 1 DAGs
[2024-04-08T08:44:40.509+0000] {logging_mixin.py:188} INFO - [2024-04-08T08:44:40.508+0000] {dag.py:3834} INFO - Setting next_dagrun for latest_only_with_trigger to 2024-04-08 04:00:00+00:00, run_after=2024-04-08 08:00:00+00:00
[2024-04-08T08:44:40.538+0000] {processor.py:183} INFO - Processing /home/airflow/.local/lib/python3.8/site-packages/airflow/example_dags/example_latest_only_with_trigger.py took 0.115 seconds
[2024-04-08T08:45:10.852+0000] {processor.py:161} INFO - Started process (PID=9344) to work on /home/airflow/.local/lib/python3.8/site-packages/airflow/example_dags/example_latest_only_with_trigger.py
[2024-04-08T08:45:10.853+0000] {processor.py:830} INFO - Processing file /home/airflow/.local/lib/python3.8/site-packages/airflow/example_dags/example_latest_only_with_trigger.py for tasks to queue
[2024-04-08T08:45:10.854+0000] {logging_mixin.py:188} INFO - [2024-04-08T08:45:10.854+0000] {dagbag.py:540} INFO - Filling up the DagBag from /home/airflow/.local/lib/python3.8/site-packages/airflow/example_dags/example_latest_only_with_trigger.py
[2024-04-08T08:45:10.865+0000] {processor.py:840} INFO - DAG(s) 'latest_only_with_trigger' retrieved from /home/airflow/.local/lib/python3.8/site-packages/airflow/example_dags/example_latest_only_with_trigger.py
[2024-04-08T08:45:10.891+0000] {logging_mixin.py:188} INFO - [2024-04-08T08:45:10.891+0000] {dag.py:3047} INFO - Sync 1 DAGs
[2024-04-08T08:45:10.919+0000] {logging_mixin.py:188} INFO - [2024-04-08T08:45:10.918+0000] {dag.py:3834} INFO - Setting next_dagrun for latest_only_with_trigger to 2024-04-08 04:00:00+00:00, run_after=2024-04-08 08:00:00+00:00
[2024-04-08T08:45:10.948+0000] {processor.py:183} INFO - Processing /home/airflow/.local/lib/python3.8/site-packages/airflow/example_dags/example_latest_only_with_trigger.py took 0.104 seconds
[2024-04-08T08:45:41.225+0000] {processor.py:161} INFO - Started process (PID=9603) to work on /home/airflow/.local/lib/python3.8/site-packages/airflow/example_dags/example_latest_only_with_trigger.py
[2024-04-08T08:45:41.229+0000] {processor.py:830} INFO - Processing file /home/airflow/.local/lib/python3.8/site-packages/airflow/example_dags/example_latest_only_with_trigger.py for tasks to queue
[2024-04-08T08:45:41.230+0000] {logging_mixin.py:188} INFO - [2024-04-08T08:45:41.229+0000] {dagbag.py:540} INFO - Filling up the DagBag from /home/airflow/.local/lib/python3.8/site-packages/airflow/example_dags/example_latest_only_with_trigger.py
[2024-04-08T08:45:41.237+0000] {processor.py:840} INFO - DAG(s) 'latest_only_with_trigger' retrieved from /home/airflow/.local/lib/python3.8/site-packages/airflow/example_dags/example_latest_only_with_trigger.py
[2024-04-08T08:45:41.265+0000] {logging_mixin.py:188} INFO - [2024-04-08T08:45:41.265+0000] {dag.py:3047} INFO - Sync 1 DAGs
[2024-04-08T08:45:41.296+0000] {logging_mixin.py:188} INFO - [2024-04-08T08:45:41.296+0000] {dag.py:3834} INFO - Setting next_dagrun for latest_only_with_trigger to 2024-04-08 04:00:00+00:00, run_after=2024-04-08 08:00:00+00:00
[2024-04-08T08:45:41.337+0000] {processor.py:183} INFO - Processing /home/airflow/.local/lib/python3.8/site-packages/airflow/example_dags/example_latest_only_with_trigger.py took 0.116 seconds
[2024-04-08T08:46:11.419+0000] {processor.py:161} INFO - Started process (PID=9858) to work on /home/airflow/.local/lib/python3.8/site-packages/airflow/example_dags/example_latest_only_with_trigger.py
[2024-04-08T08:46:11.420+0000] {processor.py:830} INFO - Processing file /home/airflow/.local/lib/python3.8/site-packages/airflow/example_dags/example_latest_only_with_trigger.py for tasks to queue
[2024-04-08T08:46:11.421+0000] {logging_mixin.py:188} INFO - [2024-04-08T08:46:11.421+0000] {dagbag.py:540} INFO - Filling up the DagBag from /home/airflow/.local/lib/python3.8/site-packages/airflow/example_dags/example_latest_only_with_trigger.py
[2024-04-08T08:46:11.428+0000] {processor.py:840} INFO - DAG(s) 'latest_only_with_trigger' retrieved from /home/airflow/.local/lib/python3.8/site-packages/airflow/example_dags/example_latest_only_with_trigger.py
[2024-04-08T08:46:11.453+0000] {logging_mixin.py:188} INFO - [2024-04-08T08:46:11.453+0000] {dag.py:3047} INFO - Sync 1 DAGs
[2024-04-08T08:46:11.506+0000] {logging_mixin.py:188} INFO - [2024-04-08T08:46:11.506+0000] {dag.py:3834} INFO - Setting next_dagrun for latest_only_with_trigger to 2024-04-08 04:00:00+00:00, run_after=2024-04-08 08:00:00+00:00
[2024-04-08T08:46:11.545+0000] {processor.py:183} INFO - Processing /home/airflow/.local/lib/python3.8/site-packages/airflow/example_dags/example_latest_only_with_trigger.py took 0.130 seconds
[2024-04-08T08:46:42.109+0000] {processor.py:161} INFO - Started process (PID=10117) to work on /home/airflow/.local/lib/python3.8/site-packages/airflow/example_dags/example_latest_only_with_trigger.py
[2024-04-08T08:46:42.109+0000] {processor.py:830} INFO - Processing file /home/airflow/.local/lib/python3.8/site-packages/airflow/example_dags/example_latest_only_with_trigger.py for tasks to queue
[2024-04-08T08:46:42.110+0000] {logging_mixin.py:188} INFO - [2024-04-08T08:46:42.110+0000] {dagbag.py:540} INFO - Filling up the DagBag from /home/airflow/.local/lib/python3.8/site-packages/airflow/example_dags/example_latest_only_with_trigger.py
[2024-04-08T08:46:42.115+0000] {processor.py:840} INFO - DAG(s) 'latest_only_with_trigger' retrieved from /home/airflow/.local/lib/python3.8/site-packages/airflow/example_dags/example_latest_only_with_trigger.py
[2024-04-08T08:46:42.134+0000] {logging_mixin.py:188} INFO - [2024-04-08T08:46:42.133+0000] {dag.py:3047} INFO - Sync 1 DAGs
[2024-04-08T08:46:42.151+0000] {logging_mixin.py:188} INFO - [2024-04-08T08:46:42.151+0000] {dag.py:3834} INFO - Setting next_dagrun for latest_only_with_trigger to 2024-04-08 04:00:00+00:00, run_after=2024-04-08 08:00:00+00:00
[2024-04-08T08:46:42.169+0000] {processor.py:183} INFO - Processing /home/airflow/.local/lib/python3.8/site-packages/airflow/example_dags/example_latest_only_with_trigger.py took 0.063 seconds
[2024-04-08T08:47:12.627+0000] {processor.py:161} INFO - Started process (PID=10372) to work on /home/airflow/.local/lib/python3.8/site-packages/airflow/example_dags/example_latest_only_with_trigger.py
[2024-04-08T08:47:12.628+0000] {processor.py:830} INFO - Processing file /home/airflow/.local/lib/python3.8/site-packages/airflow/example_dags/example_latest_only_with_trigger.py for tasks to queue
[2024-04-08T08:47:12.629+0000] {logging_mixin.py:188} INFO - [2024-04-08T08:47:12.628+0000] {dagbag.py:540} INFO - Filling up the DagBag from /home/airflow/.local/lib/python3.8/site-packages/airflow/example_dags/example_latest_only_with_trigger.py
[2024-04-08T08:47:12.635+0000] {processor.py:840} INFO - DAG(s) 'latest_only_with_trigger' retrieved from /home/airflow/.local/lib/python3.8/site-packages/airflow/example_dags/example_latest_only_with_trigger.py
[2024-04-08T08:47:12.661+0000] {logging_mixin.py:188} INFO - [2024-04-08T08:47:12.661+0000] {dag.py:3047} INFO - Sync 1 DAGs
[2024-04-08T08:47:12.687+0000] {logging_mixin.py:188} INFO - [2024-04-08T08:47:12.687+0000] {dag.py:3834} INFO - Setting next_dagrun for latest_only_with_trigger to 2024-04-08 04:00:00+00:00, run_after=2024-04-08 08:00:00+00:00
[2024-04-08T08:47:12.708+0000] {processor.py:183} INFO - Processing /home/airflow/.local/lib/python3.8/site-packages/airflow/example_dags/example_latest_only_with_trigger.py took 0.085 seconds
[2024-04-08T08:47:42.983+0000] {processor.py:161} INFO - Started process (PID=10629) to work on /home/airflow/.local/lib/python3.8/site-packages/airflow/example_dags/example_latest_only_with_trigger.py
[2024-04-08T08:47:42.984+0000] {processor.py:830} INFO - Processing file /home/airflow/.local/lib/python3.8/site-packages/airflow/example_dags/example_latest_only_with_trigger.py for tasks to queue
[2024-04-08T08:47:42.985+0000] {logging_mixin.py:188} INFO - [2024-04-08T08:47:42.985+0000] {dagbag.py:540} INFO - Filling up the DagBag from /home/airflow/.local/lib/python3.8/site-packages/airflow/example_dags/example_latest_only_with_trigger.py
[2024-04-08T08:47:42.992+0000] {processor.py:840} INFO - DAG(s) 'latest_only_with_trigger' retrieved from /home/airflow/.local/lib/python3.8/site-packages/airflow/example_dags/example_latest_only_with_trigger.py
[2024-04-08T08:47:43.015+0000] {logging_mixin.py:188} INFO - [2024-04-08T08:47:43.015+0000] {dag.py:3047} INFO - Sync 1 DAGs
[2024-04-08T08:47:43.042+0000] {logging_mixin.py:188} INFO - [2024-04-08T08:47:43.041+0000] {dag.py:3834} INFO - Setting next_dagrun for latest_only_with_trigger to 2024-04-08 04:00:00+00:00, run_after=2024-04-08 08:00:00+00:00
[2024-04-08T08:47:43.065+0000] {processor.py:183} INFO - Processing /home/airflow/.local/lib/python3.8/site-packages/airflow/example_dags/example_latest_only_with_trigger.py took 0.085 seconds
[2024-04-08T08:48:14.064+0000] {processor.py:161} INFO - Started process (PID=10891) to work on /home/airflow/.local/lib/python3.8/site-packages/airflow/example_dags/example_latest_only_with_trigger.py
[2024-04-08T08:48:14.066+0000] {processor.py:830} INFO - Processing file /home/airflow/.local/lib/python3.8/site-packages/airflow/example_dags/example_latest_only_with_trigger.py for tasks to queue
[2024-04-08T08:48:14.067+0000] {logging_mixin.py:188} INFO - [2024-04-08T08:48:14.067+0000] {dagbag.py:540} INFO - Filling up the DagBag from /home/airflow/.local/lib/python3.8/site-packages/airflow/example_dags/example_latest_only_with_trigger.py
[2024-04-08T08:48:14.074+0000] {processor.py:840} INFO - DAG(s) 'latest_only_with_trigger' retrieved from /home/airflow/.local/lib/python3.8/site-packages/airflow/example_dags/example_latest_only_with_trigger.py
[2024-04-08T08:48:14.100+0000] {logging_mixin.py:188} INFO - [2024-04-08T08:48:14.099+0000] {dag.py:3047} INFO - Sync 1 DAGs
[2024-04-08T08:48:14.125+0000] {logging_mixin.py:188} INFO - [2024-04-08T08:48:14.125+0000] {dag.py:3834} INFO - Setting next_dagrun for latest_only_with_trigger to 2024-04-08 04:00:00+00:00, run_after=2024-04-08 08:00:00+00:00
[2024-04-08T08:48:14.154+0000] {processor.py:183} INFO - Processing /home/airflow/.local/lib/python3.8/site-packages/airflow/example_dags/example_latest_only_with_trigger.py took 0.094 seconds
[2024-04-08T08:48:44.451+0000] {processor.py:161} INFO - Started process (PID=11148) to work on /home/airflow/.local/lib/python3.8/site-packages/airflow/example_dags/example_latest_only_with_trigger.py
[2024-04-08T08:48:44.452+0000] {processor.py:830} INFO - Processing file /home/airflow/.local/lib/python3.8/site-packages/airflow/example_dags/example_latest_only_with_trigger.py for tasks to queue
[2024-04-08T08:48:44.453+0000] {logging_mixin.py:188} INFO - [2024-04-08T08:48:44.453+0000] {dagbag.py:540} INFO - Filling up the DagBag from /home/airflow/.local/lib/python3.8/site-packages/airflow/example_dags/example_latest_only_with_trigger.py
[2024-04-08T08:48:44.460+0000] {processor.py:840} INFO - DAG(s) 'latest_only_with_trigger' retrieved from /home/airflow/.local/lib/python3.8/site-packages/airflow/example_dags/example_latest_only_with_trigger.py
[2024-04-08T08:48:44.484+0000] {logging_mixin.py:188} INFO - [2024-04-08T08:48:44.483+0000] {dag.py:3047} INFO - Sync 1 DAGs
[2024-04-08T08:48:44.509+0000] {logging_mixin.py:188} INFO - [2024-04-08T08:48:44.509+0000] {dag.py:3834} INFO - Setting next_dagrun for latest_only_with_trigger to 2024-04-08 04:00:00+00:00, run_after=2024-04-08 08:00:00+00:00
[2024-04-08T08:48:44.534+0000] {processor.py:183} INFO - Processing /home/airflow/.local/lib/python3.8/site-packages/airflow/example_dags/example_latest_only_with_trigger.py took 0.087 seconds
[2024-04-08T08:49:14.837+0000] {processor.py:161} INFO - Started process (PID=11405) to work on /home/airflow/.local/lib/python3.8/site-packages/airflow/example_dags/example_latest_only_with_trigger.py
[2024-04-08T08:49:14.838+0000] {processor.py:830} INFO - Processing file /home/airflow/.local/lib/python3.8/site-packages/airflow/example_dags/example_latest_only_with_trigger.py for tasks to queue
[2024-04-08T08:49:14.839+0000] {logging_mixin.py:188} INFO - [2024-04-08T08:49:14.838+0000] {dagbag.py:540} INFO - Filling up the DagBag from /home/airflow/.local/lib/python3.8/site-packages/airflow/example_dags/example_latest_only_with_trigger.py
[2024-04-08T08:49:14.845+0000] {processor.py:840} INFO - DAG(s) 'latest_only_with_trigger' retrieved from /home/airflow/.local/lib/python3.8/site-packages/airflow/example_dags/example_latest_only_with_trigger.py
[2024-04-08T08:49:14.879+0000] {logging_mixin.py:188} INFO - [2024-04-08T08:49:14.878+0000] {dag.py:3047} INFO - Sync 1 DAGs
[2024-04-08T08:49:14.922+0000] {logging_mixin.py:188} INFO - [2024-04-08T08:49:14.922+0000] {dag.py:3834} INFO - Setting next_dagrun for latest_only_with_trigger to 2024-04-08 04:00:00+00:00, run_after=2024-04-08 08:00:00+00:00
[2024-04-08T08:49:14.955+0000] {processor.py:183} INFO - Processing /home/airflow/.local/lib/python3.8/site-packages/airflow/example_dags/example_latest_only_with_trigger.py took 0.122 seconds
[2024-04-08T08:49:45.319+0000] {processor.py:161} INFO - Started process (PID=11663) to work on /home/airflow/.local/lib/python3.8/site-packages/airflow/example_dags/example_latest_only_with_trigger.py
[2024-04-08T08:49:45.320+0000] {processor.py:830} INFO - Processing file /home/airflow/.local/lib/python3.8/site-packages/airflow/example_dags/example_latest_only_with_trigger.py for tasks to queue
[2024-04-08T08:49:45.321+0000] {logging_mixin.py:188} INFO - [2024-04-08T08:49:45.321+0000] {dagbag.py:540} INFO - Filling up the DagBag from /home/airflow/.local/lib/python3.8/site-packages/airflow/example_dags/example_latest_only_with_trigger.py
[2024-04-08T08:49:45.328+0000] {processor.py:840} INFO - DAG(s) 'latest_only_with_trigger' retrieved from /home/airflow/.local/lib/python3.8/site-packages/airflow/example_dags/example_latest_only_with_trigger.py
[2024-04-08T08:49:45.353+0000] {logging_mixin.py:188} INFO - [2024-04-08T08:49:45.353+0000] {dag.py:3047} INFO - Sync 1 DAGs
[2024-04-08T08:49:45.377+0000] {logging_mixin.py:188} INFO - [2024-04-08T08:49:45.377+0000] {dag.py:3834} INFO - Setting next_dagrun for latest_only_with_trigger to 2024-04-08 04:00:00+00:00, run_after=2024-04-08 08:00:00+00:00
[2024-04-08T08:49:45.400+0000] {processor.py:183} INFO - Processing /home/airflow/.local/lib/python3.8/site-packages/airflow/example_dags/example_latest_only_with_trigger.py took 0.085 seconds
[2024-04-08T08:50:15.927+0000] {processor.py:161} INFO - Started process (PID=11921) to work on /home/airflow/.local/lib/python3.8/site-packages/airflow/example_dags/example_latest_only_with_trigger.py
[2024-04-08T08:50:15.929+0000] {processor.py:830} INFO - Processing file /home/airflow/.local/lib/python3.8/site-packages/airflow/example_dags/example_latest_only_with_trigger.py for tasks to queue
[2024-04-08T08:50:15.929+0000] {logging_mixin.py:188} INFO - [2024-04-08T08:50:15.929+0000] {dagbag.py:540} INFO - Filling up the DagBag from /home/airflow/.local/lib/python3.8/site-packages/airflow/example_dags/example_latest_only_with_trigger.py
[2024-04-08T08:50:15.934+0000] {processor.py:840} INFO - DAG(s) 'latest_only_with_trigger' retrieved from /home/airflow/.local/lib/python3.8/site-packages/airflow/example_dags/example_latest_only_with_trigger.py
[2024-04-08T08:50:15.952+0000] {logging_mixin.py:188} INFO - [2024-04-08T08:50:15.951+0000] {dag.py:3047} INFO - Sync 1 DAGs
[2024-04-08T08:50:15.969+0000] {logging_mixin.py:188} INFO - [2024-04-08T08:50:15.969+0000] {dag.py:3834} INFO - Setting next_dagrun for latest_only_with_trigger to 2024-04-08 04:00:00+00:00, run_after=2024-04-08 08:00:00+00:00
[2024-04-08T08:50:15.987+0000] {processor.py:183} INFO - Processing /home/airflow/.local/lib/python3.8/site-packages/airflow/example_dags/example_latest_only_with_trigger.py took 0.062 seconds
[2024-04-08T08:50:46.192+0000] {processor.py:161} INFO - Started process (PID=12177) to work on /home/airflow/.local/lib/python3.8/site-packages/airflow/example_dags/example_latest_only_with_trigger.py
[2024-04-08T08:50:46.193+0000] {processor.py:830} INFO - Processing file /home/airflow/.local/lib/python3.8/site-packages/airflow/example_dags/example_latest_only_with_trigger.py for tasks to queue
[2024-04-08T08:50:46.195+0000] {logging_mixin.py:188} INFO - [2024-04-08T08:50:46.194+0000] {dagbag.py:540} INFO - Filling up the DagBag from /home/airflow/.local/lib/python3.8/site-packages/airflow/example_dags/example_latest_only_with_trigger.py
[2024-04-08T08:50:46.201+0000] {processor.py:840} INFO - DAG(s) 'latest_only_with_trigger' retrieved from /home/airflow/.local/lib/python3.8/site-packages/airflow/example_dags/example_latest_only_with_trigger.py
[2024-04-08T08:50:46.225+0000] {logging_mixin.py:188} INFO - [2024-04-08T08:50:46.225+0000] {dag.py:3047} INFO - Sync 1 DAGs
[2024-04-08T08:50:46.250+0000] {logging_mixin.py:188} INFO - [2024-04-08T08:50:46.250+0000] {dag.py:3834} INFO - Setting next_dagrun for latest_only_with_trigger to 2024-04-08 04:00:00+00:00, run_after=2024-04-08 08:00:00+00:00
[2024-04-08T08:50:46.273+0000] {processor.py:183} INFO - Processing /home/airflow/.local/lib/python3.8/site-packages/airflow/example_dags/example_latest_only_with_trigger.py took 0.085 seconds
[2024-04-08T08:51:16.725+0000] {processor.py:161} INFO - Started process (PID=12435) to work on /home/airflow/.local/lib/python3.8/site-packages/airflow/example_dags/example_latest_only_with_trigger.py
[2024-04-08T08:51:16.726+0000] {processor.py:830} INFO - Processing file /home/airflow/.local/lib/python3.8/site-packages/airflow/example_dags/example_latest_only_with_trigger.py for tasks to queue
[2024-04-08T08:51:16.727+0000] {logging_mixin.py:188} INFO - [2024-04-08T08:51:16.727+0000] {dagbag.py:540} INFO - Filling up the DagBag from /home/airflow/.local/lib/python3.8/site-packages/airflow/example_dags/example_latest_only_with_trigger.py
[2024-04-08T08:51:16.735+0000] {processor.py:840} INFO - DAG(s) 'latest_only_with_trigger' retrieved from /home/airflow/.local/lib/python3.8/site-packages/airflow/example_dags/example_latest_only_with_trigger.py
[2024-04-08T08:51:16.760+0000] {logging_mixin.py:188} INFO - [2024-04-08T08:51:16.760+0000] {dag.py:3047} INFO - Sync 1 DAGs
[2024-04-08T08:51:16.787+0000] {logging_mixin.py:188} INFO - [2024-04-08T08:51:16.786+0000] {dag.py:3834} INFO - Setting next_dagrun for latest_only_with_trigger to 2024-04-08 04:00:00+00:00, run_after=2024-04-08 08:00:00+00:00
[2024-04-08T08:51:16.811+0000] {processor.py:183} INFO - Processing /home/airflow/.local/lib/python3.8/site-packages/airflow/example_dags/example_latest_only_with_trigger.py took 0.090 seconds
[2024-04-08T08:51:47.134+0000] {processor.py:161} INFO - Started process (PID=12692) to work on /home/airflow/.local/lib/python3.8/site-packages/airflow/example_dags/example_latest_only_with_trigger.py
[2024-04-08T08:51:47.135+0000] {processor.py:830} INFO - Processing file /home/airflow/.local/lib/python3.8/site-packages/airflow/example_dags/example_latest_only_with_trigger.py for tasks to queue
[2024-04-08T08:51:47.136+0000] {logging_mixin.py:188} INFO - [2024-04-08T08:51:47.136+0000] {dagbag.py:540} INFO - Filling up the DagBag from /home/airflow/.local/lib/python3.8/site-packages/airflow/example_dags/example_latest_only_with_trigger.py
[2024-04-08T08:51:47.143+0000] {processor.py:840} INFO - DAG(s) 'latest_only_with_trigger' retrieved from /home/airflow/.local/lib/python3.8/site-packages/airflow/example_dags/example_latest_only_with_trigger.py
[2024-04-08T08:51:47.168+0000] {logging_mixin.py:188} INFO - [2024-04-08T08:51:47.168+0000] {dag.py:3047} INFO - Sync 1 DAGs
[2024-04-08T08:51:47.195+0000] {logging_mixin.py:188} INFO - [2024-04-08T08:51:47.194+0000] {dag.py:3834} INFO - Setting next_dagrun for latest_only_with_trigger to 2024-04-08 04:00:00+00:00, run_after=2024-04-08 08:00:00+00:00
[2024-04-08T08:51:47.217+0000] {processor.py:183} INFO - Processing /home/airflow/.local/lib/python3.8/site-packages/airflow/example_dags/example_latest_only_with_trigger.py took 0.087 seconds
[2024-04-08T08:52:17.811+0000] {processor.py:161} INFO - Started process (PID=12949) to work on /home/airflow/.local/lib/python3.8/site-packages/airflow/example_dags/example_latest_only_with_trigger.py
[2024-04-08T08:52:17.812+0000] {processor.py:830} INFO - Processing file /home/airflow/.local/lib/python3.8/site-packages/airflow/example_dags/example_latest_only_with_trigger.py for tasks to queue
[2024-04-08T08:52:17.813+0000] {logging_mixin.py:188} INFO - [2024-04-08T08:52:17.812+0000] {dagbag.py:540} INFO - Filling up the DagBag from /home/airflow/.local/lib/python3.8/site-packages/airflow/example_dags/example_latest_only_with_trigger.py
[2024-04-08T08:52:17.818+0000] {processor.py:840} INFO - DAG(s) 'latest_only_with_trigger' retrieved from /home/airflow/.local/lib/python3.8/site-packages/airflow/example_dags/example_latest_only_with_trigger.py
[2024-04-08T08:52:17.843+0000] {logging_mixin.py:188} INFO - [2024-04-08T08:52:17.842+0000] {dag.py:3047} INFO - Sync 1 DAGs
[2024-04-08T08:52:17.870+0000] {logging_mixin.py:188} INFO - [2024-04-08T08:52:17.869+0000] {dag.py:3834} INFO - Setting next_dagrun for latest_only_with_trigger to 2024-04-08 04:00:00+00:00, run_after=2024-04-08 08:00:00+00:00
[2024-04-08T08:52:17.893+0000] {processor.py:183} INFO - Processing /home/airflow/.local/lib/python3.8/site-packages/airflow/example_dags/example_latest_only_with_trigger.py took 0.085 seconds
[2024-04-08T08:52:48.277+0000] {processor.py:161} INFO - Started process (PID=13206) to work on /home/airflow/.local/lib/python3.8/site-packages/airflow/example_dags/example_latest_only_with_trigger.py
[2024-04-08T08:52:48.278+0000] {processor.py:830} INFO - Processing file /home/airflow/.local/lib/python3.8/site-packages/airflow/example_dags/example_latest_only_with_trigger.py for tasks to queue
[2024-04-08T08:52:48.279+0000] {logging_mixin.py:188} INFO - [2024-04-08T08:52:48.279+0000] {dagbag.py:540} INFO - Filling up the DagBag from /home/airflow/.local/lib/python3.8/site-packages/airflow/example_dags/example_latest_only_with_trigger.py
[2024-04-08T08:52:48.298+0000] {processor.py:840} INFO - DAG(s) 'latest_only_with_trigger' retrieved from /home/airflow/.local/lib/python3.8/site-packages/airflow/example_dags/example_latest_only_with_trigger.py
[2024-04-08T08:52:48.327+0000] {logging_mixin.py:188} INFO - [2024-04-08T08:52:48.327+0000] {dag.py:3047} INFO - Sync 1 DAGs
[2024-04-08T08:52:48.353+0000] {logging_mixin.py:188} INFO - [2024-04-08T08:52:48.353+0000] {dag.py:3834} INFO - Setting next_dagrun for latest_only_with_trigger to 2024-04-08 04:00:00+00:00, run_after=2024-04-08 08:00:00+00:00
[2024-04-08T08:52:48.384+0000] {processor.py:183} INFO - Processing /home/airflow/.local/lib/python3.8/site-packages/airflow/example_dags/example_latest_only_with_trigger.py took 0.119 seconds
[2024-04-08T08:53:18.589+0000] {processor.py:161} INFO - Started process (PID=13463) to work on /home/airflow/.local/lib/python3.8/site-packages/airflow/example_dags/example_latest_only_with_trigger.py
[2024-04-08T08:53:18.590+0000] {processor.py:830} INFO - Processing file /home/airflow/.local/lib/python3.8/site-packages/airflow/example_dags/example_latest_only_with_trigger.py for tasks to queue
[2024-04-08T08:53:18.591+0000] {logging_mixin.py:188} INFO - [2024-04-08T08:53:18.591+0000] {dagbag.py:540} INFO - Filling up the DagBag from /home/airflow/.local/lib/python3.8/site-packages/airflow/example_dags/example_latest_only_with_trigger.py
[2024-04-08T08:53:18.598+0000] {processor.py:840} INFO - DAG(s) 'latest_only_with_trigger' retrieved from /home/airflow/.local/lib/python3.8/site-packages/airflow/example_dags/example_latest_only_with_trigger.py
[2024-04-08T08:53:18.624+0000] {logging_mixin.py:188} INFO - [2024-04-08T08:53:18.624+0000] {dag.py:3047} INFO - Sync 1 DAGs
[2024-04-08T08:53:18.650+0000] {logging_mixin.py:188} INFO - [2024-04-08T08:53:18.650+0000] {dag.py:3834} INFO - Setting next_dagrun for latest_only_with_trigger to 2024-04-08 04:00:00+00:00, run_after=2024-04-08 08:00:00+00:00
[2024-04-08T08:53:18.673+0000] {processor.py:183} INFO - Processing /home/airflow/.local/lib/python3.8/site-packages/airflow/example_dags/example_latest_only_with_trigger.py took 0.088 seconds
[2024-04-08T08:53:49.201+0000] {processor.py:161} INFO - Started process (PID=13720) to work on /home/airflow/.local/lib/python3.8/site-packages/airflow/example_dags/example_latest_only_with_trigger.py
[2024-04-08T08:53:49.202+0000] {processor.py:830} INFO - Processing file /home/airflow/.local/lib/python3.8/site-packages/airflow/example_dags/example_latest_only_with_trigger.py for tasks to queue
[2024-04-08T08:53:49.203+0000] {logging_mixin.py:188} INFO - [2024-04-08T08:53:49.203+0000] {dagbag.py:540} INFO - Filling up the DagBag from /home/airflow/.local/lib/python3.8/site-packages/airflow/example_dags/example_latest_only_with_trigger.py
[2024-04-08T08:53:49.209+0000] {processor.py:840} INFO - DAG(s) 'latest_only_with_trigger' retrieved from /home/airflow/.local/lib/python3.8/site-packages/airflow/example_dags/example_latest_only_with_trigger.py
[2024-04-08T08:53:49.234+0000] {logging_mixin.py:188} INFO - [2024-04-08T08:53:49.234+0000] {dag.py:3047} INFO - Sync 1 DAGs
[2024-04-08T08:53:49.261+0000] {logging_mixin.py:188} INFO - [2024-04-08T08:53:49.261+0000] {dag.py:3834} INFO - Setting next_dagrun for latest_only_with_trigger to 2024-04-08 04:00:00+00:00, run_after=2024-04-08 08:00:00+00:00
[2024-04-08T08:53:49.286+0000] {processor.py:183} INFO - Processing /home/airflow/.local/lib/python3.8/site-packages/airflow/example_dags/example_latest_only_with_trigger.py took 0.089 seconds
[2024-04-08T08:54:19.383+0000] {processor.py:161} INFO - Started process (PID=13973) to work on /home/airflow/.local/lib/python3.8/site-packages/airflow/example_dags/example_latest_only_with_trigger.py
[2024-04-08T08:54:19.384+0000] {processor.py:830} INFO - Processing file /home/airflow/.local/lib/python3.8/site-packages/airflow/example_dags/example_latest_only_with_trigger.py for tasks to queue
[2024-04-08T08:54:19.385+0000] {logging_mixin.py:188} INFO - [2024-04-08T08:54:19.385+0000] {dagbag.py:540} INFO - Filling up the DagBag from /home/airflow/.local/lib/python3.8/site-packages/airflow/example_dags/example_latest_only_with_trigger.py
[2024-04-08T08:54:19.392+0000] {processor.py:840} INFO - DAG(s) 'latest_only_with_trigger' retrieved from /home/airflow/.local/lib/python3.8/site-packages/airflow/example_dags/example_latest_only_with_trigger.py
[2024-04-08T08:54:19.417+0000] {logging_mixin.py:188} INFO - [2024-04-08T08:54:19.417+0000] {dag.py:3047} INFO - Sync 1 DAGs
[2024-04-08T08:54:19.443+0000] {logging_mixin.py:188} INFO - [2024-04-08T08:54:19.443+0000] {dag.py:3834} INFO - Setting next_dagrun for latest_only_with_trigger to 2024-04-08 04:00:00+00:00, run_after=2024-04-08 08:00:00+00:00
[2024-04-08T08:54:19.467+0000] {processor.py:183} INFO - Processing /home/airflow/.local/lib/python3.8/site-packages/airflow/example_dags/example_latest_only_with_trigger.py took 0.088 seconds
[2024-04-08T08:54:49.829+0000] {processor.py:161} INFO - Started process (PID=14231) to work on /home/airflow/.local/lib/python3.8/site-packages/airflow/example_dags/example_latest_only_with_trigger.py
[2024-04-08T08:54:49.831+0000] {processor.py:830} INFO - Processing file /home/airflow/.local/lib/python3.8/site-packages/airflow/example_dags/example_latest_only_with_trigger.py for tasks to queue
[2024-04-08T08:54:49.832+0000] {logging_mixin.py:188} INFO - [2024-04-08T08:54:49.832+0000] {dagbag.py:540} INFO - Filling up the DagBag from /home/airflow/.local/lib/python3.8/site-packages/airflow/example_dags/example_latest_only_with_trigger.py
[2024-04-08T08:54:49.839+0000] {processor.py:840} INFO - DAG(s) 'latest_only_with_trigger' retrieved from /home/airflow/.local/lib/python3.8/site-packages/airflow/example_dags/example_latest_only_with_trigger.py
[2024-04-08T08:54:49.863+0000] {logging_mixin.py:188} INFO - [2024-04-08T08:54:49.863+0000] {dag.py:3047} INFO - Sync 1 DAGs
[2024-04-08T08:54:49.887+0000] {logging_mixin.py:188} INFO - [2024-04-08T08:54:49.887+0000] {dag.py:3834} INFO - Setting next_dagrun for latest_only_with_trigger to 2024-04-08 04:00:00+00:00, run_after=2024-04-08 08:00:00+00:00
[2024-04-08T08:54:49.910+0000] {processor.py:183} INFO - Processing /home/airflow/.local/lib/python3.8/site-packages/airflow/example_dags/example_latest_only_with_trigger.py took 0.085 seconds
[2024-04-08T08:55:20.071+0000] {processor.py:161} INFO - Started process (PID=14489) to work on /home/airflow/.local/lib/python3.8/site-packages/airflow/example_dags/example_latest_only_with_trigger.py
[2024-04-08T08:55:20.073+0000] {processor.py:830} INFO - Processing file /home/airflow/.local/lib/python3.8/site-packages/airflow/example_dags/example_latest_only_with_trigger.py for tasks to queue
[2024-04-08T08:55:20.074+0000] {logging_mixin.py:188} INFO - [2024-04-08T08:55:20.073+0000] {dagbag.py:540} INFO - Filling up the DagBag from /home/airflow/.local/lib/python3.8/site-packages/airflow/example_dags/example_latest_only_with_trigger.py
[2024-04-08T08:55:20.081+0000] {processor.py:840} INFO - DAG(s) 'latest_only_with_trigger' retrieved from /home/airflow/.local/lib/python3.8/site-packages/airflow/example_dags/example_latest_only_with_trigger.py
[2024-04-08T08:55:20.107+0000] {logging_mixin.py:188} INFO - [2024-04-08T08:55:20.106+0000] {dag.py:3047} INFO - Sync 1 DAGs
[2024-04-08T08:55:20.133+0000] {logging_mixin.py:188} INFO - [2024-04-08T08:55:20.132+0000] {dag.py:3834} INFO - Setting next_dagrun for latest_only_with_trigger to 2024-04-08 04:00:00+00:00, run_after=2024-04-08 08:00:00+00:00
[2024-04-08T08:55:20.157+0000] {processor.py:183} INFO - Processing /home/airflow/.local/lib/python3.8/site-packages/airflow/example_dags/example_latest_only_with_trigger.py took 0.090 seconds
[2024-04-08T08:55:50.605+0000] {processor.py:161} INFO - Started process (PID=14752) to work on /home/airflow/.local/lib/python3.8/site-packages/airflow/example_dags/example_latest_only_with_trigger.py
[2024-04-08T08:55:50.606+0000] {processor.py:830} INFO - Processing file /home/airflow/.local/lib/python3.8/site-packages/airflow/example_dags/example_latest_only_with_trigger.py for tasks to queue
[2024-04-08T08:55:50.607+0000] {logging_mixin.py:188} INFO - [2024-04-08T08:55:50.607+0000] {dagbag.py:540} INFO - Filling up the DagBag from /home/airflow/.local/lib/python3.8/site-packages/airflow/example_dags/example_latest_only_with_trigger.py
[2024-04-08T08:55:50.613+0000] {processor.py:840} INFO - DAG(s) 'latest_only_with_trigger' retrieved from /home/airflow/.local/lib/python3.8/site-packages/airflow/example_dags/example_latest_only_with_trigger.py
[2024-04-08T08:55:50.638+0000] {logging_mixin.py:188} INFO - [2024-04-08T08:55:50.638+0000] {dag.py:3047} INFO - Sync 1 DAGs
[2024-04-08T08:55:50.666+0000] {logging_mixin.py:188} INFO - [2024-04-08T08:55:50.666+0000] {dag.py:3834} INFO - Setting next_dagrun for latest_only_with_trigger to 2024-04-08 04:00:00+00:00, run_after=2024-04-08 08:00:00+00:00
[2024-04-08T08:55:50.690+0000] {processor.py:183} INFO - Processing /home/airflow/.local/lib/python3.8/site-packages/airflow/example_dags/example_latest_only_with_trigger.py took 0.088 seconds
[2024-04-08T08:56:20.750+0000] {processor.py:161} INFO - Started process (PID=15007) to work on /home/airflow/.local/lib/python3.8/site-packages/airflow/example_dags/example_latest_only_with_trigger.py
[2024-04-08T08:56:20.751+0000] {processor.py:830} INFO - Processing file /home/airflow/.local/lib/python3.8/site-packages/airflow/example_dags/example_latest_only_with_trigger.py for tasks to queue
[2024-04-08T08:56:20.752+0000] {logging_mixin.py:188} INFO - [2024-04-08T08:56:20.751+0000] {dagbag.py:540} INFO - Filling up the DagBag from /home/airflow/.local/lib/python3.8/site-packages/airflow/example_dags/example_latest_only_with_trigger.py
[2024-04-08T08:56:20.756+0000] {processor.py:840} INFO - DAG(s) 'latest_only_with_trigger' retrieved from /home/airflow/.local/lib/python3.8/site-packages/airflow/example_dags/example_latest_only_with_trigger.py
[2024-04-08T08:56:20.775+0000] {logging_mixin.py:188} INFO - [2024-04-08T08:56:20.775+0000] {dag.py:3047} INFO - Sync 1 DAGs
[2024-04-08T08:56:20.792+0000] {logging_mixin.py:188} INFO - [2024-04-08T08:56:20.792+0000] {dag.py:3834} INFO - Setting next_dagrun for latest_only_with_trigger to 2024-04-08 04:00:00+00:00, run_after=2024-04-08 08:00:00+00:00
[2024-04-08T08:56:20.810+0000] {processor.py:183} INFO - Processing /home/airflow/.local/lib/python3.8/site-packages/airflow/example_dags/example_latest_only_with_trigger.py took 0.062 seconds
[2024-04-08T08:56:51.169+0000] {processor.py:161} INFO - Started process (PID=15262) to work on /home/airflow/.local/lib/python3.8/site-packages/airflow/example_dags/example_latest_only_with_trigger.py
[2024-04-08T08:56:51.170+0000] {processor.py:830} INFO - Processing file /home/airflow/.local/lib/python3.8/site-packages/airflow/example_dags/example_latest_only_with_trigger.py for tasks to queue
[2024-04-08T08:56:51.171+0000] {logging_mixin.py:188} INFO - [2024-04-08T08:56:51.171+0000] {dagbag.py:540} INFO - Filling up the DagBag from /home/airflow/.local/lib/python3.8/site-packages/airflow/example_dags/example_latest_only_with_trigger.py
[2024-04-08T08:56:51.178+0000] {processor.py:840} INFO - DAG(s) 'latest_only_with_trigger' retrieved from /home/airflow/.local/lib/python3.8/site-packages/airflow/example_dags/example_latest_only_with_trigger.py
[2024-04-08T08:56:51.202+0000] {logging_mixin.py:188} INFO - [2024-04-08T08:56:51.202+0000] {dag.py:3047} INFO - Sync 1 DAGs
[2024-04-08T08:56:51.227+0000] {logging_mixin.py:188} INFO - [2024-04-08T08:56:51.227+0000] {dag.py:3834} INFO - Setting next_dagrun for latest_only_with_trigger to 2024-04-08 04:00:00+00:00, run_after=2024-04-08 08:00:00+00:00
[2024-04-08T08:56:51.255+0000] {processor.py:183} INFO - Processing /home/airflow/.local/lib/python3.8/site-packages/airflow/example_dags/example_latest_only_with_trigger.py took 0.091 seconds
