[2024-04-08T08:27:18.476+0000] {processor.py:161} INFO - Started process (PID=205) to work on /home/airflow/.local/lib/python3.8/site-packages/airflow/example_dags/example_local_kubernetes_executor.py
[2024-04-08T08:27:18.489+0000] {processor.py:830} INFO - Processing file /home/airflow/.local/lib/python3.8/site-packages/airflow/example_dags/example_local_kubernetes_executor.py for tasks to queue
[2024-04-08T08:27:18.490+0000] {logging_mixin.py:188} INFO - [2024-04-08T08:27:18.490+0000] {dagbag.py:540} INFO - Filling up the DagBag from /home/airflow/.local/lib/python3.8/site-packages/airflow/example_dags/example_local_kubernetes_executor.py
[2024-04-08T08:27:18.509+0000] {processor.py:840} INFO - DAG(s) 'example_local_kubernetes_executor' retrieved from /home/airflow/.local/lib/python3.8/site-packages/airflow/example_dags/example_local_kubernetes_executor.py
[2024-04-08T08:27:18.653+0000] {logging_mixin.py:188} INFO - [2024-04-08T08:27:18.652+0000] {dag.py:3047} INFO - Sync 1 DAGs
[2024-04-08T08:27:18.692+0000] {logging_mixin.py:188} INFO - [2024-04-08T08:27:18.692+0000] {dag.py:3834} INFO - Setting next_dagrun for example_local_kubernetes_executor to None, run_after=None
[2024-04-08T08:27:18.737+0000] {processor.py:183} INFO - Processing /home/airflow/.local/lib/python3.8/site-packages/airflow/example_dags/example_local_kubernetes_executor.py took 0.277 seconds
[2024-04-08T08:27:48.819+0000] {processor.py:161} INFO - Started process (PID=467) to work on /home/airflow/.local/lib/python3.8/site-packages/airflow/example_dags/example_local_kubernetes_executor.py
[2024-04-08T08:27:48.820+0000] {processor.py:830} INFO - Processing file /home/airflow/.local/lib/python3.8/site-packages/airflow/example_dags/example_local_kubernetes_executor.py for tasks to queue
[2024-04-08T08:27:48.821+0000] {logging_mixin.py:188} INFO - [2024-04-08T08:27:48.821+0000] {dagbag.py:540} INFO - Filling up the DagBag from /home/airflow/.local/lib/python3.8/site-packages/airflow/example_dags/example_local_kubernetes_executor.py
[2024-04-08T08:27:48.830+0000] {processor.py:840} INFO - DAG(s) 'example_local_kubernetes_executor' retrieved from /home/airflow/.local/lib/python3.8/site-packages/airflow/example_dags/example_local_kubernetes_executor.py
[2024-04-08T08:27:48.874+0000] {logging_mixin.py:188} INFO - [2024-04-08T08:27:48.874+0000] {dag.py:3047} INFO - Sync 1 DAGs
[2024-04-08T08:27:48.889+0000] {logging_mixin.py:188} INFO - [2024-04-08T08:27:48.889+0000] {dag.py:3834} INFO - Setting next_dagrun for example_local_kubernetes_executor to None, run_after=None
[2024-04-08T08:27:48.909+0000] {processor.py:183} INFO - Processing /home/airflow/.local/lib/python3.8/site-packages/airflow/example_dags/example_local_kubernetes_executor.py took 0.095 seconds
[2024-04-08T08:28:19.566+0000] {processor.py:161} INFO - Started process (PID=722) to work on /home/airflow/.local/lib/python3.8/site-packages/airflow/example_dags/example_local_kubernetes_executor.py
[2024-04-08T08:28:19.567+0000] {processor.py:830} INFO - Processing file /home/airflow/.local/lib/python3.8/site-packages/airflow/example_dags/example_local_kubernetes_executor.py for tasks to queue
[2024-04-08T08:28:19.568+0000] {logging_mixin.py:188} INFO - [2024-04-08T08:28:19.568+0000] {dagbag.py:540} INFO - Filling up the DagBag from /home/airflow/.local/lib/python3.8/site-packages/airflow/example_dags/example_local_kubernetes_executor.py
[2024-04-08T08:28:19.575+0000] {processor.py:840} INFO - DAG(s) 'example_local_kubernetes_executor' retrieved from /home/airflow/.local/lib/python3.8/site-packages/airflow/example_dags/example_local_kubernetes_executor.py
[2024-04-08T08:28:19.617+0000] {logging_mixin.py:188} INFO - [2024-04-08T08:28:19.617+0000] {dag.py:3047} INFO - Sync 1 DAGs
[2024-04-08T08:28:19.632+0000] {logging_mixin.py:188} INFO - [2024-04-08T08:28:19.632+0000] {dag.py:3834} INFO - Setting next_dagrun for example_local_kubernetes_executor to None, run_after=None
[2024-04-08T08:28:19.656+0000] {processor.py:183} INFO - Processing /home/airflow/.local/lib/python3.8/site-packages/airflow/example_dags/example_local_kubernetes_executor.py took 0.093 seconds
[2024-04-08T08:28:50.080+0000] {processor.py:161} INFO - Started process (PID=978) to work on /home/airflow/.local/lib/python3.8/site-packages/airflow/example_dags/example_local_kubernetes_executor.py
[2024-04-08T08:28:50.081+0000] {processor.py:830} INFO - Processing file /home/airflow/.local/lib/python3.8/site-packages/airflow/example_dags/example_local_kubernetes_executor.py for tasks to queue
[2024-04-08T08:28:50.082+0000] {logging_mixin.py:188} INFO - [2024-04-08T08:28:50.082+0000] {dagbag.py:540} INFO - Filling up the DagBag from /home/airflow/.local/lib/python3.8/site-packages/airflow/example_dags/example_local_kubernetes_executor.py
[2024-04-08T08:28:50.089+0000] {processor.py:840} INFO - DAG(s) 'example_local_kubernetes_executor' retrieved from /home/airflow/.local/lib/python3.8/site-packages/airflow/example_dags/example_local_kubernetes_executor.py
[2024-04-08T08:28:50.133+0000] {logging_mixin.py:188} INFO - [2024-04-08T08:28:50.132+0000] {dag.py:3047} INFO - Sync 1 DAGs
[2024-04-08T08:28:50.148+0000] {logging_mixin.py:188} INFO - [2024-04-08T08:28:50.148+0000] {dag.py:3834} INFO - Setting next_dagrun for example_local_kubernetes_executor to None, run_after=None
[2024-04-08T08:28:50.173+0000] {processor.py:183} INFO - Processing /home/airflow/.local/lib/python3.8/site-packages/airflow/example_dags/example_local_kubernetes_executor.py took 0.097 seconds
[2024-04-08T08:29:20.799+0000] {processor.py:161} INFO - Started process (PID=1236) to work on /home/airflow/.local/lib/python3.8/site-packages/airflow/example_dags/example_local_kubernetes_executor.py
[2024-04-08T08:29:20.800+0000] {processor.py:830} INFO - Processing file /home/airflow/.local/lib/python3.8/site-packages/airflow/example_dags/example_local_kubernetes_executor.py for tasks to queue
[2024-04-08T08:29:20.801+0000] {logging_mixin.py:188} INFO - [2024-04-08T08:29:20.800+0000] {dagbag.py:540} INFO - Filling up the DagBag from /home/airflow/.local/lib/python3.8/site-packages/airflow/example_dags/example_local_kubernetes_executor.py
[2024-04-08T08:29:20.808+0000] {processor.py:840} INFO - DAG(s) 'example_local_kubernetes_executor' retrieved from /home/airflow/.local/lib/python3.8/site-packages/airflow/example_dags/example_local_kubernetes_executor.py
[2024-04-08T08:29:20.853+0000] {logging_mixin.py:188} INFO - [2024-04-08T08:29:20.852+0000] {dag.py:3047} INFO - Sync 1 DAGs
[2024-04-08T08:29:20.869+0000] {logging_mixin.py:188} INFO - [2024-04-08T08:29:20.868+0000] {dag.py:3834} INFO - Setting next_dagrun for example_local_kubernetes_executor to None, run_after=None
[2024-04-08T08:29:20.897+0000] {processor.py:183} INFO - Processing /home/airflow/.local/lib/python3.8/site-packages/airflow/example_dags/example_local_kubernetes_executor.py took 0.102 seconds
[2024-04-08T08:29:51.171+0000] {processor.py:161} INFO - Started process (PID=1493) to work on /home/airflow/.local/lib/python3.8/site-packages/airflow/example_dags/example_local_kubernetes_executor.py
[2024-04-08T08:29:51.172+0000] {processor.py:830} INFO - Processing file /home/airflow/.local/lib/python3.8/site-packages/airflow/example_dags/example_local_kubernetes_executor.py for tasks to queue
[2024-04-08T08:29:51.173+0000] {logging_mixin.py:188} INFO - [2024-04-08T08:29:51.173+0000] {dagbag.py:540} INFO - Filling up the DagBag from /home/airflow/.local/lib/python3.8/site-packages/airflow/example_dags/example_local_kubernetes_executor.py
[2024-04-08T08:29:51.182+0000] {processor.py:840} INFO - DAG(s) 'example_local_kubernetes_executor' retrieved from /home/airflow/.local/lib/python3.8/site-packages/airflow/example_dags/example_local_kubernetes_executor.py
[2024-04-08T08:29:51.222+0000] {logging_mixin.py:188} INFO - [2024-04-08T08:29:51.221+0000] {dag.py:3047} INFO - Sync 1 DAGs
[2024-04-08T08:29:51.238+0000] {logging_mixin.py:188} INFO - [2024-04-08T08:29:51.238+0000] {dag.py:3834} INFO - Setting next_dagrun for example_local_kubernetes_executor to None, run_after=None
[2024-04-08T08:29:51.269+0000] {processor.py:183} INFO - Processing /home/airflow/.local/lib/python3.8/site-packages/airflow/example_dags/example_local_kubernetes_executor.py took 0.101 seconds
[2024-04-08T08:30:21.981+0000] {processor.py:161} INFO - Started process (PID=1753) to work on /home/airflow/.local/lib/python3.8/site-packages/airflow/example_dags/example_local_kubernetes_executor.py
[2024-04-08T08:30:21.982+0000] {processor.py:830} INFO - Processing file /home/airflow/.local/lib/python3.8/site-packages/airflow/example_dags/example_local_kubernetes_executor.py for tasks to queue
[2024-04-08T08:30:21.983+0000] {logging_mixin.py:188} INFO - [2024-04-08T08:30:21.983+0000] {dagbag.py:540} INFO - Filling up the DagBag from /home/airflow/.local/lib/python3.8/site-packages/airflow/example_dags/example_local_kubernetes_executor.py
[2024-04-08T08:30:21.992+0000] {processor.py:840} INFO - DAG(s) 'example_local_kubernetes_executor' retrieved from /home/airflow/.local/lib/python3.8/site-packages/airflow/example_dags/example_local_kubernetes_executor.py
[2024-04-08T08:30:22.038+0000] {logging_mixin.py:188} INFO - [2024-04-08T08:30:22.038+0000] {dag.py:3047} INFO - Sync 1 DAGs
[2024-04-08T08:30:22.054+0000] {logging_mixin.py:188} INFO - [2024-04-08T08:30:22.053+0000] {dag.py:3834} INFO - Setting next_dagrun for example_local_kubernetes_executor to None, run_after=None
[2024-04-08T08:30:22.085+0000] {processor.py:183} INFO - Processing /home/airflow/.local/lib/python3.8/site-packages/airflow/example_dags/example_local_kubernetes_executor.py took 0.108 seconds
[2024-04-08T08:30:52.593+0000] {processor.py:161} INFO - Started process (PID=2008) to work on /home/airflow/.local/lib/python3.8/site-packages/airflow/example_dags/example_local_kubernetes_executor.py
[2024-04-08T08:30:52.594+0000] {processor.py:830} INFO - Processing file /home/airflow/.local/lib/python3.8/site-packages/airflow/example_dags/example_local_kubernetes_executor.py for tasks to queue
[2024-04-08T08:30:52.595+0000] {logging_mixin.py:188} INFO - [2024-04-08T08:30:52.595+0000] {dagbag.py:540} INFO - Filling up the DagBag from /home/airflow/.local/lib/python3.8/site-packages/airflow/example_dags/example_local_kubernetes_executor.py
[2024-04-08T08:30:52.604+0000] {processor.py:840} INFO - DAG(s) 'example_local_kubernetes_executor' retrieved from /home/airflow/.local/lib/python3.8/site-packages/airflow/example_dags/example_local_kubernetes_executor.py
[2024-04-08T08:30:52.647+0000] {logging_mixin.py:188} INFO - [2024-04-08T08:30:52.646+0000] {dag.py:3047} INFO - Sync 1 DAGs
[2024-04-08T08:30:52.662+0000] {logging_mixin.py:188} INFO - [2024-04-08T08:30:52.662+0000] {dag.py:3834} INFO - Setting next_dagrun for example_local_kubernetes_executor to None, run_after=None
[2024-04-08T08:30:52.689+0000] {processor.py:183} INFO - Processing /home/airflow/.local/lib/python3.8/site-packages/airflow/example_dags/example_local_kubernetes_executor.py took 0.100 seconds
[2024-04-08T08:31:23.206+0000] {processor.py:161} INFO - Started process (PID=2265) to work on /home/airflow/.local/lib/python3.8/site-packages/airflow/example_dags/example_local_kubernetes_executor.py
[2024-04-08T08:31:23.207+0000] {processor.py:830} INFO - Processing file /home/airflow/.local/lib/python3.8/site-packages/airflow/example_dags/example_local_kubernetes_executor.py for tasks to queue
[2024-04-08T08:31:23.208+0000] {logging_mixin.py:188} INFO - [2024-04-08T08:31:23.208+0000] {dagbag.py:540} INFO - Filling up the DagBag from /home/airflow/.local/lib/python3.8/site-packages/airflow/example_dags/example_local_kubernetes_executor.py
[2024-04-08T08:31:23.216+0000] {processor.py:840} INFO - DAG(s) 'example_local_kubernetes_executor' retrieved from /home/airflow/.local/lib/python3.8/site-packages/airflow/example_dags/example_local_kubernetes_executor.py
[2024-04-08T08:31:23.257+0000] {logging_mixin.py:188} INFO - [2024-04-08T08:31:23.257+0000] {dag.py:3047} INFO - Sync 1 DAGs
[2024-04-08T08:31:23.273+0000] {logging_mixin.py:188} INFO - [2024-04-08T08:31:23.273+0000] {dag.py:3834} INFO - Setting next_dagrun for example_local_kubernetes_executor to None, run_after=None
[2024-04-08T08:31:23.343+0000] {processor.py:183} INFO - Processing /home/airflow/.local/lib/python3.8/site-packages/airflow/example_dags/example_local_kubernetes_executor.py took 0.142 seconds
[2024-04-08T08:31:53.761+0000] {processor.py:161} INFO - Started process (PID=2522) to work on /home/airflow/.local/lib/python3.8/site-packages/airflow/example_dags/example_local_kubernetes_executor.py
[2024-04-08T08:31:53.770+0000] {processor.py:830} INFO - Processing file /home/airflow/.local/lib/python3.8/site-packages/airflow/example_dags/example_local_kubernetes_executor.py for tasks to queue
[2024-04-08T08:31:53.771+0000] {logging_mixin.py:188} INFO - [2024-04-08T08:31:53.770+0000] {dagbag.py:540} INFO - Filling up the DagBag from /home/airflow/.local/lib/python3.8/site-packages/airflow/example_dags/example_local_kubernetes_executor.py
[2024-04-08T08:31:53.780+0000] {processor.py:840} INFO - DAG(s) 'example_local_kubernetes_executor' retrieved from /home/airflow/.local/lib/python3.8/site-packages/airflow/example_dags/example_local_kubernetes_executor.py
[2024-04-08T08:31:53.829+0000] {logging_mixin.py:188} INFO - [2024-04-08T08:31:53.829+0000] {dag.py:3047} INFO - Sync 1 DAGs
[2024-04-08T08:31:53.862+0000] {logging_mixin.py:188} INFO - [2024-04-08T08:31:53.861+0000] {dag.py:3834} INFO - Setting next_dagrun for example_local_kubernetes_executor to None, run_after=None
[2024-04-08T08:31:53.892+0000] {processor.py:183} INFO - Processing /home/airflow/.local/lib/python3.8/site-packages/airflow/example_dags/example_local_kubernetes_executor.py took 0.135 seconds
[2024-04-08T08:32:24.458+0000] {processor.py:161} INFO - Started process (PID=2779) to work on /home/airflow/.local/lib/python3.8/site-packages/airflow/example_dags/example_local_kubernetes_executor.py
[2024-04-08T08:32:24.459+0000] {processor.py:830} INFO - Processing file /home/airflow/.local/lib/python3.8/site-packages/airflow/example_dags/example_local_kubernetes_executor.py for tasks to queue
[2024-04-08T08:32:24.460+0000] {logging_mixin.py:188} INFO - [2024-04-08T08:32:24.460+0000] {dagbag.py:540} INFO - Filling up the DagBag from /home/airflow/.local/lib/python3.8/site-packages/airflow/example_dags/example_local_kubernetes_executor.py
[2024-04-08T08:32:24.469+0000] {processor.py:840} INFO - DAG(s) 'example_local_kubernetes_executor' retrieved from /home/airflow/.local/lib/python3.8/site-packages/airflow/example_dags/example_local_kubernetes_executor.py
[2024-04-08T08:32:24.509+0000] {logging_mixin.py:188} INFO - [2024-04-08T08:32:24.508+0000] {dag.py:3047} INFO - Sync 1 DAGs
[2024-04-08T08:32:24.523+0000] {logging_mixin.py:188} INFO - [2024-04-08T08:32:24.523+0000] {dag.py:3834} INFO - Setting next_dagrun for example_local_kubernetes_executor to None, run_after=None
[2024-04-08T08:32:24.556+0000] {processor.py:183} INFO - Processing /home/airflow/.local/lib/python3.8/site-packages/airflow/example_dags/example_local_kubernetes_executor.py took 0.102 seconds
[2024-04-08T08:32:54.649+0000] {processor.py:161} INFO - Started process (PID=3036) to work on /home/airflow/.local/lib/python3.8/site-packages/airflow/example_dags/example_local_kubernetes_executor.py
[2024-04-08T08:32:54.651+0000] {processor.py:830} INFO - Processing file /home/airflow/.local/lib/python3.8/site-packages/airflow/example_dags/example_local_kubernetes_executor.py for tasks to queue
[2024-04-08T08:32:54.652+0000] {logging_mixin.py:188} INFO - [2024-04-08T08:32:54.651+0000] {dagbag.py:540} INFO - Filling up the DagBag from /home/airflow/.local/lib/python3.8/site-packages/airflow/example_dags/example_local_kubernetes_executor.py
[2024-04-08T08:32:54.661+0000] {processor.py:840} INFO - DAG(s) 'example_local_kubernetes_executor' retrieved from /home/airflow/.local/lib/python3.8/site-packages/airflow/example_dags/example_local_kubernetes_executor.py
[2024-04-08T08:32:54.704+0000] {logging_mixin.py:188} INFO - [2024-04-08T08:32:54.704+0000] {dag.py:3047} INFO - Sync 1 DAGs
[2024-04-08T08:32:54.719+0000] {logging_mixin.py:188} INFO - [2024-04-08T08:32:54.719+0000] {dag.py:3834} INFO - Setting next_dagrun for example_local_kubernetes_executor to None, run_after=None
[2024-04-08T08:32:54.743+0000] {processor.py:183} INFO - Processing /home/airflow/.local/lib/python3.8/site-packages/airflow/example_dags/example_local_kubernetes_executor.py took 0.097 seconds
[2024-04-08T08:33:25.082+0000] {processor.py:161} INFO - Started process (PID=3293) to work on /home/airflow/.local/lib/python3.8/site-packages/airflow/example_dags/example_local_kubernetes_executor.py
[2024-04-08T08:33:25.083+0000] {processor.py:830} INFO - Processing file /home/airflow/.local/lib/python3.8/site-packages/airflow/example_dags/example_local_kubernetes_executor.py for tasks to queue
[2024-04-08T08:33:25.084+0000] {logging_mixin.py:188} INFO - [2024-04-08T08:33:25.084+0000] {dagbag.py:540} INFO - Filling up the DagBag from /home/airflow/.local/lib/python3.8/site-packages/airflow/example_dags/example_local_kubernetes_executor.py
[2024-04-08T08:33:25.092+0000] {processor.py:840} INFO - DAG(s) 'example_local_kubernetes_executor' retrieved from /home/airflow/.local/lib/python3.8/site-packages/airflow/example_dags/example_local_kubernetes_executor.py
[2024-04-08T08:33:25.138+0000] {logging_mixin.py:188} INFO - [2024-04-08T08:33:25.137+0000] {dag.py:3047} INFO - Sync 1 DAGs
[2024-04-08T08:33:25.153+0000] {logging_mixin.py:188} INFO - [2024-04-08T08:33:25.152+0000] {dag.py:3834} INFO - Setting next_dagrun for example_local_kubernetes_executor to None, run_after=None
[2024-04-08T08:33:25.187+0000] {processor.py:183} INFO - Processing /home/airflow/.local/lib/python3.8/site-packages/airflow/example_dags/example_local_kubernetes_executor.py took 0.109 seconds
[2024-04-08T08:33:55.645+0000] {processor.py:161} INFO - Started process (PID=3551) to work on /home/airflow/.local/lib/python3.8/site-packages/airflow/example_dags/example_local_kubernetes_executor.py
[2024-04-08T08:33:55.646+0000] {processor.py:830} INFO - Processing file /home/airflow/.local/lib/python3.8/site-packages/airflow/example_dags/example_local_kubernetes_executor.py for tasks to queue
[2024-04-08T08:33:55.647+0000] {logging_mixin.py:188} INFO - [2024-04-08T08:33:55.646+0000] {dagbag.py:540} INFO - Filling up the DagBag from /home/airflow/.local/lib/python3.8/site-packages/airflow/example_dags/example_local_kubernetes_executor.py
[2024-04-08T08:33:55.655+0000] {processor.py:840} INFO - DAG(s) 'example_local_kubernetes_executor' retrieved from /home/airflow/.local/lib/python3.8/site-packages/airflow/example_dags/example_local_kubernetes_executor.py
[2024-04-08T08:33:55.696+0000] {logging_mixin.py:188} INFO - [2024-04-08T08:33:55.696+0000] {dag.py:3047} INFO - Sync 1 DAGs
[2024-04-08T08:33:55.711+0000] {logging_mixin.py:188} INFO - [2024-04-08T08:33:55.710+0000] {dag.py:3834} INFO - Setting next_dagrun for example_local_kubernetes_executor to None, run_after=None
[2024-04-08T08:33:55.736+0000] {processor.py:183} INFO - Processing /home/airflow/.local/lib/python3.8/site-packages/airflow/example_dags/example_local_kubernetes_executor.py took 0.095 seconds
[2024-04-08T08:34:25.886+0000] {processor.py:161} INFO - Started process (PID=3806) to work on /home/airflow/.local/lib/python3.8/site-packages/airflow/example_dags/example_local_kubernetes_executor.py
[2024-04-08T08:34:25.887+0000] {processor.py:830} INFO - Processing file /home/airflow/.local/lib/python3.8/site-packages/airflow/example_dags/example_local_kubernetes_executor.py for tasks to queue
[2024-04-08T08:34:25.888+0000] {logging_mixin.py:188} INFO - [2024-04-08T08:34:25.888+0000] {dagbag.py:540} INFO - Filling up the DagBag from /home/airflow/.local/lib/python3.8/site-packages/airflow/example_dags/example_local_kubernetes_executor.py
[2024-04-08T08:34:25.896+0000] {processor.py:840} INFO - DAG(s) 'example_local_kubernetes_executor' retrieved from /home/airflow/.local/lib/python3.8/site-packages/airflow/example_dags/example_local_kubernetes_executor.py
[2024-04-08T08:34:25.941+0000] {logging_mixin.py:188} INFO - [2024-04-08T08:34:25.941+0000] {dag.py:3047} INFO - Sync 1 DAGs
[2024-04-08T08:34:25.953+0000] {logging_mixin.py:188} INFO - [2024-04-08T08:34:25.953+0000] {dag.py:3834} INFO - Setting next_dagrun for example_local_kubernetes_executor to None, run_after=None
[2024-04-08T08:34:25.977+0000] {processor.py:183} INFO - Processing /home/airflow/.local/lib/python3.8/site-packages/airflow/example_dags/example_local_kubernetes_executor.py took 0.095 seconds
[2024-04-08T08:34:56.059+0000] {processor.py:161} INFO - Started process (PID=4063) to work on /home/airflow/.local/lib/python3.8/site-packages/airflow/example_dags/example_local_kubernetes_executor.py
[2024-04-08T08:34:56.061+0000] {processor.py:830} INFO - Processing file /home/airflow/.local/lib/python3.8/site-packages/airflow/example_dags/example_local_kubernetes_executor.py for tasks to queue
[2024-04-08T08:34:56.066+0000] {logging_mixin.py:188} INFO - [2024-04-08T08:34:56.062+0000] {dagbag.py:540} INFO - Filling up the DagBag from /home/airflow/.local/lib/python3.8/site-packages/airflow/example_dags/example_local_kubernetes_executor.py
[2024-04-08T08:34:56.099+0000] {processor.py:840} INFO - DAG(s) 'example_local_kubernetes_executor' retrieved from /home/airflow/.local/lib/python3.8/site-packages/airflow/example_dags/example_local_kubernetes_executor.py
[2024-04-08T08:34:56.158+0000] {logging_mixin.py:188} INFO - [2024-04-08T08:34:56.158+0000] {dag.py:3047} INFO - Sync 1 DAGs
[2024-04-08T08:34:56.172+0000] {logging_mixin.py:188} INFO - [2024-04-08T08:34:56.172+0000] {dag.py:3834} INFO - Setting next_dagrun for example_local_kubernetes_executor to None, run_after=None
[2024-04-08T08:34:56.199+0000] {processor.py:183} INFO - Processing /home/airflow/.local/lib/python3.8/site-packages/airflow/example_dags/example_local_kubernetes_executor.py took 0.146 seconds
[2024-04-08T08:35:26.660+0000] {processor.py:161} INFO - Started process (PID=4321) to work on /home/airflow/.local/lib/python3.8/site-packages/airflow/example_dags/example_local_kubernetes_executor.py
[2024-04-08T08:35:26.665+0000] {processor.py:830} INFO - Processing file /home/airflow/.local/lib/python3.8/site-packages/airflow/example_dags/example_local_kubernetes_executor.py for tasks to queue
[2024-04-08T08:35:26.667+0000] {logging_mixin.py:188} INFO - [2024-04-08T08:35:26.666+0000] {dagbag.py:540} INFO - Filling up the DagBag from /home/airflow/.local/lib/python3.8/site-packages/airflow/example_dags/example_local_kubernetes_executor.py
[2024-04-08T08:35:26.676+0000] {processor.py:840} INFO - DAG(s) 'example_local_kubernetes_executor' retrieved from /home/airflow/.local/lib/python3.8/site-packages/airflow/example_dags/example_local_kubernetes_executor.py
[2024-04-08T08:35:26.721+0000] {logging_mixin.py:188} INFO - [2024-04-08T08:35:26.721+0000] {dag.py:3047} INFO - Sync 1 DAGs
[2024-04-08T08:35:26.734+0000] {logging_mixin.py:188} INFO - [2024-04-08T08:35:26.733+0000] {dag.py:3834} INFO - Setting next_dagrun for example_local_kubernetes_executor to None, run_after=None
[2024-04-08T08:35:26.757+0000] {processor.py:183} INFO - Processing /home/airflow/.local/lib/python3.8/site-packages/airflow/example_dags/example_local_kubernetes_executor.py took 0.101 seconds
[2024-04-08T08:35:57.449+0000] {processor.py:161} INFO - Started process (PID=4578) to work on /home/airflow/.local/lib/python3.8/site-packages/airflow/example_dags/example_local_kubernetes_executor.py
[2024-04-08T08:35:57.450+0000] {processor.py:830} INFO - Processing file /home/airflow/.local/lib/python3.8/site-packages/airflow/example_dags/example_local_kubernetes_executor.py for tasks to queue
[2024-04-08T08:35:57.452+0000] {logging_mixin.py:188} INFO - [2024-04-08T08:35:57.451+0000] {dagbag.py:540} INFO - Filling up the DagBag from /home/airflow/.local/lib/python3.8/site-packages/airflow/example_dags/example_local_kubernetes_executor.py
[2024-04-08T08:35:57.461+0000] {processor.py:840} INFO - DAG(s) 'example_local_kubernetes_executor' retrieved from /home/airflow/.local/lib/python3.8/site-packages/airflow/example_dags/example_local_kubernetes_executor.py
[2024-04-08T08:35:57.501+0000] {logging_mixin.py:188} INFO - [2024-04-08T08:35:57.501+0000] {dag.py:3047} INFO - Sync 1 DAGs
[2024-04-08T08:35:57.518+0000] {logging_mixin.py:188} INFO - [2024-04-08T08:35:57.518+0000] {dag.py:3834} INFO - Setting next_dagrun for example_local_kubernetes_executor to None, run_after=None
[2024-04-08T08:35:57.555+0000] {processor.py:183} INFO - Processing /home/airflow/.local/lib/python3.8/site-packages/airflow/example_dags/example_local_kubernetes_executor.py took 0.110 seconds
[2024-04-08T08:36:27.837+0000] {processor.py:161} INFO - Started process (PID=4838) to work on /home/airflow/.local/lib/python3.8/site-packages/airflow/example_dags/example_local_kubernetes_executor.py
[2024-04-08T08:36:27.838+0000] {processor.py:830} INFO - Processing file /home/airflow/.local/lib/python3.8/site-packages/airflow/example_dags/example_local_kubernetes_executor.py for tasks to queue
[2024-04-08T08:36:27.839+0000] {logging_mixin.py:188} INFO - [2024-04-08T08:36:27.839+0000] {dagbag.py:540} INFO - Filling up the DagBag from /home/airflow/.local/lib/python3.8/site-packages/airflow/example_dags/example_local_kubernetes_executor.py
[2024-04-08T08:36:27.845+0000] {processor.py:840} INFO - DAG(s) 'example_local_kubernetes_executor' retrieved from /home/airflow/.local/lib/python3.8/site-packages/airflow/example_dags/example_local_kubernetes_executor.py
[2024-04-08T08:36:27.876+0000] {logging_mixin.py:188} INFO - [2024-04-08T08:36:27.876+0000] {dag.py:3047} INFO - Sync 1 DAGs
[2024-04-08T08:36:27.888+0000] {logging_mixin.py:188} INFO - [2024-04-08T08:36:27.888+0000] {dag.py:3834} INFO - Setting next_dagrun for example_local_kubernetes_executor to None, run_after=None
[2024-04-08T08:36:27.907+0000] {processor.py:183} INFO - Processing /home/airflow/.local/lib/python3.8/site-packages/airflow/example_dags/example_local_kubernetes_executor.py took 0.072 seconds
[2024-04-08T08:36:58.128+0000] {processor.py:161} INFO - Started process (PID=5093) to work on /home/airflow/.local/lib/python3.8/site-packages/airflow/example_dags/example_local_kubernetes_executor.py
[2024-04-08T08:36:58.129+0000] {processor.py:830} INFO - Processing file /home/airflow/.local/lib/python3.8/site-packages/airflow/example_dags/example_local_kubernetes_executor.py for tasks to queue
[2024-04-08T08:36:58.130+0000] {logging_mixin.py:188} INFO - [2024-04-08T08:36:58.130+0000] {dagbag.py:540} INFO - Filling up the DagBag from /home/airflow/.local/lib/python3.8/site-packages/airflow/example_dags/example_local_kubernetes_executor.py
[2024-04-08T08:36:58.138+0000] {processor.py:840} INFO - DAG(s) 'example_local_kubernetes_executor' retrieved from /home/airflow/.local/lib/python3.8/site-packages/airflow/example_dags/example_local_kubernetes_executor.py
[2024-04-08T08:36:58.176+0000] {logging_mixin.py:188} INFO - [2024-04-08T08:36:58.176+0000] {dag.py:3047} INFO - Sync 1 DAGs
[2024-04-08T08:36:58.191+0000] {logging_mixin.py:188} INFO - [2024-04-08T08:36:58.191+0000] {dag.py:3834} INFO - Setting next_dagrun for example_local_kubernetes_executor to None, run_after=None
[2024-04-08T08:36:58.215+0000] {processor.py:183} INFO - Processing /home/airflow/.local/lib/python3.8/site-packages/airflow/example_dags/example_local_kubernetes_executor.py took 0.091 seconds
[2024-04-08T08:37:28.577+0000] {processor.py:161} INFO - Started process (PID=5349) to work on /home/airflow/.local/lib/python3.8/site-packages/airflow/example_dags/example_local_kubernetes_executor.py
[2024-04-08T08:37:28.579+0000] {processor.py:830} INFO - Processing file /home/airflow/.local/lib/python3.8/site-packages/airflow/example_dags/example_local_kubernetes_executor.py for tasks to queue
[2024-04-08T08:37:28.580+0000] {logging_mixin.py:188} INFO - [2024-04-08T08:37:28.580+0000] {dagbag.py:540} INFO - Filling up the DagBag from /home/airflow/.local/lib/python3.8/site-packages/airflow/example_dags/example_local_kubernetes_executor.py
[2024-04-08T08:37:28.589+0000] {processor.py:840} INFO - DAG(s) 'example_local_kubernetes_executor' retrieved from /home/airflow/.local/lib/python3.8/site-packages/airflow/example_dags/example_local_kubernetes_executor.py
[2024-04-08T08:37:28.630+0000] {logging_mixin.py:188} INFO - [2024-04-08T08:37:28.630+0000] {dag.py:3047} INFO - Sync 1 DAGs
[2024-04-08T08:37:28.645+0000] {logging_mixin.py:188} INFO - [2024-04-08T08:37:28.645+0000] {dag.py:3834} INFO - Setting next_dagrun for example_local_kubernetes_executor to None, run_after=None
[2024-04-08T08:37:28.674+0000] {processor.py:183} INFO - Processing /home/airflow/.local/lib/python3.8/site-packages/airflow/example_dags/example_local_kubernetes_executor.py took 0.100 seconds
[2024-04-08T08:37:59.224+0000] {processor.py:161} INFO - Started process (PID=5608) to work on /home/airflow/.local/lib/python3.8/site-packages/airflow/example_dags/example_local_kubernetes_executor.py
[2024-04-08T08:37:59.225+0000] {processor.py:830} INFO - Processing file /home/airflow/.local/lib/python3.8/site-packages/airflow/example_dags/example_local_kubernetes_executor.py for tasks to queue
[2024-04-08T08:37:59.226+0000] {logging_mixin.py:188} INFO - [2024-04-08T08:37:59.226+0000] {dagbag.py:540} INFO - Filling up the DagBag from /home/airflow/.local/lib/python3.8/site-packages/airflow/example_dags/example_local_kubernetes_executor.py
[2024-04-08T08:37:59.234+0000] {processor.py:840} INFO - DAG(s) 'example_local_kubernetes_executor' retrieved from /home/airflow/.local/lib/python3.8/site-packages/airflow/example_dags/example_local_kubernetes_executor.py
[2024-04-08T08:37:59.277+0000] {logging_mixin.py:188} INFO - [2024-04-08T08:37:59.277+0000] {dag.py:3047} INFO - Sync 1 DAGs
[2024-04-08T08:37:59.291+0000] {logging_mixin.py:188} INFO - [2024-04-08T08:37:59.291+0000] {dag.py:3834} INFO - Setting next_dagrun for example_local_kubernetes_executor to None, run_after=None
[2024-04-08T08:37:59.321+0000] {processor.py:183} INFO - Processing /home/airflow/.local/lib/python3.8/site-packages/airflow/example_dags/example_local_kubernetes_executor.py took 0.100 seconds
[2024-04-08T08:38:29.763+0000] {processor.py:161} INFO - Started process (PID=5866) to work on /home/airflow/.local/lib/python3.8/site-packages/airflow/example_dags/example_local_kubernetes_executor.py
[2024-04-08T08:38:29.764+0000] {processor.py:830} INFO - Processing file /home/airflow/.local/lib/python3.8/site-packages/airflow/example_dags/example_local_kubernetes_executor.py for tasks to queue
[2024-04-08T08:38:29.765+0000] {logging_mixin.py:188} INFO - [2024-04-08T08:38:29.765+0000] {dagbag.py:540} INFO - Filling up the DagBag from /home/airflow/.local/lib/python3.8/site-packages/airflow/example_dags/example_local_kubernetes_executor.py
[2024-04-08T08:38:29.773+0000] {processor.py:840} INFO - DAG(s) 'example_local_kubernetes_executor' retrieved from /home/airflow/.local/lib/python3.8/site-packages/airflow/example_dags/example_local_kubernetes_executor.py
[2024-04-08T08:38:29.815+0000] {logging_mixin.py:188} INFO - [2024-04-08T08:38:29.815+0000] {dag.py:3047} INFO - Sync 1 DAGs
[2024-04-08T08:38:29.829+0000] {logging_mixin.py:188} INFO - [2024-04-08T08:38:29.829+0000] {dag.py:3834} INFO - Setting next_dagrun for example_local_kubernetes_executor to None, run_after=None
[2024-04-08T08:38:29.858+0000] {processor.py:183} INFO - Processing /home/airflow/.local/lib/python3.8/site-packages/airflow/example_dags/example_local_kubernetes_executor.py took 0.098 seconds
[2024-04-08T08:39:00.352+0000] {processor.py:161} INFO - Started process (PID=6123) to work on /home/airflow/.local/lib/python3.8/site-packages/airflow/example_dags/example_local_kubernetes_executor.py
[2024-04-08T08:39:00.353+0000] {processor.py:830} INFO - Processing file /home/airflow/.local/lib/python3.8/site-packages/airflow/example_dags/example_local_kubernetes_executor.py for tasks to queue
[2024-04-08T08:39:00.354+0000] {logging_mixin.py:188} INFO - [2024-04-08T08:39:00.354+0000] {dagbag.py:540} INFO - Filling up the DagBag from /home/airflow/.local/lib/python3.8/site-packages/airflow/example_dags/example_local_kubernetes_executor.py
[2024-04-08T08:39:00.364+0000] {processor.py:840} INFO - DAG(s) 'example_local_kubernetes_executor' retrieved from /home/airflow/.local/lib/python3.8/site-packages/airflow/example_dags/example_local_kubernetes_executor.py
[2024-04-08T08:39:00.409+0000] {logging_mixin.py:188} INFO - [2024-04-08T08:39:00.408+0000] {dag.py:3047} INFO - Sync 1 DAGs
[2024-04-08T08:39:00.423+0000] {logging_mixin.py:188} INFO - [2024-04-08T08:39:00.423+0000] {dag.py:3834} INFO - Setting next_dagrun for example_local_kubernetes_executor to None, run_after=None
[2024-04-08T08:39:00.446+0000] {processor.py:183} INFO - Processing /home/airflow/.local/lib/python3.8/site-packages/airflow/example_dags/example_local_kubernetes_executor.py took 0.098 seconds
[2024-04-08T08:39:30.944+0000] {processor.py:161} INFO - Started process (PID=6377) to work on /home/airflow/.local/lib/python3.8/site-packages/airflow/example_dags/example_local_kubernetes_executor.py
[2024-04-08T08:39:30.945+0000] {processor.py:830} INFO - Processing file /home/airflow/.local/lib/python3.8/site-packages/airflow/example_dags/example_local_kubernetes_executor.py for tasks to queue
[2024-04-08T08:39:30.946+0000] {logging_mixin.py:188} INFO - [2024-04-08T08:39:30.946+0000] {dagbag.py:540} INFO - Filling up the DagBag from /home/airflow/.local/lib/python3.8/site-packages/airflow/example_dags/example_local_kubernetes_executor.py
[2024-04-08T08:39:30.955+0000] {processor.py:840} INFO - DAG(s) 'example_local_kubernetes_executor' retrieved from /home/airflow/.local/lib/python3.8/site-packages/airflow/example_dags/example_local_kubernetes_executor.py
[2024-04-08T08:39:30.996+0000] {logging_mixin.py:188} INFO - [2024-04-08T08:39:30.995+0000] {dag.py:3047} INFO - Sync 1 DAGs
[2024-04-08T08:39:31.011+0000] {logging_mixin.py:188} INFO - [2024-04-08T08:39:31.011+0000] {dag.py:3834} INFO - Setting next_dagrun for example_local_kubernetes_executor to None, run_after=None
[2024-04-08T08:39:31.043+0000] {processor.py:183} INFO - Processing /home/airflow/.local/lib/python3.8/site-packages/airflow/example_dags/example_local_kubernetes_executor.py took 0.103 seconds
[2024-04-08T08:40:01.392+0000] {processor.py:161} INFO - Started process (PID=6634) to work on /home/airflow/.local/lib/python3.8/site-packages/airflow/example_dags/example_local_kubernetes_executor.py
[2024-04-08T08:40:01.398+0000] {processor.py:830} INFO - Processing file /home/airflow/.local/lib/python3.8/site-packages/airflow/example_dags/example_local_kubernetes_executor.py for tasks to queue
[2024-04-08T08:40:01.399+0000] {logging_mixin.py:188} INFO - [2024-04-08T08:40:01.399+0000] {dagbag.py:540} INFO - Filling up the DagBag from /home/airflow/.local/lib/python3.8/site-packages/airflow/example_dags/example_local_kubernetes_executor.py
[2024-04-08T08:40:01.412+0000] {processor.py:840} INFO - DAG(s) 'example_local_kubernetes_executor' retrieved from /home/airflow/.local/lib/python3.8/site-packages/airflow/example_dags/example_local_kubernetes_executor.py
[2024-04-08T08:40:01.478+0000] {logging_mixin.py:188} INFO - [2024-04-08T08:40:01.478+0000] {dag.py:3047} INFO - Sync 1 DAGs
[2024-04-08T08:40:01.505+0000] {logging_mixin.py:188} INFO - [2024-04-08T08:40:01.504+0000] {dag.py:3834} INFO - Setting next_dagrun for example_local_kubernetes_executor to None, run_after=None
[2024-04-08T08:40:01.539+0000] {processor.py:183} INFO - Processing /home/airflow/.local/lib/python3.8/site-packages/airflow/example_dags/example_local_kubernetes_executor.py took 0.151 seconds
[2024-04-08T08:40:31.895+0000] {processor.py:161} INFO - Started process (PID=6893) to work on /home/airflow/.local/lib/python3.8/site-packages/airflow/example_dags/example_local_kubernetes_executor.py
[2024-04-08T08:40:31.896+0000] {processor.py:830} INFO - Processing file /home/airflow/.local/lib/python3.8/site-packages/airflow/example_dags/example_local_kubernetes_executor.py for tasks to queue
[2024-04-08T08:40:31.897+0000] {logging_mixin.py:188} INFO - [2024-04-08T08:40:31.897+0000] {dagbag.py:540} INFO - Filling up the DagBag from /home/airflow/.local/lib/python3.8/site-packages/airflow/example_dags/example_local_kubernetes_executor.py
[2024-04-08T08:40:31.906+0000] {processor.py:840} INFO - DAG(s) 'example_local_kubernetes_executor' retrieved from /home/airflow/.local/lib/python3.8/site-packages/airflow/example_dags/example_local_kubernetes_executor.py
[2024-04-08T08:40:31.950+0000] {logging_mixin.py:188} INFO - [2024-04-08T08:40:31.950+0000] {dag.py:3047} INFO - Sync 1 DAGs
[2024-04-08T08:40:31.964+0000] {logging_mixin.py:188} INFO - [2024-04-08T08:40:31.964+0000] {dag.py:3834} INFO - Setting next_dagrun for example_local_kubernetes_executor to None, run_after=None
[2024-04-08T08:40:32.000+0000] {processor.py:183} INFO - Processing /home/airflow/.local/lib/python3.8/site-packages/airflow/example_dags/example_local_kubernetes_executor.py took 0.108 seconds
[2024-04-08T08:41:02.365+0000] {processor.py:161} INFO - Started process (PID=7148) to work on /home/airflow/.local/lib/python3.8/site-packages/airflow/example_dags/example_local_kubernetes_executor.py
[2024-04-08T08:41:02.366+0000] {processor.py:830} INFO - Processing file /home/airflow/.local/lib/python3.8/site-packages/airflow/example_dags/example_local_kubernetes_executor.py for tasks to queue
[2024-04-08T08:41:02.367+0000] {logging_mixin.py:188} INFO - [2024-04-08T08:41:02.367+0000] {dagbag.py:540} INFO - Filling up the DagBag from /home/airflow/.local/lib/python3.8/site-packages/airflow/example_dags/example_local_kubernetes_executor.py
[2024-04-08T08:41:02.375+0000] {processor.py:840} INFO - DAG(s) 'example_local_kubernetes_executor' retrieved from /home/airflow/.local/lib/python3.8/site-packages/airflow/example_dags/example_local_kubernetes_executor.py
[2024-04-08T08:41:02.416+0000] {logging_mixin.py:188} INFO - [2024-04-08T08:41:02.416+0000] {dag.py:3047} INFO - Sync 1 DAGs
[2024-04-08T08:41:02.428+0000] {logging_mixin.py:188} INFO - [2024-04-08T08:41:02.428+0000] {dag.py:3834} INFO - Setting next_dagrun for example_local_kubernetes_executor to None, run_after=None
[2024-04-08T08:41:02.453+0000] {processor.py:183} INFO - Processing /home/airflow/.local/lib/python3.8/site-packages/airflow/example_dags/example_local_kubernetes_executor.py took 0.091 seconds
[2024-04-08T08:41:32.825+0000] {processor.py:161} INFO - Started process (PID=7405) to work on /home/airflow/.local/lib/python3.8/site-packages/airflow/example_dags/example_local_kubernetes_executor.py
[2024-04-08T08:41:32.829+0000] {processor.py:830} INFO - Processing file /home/airflow/.local/lib/python3.8/site-packages/airflow/example_dags/example_local_kubernetes_executor.py for tasks to queue
[2024-04-08T08:41:32.839+0000] {logging_mixin.py:188} INFO - [2024-04-08T08:41:32.838+0000] {dagbag.py:540} INFO - Filling up the DagBag from /home/airflow/.local/lib/python3.8/site-packages/airflow/example_dags/example_local_kubernetes_executor.py
[2024-04-08T08:41:32.846+0000] {processor.py:840} INFO - DAG(s) 'example_local_kubernetes_executor' retrieved from /home/airflow/.local/lib/python3.8/site-packages/airflow/example_dags/example_local_kubernetes_executor.py
[2024-04-08T08:41:32.961+0000] {logging_mixin.py:188} INFO - [2024-04-08T08:41:32.961+0000] {dag.py:3047} INFO - Sync 1 DAGs
[2024-04-08T08:41:32.977+0000] {logging_mixin.py:188} INFO - [2024-04-08T08:41:32.977+0000] {dag.py:3834} INFO - Setting next_dagrun for example_local_kubernetes_executor to None, run_after=None
[2024-04-08T08:41:33.004+0000] {processor.py:183} INFO - Processing /home/airflow/.local/lib/python3.8/site-packages/airflow/example_dags/example_local_kubernetes_executor.py took 0.182 seconds
[2024-04-08T08:42:03.089+0000] {processor.py:161} INFO - Started process (PID=7662) to work on /home/airflow/.local/lib/python3.8/site-packages/airflow/example_dags/example_local_kubernetes_executor.py
[2024-04-08T08:42:03.090+0000] {processor.py:830} INFO - Processing file /home/airflow/.local/lib/python3.8/site-packages/airflow/example_dags/example_local_kubernetes_executor.py for tasks to queue
[2024-04-08T08:42:03.091+0000] {logging_mixin.py:188} INFO - [2024-04-08T08:42:03.091+0000] {dagbag.py:540} INFO - Filling up the DagBag from /home/airflow/.local/lib/python3.8/site-packages/airflow/example_dags/example_local_kubernetes_executor.py
[2024-04-08T08:42:03.098+0000] {processor.py:840} INFO - DAG(s) 'example_local_kubernetes_executor' retrieved from /home/airflow/.local/lib/python3.8/site-packages/airflow/example_dags/example_local_kubernetes_executor.py
[2024-04-08T08:42:03.140+0000] {logging_mixin.py:188} INFO - [2024-04-08T08:42:03.139+0000] {dag.py:3047} INFO - Sync 1 DAGs
[2024-04-08T08:42:03.157+0000] {logging_mixin.py:188} INFO - [2024-04-08T08:42:03.156+0000] {dag.py:3834} INFO - Setting next_dagrun for example_local_kubernetes_executor to None, run_after=None
[2024-04-08T08:42:03.185+0000] {processor.py:183} INFO - Processing /home/airflow/.local/lib/python3.8/site-packages/airflow/example_dags/example_local_kubernetes_executor.py took 0.100 seconds
[2024-04-08T08:42:33.456+0000] {processor.py:161} INFO - Started process (PID=7919) to work on /home/airflow/.local/lib/python3.8/site-packages/airflow/example_dags/example_local_kubernetes_executor.py
[2024-04-08T08:42:33.457+0000] {processor.py:830} INFO - Processing file /home/airflow/.local/lib/python3.8/site-packages/airflow/example_dags/example_local_kubernetes_executor.py for tasks to queue
[2024-04-08T08:42:33.458+0000] {logging_mixin.py:188} INFO - [2024-04-08T08:42:33.458+0000] {dagbag.py:540} INFO - Filling up the DagBag from /home/airflow/.local/lib/python3.8/site-packages/airflow/example_dags/example_local_kubernetes_executor.py
[2024-04-08T08:42:33.466+0000] {processor.py:840} INFO - DAG(s) 'example_local_kubernetes_executor' retrieved from /home/airflow/.local/lib/python3.8/site-packages/airflow/example_dags/example_local_kubernetes_executor.py
[2024-04-08T08:42:33.504+0000] {logging_mixin.py:188} INFO - [2024-04-08T08:42:33.504+0000] {dag.py:3047} INFO - Sync 1 DAGs
[2024-04-08T08:42:33.519+0000] {logging_mixin.py:188} INFO - [2024-04-08T08:42:33.518+0000] {dag.py:3834} INFO - Setting next_dagrun for example_local_kubernetes_executor to None, run_after=None
[2024-04-08T08:42:33.544+0000] {processor.py:183} INFO - Processing /home/airflow/.local/lib/python3.8/site-packages/airflow/example_dags/example_local_kubernetes_executor.py took 0.092 seconds
[2024-04-08T08:43:03.819+0000] {processor.py:161} INFO - Started process (PID=8176) to work on /home/airflow/.local/lib/python3.8/site-packages/airflow/example_dags/example_local_kubernetes_executor.py
[2024-04-08T08:43:03.820+0000] {processor.py:830} INFO - Processing file /home/airflow/.local/lib/python3.8/site-packages/airflow/example_dags/example_local_kubernetes_executor.py for tasks to queue
[2024-04-08T08:43:03.821+0000] {logging_mixin.py:188} INFO - [2024-04-08T08:43:03.821+0000] {dagbag.py:540} INFO - Filling up the DagBag from /home/airflow/.local/lib/python3.8/site-packages/airflow/example_dags/example_local_kubernetes_executor.py
[2024-04-08T08:43:03.830+0000] {processor.py:840} INFO - DAG(s) 'example_local_kubernetes_executor' retrieved from /home/airflow/.local/lib/python3.8/site-packages/airflow/example_dags/example_local_kubernetes_executor.py
[2024-04-08T08:43:03.871+0000] {logging_mixin.py:188} INFO - [2024-04-08T08:43:03.871+0000] {dag.py:3047} INFO - Sync 1 DAGs
[2024-04-08T08:43:03.886+0000] {logging_mixin.py:188} INFO - [2024-04-08T08:43:03.886+0000] {dag.py:3834} INFO - Setting next_dagrun for example_local_kubernetes_executor to None, run_after=None
[2024-04-08T08:43:03.908+0000] {processor.py:183} INFO - Processing /home/airflow/.local/lib/python3.8/site-packages/airflow/example_dags/example_local_kubernetes_executor.py took 0.094 seconds
[2024-04-08T08:43:34.340+0000] {processor.py:161} INFO - Started process (PID=8433) to work on /home/airflow/.local/lib/python3.8/site-packages/airflow/example_dags/example_local_kubernetes_executor.py
[2024-04-08T08:43:34.341+0000] {processor.py:830} INFO - Processing file /home/airflow/.local/lib/python3.8/site-packages/airflow/example_dags/example_local_kubernetes_executor.py for tasks to queue
[2024-04-08T08:43:34.342+0000] {logging_mixin.py:188} INFO - [2024-04-08T08:43:34.341+0000] {dagbag.py:540} INFO - Filling up the DagBag from /home/airflow/.local/lib/python3.8/site-packages/airflow/example_dags/example_local_kubernetes_executor.py
[2024-04-08T08:43:34.350+0000] {processor.py:840} INFO - DAG(s) 'example_local_kubernetes_executor' retrieved from /home/airflow/.local/lib/python3.8/site-packages/airflow/example_dags/example_local_kubernetes_executor.py
[2024-04-08T08:43:34.389+0000] {logging_mixin.py:188} INFO - [2024-04-08T08:43:34.389+0000] {dag.py:3047} INFO - Sync 1 DAGs
[2024-04-08T08:43:34.404+0000] {logging_mixin.py:188} INFO - [2024-04-08T08:43:34.404+0000] {dag.py:3834} INFO - Setting next_dagrun for example_local_kubernetes_executor to None, run_after=None
[2024-04-08T08:43:34.428+0000] {processor.py:183} INFO - Processing /home/airflow/.local/lib/python3.8/site-packages/airflow/example_dags/example_local_kubernetes_executor.py took 0.092 seconds
[2024-04-08T08:44:04.905+0000] {processor.py:161} INFO - Started process (PID=8690) to work on /home/airflow/.local/lib/python3.8/site-packages/airflow/example_dags/example_local_kubernetes_executor.py
[2024-04-08T08:44:04.909+0000] {processor.py:830} INFO - Processing file /home/airflow/.local/lib/python3.8/site-packages/airflow/example_dags/example_local_kubernetes_executor.py for tasks to queue
[2024-04-08T08:44:04.911+0000] {logging_mixin.py:188} INFO - [2024-04-08T08:44:04.910+0000] {dagbag.py:540} INFO - Filling up the DagBag from /home/airflow/.local/lib/python3.8/site-packages/airflow/example_dags/example_local_kubernetes_executor.py
[2024-04-08T08:44:04.921+0000] {processor.py:840} INFO - DAG(s) 'example_local_kubernetes_executor' retrieved from /home/airflow/.local/lib/python3.8/site-packages/airflow/example_dags/example_local_kubernetes_executor.py
[2024-04-08T08:44:04.966+0000] {logging_mixin.py:188} INFO - [2024-04-08T08:44:04.965+0000] {dag.py:3047} INFO - Sync 1 DAGs
[2024-04-08T08:44:04.981+0000] {logging_mixin.py:188} INFO - [2024-04-08T08:44:04.981+0000] {dag.py:3834} INFO - Setting next_dagrun for example_local_kubernetes_executor to None, run_after=None
[2024-04-08T08:44:05.006+0000] {processor.py:183} INFO - Processing /home/airflow/.local/lib/python3.8/site-packages/airflow/example_dags/example_local_kubernetes_executor.py took 0.110 seconds
[2024-04-08T08:44:35.556+0000] {processor.py:161} INFO - Started process (PID=8948) to work on /home/airflow/.local/lib/python3.8/site-packages/airflow/example_dags/example_local_kubernetes_executor.py
[2024-04-08T08:44:35.557+0000] {processor.py:830} INFO - Processing file /home/airflow/.local/lib/python3.8/site-packages/airflow/example_dags/example_local_kubernetes_executor.py for tasks to queue
[2024-04-08T08:44:35.558+0000] {logging_mixin.py:188} INFO - [2024-04-08T08:44:35.558+0000] {dagbag.py:540} INFO - Filling up the DagBag from /home/airflow/.local/lib/python3.8/site-packages/airflow/example_dags/example_local_kubernetes_executor.py
[2024-04-08T08:44:35.567+0000] {processor.py:840} INFO - DAG(s) 'example_local_kubernetes_executor' retrieved from /home/airflow/.local/lib/python3.8/site-packages/airflow/example_dags/example_local_kubernetes_executor.py
[2024-04-08T08:44:35.607+0000] {logging_mixin.py:188} INFO - [2024-04-08T08:44:35.607+0000] {dag.py:3047} INFO - Sync 1 DAGs
[2024-04-08T08:44:35.621+0000] {logging_mixin.py:188} INFO - [2024-04-08T08:44:35.621+0000] {dag.py:3834} INFO - Setting next_dagrun for example_local_kubernetes_executor to None, run_after=None
[2024-04-08T08:44:35.656+0000] {processor.py:183} INFO - Processing /home/airflow/.local/lib/python3.8/site-packages/airflow/example_dags/example_local_kubernetes_executor.py took 0.103 seconds
[2024-04-08T08:45:05.895+0000] {processor.py:161} INFO - Started process (PID=9207) to work on /home/airflow/.local/lib/python3.8/site-packages/airflow/example_dags/example_local_kubernetes_executor.py
[2024-04-08T08:45:05.897+0000] {processor.py:830} INFO - Processing file /home/airflow/.local/lib/python3.8/site-packages/airflow/example_dags/example_local_kubernetes_executor.py for tasks to queue
[2024-04-08T08:45:05.898+0000] {logging_mixin.py:188} INFO - [2024-04-08T08:45:05.897+0000] {dagbag.py:540} INFO - Filling up the DagBag from /home/airflow/.local/lib/python3.8/site-packages/airflow/example_dags/example_local_kubernetes_executor.py
[2024-04-08T08:45:05.904+0000] {processor.py:840} INFO - DAG(s) 'example_local_kubernetes_executor' retrieved from /home/airflow/.local/lib/python3.8/site-packages/airflow/example_dags/example_local_kubernetes_executor.py
[2024-04-08T08:45:05.947+0000] {logging_mixin.py:188} INFO - [2024-04-08T08:45:05.946+0000] {dag.py:3047} INFO - Sync 1 DAGs
[2024-04-08T08:45:05.974+0000] {logging_mixin.py:188} INFO - [2024-04-08T08:45:05.974+0000] {dag.py:3834} INFO - Setting next_dagrun for example_local_kubernetes_executor to None, run_after=None
[2024-04-08T08:45:06.001+0000] {processor.py:183} INFO - Processing /home/airflow/.local/lib/python3.8/site-packages/airflow/example_dags/example_local_kubernetes_executor.py took 0.111 seconds
[2024-04-08T08:45:36.299+0000] {processor.py:161} INFO - Started process (PID=9465) to work on /home/airflow/.local/lib/python3.8/site-packages/airflow/example_dags/example_local_kubernetes_executor.py
[2024-04-08T08:45:36.300+0000] {processor.py:830} INFO - Processing file /home/airflow/.local/lib/python3.8/site-packages/airflow/example_dags/example_local_kubernetes_executor.py for tasks to queue
[2024-04-08T08:45:36.301+0000] {logging_mixin.py:188} INFO - [2024-04-08T08:45:36.301+0000] {dagbag.py:540} INFO - Filling up the DagBag from /home/airflow/.local/lib/python3.8/site-packages/airflow/example_dags/example_local_kubernetes_executor.py
[2024-04-08T08:45:36.309+0000] {processor.py:840} INFO - DAG(s) 'example_local_kubernetes_executor' retrieved from /home/airflow/.local/lib/python3.8/site-packages/airflow/example_dags/example_local_kubernetes_executor.py
[2024-04-08T08:45:36.353+0000] {logging_mixin.py:188} INFO - [2024-04-08T08:45:36.353+0000] {dag.py:3047} INFO - Sync 1 DAGs
[2024-04-08T08:45:36.368+0000] {logging_mixin.py:188} INFO - [2024-04-08T08:45:36.368+0000] {dag.py:3834} INFO - Setting next_dagrun for example_local_kubernetes_executor to None, run_after=None
[2024-04-08T08:45:36.391+0000] {processor.py:183} INFO - Processing /home/airflow/.local/lib/python3.8/site-packages/airflow/example_dags/example_local_kubernetes_executor.py took 0.096 seconds
[2024-04-08T08:46:06.561+0000] {processor.py:161} INFO - Started process (PID=9722) to work on /home/airflow/.local/lib/python3.8/site-packages/airflow/example_dags/example_local_kubernetes_executor.py
[2024-04-08T08:46:06.562+0000] {processor.py:830} INFO - Processing file /home/airflow/.local/lib/python3.8/site-packages/airflow/example_dags/example_local_kubernetes_executor.py for tasks to queue
[2024-04-08T08:46:06.563+0000] {logging_mixin.py:188} INFO - [2024-04-08T08:46:06.563+0000] {dagbag.py:540} INFO - Filling up the DagBag from /home/airflow/.local/lib/python3.8/site-packages/airflow/example_dags/example_local_kubernetes_executor.py
[2024-04-08T08:46:06.569+0000] {processor.py:840} INFO - DAG(s) 'example_local_kubernetes_executor' retrieved from /home/airflow/.local/lib/python3.8/site-packages/airflow/example_dags/example_local_kubernetes_executor.py
[2024-04-08T08:46:06.608+0000] {logging_mixin.py:188} INFO - [2024-04-08T08:46:06.608+0000] {dag.py:3047} INFO - Sync 1 DAGs
[2024-04-08T08:46:06.623+0000] {logging_mixin.py:188} INFO - [2024-04-08T08:46:06.623+0000] {dag.py:3834} INFO - Setting next_dagrun for example_local_kubernetes_executor to None, run_after=None
[2024-04-08T08:46:06.651+0000] {processor.py:183} INFO - Processing /home/airflow/.local/lib/python3.8/site-packages/airflow/example_dags/example_local_kubernetes_executor.py took 0.093 seconds
[2024-04-08T08:46:36.940+0000] {processor.py:161} INFO - Started process (PID=9979) to work on /home/airflow/.local/lib/python3.8/site-packages/airflow/example_dags/example_local_kubernetes_executor.py
[2024-04-08T08:46:36.941+0000] {processor.py:830} INFO - Processing file /home/airflow/.local/lib/python3.8/site-packages/airflow/example_dags/example_local_kubernetes_executor.py for tasks to queue
[2024-04-08T08:46:36.942+0000] {logging_mixin.py:188} INFO - [2024-04-08T08:46:36.942+0000] {dagbag.py:540} INFO - Filling up the DagBag from /home/airflow/.local/lib/python3.8/site-packages/airflow/example_dags/example_local_kubernetes_executor.py
[2024-04-08T08:46:36.950+0000] {processor.py:840} INFO - DAG(s) 'example_local_kubernetes_executor' retrieved from /home/airflow/.local/lib/python3.8/site-packages/airflow/example_dags/example_local_kubernetes_executor.py
[2024-04-08T08:46:36.990+0000] {logging_mixin.py:188} INFO - [2024-04-08T08:46:36.990+0000] {dag.py:3047} INFO - Sync 1 DAGs
[2024-04-08T08:46:37.004+0000] {logging_mixin.py:188} INFO - [2024-04-08T08:46:37.004+0000] {dag.py:3834} INFO - Setting next_dagrun for example_local_kubernetes_executor to None, run_after=None
[2024-04-08T08:46:37.028+0000] {processor.py:183} INFO - Processing /home/airflow/.local/lib/python3.8/site-packages/airflow/example_dags/example_local_kubernetes_executor.py took 0.092 seconds
[2024-04-08T08:47:07.539+0000] {processor.py:161} INFO - Started process (PID=10236) to work on /home/airflow/.local/lib/python3.8/site-packages/airflow/example_dags/example_local_kubernetes_executor.py
[2024-04-08T08:47:07.540+0000] {processor.py:830} INFO - Processing file /home/airflow/.local/lib/python3.8/site-packages/airflow/example_dags/example_local_kubernetes_executor.py for tasks to queue
[2024-04-08T08:47:07.541+0000] {logging_mixin.py:188} INFO - [2024-04-08T08:47:07.540+0000] {dagbag.py:540} INFO - Filling up the DagBag from /home/airflow/.local/lib/python3.8/site-packages/airflow/example_dags/example_local_kubernetes_executor.py
[2024-04-08T08:47:07.549+0000] {processor.py:840} INFO - DAG(s) 'example_local_kubernetes_executor' retrieved from /home/airflow/.local/lib/python3.8/site-packages/airflow/example_dags/example_local_kubernetes_executor.py
[2024-04-08T08:47:07.589+0000] {logging_mixin.py:188} INFO - [2024-04-08T08:47:07.588+0000] {dag.py:3047} INFO - Sync 1 DAGs
[2024-04-08T08:47:07.603+0000] {logging_mixin.py:188} INFO - [2024-04-08T08:47:07.602+0000] {dag.py:3834} INFO - Setting next_dagrun for example_local_kubernetes_executor to None, run_after=None
[2024-04-08T08:47:07.626+0000] {processor.py:183} INFO - Processing /home/airflow/.local/lib/python3.8/site-packages/airflow/example_dags/example_local_kubernetes_executor.py took 0.092 seconds
[2024-04-08T08:47:37.812+0000] {processor.py:161} INFO - Started process (PID=10495) to work on /home/airflow/.local/lib/python3.8/site-packages/airflow/example_dags/example_local_kubernetes_executor.py
[2024-04-08T08:47:37.813+0000] {processor.py:830} INFO - Processing file /home/airflow/.local/lib/python3.8/site-packages/airflow/example_dags/example_local_kubernetes_executor.py for tasks to queue
[2024-04-08T08:47:37.813+0000] {logging_mixin.py:188} INFO - [2024-04-08T08:47:37.813+0000] {dagbag.py:540} INFO - Filling up the DagBag from /home/airflow/.local/lib/python3.8/site-packages/airflow/example_dags/example_local_kubernetes_executor.py
[2024-04-08T08:47:37.820+0000] {processor.py:840} INFO - DAG(s) 'example_local_kubernetes_executor' retrieved from /home/airflow/.local/lib/python3.8/site-packages/airflow/example_dags/example_local_kubernetes_executor.py
[2024-04-08T08:47:37.847+0000] {logging_mixin.py:188} INFO - [2024-04-08T08:47:37.847+0000] {dag.py:3047} INFO - Sync 1 DAGs
[2024-04-08T08:47:37.858+0000] {logging_mixin.py:188} INFO - [2024-04-08T08:47:37.858+0000] {dag.py:3834} INFO - Setting next_dagrun for example_local_kubernetes_executor to None, run_after=None
[2024-04-08T08:47:37.876+0000] {processor.py:183} INFO - Processing /home/airflow/.local/lib/python3.8/site-packages/airflow/example_dags/example_local_kubernetes_executor.py took 0.067 seconds
[2024-04-08T08:48:08.820+0000] {processor.py:161} INFO - Started process (PID=10752) to work on /home/airflow/.local/lib/python3.8/site-packages/airflow/example_dags/example_local_kubernetes_executor.py
[2024-04-08T08:48:08.821+0000] {processor.py:830} INFO - Processing file /home/airflow/.local/lib/python3.8/site-packages/airflow/example_dags/example_local_kubernetes_executor.py for tasks to queue
[2024-04-08T08:48:08.822+0000] {logging_mixin.py:188} INFO - [2024-04-08T08:48:08.822+0000] {dagbag.py:540} INFO - Filling up the DagBag from /home/airflow/.local/lib/python3.8/site-packages/airflow/example_dags/example_local_kubernetes_executor.py
[2024-04-08T08:48:08.830+0000] {processor.py:840} INFO - DAG(s) 'example_local_kubernetes_executor' retrieved from /home/airflow/.local/lib/python3.8/site-packages/airflow/example_dags/example_local_kubernetes_executor.py
[2024-04-08T08:48:08.871+0000] {logging_mixin.py:188} INFO - [2024-04-08T08:48:08.871+0000] {dag.py:3047} INFO - Sync 1 DAGs
[2024-04-08T08:48:08.887+0000] {logging_mixin.py:188} INFO - [2024-04-08T08:48:08.886+0000] {dag.py:3834} INFO - Setting next_dagrun for example_local_kubernetes_executor to None, run_after=None
[2024-04-08T08:48:08.911+0000] {processor.py:183} INFO - Processing /home/airflow/.local/lib/python3.8/site-packages/airflow/example_dags/example_local_kubernetes_executor.py took 0.094 seconds
[2024-04-08T08:48:39.371+0000] {processor.py:161} INFO - Started process (PID=11008) to work on /home/airflow/.local/lib/python3.8/site-packages/airflow/example_dags/example_local_kubernetes_executor.py
[2024-04-08T08:48:39.372+0000] {processor.py:830} INFO - Processing file /home/airflow/.local/lib/python3.8/site-packages/airflow/example_dags/example_local_kubernetes_executor.py for tasks to queue
[2024-04-08T08:48:39.373+0000] {logging_mixin.py:188} INFO - [2024-04-08T08:48:39.372+0000] {dagbag.py:540} INFO - Filling up the DagBag from /home/airflow/.local/lib/python3.8/site-packages/airflow/example_dags/example_local_kubernetes_executor.py
[2024-04-08T08:48:39.381+0000] {processor.py:840} INFO - DAG(s) 'example_local_kubernetes_executor' retrieved from /home/airflow/.local/lib/python3.8/site-packages/airflow/example_dags/example_local_kubernetes_executor.py
[2024-04-08T08:48:39.423+0000] {logging_mixin.py:188} INFO - [2024-04-08T08:48:39.423+0000] {dag.py:3047} INFO - Sync 1 DAGs
[2024-04-08T08:48:39.438+0000] {logging_mixin.py:188} INFO - [2024-04-08T08:48:39.438+0000] {dag.py:3834} INFO - Setting next_dagrun for example_local_kubernetes_executor to None, run_after=None
[2024-04-08T08:48:39.461+0000] {processor.py:183} INFO - Processing /home/airflow/.local/lib/python3.8/site-packages/airflow/example_dags/example_local_kubernetes_executor.py took 0.094 seconds
[2024-04-08T08:49:09.759+0000] {processor.py:161} INFO - Started process (PID=11266) to work on /home/airflow/.local/lib/python3.8/site-packages/airflow/example_dags/example_local_kubernetes_executor.py
[2024-04-08T08:49:09.760+0000] {processor.py:830} INFO - Processing file /home/airflow/.local/lib/python3.8/site-packages/airflow/example_dags/example_local_kubernetes_executor.py for tasks to queue
[2024-04-08T08:49:09.760+0000] {logging_mixin.py:188} INFO - [2024-04-08T08:49:09.760+0000] {dagbag.py:540} INFO - Filling up the DagBag from /home/airflow/.local/lib/python3.8/site-packages/airflow/example_dags/example_local_kubernetes_executor.py
[2024-04-08T08:49:09.768+0000] {processor.py:840} INFO - DAG(s) 'example_local_kubernetes_executor' retrieved from /home/airflow/.local/lib/python3.8/site-packages/airflow/example_dags/example_local_kubernetes_executor.py
[2024-04-08T08:49:09.808+0000] {logging_mixin.py:188} INFO - [2024-04-08T08:49:09.807+0000] {dag.py:3047} INFO - Sync 1 DAGs
[2024-04-08T08:49:09.824+0000] {logging_mixin.py:188} INFO - [2024-04-08T08:49:09.823+0000] {dag.py:3834} INFO - Setting next_dagrun for example_local_kubernetes_executor to None, run_after=None
[2024-04-08T08:49:09.847+0000] {processor.py:183} INFO - Processing /home/airflow/.local/lib/python3.8/site-packages/airflow/example_dags/example_local_kubernetes_executor.py took 0.092 seconds
[2024-04-08T08:49:40.182+0000] {processor.py:161} INFO - Started process (PID=11523) to work on /home/airflow/.local/lib/python3.8/site-packages/airflow/example_dags/example_local_kubernetes_executor.py
[2024-04-08T08:49:40.183+0000] {processor.py:830} INFO - Processing file /home/airflow/.local/lib/python3.8/site-packages/airflow/example_dags/example_local_kubernetes_executor.py for tasks to queue
[2024-04-08T08:49:40.184+0000] {logging_mixin.py:188} INFO - [2024-04-08T08:49:40.183+0000] {dagbag.py:540} INFO - Filling up the DagBag from /home/airflow/.local/lib/python3.8/site-packages/airflow/example_dags/example_local_kubernetes_executor.py
[2024-04-08T08:49:40.191+0000] {processor.py:840} INFO - DAG(s) 'example_local_kubernetes_executor' retrieved from /home/airflow/.local/lib/python3.8/site-packages/airflow/example_dags/example_local_kubernetes_executor.py
[2024-04-08T08:49:40.230+0000] {logging_mixin.py:188} INFO - [2024-04-08T08:49:40.230+0000] {dag.py:3047} INFO - Sync 1 DAGs
[2024-04-08T08:49:40.245+0000] {logging_mixin.py:188} INFO - [2024-04-08T08:49:40.245+0000] {dag.py:3834} INFO - Setting next_dagrun for example_local_kubernetes_executor to None, run_after=None
[2024-04-08T08:49:40.269+0000] {processor.py:183} INFO - Processing /home/airflow/.local/lib/python3.8/site-packages/airflow/example_dags/example_local_kubernetes_executor.py took 0.090 seconds
[2024-04-08T08:50:10.826+0000] {processor.py:161} INFO - Started process (PID=11781) to work on /home/airflow/.local/lib/python3.8/site-packages/airflow/example_dags/example_local_kubernetes_executor.py
[2024-04-08T08:50:10.827+0000] {processor.py:830} INFO - Processing file /home/airflow/.local/lib/python3.8/site-packages/airflow/example_dags/example_local_kubernetes_executor.py for tasks to queue
[2024-04-08T08:50:10.829+0000] {logging_mixin.py:188} INFO - [2024-04-08T08:50:10.828+0000] {dagbag.py:540} INFO - Filling up the DagBag from /home/airflow/.local/lib/python3.8/site-packages/airflow/example_dags/example_local_kubernetes_executor.py
[2024-04-08T08:50:10.837+0000] {processor.py:840} INFO - DAG(s) 'example_local_kubernetes_executor' retrieved from /home/airflow/.local/lib/python3.8/site-packages/airflow/example_dags/example_local_kubernetes_executor.py
[2024-04-08T08:50:10.896+0000] {logging_mixin.py:188} INFO - [2024-04-08T08:50:10.895+0000] {dag.py:3047} INFO - Sync 1 DAGs
[2024-04-08T08:50:10.914+0000] {logging_mixin.py:188} INFO - [2024-04-08T08:50:10.914+0000] {dag.py:3834} INFO - Setting next_dagrun for example_local_kubernetes_executor to None, run_after=None
[2024-04-08T08:50:10.963+0000] {processor.py:183} INFO - Processing /home/airflow/.local/lib/python3.8/site-packages/airflow/example_dags/example_local_kubernetes_executor.py took 0.140 seconds
[2024-04-08T08:50:41.237+0000] {processor.py:161} INFO - Started process (PID=12042) to work on /home/airflow/.local/lib/python3.8/site-packages/airflow/example_dags/example_local_kubernetes_executor.py
[2024-04-08T08:50:41.238+0000] {processor.py:830} INFO - Processing file /home/airflow/.local/lib/python3.8/site-packages/airflow/example_dags/example_local_kubernetes_executor.py for tasks to queue
[2024-04-08T08:50:41.239+0000] {logging_mixin.py:188} INFO - [2024-04-08T08:50:41.239+0000] {dagbag.py:540} INFO - Filling up the DagBag from /home/airflow/.local/lib/python3.8/site-packages/airflow/example_dags/example_local_kubernetes_executor.py
[2024-04-08T08:50:41.247+0000] {processor.py:840} INFO - DAG(s) 'example_local_kubernetes_executor' retrieved from /home/airflow/.local/lib/python3.8/site-packages/airflow/example_dags/example_local_kubernetes_executor.py
[2024-04-08T08:50:41.289+0000] {logging_mixin.py:188} INFO - [2024-04-08T08:50:41.289+0000] {dag.py:3047} INFO - Sync 1 DAGs
[2024-04-08T08:50:41.304+0000] {logging_mixin.py:188} INFO - [2024-04-08T08:50:41.303+0000] {dag.py:3834} INFO - Setting next_dagrun for example_local_kubernetes_executor to None, run_after=None
[2024-04-08T08:50:41.330+0000] {processor.py:183} INFO - Processing /home/airflow/.local/lib/python3.8/site-packages/airflow/example_dags/example_local_kubernetes_executor.py took 0.096 seconds
[2024-04-08T08:51:11.675+0000] {processor.py:161} INFO - Started process (PID=12300) to work on /home/airflow/.local/lib/python3.8/site-packages/airflow/example_dags/example_local_kubernetes_executor.py
[2024-04-08T08:51:11.675+0000] {processor.py:830} INFO - Processing file /home/airflow/.local/lib/python3.8/site-packages/airflow/example_dags/example_local_kubernetes_executor.py for tasks to queue
[2024-04-08T08:51:11.676+0000] {logging_mixin.py:188} INFO - [2024-04-08T08:51:11.676+0000] {dagbag.py:540} INFO - Filling up the DagBag from /home/airflow/.local/lib/python3.8/site-packages/airflow/example_dags/example_local_kubernetes_executor.py
[2024-04-08T08:51:11.685+0000] {processor.py:840} INFO - DAG(s) 'example_local_kubernetes_executor' retrieved from /home/airflow/.local/lib/python3.8/site-packages/airflow/example_dags/example_local_kubernetes_executor.py
[2024-04-08T08:51:11.727+0000] {logging_mixin.py:188} INFO - [2024-04-08T08:51:11.726+0000] {dag.py:3047} INFO - Sync 1 DAGs
[2024-04-08T08:51:11.743+0000] {logging_mixin.py:188} INFO - [2024-04-08T08:51:11.743+0000] {dag.py:3834} INFO - Setting next_dagrun for example_local_kubernetes_executor to None, run_after=None
[2024-04-08T08:51:11.767+0000] {processor.py:183} INFO - Processing /home/airflow/.local/lib/python3.8/site-packages/airflow/example_dags/example_local_kubernetes_executor.py took 0.096 seconds
[2024-04-08T08:51:42.120+0000] {processor.py:161} INFO - Started process (PID=12558) to work on /home/airflow/.local/lib/python3.8/site-packages/airflow/example_dags/example_local_kubernetes_executor.py
[2024-04-08T08:51:42.121+0000] {processor.py:830} INFO - Processing file /home/airflow/.local/lib/python3.8/site-packages/airflow/example_dags/example_local_kubernetes_executor.py for tasks to queue
[2024-04-08T08:51:42.124+0000] {logging_mixin.py:188} INFO - [2024-04-08T08:51:42.123+0000] {dagbag.py:540} INFO - Filling up the DagBag from /home/airflow/.local/lib/python3.8/site-packages/airflow/example_dags/example_local_kubernetes_executor.py
[2024-04-08T08:51:42.132+0000] {processor.py:840} INFO - DAG(s) 'example_local_kubernetes_executor' retrieved from /home/airflow/.local/lib/python3.8/site-packages/airflow/example_dags/example_local_kubernetes_executor.py
[2024-04-08T08:51:42.174+0000] {logging_mixin.py:188} INFO - [2024-04-08T08:51:42.174+0000] {dag.py:3047} INFO - Sync 1 DAGs
[2024-04-08T08:51:42.189+0000] {logging_mixin.py:188} INFO - [2024-04-08T08:51:42.189+0000] {dag.py:3834} INFO - Setting next_dagrun for example_local_kubernetes_executor to None, run_after=None
[2024-04-08T08:51:42.214+0000] {processor.py:183} INFO - Processing /home/airflow/.local/lib/python3.8/site-packages/airflow/example_dags/example_local_kubernetes_executor.py took 0.097 seconds
[2024-04-08T08:52:12.645+0000] {processor.py:161} INFO - Started process (PID=12814) to work on /home/airflow/.local/lib/python3.8/site-packages/airflow/example_dags/example_local_kubernetes_executor.py
[2024-04-08T08:52:12.646+0000] {processor.py:830} INFO - Processing file /home/airflow/.local/lib/python3.8/site-packages/airflow/example_dags/example_local_kubernetes_executor.py for tasks to queue
[2024-04-08T08:52:12.647+0000] {logging_mixin.py:188} INFO - [2024-04-08T08:52:12.647+0000] {dagbag.py:540} INFO - Filling up the DagBag from /home/airflow/.local/lib/python3.8/site-packages/airflow/example_dags/example_local_kubernetes_executor.py
[2024-04-08T08:52:12.655+0000] {processor.py:840} INFO - DAG(s) 'example_local_kubernetes_executor' retrieved from /home/airflow/.local/lib/python3.8/site-packages/airflow/example_dags/example_local_kubernetes_executor.py
[2024-04-08T08:52:12.695+0000] {logging_mixin.py:188} INFO - [2024-04-08T08:52:12.694+0000] {dag.py:3047} INFO - Sync 1 DAGs
[2024-04-08T08:52:12.709+0000] {logging_mixin.py:188} INFO - [2024-04-08T08:52:12.709+0000] {dag.py:3834} INFO - Setting next_dagrun for example_local_kubernetes_executor to None, run_after=None
[2024-04-08T08:52:12.736+0000] {processor.py:183} INFO - Processing /home/airflow/.local/lib/python3.8/site-packages/airflow/example_dags/example_local_kubernetes_executor.py took 0.094 seconds
[2024-04-08T08:52:43.172+0000] {processor.py:161} INFO - Started process (PID=13071) to work on /home/airflow/.local/lib/python3.8/site-packages/airflow/example_dags/example_local_kubernetes_executor.py
[2024-04-08T08:52:43.173+0000] {processor.py:830} INFO - Processing file /home/airflow/.local/lib/python3.8/site-packages/airflow/example_dags/example_local_kubernetes_executor.py for tasks to queue
[2024-04-08T08:52:43.174+0000] {logging_mixin.py:188} INFO - [2024-04-08T08:52:43.173+0000] {dagbag.py:540} INFO - Filling up the DagBag from /home/airflow/.local/lib/python3.8/site-packages/airflow/example_dags/example_local_kubernetes_executor.py
[2024-04-08T08:52:43.185+0000] {processor.py:840} INFO - DAG(s) 'example_local_kubernetes_executor' retrieved from /home/airflow/.local/lib/python3.8/site-packages/airflow/example_dags/example_local_kubernetes_executor.py
[2024-04-08T08:52:43.228+0000] {logging_mixin.py:188} INFO - [2024-04-08T08:52:43.228+0000] {dag.py:3047} INFO - Sync 1 DAGs
[2024-04-08T08:52:43.263+0000] {logging_mixin.py:188} INFO - [2024-04-08T08:52:43.263+0000] {dag.py:3834} INFO - Setting next_dagrun for example_local_kubernetes_executor to None, run_after=None
[2024-04-08T08:52:43.287+0000] {processor.py:183} INFO - Processing /home/airflow/.local/lib/python3.8/site-packages/airflow/example_dags/example_local_kubernetes_executor.py took 0.121 seconds
[2024-04-08T08:53:13.665+0000] {processor.py:161} INFO - Started process (PID=13330) to work on /home/airflow/.local/lib/python3.8/site-packages/airflow/example_dags/example_local_kubernetes_executor.py
[2024-04-08T08:53:13.666+0000] {processor.py:830} INFO - Processing file /home/airflow/.local/lib/python3.8/site-packages/airflow/example_dags/example_local_kubernetes_executor.py for tasks to queue
[2024-04-08T08:53:13.667+0000] {logging_mixin.py:188} INFO - [2024-04-08T08:53:13.667+0000] {dagbag.py:540} INFO - Filling up the DagBag from /home/airflow/.local/lib/python3.8/site-packages/airflow/example_dags/example_local_kubernetes_executor.py
[2024-04-08T08:53:13.675+0000] {processor.py:840} INFO - DAG(s) 'example_local_kubernetes_executor' retrieved from /home/airflow/.local/lib/python3.8/site-packages/airflow/example_dags/example_local_kubernetes_executor.py
[2024-04-08T08:53:13.718+0000] {logging_mixin.py:188} INFO - [2024-04-08T08:53:13.718+0000] {dag.py:3047} INFO - Sync 1 DAGs
[2024-04-08T08:53:13.733+0000] {logging_mixin.py:188} INFO - [2024-04-08T08:53:13.733+0000] {dag.py:3834} INFO - Setting next_dagrun for example_local_kubernetes_executor to None, run_after=None
[2024-04-08T08:53:13.774+0000] {processor.py:183} INFO - Processing /home/airflow/.local/lib/python3.8/site-packages/airflow/example_dags/example_local_kubernetes_executor.py took 0.113 seconds
[2024-04-08T08:53:44.007+0000] {processor.py:161} INFO - Started process (PID=13587) to work on /home/airflow/.local/lib/python3.8/site-packages/airflow/example_dags/example_local_kubernetes_executor.py
[2024-04-08T08:53:44.008+0000] {processor.py:830} INFO - Processing file /home/airflow/.local/lib/python3.8/site-packages/airflow/example_dags/example_local_kubernetes_executor.py for tasks to queue
[2024-04-08T08:53:44.009+0000] {logging_mixin.py:188} INFO - [2024-04-08T08:53:44.009+0000] {dagbag.py:540} INFO - Filling up the DagBag from /home/airflow/.local/lib/python3.8/site-packages/airflow/example_dags/example_local_kubernetes_executor.py
[2024-04-08T08:53:44.016+0000] {processor.py:840} INFO - DAG(s) 'example_local_kubernetes_executor' retrieved from /home/airflow/.local/lib/python3.8/site-packages/airflow/example_dags/example_local_kubernetes_executor.py
[2024-04-08T08:53:44.057+0000] {logging_mixin.py:188} INFO - [2024-04-08T08:53:44.057+0000] {dag.py:3047} INFO - Sync 1 DAGs
[2024-04-08T08:53:44.072+0000] {logging_mixin.py:188} INFO - [2024-04-08T08:53:44.071+0000] {dag.py:3834} INFO - Setting next_dagrun for example_local_kubernetes_executor to None, run_after=None
[2024-04-08T08:53:44.095+0000] {processor.py:183} INFO - Processing /home/airflow/.local/lib/python3.8/site-packages/airflow/example_dags/example_local_kubernetes_executor.py took 0.091 seconds
[2024-04-08T08:54:14.551+0000] {processor.py:161} INFO - Started process (PID=13843) to work on /home/airflow/.local/lib/python3.8/site-packages/airflow/example_dags/example_local_kubernetes_executor.py
[2024-04-08T08:54:14.552+0000] {processor.py:830} INFO - Processing file /home/airflow/.local/lib/python3.8/site-packages/airflow/example_dags/example_local_kubernetes_executor.py for tasks to queue
[2024-04-08T08:54:14.553+0000] {logging_mixin.py:188} INFO - [2024-04-08T08:54:14.552+0000] {dagbag.py:540} INFO - Filling up the DagBag from /home/airflow/.local/lib/python3.8/site-packages/airflow/example_dags/example_local_kubernetes_executor.py
[2024-04-08T08:54:14.560+0000] {processor.py:840} INFO - DAG(s) 'example_local_kubernetes_executor' retrieved from /home/airflow/.local/lib/python3.8/site-packages/airflow/example_dags/example_local_kubernetes_executor.py
[2024-04-08T08:54:14.601+0000] {logging_mixin.py:188} INFO - [2024-04-08T08:54:14.600+0000] {dag.py:3047} INFO - Sync 1 DAGs
[2024-04-08T08:54:14.617+0000] {logging_mixin.py:188} INFO - [2024-04-08T08:54:14.617+0000] {dag.py:3834} INFO - Setting next_dagrun for example_local_kubernetes_executor to None, run_after=None
[2024-04-08T08:54:14.640+0000] {processor.py:183} INFO - Processing /home/airflow/.local/lib/python3.8/site-packages/airflow/example_dags/example_local_kubernetes_executor.py took 0.093 seconds
[2024-04-08T08:54:44.970+0000] {processor.py:161} INFO - Started process (PID=14103) to work on /home/airflow/.local/lib/python3.8/site-packages/airflow/example_dags/example_local_kubernetes_executor.py
[2024-04-08T08:54:44.971+0000] {processor.py:830} INFO - Processing file /home/airflow/.local/lib/python3.8/site-packages/airflow/example_dags/example_local_kubernetes_executor.py for tasks to queue
[2024-04-08T08:54:44.972+0000] {logging_mixin.py:188} INFO - [2024-04-08T08:54:44.972+0000] {dagbag.py:540} INFO - Filling up the DagBag from /home/airflow/.local/lib/python3.8/site-packages/airflow/example_dags/example_local_kubernetes_executor.py
[2024-04-08T08:54:44.980+0000] {processor.py:840} INFO - DAG(s) 'example_local_kubernetes_executor' retrieved from /home/airflow/.local/lib/python3.8/site-packages/airflow/example_dags/example_local_kubernetes_executor.py
[2024-04-08T08:54:45.021+0000] {logging_mixin.py:188} INFO - [2024-04-08T08:54:45.021+0000] {dag.py:3047} INFO - Sync 1 DAGs
[2024-04-08T08:54:45.036+0000] {logging_mixin.py:188} INFO - [2024-04-08T08:54:45.036+0000] {dag.py:3834} INFO - Setting next_dagrun for example_local_kubernetes_executor to None, run_after=None
[2024-04-08T08:54:45.062+0000] {processor.py:183} INFO - Processing /home/airflow/.local/lib/python3.8/site-packages/airflow/example_dags/example_local_kubernetes_executor.py took 0.095 seconds
[2024-04-08T08:55:15.315+0000] {processor.py:161} INFO - Started process (PID=14361) to work on /home/airflow/.local/lib/python3.8/site-packages/airflow/example_dags/example_local_kubernetes_executor.py
[2024-04-08T08:55:15.316+0000] {processor.py:830} INFO - Processing file /home/airflow/.local/lib/python3.8/site-packages/airflow/example_dags/example_local_kubernetes_executor.py for tasks to queue
[2024-04-08T08:55:15.316+0000] {logging_mixin.py:188} INFO - [2024-04-08T08:55:15.316+0000] {dagbag.py:540} INFO - Filling up the DagBag from /home/airflow/.local/lib/python3.8/site-packages/airflow/example_dags/example_local_kubernetes_executor.py
[2024-04-08T08:55:15.322+0000] {processor.py:840} INFO - DAG(s) 'example_local_kubernetes_executor' retrieved from /home/airflow/.local/lib/python3.8/site-packages/airflow/example_dags/example_local_kubernetes_executor.py
[2024-04-08T08:55:15.351+0000] {logging_mixin.py:188} INFO - [2024-04-08T08:55:15.350+0000] {dag.py:3047} INFO - Sync 1 DAGs
[2024-04-08T08:55:15.360+0000] {logging_mixin.py:188} INFO - [2024-04-08T08:55:15.360+0000] {dag.py:3834} INFO - Setting next_dagrun for example_local_kubernetes_executor to None, run_after=None
[2024-04-08T08:55:15.379+0000] {processor.py:183} INFO - Processing /home/airflow/.local/lib/python3.8/site-packages/airflow/example_dags/example_local_kubernetes_executor.py took 0.067 seconds
[2024-04-08T08:55:45.716+0000] {processor.py:161} INFO - Started process (PID=14619) to work on /home/airflow/.local/lib/python3.8/site-packages/airflow/example_dags/example_local_kubernetes_executor.py
[2024-04-08T08:55:45.717+0000] {processor.py:830} INFO - Processing file /home/airflow/.local/lib/python3.8/site-packages/airflow/example_dags/example_local_kubernetes_executor.py for tasks to queue
[2024-04-08T08:55:45.718+0000] {logging_mixin.py:188} INFO - [2024-04-08T08:55:45.718+0000] {dagbag.py:540} INFO - Filling up the DagBag from /home/airflow/.local/lib/python3.8/site-packages/airflow/example_dags/example_local_kubernetes_executor.py
[2024-04-08T08:55:45.724+0000] {processor.py:840} INFO - DAG(s) 'example_local_kubernetes_executor' retrieved from /home/airflow/.local/lib/python3.8/site-packages/airflow/example_dags/example_local_kubernetes_executor.py
[2024-04-08T08:55:45.754+0000] {logging_mixin.py:188} INFO - [2024-04-08T08:55:45.754+0000] {dag.py:3047} INFO - Sync 1 DAGs
[2024-04-08T08:55:45.764+0000] {logging_mixin.py:188} INFO - [2024-04-08T08:55:45.764+0000] {dag.py:3834} INFO - Setting next_dagrun for example_local_kubernetes_executor to None, run_after=None
[2024-04-08T08:55:45.783+0000] {processor.py:183} INFO - Processing /home/airflow/.local/lib/python3.8/site-packages/airflow/example_dags/example_local_kubernetes_executor.py took 0.069 seconds
[2024-04-08T08:56:16.052+0000] {processor.py:161} INFO - Started process (PID=14877) to work on /home/airflow/.local/lib/python3.8/site-packages/airflow/example_dags/example_local_kubernetes_executor.py
[2024-04-08T08:56:16.053+0000] {processor.py:830} INFO - Processing file /home/airflow/.local/lib/python3.8/site-packages/airflow/example_dags/example_local_kubernetes_executor.py for tasks to queue
[2024-04-08T08:56:16.054+0000] {logging_mixin.py:188} INFO - [2024-04-08T08:56:16.054+0000] {dagbag.py:540} INFO - Filling up the DagBag from /home/airflow/.local/lib/python3.8/site-packages/airflow/example_dags/example_local_kubernetes_executor.py
[2024-04-08T08:56:16.062+0000] {processor.py:840} INFO - DAG(s) 'example_local_kubernetes_executor' retrieved from /home/airflow/.local/lib/python3.8/site-packages/airflow/example_dags/example_local_kubernetes_executor.py
[2024-04-08T08:56:16.103+0000] {logging_mixin.py:188} INFO - [2024-04-08T08:56:16.102+0000] {dag.py:3047} INFO - Sync 1 DAGs
[2024-04-08T08:56:16.119+0000] {logging_mixin.py:188} INFO - [2024-04-08T08:56:16.119+0000] {dag.py:3834} INFO - Setting next_dagrun for example_local_kubernetes_executor to None, run_after=None
[2024-04-08T08:56:16.148+0000] {processor.py:183} INFO - Processing /home/airflow/.local/lib/python3.8/site-packages/airflow/example_dags/example_local_kubernetes_executor.py took 0.100 seconds
[2024-04-08T08:56:46.447+0000] {processor.py:161} INFO - Started process (PID=15134) to work on /home/airflow/.local/lib/python3.8/site-packages/airflow/example_dags/example_local_kubernetes_executor.py
[2024-04-08T08:56:46.448+0000] {processor.py:830} INFO - Processing file /home/airflow/.local/lib/python3.8/site-packages/airflow/example_dags/example_local_kubernetes_executor.py for tasks to queue
[2024-04-08T08:56:46.449+0000] {logging_mixin.py:188} INFO - [2024-04-08T08:56:46.449+0000] {dagbag.py:540} INFO - Filling up the DagBag from /home/airflow/.local/lib/python3.8/site-packages/airflow/example_dags/example_local_kubernetes_executor.py
[2024-04-08T08:56:46.462+0000] {processor.py:840} INFO - DAG(s) 'example_local_kubernetes_executor' retrieved from /home/airflow/.local/lib/python3.8/site-packages/airflow/example_dags/example_local_kubernetes_executor.py
[2024-04-08T08:56:46.518+0000] {logging_mixin.py:188} INFO - [2024-04-08T08:56:46.517+0000] {dag.py:3047} INFO - Sync 1 DAGs
[2024-04-08T08:56:46.534+0000] {logging_mixin.py:188} INFO - [2024-04-08T08:56:46.533+0000] {dag.py:3834} INFO - Setting next_dagrun for example_local_kubernetes_executor to None, run_after=None
[2024-04-08T08:56:46.561+0000] {processor.py:183} INFO - Processing /home/airflow/.local/lib/python3.8/site-packages/airflow/example_dags/example_local_kubernetes_executor.py took 0.117 seconds
