[2024-04-08T08:27:17.382+0000] {processor.py:161} INFO - Started process (PID=177) to work on /home/airflow/.local/lib/python3.8/site-packages/airflow/example_dags/example_branch_python_dop_operator_3.py
[2024-04-08T08:27:17.383+0000] {processor.py:830} INFO - Processing file /home/airflow/.local/lib/python3.8/site-packages/airflow/example_dags/example_branch_python_dop_operator_3.py for tasks to queue
[2024-04-08T08:27:17.384+0000] {logging_mixin.py:188} INFO - [2024-04-08T08:27:17.384+0000] {dagbag.py:540} INFO - Filling up the DagBag from /home/airflow/.local/lib/python3.8/site-packages/airflow/example_dags/example_branch_python_dop_operator_3.py
[2024-04-08T08:27:17.405+0000] {processor.py:840} INFO - DAG(s) 'example_branch_dop_operator_v3' retrieved from /home/airflow/.local/lib/python3.8/site-packages/airflow/example_dags/example_branch_python_dop_operator_3.py
[2024-04-08T08:27:17.440+0000] {logging_mixin.py:188} INFO - [2024-04-08T08:27:17.440+0000] {dag.py:3047} INFO - Sync 1 DAGs
[2024-04-08T08:27:17.482+0000] {logging_mixin.py:188} INFO - [2024-04-08T08:27:17.482+0000] {dag.py:3834} INFO - Setting next_dagrun for example_branch_dop_operator_v3 to 2024-04-08 08:26:00+00:00, run_after=2024-04-08 08:27:00+00:00
[2024-04-08T08:27:17.511+0000] {processor.py:183} INFO - Processing /home/airflow/.local/lib/python3.8/site-packages/airflow/example_dags/example_branch_python_dop_operator_3.py took 0.133 seconds
[2024-04-08T08:27:48.321+0000] {processor.py:161} INFO - Started process (PID=432) to work on /home/airflow/.local/lib/python3.8/site-packages/airflow/example_dags/example_branch_python_dop_operator_3.py
[2024-04-08T08:27:48.322+0000] {processor.py:830} INFO - Processing file /home/airflow/.local/lib/python3.8/site-packages/airflow/example_dags/example_branch_python_dop_operator_3.py for tasks to queue
[2024-04-08T08:27:48.323+0000] {logging_mixin.py:188} INFO - [2024-04-08T08:27:48.323+0000] {dagbag.py:540} INFO - Filling up the DagBag from /home/airflow/.local/lib/python3.8/site-packages/airflow/example_dags/example_branch_python_dop_operator_3.py
[2024-04-08T08:27:48.334+0000] {processor.py:840} INFO - DAG(s) 'example_branch_dop_operator_v3' retrieved from /home/airflow/.local/lib/python3.8/site-packages/airflow/example_dags/example_branch_python_dop_operator_3.py
[2024-04-08T08:27:48.357+0000] {logging_mixin.py:188} INFO - [2024-04-08T08:27:48.357+0000] {dag.py:3047} INFO - Sync 1 DAGs
[2024-04-08T08:27:48.388+0000] {logging_mixin.py:188} INFO - [2024-04-08T08:27:48.388+0000] {dag.py:3834} INFO - Setting next_dagrun for example_branch_dop_operator_v3 to 2024-04-08 08:26:00+00:00, run_after=2024-04-08 08:27:00+00:00
[2024-04-08T08:27:48.414+0000] {processor.py:183} INFO - Processing /home/airflow/.local/lib/python3.8/site-packages/airflow/example_dags/example_branch_python_dop_operator_3.py took 0.097 seconds
[2024-04-08T08:28:19.162+0000] {processor.py:161} INFO - Started process (PID=692) to work on /home/airflow/.local/lib/python3.8/site-packages/airflow/example_dags/example_branch_python_dop_operator_3.py
[2024-04-08T08:28:19.163+0000] {processor.py:830} INFO - Processing file /home/airflow/.local/lib/python3.8/site-packages/airflow/example_dags/example_branch_python_dop_operator_3.py for tasks to queue
[2024-04-08T08:28:19.164+0000] {logging_mixin.py:188} INFO - [2024-04-08T08:28:19.163+0000] {dagbag.py:540} INFO - Filling up the DagBag from /home/airflow/.local/lib/python3.8/site-packages/airflow/example_dags/example_branch_python_dop_operator_3.py
[2024-04-08T08:28:19.171+0000] {processor.py:840} INFO - DAG(s) 'example_branch_dop_operator_v3' retrieved from /home/airflow/.local/lib/python3.8/site-packages/airflow/example_dags/example_branch_python_dop_operator_3.py
[2024-04-08T08:28:19.188+0000] {logging_mixin.py:188} INFO - [2024-04-08T08:28:19.188+0000] {dag.py:3047} INFO - Sync 1 DAGs
[2024-04-08T08:28:19.209+0000] {logging_mixin.py:188} INFO - [2024-04-08T08:28:19.209+0000] {dag.py:3834} INFO - Setting next_dagrun for example_branch_dop_operator_v3 to 2024-04-08 08:27:00+00:00, run_after=2024-04-08 08:28:00+00:00
[2024-04-08T08:28:19.228+0000] {processor.py:183} INFO - Processing /home/airflow/.local/lib/python3.8/site-packages/airflow/example_dags/example_branch_python_dop_operator_3.py took 0.069 seconds
[2024-04-08T08:28:49.727+0000] {processor.py:161} INFO - Started process (PID=948) to work on /home/airflow/.local/lib/python3.8/site-packages/airflow/example_dags/example_branch_python_dop_operator_3.py
[2024-04-08T08:28:49.729+0000] {processor.py:830} INFO - Processing file /home/airflow/.local/lib/python3.8/site-packages/airflow/example_dags/example_branch_python_dop_operator_3.py for tasks to queue
[2024-04-08T08:28:49.731+0000] {logging_mixin.py:188} INFO - [2024-04-08T08:28:49.731+0000] {dagbag.py:540} INFO - Filling up the DagBag from /home/airflow/.local/lib/python3.8/site-packages/airflow/example_dags/example_branch_python_dop_operator_3.py
[2024-04-08T08:28:49.742+0000] {processor.py:840} INFO - DAG(s) 'example_branch_dop_operator_v3' retrieved from /home/airflow/.local/lib/python3.8/site-packages/airflow/example_dags/example_branch_python_dop_operator_3.py
[2024-04-08T08:28:49.765+0000] {logging_mixin.py:188} INFO - [2024-04-08T08:28:49.765+0000] {dag.py:3047} INFO - Sync 1 DAGs
[2024-04-08T08:28:49.801+0000] {logging_mixin.py:188} INFO - [2024-04-08T08:28:49.801+0000] {dag.py:3834} INFO - Setting next_dagrun for example_branch_dop_operator_v3 to 2024-04-08 08:27:00+00:00, run_after=2024-04-08 08:28:00+00:00
[2024-04-08T08:28:49.827+0000] {processor.py:183} INFO - Processing /home/airflow/.local/lib/python3.8/site-packages/airflow/example_dags/example_branch_python_dop_operator_3.py took 0.104 seconds
[2024-04-08T08:29:20.436+0000] {processor.py:161} INFO - Started process (PID=1206) to work on /home/airflow/.local/lib/python3.8/site-packages/airflow/example_dags/example_branch_python_dop_operator_3.py
[2024-04-08T08:29:20.437+0000] {processor.py:830} INFO - Processing file /home/airflow/.local/lib/python3.8/site-packages/airflow/example_dags/example_branch_python_dop_operator_3.py for tasks to queue
[2024-04-08T08:29:20.438+0000] {logging_mixin.py:188} INFO - [2024-04-08T08:29:20.437+0000] {dagbag.py:540} INFO - Filling up the DagBag from /home/airflow/.local/lib/python3.8/site-packages/airflow/example_dags/example_branch_python_dop_operator_3.py
[2024-04-08T08:29:20.448+0000] {processor.py:840} INFO - DAG(s) 'example_branch_dop_operator_v3' retrieved from /home/airflow/.local/lib/python3.8/site-packages/airflow/example_dags/example_branch_python_dop_operator_3.py
[2024-04-08T08:29:20.469+0000] {logging_mixin.py:188} INFO - [2024-04-08T08:29:20.469+0000] {dag.py:3047} INFO - Sync 1 DAGs
[2024-04-08T08:29:20.503+0000] {logging_mixin.py:188} INFO - [2024-04-08T08:29:20.503+0000] {dag.py:3834} INFO - Setting next_dagrun for example_branch_dop_operator_v3 to 2024-04-08 08:28:00+00:00, run_after=2024-04-08 08:29:00+00:00
[2024-04-08T08:29:20.535+0000] {processor.py:183} INFO - Processing /home/airflow/.local/lib/python3.8/site-packages/airflow/example_dags/example_branch_python_dop_operator_3.py took 0.103 seconds
[2024-04-08T08:29:50.805+0000] {processor.py:161} INFO - Started process (PID=1463) to work on /home/airflow/.local/lib/python3.8/site-packages/airflow/example_dags/example_branch_python_dop_operator_3.py
[2024-04-08T08:29:50.806+0000] {processor.py:830} INFO - Processing file /home/airflow/.local/lib/python3.8/site-packages/airflow/example_dags/example_branch_python_dop_operator_3.py for tasks to queue
[2024-04-08T08:29:50.807+0000] {logging_mixin.py:188} INFO - [2024-04-08T08:29:50.807+0000] {dagbag.py:540} INFO - Filling up the DagBag from /home/airflow/.local/lib/python3.8/site-packages/airflow/example_dags/example_branch_python_dop_operator_3.py
[2024-04-08T08:29:50.819+0000] {processor.py:840} INFO - DAG(s) 'example_branch_dop_operator_v3' retrieved from /home/airflow/.local/lib/python3.8/site-packages/airflow/example_dags/example_branch_python_dop_operator_3.py
[2024-04-08T08:29:50.841+0000] {logging_mixin.py:188} INFO - [2024-04-08T08:29:50.841+0000] {dag.py:3047} INFO - Sync 1 DAGs
[2024-04-08T08:29:50.877+0000] {logging_mixin.py:188} INFO - [2024-04-08T08:29:50.876+0000] {dag.py:3834} INFO - Setting next_dagrun for example_branch_dop_operator_v3 to 2024-04-08 08:28:00+00:00, run_after=2024-04-08 08:29:00+00:00
[2024-04-08T08:29:50.900+0000] {processor.py:183} INFO - Processing /home/airflow/.local/lib/python3.8/site-packages/airflow/example_dags/example_branch_python_dop_operator_3.py took 0.098 seconds
[2024-04-08T08:30:21.395+0000] {processor.py:161} INFO - Started process (PID=1721) to work on /home/airflow/.local/lib/python3.8/site-packages/airflow/example_dags/example_branch_python_dop_operator_3.py
[2024-04-08T08:30:21.396+0000] {processor.py:830} INFO - Processing file /home/airflow/.local/lib/python3.8/site-packages/airflow/example_dags/example_branch_python_dop_operator_3.py for tasks to queue
[2024-04-08T08:30:21.397+0000] {logging_mixin.py:188} INFO - [2024-04-08T08:30:21.397+0000] {dagbag.py:540} INFO - Filling up the DagBag from /home/airflow/.local/lib/python3.8/site-packages/airflow/example_dags/example_branch_python_dop_operator_3.py
[2024-04-08T08:30:21.453+0000] {processor.py:840} INFO - DAG(s) 'example_branch_dop_operator_v3' retrieved from /home/airflow/.local/lib/python3.8/site-packages/airflow/example_dags/example_branch_python_dop_operator_3.py
[2024-04-08T08:30:21.533+0000] {logging_mixin.py:188} INFO - [2024-04-08T08:30:21.533+0000] {dag.py:3047} INFO - Sync 1 DAGs
[2024-04-08T08:30:21.584+0000] {logging_mixin.py:188} INFO - [2024-04-08T08:30:21.584+0000] {dag.py:3834} INFO - Setting next_dagrun for example_branch_dop_operator_v3 to 2024-04-08 08:29:00+00:00, run_after=2024-04-08 08:30:00+00:00
[2024-04-08T08:30:21.610+0000] {processor.py:183} INFO - Processing /home/airflow/.local/lib/python3.8/site-packages/airflow/example_dags/example_branch_python_dop_operator_3.py took 0.219 seconds
[2024-04-08T08:30:52.228+0000] {processor.py:161} INFO - Started process (PID=1978) to work on /home/airflow/.local/lib/python3.8/site-packages/airflow/example_dags/example_branch_python_dop_operator_3.py
[2024-04-08T08:30:52.229+0000] {processor.py:830} INFO - Processing file /home/airflow/.local/lib/python3.8/site-packages/airflow/example_dags/example_branch_python_dop_operator_3.py for tasks to queue
[2024-04-08T08:30:52.229+0000] {logging_mixin.py:188} INFO - [2024-04-08T08:30:52.229+0000] {dagbag.py:540} INFO - Filling up the DagBag from /home/airflow/.local/lib/python3.8/site-packages/airflow/example_dags/example_branch_python_dop_operator_3.py
[2024-04-08T08:30:52.239+0000] {processor.py:840} INFO - DAG(s) 'example_branch_dop_operator_v3' retrieved from /home/airflow/.local/lib/python3.8/site-packages/airflow/example_dags/example_branch_python_dop_operator_3.py
[2024-04-08T08:30:52.261+0000] {logging_mixin.py:188} INFO - [2024-04-08T08:30:52.261+0000] {dag.py:3047} INFO - Sync 1 DAGs
[2024-04-08T08:30:52.295+0000] {logging_mixin.py:188} INFO - [2024-04-08T08:30:52.295+0000] {dag.py:3834} INFO - Setting next_dagrun for example_branch_dop_operator_v3 to 2024-04-08 08:29:00+00:00, run_after=2024-04-08 08:30:00+00:00
[2024-04-08T08:30:52.323+0000] {processor.py:183} INFO - Processing /home/airflow/.local/lib/python3.8/site-packages/airflow/example_dags/example_branch_python_dop_operator_3.py took 0.099 seconds
[2024-04-08T08:31:22.861+0000] {processor.py:161} INFO - Started process (PID=2235) to work on /home/airflow/.local/lib/python3.8/site-packages/airflow/example_dags/example_branch_python_dop_operator_3.py
[2024-04-08T08:31:22.862+0000] {processor.py:830} INFO - Processing file /home/airflow/.local/lib/python3.8/site-packages/airflow/example_dags/example_branch_python_dop_operator_3.py for tasks to queue
[2024-04-08T08:31:22.863+0000] {logging_mixin.py:188} INFO - [2024-04-08T08:31:22.863+0000] {dagbag.py:540} INFO - Filling up the DagBag from /home/airflow/.local/lib/python3.8/site-packages/airflow/example_dags/example_branch_python_dop_operator_3.py
[2024-04-08T08:31:22.873+0000] {processor.py:840} INFO - DAG(s) 'example_branch_dop_operator_v3' retrieved from /home/airflow/.local/lib/python3.8/site-packages/airflow/example_dags/example_branch_python_dop_operator_3.py
[2024-04-08T08:31:22.895+0000] {logging_mixin.py:188} INFO - [2024-04-08T08:31:22.895+0000] {dag.py:3047} INFO - Sync 1 DAGs
[2024-04-08T08:31:22.930+0000] {logging_mixin.py:188} INFO - [2024-04-08T08:31:22.929+0000] {dag.py:3834} INFO - Setting next_dagrun for example_branch_dop_operator_v3 to 2024-04-08 08:30:00+00:00, run_after=2024-04-08 08:31:00+00:00
[2024-04-08T08:31:22.954+0000] {processor.py:183} INFO - Processing /home/airflow/.local/lib/python3.8/site-packages/airflow/example_dags/example_branch_python_dop_operator_3.py took 0.096 seconds
[2024-04-08T08:31:53.403+0000] {processor.py:161} INFO - Started process (PID=2492) to work on /home/airflow/.local/lib/python3.8/site-packages/airflow/example_dags/example_branch_python_dop_operator_3.py
[2024-04-08T08:31:53.404+0000] {processor.py:830} INFO - Processing file /home/airflow/.local/lib/python3.8/site-packages/airflow/example_dags/example_branch_python_dop_operator_3.py for tasks to queue
[2024-04-08T08:31:53.405+0000] {logging_mixin.py:188} INFO - [2024-04-08T08:31:53.405+0000] {dagbag.py:540} INFO - Filling up the DagBag from /home/airflow/.local/lib/python3.8/site-packages/airflow/example_dags/example_branch_python_dop_operator_3.py
[2024-04-08T08:31:53.415+0000] {processor.py:840} INFO - DAG(s) 'example_branch_dop_operator_v3' retrieved from /home/airflow/.local/lib/python3.8/site-packages/airflow/example_dags/example_branch_python_dop_operator_3.py
[2024-04-08T08:31:53.436+0000] {logging_mixin.py:188} INFO - [2024-04-08T08:31:53.435+0000] {dag.py:3047} INFO - Sync 1 DAGs
[2024-04-08T08:31:53.470+0000] {logging_mixin.py:188} INFO - [2024-04-08T08:31:53.470+0000] {dag.py:3834} INFO - Setting next_dagrun for example_branch_dop_operator_v3 to 2024-04-08 08:30:00+00:00, run_after=2024-04-08 08:31:00+00:00
[2024-04-08T08:31:53.495+0000] {processor.py:183} INFO - Processing /home/airflow/.local/lib/python3.8/site-packages/airflow/example_dags/example_branch_python_dop_operator_3.py took 0.096 seconds
[2024-04-08T08:32:23.999+0000] {processor.py:161} INFO - Started process (PID=2749) to work on /home/airflow/.local/lib/python3.8/site-packages/airflow/example_dags/example_branch_python_dop_operator_3.py
[2024-04-08T08:32:24.000+0000] {processor.py:830} INFO - Processing file /home/airflow/.local/lib/python3.8/site-packages/airflow/example_dags/example_branch_python_dop_operator_3.py for tasks to queue
[2024-04-08T08:32:24.001+0000] {logging_mixin.py:188} INFO - [2024-04-08T08:32:24.001+0000] {dagbag.py:540} INFO - Filling up the DagBag from /home/airflow/.local/lib/python3.8/site-packages/airflow/example_dags/example_branch_python_dop_operator_3.py
[2024-04-08T08:32:24.013+0000] {processor.py:840} INFO - DAG(s) 'example_branch_dop_operator_v3' retrieved from /home/airflow/.local/lib/python3.8/site-packages/airflow/example_dags/example_branch_python_dop_operator_3.py
[2024-04-08T08:32:24.036+0000] {logging_mixin.py:188} INFO - [2024-04-08T08:32:24.036+0000] {dag.py:3047} INFO - Sync 1 DAGs
[2024-04-08T08:32:24.073+0000] {logging_mixin.py:188} INFO - [2024-04-08T08:32:24.072+0000] {dag.py:3834} INFO - Setting next_dagrun for example_branch_dop_operator_v3 to 2024-04-08 08:31:00+00:00, run_after=2024-04-08 08:32:00+00:00
[2024-04-08T08:32:24.101+0000] {processor.py:183} INFO - Processing /home/airflow/.local/lib/python3.8/site-packages/airflow/example_dags/example_branch_python_dop_operator_3.py took 0.105 seconds
[2024-04-08T08:32:54.235+0000] {processor.py:161} INFO - Started process (PID=3006) to work on /home/airflow/.local/lib/python3.8/site-packages/airflow/example_dags/example_branch_python_dop_operator_3.py
[2024-04-08T08:32:54.236+0000] {processor.py:830} INFO - Processing file /home/airflow/.local/lib/python3.8/site-packages/airflow/example_dags/example_branch_python_dop_operator_3.py for tasks to queue
[2024-04-08T08:32:54.237+0000] {logging_mixin.py:188} INFO - [2024-04-08T08:32:54.237+0000] {dagbag.py:540} INFO - Filling up the DagBag from /home/airflow/.local/lib/python3.8/site-packages/airflow/example_dags/example_branch_python_dop_operator_3.py
[2024-04-08T08:32:54.248+0000] {processor.py:840} INFO - DAG(s) 'example_branch_dop_operator_v3' retrieved from /home/airflow/.local/lib/python3.8/site-packages/airflow/example_dags/example_branch_python_dop_operator_3.py
[2024-04-08T08:32:54.271+0000] {logging_mixin.py:188} INFO - [2024-04-08T08:32:54.270+0000] {dag.py:3047} INFO - Sync 1 DAGs
[2024-04-08T08:32:54.305+0000] {logging_mixin.py:188} INFO - [2024-04-08T08:32:54.305+0000] {dag.py:3834} INFO - Setting next_dagrun for example_branch_dop_operator_v3 to 2024-04-08 08:31:00+00:00, run_after=2024-04-08 08:32:00+00:00
[2024-04-08T08:32:54.331+0000] {processor.py:183} INFO - Processing /home/airflow/.local/lib/python3.8/site-packages/airflow/example_dags/example_branch_python_dop_operator_3.py took 0.099 seconds
[2024-04-08T08:33:24.684+0000] {processor.py:161} INFO - Started process (PID=3263) to work on /home/airflow/.local/lib/python3.8/site-packages/airflow/example_dags/example_branch_python_dop_operator_3.py
[2024-04-08T08:33:24.685+0000] {processor.py:830} INFO - Processing file /home/airflow/.local/lib/python3.8/site-packages/airflow/example_dags/example_branch_python_dop_operator_3.py for tasks to queue
[2024-04-08T08:33:24.686+0000] {logging_mixin.py:188} INFO - [2024-04-08T08:33:24.686+0000] {dagbag.py:540} INFO - Filling up the DagBag from /home/airflow/.local/lib/python3.8/site-packages/airflow/example_dags/example_branch_python_dop_operator_3.py
[2024-04-08T08:33:24.696+0000] {processor.py:840} INFO - DAG(s) 'example_branch_dop_operator_v3' retrieved from /home/airflow/.local/lib/python3.8/site-packages/airflow/example_dags/example_branch_python_dop_operator_3.py
[2024-04-08T08:33:24.718+0000] {logging_mixin.py:188} INFO - [2024-04-08T08:33:24.718+0000] {dag.py:3047} INFO - Sync 1 DAGs
[2024-04-08T08:33:24.751+0000] {logging_mixin.py:188} INFO - [2024-04-08T08:33:24.751+0000] {dag.py:3834} INFO - Setting next_dagrun for example_branch_dop_operator_v3 to 2024-04-08 08:32:00+00:00, run_after=2024-04-08 08:33:00+00:00
[2024-04-08T08:33:24.778+0000] {processor.py:183} INFO - Processing /home/airflow/.local/lib/python3.8/site-packages/airflow/example_dags/example_branch_python_dop_operator_3.py took 0.098 seconds
[2024-04-08T08:33:55.171+0000] {processor.py:161} INFO - Started process (PID=3520) to work on /home/airflow/.local/lib/python3.8/site-packages/airflow/example_dags/example_branch_python_dop_operator_3.py
[2024-04-08T08:33:55.173+0000] {processor.py:830} INFO - Processing file /home/airflow/.local/lib/python3.8/site-packages/airflow/example_dags/example_branch_python_dop_operator_3.py for tasks to queue
[2024-04-08T08:33:55.174+0000] {logging_mixin.py:188} INFO - [2024-04-08T08:33:55.174+0000] {dagbag.py:540} INFO - Filling up the DagBag from /home/airflow/.local/lib/python3.8/site-packages/airflow/example_dags/example_branch_python_dop_operator_3.py
[2024-04-08T08:33:55.186+0000] {processor.py:840} INFO - DAG(s) 'example_branch_dop_operator_v3' retrieved from /home/airflow/.local/lib/python3.8/site-packages/airflow/example_dags/example_branch_python_dop_operator_3.py
[2024-04-08T08:33:55.211+0000] {logging_mixin.py:188} INFO - [2024-04-08T08:33:55.211+0000] {dag.py:3047} INFO - Sync 1 DAGs
[2024-04-08T08:33:55.248+0000] {logging_mixin.py:188} INFO - [2024-04-08T08:33:55.248+0000] {dag.py:3834} INFO - Setting next_dagrun for example_branch_dop_operator_v3 to 2024-04-08 08:32:00+00:00, run_after=2024-04-08 08:33:00+00:00
[2024-04-08T08:33:55.282+0000] {processor.py:183} INFO - Processing /home/airflow/.local/lib/python3.8/site-packages/airflow/example_dags/example_branch_python_dop_operator_3.py took 0.115 seconds
[2024-04-08T08:34:25.513+0000] {processor.py:161} INFO - Started process (PID=3776) to work on /home/airflow/.local/lib/python3.8/site-packages/airflow/example_dags/example_branch_python_dop_operator_3.py
[2024-04-08T08:34:25.514+0000] {processor.py:830} INFO - Processing file /home/airflow/.local/lib/python3.8/site-packages/airflow/example_dags/example_branch_python_dop_operator_3.py for tasks to queue
[2024-04-08T08:34:25.515+0000] {logging_mixin.py:188} INFO - [2024-04-08T08:34:25.515+0000] {dagbag.py:540} INFO - Filling up the DagBag from /home/airflow/.local/lib/python3.8/site-packages/airflow/example_dags/example_branch_python_dop_operator_3.py
[2024-04-08T08:34:25.525+0000] {processor.py:840} INFO - DAG(s) 'example_branch_dop_operator_v3' retrieved from /home/airflow/.local/lib/python3.8/site-packages/airflow/example_dags/example_branch_python_dop_operator_3.py
[2024-04-08T08:34:25.558+0000] {logging_mixin.py:188} INFO - [2024-04-08T08:34:25.558+0000] {dag.py:3047} INFO - Sync 1 DAGs
[2024-04-08T08:34:25.593+0000] {logging_mixin.py:188} INFO - [2024-04-08T08:34:25.592+0000] {dag.py:3834} INFO - Setting next_dagrun for example_branch_dop_operator_v3 to 2024-04-08 08:33:00+00:00, run_after=2024-04-08 08:34:00+00:00
[2024-04-08T08:34:25.617+0000] {processor.py:183} INFO - Processing /home/airflow/.local/lib/python3.8/site-packages/airflow/example_dags/example_branch_python_dop_operator_3.py took 0.108 seconds
[2024-04-08T08:34:55.698+0000] {processor.py:161} INFO - Started process (PID=4033) to work on /home/airflow/.local/lib/python3.8/site-packages/airflow/example_dags/example_branch_python_dop_operator_3.py
[2024-04-08T08:34:55.699+0000] {processor.py:830} INFO - Processing file /home/airflow/.local/lib/python3.8/site-packages/airflow/example_dags/example_branch_python_dop_operator_3.py for tasks to queue
[2024-04-08T08:34:55.701+0000] {logging_mixin.py:188} INFO - [2024-04-08T08:34:55.701+0000] {dagbag.py:540} INFO - Filling up the DagBag from /home/airflow/.local/lib/python3.8/site-packages/airflow/example_dags/example_branch_python_dop_operator_3.py
[2024-04-08T08:34:55.712+0000] {processor.py:840} INFO - DAG(s) 'example_branch_dop_operator_v3' retrieved from /home/airflow/.local/lib/python3.8/site-packages/airflow/example_dags/example_branch_python_dop_operator_3.py
[2024-04-08T08:34:55.734+0000] {logging_mixin.py:188} INFO - [2024-04-08T08:34:55.734+0000] {dag.py:3047} INFO - Sync 1 DAGs
[2024-04-08T08:34:55.780+0000] {logging_mixin.py:188} INFO - [2024-04-08T08:34:55.780+0000] {dag.py:3834} INFO - Setting next_dagrun for example_branch_dop_operator_v3 to 2024-04-08 08:33:00+00:00, run_after=2024-04-08 08:34:00+00:00
[2024-04-08T08:34:55.806+0000] {processor.py:183} INFO - Processing /home/airflow/.local/lib/python3.8/site-packages/airflow/example_dags/example_branch_python_dop_operator_3.py took 0.110 seconds
[2024-04-08T08:35:26.243+0000] {processor.py:161} INFO - Started process (PID=4291) to work on /home/airflow/.local/lib/python3.8/site-packages/airflow/example_dags/example_branch_python_dop_operator_3.py
[2024-04-08T08:35:26.245+0000] {processor.py:830} INFO - Processing file /home/airflow/.local/lib/python3.8/site-packages/airflow/example_dags/example_branch_python_dop_operator_3.py for tasks to queue
[2024-04-08T08:35:26.246+0000] {logging_mixin.py:188} INFO - [2024-04-08T08:35:26.245+0000] {dagbag.py:540} INFO - Filling up the DagBag from /home/airflow/.local/lib/python3.8/site-packages/airflow/example_dags/example_branch_python_dop_operator_3.py
[2024-04-08T08:35:26.256+0000] {processor.py:840} INFO - DAG(s) 'example_branch_dop_operator_v3' retrieved from /home/airflow/.local/lib/python3.8/site-packages/airflow/example_dags/example_branch_python_dop_operator_3.py
[2024-04-08T08:35:26.280+0000] {logging_mixin.py:188} INFO - [2024-04-08T08:35:26.280+0000] {dag.py:3047} INFO - Sync 1 DAGs
[2024-04-08T08:35:26.313+0000] {logging_mixin.py:188} INFO - [2024-04-08T08:35:26.313+0000] {dag.py:3834} INFO - Setting next_dagrun for example_branch_dop_operator_v3 to 2024-04-08 08:34:00+00:00, run_after=2024-04-08 08:35:00+00:00
[2024-04-08T08:35:26.339+0000] {processor.py:183} INFO - Processing /home/airflow/.local/lib/python3.8/site-packages/airflow/example_dags/example_branch_python_dop_operator_3.py took 0.099 seconds
[2024-04-08T08:35:56.904+0000] {processor.py:161} INFO - Started process (PID=4548) to work on /home/airflow/.local/lib/python3.8/site-packages/airflow/example_dags/example_branch_python_dop_operator_3.py
[2024-04-08T08:35:56.905+0000] {processor.py:830} INFO - Processing file /home/airflow/.local/lib/python3.8/site-packages/airflow/example_dags/example_branch_python_dop_operator_3.py for tasks to queue
[2024-04-08T08:35:56.906+0000] {logging_mixin.py:188} INFO - [2024-04-08T08:35:56.906+0000] {dagbag.py:540} INFO - Filling up the DagBag from /home/airflow/.local/lib/python3.8/site-packages/airflow/example_dags/example_branch_python_dop_operator_3.py
[2024-04-08T08:35:56.920+0000] {processor.py:840} INFO - DAG(s) 'example_branch_dop_operator_v3' retrieved from /home/airflow/.local/lib/python3.8/site-packages/airflow/example_dags/example_branch_python_dop_operator_3.py
[2024-04-08T08:35:56.992+0000] {logging_mixin.py:188} INFO - [2024-04-08T08:35:56.992+0000] {dag.py:3047} INFO - Sync 1 DAGs
[2024-04-08T08:35:57.107+0000] {logging_mixin.py:188} INFO - [2024-04-08T08:35:57.106+0000] {dag.py:3834} INFO - Setting next_dagrun for example_branch_dop_operator_v3 to 2024-04-08 08:34:00+00:00, run_after=2024-04-08 08:35:00+00:00
[2024-04-08T08:35:57.149+0000] {processor.py:183} INFO - Processing /home/airflow/.local/lib/python3.8/site-packages/airflow/example_dags/example_branch_python_dop_operator_3.py took 0.249 seconds
[2024-04-08T08:36:27.411+0000] {processor.py:161} INFO - Started process (PID=4806) to work on /home/airflow/.local/lib/python3.8/site-packages/airflow/example_dags/example_branch_python_dop_operator_3.py
[2024-04-08T08:36:27.413+0000] {processor.py:830} INFO - Processing file /home/airflow/.local/lib/python3.8/site-packages/airflow/example_dags/example_branch_python_dop_operator_3.py for tasks to queue
[2024-04-08T08:36:27.414+0000] {logging_mixin.py:188} INFO - [2024-04-08T08:36:27.413+0000] {dagbag.py:540} INFO - Filling up the DagBag from /home/airflow/.local/lib/python3.8/site-packages/airflow/example_dags/example_branch_python_dop_operator_3.py
[2024-04-08T08:36:27.424+0000] {processor.py:840} INFO - DAG(s) 'example_branch_dop_operator_v3' retrieved from /home/airflow/.local/lib/python3.8/site-packages/airflow/example_dags/example_branch_python_dop_operator_3.py
[2024-04-08T08:36:27.446+0000] {logging_mixin.py:188} INFO - [2024-04-08T08:36:27.446+0000] {dag.py:3047} INFO - Sync 1 DAGs
[2024-04-08T08:36:27.480+0000] {logging_mixin.py:188} INFO - [2024-04-08T08:36:27.480+0000] {dag.py:3834} INFO - Setting next_dagrun for example_branch_dop_operator_v3 to 2024-04-08 08:35:00+00:00, run_after=2024-04-08 08:36:00+00:00
[2024-04-08T08:36:27.504+0000] {processor.py:183} INFO - Processing /home/airflow/.local/lib/python3.8/site-packages/airflow/example_dags/example_branch_python_dop_operator_3.py took 0.097 seconds
[2024-04-08T08:36:57.737+0000] {processor.py:161} INFO - Started process (PID=5063) to work on /home/airflow/.local/lib/python3.8/site-packages/airflow/example_dags/example_branch_python_dop_operator_3.py
[2024-04-08T08:36:57.739+0000] {processor.py:830} INFO - Processing file /home/airflow/.local/lib/python3.8/site-packages/airflow/example_dags/example_branch_python_dop_operator_3.py for tasks to queue
[2024-04-08T08:36:57.740+0000] {logging_mixin.py:188} INFO - [2024-04-08T08:36:57.740+0000] {dagbag.py:540} INFO - Filling up the DagBag from /home/airflow/.local/lib/python3.8/site-packages/airflow/example_dags/example_branch_python_dop_operator_3.py
[2024-04-08T08:36:57.750+0000] {processor.py:840} INFO - DAG(s) 'example_branch_dop_operator_v3' retrieved from /home/airflow/.local/lib/python3.8/site-packages/airflow/example_dags/example_branch_python_dop_operator_3.py
[2024-04-08T08:36:57.773+0000] {logging_mixin.py:188} INFO - [2024-04-08T08:36:57.773+0000] {dag.py:3047} INFO - Sync 1 DAGs
[2024-04-08T08:36:57.806+0000] {logging_mixin.py:188} INFO - [2024-04-08T08:36:57.806+0000] {dag.py:3834} INFO - Setting next_dagrun for example_branch_dop_operator_v3 to 2024-04-08 08:35:00+00:00, run_after=2024-04-08 08:36:00+00:00
[2024-04-08T08:36:57.831+0000] {processor.py:183} INFO - Processing /home/airflow/.local/lib/python3.8/site-packages/airflow/example_dags/example_branch_python_dop_operator_3.py took 0.097 seconds
[2024-04-08T08:37:28.135+0000] {processor.py:161} INFO - Started process (PID=5319) to work on /home/airflow/.local/lib/python3.8/site-packages/airflow/example_dags/example_branch_python_dop_operator_3.py
[2024-04-08T08:37:28.136+0000] {processor.py:830} INFO - Processing file /home/airflow/.local/lib/python3.8/site-packages/airflow/example_dags/example_branch_python_dop_operator_3.py for tasks to queue
[2024-04-08T08:37:28.137+0000] {logging_mixin.py:188} INFO - [2024-04-08T08:37:28.137+0000] {dagbag.py:540} INFO - Filling up the DagBag from /home/airflow/.local/lib/python3.8/site-packages/airflow/example_dags/example_branch_python_dop_operator_3.py
[2024-04-08T08:37:28.147+0000] {processor.py:840} INFO - DAG(s) 'example_branch_dop_operator_v3' retrieved from /home/airflow/.local/lib/python3.8/site-packages/airflow/example_dags/example_branch_python_dop_operator_3.py
[2024-04-08T08:37:28.169+0000] {logging_mixin.py:188} INFO - [2024-04-08T08:37:28.169+0000] {dag.py:3047} INFO - Sync 1 DAGs
[2024-04-08T08:37:28.203+0000] {logging_mixin.py:188} INFO - [2024-04-08T08:37:28.203+0000] {dag.py:3834} INFO - Setting next_dagrun for example_branch_dop_operator_v3 to 2024-04-08 08:36:00+00:00, run_after=2024-04-08 08:37:00+00:00
[2024-04-08T08:37:28.236+0000] {processor.py:183} INFO - Processing /home/airflow/.local/lib/python3.8/site-packages/airflow/example_dags/example_branch_python_dop_operator_3.py took 0.105 seconds
[2024-04-08T08:37:58.783+0000] {processor.py:161} INFO - Started process (PID=5576) to work on /home/airflow/.local/lib/python3.8/site-packages/airflow/example_dags/example_branch_python_dop_operator_3.py
[2024-04-08T08:37:58.784+0000] {processor.py:830} INFO - Processing file /home/airflow/.local/lib/python3.8/site-packages/airflow/example_dags/example_branch_python_dop_operator_3.py for tasks to queue
[2024-04-08T08:37:58.785+0000] {logging_mixin.py:188} INFO - [2024-04-08T08:37:58.785+0000] {dagbag.py:540} INFO - Filling up the DagBag from /home/airflow/.local/lib/python3.8/site-packages/airflow/example_dags/example_branch_python_dop_operator_3.py
[2024-04-08T08:37:58.810+0000] {processor.py:840} INFO - DAG(s) 'example_branch_dop_operator_v3' retrieved from /home/airflow/.local/lib/python3.8/site-packages/airflow/example_dags/example_branch_python_dop_operator_3.py
[2024-04-08T08:37:58.833+0000] {logging_mixin.py:188} INFO - [2024-04-08T08:37:58.833+0000] {dag.py:3047} INFO - Sync 1 DAGs
[2024-04-08T08:37:58.867+0000] {logging_mixin.py:188} INFO - [2024-04-08T08:37:58.867+0000] {dag.py:3834} INFO - Setting next_dagrun for example_branch_dop_operator_v3 to 2024-04-08 08:36:00+00:00, run_after=2024-04-08 08:37:00+00:00
[2024-04-08T08:37:58.892+0000] {processor.py:183} INFO - Processing /home/airflow/.local/lib/python3.8/site-packages/airflow/example_dags/example_branch_python_dop_operator_3.py took 0.112 seconds
[2024-04-08T08:38:29.359+0000] {processor.py:161} INFO - Started process (PID=5834) to work on /home/airflow/.local/lib/python3.8/site-packages/airflow/example_dags/example_branch_python_dop_operator_3.py
[2024-04-08T08:38:29.360+0000] {processor.py:830} INFO - Processing file /home/airflow/.local/lib/python3.8/site-packages/airflow/example_dags/example_branch_python_dop_operator_3.py for tasks to queue
[2024-04-08T08:38:29.361+0000] {logging_mixin.py:188} INFO - [2024-04-08T08:38:29.361+0000] {dagbag.py:540} INFO - Filling up the DagBag from /home/airflow/.local/lib/python3.8/site-packages/airflow/example_dags/example_branch_python_dop_operator_3.py
[2024-04-08T08:38:29.372+0000] {processor.py:840} INFO - DAG(s) 'example_branch_dop_operator_v3' retrieved from /home/airflow/.local/lib/python3.8/site-packages/airflow/example_dags/example_branch_python_dop_operator_3.py
[2024-04-08T08:38:29.393+0000] {logging_mixin.py:188} INFO - [2024-04-08T08:38:29.393+0000] {dag.py:3047} INFO - Sync 1 DAGs
[2024-04-08T08:38:29.427+0000] {logging_mixin.py:188} INFO - [2024-04-08T08:38:29.426+0000] {dag.py:3834} INFO - Setting next_dagrun for example_branch_dop_operator_v3 to 2024-04-08 08:37:00+00:00, run_after=2024-04-08 08:38:00+00:00
[2024-04-08T08:38:29.453+0000] {processor.py:183} INFO - Processing /home/airflow/.local/lib/python3.8/site-packages/airflow/example_dags/example_branch_python_dop_operator_3.py took 0.097 seconds
[2024-04-08T08:38:59.934+0000] {processor.py:161} INFO - Started process (PID=6091) to work on /home/airflow/.local/lib/python3.8/site-packages/airflow/example_dags/example_branch_python_dop_operator_3.py
[2024-04-08T08:38:59.935+0000] {processor.py:830} INFO - Processing file /home/airflow/.local/lib/python3.8/site-packages/airflow/example_dags/example_branch_python_dop_operator_3.py for tasks to queue
[2024-04-08T08:38:59.936+0000] {logging_mixin.py:188} INFO - [2024-04-08T08:38:59.936+0000] {dagbag.py:540} INFO - Filling up the DagBag from /home/airflow/.local/lib/python3.8/site-packages/airflow/example_dags/example_branch_python_dop_operator_3.py
[2024-04-08T08:38:59.946+0000] {processor.py:840} INFO - DAG(s) 'example_branch_dop_operator_v3' retrieved from /home/airflow/.local/lib/python3.8/site-packages/airflow/example_dags/example_branch_python_dop_operator_3.py
[2024-04-08T08:38:59.968+0000] {logging_mixin.py:188} INFO - [2024-04-08T08:38:59.968+0000] {dag.py:3047} INFO - Sync 1 DAGs
[2024-04-08T08:39:00.002+0000] {logging_mixin.py:188} INFO - [2024-04-08T08:39:00.002+0000] {dag.py:3834} INFO - Setting next_dagrun for example_branch_dop_operator_v3 to 2024-04-08 08:37:00+00:00, run_after=2024-04-08 08:38:00+00:00
[2024-04-08T08:39:00.026+0000] {processor.py:183} INFO - Processing /home/airflow/.local/lib/python3.8/site-packages/airflow/example_dags/example_branch_python_dop_operator_3.py took 0.095 seconds
[2024-04-08T08:39:30.581+0000] {processor.py:161} INFO - Started process (PID=6347) to work on /home/airflow/.local/lib/python3.8/site-packages/airflow/example_dags/example_branch_python_dop_operator_3.py
[2024-04-08T08:39:30.583+0000] {processor.py:830} INFO - Processing file /home/airflow/.local/lib/python3.8/site-packages/airflow/example_dags/example_branch_python_dop_operator_3.py for tasks to queue
[2024-04-08T08:39:30.584+0000] {logging_mixin.py:188} INFO - [2024-04-08T08:39:30.583+0000] {dagbag.py:540} INFO - Filling up the DagBag from /home/airflow/.local/lib/python3.8/site-packages/airflow/example_dags/example_branch_python_dop_operator_3.py
[2024-04-08T08:39:30.595+0000] {processor.py:840} INFO - DAG(s) 'example_branch_dop_operator_v3' retrieved from /home/airflow/.local/lib/python3.8/site-packages/airflow/example_dags/example_branch_python_dop_operator_3.py
[2024-04-08T08:39:30.616+0000] {logging_mixin.py:188} INFO - [2024-04-08T08:39:30.616+0000] {dag.py:3047} INFO - Sync 1 DAGs
[2024-04-08T08:39:30.650+0000] {logging_mixin.py:188} INFO - [2024-04-08T08:39:30.649+0000] {dag.py:3834} INFO - Setting next_dagrun for example_branch_dop_operator_v3 to 2024-04-08 08:38:00+00:00, run_after=2024-04-08 08:39:00+00:00
[2024-04-08T08:39:30.674+0000] {processor.py:183} INFO - Processing /home/airflow/.local/lib/python3.8/site-packages/airflow/example_dags/example_branch_python_dop_operator_3.py took 0.095 seconds
[2024-04-08T08:40:01.037+0000] {processor.py:161} INFO - Started process (PID=6604) to work on /home/airflow/.local/lib/python3.8/site-packages/airflow/example_dags/example_branch_python_dop_operator_3.py
[2024-04-08T08:40:01.039+0000] {processor.py:830} INFO - Processing file /home/airflow/.local/lib/python3.8/site-packages/airflow/example_dags/example_branch_python_dop_operator_3.py for tasks to queue
[2024-04-08T08:40:01.040+0000] {logging_mixin.py:188} INFO - [2024-04-08T08:40:01.039+0000] {dagbag.py:540} INFO - Filling up the DagBag from /home/airflow/.local/lib/python3.8/site-packages/airflow/example_dags/example_branch_python_dop_operator_3.py
[2024-04-08T08:40:01.051+0000] {processor.py:840} INFO - DAG(s) 'example_branch_dop_operator_v3' retrieved from /home/airflow/.local/lib/python3.8/site-packages/airflow/example_dags/example_branch_python_dop_operator_3.py
[2024-04-08T08:40:01.074+0000] {logging_mixin.py:188} INFO - [2024-04-08T08:40:01.074+0000] {dag.py:3047} INFO - Sync 1 DAGs
[2024-04-08T08:40:01.110+0000] {logging_mixin.py:188} INFO - [2024-04-08T08:40:01.110+0000] {dag.py:3834} INFO - Setting next_dagrun for example_branch_dop_operator_v3 to 2024-04-08 08:39:00+00:00, run_after=2024-04-08 08:40:00+00:00
[2024-04-08T08:40:01.134+0000] {processor.py:183} INFO - Processing /home/airflow/.local/lib/python3.8/site-packages/airflow/example_dags/example_branch_python_dop_operator_3.py took 0.107 seconds
[2024-04-08T08:40:31.435+0000] {processor.py:161} INFO - Started process (PID=6863) to work on /home/airflow/.local/lib/python3.8/site-packages/airflow/example_dags/example_branch_python_dop_operator_3.py
[2024-04-08T08:40:31.436+0000] {processor.py:830} INFO - Processing file /home/airflow/.local/lib/python3.8/site-packages/airflow/example_dags/example_branch_python_dop_operator_3.py for tasks to queue
[2024-04-08T08:40:31.437+0000] {logging_mixin.py:188} INFO - [2024-04-08T08:40:31.437+0000] {dagbag.py:540} INFO - Filling up the DagBag from /home/airflow/.local/lib/python3.8/site-packages/airflow/example_dags/example_branch_python_dop_operator_3.py
[2024-04-08T08:40:31.449+0000] {processor.py:840} INFO - DAG(s) 'example_branch_dop_operator_v3' retrieved from /home/airflow/.local/lib/python3.8/site-packages/airflow/example_dags/example_branch_python_dop_operator_3.py
[2024-04-08T08:40:31.473+0000] {logging_mixin.py:188} INFO - [2024-04-08T08:40:31.473+0000] {dag.py:3047} INFO - Sync 1 DAGs
[2024-04-08T08:40:31.507+0000] {logging_mixin.py:188} INFO - [2024-04-08T08:40:31.506+0000] {dag.py:3834} INFO - Setting next_dagrun for example_branch_dop_operator_v3 to 2024-04-08 08:39:00+00:00, run_after=2024-04-08 08:40:00+00:00
[2024-04-08T08:40:31.538+0000] {processor.py:183} INFO - Processing /home/airflow/.local/lib/python3.8/site-packages/airflow/example_dags/example_branch_python_dop_operator_3.py took 0.108 seconds
[2024-04-08T08:41:01.868+0000] {processor.py:161} INFO - Started process (PID=7120) to work on /home/airflow/.local/lib/python3.8/site-packages/airflow/example_dags/example_branch_python_dop_operator_3.py
[2024-04-08T08:41:01.869+0000] {processor.py:830} INFO - Processing file /home/airflow/.local/lib/python3.8/site-packages/airflow/example_dags/example_branch_python_dop_operator_3.py for tasks to queue
[2024-04-08T08:41:01.870+0000] {logging_mixin.py:188} INFO - [2024-04-08T08:41:01.870+0000] {dagbag.py:540} INFO - Filling up the DagBag from /home/airflow/.local/lib/python3.8/site-packages/airflow/example_dags/example_branch_python_dop_operator_3.py
[2024-04-08T08:41:01.877+0000] {processor.py:840} INFO - DAG(s) 'example_branch_dop_operator_v3' retrieved from /home/airflow/.local/lib/python3.8/site-packages/airflow/example_dags/example_branch_python_dop_operator_3.py
[2024-04-08T08:41:01.893+0000] {logging_mixin.py:188} INFO - [2024-04-08T08:41:01.893+0000] {dag.py:3047} INFO - Sync 1 DAGs
[2024-04-08T08:41:01.915+0000] {logging_mixin.py:188} INFO - [2024-04-08T08:41:01.915+0000] {dag.py:3834} INFO - Setting next_dagrun for example_branch_dop_operator_v3 to 2024-04-08 08:40:00+00:00, run_after=2024-04-08 08:41:00+00:00
[2024-04-08T08:41:01.937+0000] {processor.py:183} INFO - Processing /home/airflow/.local/lib/python3.8/site-packages/airflow/example_dags/example_branch_python_dop_operator_3.py took 0.072 seconds
[2024-04-08T08:41:32.419+0000] {processor.py:161} INFO - Started process (PID=7375) to work on /home/airflow/.local/lib/python3.8/site-packages/airflow/example_dags/example_branch_python_dop_operator_3.py
[2024-04-08T08:41:32.420+0000] {processor.py:830} INFO - Processing file /home/airflow/.local/lib/python3.8/site-packages/airflow/example_dags/example_branch_python_dop_operator_3.py for tasks to queue
[2024-04-08T08:41:32.421+0000] {logging_mixin.py:188} INFO - [2024-04-08T08:41:32.421+0000] {dagbag.py:540} INFO - Filling up the DagBag from /home/airflow/.local/lib/python3.8/site-packages/airflow/example_dags/example_branch_python_dop_operator_3.py
[2024-04-08T08:41:32.432+0000] {processor.py:840} INFO - DAG(s) 'example_branch_dop_operator_v3' retrieved from /home/airflow/.local/lib/python3.8/site-packages/airflow/example_dags/example_branch_python_dop_operator_3.py
[2024-04-08T08:41:32.454+0000] {logging_mixin.py:188} INFO - [2024-04-08T08:41:32.453+0000] {dag.py:3047} INFO - Sync 1 DAGs
[2024-04-08T08:41:32.487+0000] {logging_mixin.py:188} INFO - [2024-04-08T08:41:32.487+0000] {dag.py:3834} INFO - Setting next_dagrun for example_branch_dop_operator_v3 to 2024-04-08 08:40:00+00:00, run_after=2024-04-08 08:41:00+00:00
[2024-04-08T08:41:32.512+0000] {processor.py:183} INFO - Processing /home/airflow/.local/lib/python3.8/site-packages/airflow/example_dags/example_branch_python_dop_operator_3.py took 0.096 seconds
[2024-04-08T08:42:02.722+0000] {processor.py:161} INFO - Started process (PID=7632) to work on /home/airflow/.local/lib/python3.8/site-packages/airflow/example_dags/example_branch_python_dop_operator_3.py
[2024-04-08T08:42:02.724+0000] {processor.py:830} INFO - Processing file /home/airflow/.local/lib/python3.8/site-packages/airflow/example_dags/example_branch_python_dop_operator_3.py for tasks to queue
[2024-04-08T08:42:02.725+0000] {logging_mixin.py:188} INFO - [2024-04-08T08:42:02.724+0000] {dagbag.py:540} INFO - Filling up the DagBag from /home/airflow/.local/lib/python3.8/site-packages/airflow/example_dags/example_branch_python_dop_operator_3.py
[2024-04-08T08:42:02.735+0000] {processor.py:840} INFO - DAG(s) 'example_branch_dop_operator_v3' retrieved from /home/airflow/.local/lib/python3.8/site-packages/airflow/example_dags/example_branch_python_dop_operator_3.py
[2024-04-08T08:42:02.757+0000] {logging_mixin.py:188} INFO - [2024-04-08T08:42:02.757+0000] {dag.py:3047} INFO - Sync 1 DAGs
[2024-04-08T08:42:02.789+0000] {logging_mixin.py:188} INFO - [2024-04-08T08:42:02.789+0000] {dag.py:3834} INFO - Setting next_dagrun for example_branch_dop_operator_v3 to 2024-04-08 08:41:00+00:00, run_after=2024-04-08 08:42:00+00:00
[2024-04-08T08:42:02.815+0000] {processor.py:183} INFO - Processing /home/airflow/.local/lib/python3.8/site-packages/airflow/example_dags/example_branch_python_dop_operator_3.py took 0.096 seconds
[2024-04-08T08:42:33.102+0000] {processor.py:161} INFO - Started process (PID=7889) to work on /home/airflow/.local/lib/python3.8/site-packages/airflow/example_dags/example_branch_python_dop_operator_3.py
[2024-04-08T08:42:33.103+0000] {processor.py:830} INFO - Processing file /home/airflow/.local/lib/python3.8/site-packages/airflow/example_dags/example_branch_python_dop_operator_3.py for tasks to queue
[2024-04-08T08:42:33.104+0000] {logging_mixin.py:188} INFO - [2024-04-08T08:42:33.104+0000] {dagbag.py:540} INFO - Filling up the DagBag from /home/airflow/.local/lib/python3.8/site-packages/airflow/example_dags/example_branch_python_dop_operator_3.py
[2024-04-08T08:42:33.115+0000] {processor.py:840} INFO - DAG(s) 'example_branch_dop_operator_v3' retrieved from /home/airflow/.local/lib/python3.8/site-packages/airflow/example_dags/example_branch_python_dop_operator_3.py
[2024-04-08T08:42:33.138+0000] {logging_mixin.py:188} INFO - [2024-04-08T08:42:33.138+0000] {dag.py:3047} INFO - Sync 1 DAGs
[2024-04-08T08:42:33.172+0000] {logging_mixin.py:188} INFO - [2024-04-08T08:42:33.172+0000] {dag.py:3834} INFO - Setting next_dagrun for example_branch_dop_operator_v3 to 2024-04-08 08:41:00+00:00, run_after=2024-04-08 08:42:00+00:00
[2024-04-08T08:42:33.200+0000] {processor.py:183} INFO - Processing /home/airflow/.local/lib/python3.8/site-packages/airflow/example_dags/example_branch_python_dop_operator_3.py took 0.101 seconds
[2024-04-08T08:43:03.460+0000] {processor.py:161} INFO - Started process (PID=8146) to work on /home/airflow/.local/lib/python3.8/site-packages/airflow/example_dags/example_branch_python_dop_operator_3.py
[2024-04-08T08:43:03.461+0000] {processor.py:830} INFO - Processing file /home/airflow/.local/lib/python3.8/site-packages/airflow/example_dags/example_branch_python_dop_operator_3.py for tasks to queue
[2024-04-08T08:43:03.463+0000] {logging_mixin.py:188} INFO - [2024-04-08T08:43:03.462+0000] {dagbag.py:540} INFO - Filling up the DagBag from /home/airflow/.local/lib/python3.8/site-packages/airflow/example_dags/example_branch_python_dop_operator_3.py
[2024-04-08T08:43:03.473+0000] {processor.py:840} INFO - DAG(s) 'example_branch_dop_operator_v3' retrieved from /home/airflow/.local/lib/python3.8/site-packages/airflow/example_dags/example_branch_python_dop_operator_3.py
[2024-04-08T08:43:03.495+0000] {logging_mixin.py:188} INFO - [2024-04-08T08:43:03.495+0000] {dag.py:3047} INFO - Sync 1 DAGs
[2024-04-08T08:43:03.529+0000] {logging_mixin.py:188} INFO - [2024-04-08T08:43:03.529+0000] {dag.py:3834} INFO - Setting next_dagrun for example_branch_dop_operator_v3 to 2024-04-08 08:42:00+00:00, run_after=2024-04-08 08:43:00+00:00
[2024-04-08T08:43:03.553+0000] {processor.py:183} INFO - Processing /home/airflow/.local/lib/python3.8/site-packages/airflow/example_dags/example_branch_python_dop_operator_3.py took 0.097 seconds
[2024-04-08T08:43:33.979+0000] {processor.py:161} INFO - Started process (PID=8403) to work on /home/airflow/.local/lib/python3.8/site-packages/airflow/example_dags/example_branch_python_dop_operator_3.py
[2024-04-08T08:43:33.980+0000] {processor.py:830} INFO - Processing file /home/airflow/.local/lib/python3.8/site-packages/airflow/example_dags/example_branch_python_dop_operator_3.py for tasks to queue
[2024-04-08T08:43:33.981+0000] {logging_mixin.py:188} INFO - [2024-04-08T08:43:33.981+0000] {dagbag.py:540} INFO - Filling up the DagBag from /home/airflow/.local/lib/python3.8/site-packages/airflow/example_dags/example_branch_python_dop_operator_3.py
[2024-04-08T08:43:33.992+0000] {processor.py:840} INFO - DAG(s) 'example_branch_dop_operator_v3' retrieved from /home/airflow/.local/lib/python3.8/site-packages/airflow/example_dags/example_branch_python_dop_operator_3.py
[2024-04-08T08:43:34.014+0000] {logging_mixin.py:188} INFO - [2024-04-08T08:43:34.014+0000] {dag.py:3047} INFO - Sync 1 DAGs
[2024-04-08T08:43:34.047+0000] {logging_mixin.py:188} INFO - [2024-04-08T08:43:34.047+0000] {dag.py:3834} INFO - Setting next_dagrun for example_branch_dop_operator_v3 to 2024-04-08 08:42:00+00:00, run_after=2024-04-08 08:43:00+00:00
[2024-04-08T08:43:34.071+0000] {processor.py:183} INFO - Processing /home/airflow/.local/lib/python3.8/site-packages/airflow/example_dags/example_branch_python_dop_operator_3.py took 0.095 seconds
[2024-04-08T08:44:04.535+0000] {processor.py:161} INFO - Started process (PID=8660) to work on /home/airflow/.local/lib/python3.8/site-packages/airflow/example_dags/example_branch_python_dop_operator_3.py
[2024-04-08T08:44:04.537+0000] {processor.py:830} INFO - Processing file /home/airflow/.local/lib/python3.8/site-packages/airflow/example_dags/example_branch_python_dop_operator_3.py for tasks to queue
[2024-04-08T08:44:04.546+0000] {logging_mixin.py:188} INFO - [2024-04-08T08:44:04.546+0000] {dagbag.py:540} INFO - Filling up the DagBag from /home/airflow/.local/lib/python3.8/site-packages/airflow/example_dags/example_branch_python_dop_operator_3.py
[2024-04-08T08:44:04.556+0000] {processor.py:840} INFO - DAG(s) 'example_branch_dop_operator_v3' retrieved from /home/airflow/.local/lib/python3.8/site-packages/airflow/example_dags/example_branch_python_dop_operator_3.py
[2024-04-08T08:44:04.579+0000] {logging_mixin.py:188} INFO - [2024-04-08T08:44:04.579+0000] {dag.py:3047} INFO - Sync 1 DAGs
[2024-04-08T08:44:04.612+0000] {logging_mixin.py:188} INFO - [2024-04-08T08:44:04.612+0000] {dag.py:3834} INFO - Setting next_dagrun for example_branch_dop_operator_v3 to 2024-04-08 08:43:00+00:00, run_after=2024-04-08 08:44:00+00:00
[2024-04-08T08:44:04.637+0000] {processor.py:183} INFO - Processing /home/airflow/.local/lib/python3.8/site-packages/airflow/example_dags/example_branch_python_dop_operator_3.py took 0.108 seconds
[2024-04-08T08:44:35.162+0000] {processor.py:161} INFO - Started process (PID=8918) to work on /home/airflow/.local/lib/python3.8/site-packages/airflow/example_dags/example_branch_python_dop_operator_3.py
[2024-04-08T08:44:35.163+0000] {processor.py:830} INFO - Processing file /home/airflow/.local/lib/python3.8/site-packages/airflow/example_dags/example_branch_python_dop_operator_3.py for tasks to queue
[2024-04-08T08:44:35.164+0000] {logging_mixin.py:188} INFO - [2024-04-08T08:44:35.164+0000] {dagbag.py:540} INFO - Filling up the DagBag from /home/airflow/.local/lib/python3.8/site-packages/airflow/example_dags/example_branch_python_dop_operator_3.py
[2024-04-08T08:44:35.175+0000] {processor.py:840} INFO - DAG(s) 'example_branch_dop_operator_v3' retrieved from /home/airflow/.local/lib/python3.8/site-packages/airflow/example_dags/example_branch_python_dop_operator_3.py
[2024-04-08T08:44:35.198+0000] {logging_mixin.py:188} INFO - [2024-04-08T08:44:35.198+0000] {dag.py:3047} INFO - Sync 1 DAGs
[2024-04-08T08:44:35.240+0000] {logging_mixin.py:188} INFO - [2024-04-08T08:44:35.239+0000] {dag.py:3834} INFO - Setting next_dagrun for example_branch_dop_operator_v3 to 2024-04-08 08:43:00+00:00, run_after=2024-04-08 08:44:00+00:00
[2024-04-08T08:44:35.263+0000] {processor.py:183} INFO - Processing /home/airflow/.local/lib/python3.8/site-packages/airflow/example_dags/example_branch_python_dop_operator_3.py took 0.105 seconds
[2024-04-08T08:45:05.526+0000] {processor.py:161} INFO - Started process (PID=9177) to work on /home/airflow/.local/lib/python3.8/site-packages/airflow/example_dags/example_branch_python_dop_operator_3.py
[2024-04-08T08:45:05.527+0000] {processor.py:830} INFO - Processing file /home/airflow/.local/lib/python3.8/site-packages/airflow/example_dags/example_branch_python_dop_operator_3.py for tasks to queue
[2024-04-08T08:45:05.528+0000] {logging_mixin.py:188} INFO - [2024-04-08T08:45:05.528+0000] {dagbag.py:540} INFO - Filling up the DagBag from /home/airflow/.local/lib/python3.8/site-packages/airflow/example_dags/example_branch_python_dop_operator_3.py
[2024-04-08T08:45:05.539+0000] {processor.py:840} INFO - DAG(s) 'example_branch_dop_operator_v3' retrieved from /home/airflow/.local/lib/python3.8/site-packages/airflow/example_dags/example_branch_python_dop_operator_3.py
[2024-04-08T08:45:05.561+0000] {logging_mixin.py:188} INFO - [2024-04-08T08:45:05.560+0000] {dag.py:3047} INFO - Sync 1 DAGs
[2024-04-08T08:45:05.594+0000] {logging_mixin.py:188} INFO - [2024-04-08T08:45:05.594+0000] {dag.py:3834} INFO - Setting next_dagrun for example_branch_dop_operator_v3 to 2024-04-08 08:44:00+00:00, run_after=2024-04-08 08:45:00+00:00
[2024-04-08T08:45:05.632+0000] {processor.py:183} INFO - Processing /home/airflow/.local/lib/python3.8/site-packages/airflow/example_dags/example_branch_python_dop_operator_3.py took 0.110 seconds
[2024-04-08T08:45:35.908+0000] {processor.py:161} INFO - Started process (PID=9435) to work on /home/airflow/.local/lib/python3.8/site-packages/airflow/example_dags/example_branch_python_dop_operator_3.py
[2024-04-08T08:45:35.910+0000] {processor.py:830} INFO - Processing file /home/airflow/.local/lib/python3.8/site-packages/airflow/example_dags/example_branch_python_dop_operator_3.py for tasks to queue
[2024-04-08T08:45:35.911+0000] {logging_mixin.py:188} INFO - [2024-04-08T08:45:35.910+0000] {dagbag.py:540} INFO - Filling up the DagBag from /home/airflow/.local/lib/python3.8/site-packages/airflow/example_dags/example_branch_python_dop_operator_3.py
[2024-04-08T08:45:35.921+0000] {processor.py:840} INFO - DAG(s) 'example_branch_dop_operator_v3' retrieved from /home/airflow/.local/lib/python3.8/site-packages/airflow/example_dags/example_branch_python_dop_operator_3.py
[2024-04-08T08:45:35.944+0000] {logging_mixin.py:188} INFO - [2024-04-08T08:45:35.944+0000] {dag.py:3047} INFO - Sync 1 DAGs
[2024-04-08T08:45:35.994+0000] {logging_mixin.py:188} INFO - [2024-04-08T08:45:35.993+0000] {dag.py:3834} INFO - Setting next_dagrun for example_branch_dop_operator_v3 to 2024-04-08 08:44:00+00:00, run_after=2024-04-08 08:45:00+00:00
[2024-04-08T08:45:36.034+0000] {processor.py:183} INFO - Processing /home/airflow/.local/lib/python3.8/site-packages/airflow/example_dags/example_branch_python_dop_operator_3.py took 0.129 seconds
[2024-04-08T08:46:06.202+0000] {processor.py:161} INFO - Started process (PID=9692) to work on /home/airflow/.local/lib/python3.8/site-packages/airflow/example_dags/example_branch_python_dop_operator_3.py
[2024-04-08T08:46:06.204+0000] {processor.py:830} INFO - Processing file /home/airflow/.local/lib/python3.8/site-packages/airflow/example_dags/example_branch_python_dop_operator_3.py for tasks to queue
[2024-04-08T08:46:06.205+0000] {logging_mixin.py:188} INFO - [2024-04-08T08:46:06.204+0000] {dagbag.py:540} INFO - Filling up the DagBag from /home/airflow/.local/lib/python3.8/site-packages/airflow/example_dags/example_branch_python_dop_operator_3.py
[2024-04-08T08:46:06.215+0000] {processor.py:840} INFO - DAG(s) 'example_branch_dop_operator_v3' retrieved from /home/airflow/.local/lib/python3.8/site-packages/airflow/example_dags/example_branch_python_dop_operator_3.py
[2024-04-08T08:46:06.238+0000] {logging_mixin.py:188} INFO - [2024-04-08T08:46:06.237+0000] {dag.py:3047} INFO - Sync 1 DAGs
[2024-04-08T08:46:06.271+0000] {logging_mixin.py:188} INFO - [2024-04-08T08:46:06.271+0000] {dag.py:3834} INFO - Setting next_dagrun for example_branch_dop_operator_v3 to 2024-04-08 08:45:00+00:00, run_after=2024-04-08 08:46:00+00:00
[2024-04-08T08:46:06.295+0000] {processor.py:183} INFO - Processing /home/airflow/.local/lib/python3.8/site-packages/airflow/example_dags/example_branch_python_dop_operator_3.py took 0.097 seconds
[2024-04-08T08:46:36.587+0000] {processor.py:161} INFO - Started process (PID=9949) to work on /home/airflow/.local/lib/python3.8/site-packages/airflow/example_dags/example_branch_python_dop_operator_3.py
[2024-04-08T08:46:36.588+0000] {processor.py:830} INFO - Processing file /home/airflow/.local/lib/python3.8/site-packages/airflow/example_dags/example_branch_python_dop_operator_3.py for tasks to queue
[2024-04-08T08:46:36.590+0000] {logging_mixin.py:188} INFO - [2024-04-08T08:46:36.589+0000] {dagbag.py:540} INFO - Filling up the DagBag from /home/airflow/.local/lib/python3.8/site-packages/airflow/example_dags/example_branch_python_dop_operator_3.py
[2024-04-08T08:46:36.600+0000] {processor.py:840} INFO - DAG(s) 'example_branch_dop_operator_v3' retrieved from /home/airflow/.local/lib/python3.8/site-packages/airflow/example_dags/example_branch_python_dop_operator_3.py
[2024-04-08T08:46:36.622+0000] {logging_mixin.py:188} INFO - [2024-04-08T08:46:36.622+0000] {dag.py:3047} INFO - Sync 1 DAGs
[2024-04-08T08:46:36.661+0000] {logging_mixin.py:188} INFO - [2024-04-08T08:46:36.661+0000] {dag.py:3834} INFO - Setting next_dagrun for example_branch_dop_operator_v3 to 2024-04-08 08:45:00+00:00, run_after=2024-04-08 08:46:00+00:00
[2024-04-08T08:46:36.685+0000] {processor.py:183} INFO - Processing /home/airflow/.local/lib/python3.8/site-packages/airflow/example_dags/example_branch_python_dop_operator_3.py took 0.101 seconds
[2024-04-08T08:47:07.165+0000] {processor.py:161} INFO - Started process (PID=10206) to work on /home/airflow/.local/lib/python3.8/site-packages/airflow/example_dags/example_branch_python_dop_operator_3.py
[2024-04-08T08:47:07.166+0000] {processor.py:830} INFO - Processing file /home/airflow/.local/lib/python3.8/site-packages/airflow/example_dags/example_branch_python_dop_operator_3.py for tasks to queue
[2024-04-08T08:47:07.167+0000] {logging_mixin.py:188} INFO - [2024-04-08T08:47:07.166+0000] {dagbag.py:540} INFO - Filling up the DagBag from /home/airflow/.local/lib/python3.8/site-packages/airflow/example_dags/example_branch_python_dop_operator_3.py
[2024-04-08T08:47:07.176+0000] {processor.py:840} INFO - DAG(s) 'example_branch_dop_operator_v3' retrieved from /home/airflow/.local/lib/python3.8/site-packages/airflow/example_dags/example_branch_python_dop_operator_3.py
[2024-04-08T08:47:07.197+0000] {logging_mixin.py:188} INFO - [2024-04-08T08:47:07.197+0000] {dag.py:3047} INFO - Sync 1 DAGs
[2024-04-08T08:47:07.228+0000] {logging_mixin.py:188} INFO - [2024-04-08T08:47:07.228+0000] {dag.py:3834} INFO - Setting next_dagrun for example_branch_dop_operator_v3 to 2024-04-08 08:46:00+00:00, run_after=2024-04-08 08:47:00+00:00
[2024-04-08T08:47:07.255+0000] {processor.py:183} INFO - Processing /home/airflow/.local/lib/python3.8/site-packages/airflow/example_dags/example_branch_python_dop_operator_3.py took 0.094 seconds
[2024-04-08T08:47:37.338+0000] {processor.py:161} INFO - Started process (PID=10465) to work on /home/airflow/.local/lib/python3.8/site-packages/airflow/example_dags/example_branch_python_dop_operator_3.py
[2024-04-08T08:47:37.339+0000] {processor.py:830} INFO - Processing file /home/airflow/.local/lib/python3.8/site-packages/airflow/example_dags/example_branch_python_dop_operator_3.py for tasks to queue
[2024-04-08T08:47:37.340+0000] {logging_mixin.py:188} INFO - [2024-04-08T08:47:37.340+0000] {dagbag.py:540} INFO - Filling up the DagBag from /home/airflow/.local/lib/python3.8/site-packages/airflow/example_dags/example_branch_python_dop_operator_3.py
[2024-04-08T08:47:37.351+0000] {processor.py:840} INFO - DAG(s) 'example_branch_dop_operator_v3' retrieved from /home/airflow/.local/lib/python3.8/site-packages/airflow/example_dags/example_branch_python_dop_operator_3.py
[2024-04-08T08:47:37.377+0000] {logging_mixin.py:188} INFO - [2024-04-08T08:47:37.377+0000] {dag.py:3047} INFO - Sync 1 DAGs
[2024-04-08T08:47:37.408+0000] {logging_mixin.py:188} INFO - [2024-04-08T08:47:37.408+0000] {dag.py:3834} INFO - Setting next_dagrun for example_branch_dop_operator_v3 to 2024-04-08 08:46:00+00:00, run_after=2024-04-08 08:47:00+00:00
[2024-04-08T08:47:37.429+0000] {processor.py:183} INFO - Processing /home/airflow/.local/lib/python3.8/site-packages/airflow/example_dags/example_branch_python_dop_operator_3.py took 0.094 seconds
[2024-04-08T08:48:07.508+0000] {processor.py:161} INFO - Started process (PID=10725) to work on /home/airflow/.local/lib/python3.8/site-packages/airflow/example_dags/example_branch_python_dop_operator_3.py
[2024-04-08T08:48:07.510+0000] {processor.py:830} INFO - Processing file /home/airflow/.local/lib/python3.8/site-packages/airflow/example_dags/example_branch_python_dop_operator_3.py for tasks to queue
[2024-04-08T08:48:07.511+0000] {logging_mixin.py:188} INFO - [2024-04-08T08:48:07.510+0000] {dagbag.py:540} INFO - Filling up the DagBag from /home/airflow/.local/lib/python3.8/site-packages/airflow/example_dags/example_branch_python_dop_operator_3.py
[2024-04-08T08:48:07.524+0000] {processor.py:840} INFO - DAG(s) 'example_branch_dop_operator_v3' retrieved from /home/airflow/.local/lib/python3.8/site-packages/airflow/example_dags/example_branch_python_dop_operator_3.py
[2024-04-08T08:48:07.556+0000] {logging_mixin.py:188} INFO - [2024-04-08T08:48:07.555+0000] {dag.py:3047} INFO - Sync 1 DAGs
[2024-04-08T08:48:07.576+0000] {logging_mixin.py:188} INFO - [2024-04-08T08:48:07.576+0000] {dag.py:3834} INFO - Setting next_dagrun for example_branch_dop_operator_v3 to 2024-04-08 08:47:00+00:00, run_after=2024-04-08 08:48:00+00:00
[2024-04-08T08:48:07.595+0000] {processor.py:183} INFO - Processing /home/airflow/.local/lib/python3.8/site-packages/airflow/example_dags/example_branch_python_dop_operator_3.py took 0.090 seconds
[2024-04-08T08:48:38.012+0000] {processor.py:161} INFO - Started process (PID=10977) to work on /home/airflow/.local/lib/python3.8/site-packages/airflow/example_dags/example_branch_python_dop_operator_3.py
[2024-04-08T08:48:38.013+0000] {processor.py:830} INFO - Processing file /home/airflow/.local/lib/python3.8/site-packages/airflow/example_dags/example_branch_python_dop_operator_3.py for tasks to queue
[2024-04-08T08:48:38.014+0000] {logging_mixin.py:188} INFO - [2024-04-08T08:48:38.014+0000] {dagbag.py:540} INFO - Filling up the DagBag from /home/airflow/.local/lib/python3.8/site-packages/airflow/example_dags/example_branch_python_dop_operator_3.py
[2024-04-08T08:48:38.025+0000] {processor.py:840} INFO - DAG(s) 'example_branch_dop_operator_v3' retrieved from /home/airflow/.local/lib/python3.8/site-packages/airflow/example_dags/example_branch_python_dop_operator_3.py
[2024-04-08T08:48:38.046+0000] {logging_mixin.py:188} INFO - [2024-04-08T08:48:38.046+0000] {dag.py:3047} INFO - Sync 1 DAGs
[2024-04-08T08:48:38.080+0000] {logging_mixin.py:188} INFO - [2024-04-08T08:48:38.079+0000] {dag.py:3834} INFO - Setting next_dagrun for example_branch_dop_operator_v3 to 2024-04-08 08:47:00+00:00, run_after=2024-04-08 08:48:00+00:00
[2024-04-08T08:48:38.104+0000] {processor.py:183} INFO - Processing /home/airflow/.local/lib/python3.8/site-packages/airflow/example_dags/example_branch_python_dop_operator_3.py took 0.096 seconds
[2024-04-08T08:49:08.417+0000] {processor.py:161} INFO - Started process (PID=11234) to work on /home/airflow/.local/lib/python3.8/site-packages/airflow/example_dags/example_branch_python_dop_operator_3.py
[2024-04-08T08:49:08.418+0000] {processor.py:830} INFO - Processing file /home/airflow/.local/lib/python3.8/site-packages/airflow/example_dags/example_branch_python_dop_operator_3.py for tasks to queue
[2024-04-08T08:49:08.419+0000] {logging_mixin.py:188} INFO - [2024-04-08T08:49:08.419+0000] {dagbag.py:540} INFO - Filling up the DagBag from /home/airflow/.local/lib/python3.8/site-packages/airflow/example_dags/example_branch_python_dop_operator_3.py
[2024-04-08T08:49:08.429+0000] {processor.py:840} INFO - DAG(s) 'example_branch_dop_operator_v3' retrieved from /home/airflow/.local/lib/python3.8/site-packages/airflow/example_dags/example_branch_python_dop_operator_3.py
[2024-04-08T08:49:08.451+0000] {logging_mixin.py:188} INFO - [2024-04-08T08:49:08.450+0000] {dag.py:3047} INFO - Sync 1 DAGs
[2024-04-08T08:49:08.485+0000] {logging_mixin.py:188} INFO - [2024-04-08T08:49:08.485+0000] {dag.py:3834} INFO - Setting next_dagrun for example_branch_dop_operator_v3 to 2024-04-08 08:48:00+00:00, run_after=2024-04-08 08:49:00+00:00
[2024-04-08T08:49:08.507+0000] {processor.py:183} INFO - Processing /home/airflow/.local/lib/python3.8/site-packages/airflow/example_dags/example_branch_python_dop_operator_3.py took 0.094 seconds
[2024-04-08T08:49:38.833+0000] {processor.py:161} INFO - Started process (PID=11491) to work on /home/airflow/.local/lib/python3.8/site-packages/airflow/example_dags/example_branch_python_dop_operator_3.py
[2024-04-08T08:49:38.834+0000] {processor.py:830} INFO - Processing file /home/airflow/.local/lib/python3.8/site-packages/airflow/example_dags/example_branch_python_dop_operator_3.py for tasks to queue
[2024-04-08T08:49:38.835+0000] {logging_mixin.py:188} INFO - [2024-04-08T08:49:38.835+0000] {dagbag.py:540} INFO - Filling up the DagBag from /home/airflow/.local/lib/python3.8/site-packages/airflow/example_dags/example_branch_python_dop_operator_3.py
[2024-04-08T08:49:38.845+0000] {processor.py:840} INFO - DAG(s) 'example_branch_dop_operator_v3' retrieved from /home/airflow/.local/lib/python3.8/site-packages/airflow/example_dags/example_branch_python_dop_operator_3.py
[2024-04-08T08:49:38.881+0000] {logging_mixin.py:188} INFO - [2024-04-08T08:49:38.881+0000] {dag.py:3047} INFO - Sync 1 DAGs
[2024-04-08T08:49:38.926+0000] {logging_mixin.py:188} INFO - [2024-04-08T08:49:38.926+0000] {dag.py:3834} INFO - Setting next_dagrun for example_branch_dop_operator_v3 to 2024-04-08 08:48:00+00:00, run_after=2024-04-08 08:49:00+00:00
[2024-04-08T08:49:38.953+0000] {processor.py:183} INFO - Processing /home/airflow/.local/lib/python3.8/site-packages/airflow/example_dags/example_branch_python_dop_operator_3.py took 0.124 seconds
[2024-04-08T08:50:09.390+0000] {processor.py:161} INFO - Started process (PID=11749) to work on /home/airflow/.local/lib/python3.8/site-packages/airflow/example_dags/example_branch_python_dop_operator_3.py
[2024-04-08T08:50:09.392+0000] {processor.py:830} INFO - Processing file /home/airflow/.local/lib/python3.8/site-packages/airflow/example_dags/example_branch_python_dop_operator_3.py for tasks to queue
[2024-04-08T08:50:09.393+0000] {logging_mixin.py:188} INFO - [2024-04-08T08:50:09.392+0000] {dagbag.py:540} INFO - Filling up the DagBag from /home/airflow/.local/lib/python3.8/site-packages/airflow/example_dags/example_branch_python_dop_operator_3.py
[2024-04-08T08:50:09.402+0000] {processor.py:840} INFO - DAG(s) 'example_branch_dop_operator_v3' retrieved from /home/airflow/.local/lib/python3.8/site-packages/airflow/example_dags/example_branch_python_dop_operator_3.py
[2024-04-08T08:50:09.429+0000] {logging_mixin.py:188} INFO - [2024-04-08T08:50:09.429+0000] {dag.py:3047} INFO - Sync 1 DAGs
[2024-04-08T08:50:09.466+0000] {logging_mixin.py:188} INFO - [2024-04-08T08:50:09.466+0000] {dag.py:3834} INFO - Setting next_dagrun for example_branch_dop_operator_v3 to 2024-04-08 08:49:00+00:00, run_after=2024-04-08 08:50:00+00:00
[2024-04-08T08:50:09.490+0000] {processor.py:183} INFO - Processing /home/airflow/.local/lib/python3.8/site-packages/airflow/example_dags/example_branch_python_dop_operator_3.py took 0.106 seconds
[2024-04-08T08:50:39.885+0000] {processor.py:161} INFO - Started process (PID=12005) to work on /home/airflow/.local/lib/python3.8/site-packages/airflow/example_dags/example_branch_python_dop_operator_3.py
[2024-04-08T08:50:39.888+0000] {processor.py:830} INFO - Processing file /home/airflow/.local/lib/python3.8/site-packages/airflow/example_dags/example_branch_python_dop_operator_3.py for tasks to queue
[2024-04-08T08:50:39.889+0000] {logging_mixin.py:188} INFO - [2024-04-08T08:50:39.888+0000] {dagbag.py:540} INFO - Filling up the DagBag from /home/airflow/.local/lib/python3.8/site-packages/airflow/example_dags/example_branch_python_dop_operator_3.py
[2024-04-08T08:50:39.898+0000] {processor.py:840} INFO - DAG(s) 'example_branch_dop_operator_v3' retrieved from /home/airflow/.local/lib/python3.8/site-packages/airflow/example_dags/example_branch_python_dop_operator_3.py
[2024-04-08T08:50:39.922+0000] {logging_mixin.py:188} INFO - [2024-04-08T08:50:39.921+0000] {dag.py:3047} INFO - Sync 1 DAGs
[2024-04-08T08:50:39.955+0000] {logging_mixin.py:188} INFO - [2024-04-08T08:50:39.955+0000] {dag.py:3834} INFO - Setting next_dagrun for example_branch_dop_operator_v3 to 2024-04-08 08:49:00+00:00, run_after=2024-04-08 08:50:00+00:00
[2024-04-08T08:50:39.979+0000] {processor.py:183} INFO - Processing /home/airflow/.local/lib/python3.8/site-packages/airflow/example_dags/example_branch_python_dop_operator_3.py took 0.097 seconds
[2024-04-08T08:51:10.329+0000] {processor.py:161} INFO - Started process (PID=12263) to work on /home/airflow/.local/lib/python3.8/site-packages/airflow/example_dags/example_branch_python_dop_operator_3.py
[2024-04-08T08:51:10.329+0000] {processor.py:830} INFO - Processing file /home/airflow/.local/lib/python3.8/site-packages/airflow/example_dags/example_branch_python_dop_operator_3.py for tasks to queue
[2024-04-08T08:51:10.330+0000] {logging_mixin.py:188} INFO - [2024-04-08T08:51:10.330+0000] {dagbag.py:540} INFO - Filling up the DagBag from /home/airflow/.local/lib/python3.8/site-packages/airflow/example_dags/example_branch_python_dop_operator_3.py
[2024-04-08T08:51:10.340+0000] {processor.py:840} INFO - DAG(s) 'example_branch_dop_operator_v3' retrieved from /home/airflow/.local/lib/python3.8/site-packages/airflow/example_dags/example_branch_python_dop_operator_3.py
[2024-04-08T08:51:10.363+0000] {logging_mixin.py:188} INFO - [2024-04-08T08:51:10.362+0000] {dag.py:3047} INFO - Sync 1 DAGs
[2024-04-08T08:51:10.396+0000] {logging_mixin.py:188} INFO - [2024-04-08T08:51:10.396+0000] {dag.py:3834} INFO - Setting next_dagrun for example_branch_dop_operator_v3 to 2024-04-08 08:50:00+00:00, run_after=2024-04-08 08:51:00+00:00
[2024-04-08T08:51:10.429+0000] {processor.py:183} INFO - Processing /home/airflow/.local/lib/python3.8/site-packages/airflow/example_dags/example_branch_python_dop_operator_3.py took 0.104 seconds
[2024-04-08T08:51:40.816+0000] {processor.py:161} INFO - Started process (PID=12521) to work on /home/airflow/.local/lib/python3.8/site-packages/airflow/example_dags/example_branch_python_dop_operator_3.py
[2024-04-08T08:51:40.818+0000] {processor.py:830} INFO - Processing file /home/airflow/.local/lib/python3.8/site-packages/airflow/example_dags/example_branch_python_dop_operator_3.py for tasks to queue
[2024-04-08T08:51:40.820+0000] {logging_mixin.py:188} INFO - [2024-04-08T08:51:40.819+0000] {dagbag.py:540} INFO - Filling up the DagBag from /home/airflow/.local/lib/python3.8/site-packages/airflow/example_dags/example_branch_python_dop_operator_3.py
[2024-04-08T08:51:40.859+0000] {processor.py:840} INFO - DAG(s) 'example_branch_dop_operator_v3' retrieved from /home/airflow/.local/lib/python3.8/site-packages/airflow/example_dags/example_branch_python_dop_operator_3.py
[2024-04-08T08:51:40.884+0000] {logging_mixin.py:188} INFO - [2024-04-08T08:51:40.883+0000] {dag.py:3047} INFO - Sync 1 DAGs
[2024-04-08T08:51:40.919+0000] {logging_mixin.py:188} INFO - [2024-04-08T08:51:40.918+0000] {dag.py:3834} INFO - Setting next_dagrun for example_branch_dop_operator_v3 to 2024-04-08 08:50:00+00:00, run_after=2024-04-08 08:51:00+00:00
[2024-04-08T08:51:40.950+0000] {processor.py:183} INFO - Processing /home/airflow/.local/lib/python3.8/site-packages/airflow/example_dags/example_branch_python_dop_operator_3.py took 0.138 seconds
[2024-04-08T08:52:11.224+0000] {processor.py:161} INFO - Started process (PID=12778) to work on /home/airflow/.local/lib/python3.8/site-packages/airflow/example_dags/example_branch_python_dop_operator_3.py
[2024-04-08T08:52:11.228+0000] {processor.py:830} INFO - Processing file /home/airflow/.local/lib/python3.8/site-packages/airflow/example_dags/example_branch_python_dop_operator_3.py for tasks to queue
[2024-04-08T08:52:11.229+0000] {logging_mixin.py:188} INFO - [2024-04-08T08:52:11.229+0000] {dagbag.py:540} INFO - Filling up the DagBag from /home/airflow/.local/lib/python3.8/site-packages/airflow/example_dags/example_branch_python_dop_operator_3.py
[2024-04-08T08:52:11.244+0000] {processor.py:840} INFO - DAG(s) 'example_branch_dop_operator_v3' retrieved from /home/airflow/.local/lib/python3.8/site-packages/airflow/example_dags/example_branch_python_dop_operator_3.py
[2024-04-08T08:52:11.275+0000] {logging_mixin.py:188} INFO - [2024-04-08T08:52:11.275+0000] {dag.py:3047} INFO - Sync 1 DAGs
[2024-04-08T08:52:11.313+0000] {logging_mixin.py:188} INFO - [2024-04-08T08:52:11.313+0000] {dag.py:3834} INFO - Setting next_dagrun for example_branch_dop_operator_v3 to 2024-04-08 08:51:00+00:00, run_after=2024-04-08 08:52:00+00:00
[2024-04-08T08:52:11.353+0000] {processor.py:183} INFO - Processing /home/airflow/.local/lib/python3.8/site-packages/airflow/example_dags/example_branch_python_dop_operator_3.py took 0.133 seconds
[2024-04-08T08:52:41.744+0000] {processor.py:161} INFO - Started process (PID=13041) to work on /home/airflow/.local/lib/python3.8/site-packages/airflow/example_dags/example_branch_python_dop_operator_3.py
[2024-04-08T08:52:41.745+0000] {processor.py:830} INFO - Processing file /home/airflow/.local/lib/python3.8/site-packages/airflow/example_dags/example_branch_python_dop_operator_3.py for tasks to queue
[2024-04-08T08:52:41.746+0000] {logging_mixin.py:188} INFO - [2024-04-08T08:52:41.746+0000] {dagbag.py:540} INFO - Filling up the DagBag from /home/airflow/.local/lib/python3.8/site-packages/airflow/example_dags/example_branch_python_dop_operator_3.py
[2024-04-08T08:52:41.757+0000] {processor.py:840} INFO - DAG(s) 'example_branch_dop_operator_v3' retrieved from /home/airflow/.local/lib/python3.8/site-packages/airflow/example_dags/example_branch_python_dop_operator_3.py
[2024-04-08T08:52:41.778+0000] {logging_mixin.py:188} INFO - [2024-04-08T08:52:41.778+0000] {dag.py:3047} INFO - Sync 1 DAGs
[2024-04-08T08:52:41.812+0000] {logging_mixin.py:188} INFO - [2024-04-08T08:52:41.811+0000] {dag.py:3834} INFO - Setting next_dagrun for example_branch_dop_operator_v3 to 2024-04-08 08:51:00+00:00, run_after=2024-04-08 08:52:00+00:00
[2024-04-08T08:52:41.836+0000] {processor.py:183} INFO - Processing /home/airflow/.local/lib/python3.8/site-packages/airflow/example_dags/example_branch_python_dop_operator_3.py took 0.096 seconds
[2024-04-08T08:53:12.330+0000] {processor.py:161} INFO - Started process (PID=13298) to work on /home/airflow/.local/lib/python3.8/site-packages/airflow/example_dags/example_branch_python_dop_operator_3.py
[2024-04-08T08:53:12.331+0000] {processor.py:830} INFO - Processing file /home/airflow/.local/lib/python3.8/site-packages/airflow/example_dags/example_branch_python_dop_operator_3.py for tasks to queue
[2024-04-08T08:53:12.332+0000] {logging_mixin.py:188} INFO - [2024-04-08T08:53:12.332+0000] {dagbag.py:540} INFO - Filling up the DagBag from /home/airflow/.local/lib/python3.8/site-packages/airflow/example_dags/example_branch_python_dop_operator_3.py
[2024-04-08T08:53:12.345+0000] {processor.py:840} INFO - DAG(s) 'example_branch_dop_operator_v3' retrieved from /home/airflow/.local/lib/python3.8/site-packages/airflow/example_dags/example_branch_python_dop_operator_3.py
[2024-04-08T08:53:12.367+0000] {logging_mixin.py:188} INFO - [2024-04-08T08:53:12.367+0000] {dag.py:3047} INFO - Sync 1 DAGs
[2024-04-08T08:53:12.400+0000] {logging_mixin.py:188} INFO - [2024-04-08T08:53:12.399+0000] {dag.py:3834} INFO - Setting next_dagrun for example_branch_dop_operator_v3 to 2024-04-08 08:52:00+00:00, run_after=2024-04-08 08:53:00+00:00
[2024-04-08T08:53:12.422+0000] {processor.py:183} INFO - Processing /home/airflow/.local/lib/python3.8/site-packages/airflow/example_dags/example_branch_python_dop_operator_3.py took 0.099 seconds
[2024-04-08T08:53:42.613+0000] {processor.py:161} INFO - Started process (PID=13555) to work on /home/airflow/.local/lib/python3.8/site-packages/airflow/example_dags/example_branch_python_dop_operator_3.py
[2024-04-08T08:53:42.614+0000] {processor.py:830} INFO - Processing file /home/airflow/.local/lib/python3.8/site-packages/airflow/example_dags/example_branch_python_dop_operator_3.py for tasks to queue
[2024-04-08T08:53:42.616+0000] {logging_mixin.py:188} INFO - [2024-04-08T08:53:42.615+0000] {dagbag.py:540} INFO - Filling up the DagBag from /home/airflow/.local/lib/python3.8/site-packages/airflow/example_dags/example_branch_python_dop_operator_3.py
[2024-04-08T08:53:42.627+0000] {processor.py:840} INFO - DAG(s) 'example_branch_dop_operator_v3' retrieved from /home/airflow/.local/lib/python3.8/site-packages/airflow/example_dags/example_branch_python_dop_operator_3.py
[2024-04-08T08:53:42.649+0000] {logging_mixin.py:188} INFO - [2024-04-08T08:53:42.649+0000] {dag.py:3047} INFO - Sync 1 DAGs
[2024-04-08T08:53:42.681+0000] {logging_mixin.py:188} INFO - [2024-04-08T08:53:42.680+0000] {dag.py:3834} INFO - Setting next_dagrun for example_branch_dop_operator_v3 to 2024-04-08 08:52:00+00:00, run_after=2024-04-08 08:53:00+00:00
[2024-04-08T08:53:42.708+0000] {processor.py:183} INFO - Processing /home/airflow/.local/lib/python3.8/site-packages/airflow/example_dags/example_branch_python_dop_operator_3.py took 0.099 seconds
[2024-04-08T08:54:13.203+0000] {processor.py:161} INFO - Started process (PID=13813) to work on /home/airflow/.local/lib/python3.8/site-packages/airflow/example_dags/example_branch_python_dop_operator_3.py
[2024-04-08T08:54:13.204+0000] {processor.py:830} INFO - Processing file /home/airflow/.local/lib/python3.8/site-packages/airflow/example_dags/example_branch_python_dop_operator_3.py for tasks to queue
[2024-04-08T08:54:13.205+0000] {logging_mixin.py:188} INFO - [2024-04-08T08:54:13.205+0000] {dagbag.py:540} INFO - Filling up the DagBag from /home/airflow/.local/lib/python3.8/site-packages/airflow/example_dags/example_branch_python_dop_operator_3.py
[2024-04-08T08:54:13.216+0000] {processor.py:840} INFO - DAG(s) 'example_branch_dop_operator_v3' retrieved from /home/airflow/.local/lib/python3.8/site-packages/airflow/example_dags/example_branch_python_dop_operator_3.py
[2024-04-08T08:54:13.238+0000] {logging_mixin.py:188} INFO - [2024-04-08T08:54:13.237+0000] {dag.py:3047} INFO - Sync 1 DAGs
[2024-04-08T08:54:13.273+0000] {logging_mixin.py:188} INFO - [2024-04-08T08:54:13.272+0000] {dag.py:3834} INFO - Setting next_dagrun for example_branch_dop_operator_v3 to 2024-04-08 08:53:00+00:00, run_after=2024-04-08 08:54:00+00:00
[2024-04-08T08:54:13.298+0000] {processor.py:183} INFO - Processing /home/airflow/.local/lib/python3.8/site-packages/airflow/example_dags/example_branch_python_dop_operator_3.py took 0.099 seconds
[2024-04-08T08:54:43.616+0000] {processor.py:161} INFO - Started process (PID=14071) to work on /home/airflow/.local/lib/python3.8/site-packages/airflow/example_dags/example_branch_python_dop_operator_3.py
[2024-04-08T08:54:43.617+0000] {processor.py:830} INFO - Processing file /home/airflow/.local/lib/python3.8/site-packages/airflow/example_dags/example_branch_python_dop_operator_3.py for tasks to queue
[2024-04-08T08:54:43.618+0000] {logging_mixin.py:188} INFO - [2024-04-08T08:54:43.618+0000] {dagbag.py:540} INFO - Filling up the DagBag from /home/airflow/.local/lib/python3.8/site-packages/airflow/example_dags/example_branch_python_dop_operator_3.py
[2024-04-08T08:54:43.628+0000] {processor.py:840} INFO - DAG(s) 'example_branch_dop_operator_v3' retrieved from /home/airflow/.local/lib/python3.8/site-packages/airflow/example_dags/example_branch_python_dop_operator_3.py
[2024-04-08T08:54:43.651+0000] {logging_mixin.py:188} INFO - [2024-04-08T08:54:43.651+0000] {dag.py:3047} INFO - Sync 1 DAGs
[2024-04-08T08:54:43.688+0000] {logging_mixin.py:188} INFO - [2024-04-08T08:54:43.687+0000] {dag.py:3834} INFO - Setting next_dagrun for example_branch_dop_operator_v3 to 2024-04-08 08:53:00+00:00, run_after=2024-04-08 08:54:00+00:00
[2024-04-08T08:54:43.712+0000] {processor.py:183} INFO - Processing /home/airflow/.local/lib/python3.8/site-packages/airflow/example_dags/example_branch_python_dop_operator_3.py took 0.099 seconds
[2024-04-08T08:55:13.966+0000] {processor.py:161} INFO - Started process (PID=14329) to work on /home/airflow/.local/lib/python3.8/site-packages/airflow/example_dags/example_branch_python_dop_operator_3.py
[2024-04-08T08:55:13.967+0000] {processor.py:830} INFO - Processing file /home/airflow/.local/lib/python3.8/site-packages/airflow/example_dags/example_branch_python_dop_operator_3.py for tasks to queue
[2024-04-08T08:55:13.968+0000] {logging_mixin.py:188} INFO - [2024-04-08T08:55:13.968+0000] {dagbag.py:540} INFO - Filling up the DagBag from /home/airflow/.local/lib/python3.8/site-packages/airflow/example_dags/example_branch_python_dop_operator_3.py
[2024-04-08T08:55:13.979+0000] {processor.py:840} INFO - DAG(s) 'example_branch_dop_operator_v3' retrieved from /home/airflow/.local/lib/python3.8/site-packages/airflow/example_dags/example_branch_python_dop_operator_3.py
[2024-04-08T08:55:14.001+0000] {logging_mixin.py:188} INFO - [2024-04-08T08:55:14.001+0000] {dag.py:3047} INFO - Sync 1 DAGs
[2024-04-08T08:55:14.036+0000] {logging_mixin.py:188} INFO - [2024-04-08T08:55:14.036+0000] {dag.py:3834} INFO - Setting next_dagrun for example_branch_dop_operator_v3 to 2024-04-08 08:54:00+00:00, run_after=2024-04-08 08:55:00+00:00
[2024-04-08T08:55:14.060+0000] {processor.py:183} INFO - Processing /home/airflow/.local/lib/python3.8/site-packages/airflow/example_dags/example_branch_python_dop_operator_3.py took 0.097 seconds
[2024-04-08T08:55:44.360+0000] {processor.py:161} INFO - Started process (PID=14587) to work on /home/airflow/.local/lib/python3.8/site-packages/airflow/example_dags/example_branch_python_dop_operator_3.py
[2024-04-08T08:55:44.361+0000] {processor.py:830} INFO - Processing file /home/airflow/.local/lib/python3.8/site-packages/airflow/example_dags/example_branch_python_dop_operator_3.py for tasks to queue
[2024-04-08T08:55:44.363+0000] {logging_mixin.py:188} INFO - [2024-04-08T08:55:44.363+0000] {dagbag.py:540} INFO - Filling up the DagBag from /home/airflow/.local/lib/python3.8/site-packages/airflow/example_dags/example_branch_python_dop_operator_3.py
[2024-04-08T08:55:44.374+0000] {processor.py:840} INFO - DAG(s) 'example_branch_dop_operator_v3' retrieved from /home/airflow/.local/lib/python3.8/site-packages/airflow/example_dags/example_branch_python_dop_operator_3.py
[2024-04-08T08:55:44.395+0000] {logging_mixin.py:188} INFO - [2024-04-08T08:55:44.395+0000] {dag.py:3047} INFO - Sync 1 DAGs
[2024-04-08T08:55:44.429+0000] {logging_mixin.py:188} INFO - [2024-04-08T08:55:44.428+0000] {dag.py:3834} INFO - Setting next_dagrun for example_branch_dop_operator_v3 to 2024-04-08 08:54:00+00:00, run_after=2024-04-08 08:55:00+00:00
[2024-04-08T08:55:44.455+0000] {processor.py:183} INFO - Processing /home/airflow/.local/lib/python3.8/site-packages/airflow/example_dags/example_branch_python_dop_operator_3.py took 0.102 seconds
[2024-04-08T08:56:14.655+0000] {processor.py:161} INFO - Started process (PID=14845) to work on /home/airflow/.local/lib/python3.8/site-packages/airflow/example_dags/example_branch_python_dop_operator_3.py
[2024-04-08T08:56:14.656+0000] {processor.py:830} INFO - Processing file /home/airflow/.local/lib/python3.8/site-packages/airflow/example_dags/example_branch_python_dop_operator_3.py for tasks to queue
[2024-04-08T08:56:14.657+0000] {logging_mixin.py:188} INFO - [2024-04-08T08:56:14.657+0000] {dagbag.py:540} INFO - Filling up the DagBag from /home/airflow/.local/lib/python3.8/site-packages/airflow/example_dags/example_branch_python_dop_operator_3.py
[2024-04-08T08:56:14.668+0000] {processor.py:840} INFO - DAG(s) 'example_branch_dop_operator_v3' retrieved from /home/airflow/.local/lib/python3.8/site-packages/airflow/example_dags/example_branch_python_dop_operator_3.py
[2024-04-08T08:56:14.690+0000] {logging_mixin.py:188} INFO - [2024-04-08T08:56:14.690+0000] {dag.py:3047} INFO - Sync 1 DAGs
[2024-04-08T08:56:14.725+0000] {logging_mixin.py:188} INFO - [2024-04-08T08:56:14.724+0000] {dag.py:3834} INFO - Setting next_dagrun for example_branch_dop_operator_v3 to 2024-04-08 08:55:00+00:00, run_after=2024-04-08 08:56:00+00:00
[2024-04-08T08:56:14.749+0000] {processor.py:183} INFO - Processing /home/airflow/.local/lib/python3.8/site-packages/airflow/example_dags/example_branch_python_dop_operator_3.py took 0.098 seconds
[2024-04-08T08:56:45.083+0000] {processor.py:161} INFO - Started process (PID=15102) to work on /home/airflow/.local/lib/python3.8/site-packages/airflow/example_dags/example_branch_python_dop_operator_3.py
[2024-04-08T08:56:45.084+0000] {processor.py:830} INFO - Processing file /home/airflow/.local/lib/python3.8/site-packages/airflow/example_dags/example_branch_python_dop_operator_3.py for tasks to queue
[2024-04-08T08:56:45.084+0000] {logging_mixin.py:188} INFO - [2024-04-08T08:56:45.084+0000] {dagbag.py:540} INFO - Filling up the DagBag from /home/airflow/.local/lib/python3.8/site-packages/airflow/example_dags/example_branch_python_dop_operator_3.py
[2024-04-08T08:56:45.094+0000] {processor.py:840} INFO - DAG(s) 'example_branch_dop_operator_v3' retrieved from /home/airflow/.local/lib/python3.8/site-packages/airflow/example_dags/example_branch_python_dop_operator_3.py
[2024-04-08T08:56:45.117+0000] {logging_mixin.py:188} INFO - [2024-04-08T08:56:45.116+0000] {dag.py:3047} INFO - Sync 1 DAGs
[2024-04-08T08:56:45.150+0000] {logging_mixin.py:188} INFO - [2024-04-08T08:56:45.150+0000] {dag.py:3834} INFO - Setting next_dagrun for example_branch_dop_operator_v3 to 2024-04-08 08:55:00+00:00, run_after=2024-04-08 08:56:00+00:00
[2024-04-08T08:56:45.176+0000] {processor.py:183} INFO - Processing /home/airflow/.local/lib/python3.8/site-packages/airflow/example_dags/example_branch_python_dop_operator_3.py took 0.097 seconds
