[2024-04-08T08:27:21.922+0000] {processor.py:161} INFO - Started process (PID=330) to work on /home/airflow/.local/lib/python3.8/site-packages/airflow/example_dags/tutorial.py
[2024-04-08T08:27:21.923+0000] {processor.py:830} INFO - Processing file /home/airflow/.local/lib/python3.8/site-packages/airflow/example_dags/tutorial.py for tasks to queue
[2024-04-08T08:27:21.924+0000] {logging_mixin.py:188} INFO - [2024-04-08T08:27:21.924+0000] {dagbag.py:540} INFO - Filling up the DagBag from /home/airflow/.local/lib/python3.8/site-packages/airflow/example_dags/tutorial.py
[2024-04-08T08:27:21.933+0000] {processor.py:840} INFO - DAG(s) 'tutorial' retrieved from /home/airflow/.local/lib/python3.8/site-packages/airflow/example_dags/tutorial.py
[2024-04-08T08:27:21.970+0000] {logging_mixin.py:188} INFO - [2024-04-08T08:27:21.970+0000] {dag.py:3047} INFO - Sync 1 DAGs
[2024-04-08T08:27:22.000+0000] {logging_mixin.py:188} INFO - [2024-04-08T08:27:22.000+0000] {dag.py:3834} INFO - Setting next_dagrun for tutorial to 2024-04-07 00:00:00+00:00, run_after=2024-04-08 00:00:00+00:00
[2024-04-08T08:27:22.040+0000] {processor.py:183} INFO - Processing /home/airflow/.local/lib/python3.8/site-packages/airflow/example_dags/tutorial.py took 0.117 seconds
[2024-04-08T08:27:52.435+0000] {processor.py:161} INFO - Started process (PID=582) to work on /home/airflow/.local/lib/python3.8/site-packages/airflow/example_dags/tutorial.py
[2024-04-08T08:27:52.436+0000] {processor.py:830} INFO - Processing file /home/airflow/.local/lib/python3.8/site-packages/airflow/example_dags/tutorial.py for tasks to queue
[2024-04-08T08:27:52.438+0000] {logging_mixin.py:188} INFO - [2024-04-08T08:27:52.437+0000] {dagbag.py:540} INFO - Filling up the DagBag from /home/airflow/.local/lib/python3.8/site-packages/airflow/example_dags/tutorial.py
[2024-04-08T08:27:52.446+0000] {processor.py:840} INFO - DAG(s) 'tutorial' retrieved from /home/airflow/.local/lib/python3.8/site-packages/airflow/example_dags/tutorial.py
[2024-04-08T08:27:52.472+0000] {logging_mixin.py:188} INFO - [2024-04-08T08:27:52.471+0000] {dag.py:3047} INFO - Sync 1 DAGs
[2024-04-08T08:27:52.495+0000] {logging_mixin.py:188} INFO - [2024-04-08T08:27:52.495+0000] {dag.py:3834} INFO - Setting next_dagrun for tutorial to 2024-04-07 00:00:00+00:00, run_after=2024-04-08 00:00:00+00:00
[2024-04-08T08:27:52.519+0000] {processor.py:183} INFO - Processing /home/airflow/.local/lib/python3.8/site-packages/airflow/example_dags/tutorial.py took 0.088 seconds
[2024-04-08T08:28:23.505+0000] {processor.py:161} INFO - Started process (PID=845) to work on /home/airflow/.local/lib/python3.8/site-packages/airflow/example_dags/tutorial.py
[2024-04-08T08:28:23.506+0000] {processor.py:830} INFO - Processing file /home/airflow/.local/lib/python3.8/site-packages/airflow/example_dags/tutorial.py for tasks to queue
[2024-04-08T08:28:23.507+0000] {logging_mixin.py:188} INFO - [2024-04-08T08:28:23.507+0000] {dagbag.py:540} INFO - Filling up the DagBag from /home/airflow/.local/lib/python3.8/site-packages/airflow/example_dags/tutorial.py
[2024-04-08T08:28:23.516+0000] {processor.py:840} INFO - DAG(s) 'tutorial' retrieved from /home/airflow/.local/lib/python3.8/site-packages/airflow/example_dags/tutorial.py
[2024-04-08T08:28:23.544+0000] {logging_mixin.py:188} INFO - [2024-04-08T08:28:23.544+0000] {dag.py:3047} INFO - Sync 1 DAGs
[2024-04-08T08:28:23.570+0000] {logging_mixin.py:188} INFO - [2024-04-08T08:28:23.569+0000] {dag.py:3834} INFO - Setting next_dagrun for tutorial to 2024-04-07 00:00:00+00:00, run_after=2024-04-08 00:00:00+00:00
[2024-04-08T08:28:23.593+0000] {processor.py:183} INFO - Processing /home/airflow/.local/lib/python3.8/site-packages/airflow/example_dags/tutorial.py took 0.092 seconds
[2024-04-08T08:28:53.675+0000] {processor.py:161} INFO - Started process (PID=1098) to work on /home/airflow/.local/lib/python3.8/site-packages/airflow/example_dags/tutorial.py
[2024-04-08T08:28:53.676+0000] {processor.py:830} INFO - Processing file /home/airflow/.local/lib/python3.8/site-packages/airflow/example_dags/tutorial.py for tasks to queue
[2024-04-08T08:28:53.677+0000] {logging_mixin.py:188} INFO - [2024-04-08T08:28:53.677+0000] {dagbag.py:540} INFO - Filling up the DagBag from /home/airflow/.local/lib/python3.8/site-packages/airflow/example_dags/tutorial.py
[2024-04-08T08:28:53.684+0000] {processor.py:840} INFO - DAG(s) 'tutorial' retrieved from /home/airflow/.local/lib/python3.8/site-packages/airflow/example_dags/tutorial.py
[2024-04-08T08:28:53.707+0000] {logging_mixin.py:188} INFO - [2024-04-08T08:28:53.707+0000] {dag.py:3047} INFO - Sync 1 DAGs
[2024-04-08T08:28:53.737+0000] {logging_mixin.py:188} INFO - [2024-04-08T08:28:53.737+0000] {dag.py:3834} INFO - Setting next_dagrun for tutorial to 2024-04-07 00:00:00+00:00, run_after=2024-04-08 00:00:00+00:00
[2024-04-08T08:28:53.767+0000] {processor.py:183} INFO - Processing /home/airflow/.local/lib/python3.8/site-packages/airflow/example_dags/tutorial.py took 0.096 seconds
[2024-04-08T08:29:24.424+0000] {processor.py:161} INFO - Started process (PID=1356) to work on /home/airflow/.local/lib/python3.8/site-packages/airflow/example_dags/tutorial.py
[2024-04-08T08:29:24.425+0000] {processor.py:830} INFO - Processing file /home/airflow/.local/lib/python3.8/site-packages/airflow/example_dags/tutorial.py for tasks to queue
[2024-04-08T08:29:24.426+0000] {logging_mixin.py:188} INFO - [2024-04-08T08:29:24.426+0000] {dagbag.py:540} INFO - Filling up the DagBag from /home/airflow/.local/lib/python3.8/site-packages/airflow/example_dags/tutorial.py
[2024-04-08T08:29:24.433+0000] {processor.py:840} INFO - DAG(s) 'tutorial' retrieved from /home/airflow/.local/lib/python3.8/site-packages/airflow/example_dags/tutorial.py
[2024-04-08T08:29:24.458+0000] {logging_mixin.py:188} INFO - [2024-04-08T08:29:24.458+0000] {dag.py:3047} INFO - Sync 1 DAGs
[2024-04-08T08:29:24.482+0000] {logging_mixin.py:188} INFO - [2024-04-08T08:29:24.482+0000] {dag.py:3834} INFO - Setting next_dagrun for tutorial to 2024-04-07 00:00:00+00:00, run_after=2024-04-08 00:00:00+00:00
[2024-04-08T08:29:24.507+0000] {processor.py:183} INFO - Processing /home/airflow/.local/lib/python3.8/site-packages/airflow/example_dags/tutorial.py took 0.086 seconds
[2024-04-08T08:29:54.904+0000] {processor.py:161} INFO - Started process (PID=1613) to work on /home/airflow/.local/lib/python3.8/site-packages/airflow/example_dags/tutorial.py
[2024-04-08T08:29:54.905+0000] {processor.py:830} INFO - Processing file /home/airflow/.local/lib/python3.8/site-packages/airflow/example_dags/tutorial.py for tasks to queue
[2024-04-08T08:29:54.906+0000] {logging_mixin.py:188} INFO - [2024-04-08T08:29:54.906+0000] {dagbag.py:540} INFO - Filling up the DagBag from /home/airflow/.local/lib/python3.8/site-packages/airflow/example_dags/tutorial.py
[2024-04-08T08:29:54.913+0000] {processor.py:840} INFO - DAG(s) 'tutorial' retrieved from /home/airflow/.local/lib/python3.8/site-packages/airflow/example_dags/tutorial.py
[2024-04-08T08:29:54.936+0000] {logging_mixin.py:188} INFO - [2024-04-08T08:29:54.936+0000] {dag.py:3047} INFO - Sync 1 DAGs
[2024-04-08T08:29:54.964+0000] {logging_mixin.py:188} INFO - [2024-04-08T08:29:54.964+0000] {dag.py:3834} INFO - Setting next_dagrun for tutorial to 2024-04-07 00:00:00+00:00, run_after=2024-04-08 00:00:00+00:00
[2024-04-08T08:29:54.987+0000] {processor.py:183} INFO - Processing /home/airflow/.local/lib/python3.8/site-packages/airflow/example_dags/tutorial.py took 0.087 seconds
[2024-04-08T08:30:25.582+0000] {processor.py:161} INFO - Started process (PID=1871) to work on /home/airflow/.local/lib/python3.8/site-packages/airflow/example_dags/tutorial.py
[2024-04-08T08:30:25.583+0000] {processor.py:830} INFO - Processing file /home/airflow/.local/lib/python3.8/site-packages/airflow/example_dags/tutorial.py for tasks to queue
[2024-04-08T08:30:25.584+0000] {logging_mixin.py:188} INFO - [2024-04-08T08:30:25.583+0000] {dagbag.py:540} INFO - Filling up the DagBag from /home/airflow/.local/lib/python3.8/site-packages/airflow/example_dags/tutorial.py
[2024-04-08T08:30:25.591+0000] {processor.py:840} INFO - DAG(s) 'tutorial' retrieved from /home/airflow/.local/lib/python3.8/site-packages/airflow/example_dags/tutorial.py
[2024-04-08T08:30:25.614+0000] {logging_mixin.py:188} INFO - [2024-04-08T08:30:25.614+0000] {dag.py:3047} INFO - Sync 1 DAGs
[2024-04-08T08:30:25.637+0000] {logging_mixin.py:188} INFO - [2024-04-08T08:30:25.637+0000] {dag.py:3834} INFO - Setting next_dagrun for tutorial to 2024-04-07 00:00:00+00:00, run_after=2024-04-08 00:00:00+00:00
[2024-04-08T08:30:25.660+0000] {processor.py:183} INFO - Processing /home/airflow/.local/lib/python3.8/site-packages/airflow/example_dags/tutorial.py took 0.082 seconds
[2024-04-08T08:30:56.616+0000] {processor.py:161} INFO - Started process (PID=2133) to work on /home/airflow/.local/lib/python3.8/site-packages/airflow/example_dags/tutorial.py
[2024-04-08T08:30:56.618+0000] {processor.py:830} INFO - Processing file /home/airflow/.local/lib/python3.8/site-packages/airflow/example_dags/tutorial.py for tasks to queue
[2024-04-08T08:30:56.619+0000] {logging_mixin.py:188} INFO - [2024-04-08T08:30:56.619+0000] {dagbag.py:540} INFO - Filling up the DagBag from /home/airflow/.local/lib/python3.8/site-packages/airflow/example_dags/tutorial.py
[2024-04-08T08:30:56.626+0000] {processor.py:840} INFO - DAG(s) 'tutorial' retrieved from /home/airflow/.local/lib/python3.8/site-packages/airflow/example_dags/tutorial.py
[2024-04-08T08:30:56.650+0000] {logging_mixin.py:188} INFO - [2024-04-08T08:30:56.650+0000] {dag.py:3047} INFO - Sync 1 DAGs
[2024-04-08T08:30:56.677+0000] {logging_mixin.py:188} INFO - [2024-04-08T08:30:56.676+0000] {dag.py:3834} INFO - Setting next_dagrun for tutorial to 2024-04-07 00:00:00+00:00, run_after=2024-04-08 00:00:00+00:00
[2024-04-08T08:30:56.701+0000] {processor.py:183} INFO - Processing /home/airflow/.local/lib/python3.8/site-packages/airflow/example_dags/tutorial.py took 0.093 seconds
[2024-04-08T08:31:26.953+0000] {processor.py:161} INFO - Started process (PID=2390) to work on /home/airflow/.local/lib/python3.8/site-packages/airflow/example_dags/tutorial.py
[2024-04-08T08:31:26.954+0000] {processor.py:830} INFO - Processing file /home/airflow/.local/lib/python3.8/site-packages/airflow/example_dags/tutorial.py for tasks to queue
[2024-04-08T08:31:26.955+0000] {logging_mixin.py:188} INFO - [2024-04-08T08:31:26.955+0000] {dagbag.py:540} INFO - Filling up the DagBag from /home/airflow/.local/lib/python3.8/site-packages/airflow/example_dags/tutorial.py
[2024-04-08T08:31:26.962+0000] {processor.py:840} INFO - DAG(s) 'tutorial' retrieved from /home/airflow/.local/lib/python3.8/site-packages/airflow/example_dags/tutorial.py
[2024-04-08T08:31:26.986+0000] {logging_mixin.py:188} INFO - [2024-04-08T08:31:26.986+0000] {dag.py:3047} INFO - Sync 1 DAGs
[2024-04-08T08:31:27.012+0000] {logging_mixin.py:188} INFO - [2024-04-08T08:31:27.012+0000] {dag.py:3834} INFO - Setting next_dagrun for tutorial to 2024-04-07 00:00:00+00:00, run_after=2024-04-08 00:00:00+00:00
[2024-04-08T08:31:27.037+0000] {processor.py:183} INFO - Processing /home/airflow/.local/lib/python3.8/site-packages/airflow/example_dags/tutorial.py took 0.089 seconds
[2024-04-08T08:31:57.537+0000] {processor.py:161} INFO - Started process (PID=2642) to work on /home/airflow/.local/lib/python3.8/site-packages/airflow/example_dags/tutorial.py
[2024-04-08T08:31:57.538+0000] {processor.py:830} INFO - Processing file /home/airflow/.local/lib/python3.8/site-packages/airflow/example_dags/tutorial.py for tasks to queue
[2024-04-08T08:31:57.539+0000] {logging_mixin.py:188} INFO - [2024-04-08T08:31:57.539+0000] {dagbag.py:540} INFO - Filling up the DagBag from /home/airflow/.local/lib/python3.8/site-packages/airflow/example_dags/tutorial.py
[2024-04-08T08:31:57.547+0000] {processor.py:840} INFO - DAG(s) 'tutorial' retrieved from /home/airflow/.local/lib/python3.8/site-packages/airflow/example_dags/tutorial.py
[2024-04-08T08:31:57.570+0000] {logging_mixin.py:188} INFO - [2024-04-08T08:31:57.569+0000] {dag.py:3047} INFO - Sync 1 DAGs
[2024-04-08T08:31:57.595+0000] {logging_mixin.py:188} INFO - [2024-04-08T08:31:57.594+0000] {dag.py:3834} INFO - Setting next_dagrun for tutorial to 2024-04-07 00:00:00+00:00, run_after=2024-04-08 00:00:00+00:00
[2024-04-08T08:31:57.623+0000] {processor.py:183} INFO - Processing /home/airflow/.local/lib/python3.8/site-packages/airflow/example_dags/tutorial.py took 0.090 seconds
[2024-04-08T08:32:28.425+0000] {processor.py:161} INFO - Started process (PID=2899) to work on /home/airflow/.local/lib/python3.8/site-packages/airflow/example_dags/tutorial.py
[2024-04-08T08:32:28.426+0000] {processor.py:830} INFO - Processing file /home/airflow/.local/lib/python3.8/site-packages/airflow/example_dags/tutorial.py for tasks to queue
[2024-04-08T08:32:28.428+0000] {logging_mixin.py:188} INFO - [2024-04-08T08:32:28.427+0000] {dagbag.py:540} INFO - Filling up the DagBag from /home/airflow/.local/lib/python3.8/site-packages/airflow/example_dags/tutorial.py
[2024-04-08T08:32:28.435+0000] {processor.py:840} INFO - DAG(s) 'tutorial' retrieved from /home/airflow/.local/lib/python3.8/site-packages/airflow/example_dags/tutorial.py
[2024-04-08T08:32:28.482+0000] {logging_mixin.py:188} INFO - [2024-04-08T08:32:28.481+0000] {dag.py:3047} INFO - Sync 1 DAGs
[2024-04-08T08:32:28.508+0000] {logging_mixin.py:188} INFO - [2024-04-08T08:32:28.507+0000] {dag.py:3834} INFO - Setting next_dagrun for tutorial to 2024-04-07 00:00:00+00:00, run_after=2024-04-08 00:00:00+00:00
[2024-04-08T08:32:28.530+0000] {processor.py:183} INFO - Processing /home/airflow/.local/lib/python3.8/site-packages/airflow/example_dags/tutorial.py took 0.109 seconds
[2024-04-08T08:32:59.304+0000] {processor.py:161} INFO - Started process (PID=3156) to work on /home/airflow/.local/lib/python3.8/site-packages/airflow/example_dags/tutorial.py
[2024-04-08T08:32:59.305+0000] {processor.py:830} INFO - Processing file /home/airflow/.local/lib/python3.8/site-packages/airflow/example_dags/tutorial.py for tasks to queue
[2024-04-08T08:32:59.306+0000] {logging_mixin.py:188} INFO - [2024-04-08T08:32:59.306+0000] {dagbag.py:540} INFO - Filling up the DagBag from /home/airflow/.local/lib/python3.8/site-packages/airflow/example_dags/tutorial.py
[2024-04-08T08:32:59.314+0000] {processor.py:840} INFO - DAG(s) 'tutorial' retrieved from /home/airflow/.local/lib/python3.8/site-packages/airflow/example_dags/tutorial.py
[2024-04-08T08:32:59.342+0000] {logging_mixin.py:188} INFO - [2024-04-08T08:32:59.341+0000] {dag.py:3047} INFO - Sync 1 DAGs
[2024-04-08T08:32:59.366+0000] {logging_mixin.py:188} INFO - [2024-04-08T08:32:59.365+0000] {dag.py:3834} INFO - Setting next_dagrun for tutorial to 2024-04-07 00:00:00+00:00, run_after=2024-04-08 00:00:00+00:00
[2024-04-08T08:32:59.390+0000] {processor.py:183} INFO - Processing /home/airflow/.local/lib/python3.8/site-packages/airflow/example_dags/tutorial.py took 0.090 seconds
[2024-04-08T08:33:29.814+0000] {processor.py:161} INFO - Started process (PID=3413) to work on /home/airflow/.local/lib/python3.8/site-packages/airflow/example_dags/tutorial.py
[2024-04-08T08:33:29.816+0000] {processor.py:830} INFO - Processing file /home/airflow/.local/lib/python3.8/site-packages/airflow/example_dags/tutorial.py for tasks to queue
[2024-04-08T08:33:29.817+0000] {logging_mixin.py:188} INFO - [2024-04-08T08:33:29.816+0000] {dagbag.py:540} INFO - Filling up the DagBag from /home/airflow/.local/lib/python3.8/site-packages/airflow/example_dags/tutorial.py
[2024-04-08T08:33:29.825+0000] {processor.py:840} INFO - DAG(s) 'tutorial' retrieved from /home/airflow/.local/lib/python3.8/site-packages/airflow/example_dags/tutorial.py
[2024-04-08T08:33:29.850+0000] {logging_mixin.py:188} INFO - [2024-04-08T08:33:29.849+0000] {dag.py:3047} INFO - Sync 1 DAGs
[2024-04-08T08:33:29.873+0000] {logging_mixin.py:188} INFO - [2024-04-08T08:33:29.872+0000] {dag.py:3834} INFO - Setting next_dagrun for tutorial to 2024-04-07 00:00:00+00:00, run_after=2024-04-08 00:00:00+00:00
[2024-04-08T08:33:29.909+0000] {processor.py:183} INFO - Processing /home/airflow/.local/lib/python3.8/site-packages/airflow/example_dags/tutorial.py took 0.098 seconds
[2024-04-08T08:34:00.201+0000] {processor.py:161} INFO - Started process (PID=3670) to work on /home/airflow/.local/lib/python3.8/site-packages/airflow/example_dags/tutorial.py
[2024-04-08T08:34:00.202+0000] {processor.py:830} INFO - Processing file /home/airflow/.local/lib/python3.8/site-packages/airflow/example_dags/tutorial.py for tasks to queue
[2024-04-08T08:34:00.204+0000] {logging_mixin.py:188} INFO - [2024-04-08T08:34:00.203+0000] {dagbag.py:540} INFO - Filling up the DagBag from /home/airflow/.local/lib/python3.8/site-packages/airflow/example_dags/tutorial.py
[2024-04-08T08:34:00.211+0000] {processor.py:840} INFO - DAG(s) 'tutorial' retrieved from /home/airflow/.local/lib/python3.8/site-packages/airflow/example_dags/tutorial.py
[2024-04-08T08:34:00.248+0000] {logging_mixin.py:188} INFO - [2024-04-08T08:34:00.247+0000] {dag.py:3047} INFO - Sync 1 DAGs
[2024-04-08T08:34:00.278+0000] {logging_mixin.py:188} INFO - [2024-04-08T08:34:00.278+0000] {dag.py:3834} INFO - Setting next_dagrun for tutorial to 2024-04-07 00:00:00+00:00, run_after=2024-04-08 00:00:00+00:00
[2024-04-08T08:34:00.301+0000] {processor.py:183} INFO - Processing /home/airflow/.local/lib/python3.8/site-packages/airflow/example_dags/tutorial.py took 0.105 seconds
[2024-04-08T08:34:30.384+0000] {processor.py:161} INFO - Started process (PID=3926) to work on /home/airflow/.local/lib/python3.8/site-packages/airflow/example_dags/tutorial.py
[2024-04-08T08:34:30.385+0000] {processor.py:830} INFO - Processing file /home/airflow/.local/lib/python3.8/site-packages/airflow/example_dags/tutorial.py for tasks to queue
[2024-04-08T08:34:30.386+0000] {logging_mixin.py:188} INFO - [2024-04-08T08:34:30.386+0000] {dagbag.py:540} INFO - Filling up the DagBag from /home/airflow/.local/lib/python3.8/site-packages/airflow/example_dags/tutorial.py
[2024-04-08T08:34:30.393+0000] {processor.py:840} INFO - DAG(s) 'tutorial' retrieved from /home/airflow/.local/lib/python3.8/site-packages/airflow/example_dags/tutorial.py
[2024-04-08T08:34:30.415+0000] {logging_mixin.py:188} INFO - [2024-04-08T08:34:30.415+0000] {dag.py:3047} INFO - Sync 1 DAGs
[2024-04-08T08:34:30.441+0000] {logging_mixin.py:188} INFO - [2024-04-08T08:34:30.440+0000] {dag.py:3834} INFO - Setting next_dagrun for tutorial to 2024-04-07 00:00:00+00:00, run_after=2024-04-08 00:00:00+00:00
[2024-04-08T08:34:30.466+0000] {processor.py:183} INFO - Processing /home/airflow/.local/lib/python3.8/site-packages/airflow/example_dags/tutorial.py took 0.085 seconds
[2024-04-08T08:35:00.864+0000] {processor.py:161} INFO - Started process (PID=4183) to work on /home/airflow/.local/lib/python3.8/site-packages/airflow/example_dags/tutorial.py
[2024-04-08T08:35:00.866+0000] {processor.py:830} INFO - Processing file /home/airflow/.local/lib/python3.8/site-packages/airflow/example_dags/tutorial.py for tasks to queue
[2024-04-08T08:35:00.867+0000] {logging_mixin.py:188} INFO - [2024-04-08T08:35:00.866+0000] {dagbag.py:540} INFO - Filling up the DagBag from /home/airflow/.local/lib/python3.8/site-packages/airflow/example_dags/tutorial.py
[2024-04-08T08:35:00.874+0000] {processor.py:840} INFO - DAG(s) 'tutorial' retrieved from /home/airflow/.local/lib/python3.8/site-packages/airflow/example_dags/tutorial.py
[2024-04-08T08:35:00.898+0000] {logging_mixin.py:188} INFO - [2024-04-08T08:35:00.897+0000] {dag.py:3047} INFO - Sync 1 DAGs
[2024-04-08T08:35:00.923+0000] {logging_mixin.py:188} INFO - [2024-04-08T08:35:00.923+0000] {dag.py:3834} INFO - Setting next_dagrun for tutorial to 2024-04-07 00:00:00+00:00, run_after=2024-04-08 00:00:00+00:00
[2024-04-08T08:35:00.949+0000] {processor.py:183} INFO - Processing /home/airflow/.local/lib/python3.8/site-packages/airflow/example_dags/tutorial.py took 0.089 seconds
[2024-04-08T08:35:31.565+0000] {processor.py:161} INFO - Started process (PID=4441) to work on /home/airflow/.local/lib/python3.8/site-packages/airflow/example_dags/tutorial.py
[2024-04-08T08:35:31.566+0000] {processor.py:830} INFO - Processing file /home/airflow/.local/lib/python3.8/site-packages/airflow/example_dags/tutorial.py for tasks to queue
[2024-04-08T08:35:31.567+0000] {logging_mixin.py:188} INFO - [2024-04-08T08:35:31.566+0000] {dagbag.py:540} INFO - Filling up the DagBag from /home/airflow/.local/lib/python3.8/site-packages/airflow/example_dags/tutorial.py
[2024-04-08T08:35:31.574+0000] {processor.py:840} INFO - DAG(s) 'tutorial' retrieved from /home/airflow/.local/lib/python3.8/site-packages/airflow/example_dags/tutorial.py
[2024-04-08T08:35:31.597+0000] {logging_mixin.py:188} INFO - [2024-04-08T08:35:31.597+0000] {dag.py:3047} INFO - Sync 1 DAGs
[2024-04-08T08:35:31.622+0000] {logging_mixin.py:188} INFO - [2024-04-08T08:35:31.622+0000] {dag.py:3834} INFO - Setting next_dagrun for tutorial to 2024-04-07 00:00:00+00:00, run_after=2024-04-08 00:00:00+00:00
[2024-04-08T08:35:31.646+0000] {processor.py:183} INFO - Processing /home/airflow/.local/lib/python3.8/site-packages/airflow/example_dags/tutorial.py took 0.086 seconds
[2024-04-08T08:36:02.054+0000] {processor.py:161} INFO - Started process (PID=4698) to work on /home/airflow/.local/lib/python3.8/site-packages/airflow/example_dags/tutorial.py
[2024-04-08T08:36:02.056+0000] {processor.py:830} INFO - Processing file /home/airflow/.local/lib/python3.8/site-packages/airflow/example_dags/tutorial.py for tasks to queue
[2024-04-08T08:36:02.057+0000] {logging_mixin.py:188} INFO - [2024-04-08T08:36:02.057+0000] {dagbag.py:540} INFO - Filling up the DagBag from /home/airflow/.local/lib/python3.8/site-packages/airflow/example_dags/tutorial.py
[2024-04-08T08:36:02.064+0000] {processor.py:840} INFO - DAG(s) 'tutorial' retrieved from /home/airflow/.local/lib/python3.8/site-packages/airflow/example_dags/tutorial.py
[2024-04-08T08:36:02.089+0000] {logging_mixin.py:188} INFO - [2024-04-08T08:36:02.089+0000] {dag.py:3047} INFO - Sync 1 DAGs
[2024-04-08T08:36:02.114+0000] {logging_mixin.py:188} INFO - [2024-04-08T08:36:02.113+0000] {dag.py:3834} INFO - Setting next_dagrun for tutorial to 2024-04-07 00:00:00+00:00, run_after=2024-04-08 00:00:00+00:00
[2024-04-08T08:36:02.138+0000] {processor.py:183} INFO - Processing /home/airflow/.local/lib/python3.8/site-packages/airflow/example_dags/tutorial.py took 0.088 seconds
[2024-04-08T08:36:32.356+0000] {processor.py:161} INFO - Started process (PID=4956) to work on /home/airflow/.local/lib/python3.8/site-packages/airflow/example_dags/tutorial.py
[2024-04-08T08:36:32.357+0000] {processor.py:830} INFO - Processing file /home/airflow/.local/lib/python3.8/site-packages/airflow/example_dags/tutorial.py for tasks to queue
[2024-04-08T08:36:32.358+0000] {logging_mixin.py:188} INFO - [2024-04-08T08:36:32.357+0000] {dagbag.py:540} INFO - Filling up the DagBag from /home/airflow/.local/lib/python3.8/site-packages/airflow/example_dags/tutorial.py
[2024-04-08T08:36:32.365+0000] {processor.py:840} INFO - DAG(s) 'tutorial' retrieved from /home/airflow/.local/lib/python3.8/site-packages/airflow/example_dags/tutorial.py
[2024-04-08T08:36:32.389+0000] {logging_mixin.py:188} INFO - [2024-04-08T08:36:32.388+0000] {dag.py:3047} INFO - Sync 1 DAGs
[2024-04-08T08:36:32.412+0000] {logging_mixin.py:188} INFO - [2024-04-08T08:36:32.412+0000] {dag.py:3834} INFO - Setting next_dagrun for tutorial to 2024-04-07 00:00:00+00:00, run_after=2024-04-08 00:00:00+00:00
[2024-04-08T08:36:32.435+0000] {processor.py:183} INFO - Processing /home/airflow/.local/lib/python3.8/site-packages/airflow/example_dags/tutorial.py took 0.083 seconds
[2024-04-08T08:37:02.677+0000] {processor.py:161} INFO - Started process (PID=5213) to work on /home/airflow/.local/lib/python3.8/site-packages/airflow/example_dags/tutorial.py
[2024-04-08T08:37:02.678+0000] {processor.py:830} INFO - Processing file /home/airflow/.local/lib/python3.8/site-packages/airflow/example_dags/tutorial.py for tasks to queue
[2024-04-08T08:37:02.679+0000] {logging_mixin.py:188} INFO - [2024-04-08T08:37:02.679+0000] {dagbag.py:540} INFO - Filling up the DagBag from /home/airflow/.local/lib/python3.8/site-packages/airflow/example_dags/tutorial.py
[2024-04-08T08:37:02.686+0000] {processor.py:840} INFO - DAG(s) 'tutorial' retrieved from /home/airflow/.local/lib/python3.8/site-packages/airflow/example_dags/tutorial.py
[2024-04-08T08:37:02.710+0000] {logging_mixin.py:188} INFO - [2024-04-08T08:37:02.710+0000] {dag.py:3047} INFO - Sync 1 DAGs
[2024-04-08T08:37:02.737+0000] {logging_mixin.py:188} INFO - [2024-04-08T08:37:02.737+0000] {dag.py:3834} INFO - Setting next_dagrun for tutorial to 2024-04-07 00:00:00+00:00, run_after=2024-04-08 00:00:00+00:00
[2024-04-08T08:37:02.760+0000] {processor.py:183} INFO - Processing /home/airflow/.local/lib/python3.8/site-packages/airflow/example_dags/tutorial.py took 0.087 seconds
[2024-04-08T08:37:33.338+0000] {processor.py:161} INFO - Started process (PID=5469) to work on /home/airflow/.local/lib/python3.8/site-packages/airflow/example_dags/tutorial.py
[2024-04-08T08:37:33.340+0000] {processor.py:830} INFO - Processing file /home/airflow/.local/lib/python3.8/site-packages/airflow/example_dags/tutorial.py for tasks to queue
[2024-04-08T08:37:33.341+0000] {logging_mixin.py:188} INFO - [2024-04-08T08:37:33.341+0000] {dagbag.py:540} INFO - Filling up the DagBag from /home/airflow/.local/lib/python3.8/site-packages/airflow/example_dags/tutorial.py
[2024-04-08T08:37:33.355+0000] {processor.py:840} INFO - DAG(s) 'tutorial' retrieved from /home/airflow/.local/lib/python3.8/site-packages/airflow/example_dags/tutorial.py
[2024-04-08T08:37:33.391+0000] {logging_mixin.py:188} INFO - [2024-04-08T08:37:33.391+0000] {dag.py:3047} INFO - Sync 1 DAGs
[2024-04-08T08:37:33.416+0000] {logging_mixin.py:188} INFO - [2024-04-08T08:37:33.416+0000] {dag.py:3834} INFO - Setting next_dagrun for tutorial to 2024-04-07 00:00:00+00:00, run_after=2024-04-08 00:00:00+00:00
[2024-04-08T08:37:33.440+0000] {processor.py:183} INFO - Processing /home/airflow/.local/lib/python3.8/site-packages/airflow/example_dags/tutorial.py took 0.107 seconds
[2024-04-08T08:38:03.970+0000] {processor.py:161} INFO - Started process (PID=5726) to work on /home/airflow/.local/lib/python3.8/site-packages/airflow/example_dags/tutorial.py
[2024-04-08T08:38:03.971+0000] {processor.py:830} INFO - Processing file /home/airflow/.local/lib/python3.8/site-packages/airflow/example_dags/tutorial.py for tasks to queue
[2024-04-08T08:38:03.972+0000] {logging_mixin.py:188} INFO - [2024-04-08T08:38:03.972+0000] {dagbag.py:540} INFO - Filling up the DagBag from /home/airflow/.local/lib/python3.8/site-packages/airflow/example_dags/tutorial.py
[2024-04-08T08:38:03.980+0000] {processor.py:840} INFO - DAG(s) 'tutorial' retrieved from /home/airflow/.local/lib/python3.8/site-packages/airflow/example_dags/tutorial.py
[2024-04-08T08:38:04.005+0000] {logging_mixin.py:188} INFO - [2024-04-08T08:38:04.005+0000] {dag.py:3047} INFO - Sync 1 DAGs
[2024-04-08T08:38:04.032+0000] {logging_mixin.py:188} INFO - [2024-04-08T08:38:04.032+0000] {dag.py:3834} INFO - Setting next_dagrun for tutorial to 2024-04-07 00:00:00+00:00, run_after=2024-04-08 00:00:00+00:00
[2024-04-08T08:38:04.064+0000] {processor.py:183} INFO - Processing /home/airflow/.local/lib/python3.8/site-packages/airflow/example_dags/tutorial.py took 0.102 seconds
[2024-04-08T08:38:34.627+0000] {processor.py:161} INFO - Started process (PID=5989) to work on /home/airflow/.local/lib/python3.8/site-packages/airflow/example_dags/tutorial.py
[2024-04-08T08:38:34.629+0000] {processor.py:830} INFO - Processing file /home/airflow/.local/lib/python3.8/site-packages/airflow/example_dags/tutorial.py for tasks to queue
[2024-04-08T08:38:34.630+0000] {logging_mixin.py:188} INFO - [2024-04-08T08:38:34.629+0000] {dagbag.py:540} INFO - Filling up the DagBag from /home/airflow/.local/lib/python3.8/site-packages/airflow/example_dags/tutorial.py
[2024-04-08T08:38:34.636+0000] {processor.py:840} INFO - DAG(s) 'tutorial' retrieved from /home/airflow/.local/lib/python3.8/site-packages/airflow/example_dags/tutorial.py
[2024-04-08T08:38:34.660+0000] {logging_mixin.py:188} INFO - [2024-04-08T08:38:34.659+0000] {dag.py:3047} INFO - Sync 1 DAGs
[2024-04-08T08:38:34.686+0000] {logging_mixin.py:188} INFO - [2024-04-08T08:38:34.686+0000] {dag.py:3834} INFO - Setting next_dagrun for tutorial to 2024-04-07 00:00:00+00:00, run_after=2024-04-08 00:00:00+00:00
[2024-04-08T08:38:34.714+0000] {processor.py:183} INFO - Processing /home/airflow/.local/lib/python3.8/site-packages/airflow/example_dags/tutorial.py took 0.091 seconds
[2024-04-08T08:39:05.216+0000] {processor.py:161} INFO - Started process (PID=6246) to work on /home/airflow/.local/lib/python3.8/site-packages/airflow/example_dags/tutorial.py
[2024-04-08T08:39:05.217+0000] {processor.py:830} INFO - Processing file /home/airflow/.local/lib/python3.8/site-packages/airflow/example_dags/tutorial.py for tasks to queue
[2024-04-08T08:39:05.218+0000] {logging_mixin.py:188} INFO - [2024-04-08T08:39:05.218+0000] {dagbag.py:540} INFO - Filling up the DagBag from /home/airflow/.local/lib/python3.8/site-packages/airflow/example_dags/tutorial.py
[2024-04-08T08:39:05.225+0000] {processor.py:840} INFO - DAG(s) 'tutorial' retrieved from /home/airflow/.local/lib/python3.8/site-packages/airflow/example_dags/tutorial.py
[2024-04-08T08:39:05.250+0000] {logging_mixin.py:188} INFO - [2024-04-08T08:39:05.250+0000] {dag.py:3047} INFO - Sync 1 DAGs
[2024-04-08T08:39:05.276+0000] {logging_mixin.py:188} INFO - [2024-04-08T08:39:05.276+0000] {dag.py:3834} INFO - Setting next_dagrun for tutorial to 2024-04-07 00:00:00+00:00, run_after=2024-04-08 00:00:00+00:00
[2024-04-08T08:39:05.301+0000] {processor.py:183} INFO - Processing /home/airflow/.local/lib/python3.8/site-packages/airflow/example_dags/tutorial.py took 0.089 seconds
[2024-04-08T08:39:35.853+0000] {processor.py:161} INFO - Started process (PID=6502) to work on /home/airflow/.local/lib/python3.8/site-packages/airflow/example_dags/tutorial.py
[2024-04-08T08:39:35.854+0000] {processor.py:830} INFO - Processing file /home/airflow/.local/lib/python3.8/site-packages/airflow/example_dags/tutorial.py for tasks to queue
[2024-04-08T08:39:35.856+0000] {logging_mixin.py:188} INFO - [2024-04-08T08:39:35.855+0000] {dagbag.py:540} INFO - Filling up the DagBag from /home/airflow/.local/lib/python3.8/site-packages/airflow/example_dags/tutorial.py
[2024-04-08T08:39:35.863+0000] {processor.py:840} INFO - DAG(s) 'tutorial' retrieved from /home/airflow/.local/lib/python3.8/site-packages/airflow/example_dags/tutorial.py
[2024-04-08T08:39:35.890+0000] {logging_mixin.py:188} INFO - [2024-04-08T08:39:35.889+0000] {dag.py:3047} INFO - Sync 1 DAGs
[2024-04-08T08:39:35.918+0000] {logging_mixin.py:188} INFO - [2024-04-08T08:39:35.918+0000] {dag.py:3834} INFO - Setting next_dagrun for tutorial to 2024-04-07 00:00:00+00:00, run_after=2024-04-08 00:00:00+00:00
[2024-04-08T08:39:35.944+0000] {processor.py:183} INFO - Processing /home/airflow/.local/lib/python3.8/site-packages/airflow/example_dags/tutorial.py took 0.094 seconds
[2024-04-08T08:40:05.987+0000] {processor.py:161} INFO - Started process (PID=6754) to work on /home/airflow/.local/lib/python3.8/site-packages/airflow/example_dags/tutorial.py
[2024-04-08T08:40:05.988+0000] {processor.py:830} INFO - Processing file /home/airflow/.local/lib/python3.8/site-packages/airflow/example_dags/tutorial.py for tasks to queue
[2024-04-08T08:40:05.989+0000] {logging_mixin.py:188} INFO - [2024-04-08T08:40:05.989+0000] {dagbag.py:540} INFO - Filling up the DagBag from /home/airflow/.local/lib/python3.8/site-packages/airflow/example_dags/tutorial.py
[2024-04-08T08:40:05.997+0000] {processor.py:840} INFO - DAG(s) 'tutorial' retrieved from /home/airflow/.local/lib/python3.8/site-packages/airflow/example_dags/tutorial.py
[2024-04-08T08:40:06.018+0000] {logging_mixin.py:188} INFO - [2024-04-08T08:40:06.018+0000] {dag.py:3047} INFO - Sync 1 DAGs
[2024-04-08T08:40:06.044+0000] {logging_mixin.py:188} INFO - [2024-04-08T08:40:06.044+0000] {dag.py:3834} INFO - Setting next_dagrun for tutorial to 2024-04-07 00:00:00+00:00, run_after=2024-04-08 00:00:00+00:00
[2024-04-08T08:40:06.073+0000] {processor.py:183} INFO - Processing /home/airflow/.local/lib/python3.8/site-packages/airflow/example_dags/tutorial.py took 0.091 seconds
[2024-04-08T08:40:36.488+0000] {processor.py:161} INFO - Started process (PID=7016) to work on /home/airflow/.local/lib/python3.8/site-packages/airflow/example_dags/tutorial.py
[2024-04-08T08:40:36.489+0000] {processor.py:830} INFO - Processing file /home/airflow/.local/lib/python3.8/site-packages/airflow/example_dags/tutorial.py for tasks to queue
[2024-04-08T08:40:36.490+0000] {logging_mixin.py:188} INFO - [2024-04-08T08:40:36.490+0000] {dagbag.py:540} INFO - Filling up the DagBag from /home/airflow/.local/lib/python3.8/site-packages/airflow/example_dags/tutorial.py
[2024-04-08T08:40:36.497+0000] {processor.py:840} INFO - DAG(s) 'tutorial' retrieved from /home/airflow/.local/lib/python3.8/site-packages/airflow/example_dags/tutorial.py
[2024-04-08T08:40:36.522+0000] {logging_mixin.py:188} INFO - [2024-04-08T08:40:36.522+0000] {dag.py:3047} INFO - Sync 1 DAGs
[2024-04-08T08:40:36.551+0000] {logging_mixin.py:188} INFO - [2024-04-08T08:40:36.551+0000] {dag.py:3834} INFO - Setting next_dagrun for tutorial to 2024-04-07 00:00:00+00:00, run_after=2024-04-08 00:00:00+00:00
[2024-04-08T08:40:36.578+0000] {processor.py:183} INFO - Processing /home/airflow/.local/lib/python3.8/site-packages/airflow/example_dags/tutorial.py took 0.094 seconds
[2024-04-08T08:41:06.984+0000] {processor.py:161} INFO - Started process (PID=7268) to work on /home/airflow/.local/lib/python3.8/site-packages/airflow/example_dags/tutorial.py
[2024-04-08T08:41:06.985+0000] {processor.py:830} INFO - Processing file /home/airflow/.local/lib/python3.8/site-packages/airflow/example_dags/tutorial.py for tasks to queue
[2024-04-08T08:41:06.986+0000] {logging_mixin.py:188} INFO - [2024-04-08T08:41:06.985+0000] {dagbag.py:540} INFO - Filling up the DagBag from /home/airflow/.local/lib/python3.8/site-packages/airflow/example_dags/tutorial.py
[2024-04-08T08:41:06.993+0000] {processor.py:840} INFO - DAG(s) 'tutorial' retrieved from /home/airflow/.local/lib/python3.8/site-packages/airflow/example_dags/tutorial.py
[2024-04-08T08:41:07.016+0000] {logging_mixin.py:188} INFO - [2024-04-08T08:41:07.016+0000] {dag.py:3047} INFO - Sync 1 DAGs
[2024-04-08T08:41:07.041+0000] {logging_mixin.py:188} INFO - [2024-04-08T08:41:07.041+0000] {dag.py:3834} INFO - Setting next_dagrun for tutorial to 2024-04-07 00:00:00+00:00, run_after=2024-04-08 00:00:00+00:00
[2024-04-08T08:41:07.064+0000] {processor.py:183} INFO - Processing /home/airflow/.local/lib/python3.8/site-packages/airflow/example_dags/tutorial.py took 0.085 seconds
[2024-04-08T08:41:37.488+0000] {processor.py:161} INFO - Started process (PID=7525) to work on /home/airflow/.local/lib/python3.8/site-packages/airflow/example_dags/tutorial.py
[2024-04-08T08:41:37.489+0000] {processor.py:830} INFO - Processing file /home/airflow/.local/lib/python3.8/site-packages/airflow/example_dags/tutorial.py for tasks to queue
[2024-04-08T08:41:37.490+0000] {logging_mixin.py:188} INFO - [2024-04-08T08:41:37.490+0000] {dagbag.py:540} INFO - Filling up the DagBag from /home/airflow/.local/lib/python3.8/site-packages/airflow/example_dags/tutorial.py
[2024-04-08T08:41:37.497+0000] {processor.py:840} INFO - DAG(s) 'tutorial' retrieved from /home/airflow/.local/lib/python3.8/site-packages/airflow/example_dags/tutorial.py
[2024-04-08T08:41:37.523+0000] {logging_mixin.py:188} INFO - [2024-04-08T08:41:37.522+0000] {dag.py:3047} INFO - Sync 1 DAGs
[2024-04-08T08:41:37.548+0000] {logging_mixin.py:188} INFO - [2024-04-08T08:41:37.548+0000] {dag.py:3834} INFO - Setting next_dagrun for tutorial to 2024-04-07 00:00:00+00:00, run_after=2024-04-08 00:00:00+00:00
[2024-04-08T08:41:37.576+0000] {processor.py:183} INFO - Processing /home/airflow/.local/lib/python3.8/site-packages/airflow/example_dags/tutorial.py took 0.092 seconds
[2024-04-08T08:42:07.817+0000] {processor.py:161} INFO - Started process (PID=7782) to work on /home/airflow/.local/lib/python3.8/site-packages/airflow/example_dags/tutorial.py
[2024-04-08T08:42:07.818+0000] {processor.py:830} INFO - Processing file /home/airflow/.local/lib/python3.8/site-packages/airflow/example_dags/tutorial.py for tasks to queue
[2024-04-08T08:42:07.819+0000] {logging_mixin.py:188} INFO - [2024-04-08T08:42:07.819+0000] {dagbag.py:540} INFO - Filling up the DagBag from /home/airflow/.local/lib/python3.8/site-packages/airflow/example_dags/tutorial.py
[2024-04-08T08:42:07.828+0000] {processor.py:840} INFO - DAG(s) 'tutorial' retrieved from /home/airflow/.local/lib/python3.8/site-packages/airflow/example_dags/tutorial.py
[2024-04-08T08:42:07.850+0000] {logging_mixin.py:188} INFO - [2024-04-08T08:42:07.849+0000] {dag.py:3047} INFO - Sync 1 DAGs
[2024-04-08T08:42:07.880+0000] {logging_mixin.py:188} INFO - [2024-04-08T08:42:07.880+0000] {dag.py:3834} INFO - Setting next_dagrun for tutorial to 2024-04-07 00:00:00+00:00, run_after=2024-04-08 00:00:00+00:00
[2024-04-08T08:42:07.916+0000] {processor.py:183} INFO - Processing /home/airflow/.local/lib/python3.8/site-packages/airflow/example_dags/tutorial.py took 0.104 seconds
[2024-04-08T08:42:38.104+0000] {processor.py:161} INFO - Started process (PID=8039) to work on /home/airflow/.local/lib/python3.8/site-packages/airflow/example_dags/tutorial.py
[2024-04-08T08:42:38.105+0000] {processor.py:830} INFO - Processing file /home/airflow/.local/lib/python3.8/site-packages/airflow/example_dags/tutorial.py for tasks to queue
[2024-04-08T08:42:38.106+0000] {logging_mixin.py:188} INFO - [2024-04-08T08:42:38.105+0000] {dagbag.py:540} INFO - Filling up the DagBag from /home/airflow/.local/lib/python3.8/site-packages/airflow/example_dags/tutorial.py
[2024-04-08T08:42:38.113+0000] {processor.py:840} INFO - DAG(s) 'tutorial' retrieved from /home/airflow/.local/lib/python3.8/site-packages/airflow/example_dags/tutorial.py
[2024-04-08T08:42:38.136+0000] {logging_mixin.py:188} INFO - [2024-04-08T08:42:38.136+0000] {dag.py:3047} INFO - Sync 1 DAGs
[2024-04-08T08:42:38.160+0000] {logging_mixin.py:188} INFO - [2024-04-08T08:42:38.160+0000] {dag.py:3834} INFO - Setting next_dagrun for tutorial to 2024-04-07 00:00:00+00:00, run_after=2024-04-08 00:00:00+00:00
[2024-04-08T08:42:38.184+0000] {processor.py:183} INFO - Processing /home/airflow/.local/lib/python3.8/site-packages/airflow/example_dags/tutorial.py took 0.084 seconds
[2024-04-08T08:43:08.435+0000] {processor.py:161} INFO - Started process (PID=8296) to work on /home/airflow/.local/lib/python3.8/site-packages/airflow/example_dags/tutorial.py
[2024-04-08T08:43:08.436+0000] {processor.py:830} INFO - Processing file /home/airflow/.local/lib/python3.8/site-packages/airflow/example_dags/tutorial.py for tasks to queue
[2024-04-08T08:43:08.438+0000] {logging_mixin.py:188} INFO - [2024-04-08T08:43:08.437+0000] {dagbag.py:540} INFO - Filling up the DagBag from /home/airflow/.local/lib/python3.8/site-packages/airflow/example_dags/tutorial.py
[2024-04-08T08:43:08.445+0000] {processor.py:840} INFO - DAG(s) 'tutorial' retrieved from /home/airflow/.local/lib/python3.8/site-packages/airflow/example_dags/tutorial.py
[2024-04-08T08:43:08.467+0000] {logging_mixin.py:188} INFO - [2024-04-08T08:43:08.467+0000] {dag.py:3047} INFO - Sync 1 DAGs
[2024-04-08T08:43:08.500+0000] {logging_mixin.py:188} INFO - [2024-04-08T08:43:08.500+0000] {dag.py:3834} INFO - Setting next_dagrun for tutorial to 2024-04-07 00:00:00+00:00, run_after=2024-04-08 00:00:00+00:00
[2024-04-08T08:43:08.523+0000] {processor.py:183} INFO - Processing /home/airflow/.local/lib/python3.8/site-packages/airflow/example_dags/tutorial.py took 0.092 seconds
[2024-04-08T08:43:38.944+0000] {processor.py:161} INFO - Started process (PID=8553) to work on /home/airflow/.local/lib/python3.8/site-packages/airflow/example_dags/tutorial.py
[2024-04-08T08:43:38.945+0000] {processor.py:830} INFO - Processing file /home/airflow/.local/lib/python3.8/site-packages/airflow/example_dags/tutorial.py for tasks to queue
[2024-04-08T08:43:38.946+0000] {logging_mixin.py:188} INFO - [2024-04-08T08:43:38.946+0000] {dagbag.py:540} INFO - Filling up the DagBag from /home/airflow/.local/lib/python3.8/site-packages/airflow/example_dags/tutorial.py
[2024-04-08T08:43:38.953+0000] {processor.py:840} INFO - DAG(s) 'tutorial' retrieved from /home/airflow/.local/lib/python3.8/site-packages/airflow/example_dags/tutorial.py
[2024-04-08T08:43:38.973+0000] {logging_mixin.py:188} INFO - [2024-04-08T08:43:38.973+0000] {dag.py:3047} INFO - Sync 1 DAGs
[2024-04-08T08:43:39.001+0000] {logging_mixin.py:188} INFO - [2024-04-08T08:43:39.000+0000] {dag.py:3834} INFO - Setting next_dagrun for tutorial to 2024-04-07 00:00:00+00:00, run_after=2024-04-08 00:00:00+00:00
[2024-04-08T08:43:39.029+0000] {processor.py:183} INFO - Processing /home/airflow/.local/lib/python3.8/site-packages/airflow/example_dags/tutorial.py took 0.089 seconds
[2024-04-08T08:44:09.945+0000] {processor.py:161} INFO - Started process (PID=8817) to work on /home/airflow/.local/lib/python3.8/site-packages/airflow/example_dags/tutorial.py
[2024-04-08T08:44:09.947+0000] {processor.py:830} INFO - Processing file /home/airflow/.local/lib/python3.8/site-packages/airflow/example_dags/tutorial.py for tasks to queue
[2024-04-08T08:44:09.948+0000] {logging_mixin.py:188} INFO - [2024-04-08T08:44:09.948+0000] {dagbag.py:540} INFO - Filling up the DagBag from /home/airflow/.local/lib/python3.8/site-packages/airflow/example_dags/tutorial.py
[2024-04-08T08:44:09.955+0000] {processor.py:840} INFO - DAG(s) 'tutorial' retrieved from /home/airflow/.local/lib/python3.8/site-packages/airflow/example_dags/tutorial.py
[2024-04-08T08:44:09.977+0000] {logging_mixin.py:188} INFO - [2024-04-08T08:44:09.977+0000] {dag.py:3047} INFO - Sync 1 DAGs
[2024-04-08T08:44:10.002+0000] {logging_mixin.py:188} INFO - [2024-04-08T08:44:10.002+0000] {dag.py:3834} INFO - Setting next_dagrun for tutorial to 2024-04-07 00:00:00+00:00, run_after=2024-04-08 00:00:00+00:00
[2024-04-08T08:44:10.035+0000] {processor.py:183} INFO - Processing /home/airflow/.local/lib/python3.8/site-packages/airflow/example_dags/tutorial.py took 0.093 seconds
[2024-04-08T08:44:40.281+0000] {processor.py:161} INFO - Started process (PID=9076) to work on /home/airflow/.local/lib/python3.8/site-packages/airflow/example_dags/tutorial.py
[2024-04-08T08:44:40.286+0000] {processor.py:830} INFO - Processing file /home/airflow/.local/lib/python3.8/site-packages/airflow/example_dags/tutorial.py for tasks to queue
[2024-04-08T08:44:40.287+0000] {logging_mixin.py:188} INFO - [2024-04-08T08:44:40.286+0000] {dagbag.py:540} INFO - Filling up the DagBag from /home/airflow/.local/lib/python3.8/site-packages/airflow/example_dags/tutorial.py
[2024-04-08T08:44:40.297+0000] {processor.py:840} INFO - DAG(s) 'tutorial' retrieved from /home/airflow/.local/lib/python3.8/site-packages/airflow/example_dags/tutorial.py
[2024-04-08T08:44:40.322+0000] {logging_mixin.py:188} INFO - [2024-04-08T08:44:40.321+0000] {dag.py:3047} INFO - Sync 1 DAGs
[2024-04-08T08:44:40.350+0000] {logging_mixin.py:188} INFO - [2024-04-08T08:44:40.349+0000] {dag.py:3834} INFO - Setting next_dagrun for tutorial to 2024-04-07 00:00:00+00:00, run_after=2024-04-08 00:00:00+00:00
[2024-04-08T08:44:40.390+0000] {processor.py:183} INFO - Processing /home/airflow/.local/lib/python3.8/site-packages/airflow/example_dags/tutorial.py took 0.114 seconds
[2024-04-08T08:45:10.613+0000] {processor.py:161} INFO - Started process (PID=9334) to work on /home/airflow/.local/lib/python3.8/site-packages/airflow/example_dags/tutorial.py
[2024-04-08T08:45:10.615+0000] {processor.py:830} INFO - Processing file /home/airflow/.local/lib/python3.8/site-packages/airflow/example_dags/tutorial.py for tasks to queue
[2024-04-08T08:45:10.630+0000] {logging_mixin.py:188} INFO - [2024-04-08T08:45:10.615+0000] {dagbag.py:540} INFO - Filling up the DagBag from /home/airflow/.local/lib/python3.8/site-packages/airflow/example_dags/tutorial.py
[2024-04-08T08:45:10.643+0000] {processor.py:840} INFO - DAG(s) 'tutorial' retrieved from /home/airflow/.local/lib/python3.8/site-packages/airflow/example_dags/tutorial.py
[2024-04-08T08:45:10.678+0000] {logging_mixin.py:188} INFO - [2024-04-08T08:45:10.678+0000] {dag.py:3047} INFO - Sync 1 DAGs
[2024-04-08T08:45:10.707+0000] {logging_mixin.py:188} INFO - [2024-04-08T08:45:10.707+0000] {dag.py:3834} INFO - Setting next_dagrun for tutorial to 2024-04-07 00:00:00+00:00, run_after=2024-04-08 00:00:00+00:00
[2024-04-08T08:45:10.746+0000] {processor.py:183} INFO - Processing /home/airflow/.local/lib/python3.8/site-packages/airflow/example_dags/tutorial.py took 0.138 seconds
[2024-04-08T08:45:40.863+0000] {processor.py:161} INFO - Started process (PID=9591) to work on /home/airflow/.local/lib/python3.8/site-packages/airflow/example_dags/tutorial.py
[2024-04-08T08:45:40.864+0000] {processor.py:830} INFO - Processing file /home/airflow/.local/lib/python3.8/site-packages/airflow/example_dags/tutorial.py for tasks to queue
[2024-04-08T08:45:40.865+0000] {logging_mixin.py:188} INFO - [2024-04-08T08:45:40.865+0000] {dagbag.py:540} INFO - Filling up the DagBag from /home/airflow/.local/lib/python3.8/site-packages/airflow/example_dags/tutorial.py
[2024-04-08T08:45:40.872+0000] {processor.py:840} INFO - DAG(s) 'tutorial' retrieved from /home/airflow/.local/lib/python3.8/site-packages/airflow/example_dags/tutorial.py
[2024-04-08T08:45:40.895+0000] {logging_mixin.py:188} INFO - [2024-04-08T08:45:40.895+0000] {dag.py:3047} INFO - Sync 1 DAGs
[2024-04-08T08:45:40.921+0000] {logging_mixin.py:188} INFO - [2024-04-08T08:45:40.921+0000] {dag.py:3834} INFO - Setting next_dagrun for tutorial to 2024-04-07 00:00:00+00:00, run_after=2024-04-08 00:00:00+00:00
[2024-04-08T08:45:40.948+0000] {processor.py:183} INFO - Processing /home/airflow/.local/lib/python3.8/site-packages/airflow/example_dags/tutorial.py took 0.088 seconds
[2024-04-08T08:46:11.253+0000] {processor.py:161} INFO - Started process (PID=9848) to work on /home/airflow/.local/lib/python3.8/site-packages/airflow/example_dags/tutorial.py
[2024-04-08T08:46:11.254+0000] {processor.py:830} INFO - Processing file /home/airflow/.local/lib/python3.8/site-packages/airflow/example_dags/tutorial.py for tasks to queue
[2024-04-08T08:46:11.255+0000] {logging_mixin.py:188} INFO - [2024-04-08T08:46:11.255+0000] {dagbag.py:540} INFO - Filling up the DagBag from /home/airflow/.local/lib/python3.8/site-packages/airflow/example_dags/tutorial.py
[2024-04-08T08:46:11.262+0000] {processor.py:840} INFO - DAG(s) 'tutorial' retrieved from /home/airflow/.local/lib/python3.8/site-packages/airflow/example_dags/tutorial.py
[2024-04-08T08:46:11.283+0000] {logging_mixin.py:188} INFO - [2024-04-08T08:46:11.283+0000] {dag.py:3047} INFO - Sync 1 DAGs
[2024-04-08T08:46:11.310+0000] {logging_mixin.py:188} INFO - [2024-04-08T08:46:11.310+0000] {dag.py:3834} INFO - Setting next_dagrun for tutorial to 2024-04-07 00:00:00+00:00, run_after=2024-04-08 00:00:00+00:00
[2024-04-08T08:46:11.333+0000] {processor.py:183} INFO - Processing /home/airflow/.local/lib/python3.8/site-packages/airflow/example_dags/tutorial.py took 0.083 seconds
[2024-04-08T08:46:41.805+0000] {processor.py:161} INFO - Started process (PID=10105) to work on /home/airflow/.local/lib/python3.8/site-packages/airflow/example_dags/tutorial.py
[2024-04-08T08:46:41.808+0000] {processor.py:830} INFO - Processing file /home/airflow/.local/lib/python3.8/site-packages/airflow/example_dags/tutorial.py for tasks to queue
[2024-04-08T08:46:41.809+0000] {logging_mixin.py:188} INFO - [2024-04-08T08:46:41.808+0000] {dagbag.py:540} INFO - Filling up the DagBag from /home/airflow/.local/lib/python3.8/site-packages/airflow/example_dags/tutorial.py
[2024-04-08T08:46:41.821+0000] {processor.py:840} INFO - DAG(s) 'tutorial' retrieved from /home/airflow/.local/lib/python3.8/site-packages/airflow/example_dags/tutorial.py
[2024-04-08T08:46:41.875+0000] {logging_mixin.py:188} INFO - [2024-04-08T08:46:41.875+0000] {dag.py:3047} INFO - Sync 1 DAGs
[2024-04-08T08:46:41.930+0000] {logging_mixin.py:188} INFO - [2024-04-08T08:46:41.930+0000] {dag.py:3834} INFO - Setting next_dagrun for tutorial to 2024-04-07 00:00:00+00:00, run_after=2024-04-08 00:00:00+00:00
[2024-04-08T08:46:41.963+0000] {processor.py:183} INFO - Processing /home/airflow/.local/lib/python3.8/site-packages/airflow/example_dags/tutorial.py took 0.162 seconds
[2024-04-08T08:47:12.494+0000] {processor.py:161} INFO - Started process (PID=10362) to work on /home/airflow/.local/lib/python3.8/site-packages/airflow/example_dags/tutorial.py
[2024-04-08T08:47:12.495+0000] {processor.py:830} INFO - Processing file /home/airflow/.local/lib/python3.8/site-packages/airflow/example_dags/tutorial.py for tasks to queue
[2024-04-08T08:47:12.496+0000] {logging_mixin.py:188} INFO - [2024-04-08T08:47:12.496+0000] {dagbag.py:540} INFO - Filling up the DagBag from /home/airflow/.local/lib/python3.8/site-packages/airflow/example_dags/tutorial.py
[2024-04-08T08:47:12.504+0000] {processor.py:840} INFO - DAG(s) 'tutorial' retrieved from /home/airflow/.local/lib/python3.8/site-packages/airflow/example_dags/tutorial.py
[2024-04-08T08:47:12.535+0000] {logging_mixin.py:188} INFO - [2024-04-08T08:47:12.534+0000] {dag.py:3047} INFO - Sync 1 DAGs
[2024-04-08T08:47:12.565+0000] {logging_mixin.py:188} INFO - [2024-04-08T08:47:12.565+0000] {dag.py:3834} INFO - Setting next_dagrun for tutorial to 2024-04-07 00:00:00+00:00, run_after=2024-04-08 00:00:00+00:00
[2024-04-08T08:47:12.589+0000] {processor.py:183} INFO - Processing /home/airflow/.local/lib/python3.8/site-packages/airflow/example_dags/tutorial.py took 0.099 seconds
[2024-04-08T08:47:42.839+0000] {processor.py:161} INFO - Started process (PID=10621) to work on /home/airflow/.local/lib/python3.8/site-packages/airflow/example_dags/tutorial.py
[2024-04-08T08:47:42.840+0000] {processor.py:830} INFO - Processing file /home/airflow/.local/lib/python3.8/site-packages/airflow/example_dags/tutorial.py for tasks to queue
[2024-04-08T08:47:42.846+0000] {logging_mixin.py:188} INFO - [2024-04-08T08:47:42.846+0000] {dagbag.py:540} INFO - Filling up the DagBag from /home/airflow/.local/lib/python3.8/site-packages/airflow/example_dags/tutorial.py
[2024-04-08T08:47:42.865+0000] {processor.py:840} INFO - DAG(s) 'tutorial' retrieved from /home/airflow/.local/lib/python3.8/site-packages/airflow/example_dags/tutorial.py
[2024-04-08T08:47:42.896+0000] {logging_mixin.py:188} INFO - [2024-04-08T08:47:42.896+0000] {dag.py:3047} INFO - Sync 1 DAGs
[2024-04-08T08:47:42.923+0000] {logging_mixin.py:188} INFO - [2024-04-08T08:47:42.923+0000] {dag.py:3834} INFO - Setting next_dagrun for tutorial to 2024-04-07 00:00:00+00:00, run_after=2024-04-08 00:00:00+00:00
[2024-04-08T08:47:42.950+0000] {processor.py:183} INFO - Processing /home/airflow/.local/lib/python3.8/site-packages/airflow/example_dags/tutorial.py took 0.114 seconds
[2024-04-08T08:48:13.884+0000] {processor.py:161} INFO - Started process (PID=10881) to work on /home/airflow/.local/lib/python3.8/site-packages/airflow/example_dags/tutorial.py
[2024-04-08T08:48:13.885+0000] {processor.py:830} INFO - Processing file /home/airflow/.local/lib/python3.8/site-packages/airflow/example_dags/tutorial.py for tasks to queue
[2024-04-08T08:48:13.886+0000] {logging_mixin.py:188} INFO - [2024-04-08T08:48:13.886+0000] {dagbag.py:540} INFO - Filling up the DagBag from /home/airflow/.local/lib/python3.8/site-packages/airflow/example_dags/tutorial.py
[2024-04-08T08:48:13.893+0000] {processor.py:840} INFO - DAG(s) 'tutorial' retrieved from /home/airflow/.local/lib/python3.8/site-packages/airflow/example_dags/tutorial.py
[2024-04-08T08:48:13.916+0000] {logging_mixin.py:188} INFO - [2024-04-08T08:48:13.915+0000] {dag.py:3047} INFO - Sync 1 DAGs
[2024-04-08T08:48:13.942+0000] {logging_mixin.py:188} INFO - [2024-04-08T08:48:13.941+0000] {dag.py:3834} INFO - Setting next_dagrun for tutorial to 2024-04-07 00:00:00+00:00, run_after=2024-04-08 00:00:00+00:00
[2024-04-08T08:48:13.965+0000] {processor.py:183} INFO - Processing /home/airflow/.local/lib/python3.8/site-packages/airflow/example_dags/tutorial.py took 0.085 seconds
[2024-04-08T08:48:44.326+0000] {processor.py:161} INFO - Started process (PID=11138) to work on /home/airflow/.local/lib/python3.8/site-packages/airflow/example_dags/tutorial.py
[2024-04-08T08:48:44.327+0000] {processor.py:830} INFO - Processing file /home/airflow/.local/lib/python3.8/site-packages/airflow/example_dags/tutorial.py for tasks to queue
[2024-04-08T08:48:44.329+0000] {logging_mixin.py:188} INFO - [2024-04-08T08:48:44.328+0000] {dagbag.py:540} INFO - Filling up the DagBag from /home/airflow/.local/lib/python3.8/site-packages/airflow/example_dags/tutorial.py
[2024-04-08T08:48:44.336+0000] {processor.py:840} INFO - DAG(s) 'tutorial' retrieved from /home/airflow/.local/lib/python3.8/site-packages/airflow/example_dags/tutorial.py
[2024-04-08T08:48:44.360+0000] {logging_mixin.py:188} INFO - [2024-04-08T08:48:44.360+0000] {dag.py:3047} INFO - Sync 1 DAGs
[2024-04-08T08:48:44.385+0000] {logging_mixin.py:188} INFO - [2024-04-08T08:48:44.384+0000] {dag.py:3834} INFO - Setting next_dagrun for tutorial to 2024-04-07 00:00:00+00:00, run_after=2024-04-08 00:00:00+00:00
[2024-04-08T08:48:44.413+0000] {processor.py:183} INFO - Processing /home/airflow/.local/lib/python3.8/site-packages/airflow/example_dags/tutorial.py took 0.090 seconds
[2024-04-08T08:49:14.514+0000] {processor.py:161} INFO - Started process (PID=11395) to work on /home/airflow/.local/lib/python3.8/site-packages/airflow/example_dags/tutorial.py
[2024-04-08T08:49:14.515+0000] {processor.py:830} INFO - Processing file /home/airflow/.local/lib/python3.8/site-packages/airflow/example_dags/tutorial.py for tasks to queue
[2024-04-08T08:49:14.516+0000] {logging_mixin.py:188} INFO - [2024-04-08T08:49:14.516+0000] {dagbag.py:540} INFO - Filling up the DagBag from /home/airflow/.local/lib/python3.8/site-packages/airflow/example_dags/tutorial.py
[2024-04-08T08:49:14.523+0000] {processor.py:840} INFO - DAG(s) 'tutorial' retrieved from /home/airflow/.local/lib/python3.8/site-packages/airflow/example_dags/tutorial.py
[2024-04-08T08:49:14.547+0000] {logging_mixin.py:188} INFO - [2024-04-08T08:49:14.547+0000] {dag.py:3047} INFO - Sync 1 DAGs
[2024-04-08T08:49:14.570+0000] {logging_mixin.py:188} INFO - [2024-04-08T08:49:14.570+0000] {dag.py:3834} INFO - Setting next_dagrun for tutorial to 2024-04-07 00:00:00+00:00, run_after=2024-04-08 00:00:00+00:00
[2024-04-08T08:49:14.594+0000] {processor.py:183} INFO - Processing /home/airflow/.local/lib/python3.8/site-packages/airflow/example_dags/tutorial.py took 0.085 seconds
[2024-04-08T08:49:45.115+0000] {processor.py:161} INFO - Started process (PID=11653) to work on /home/airflow/.local/lib/python3.8/site-packages/airflow/example_dags/tutorial.py
[2024-04-08T08:49:45.116+0000] {processor.py:830} INFO - Processing file /home/airflow/.local/lib/python3.8/site-packages/airflow/example_dags/tutorial.py for tasks to queue
[2024-04-08T08:49:45.117+0000] {logging_mixin.py:188} INFO - [2024-04-08T08:49:45.117+0000] {dagbag.py:540} INFO - Filling up the DagBag from /home/airflow/.local/lib/python3.8/site-packages/airflow/example_dags/tutorial.py
[2024-04-08T08:49:45.124+0000] {processor.py:840} INFO - DAG(s) 'tutorial' retrieved from /home/airflow/.local/lib/python3.8/site-packages/airflow/example_dags/tutorial.py
[2024-04-08T08:49:45.148+0000] {logging_mixin.py:188} INFO - [2024-04-08T08:49:45.148+0000] {dag.py:3047} INFO - Sync 1 DAGs
[2024-04-08T08:49:45.174+0000] {logging_mixin.py:188} INFO - [2024-04-08T08:49:45.173+0000] {dag.py:3834} INFO - Setting next_dagrun for tutorial to 2024-04-07 00:00:00+00:00, run_after=2024-04-08 00:00:00+00:00
[2024-04-08T08:49:45.198+0000] {processor.py:183} INFO - Processing /home/airflow/.local/lib/python3.8/site-packages/airflow/example_dags/tutorial.py took 0.089 seconds
[2024-04-08T08:50:15.697+0000] {processor.py:161} INFO - Started process (PID=11909) to work on /home/airflow/.local/lib/python3.8/site-packages/airflow/example_dags/tutorial.py
[2024-04-08T08:50:15.698+0000] {processor.py:830} INFO - Processing file /home/airflow/.local/lib/python3.8/site-packages/airflow/example_dags/tutorial.py for tasks to queue
[2024-04-08T08:50:15.700+0000] {logging_mixin.py:188} INFO - [2024-04-08T08:50:15.699+0000] {dagbag.py:540} INFO - Filling up the DagBag from /home/airflow/.local/lib/python3.8/site-packages/airflow/example_dags/tutorial.py
[2024-04-08T08:50:15.707+0000] {processor.py:840} INFO - DAG(s) 'tutorial' retrieved from /home/airflow/.local/lib/python3.8/site-packages/airflow/example_dags/tutorial.py
[2024-04-08T08:50:15.734+0000] {logging_mixin.py:188} INFO - [2024-04-08T08:50:15.733+0000] {dag.py:3047} INFO - Sync 1 DAGs
[2024-04-08T08:50:15.760+0000] {logging_mixin.py:188} INFO - [2024-04-08T08:50:15.759+0000] {dag.py:3834} INFO - Setting next_dagrun for tutorial to 2024-04-07 00:00:00+00:00, run_after=2024-04-08 00:00:00+00:00
[2024-04-08T08:50:15.783+0000] {processor.py:183} INFO - Processing /home/airflow/.local/lib/python3.8/site-packages/airflow/example_dags/tutorial.py took 0.089 seconds
[2024-04-08T08:50:46.074+0000] {processor.py:161} INFO - Started process (PID=12167) to work on /home/airflow/.local/lib/python3.8/site-packages/airflow/example_dags/tutorial.py
[2024-04-08T08:50:46.075+0000] {processor.py:830} INFO - Processing file /home/airflow/.local/lib/python3.8/site-packages/airflow/example_dags/tutorial.py for tasks to queue
[2024-04-08T08:50:46.076+0000] {logging_mixin.py:188} INFO - [2024-04-08T08:50:46.075+0000] {dagbag.py:540} INFO - Filling up the DagBag from /home/airflow/.local/lib/python3.8/site-packages/airflow/example_dags/tutorial.py
[2024-04-08T08:50:46.083+0000] {processor.py:840} INFO - DAG(s) 'tutorial' retrieved from /home/airflow/.local/lib/python3.8/site-packages/airflow/example_dags/tutorial.py
[2024-04-08T08:50:46.106+0000] {logging_mixin.py:188} INFO - [2024-04-08T08:50:46.106+0000] {dag.py:3047} INFO - Sync 1 DAGs
[2024-04-08T08:50:46.132+0000] {logging_mixin.py:188} INFO - [2024-04-08T08:50:46.132+0000] {dag.py:3834} INFO - Setting next_dagrun for tutorial to 2024-04-07 00:00:00+00:00, run_after=2024-04-08 00:00:00+00:00
[2024-04-08T08:50:46.155+0000] {processor.py:183} INFO - Processing /home/airflow/.local/lib/python3.8/site-packages/airflow/example_dags/tutorial.py took 0.085 seconds
[2024-04-08T08:51:16.616+0000] {processor.py:161} INFO - Started process (PID=12427) to work on /home/airflow/.local/lib/python3.8/site-packages/airflow/example_dags/tutorial.py
[2024-04-08T08:51:16.617+0000] {processor.py:830} INFO - Processing file /home/airflow/.local/lib/python3.8/site-packages/airflow/example_dags/tutorial.py for tasks to queue
[2024-04-08T08:51:16.618+0000] {logging_mixin.py:188} INFO - [2024-04-08T08:51:16.617+0000] {dagbag.py:540} INFO - Filling up the DagBag from /home/airflow/.local/lib/python3.8/site-packages/airflow/example_dags/tutorial.py
[2024-04-08T08:51:16.623+0000] {processor.py:840} INFO - DAG(s) 'tutorial' retrieved from /home/airflow/.local/lib/python3.8/site-packages/airflow/example_dags/tutorial.py
[2024-04-08T08:51:16.642+0000] {logging_mixin.py:188} INFO - [2024-04-08T08:51:16.642+0000] {dag.py:3047} INFO - Sync 1 DAGs
[2024-04-08T08:51:16.666+0000] {logging_mixin.py:188} INFO - [2024-04-08T08:51:16.666+0000] {dag.py:3834} INFO - Setting next_dagrun for tutorial to 2024-04-07 00:00:00+00:00, run_after=2024-04-08 00:00:00+00:00
[2024-04-08T08:51:16.685+0000] {processor.py:183} INFO - Processing /home/airflow/.local/lib/python3.8/site-packages/airflow/example_dags/tutorial.py took 0.072 seconds
[2024-04-08T08:51:46.996+0000] {processor.py:161} INFO - Started process (PID=12682) to work on /home/airflow/.local/lib/python3.8/site-packages/airflow/example_dags/tutorial.py
[2024-04-08T08:51:46.998+0000] {processor.py:830} INFO - Processing file /home/airflow/.local/lib/python3.8/site-packages/airflow/example_dags/tutorial.py for tasks to queue
[2024-04-08T08:51:46.999+0000] {logging_mixin.py:188} INFO - [2024-04-08T08:51:46.999+0000] {dagbag.py:540} INFO - Filling up the DagBag from /home/airflow/.local/lib/python3.8/site-packages/airflow/example_dags/tutorial.py
[2024-04-08T08:51:47.005+0000] {processor.py:840} INFO - DAG(s) 'tutorial' retrieved from /home/airflow/.local/lib/python3.8/site-packages/airflow/example_dags/tutorial.py
[2024-04-08T08:51:47.039+0000] {logging_mixin.py:188} INFO - [2024-04-08T08:51:47.039+0000] {dag.py:3047} INFO - Sync 1 DAGs
[2024-04-08T08:51:47.069+0000] {logging_mixin.py:188} INFO - [2024-04-08T08:51:47.068+0000] {dag.py:3834} INFO - Setting next_dagrun for tutorial to 2024-04-07 00:00:00+00:00, run_after=2024-04-08 00:00:00+00:00
[2024-04-08T08:51:47.096+0000] {processor.py:183} INFO - Processing /home/airflow/.local/lib/python3.8/site-packages/airflow/example_dags/tutorial.py took 0.104 seconds
[2024-04-08T08:52:17.650+0000] {processor.py:161} INFO - Started process (PID=12939) to work on /home/airflow/.local/lib/python3.8/site-packages/airflow/example_dags/tutorial.py
[2024-04-08T08:52:17.651+0000] {processor.py:830} INFO - Processing file /home/airflow/.local/lib/python3.8/site-packages/airflow/example_dags/tutorial.py for tasks to queue
[2024-04-08T08:52:17.653+0000] {logging_mixin.py:188} INFO - [2024-04-08T08:52:17.653+0000] {dagbag.py:540} INFO - Filling up the DagBag from /home/airflow/.local/lib/python3.8/site-packages/airflow/example_dags/tutorial.py
[2024-04-08T08:52:17.660+0000] {processor.py:840} INFO - DAG(s) 'tutorial' retrieved from /home/airflow/.local/lib/python3.8/site-packages/airflow/example_dags/tutorial.py
[2024-04-08T08:52:17.684+0000] {logging_mixin.py:188} INFO - [2024-04-08T08:52:17.684+0000] {dag.py:3047} INFO - Sync 1 DAGs
[2024-04-08T08:52:17.711+0000] {logging_mixin.py:188} INFO - [2024-04-08T08:52:17.711+0000] {dag.py:3834} INFO - Setting next_dagrun for tutorial to 2024-04-07 00:00:00+00:00, run_after=2024-04-08 00:00:00+00:00
[2024-04-08T08:52:17.737+0000] {processor.py:183} INFO - Processing /home/airflow/.local/lib/python3.8/site-packages/airflow/example_dags/tutorial.py took 0.090 seconds
[2024-04-08T08:52:48.031+0000] {processor.py:161} INFO - Started process (PID=13196) to work on /home/airflow/.local/lib/python3.8/site-packages/airflow/example_dags/tutorial.py
[2024-04-08T08:52:48.042+0000] {processor.py:830} INFO - Processing file /home/airflow/.local/lib/python3.8/site-packages/airflow/example_dags/tutorial.py for tasks to queue
[2024-04-08T08:52:48.043+0000] {logging_mixin.py:188} INFO - [2024-04-08T08:52:48.042+0000] {dagbag.py:540} INFO - Filling up the DagBag from /home/airflow/.local/lib/python3.8/site-packages/airflow/example_dags/tutorial.py
[2024-04-08T08:52:48.050+0000] {processor.py:840} INFO - DAG(s) 'tutorial' retrieved from /home/airflow/.local/lib/python3.8/site-packages/airflow/example_dags/tutorial.py
[2024-04-08T08:52:48.085+0000] {logging_mixin.py:188} INFO - [2024-04-08T08:52:48.085+0000] {dag.py:3047} INFO - Sync 1 DAGs
[2024-04-08T08:52:48.119+0000] {logging_mixin.py:188} INFO - [2024-04-08T08:52:48.119+0000] {dag.py:3834} INFO - Setting next_dagrun for tutorial to 2024-04-07 00:00:00+00:00, run_after=2024-04-08 00:00:00+00:00
[2024-04-08T08:52:48.143+0000] {processor.py:183} INFO - Processing /home/airflow/.local/lib/python3.8/site-packages/airflow/example_dags/tutorial.py took 0.115 seconds
[2024-04-08T08:53:18.221+0000] {processor.py:161} INFO - Started process (PID=13448) to work on /home/airflow/.local/lib/python3.8/site-packages/airflow/example_dags/tutorial.py
[2024-04-08T08:53:18.222+0000] {processor.py:830} INFO - Processing file /home/airflow/.local/lib/python3.8/site-packages/airflow/example_dags/tutorial.py for tasks to queue
[2024-04-08T08:53:18.223+0000] {logging_mixin.py:188} INFO - [2024-04-08T08:53:18.223+0000] {dagbag.py:540} INFO - Filling up the DagBag from /home/airflow/.local/lib/python3.8/site-packages/airflow/example_dags/tutorial.py
[2024-04-08T08:53:18.231+0000] {processor.py:840} INFO - DAG(s) 'tutorial' retrieved from /home/airflow/.local/lib/python3.8/site-packages/airflow/example_dags/tutorial.py
[2024-04-08T08:53:18.254+0000] {logging_mixin.py:188} INFO - [2024-04-08T08:53:18.254+0000] {dag.py:3047} INFO - Sync 1 DAGs
[2024-04-08T08:53:18.280+0000] {logging_mixin.py:188} INFO - [2024-04-08T08:53:18.280+0000] {dag.py:3834} INFO - Setting next_dagrun for tutorial to 2024-04-07 00:00:00+00:00, run_after=2024-04-08 00:00:00+00:00
[2024-04-08T08:53:18.304+0000] {processor.py:183} INFO - Processing /home/airflow/.local/lib/python3.8/site-packages/airflow/example_dags/tutorial.py took 0.086 seconds
[2024-04-08T08:53:48.893+0000] {processor.py:161} INFO - Started process (PID=13705) to work on /home/airflow/.local/lib/python3.8/site-packages/airflow/example_dags/tutorial.py
[2024-04-08T08:53:48.894+0000] {processor.py:830} INFO - Processing file /home/airflow/.local/lib/python3.8/site-packages/airflow/example_dags/tutorial.py for tasks to queue
[2024-04-08T08:53:48.896+0000] {logging_mixin.py:188} INFO - [2024-04-08T08:53:48.895+0000] {dagbag.py:540} INFO - Filling up the DagBag from /home/airflow/.local/lib/python3.8/site-packages/airflow/example_dags/tutorial.py
[2024-04-08T08:53:48.903+0000] {processor.py:840} INFO - DAG(s) 'tutorial' retrieved from /home/airflow/.local/lib/python3.8/site-packages/airflow/example_dags/tutorial.py
[2024-04-08T08:53:48.941+0000] {logging_mixin.py:188} INFO - [2024-04-08T08:53:48.940+0000] {dag.py:3047} INFO - Sync 1 DAGs
[2024-04-08T08:53:48.968+0000] {logging_mixin.py:188} INFO - [2024-04-08T08:53:48.968+0000] {dag.py:3834} INFO - Setting next_dagrun for tutorial to 2024-04-07 00:00:00+00:00, run_after=2024-04-08 00:00:00+00:00
[2024-04-08T08:53:48.991+0000] {processor.py:183} INFO - Processing /home/airflow/.local/lib/python3.8/site-packages/airflow/example_dags/tutorial.py took 0.102 seconds
[2024-04-08T08:54:19.242+0000] {processor.py:161} INFO - Started process (PID=13963) to work on /home/airflow/.local/lib/python3.8/site-packages/airflow/example_dags/tutorial.py
[2024-04-08T08:54:19.243+0000] {processor.py:830} INFO - Processing file /home/airflow/.local/lib/python3.8/site-packages/airflow/example_dags/tutorial.py for tasks to queue
[2024-04-08T08:54:19.244+0000] {logging_mixin.py:188} INFO - [2024-04-08T08:54:19.244+0000] {dagbag.py:540} INFO - Filling up the DagBag from /home/airflow/.local/lib/python3.8/site-packages/airflow/example_dags/tutorial.py
[2024-04-08T08:54:19.251+0000] {processor.py:840} INFO - DAG(s) 'tutorial' retrieved from /home/airflow/.local/lib/python3.8/site-packages/airflow/example_dags/tutorial.py
[2024-04-08T08:54:19.274+0000] {logging_mixin.py:188} INFO - [2024-04-08T08:54:19.274+0000] {dag.py:3047} INFO - Sync 1 DAGs
[2024-04-08T08:54:19.299+0000] {logging_mixin.py:188} INFO - [2024-04-08T08:54:19.298+0000] {dag.py:3834} INFO - Setting next_dagrun for tutorial to 2024-04-07 00:00:00+00:00, run_after=2024-04-08 00:00:00+00:00
[2024-04-08T08:54:19.322+0000] {processor.py:183} INFO - Processing /home/airflow/.local/lib/python3.8/site-packages/airflow/example_dags/tutorial.py took 0.084 seconds
[2024-04-08T08:54:49.621+0000] {processor.py:161} INFO - Started process (PID=14216) to work on /home/airflow/.local/lib/python3.8/site-packages/airflow/example_dags/tutorial.py
[2024-04-08T08:54:49.623+0000] {processor.py:830} INFO - Processing file /home/airflow/.local/lib/python3.8/site-packages/airflow/example_dags/tutorial.py for tasks to queue
[2024-04-08T08:54:49.624+0000] {logging_mixin.py:188} INFO - [2024-04-08T08:54:49.623+0000] {dagbag.py:540} INFO - Filling up the DagBag from /home/airflow/.local/lib/python3.8/site-packages/airflow/example_dags/tutorial.py
[2024-04-08T08:54:49.630+0000] {processor.py:840} INFO - DAG(s) 'tutorial' retrieved from /home/airflow/.local/lib/python3.8/site-packages/airflow/example_dags/tutorial.py
[2024-04-08T08:54:49.652+0000] {logging_mixin.py:188} INFO - [2024-04-08T08:54:49.652+0000] {dag.py:3047} INFO - Sync 1 DAGs
[2024-04-08T08:54:49.680+0000] {logging_mixin.py:188} INFO - [2024-04-08T08:54:49.680+0000] {dag.py:3834} INFO - Setting next_dagrun for tutorial to 2024-04-07 00:00:00+00:00, run_after=2024-04-08 00:00:00+00:00
[2024-04-08T08:54:49.704+0000] {processor.py:183} INFO - Processing /home/airflow/.local/lib/python3.8/site-packages/airflow/example_dags/tutorial.py took 0.087 seconds
[2024-04-08T08:55:19.947+0000] {processor.py:161} INFO - Started process (PID=14479) to work on /home/airflow/.local/lib/python3.8/site-packages/airflow/example_dags/tutorial.py
[2024-04-08T08:55:19.949+0000] {processor.py:830} INFO - Processing file /home/airflow/.local/lib/python3.8/site-packages/airflow/example_dags/tutorial.py for tasks to queue
[2024-04-08T08:55:19.949+0000] {logging_mixin.py:188} INFO - [2024-04-08T08:55:19.949+0000] {dagbag.py:540} INFO - Filling up the DagBag from /home/airflow/.local/lib/python3.8/site-packages/airflow/example_dags/tutorial.py
[2024-04-08T08:55:19.957+0000] {processor.py:840} INFO - DAG(s) 'tutorial' retrieved from /home/airflow/.local/lib/python3.8/site-packages/airflow/example_dags/tutorial.py
[2024-04-08T08:55:19.983+0000] {logging_mixin.py:188} INFO - [2024-04-08T08:55:19.982+0000] {dag.py:3047} INFO - Sync 1 DAGs
[2024-04-08T08:55:20.008+0000] {logging_mixin.py:188} INFO - [2024-04-08T08:55:20.008+0000] {dag.py:3834} INFO - Setting next_dagrun for tutorial to 2024-04-07 00:00:00+00:00, run_after=2024-04-08 00:00:00+00:00
[2024-04-08T08:55:20.033+0000] {processor.py:183} INFO - Processing /home/airflow/.local/lib/python3.8/site-packages/airflow/example_dags/tutorial.py took 0.090 seconds
[2024-04-08T08:55:50.270+0000] {processor.py:161} INFO - Started process (PID=14737) to work on /home/airflow/.local/lib/python3.8/site-packages/airflow/example_dags/tutorial.py
[2024-04-08T08:55:50.271+0000] {processor.py:830} INFO - Processing file /home/airflow/.local/lib/python3.8/site-packages/airflow/example_dags/tutorial.py for tasks to queue
[2024-04-08T08:55:50.272+0000] {logging_mixin.py:188} INFO - [2024-04-08T08:55:50.272+0000] {dagbag.py:540} INFO - Filling up the DagBag from /home/airflow/.local/lib/python3.8/site-packages/airflow/example_dags/tutorial.py
[2024-04-08T08:55:50.279+0000] {processor.py:840} INFO - DAG(s) 'tutorial' retrieved from /home/airflow/.local/lib/python3.8/site-packages/airflow/example_dags/tutorial.py
[2024-04-08T08:55:50.304+0000] {logging_mixin.py:188} INFO - [2024-04-08T08:55:50.303+0000] {dag.py:3047} INFO - Sync 1 DAGs
[2024-04-08T08:55:50.330+0000] {logging_mixin.py:188} INFO - [2024-04-08T08:55:50.330+0000] {dag.py:3834} INFO - Setting next_dagrun for tutorial to 2024-04-07 00:00:00+00:00, run_after=2024-04-08 00:00:00+00:00
[2024-04-08T08:55:50.357+0000] {processor.py:183} INFO - Processing /home/airflow/.local/lib/python3.8/site-packages/airflow/example_dags/tutorial.py took 0.090 seconds
[2024-04-08T08:56:20.531+0000] {processor.py:161} INFO - Started process (PID=14995) to work on /home/airflow/.local/lib/python3.8/site-packages/airflow/example_dags/tutorial.py
[2024-04-08T08:56:20.531+0000] {processor.py:830} INFO - Processing file /home/airflow/.local/lib/python3.8/site-packages/airflow/example_dags/tutorial.py for tasks to queue
[2024-04-08T08:56:20.532+0000] {logging_mixin.py:188} INFO - [2024-04-08T08:56:20.532+0000] {dagbag.py:540} INFO - Filling up the DagBag from /home/airflow/.local/lib/python3.8/site-packages/airflow/example_dags/tutorial.py
[2024-04-08T08:56:20.539+0000] {processor.py:840} INFO - DAG(s) 'tutorial' retrieved from /home/airflow/.local/lib/python3.8/site-packages/airflow/example_dags/tutorial.py
[2024-04-08T08:56:20.561+0000] {logging_mixin.py:188} INFO - [2024-04-08T08:56:20.561+0000] {dag.py:3047} INFO - Sync 1 DAGs
[2024-04-08T08:56:20.587+0000] {logging_mixin.py:188} INFO - [2024-04-08T08:56:20.586+0000] {dag.py:3834} INFO - Setting next_dagrun for tutorial to 2024-04-07 00:00:00+00:00, run_after=2024-04-08 00:00:00+00:00
[2024-04-08T08:56:20.608+0000] {processor.py:183} INFO - Processing /home/airflow/.local/lib/python3.8/site-packages/airflow/example_dags/tutorial.py took 0.082 seconds
[2024-04-08T08:56:51.027+0000] {processor.py:161} INFO - Started process (PID=15252) to work on /home/airflow/.local/lib/python3.8/site-packages/airflow/example_dags/tutorial.py
[2024-04-08T08:56:51.028+0000] {processor.py:830} INFO - Processing file /home/airflow/.local/lib/python3.8/site-packages/airflow/example_dags/tutorial.py for tasks to queue
[2024-04-08T08:56:51.029+0000] {logging_mixin.py:188} INFO - [2024-04-08T08:56:51.029+0000] {dagbag.py:540} INFO - Filling up the DagBag from /home/airflow/.local/lib/python3.8/site-packages/airflow/example_dags/tutorial.py
[2024-04-08T08:56:51.036+0000] {processor.py:840} INFO - DAG(s) 'tutorial' retrieved from /home/airflow/.local/lib/python3.8/site-packages/airflow/example_dags/tutorial.py
[2024-04-08T08:56:51.062+0000] {logging_mixin.py:188} INFO - [2024-04-08T08:56:51.062+0000] {dag.py:3047} INFO - Sync 1 DAGs
[2024-04-08T08:56:51.088+0000] {logging_mixin.py:188} INFO - [2024-04-08T08:56:51.088+0000] {dag.py:3834} INFO - Setting next_dagrun for tutorial to 2024-04-07 00:00:00+00:00, run_after=2024-04-08 00:00:00+00:00
[2024-04-08T08:56:51.114+0000] {processor.py:183} INFO - Processing /home/airflow/.local/lib/python3.8/site-packages/airflow/example_dags/tutorial.py took 0.091 seconds
