[2024-04-08T08:27:17.572+0000] {processor.py:161} INFO - Started process (PID=182) to work on /home/airflow/.local/lib/python3.8/site-packages/airflow/example_dags/tutorial_dag.py
[2024-04-08T08:27:17.574+0000] {processor.py:830} INFO - Processing file /home/airflow/.local/lib/python3.8/site-packages/airflow/example_dags/tutorial_dag.py for tasks to queue
[2024-04-08T08:27:17.577+0000] {logging_mixin.py:188} INFO - [2024-04-08T08:27:17.576+0000] {dagbag.py:540} INFO - Filling up the DagBag from /home/airflow/.local/lib/python3.8/site-packages/airflow/example_dags/tutorial_dag.py
[2024-04-08T08:27:17.590+0000] {processor.py:840} INFO - DAG(s) 'tutorial_dag' retrieved from /home/airflow/.local/lib/python3.8/site-packages/airflow/example_dags/tutorial_dag.py
[2024-04-08T08:27:17.786+0000] {logging_mixin.py:188} INFO - [2024-04-08T08:27:17.785+0000] {dag.py:3047} INFO - Sync 1 DAGs
[2024-04-08T08:27:17.828+0000] {logging_mixin.py:188} INFO - [2024-04-08T08:27:17.828+0000] {dag.py:3834} INFO - Setting next_dagrun for tutorial_dag to None, run_after=None
[2024-04-08T08:27:17.906+0000] {processor.py:183} INFO - Processing /home/airflow/.local/lib/python3.8/site-packages/airflow/example_dags/tutorial_dag.py took 0.337 seconds
[2024-04-08T08:27:48.409+0000] {processor.py:161} INFO - Started process (PID=437) to work on /home/airflow/.local/lib/python3.8/site-packages/airflow/example_dags/tutorial_dag.py
[2024-04-08T08:27:48.410+0000] {processor.py:830} INFO - Processing file /home/airflow/.local/lib/python3.8/site-packages/airflow/example_dags/tutorial_dag.py for tasks to queue
[2024-04-08T08:27:48.411+0000] {logging_mixin.py:188} INFO - [2024-04-08T08:27:48.410+0000] {dagbag.py:540} INFO - Filling up the DagBag from /home/airflow/.local/lib/python3.8/site-packages/airflow/example_dags/tutorial_dag.py
[2024-04-08T08:27:48.416+0000] {processor.py:840} INFO - DAG(s) 'tutorial_dag' retrieved from /home/airflow/.local/lib/python3.8/site-packages/airflow/example_dags/tutorial_dag.py
[2024-04-08T08:27:48.438+0000] {logging_mixin.py:188} INFO - [2024-04-08T08:27:48.438+0000] {dag.py:3047} INFO - Sync 1 DAGs
[2024-04-08T08:27:48.453+0000] {logging_mixin.py:188} INFO - [2024-04-08T08:27:48.453+0000] {dag.py:3834} INFO - Setting next_dagrun for tutorial_dag to None, run_after=None
[2024-04-08T08:27:48.514+0000] {processor.py:183} INFO - Processing /home/airflow/.local/lib/python3.8/site-packages/airflow/example_dags/tutorial_dag.py took 0.111 seconds
[2024-04-08T08:28:19.253+0000] {processor.py:161} INFO - Started process (PID=697) to work on /home/airflow/.local/lib/python3.8/site-packages/airflow/example_dags/tutorial_dag.py
[2024-04-08T08:28:19.254+0000] {processor.py:830} INFO - Processing file /home/airflow/.local/lib/python3.8/site-packages/airflow/example_dags/tutorial_dag.py for tasks to queue
[2024-04-08T08:28:19.255+0000] {logging_mixin.py:188} INFO - [2024-04-08T08:28:19.255+0000] {dagbag.py:540} INFO - Filling up the DagBag from /home/airflow/.local/lib/python3.8/site-packages/airflow/example_dags/tutorial_dag.py
[2024-04-08T08:28:19.261+0000] {processor.py:840} INFO - DAG(s) 'tutorial_dag' retrieved from /home/airflow/.local/lib/python3.8/site-packages/airflow/example_dags/tutorial_dag.py
[2024-04-08T08:28:19.285+0000] {logging_mixin.py:188} INFO - [2024-04-08T08:28:19.285+0000] {dag.py:3047} INFO - Sync 1 DAGs
[2024-04-08T08:28:19.300+0000] {logging_mixin.py:188} INFO - [2024-04-08T08:28:19.300+0000] {dag.py:3834} INFO - Setting next_dagrun for tutorial_dag to None, run_after=None
[2024-04-08T08:28:19.327+0000] {processor.py:183} INFO - Processing /home/airflow/.local/lib/python3.8/site-packages/airflow/example_dags/tutorial_dag.py took 0.078 seconds
[2024-04-08T08:28:49.775+0000] {processor.py:161} INFO - Started process (PID=953) to work on /home/airflow/.local/lib/python3.8/site-packages/airflow/example_dags/tutorial_dag.py
[2024-04-08T08:28:49.776+0000] {processor.py:830} INFO - Processing file /home/airflow/.local/lib/python3.8/site-packages/airflow/example_dags/tutorial_dag.py for tasks to queue
[2024-04-08T08:28:49.777+0000] {logging_mixin.py:188} INFO - [2024-04-08T08:28:49.777+0000] {dagbag.py:540} INFO - Filling up the DagBag from /home/airflow/.local/lib/python3.8/site-packages/airflow/example_dags/tutorial_dag.py
[2024-04-08T08:28:49.783+0000] {processor.py:840} INFO - DAG(s) 'tutorial_dag' retrieved from /home/airflow/.local/lib/python3.8/site-packages/airflow/example_dags/tutorial_dag.py
[2024-04-08T08:28:49.811+0000] {logging_mixin.py:188} INFO - [2024-04-08T08:28:49.811+0000] {dag.py:3047} INFO - Sync 1 DAGs
[2024-04-08T08:28:49.825+0000] {logging_mixin.py:188} INFO - [2024-04-08T08:28:49.825+0000] {dag.py:3834} INFO - Setting next_dagrun for tutorial_dag to None, run_after=None
[2024-04-08T08:28:49.849+0000] {processor.py:183} INFO - Processing /home/airflow/.local/lib/python3.8/site-packages/airflow/example_dags/tutorial_dag.py took 0.079 seconds
[2024-04-08T08:29:20.477+0000] {processor.py:161} INFO - Started process (PID=1211) to work on /home/airflow/.local/lib/python3.8/site-packages/airflow/example_dags/tutorial_dag.py
[2024-04-08T08:29:20.478+0000] {processor.py:830} INFO - Processing file /home/airflow/.local/lib/python3.8/site-packages/airflow/example_dags/tutorial_dag.py for tasks to queue
[2024-04-08T08:29:20.479+0000] {logging_mixin.py:188} INFO - [2024-04-08T08:29:20.479+0000] {dagbag.py:540} INFO - Filling up the DagBag from /home/airflow/.local/lib/python3.8/site-packages/airflow/example_dags/tutorial_dag.py
[2024-04-08T08:29:20.484+0000] {processor.py:840} INFO - DAG(s) 'tutorial_dag' retrieved from /home/airflow/.local/lib/python3.8/site-packages/airflow/example_dags/tutorial_dag.py
[2024-04-08T08:29:20.508+0000] {logging_mixin.py:188} INFO - [2024-04-08T08:29:20.508+0000] {dag.py:3047} INFO - Sync 1 DAGs
[2024-04-08T08:29:20.526+0000] {logging_mixin.py:188} INFO - [2024-04-08T08:29:20.526+0000] {dag.py:3834} INFO - Setting next_dagrun for tutorial_dag to None, run_after=None
[2024-04-08T08:29:20.550+0000] {processor.py:183} INFO - Processing /home/airflow/.local/lib/python3.8/site-packages/airflow/example_dags/tutorial_dag.py took 0.077 seconds
[2024-04-08T08:29:50.855+0000] {processor.py:161} INFO - Started process (PID=1468) to work on /home/airflow/.local/lib/python3.8/site-packages/airflow/example_dags/tutorial_dag.py
[2024-04-08T08:29:50.856+0000] {processor.py:830} INFO - Processing file /home/airflow/.local/lib/python3.8/site-packages/airflow/example_dags/tutorial_dag.py for tasks to queue
[2024-04-08T08:29:50.857+0000] {logging_mixin.py:188} INFO - [2024-04-08T08:29:50.857+0000] {dagbag.py:540} INFO - Filling up the DagBag from /home/airflow/.local/lib/python3.8/site-packages/airflow/example_dags/tutorial_dag.py
[2024-04-08T08:29:50.863+0000] {processor.py:840} INFO - DAG(s) 'tutorial_dag' retrieved from /home/airflow/.local/lib/python3.8/site-packages/airflow/example_dags/tutorial_dag.py
[2024-04-08T08:29:50.886+0000] {logging_mixin.py:188} INFO - [2024-04-08T08:29:50.886+0000] {dag.py:3047} INFO - Sync 1 DAGs
[2024-04-08T08:29:50.900+0000] {logging_mixin.py:188} INFO - [2024-04-08T08:29:50.899+0000] {dag.py:3834} INFO - Setting next_dagrun for tutorial_dag to None, run_after=None
[2024-04-08T08:29:50.924+0000] {processor.py:183} INFO - Processing /home/airflow/.local/lib/python3.8/site-packages/airflow/example_dags/tutorial_dag.py took 0.073 seconds
[2024-04-08T08:30:21.502+0000] {processor.py:161} INFO - Started process (PID=1726) to work on /home/airflow/.local/lib/python3.8/site-packages/airflow/example_dags/tutorial_dag.py
[2024-04-08T08:30:21.505+0000] {processor.py:830} INFO - Processing file /home/airflow/.local/lib/python3.8/site-packages/airflow/example_dags/tutorial_dag.py for tasks to queue
[2024-04-08T08:30:21.509+0000] {logging_mixin.py:188} INFO - [2024-04-08T08:30:21.509+0000] {dagbag.py:540} INFO - Filling up the DagBag from /home/airflow/.local/lib/python3.8/site-packages/airflow/example_dags/tutorial_dag.py
[2024-04-08T08:30:21.520+0000] {processor.py:840} INFO - DAG(s) 'tutorial_dag' retrieved from /home/airflow/.local/lib/python3.8/site-packages/airflow/example_dags/tutorial_dag.py
[2024-04-08T08:30:21.556+0000] {logging_mixin.py:188} INFO - [2024-04-08T08:30:21.556+0000] {dag.py:3047} INFO - Sync 1 DAGs
[2024-04-08T08:30:21.573+0000] {logging_mixin.py:188} INFO - [2024-04-08T08:30:21.572+0000] {dag.py:3834} INFO - Setting next_dagrun for tutorial_dag to None, run_after=None
[2024-04-08T08:30:21.598+0000] {processor.py:183} INFO - Processing /home/airflow/.local/lib/python3.8/site-packages/airflow/example_dags/tutorial_dag.py took 0.103 seconds
[2024-04-08T08:30:52.266+0000] {processor.py:161} INFO - Started process (PID=1983) to work on /home/airflow/.local/lib/python3.8/site-packages/airflow/example_dags/tutorial_dag.py
[2024-04-08T08:30:52.267+0000] {processor.py:830} INFO - Processing file /home/airflow/.local/lib/python3.8/site-packages/airflow/example_dags/tutorial_dag.py for tasks to queue
[2024-04-08T08:30:52.268+0000] {logging_mixin.py:188} INFO - [2024-04-08T08:30:52.267+0000] {dagbag.py:540} INFO - Filling up the DagBag from /home/airflow/.local/lib/python3.8/site-packages/airflow/example_dags/tutorial_dag.py
[2024-04-08T08:30:52.273+0000] {processor.py:840} INFO - DAG(s) 'tutorial_dag' retrieved from /home/airflow/.local/lib/python3.8/site-packages/airflow/example_dags/tutorial_dag.py
[2024-04-08T08:30:52.298+0000] {logging_mixin.py:188} INFO - [2024-04-08T08:30:52.298+0000] {dag.py:3047} INFO - Sync 1 DAGs
[2024-04-08T08:30:52.313+0000] {logging_mixin.py:188} INFO - [2024-04-08T08:30:52.313+0000] {dag.py:3834} INFO - Setting next_dagrun for tutorial_dag to None, run_after=None
[2024-04-08T08:30:52.337+0000] {processor.py:183} INFO - Processing /home/airflow/.local/lib/python3.8/site-packages/airflow/example_dags/tutorial_dag.py took 0.075 seconds
[2024-04-08T08:31:22.902+0000] {processor.py:161} INFO - Started process (PID=2240) to work on /home/airflow/.local/lib/python3.8/site-packages/airflow/example_dags/tutorial_dag.py
[2024-04-08T08:31:22.903+0000] {processor.py:830} INFO - Processing file /home/airflow/.local/lib/python3.8/site-packages/airflow/example_dags/tutorial_dag.py for tasks to queue
[2024-04-08T08:31:22.904+0000] {logging_mixin.py:188} INFO - [2024-04-08T08:31:22.904+0000] {dagbag.py:540} INFO - Filling up the DagBag from /home/airflow/.local/lib/python3.8/site-packages/airflow/example_dags/tutorial_dag.py
[2024-04-08T08:31:22.910+0000] {processor.py:840} INFO - DAG(s) 'tutorial_dag' retrieved from /home/airflow/.local/lib/python3.8/site-packages/airflow/example_dags/tutorial_dag.py
[2024-04-08T08:31:22.934+0000] {logging_mixin.py:188} INFO - [2024-04-08T08:31:22.933+0000] {dag.py:3047} INFO - Sync 1 DAGs
[2024-04-08T08:31:22.946+0000] {logging_mixin.py:188} INFO - [2024-04-08T08:31:22.946+0000] {dag.py:3834} INFO - Setting next_dagrun for tutorial_dag to None, run_after=None
[2024-04-08T08:31:22.969+0000] {processor.py:183} INFO - Processing /home/airflow/.local/lib/python3.8/site-packages/airflow/example_dags/tutorial_dag.py took 0.071 seconds
[2024-04-08T08:31:53.445+0000] {processor.py:161} INFO - Started process (PID=2497) to work on /home/airflow/.local/lib/python3.8/site-packages/airflow/example_dags/tutorial_dag.py
[2024-04-08T08:31:53.446+0000] {processor.py:830} INFO - Processing file /home/airflow/.local/lib/python3.8/site-packages/airflow/example_dags/tutorial_dag.py for tasks to queue
[2024-04-08T08:31:53.447+0000] {logging_mixin.py:188} INFO - [2024-04-08T08:31:53.446+0000] {dagbag.py:540} INFO - Filling up the DagBag from /home/airflow/.local/lib/python3.8/site-packages/airflow/example_dags/tutorial_dag.py
[2024-04-08T08:31:53.452+0000] {processor.py:840} INFO - DAG(s) 'tutorial_dag' retrieved from /home/airflow/.local/lib/python3.8/site-packages/airflow/example_dags/tutorial_dag.py
[2024-04-08T08:31:53.476+0000] {logging_mixin.py:188} INFO - [2024-04-08T08:31:53.475+0000] {dag.py:3047} INFO - Sync 1 DAGs
[2024-04-08T08:31:53.487+0000] {logging_mixin.py:188} INFO - [2024-04-08T08:31:53.487+0000] {dag.py:3834} INFO - Setting next_dagrun for tutorial_dag to None, run_after=None
[2024-04-08T08:31:53.511+0000] {processor.py:183} INFO - Processing /home/airflow/.local/lib/python3.8/site-packages/airflow/example_dags/tutorial_dag.py took 0.070 seconds
[2024-04-08T08:32:24.072+0000] {processor.py:161} INFO - Started process (PID=2754) to work on /home/airflow/.local/lib/python3.8/site-packages/airflow/example_dags/tutorial_dag.py
[2024-04-08T08:32:24.073+0000] {processor.py:830} INFO - Processing file /home/airflow/.local/lib/python3.8/site-packages/airflow/example_dags/tutorial_dag.py for tasks to queue
[2024-04-08T08:32:24.074+0000] {logging_mixin.py:188} INFO - [2024-04-08T08:32:24.073+0000] {dagbag.py:540} INFO - Filling up the DagBag from /home/airflow/.local/lib/python3.8/site-packages/airflow/example_dags/tutorial_dag.py
[2024-04-08T08:32:24.080+0000] {processor.py:840} INFO - DAG(s) 'tutorial_dag' retrieved from /home/airflow/.local/lib/python3.8/site-packages/airflow/example_dags/tutorial_dag.py
[2024-04-08T08:32:24.107+0000] {logging_mixin.py:188} INFO - [2024-04-08T08:32:24.107+0000] {dag.py:3047} INFO - Sync 1 DAGs
[2024-04-08T08:32:24.123+0000] {logging_mixin.py:188} INFO - [2024-04-08T08:32:24.123+0000] {dag.py:3834} INFO - Setting next_dagrun for tutorial_dag to None, run_after=None
[2024-04-08T08:32:24.157+0000] {processor.py:183} INFO - Processing /home/airflow/.local/lib/python3.8/site-packages/airflow/example_dags/tutorial_dag.py took 0.089 seconds
[2024-04-08T08:32:54.279+0000] {processor.py:161} INFO - Started process (PID=3011) to work on /home/airflow/.local/lib/python3.8/site-packages/airflow/example_dags/tutorial_dag.py
[2024-04-08T08:32:54.281+0000] {processor.py:830} INFO - Processing file /home/airflow/.local/lib/python3.8/site-packages/airflow/example_dags/tutorial_dag.py for tasks to queue
[2024-04-08T08:32:54.282+0000] {logging_mixin.py:188} INFO - [2024-04-08T08:32:54.282+0000] {dagbag.py:540} INFO - Filling up the DagBag from /home/airflow/.local/lib/python3.8/site-packages/airflow/example_dags/tutorial_dag.py
[2024-04-08T08:32:54.288+0000] {processor.py:840} INFO - DAG(s) 'tutorial_dag' retrieved from /home/airflow/.local/lib/python3.8/site-packages/airflow/example_dags/tutorial_dag.py
[2024-04-08T08:32:54.311+0000] {logging_mixin.py:188} INFO - [2024-04-08T08:32:54.311+0000] {dag.py:3047} INFO - Sync 1 DAGs
[2024-04-08T08:32:54.323+0000] {logging_mixin.py:188} INFO - [2024-04-08T08:32:54.323+0000] {dag.py:3834} INFO - Setting next_dagrun for tutorial_dag to None, run_after=None
[2024-04-08T08:32:54.348+0000] {processor.py:183} INFO - Processing /home/airflow/.local/lib/python3.8/site-packages/airflow/example_dags/tutorial_dag.py took 0.073 seconds
[2024-04-08T08:33:24.734+0000] {processor.py:161} INFO - Started process (PID=3268) to work on /home/airflow/.local/lib/python3.8/site-packages/airflow/example_dags/tutorial_dag.py
[2024-04-08T08:33:24.735+0000] {processor.py:830} INFO - Processing file /home/airflow/.local/lib/python3.8/site-packages/airflow/example_dags/tutorial_dag.py for tasks to queue
[2024-04-08T08:33:24.736+0000] {logging_mixin.py:188} INFO - [2024-04-08T08:33:24.736+0000] {dagbag.py:540} INFO - Filling up the DagBag from /home/airflow/.local/lib/python3.8/site-packages/airflow/example_dags/tutorial_dag.py
[2024-04-08T08:33:24.742+0000] {processor.py:840} INFO - DAG(s) 'tutorial_dag' retrieved from /home/airflow/.local/lib/python3.8/site-packages/airflow/example_dags/tutorial_dag.py
[2024-04-08T08:33:24.764+0000] {logging_mixin.py:188} INFO - [2024-04-08T08:33:24.764+0000] {dag.py:3047} INFO - Sync 1 DAGs
[2024-04-08T08:33:24.777+0000] {logging_mixin.py:188} INFO - [2024-04-08T08:33:24.776+0000] {dag.py:3834} INFO - Setting next_dagrun for tutorial_dag to None, run_after=None
[2024-04-08T08:33:24.800+0000] {processor.py:183} INFO - Processing /home/airflow/.local/lib/python3.8/site-packages/airflow/example_dags/tutorial_dag.py took 0.070 seconds
[2024-04-08T08:33:55.218+0000] {processor.py:161} INFO - Started process (PID=3525) to work on /home/airflow/.local/lib/python3.8/site-packages/airflow/example_dags/tutorial_dag.py
[2024-04-08T08:33:55.219+0000] {processor.py:830} INFO - Processing file /home/airflow/.local/lib/python3.8/site-packages/airflow/example_dags/tutorial_dag.py for tasks to queue
[2024-04-08T08:33:55.221+0000] {logging_mixin.py:188} INFO - [2024-04-08T08:33:55.220+0000] {dagbag.py:540} INFO - Filling up the DagBag from /home/airflow/.local/lib/python3.8/site-packages/airflow/example_dags/tutorial_dag.py
[2024-04-08T08:33:55.227+0000] {processor.py:840} INFO - DAG(s) 'tutorial_dag' retrieved from /home/airflow/.local/lib/python3.8/site-packages/airflow/example_dags/tutorial_dag.py
[2024-04-08T08:33:55.252+0000] {logging_mixin.py:188} INFO - [2024-04-08T08:33:55.252+0000] {dag.py:3047} INFO - Sync 1 DAGs
[2024-04-08T08:33:55.266+0000] {logging_mixin.py:188} INFO - [2024-04-08T08:33:55.266+0000] {dag.py:3834} INFO - Setting next_dagrun for tutorial_dag to None, run_after=None
[2024-04-08T08:33:55.295+0000] {processor.py:183} INFO - Processing /home/airflow/.local/lib/python3.8/site-packages/airflow/example_dags/tutorial_dag.py took 0.081 seconds
[2024-04-08T08:34:25.559+0000] {processor.py:161} INFO - Started process (PID=3781) to work on /home/airflow/.local/lib/python3.8/site-packages/airflow/example_dags/tutorial_dag.py
[2024-04-08T08:34:25.560+0000] {processor.py:830} INFO - Processing file /home/airflow/.local/lib/python3.8/site-packages/airflow/example_dags/tutorial_dag.py for tasks to queue
[2024-04-08T08:34:25.561+0000] {logging_mixin.py:188} INFO - [2024-04-08T08:34:25.561+0000] {dagbag.py:540} INFO - Filling up the DagBag from /home/airflow/.local/lib/python3.8/site-packages/airflow/example_dags/tutorial_dag.py
[2024-04-08T08:34:25.567+0000] {processor.py:840} INFO - DAG(s) 'tutorial_dag' retrieved from /home/airflow/.local/lib/python3.8/site-packages/airflow/example_dags/tutorial_dag.py
[2024-04-08T08:34:25.591+0000] {logging_mixin.py:188} INFO - [2024-04-08T08:34:25.591+0000] {dag.py:3047} INFO - Sync 1 DAGs
[2024-04-08T08:34:25.605+0000] {logging_mixin.py:188} INFO - [2024-04-08T08:34:25.605+0000] {dag.py:3834} INFO - Setting next_dagrun for tutorial_dag to None, run_after=None
[2024-04-08T08:34:25.628+0000] {processor.py:183} INFO - Processing /home/airflow/.local/lib/python3.8/site-packages/airflow/example_dags/tutorial_dag.py took 0.080 seconds
[2024-04-08T08:34:55.757+0000] {processor.py:161} INFO - Started process (PID=4038) to work on /home/airflow/.local/lib/python3.8/site-packages/airflow/example_dags/tutorial_dag.py
[2024-04-08T08:34:55.758+0000] {processor.py:830} INFO - Processing file /home/airflow/.local/lib/python3.8/site-packages/airflow/example_dags/tutorial_dag.py for tasks to queue
[2024-04-08T08:34:55.759+0000] {logging_mixin.py:188} INFO - [2024-04-08T08:34:55.759+0000] {dagbag.py:540} INFO - Filling up the DagBag from /home/airflow/.local/lib/python3.8/site-packages/airflow/example_dags/tutorial_dag.py
[2024-04-08T08:34:55.769+0000] {processor.py:840} INFO - DAG(s) 'tutorial_dag' retrieved from /home/airflow/.local/lib/python3.8/site-packages/airflow/example_dags/tutorial_dag.py
[2024-04-08T08:34:55.796+0000] {logging_mixin.py:188} INFO - [2024-04-08T08:34:55.796+0000] {dag.py:3047} INFO - Sync 1 DAGs
[2024-04-08T08:34:55.811+0000] {logging_mixin.py:188} INFO - [2024-04-08T08:34:55.811+0000] {dag.py:3834} INFO - Setting next_dagrun for tutorial_dag to None, run_after=None
[2024-04-08T08:34:55.834+0000] {processor.py:183} INFO - Processing /home/airflow/.local/lib/python3.8/site-packages/airflow/example_dags/tutorial_dag.py took 0.081 seconds
[2024-04-08T08:35:26.269+0000] {processor.py:161} INFO - Started process (PID=4296) to work on /home/airflow/.local/lib/python3.8/site-packages/airflow/example_dags/tutorial_dag.py
[2024-04-08T08:35:26.270+0000] {processor.py:830} INFO - Processing file /home/airflow/.local/lib/python3.8/site-packages/airflow/example_dags/tutorial_dag.py for tasks to queue
[2024-04-08T08:35:26.271+0000] {logging_mixin.py:188} INFO - [2024-04-08T08:35:26.271+0000] {dagbag.py:540} INFO - Filling up the DagBag from /home/airflow/.local/lib/python3.8/site-packages/airflow/example_dags/tutorial_dag.py
[2024-04-08T08:35:26.277+0000] {processor.py:840} INFO - DAG(s) 'tutorial_dag' retrieved from /home/airflow/.local/lib/python3.8/site-packages/airflow/example_dags/tutorial_dag.py
[2024-04-08T08:35:26.301+0000] {logging_mixin.py:188} INFO - [2024-04-08T08:35:26.300+0000] {dag.py:3047} INFO - Sync 1 DAGs
[2024-04-08T08:35:26.317+0000] {logging_mixin.py:188} INFO - [2024-04-08T08:35:26.316+0000] {dag.py:3834} INFO - Setting next_dagrun for tutorial_dag to None, run_after=None
[2024-04-08T08:35:26.345+0000] {processor.py:183} INFO - Processing /home/airflow/.local/lib/python3.8/site-packages/airflow/example_dags/tutorial_dag.py took 0.080 seconds
[2024-04-08T08:35:56.989+0000] {processor.py:161} INFO - Started process (PID=4553) to work on /home/airflow/.local/lib/python3.8/site-packages/airflow/example_dags/tutorial_dag.py
[2024-04-08T08:35:56.994+0000] {processor.py:830} INFO - Processing file /home/airflow/.local/lib/python3.8/site-packages/airflow/example_dags/tutorial_dag.py for tasks to queue
[2024-04-08T08:35:56.995+0000] {logging_mixin.py:188} INFO - [2024-04-08T08:35:56.995+0000] {dagbag.py:540} INFO - Filling up the DagBag from /home/airflow/.local/lib/python3.8/site-packages/airflow/example_dags/tutorial_dag.py
[2024-04-08T08:35:57.010+0000] {processor.py:840} INFO - DAG(s) 'tutorial_dag' retrieved from /home/airflow/.local/lib/python3.8/site-packages/airflow/example_dags/tutorial_dag.py
[2024-04-08T08:35:57.107+0000] {logging_mixin.py:188} INFO - [2024-04-08T08:35:57.107+0000] {dag.py:3047} INFO - Sync 1 DAGs
[2024-04-08T08:35:57.140+0000] {logging_mixin.py:188} INFO - [2024-04-08T08:35:57.140+0000] {dag.py:3834} INFO - Setting next_dagrun for tutorial_dag to None, run_after=None
[2024-04-08T08:35:57.199+0000] {processor.py:183} INFO - Processing /home/airflow/.local/lib/python3.8/site-packages/airflow/example_dags/tutorial_dag.py took 0.214 seconds
[2024-04-08T08:36:27.458+0000] {processor.py:161} INFO - Started process (PID=4811) to work on /home/airflow/.local/lib/python3.8/site-packages/airflow/example_dags/tutorial_dag.py
[2024-04-08T08:36:27.459+0000] {processor.py:830} INFO - Processing file /home/airflow/.local/lib/python3.8/site-packages/airflow/example_dags/tutorial_dag.py for tasks to queue
[2024-04-08T08:36:27.460+0000] {logging_mixin.py:188} INFO - [2024-04-08T08:36:27.460+0000] {dagbag.py:540} INFO - Filling up the DagBag from /home/airflow/.local/lib/python3.8/site-packages/airflow/example_dags/tutorial_dag.py
[2024-04-08T08:36:27.466+0000] {processor.py:840} INFO - DAG(s) 'tutorial_dag' retrieved from /home/airflow/.local/lib/python3.8/site-packages/airflow/example_dags/tutorial_dag.py
[2024-04-08T08:36:27.490+0000] {logging_mixin.py:188} INFO - [2024-04-08T08:36:27.490+0000] {dag.py:3047} INFO - Sync 1 DAGs
[2024-04-08T08:36:27.503+0000] {logging_mixin.py:188} INFO - [2024-04-08T08:36:27.502+0000] {dag.py:3834} INFO - Setting next_dagrun for tutorial_dag to None, run_after=None
[2024-04-08T08:36:27.528+0000] {processor.py:183} INFO - Processing /home/airflow/.local/lib/python3.8/site-packages/airflow/example_dags/tutorial_dag.py took 0.075 seconds
[2024-04-08T08:36:57.776+0000] {processor.py:161} INFO - Started process (PID=5068) to work on /home/airflow/.local/lib/python3.8/site-packages/airflow/example_dags/tutorial_dag.py
[2024-04-08T08:36:57.778+0000] {processor.py:830} INFO - Processing file /home/airflow/.local/lib/python3.8/site-packages/airflow/example_dags/tutorial_dag.py for tasks to queue
[2024-04-08T08:36:57.779+0000] {logging_mixin.py:188} INFO - [2024-04-08T08:36:57.779+0000] {dagbag.py:540} INFO - Filling up the DagBag from /home/airflow/.local/lib/python3.8/site-packages/airflow/example_dags/tutorial_dag.py
[2024-04-08T08:36:57.785+0000] {processor.py:840} INFO - DAG(s) 'tutorial_dag' retrieved from /home/airflow/.local/lib/python3.8/site-packages/airflow/example_dags/tutorial_dag.py
[2024-04-08T08:36:57.809+0000] {logging_mixin.py:188} INFO - [2024-04-08T08:36:57.809+0000] {dag.py:3047} INFO - Sync 1 DAGs
[2024-04-08T08:36:57.822+0000] {logging_mixin.py:188} INFO - [2024-04-08T08:36:57.822+0000] {dag.py:3834} INFO - Setting next_dagrun for tutorial_dag to None, run_after=None
[2024-04-08T08:36:57.845+0000] {processor.py:183} INFO - Processing /home/airflow/.local/lib/python3.8/site-packages/airflow/example_dags/tutorial_dag.py took 0.073 seconds
[2024-04-08T08:37:28.175+0000] {processor.py:161} INFO - Started process (PID=5324) to work on /home/airflow/.local/lib/python3.8/site-packages/airflow/example_dags/tutorial_dag.py
[2024-04-08T08:37:28.176+0000] {processor.py:830} INFO - Processing file /home/airflow/.local/lib/python3.8/site-packages/airflow/example_dags/tutorial_dag.py for tasks to queue
[2024-04-08T08:37:28.178+0000] {logging_mixin.py:188} INFO - [2024-04-08T08:37:28.177+0000] {dagbag.py:540} INFO - Filling up the DagBag from /home/airflow/.local/lib/python3.8/site-packages/airflow/example_dags/tutorial_dag.py
[2024-04-08T08:37:28.184+0000] {processor.py:840} INFO - DAG(s) 'tutorial_dag' retrieved from /home/airflow/.local/lib/python3.8/site-packages/airflow/example_dags/tutorial_dag.py
[2024-04-08T08:37:28.207+0000] {logging_mixin.py:188} INFO - [2024-04-08T08:37:28.207+0000] {dag.py:3047} INFO - Sync 1 DAGs
[2024-04-08T08:37:28.219+0000] {logging_mixin.py:188} INFO - [2024-04-08T08:37:28.219+0000] {dag.py:3834} INFO - Setting next_dagrun for tutorial_dag to None, run_after=None
[2024-04-08T08:37:28.243+0000] {processor.py:183} INFO - Processing /home/airflow/.local/lib/python3.8/site-packages/airflow/example_dags/tutorial_dag.py took 0.072 seconds
[2024-04-08T08:37:58.825+0000] {processor.py:161} INFO - Started process (PID=5581) to work on /home/airflow/.local/lib/python3.8/site-packages/airflow/example_dags/tutorial_dag.py
[2024-04-08T08:37:58.827+0000] {processor.py:830} INFO - Processing file /home/airflow/.local/lib/python3.8/site-packages/airflow/example_dags/tutorial_dag.py for tasks to queue
[2024-04-08T08:37:58.828+0000] {logging_mixin.py:188} INFO - [2024-04-08T08:37:58.827+0000] {dagbag.py:540} INFO - Filling up the DagBag from /home/airflow/.local/lib/python3.8/site-packages/airflow/example_dags/tutorial_dag.py
[2024-04-08T08:37:58.834+0000] {processor.py:840} INFO - DAG(s) 'tutorial_dag' retrieved from /home/airflow/.local/lib/python3.8/site-packages/airflow/example_dags/tutorial_dag.py
[2024-04-08T08:37:58.858+0000] {logging_mixin.py:188} INFO - [2024-04-08T08:37:58.857+0000] {dag.py:3047} INFO - Sync 1 DAGs
[2024-04-08T08:37:58.874+0000] {logging_mixin.py:188} INFO - [2024-04-08T08:37:58.873+0000] {dag.py:3834} INFO - Setting next_dagrun for tutorial_dag to None, run_after=None
[2024-04-08T08:37:58.899+0000] {processor.py:183} INFO - Processing /home/airflow/.local/lib/python3.8/site-packages/airflow/example_dags/tutorial_dag.py took 0.077 seconds
[2024-04-08T08:38:29.388+0000] {processor.py:161} INFO - Started process (PID=5839) to work on /home/airflow/.local/lib/python3.8/site-packages/airflow/example_dags/tutorial_dag.py
[2024-04-08T08:38:29.390+0000] {processor.py:830} INFO - Processing file /home/airflow/.local/lib/python3.8/site-packages/airflow/example_dags/tutorial_dag.py for tasks to queue
[2024-04-08T08:38:29.391+0000] {logging_mixin.py:188} INFO - [2024-04-08T08:38:29.391+0000] {dagbag.py:540} INFO - Filling up the DagBag from /home/airflow/.local/lib/python3.8/site-packages/airflow/example_dags/tutorial_dag.py
[2024-04-08T08:38:29.397+0000] {processor.py:840} INFO - DAG(s) 'tutorial_dag' retrieved from /home/airflow/.local/lib/python3.8/site-packages/airflow/example_dags/tutorial_dag.py
[2024-04-08T08:38:29.421+0000] {logging_mixin.py:188} INFO - [2024-04-08T08:38:29.421+0000] {dag.py:3047} INFO - Sync 1 DAGs
[2024-04-08T08:38:29.437+0000] {logging_mixin.py:188} INFO - [2024-04-08T08:38:29.436+0000] {dag.py:3834} INFO - Setting next_dagrun for tutorial_dag to None, run_after=None
[2024-04-08T08:38:29.459+0000] {processor.py:183} INFO - Processing /home/airflow/.local/lib/python3.8/site-packages/airflow/example_dags/tutorial_dag.py took 0.074 seconds
[2024-04-08T08:38:59.957+0000] {processor.py:161} INFO - Started process (PID=6096) to work on /home/airflow/.local/lib/python3.8/site-packages/airflow/example_dags/tutorial_dag.py
[2024-04-08T08:38:59.958+0000] {processor.py:830} INFO - Processing file /home/airflow/.local/lib/python3.8/site-packages/airflow/example_dags/tutorial_dag.py for tasks to queue
[2024-04-08T08:38:59.959+0000] {logging_mixin.py:188} INFO - [2024-04-08T08:38:59.959+0000] {dagbag.py:540} INFO - Filling up the DagBag from /home/airflow/.local/lib/python3.8/site-packages/airflow/example_dags/tutorial_dag.py
[2024-04-08T08:38:59.965+0000] {processor.py:840} INFO - DAG(s) 'tutorial_dag' retrieved from /home/airflow/.local/lib/python3.8/site-packages/airflow/example_dags/tutorial_dag.py
[2024-04-08T08:38:59.988+0000] {logging_mixin.py:188} INFO - [2024-04-08T08:38:59.987+0000] {dag.py:3047} INFO - Sync 1 DAGs
[2024-04-08T08:39:00.009+0000] {logging_mixin.py:188} INFO - [2024-04-08T08:39:00.009+0000] {dag.py:3834} INFO - Setting next_dagrun for tutorial_dag to None, run_after=None
[2024-04-08T08:39:00.033+0000] {processor.py:183} INFO - Processing /home/airflow/.local/lib/python3.8/site-packages/airflow/example_dags/tutorial_dag.py took 0.079 seconds
[2024-04-08T08:39:30.628+0000] {processor.py:161} INFO - Started process (PID=6352) to work on /home/airflow/.local/lib/python3.8/site-packages/airflow/example_dags/tutorial_dag.py
[2024-04-08T08:39:30.629+0000] {processor.py:830} INFO - Processing file /home/airflow/.local/lib/python3.8/site-packages/airflow/example_dags/tutorial_dag.py for tasks to queue
[2024-04-08T08:39:30.630+0000] {logging_mixin.py:188} INFO - [2024-04-08T08:39:30.630+0000] {dagbag.py:540} INFO - Filling up the DagBag from /home/airflow/.local/lib/python3.8/site-packages/airflow/example_dags/tutorial_dag.py
[2024-04-08T08:39:30.636+0000] {processor.py:840} INFO - DAG(s) 'tutorial_dag' retrieved from /home/airflow/.local/lib/python3.8/site-packages/airflow/example_dags/tutorial_dag.py
[2024-04-08T08:39:30.659+0000] {logging_mixin.py:188} INFO - [2024-04-08T08:39:30.659+0000] {dag.py:3047} INFO - Sync 1 DAGs
[2024-04-08T08:39:30.672+0000] {logging_mixin.py:188} INFO - [2024-04-08T08:39:30.672+0000] {dag.py:3834} INFO - Setting next_dagrun for tutorial_dag to None, run_after=None
[2024-04-08T08:39:30.695+0000] {processor.py:183} INFO - Processing /home/airflow/.local/lib/python3.8/site-packages/airflow/example_dags/tutorial_dag.py took 0.071 seconds
[2024-04-08T08:40:01.097+0000] {processor.py:161} INFO - Started process (PID=6609) to work on /home/airflow/.local/lib/python3.8/site-packages/airflow/example_dags/tutorial_dag.py
[2024-04-08T08:40:01.101+0000] {processor.py:830} INFO - Processing file /home/airflow/.local/lib/python3.8/site-packages/airflow/example_dags/tutorial_dag.py for tasks to queue
[2024-04-08T08:40:01.103+0000] {logging_mixin.py:188} INFO - [2024-04-08T08:40:01.102+0000] {dagbag.py:540} INFO - Filling up the DagBag from /home/airflow/.local/lib/python3.8/site-packages/airflow/example_dags/tutorial_dag.py
[2024-04-08T08:40:01.109+0000] {processor.py:840} INFO - DAG(s) 'tutorial_dag' retrieved from /home/airflow/.local/lib/python3.8/site-packages/airflow/example_dags/tutorial_dag.py
[2024-04-08T08:40:01.135+0000] {logging_mixin.py:188} INFO - [2024-04-08T08:40:01.134+0000] {dag.py:3047} INFO - Sync 1 DAGs
[2024-04-08T08:40:01.148+0000] {logging_mixin.py:188} INFO - [2024-04-08T08:40:01.148+0000] {dag.py:3834} INFO - Setting next_dagrun for tutorial_dag to None, run_after=None
[2024-04-08T08:40:01.174+0000] {processor.py:183} INFO - Processing /home/airflow/.local/lib/python3.8/site-packages/airflow/example_dags/tutorial_dag.py took 0.081 seconds
[2024-04-08T08:40:31.577+0000] {processor.py:161} INFO - Started process (PID=6868) to work on /home/airflow/.local/lib/python3.8/site-packages/airflow/example_dags/tutorial_dag.py
[2024-04-08T08:40:31.578+0000] {processor.py:830} INFO - Processing file /home/airflow/.local/lib/python3.8/site-packages/airflow/example_dags/tutorial_dag.py for tasks to queue
[2024-04-08T08:40:31.579+0000] {logging_mixin.py:188} INFO - [2024-04-08T08:40:31.579+0000] {dagbag.py:540} INFO - Filling up the DagBag from /home/airflow/.local/lib/python3.8/site-packages/airflow/example_dags/tutorial_dag.py
[2024-04-08T08:40:31.585+0000] {processor.py:840} INFO - DAG(s) 'tutorial_dag' retrieved from /home/airflow/.local/lib/python3.8/site-packages/airflow/example_dags/tutorial_dag.py
[2024-04-08T08:40:31.630+0000] {logging_mixin.py:188} INFO - [2024-04-08T08:40:31.630+0000] {dag.py:3047} INFO - Sync 1 DAGs
[2024-04-08T08:40:31.645+0000] {logging_mixin.py:188} INFO - [2024-04-08T08:40:31.645+0000] {dag.py:3834} INFO - Setting next_dagrun for tutorial_dag to None, run_after=None
[2024-04-08T08:40:31.668+0000] {processor.py:183} INFO - Processing /home/airflow/.local/lib/python3.8/site-packages/airflow/example_dags/tutorial_dag.py took 0.094 seconds
[2024-04-08T08:41:01.974+0000] {processor.py:161} INFO - Started process (PID=7125) to work on /home/airflow/.local/lib/python3.8/site-packages/airflow/example_dags/tutorial_dag.py
[2024-04-08T08:41:01.975+0000] {processor.py:830} INFO - Processing file /home/airflow/.local/lib/python3.8/site-packages/airflow/example_dags/tutorial_dag.py for tasks to queue
[2024-04-08T08:41:01.976+0000] {logging_mixin.py:188} INFO - [2024-04-08T08:41:01.975+0000] {dagbag.py:540} INFO - Filling up the DagBag from /home/airflow/.local/lib/python3.8/site-packages/airflow/example_dags/tutorial_dag.py
[2024-04-08T08:41:01.984+0000] {processor.py:840} INFO - DAG(s) 'tutorial_dag' retrieved from /home/airflow/.local/lib/python3.8/site-packages/airflow/example_dags/tutorial_dag.py
[2024-04-08T08:41:02.027+0000] {logging_mixin.py:188} INFO - [2024-04-08T08:41:02.027+0000] {dag.py:3047} INFO - Sync 1 DAGs
[2024-04-08T08:41:02.046+0000] {logging_mixin.py:188} INFO - [2024-04-08T08:41:02.046+0000] {dag.py:3834} INFO - Setting next_dagrun for tutorial_dag to None, run_after=None
[2024-04-08T08:41:02.082+0000] {processor.py:183} INFO - Processing /home/airflow/.local/lib/python3.8/site-packages/airflow/example_dags/tutorial_dag.py took 0.111 seconds
[2024-04-08T08:41:32.466+0000] {processor.py:161} INFO - Started process (PID=7380) to work on /home/airflow/.local/lib/python3.8/site-packages/airflow/example_dags/tutorial_dag.py
[2024-04-08T08:41:32.467+0000] {processor.py:830} INFO - Processing file /home/airflow/.local/lib/python3.8/site-packages/airflow/example_dags/tutorial_dag.py for tasks to queue
[2024-04-08T08:41:32.469+0000] {logging_mixin.py:188} INFO - [2024-04-08T08:41:32.468+0000] {dagbag.py:540} INFO - Filling up the DagBag from /home/airflow/.local/lib/python3.8/site-packages/airflow/example_dags/tutorial_dag.py
[2024-04-08T08:41:32.474+0000] {processor.py:840} INFO - DAG(s) 'tutorial_dag' retrieved from /home/airflow/.local/lib/python3.8/site-packages/airflow/example_dags/tutorial_dag.py
[2024-04-08T08:41:32.498+0000] {logging_mixin.py:188} INFO - [2024-04-08T08:41:32.497+0000] {dag.py:3047} INFO - Sync 1 DAGs
[2024-04-08T08:41:32.511+0000] {logging_mixin.py:188} INFO - [2024-04-08T08:41:32.510+0000] {dag.py:3834} INFO - Setting next_dagrun for tutorial_dag to None, run_after=None
[2024-04-08T08:41:32.535+0000] {processor.py:183} INFO - Processing /home/airflow/.local/lib/python3.8/site-packages/airflow/example_dags/tutorial_dag.py took 0.073 seconds
[2024-04-08T08:42:02.763+0000] {processor.py:161} INFO - Started process (PID=7637) to work on /home/airflow/.local/lib/python3.8/site-packages/airflow/example_dags/tutorial_dag.py
[2024-04-08T08:42:02.764+0000] {processor.py:830} INFO - Processing file /home/airflow/.local/lib/python3.8/site-packages/airflow/example_dags/tutorial_dag.py for tasks to queue
[2024-04-08T08:42:02.765+0000] {logging_mixin.py:188} INFO - [2024-04-08T08:42:02.765+0000] {dagbag.py:540} INFO - Filling up the DagBag from /home/airflow/.local/lib/python3.8/site-packages/airflow/example_dags/tutorial_dag.py
[2024-04-08T08:42:02.771+0000] {processor.py:840} INFO - DAG(s) 'tutorial_dag' retrieved from /home/airflow/.local/lib/python3.8/site-packages/airflow/example_dags/tutorial_dag.py
[2024-04-08T08:42:02.795+0000] {logging_mixin.py:188} INFO - [2024-04-08T08:42:02.795+0000] {dag.py:3047} INFO - Sync 1 DAGs
[2024-04-08T08:42:02.808+0000] {logging_mixin.py:188} INFO - [2024-04-08T08:42:02.807+0000] {dag.py:3834} INFO - Setting next_dagrun for tutorial_dag to None, run_after=None
[2024-04-08T08:42:02.834+0000] {processor.py:183} INFO - Processing /home/airflow/.local/lib/python3.8/site-packages/airflow/example_dags/tutorial_dag.py took 0.075 seconds
[2024-04-08T08:42:33.182+0000] {processor.py:161} INFO - Started process (PID=7894) to work on /home/airflow/.local/lib/python3.8/site-packages/airflow/example_dags/tutorial_dag.py
[2024-04-08T08:42:33.183+0000] {processor.py:830} INFO - Processing file /home/airflow/.local/lib/python3.8/site-packages/airflow/example_dags/tutorial_dag.py for tasks to queue
[2024-04-08T08:42:33.184+0000] {logging_mixin.py:188} INFO - [2024-04-08T08:42:33.184+0000] {dagbag.py:540} INFO - Filling up the DagBag from /home/airflow/.local/lib/python3.8/site-packages/airflow/example_dags/tutorial_dag.py
[2024-04-08T08:42:33.189+0000] {processor.py:840} INFO - DAG(s) 'tutorial_dag' retrieved from /home/airflow/.local/lib/python3.8/site-packages/airflow/example_dags/tutorial_dag.py
[2024-04-08T08:42:33.211+0000] {logging_mixin.py:188} INFO - [2024-04-08T08:42:33.211+0000] {dag.py:3047} INFO - Sync 1 DAGs
[2024-04-08T08:42:33.226+0000] {logging_mixin.py:188} INFO - [2024-04-08T08:42:33.225+0000] {dag.py:3834} INFO - Setting next_dagrun for tutorial_dag to None, run_after=None
[2024-04-08T08:42:33.251+0000] {processor.py:183} INFO - Processing /home/airflow/.local/lib/python3.8/site-packages/airflow/example_dags/tutorial_dag.py took 0.072 seconds
[2024-04-08T08:43:03.485+0000] {processor.py:161} INFO - Started process (PID=8151) to work on /home/airflow/.local/lib/python3.8/site-packages/airflow/example_dags/tutorial_dag.py
[2024-04-08T08:43:03.487+0000] {processor.py:830} INFO - Processing file /home/airflow/.local/lib/python3.8/site-packages/airflow/example_dags/tutorial_dag.py for tasks to queue
[2024-04-08T08:43:03.488+0000] {logging_mixin.py:188} INFO - [2024-04-08T08:43:03.487+0000] {dagbag.py:540} INFO - Filling up the DagBag from /home/airflow/.local/lib/python3.8/site-packages/airflow/example_dags/tutorial_dag.py
[2024-04-08T08:43:03.493+0000] {processor.py:840} INFO - DAG(s) 'tutorial_dag' retrieved from /home/airflow/.local/lib/python3.8/site-packages/airflow/example_dags/tutorial_dag.py
[2024-04-08T08:43:03.520+0000] {logging_mixin.py:188} INFO - [2024-04-08T08:43:03.519+0000] {dag.py:3047} INFO - Sync 1 DAGs
[2024-04-08T08:43:03.536+0000] {logging_mixin.py:188} INFO - [2024-04-08T08:43:03.536+0000] {dag.py:3834} INFO - Setting next_dagrun for tutorial_dag to None, run_after=None
[2024-04-08T08:43:03.561+0000] {processor.py:183} INFO - Processing /home/airflow/.local/lib/python3.8/site-packages/airflow/example_dags/tutorial_dag.py took 0.079 seconds
[2024-04-08T08:43:34.024+0000] {processor.py:161} INFO - Started process (PID=8408) to work on /home/airflow/.local/lib/python3.8/site-packages/airflow/example_dags/tutorial_dag.py
[2024-04-08T08:43:34.025+0000] {processor.py:830} INFO - Processing file /home/airflow/.local/lib/python3.8/site-packages/airflow/example_dags/tutorial_dag.py for tasks to queue
[2024-04-08T08:43:34.026+0000] {logging_mixin.py:188} INFO - [2024-04-08T08:43:34.026+0000] {dagbag.py:540} INFO - Filling up the DagBag from /home/airflow/.local/lib/python3.8/site-packages/airflow/example_dags/tutorial_dag.py
[2024-04-08T08:43:34.032+0000] {processor.py:840} INFO - DAG(s) 'tutorial_dag' retrieved from /home/airflow/.local/lib/python3.8/site-packages/airflow/example_dags/tutorial_dag.py
[2024-04-08T08:43:34.058+0000] {logging_mixin.py:188} INFO - [2024-04-08T08:43:34.058+0000] {dag.py:3047} INFO - Sync 1 DAGs
[2024-04-08T08:43:34.071+0000] {logging_mixin.py:188} INFO - [2024-04-08T08:43:34.071+0000] {dag.py:3834} INFO - Setting next_dagrun for tutorial_dag to None, run_after=None
[2024-04-08T08:43:34.094+0000] {processor.py:183} INFO - Processing /home/airflow/.local/lib/python3.8/site-packages/airflow/example_dags/tutorial_dag.py took 0.073 seconds
[2024-04-08T08:44:04.582+0000] {processor.py:161} INFO - Started process (PID=8665) to work on /home/airflow/.local/lib/python3.8/site-packages/airflow/example_dags/tutorial_dag.py
[2024-04-08T08:44:04.584+0000] {processor.py:830} INFO - Processing file /home/airflow/.local/lib/python3.8/site-packages/airflow/example_dags/tutorial_dag.py for tasks to queue
[2024-04-08T08:44:04.585+0000] {logging_mixin.py:188} INFO - [2024-04-08T08:44:04.585+0000] {dagbag.py:540} INFO - Filling up the DagBag from /home/airflow/.local/lib/python3.8/site-packages/airflow/example_dags/tutorial_dag.py
[2024-04-08T08:44:04.591+0000] {processor.py:840} INFO - DAG(s) 'tutorial_dag' retrieved from /home/airflow/.local/lib/python3.8/site-packages/airflow/example_dags/tutorial_dag.py
[2024-04-08T08:44:04.615+0000] {logging_mixin.py:188} INFO - [2024-04-08T08:44:04.615+0000] {dag.py:3047} INFO - Sync 1 DAGs
[2024-04-08T08:44:04.628+0000] {logging_mixin.py:188} INFO - [2024-04-08T08:44:04.628+0000] {dag.py:3834} INFO - Setting next_dagrun for tutorial_dag to None, run_after=None
[2024-04-08T08:44:04.652+0000] {processor.py:183} INFO - Processing /home/airflow/.local/lib/python3.8/site-packages/airflow/example_dags/tutorial_dag.py took 0.073 seconds
[2024-04-08T08:44:35.203+0000] {processor.py:161} INFO - Started process (PID=8923) to work on /home/airflow/.local/lib/python3.8/site-packages/airflow/example_dags/tutorial_dag.py
[2024-04-08T08:44:35.205+0000] {processor.py:830} INFO - Processing file /home/airflow/.local/lib/python3.8/site-packages/airflow/example_dags/tutorial_dag.py for tasks to queue
[2024-04-08T08:44:35.206+0000] {logging_mixin.py:188} INFO - [2024-04-08T08:44:35.205+0000] {dagbag.py:540} INFO - Filling up the DagBag from /home/airflow/.local/lib/python3.8/site-packages/airflow/example_dags/tutorial_dag.py
[2024-04-08T08:44:35.211+0000] {processor.py:840} INFO - DAG(s) 'tutorial_dag' retrieved from /home/airflow/.local/lib/python3.8/site-packages/airflow/example_dags/tutorial_dag.py
[2024-04-08T08:44:35.236+0000] {logging_mixin.py:188} INFO - [2024-04-08T08:44:35.236+0000] {dag.py:3047} INFO - Sync 1 DAGs
[2024-04-08T08:44:35.251+0000] {logging_mixin.py:188} INFO - [2024-04-08T08:44:35.250+0000] {dag.py:3834} INFO - Setting next_dagrun for tutorial_dag to None, run_after=None
[2024-04-08T08:44:35.272+0000] {processor.py:183} INFO - Processing /home/airflow/.local/lib/python3.8/site-packages/airflow/example_dags/tutorial_dag.py took 0.072 seconds
[2024-04-08T08:45:05.570+0000] {processor.py:161} INFO - Started process (PID=9182) to work on /home/airflow/.local/lib/python3.8/site-packages/airflow/example_dags/tutorial_dag.py
[2024-04-08T08:45:05.571+0000] {processor.py:830} INFO - Processing file /home/airflow/.local/lib/python3.8/site-packages/airflow/example_dags/tutorial_dag.py for tasks to queue
[2024-04-08T08:45:05.572+0000] {logging_mixin.py:188} INFO - [2024-04-08T08:45:05.572+0000] {dagbag.py:540} INFO - Filling up the DagBag from /home/airflow/.local/lib/python3.8/site-packages/airflow/example_dags/tutorial_dag.py
[2024-04-08T08:45:05.578+0000] {processor.py:840} INFO - DAG(s) 'tutorial_dag' retrieved from /home/airflow/.local/lib/python3.8/site-packages/airflow/example_dags/tutorial_dag.py
[2024-04-08T08:45:05.611+0000] {logging_mixin.py:188} INFO - [2024-04-08T08:45:05.611+0000] {dag.py:3047} INFO - Sync 1 DAGs
[2024-04-08T08:45:05.627+0000] {logging_mixin.py:188} INFO - [2024-04-08T08:45:05.627+0000] {dag.py:3834} INFO - Setting next_dagrun for tutorial_dag to None, run_after=None
[2024-04-08T08:45:05.651+0000] {processor.py:183} INFO - Processing /home/airflow/.local/lib/python3.8/site-packages/airflow/example_dags/tutorial_dag.py took 0.085 seconds
[2024-04-08T08:45:35.938+0000] {processor.py:161} INFO - Started process (PID=9440) to work on /home/airflow/.local/lib/python3.8/site-packages/airflow/example_dags/tutorial_dag.py
[2024-04-08T08:45:35.939+0000] {processor.py:830} INFO - Processing file /home/airflow/.local/lib/python3.8/site-packages/airflow/example_dags/tutorial_dag.py for tasks to queue
[2024-04-08T08:45:35.940+0000] {logging_mixin.py:188} INFO - [2024-04-08T08:45:35.940+0000] {dagbag.py:540} INFO - Filling up the DagBag from /home/airflow/.local/lib/python3.8/site-packages/airflow/example_dags/tutorial_dag.py
[2024-04-08T08:45:35.945+0000] {processor.py:840} INFO - DAG(s) 'tutorial_dag' retrieved from /home/airflow/.local/lib/python3.8/site-packages/airflow/example_dags/tutorial_dag.py
[2024-04-08T08:45:35.996+0000] {logging_mixin.py:188} INFO - [2024-04-08T08:45:35.996+0000] {dag.py:3047} INFO - Sync 1 DAGs
[2024-04-08T08:45:36.021+0000] {logging_mixin.py:188} INFO - [2024-04-08T08:45:36.020+0000] {dag.py:3834} INFO - Setting next_dagrun for tutorial_dag to None, run_after=None
[2024-04-08T08:45:36.044+0000] {processor.py:183} INFO - Processing /home/airflow/.local/lib/python3.8/site-packages/airflow/example_dags/tutorial_dag.py took 0.110 seconds
[2024-04-08T08:46:06.260+0000] {processor.py:161} INFO - Started process (PID=9697) to work on /home/airflow/.local/lib/python3.8/site-packages/airflow/example_dags/tutorial_dag.py
[2024-04-08T08:46:06.265+0000] {processor.py:830} INFO - Processing file /home/airflow/.local/lib/python3.8/site-packages/airflow/example_dags/tutorial_dag.py for tasks to queue
[2024-04-08T08:46:06.266+0000] {logging_mixin.py:188} INFO - [2024-04-08T08:46:06.266+0000] {dagbag.py:540} INFO - Filling up the DagBag from /home/airflow/.local/lib/python3.8/site-packages/airflow/example_dags/tutorial_dag.py
[2024-04-08T08:46:06.273+0000] {processor.py:840} INFO - DAG(s) 'tutorial_dag' retrieved from /home/airflow/.local/lib/python3.8/site-packages/airflow/example_dags/tutorial_dag.py
[2024-04-08T08:46:06.298+0000] {logging_mixin.py:188} INFO - [2024-04-08T08:46:06.298+0000] {dag.py:3047} INFO - Sync 1 DAGs
[2024-04-08T08:46:06.313+0000] {logging_mixin.py:188} INFO - [2024-04-08T08:46:06.313+0000] {dag.py:3834} INFO - Setting next_dagrun for tutorial_dag to None, run_after=None
[2024-04-08T08:46:06.337+0000] {processor.py:183} INFO - Processing /home/airflow/.local/lib/python3.8/site-packages/airflow/example_dags/tutorial_dag.py took 0.080 seconds
[2024-04-08T08:46:36.630+0000] {processor.py:161} INFO - Started process (PID=9954) to work on /home/airflow/.local/lib/python3.8/site-packages/airflow/example_dags/tutorial_dag.py
[2024-04-08T08:46:36.631+0000] {processor.py:830} INFO - Processing file /home/airflow/.local/lib/python3.8/site-packages/airflow/example_dags/tutorial_dag.py for tasks to queue
[2024-04-08T08:46:36.632+0000] {logging_mixin.py:188} INFO - [2024-04-08T08:46:36.631+0000] {dagbag.py:540} INFO - Filling up the DagBag from /home/airflow/.local/lib/python3.8/site-packages/airflow/example_dags/tutorial_dag.py
[2024-04-08T08:46:36.637+0000] {processor.py:840} INFO - DAG(s) 'tutorial_dag' retrieved from /home/airflow/.local/lib/python3.8/site-packages/airflow/example_dags/tutorial_dag.py
[2024-04-08T08:46:36.661+0000] {logging_mixin.py:188} INFO - [2024-04-08T08:46:36.661+0000] {dag.py:3047} INFO - Sync 1 DAGs
[2024-04-08T08:46:36.675+0000] {logging_mixin.py:188} INFO - [2024-04-08T08:46:36.675+0000] {dag.py:3834} INFO - Setting next_dagrun for tutorial_dag to None, run_after=None
[2024-04-08T08:46:36.698+0000] {processor.py:183} INFO - Processing /home/airflow/.local/lib/python3.8/site-packages/airflow/example_dags/tutorial_dag.py took 0.072 seconds
[2024-04-08T08:47:07.228+0000] {processor.py:161} INFO - Started process (PID=10211) to work on /home/airflow/.local/lib/python3.8/site-packages/airflow/example_dags/tutorial_dag.py
[2024-04-08T08:47:07.229+0000] {processor.py:830} INFO - Processing file /home/airflow/.local/lib/python3.8/site-packages/airflow/example_dags/tutorial_dag.py for tasks to queue
[2024-04-08T08:47:07.230+0000] {logging_mixin.py:188} INFO - [2024-04-08T08:47:07.230+0000] {dagbag.py:540} INFO - Filling up the DagBag from /home/airflow/.local/lib/python3.8/site-packages/airflow/example_dags/tutorial_dag.py
[2024-04-08T08:47:07.236+0000] {processor.py:840} INFO - DAG(s) 'tutorial_dag' retrieved from /home/airflow/.local/lib/python3.8/site-packages/airflow/example_dags/tutorial_dag.py
[2024-04-08T08:47:07.259+0000] {logging_mixin.py:188} INFO - [2024-04-08T08:47:07.259+0000] {dag.py:3047} INFO - Sync 1 DAGs
[2024-04-08T08:47:07.273+0000] {logging_mixin.py:188} INFO - [2024-04-08T08:47:07.273+0000] {dag.py:3834} INFO - Setting next_dagrun for tutorial_dag to None, run_after=None
[2024-04-08T08:47:07.299+0000] {processor.py:183} INFO - Processing /home/airflow/.local/lib/python3.8/site-packages/airflow/example_dags/tutorial_dag.py took 0.075 seconds
[2024-04-08T08:47:37.348+0000] {processor.py:161} INFO - Started process (PID=10468) to work on /home/airflow/.local/lib/python3.8/site-packages/airflow/example_dags/tutorial_dag.py
[2024-04-08T08:47:37.349+0000] {processor.py:830} INFO - Processing file /home/airflow/.local/lib/python3.8/site-packages/airflow/example_dags/tutorial_dag.py for tasks to queue
[2024-04-08T08:47:37.351+0000] {logging_mixin.py:188} INFO - [2024-04-08T08:47:37.350+0000] {dagbag.py:540} INFO - Filling up the DagBag from /home/airflow/.local/lib/python3.8/site-packages/airflow/example_dags/tutorial_dag.py
[2024-04-08T08:47:37.360+0000] {processor.py:840} INFO - DAG(s) 'tutorial_dag' retrieved from /home/airflow/.local/lib/python3.8/site-packages/airflow/example_dags/tutorial_dag.py
[2024-04-08T08:47:37.383+0000] {logging_mixin.py:188} INFO - [2024-04-08T08:47:37.382+0000] {dag.py:3047} INFO - Sync 1 DAGs
[2024-04-08T08:47:37.397+0000] {logging_mixin.py:188} INFO - [2024-04-08T08:47:37.396+0000] {dag.py:3834} INFO - Setting next_dagrun for tutorial_dag to None, run_after=None
[2024-04-08T08:47:37.420+0000] {processor.py:183} INFO - Processing /home/airflow/.local/lib/python3.8/site-packages/airflow/example_dags/tutorial_dag.py took 0.076 seconds
[2024-04-08T08:48:07.464+0000] {processor.py:161} INFO - Started process (PID=10720) to work on /home/airflow/.local/lib/python3.8/site-packages/airflow/example_dags/tutorial_dag.py
[2024-04-08T08:48:07.465+0000] {processor.py:830} INFO - Processing file /home/airflow/.local/lib/python3.8/site-packages/airflow/example_dags/tutorial_dag.py for tasks to queue
[2024-04-08T08:48:07.467+0000] {logging_mixin.py:188} INFO - [2024-04-08T08:48:07.466+0000] {dagbag.py:540} INFO - Filling up the DagBag from /home/airflow/.local/lib/python3.8/site-packages/airflow/example_dags/tutorial_dag.py
[2024-04-08T08:48:07.473+0000] {processor.py:840} INFO - DAG(s) 'tutorial_dag' retrieved from /home/airflow/.local/lib/python3.8/site-packages/airflow/example_dags/tutorial_dag.py
[2024-04-08T08:48:07.494+0000] {logging_mixin.py:188} INFO - [2024-04-08T08:48:07.493+0000] {dag.py:3047} INFO - Sync 1 DAGs
[2024-04-08T08:48:07.508+0000] {logging_mixin.py:188} INFO - [2024-04-08T08:48:07.508+0000] {dag.py:3834} INFO - Setting next_dagrun for tutorial_dag to None, run_after=None
[2024-04-08T08:48:07.537+0000] {processor.py:183} INFO - Processing /home/airflow/.local/lib/python3.8/site-packages/airflow/example_dags/tutorial_dag.py took 0.076 seconds
[2024-04-08T08:48:38.054+0000] {processor.py:161} INFO - Started process (PID=10982) to work on /home/airflow/.local/lib/python3.8/site-packages/airflow/example_dags/tutorial_dag.py
[2024-04-08T08:48:38.056+0000] {processor.py:830} INFO - Processing file /home/airflow/.local/lib/python3.8/site-packages/airflow/example_dags/tutorial_dag.py for tasks to queue
[2024-04-08T08:48:38.057+0000] {logging_mixin.py:188} INFO - [2024-04-08T08:48:38.056+0000] {dagbag.py:540} INFO - Filling up the DagBag from /home/airflow/.local/lib/python3.8/site-packages/airflow/example_dags/tutorial_dag.py
[2024-04-08T08:48:38.062+0000] {processor.py:840} INFO - DAG(s) 'tutorial_dag' retrieved from /home/airflow/.local/lib/python3.8/site-packages/airflow/example_dags/tutorial_dag.py
[2024-04-08T08:48:38.085+0000] {logging_mixin.py:188} INFO - [2024-04-08T08:48:38.085+0000] {dag.py:3047} INFO - Sync 1 DAGs
[2024-04-08T08:48:38.097+0000] {logging_mixin.py:188} INFO - [2024-04-08T08:48:38.097+0000] {dag.py:3834} INFO - Setting next_dagrun for tutorial_dag to None, run_after=None
[2024-04-08T08:48:38.121+0000] {processor.py:183} INFO - Processing /home/airflow/.local/lib/python3.8/site-packages/airflow/example_dags/tutorial_dag.py took 0.070 seconds
[2024-04-08T08:49:08.451+0000] {processor.py:161} INFO - Started process (PID=11239) to work on /home/airflow/.local/lib/python3.8/site-packages/airflow/example_dags/tutorial_dag.py
[2024-04-08T08:49:08.452+0000] {processor.py:830} INFO - Processing file /home/airflow/.local/lib/python3.8/site-packages/airflow/example_dags/tutorial_dag.py for tasks to queue
[2024-04-08T08:49:08.453+0000] {logging_mixin.py:188} INFO - [2024-04-08T08:49:08.452+0000] {dagbag.py:540} INFO - Filling up the DagBag from /home/airflow/.local/lib/python3.8/site-packages/airflow/example_dags/tutorial_dag.py
[2024-04-08T08:49:08.458+0000] {processor.py:840} INFO - DAG(s) 'tutorial_dag' retrieved from /home/airflow/.local/lib/python3.8/site-packages/airflow/example_dags/tutorial_dag.py
[2024-04-08T08:49:08.481+0000] {logging_mixin.py:188} INFO - [2024-04-08T08:49:08.481+0000] {dag.py:3047} INFO - Sync 1 DAGs
[2024-04-08T08:49:08.495+0000] {logging_mixin.py:188} INFO - [2024-04-08T08:49:08.495+0000] {dag.py:3834} INFO - Setting next_dagrun for tutorial_dag to None, run_after=None
[2024-04-08T08:49:08.517+0000] {processor.py:183} INFO - Processing /home/airflow/.local/lib/python3.8/site-packages/airflow/example_dags/tutorial_dag.py took 0.070 seconds
[2024-04-08T08:49:38.858+0000] {processor.py:161} INFO - Started process (PID=11496) to work on /home/airflow/.local/lib/python3.8/site-packages/airflow/example_dags/tutorial_dag.py
[2024-04-08T08:49:38.859+0000] {processor.py:830} INFO - Processing file /home/airflow/.local/lib/python3.8/site-packages/airflow/example_dags/tutorial_dag.py for tasks to queue
[2024-04-08T08:49:38.860+0000] {logging_mixin.py:188} INFO - [2024-04-08T08:49:38.859+0000] {dagbag.py:540} INFO - Filling up the DagBag from /home/airflow/.local/lib/python3.8/site-packages/airflow/example_dags/tutorial_dag.py
[2024-04-08T08:49:38.865+0000] {processor.py:840} INFO - DAG(s) 'tutorial_dag' retrieved from /home/airflow/.local/lib/python3.8/site-packages/airflow/example_dags/tutorial_dag.py
[2024-04-08T08:49:38.890+0000] {logging_mixin.py:188} INFO - [2024-04-08T08:49:38.890+0000] {dag.py:3047} INFO - Sync 1 DAGs
[2024-04-08T08:49:38.905+0000] {logging_mixin.py:188} INFO - [2024-04-08T08:49:38.905+0000] {dag.py:3834} INFO - Setting next_dagrun for tutorial_dag to None, run_after=None
[2024-04-08T08:49:38.929+0000] {processor.py:183} INFO - Processing /home/airflow/.local/lib/python3.8/site-packages/airflow/example_dags/tutorial_dag.py took 0.075 seconds
[2024-04-08T08:50:09.433+0000] {processor.py:161} INFO - Started process (PID=11754) to work on /home/airflow/.local/lib/python3.8/site-packages/airflow/example_dags/tutorial_dag.py
[2024-04-08T08:50:09.434+0000] {processor.py:830} INFO - Processing file /home/airflow/.local/lib/python3.8/site-packages/airflow/example_dags/tutorial_dag.py for tasks to queue
[2024-04-08T08:50:09.435+0000] {logging_mixin.py:188} INFO - [2024-04-08T08:50:09.435+0000] {dagbag.py:540} INFO - Filling up the DagBag from /home/airflow/.local/lib/python3.8/site-packages/airflow/example_dags/tutorial_dag.py
[2024-04-08T08:50:09.441+0000] {processor.py:840} INFO - DAG(s) 'tutorial_dag' retrieved from /home/airflow/.local/lib/python3.8/site-packages/airflow/example_dags/tutorial_dag.py
[2024-04-08T08:50:09.466+0000] {logging_mixin.py:188} INFO - [2024-04-08T08:50:09.466+0000] {dag.py:3047} INFO - Sync 1 DAGs
[2024-04-08T08:50:09.480+0000] {logging_mixin.py:188} INFO - [2024-04-08T08:50:09.480+0000] {dag.py:3834} INFO - Setting next_dagrun for tutorial_dag to None, run_after=None
[2024-04-08T08:50:09.520+0000] {processor.py:183} INFO - Processing /home/airflow/.local/lib/python3.8/site-packages/airflow/example_dags/tutorial_dag.py took 0.104 seconds
[2024-04-08T08:50:39.949+0000] {processor.py:161} INFO - Started process (PID=12010) to work on /home/airflow/.local/lib/python3.8/site-packages/airflow/example_dags/tutorial_dag.py
[2024-04-08T08:50:39.951+0000] {processor.py:830} INFO - Processing file /home/airflow/.local/lib/python3.8/site-packages/airflow/example_dags/tutorial_dag.py for tasks to queue
[2024-04-08T08:50:39.952+0000] {logging_mixin.py:188} INFO - [2024-04-08T08:50:39.951+0000] {dagbag.py:540} INFO - Filling up the DagBag from /home/airflow/.local/lib/python3.8/site-packages/airflow/example_dags/tutorial_dag.py
[2024-04-08T08:50:39.958+0000] {processor.py:840} INFO - DAG(s) 'tutorial_dag' retrieved from /home/airflow/.local/lib/python3.8/site-packages/airflow/example_dags/tutorial_dag.py
[2024-04-08T08:50:39.981+0000] {logging_mixin.py:188} INFO - [2024-04-08T08:50:39.980+0000] {dag.py:3047} INFO - Sync 1 DAGs
[2024-04-08T08:50:39.994+0000] {logging_mixin.py:188} INFO - [2024-04-08T08:50:39.994+0000] {dag.py:3834} INFO - Setting next_dagrun for tutorial_dag to None, run_after=None
[2024-04-08T08:50:40.018+0000] {processor.py:183} INFO - Processing /home/airflow/.local/lib/python3.8/site-packages/airflow/example_dags/tutorial_dag.py took 0.073 seconds
[2024-04-08T08:51:10.364+0000] {processor.py:161} INFO - Started process (PID=12268) to work on /home/airflow/.local/lib/python3.8/site-packages/airflow/example_dags/tutorial_dag.py
[2024-04-08T08:51:10.365+0000] {processor.py:830} INFO - Processing file /home/airflow/.local/lib/python3.8/site-packages/airflow/example_dags/tutorial_dag.py for tasks to queue
[2024-04-08T08:51:10.366+0000] {logging_mixin.py:188} INFO - [2024-04-08T08:51:10.366+0000] {dagbag.py:540} INFO - Filling up the DagBag from /home/airflow/.local/lib/python3.8/site-packages/airflow/example_dags/tutorial_dag.py
[2024-04-08T08:51:10.372+0000] {processor.py:840} INFO - DAG(s) 'tutorial_dag' retrieved from /home/airflow/.local/lib/python3.8/site-packages/airflow/example_dags/tutorial_dag.py
[2024-04-08T08:51:10.395+0000] {logging_mixin.py:188} INFO - [2024-04-08T08:51:10.395+0000] {dag.py:3047} INFO - Sync 1 DAGs
[2024-04-08T08:51:10.409+0000] {logging_mixin.py:188} INFO - [2024-04-08T08:51:10.409+0000] {dag.py:3834} INFO - Setting next_dagrun for tutorial_dag to None, run_after=None
[2024-04-08T08:51:10.440+0000] {processor.py:183} INFO - Processing /home/airflow/.local/lib/python3.8/site-packages/airflow/example_dags/tutorial_dag.py took 0.080 seconds
[2024-04-08T08:51:40.872+0000] {processor.py:161} INFO - Started process (PID=12526) to work on /home/airflow/.local/lib/python3.8/site-packages/airflow/example_dags/tutorial_dag.py
[2024-04-08T08:51:40.873+0000] {processor.py:830} INFO - Processing file /home/airflow/.local/lib/python3.8/site-packages/airflow/example_dags/tutorial_dag.py for tasks to queue
[2024-04-08T08:51:40.874+0000] {logging_mixin.py:188} INFO - [2024-04-08T08:51:40.874+0000] {dagbag.py:540} INFO - Filling up the DagBag from /home/airflow/.local/lib/python3.8/site-packages/airflow/example_dags/tutorial_dag.py
[2024-04-08T08:51:40.880+0000] {processor.py:840} INFO - DAG(s) 'tutorial_dag' retrieved from /home/airflow/.local/lib/python3.8/site-packages/airflow/example_dags/tutorial_dag.py
[2024-04-08T08:51:40.903+0000] {logging_mixin.py:188} INFO - [2024-04-08T08:51:40.903+0000] {dag.py:3047} INFO - Sync 1 DAGs
[2024-04-08T08:51:40.918+0000] {logging_mixin.py:188} INFO - [2024-04-08T08:51:40.917+0000] {dag.py:3834} INFO - Setting next_dagrun for tutorial_dag to None, run_after=None
[2024-04-08T08:51:40.953+0000] {processor.py:183} INFO - Processing /home/airflow/.local/lib/python3.8/site-packages/airflow/example_dags/tutorial_dag.py took 0.085 seconds
[2024-04-08T08:52:11.300+0000] {processor.py:161} INFO - Started process (PID=12783) to work on /home/airflow/.local/lib/python3.8/site-packages/airflow/example_dags/tutorial_dag.py
[2024-04-08T08:52:11.301+0000] {processor.py:830} INFO - Processing file /home/airflow/.local/lib/python3.8/site-packages/airflow/example_dags/tutorial_dag.py for tasks to queue
[2024-04-08T08:52:11.302+0000] {logging_mixin.py:188} INFO - [2024-04-08T08:52:11.302+0000] {dagbag.py:540} INFO - Filling up the DagBag from /home/airflow/.local/lib/python3.8/site-packages/airflow/example_dags/tutorial_dag.py
[2024-04-08T08:52:11.314+0000] {processor.py:840} INFO - DAG(s) 'tutorial_dag' retrieved from /home/airflow/.local/lib/python3.8/site-packages/airflow/example_dags/tutorial_dag.py
[2024-04-08T08:52:11.343+0000] {logging_mixin.py:188} INFO - [2024-04-08T08:52:11.343+0000] {dag.py:3047} INFO - Sync 1 DAGs
[2024-04-08T08:52:11.359+0000] {logging_mixin.py:188} INFO - [2024-04-08T08:52:11.359+0000] {dag.py:3834} INFO - Setting next_dagrun for tutorial_dag to None, run_after=None
[2024-04-08T08:52:11.387+0000] {processor.py:183} INFO - Processing /home/airflow/.local/lib/python3.8/site-packages/airflow/example_dags/tutorial_dag.py took 0.091 seconds
[2024-04-08T08:52:41.784+0000] {processor.py:161} INFO - Started process (PID=13046) to work on /home/airflow/.local/lib/python3.8/site-packages/airflow/example_dags/tutorial_dag.py
[2024-04-08T08:52:41.785+0000] {processor.py:830} INFO - Processing file /home/airflow/.local/lib/python3.8/site-packages/airflow/example_dags/tutorial_dag.py for tasks to queue
[2024-04-08T08:52:41.786+0000] {logging_mixin.py:188} INFO - [2024-04-08T08:52:41.786+0000] {dagbag.py:540} INFO - Filling up the DagBag from /home/airflow/.local/lib/python3.8/site-packages/airflow/example_dags/tutorial_dag.py
[2024-04-08T08:52:41.792+0000] {processor.py:840} INFO - DAG(s) 'tutorial_dag' retrieved from /home/airflow/.local/lib/python3.8/site-packages/airflow/example_dags/tutorial_dag.py
[2024-04-08T08:52:41.816+0000] {logging_mixin.py:188} INFO - [2024-04-08T08:52:41.815+0000] {dag.py:3047} INFO - Sync 1 DAGs
[2024-04-08T08:52:41.828+0000] {logging_mixin.py:188} INFO - [2024-04-08T08:52:41.828+0000] {dag.py:3834} INFO - Setting next_dagrun for tutorial_dag to None, run_after=None
[2024-04-08T08:52:41.853+0000] {processor.py:183} INFO - Processing /home/airflow/.local/lib/python3.8/site-packages/airflow/example_dags/tutorial_dag.py took 0.073 seconds
[2024-04-08T08:53:12.365+0000] {processor.py:161} INFO - Started process (PID=13303) to work on /home/airflow/.local/lib/python3.8/site-packages/airflow/example_dags/tutorial_dag.py
[2024-04-08T08:53:12.366+0000] {processor.py:830} INFO - Processing file /home/airflow/.local/lib/python3.8/site-packages/airflow/example_dags/tutorial_dag.py for tasks to queue
[2024-04-08T08:53:12.368+0000] {logging_mixin.py:188} INFO - [2024-04-08T08:53:12.367+0000] {dagbag.py:540} INFO - Filling up the DagBag from /home/airflow/.local/lib/python3.8/site-packages/airflow/example_dags/tutorial_dag.py
[2024-04-08T08:53:12.373+0000] {processor.py:840} INFO - DAG(s) 'tutorial_dag' retrieved from /home/airflow/.local/lib/python3.8/site-packages/airflow/example_dags/tutorial_dag.py
[2024-04-08T08:53:12.396+0000] {logging_mixin.py:188} INFO - [2024-04-08T08:53:12.396+0000] {dag.py:3047} INFO - Sync 1 DAGs
[2024-04-08T08:53:12.410+0000] {logging_mixin.py:188} INFO - [2024-04-08T08:53:12.410+0000] {dag.py:3834} INFO - Setting next_dagrun for tutorial_dag to None, run_after=None
[2024-04-08T08:53:12.431+0000] {processor.py:183} INFO - Processing /home/airflow/.local/lib/python3.8/site-packages/airflow/example_dags/tutorial_dag.py took 0.069 seconds
[2024-04-08T08:53:42.667+0000] {processor.py:161} INFO - Started process (PID=13560) to work on /home/airflow/.local/lib/python3.8/site-packages/airflow/example_dags/tutorial_dag.py
[2024-04-08T08:53:42.669+0000] {processor.py:830} INFO - Processing file /home/airflow/.local/lib/python3.8/site-packages/airflow/example_dags/tutorial_dag.py for tasks to queue
[2024-04-08T08:53:42.670+0000] {logging_mixin.py:188} INFO - [2024-04-08T08:53:42.670+0000] {dagbag.py:540} INFO - Filling up the DagBag from /home/airflow/.local/lib/python3.8/site-packages/airflow/example_dags/tutorial_dag.py
[2024-04-08T08:53:42.676+0000] {processor.py:840} INFO - DAG(s) 'tutorial_dag' retrieved from /home/airflow/.local/lib/python3.8/site-packages/airflow/example_dags/tutorial_dag.py
[2024-04-08T08:53:42.698+0000] {logging_mixin.py:188} INFO - [2024-04-08T08:53:42.698+0000] {dag.py:3047} INFO - Sync 1 DAGs
[2024-04-08T08:53:42.714+0000] {logging_mixin.py:188} INFO - [2024-04-08T08:53:42.713+0000] {dag.py:3834} INFO - Setting next_dagrun for tutorial_dag to None, run_after=None
[2024-04-08T08:53:42.748+0000] {processor.py:183} INFO - Processing /home/airflow/.local/lib/python3.8/site-packages/airflow/example_dags/tutorial_dag.py took 0.084 seconds
[2024-04-08T08:54:13.246+0000] {processor.py:161} INFO - Started process (PID=13818) to work on /home/airflow/.local/lib/python3.8/site-packages/airflow/example_dags/tutorial_dag.py
[2024-04-08T08:54:13.247+0000] {processor.py:830} INFO - Processing file /home/airflow/.local/lib/python3.8/site-packages/airflow/example_dags/tutorial_dag.py for tasks to queue
[2024-04-08T08:54:13.248+0000] {logging_mixin.py:188} INFO - [2024-04-08T08:54:13.248+0000] {dagbag.py:540} INFO - Filling up the DagBag from /home/airflow/.local/lib/python3.8/site-packages/airflow/example_dags/tutorial_dag.py
[2024-04-08T08:54:13.254+0000] {processor.py:840} INFO - DAG(s) 'tutorial_dag' retrieved from /home/airflow/.local/lib/python3.8/site-packages/airflow/example_dags/tutorial_dag.py
[2024-04-08T08:54:13.279+0000] {logging_mixin.py:188} INFO - [2024-04-08T08:54:13.279+0000] {dag.py:3047} INFO - Sync 1 DAGs
[2024-04-08T08:54:13.292+0000] {logging_mixin.py:188} INFO - [2024-04-08T08:54:13.292+0000] {dag.py:3834} INFO - Setting next_dagrun for tutorial_dag to None, run_after=None
[2024-04-08T08:54:13.316+0000] {processor.py:183} INFO - Processing /home/airflow/.local/lib/python3.8/site-packages/airflow/example_dags/tutorial_dag.py took 0.074 seconds
[2024-04-08T08:54:43.688+0000] {processor.py:161} INFO - Started process (PID=14076) to work on /home/airflow/.local/lib/python3.8/site-packages/airflow/example_dags/tutorial_dag.py
[2024-04-08T08:54:43.689+0000] {processor.py:830} INFO - Processing file /home/airflow/.local/lib/python3.8/site-packages/airflow/example_dags/tutorial_dag.py for tasks to queue
[2024-04-08T08:54:43.690+0000] {logging_mixin.py:188} INFO - [2024-04-08T08:54:43.689+0000] {dagbag.py:540} INFO - Filling up the DagBag from /home/airflow/.local/lib/python3.8/site-packages/airflow/example_dags/tutorial_dag.py
[2024-04-08T08:54:43.696+0000] {processor.py:840} INFO - DAG(s) 'tutorial_dag' retrieved from /home/airflow/.local/lib/python3.8/site-packages/airflow/example_dags/tutorial_dag.py
[2024-04-08T08:54:43.719+0000] {logging_mixin.py:188} INFO - [2024-04-08T08:54:43.719+0000] {dag.py:3047} INFO - Sync 1 DAGs
[2024-04-08T08:54:43.736+0000] {logging_mixin.py:188} INFO - [2024-04-08T08:54:43.736+0000] {dag.py:3834} INFO - Setting next_dagrun for tutorial_dag to None, run_after=None
[2024-04-08T08:54:43.760+0000] {processor.py:183} INFO - Processing /home/airflow/.local/lib/python3.8/site-packages/airflow/example_dags/tutorial_dag.py took 0.076 seconds
[2024-04-08T08:55:14.009+0000] {processor.py:161} INFO - Started process (PID=14334) to work on /home/airflow/.local/lib/python3.8/site-packages/airflow/example_dags/tutorial_dag.py
[2024-04-08T08:55:14.010+0000] {processor.py:830} INFO - Processing file /home/airflow/.local/lib/python3.8/site-packages/airflow/example_dags/tutorial_dag.py for tasks to queue
[2024-04-08T08:55:14.011+0000] {logging_mixin.py:188} INFO - [2024-04-08T08:55:14.011+0000] {dagbag.py:540} INFO - Filling up the DagBag from /home/airflow/.local/lib/python3.8/site-packages/airflow/example_dags/tutorial_dag.py
[2024-04-08T08:55:14.017+0000] {processor.py:840} INFO - DAG(s) 'tutorial_dag' retrieved from /home/airflow/.local/lib/python3.8/site-packages/airflow/example_dags/tutorial_dag.py
[2024-04-08T08:55:14.041+0000] {logging_mixin.py:188} INFO - [2024-04-08T08:55:14.041+0000] {dag.py:3047} INFO - Sync 1 DAGs
[2024-04-08T08:55:14.054+0000] {logging_mixin.py:188} INFO - [2024-04-08T08:55:14.053+0000] {dag.py:3834} INFO - Setting next_dagrun for tutorial_dag to None, run_after=None
[2024-04-08T08:55:14.077+0000] {processor.py:183} INFO - Processing /home/airflow/.local/lib/python3.8/site-packages/airflow/example_dags/tutorial_dag.py took 0.071 seconds
[2024-04-08T08:55:44.406+0000] {processor.py:161} INFO - Started process (PID=14592) to work on /home/airflow/.local/lib/python3.8/site-packages/airflow/example_dags/tutorial_dag.py
[2024-04-08T08:55:44.407+0000] {processor.py:830} INFO - Processing file /home/airflow/.local/lib/python3.8/site-packages/airflow/example_dags/tutorial_dag.py for tasks to queue
[2024-04-08T08:55:44.409+0000] {logging_mixin.py:188} INFO - [2024-04-08T08:55:44.408+0000] {dagbag.py:540} INFO - Filling up the DagBag from /home/airflow/.local/lib/python3.8/site-packages/airflow/example_dags/tutorial_dag.py
[2024-04-08T08:55:44.414+0000] {processor.py:840} INFO - DAG(s) 'tutorial_dag' retrieved from /home/airflow/.local/lib/python3.8/site-packages/airflow/example_dags/tutorial_dag.py
[2024-04-08T08:55:44.438+0000] {logging_mixin.py:188} INFO - [2024-04-08T08:55:44.438+0000] {dag.py:3047} INFO - Sync 1 DAGs
[2024-04-08T08:55:44.449+0000] {logging_mixin.py:188} INFO - [2024-04-08T08:55:44.449+0000] {dag.py:3834} INFO - Setting next_dagrun for tutorial_dag to None, run_after=None
[2024-04-08T08:55:44.471+0000] {processor.py:183} INFO - Processing /home/airflow/.local/lib/python3.8/site-packages/airflow/example_dags/tutorial_dag.py took 0.069 seconds
[2024-04-08T08:56:14.697+0000] {processor.py:161} INFO - Started process (PID=14850) to work on /home/airflow/.local/lib/python3.8/site-packages/airflow/example_dags/tutorial_dag.py
[2024-04-08T08:56:14.699+0000] {processor.py:830} INFO - Processing file /home/airflow/.local/lib/python3.8/site-packages/airflow/example_dags/tutorial_dag.py for tasks to queue
[2024-04-08T08:56:14.700+0000] {logging_mixin.py:188} INFO - [2024-04-08T08:56:14.699+0000] {dagbag.py:540} INFO - Filling up the DagBag from /home/airflow/.local/lib/python3.8/site-packages/airflow/example_dags/tutorial_dag.py
[2024-04-08T08:56:14.705+0000] {processor.py:840} INFO - DAG(s) 'tutorial_dag' retrieved from /home/airflow/.local/lib/python3.8/site-packages/airflow/example_dags/tutorial_dag.py
[2024-04-08T08:56:14.730+0000] {logging_mixin.py:188} INFO - [2024-04-08T08:56:14.730+0000] {dag.py:3047} INFO - Sync 1 DAGs
[2024-04-08T08:56:14.743+0000] {logging_mixin.py:188} INFO - [2024-04-08T08:56:14.742+0000] {dag.py:3834} INFO - Setting next_dagrun for tutorial_dag to None, run_after=None
[2024-04-08T08:56:14.768+0000] {processor.py:183} INFO - Processing /home/airflow/.local/lib/python3.8/site-packages/airflow/example_dags/tutorial_dag.py took 0.074 seconds
[2024-04-08T08:56:45.119+0000] {processor.py:161} INFO - Started process (PID=15107) to work on /home/airflow/.local/lib/python3.8/site-packages/airflow/example_dags/tutorial_dag.py
[2024-04-08T08:56:45.121+0000] {processor.py:830} INFO - Processing file /home/airflow/.local/lib/python3.8/site-packages/airflow/example_dags/tutorial_dag.py for tasks to queue
[2024-04-08T08:56:45.122+0000] {logging_mixin.py:188} INFO - [2024-04-08T08:56:45.121+0000] {dagbag.py:540} INFO - Filling up the DagBag from /home/airflow/.local/lib/python3.8/site-packages/airflow/example_dags/tutorial_dag.py
[2024-04-08T08:56:45.129+0000] {processor.py:840} INFO - DAG(s) 'tutorial_dag' retrieved from /home/airflow/.local/lib/python3.8/site-packages/airflow/example_dags/tutorial_dag.py
[2024-04-08T08:56:45.154+0000] {logging_mixin.py:188} INFO - [2024-04-08T08:56:45.154+0000] {dag.py:3047} INFO - Sync 1 DAGs
[2024-04-08T08:56:45.166+0000] {logging_mixin.py:188} INFO - [2024-04-08T08:56:45.166+0000] {dag.py:3834} INFO - Setting next_dagrun for tutorial_dag to None, run_after=None
[2024-04-08T08:56:45.189+0000] {processor.py:183} INFO - Processing /home/airflow/.local/lib/python3.8/site-packages/airflow/example_dags/tutorial_dag.py took 0.074 seconds
