[2024-04-08T08:27:19.807+0000] {processor.py:161} INFO - Started process (PID=245) to work on /home/airflow/.local/lib/python3.8/site-packages/airflow/example_dags/tutorial_objectstorage.py
[2024-04-08T08:27:19.808+0000] {processor.py:830} INFO - Processing file /home/airflow/.local/lib/python3.8/site-packages/airflow/example_dags/tutorial_objectstorage.py for tasks to queue
[2024-04-08T08:27:19.810+0000] {logging_mixin.py:188} INFO - [2024-04-08T08:27:19.810+0000] {dagbag.py:540} INFO - Filling up the DagBag from /home/airflow/.local/lib/python3.8/site-packages/airflow/example_dags/tutorial_objectstorage.py
[2024-04-08T08:27:19.819+0000] {processor.py:840} INFO - DAG(s) 'tutorial_objectstorage' retrieved from /home/airflow/.local/lib/python3.8/site-packages/airflow/example_dags/tutorial_objectstorage.py
[2024-04-08T08:27:19.917+0000] {logging_mixin.py:188} INFO - [2024-04-08T08:27:19.913+0000] {dag.py:3047} INFO - Sync 1 DAGs
[2024-04-08T08:27:19.953+0000] {logging_mixin.py:188} INFO - [2024-04-08T08:27:19.952+0000] {dag.py:3834} INFO - Setting next_dagrun for tutorial_objectstorage to None, run_after=None
[2024-04-08T08:27:20.052+0000] {processor.py:183} INFO - Processing /home/airflow/.local/lib/python3.8/site-packages/airflow/example_dags/tutorial_objectstorage.py took 0.249 seconds
[2024-04-08T08:27:50.280+0000] {processor.py:161} INFO - Started process (PID=502) to work on /home/airflow/.local/lib/python3.8/site-packages/airflow/example_dags/tutorial_objectstorage.py
[2024-04-08T08:27:50.281+0000] {processor.py:830} INFO - Processing file /home/airflow/.local/lib/python3.8/site-packages/airflow/example_dags/tutorial_objectstorage.py for tasks to queue
[2024-04-08T08:27:50.282+0000] {logging_mixin.py:188} INFO - [2024-04-08T08:27:50.281+0000] {dagbag.py:540} INFO - Filling up the DagBag from /home/airflow/.local/lib/python3.8/site-packages/airflow/example_dags/tutorial_objectstorage.py
[2024-04-08T08:27:50.289+0000] {processor.py:840} INFO - DAG(s) 'tutorial_objectstorage' retrieved from /home/airflow/.local/lib/python3.8/site-packages/airflow/example_dags/tutorial_objectstorage.py
[2024-04-08T08:27:50.312+0000] {logging_mixin.py:188} INFO - [2024-04-08T08:27:50.312+0000] {dag.py:3047} INFO - Sync 1 DAGs
[2024-04-08T08:27:50.328+0000] {logging_mixin.py:188} INFO - [2024-04-08T08:27:50.328+0000] {dag.py:3834} INFO - Setting next_dagrun for tutorial_objectstorage to None, run_after=None
[2024-04-08T08:27:50.350+0000] {processor.py:183} INFO - Processing /home/airflow/.local/lib/python3.8/site-packages/airflow/example_dags/tutorial_objectstorage.py took 0.075 seconds
[2024-04-08T08:28:21.058+0000] {processor.py:161} INFO - Started process (PID=760) to work on /home/airflow/.local/lib/python3.8/site-packages/airflow/example_dags/tutorial_objectstorage.py
[2024-04-08T08:28:21.059+0000] {processor.py:830} INFO - Processing file /home/airflow/.local/lib/python3.8/site-packages/airflow/example_dags/tutorial_objectstorage.py for tasks to queue
[2024-04-08T08:28:21.061+0000] {logging_mixin.py:188} INFO - [2024-04-08T08:28:21.060+0000] {dagbag.py:540} INFO - Filling up the DagBag from /home/airflow/.local/lib/python3.8/site-packages/airflow/example_dags/tutorial_objectstorage.py
[2024-04-08T08:28:21.069+0000] {processor.py:840} INFO - DAG(s) 'tutorial_objectstorage' retrieved from /home/airflow/.local/lib/python3.8/site-packages/airflow/example_dags/tutorial_objectstorage.py
[2024-04-08T08:28:21.097+0000] {logging_mixin.py:188} INFO - [2024-04-08T08:28:21.097+0000] {dag.py:3047} INFO - Sync 1 DAGs
[2024-04-08T08:28:21.112+0000] {logging_mixin.py:188} INFO - [2024-04-08T08:28:21.111+0000] {dag.py:3834} INFO - Setting next_dagrun for tutorial_objectstorage to None, run_after=None
[2024-04-08T08:28:21.136+0000] {processor.py:183} INFO - Processing /home/airflow/.local/lib/python3.8/site-packages/airflow/example_dags/tutorial_objectstorage.py took 0.081 seconds
[2024-04-08T08:28:51.620+0000] {processor.py:161} INFO - Started process (PID=1018) to work on /home/airflow/.local/lib/python3.8/site-packages/airflow/example_dags/tutorial_objectstorage.py
[2024-04-08T08:28:51.621+0000] {processor.py:830} INFO - Processing file /home/airflow/.local/lib/python3.8/site-packages/airflow/example_dags/tutorial_objectstorage.py for tasks to queue
[2024-04-08T08:28:51.622+0000] {logging_mixin.py:188} INFO - [2024-04-08T08:28:51.622+0000] {dagbag.py:540} INFO - Filling up the DagBag from /home/airflow/.local/lib/python3.8/site-packages/airflow/example_dags/tutorial_objectstorage.py
[2024-04-08T08:28:51.638+0000] {processor.py:840} INFO - DAG(s) 'tutorial_objectstorage' retrieved from /home/airflow/.local/lib/python3.8/site-packages/airflow/example_dags/tutorial_objectstorage.py
[2024-04-08T08:28:51.661+0000] {logging_mixin.py:188} INFO - [2024-04-08T08:28:51.661+0000] {dag.py:3047} INFO - Sync 1 DAGs
[2024-04-08T08:28:51.675+0000] {logging_mixin.py:188} INFO - [2024-04-08T08:28:51.674+0000] {dag.py:3834} INFO - Setting next_dagrun for tutorial_objectstorage to None, run_after=None
[2024-04-08T08:28:51.698+0000] {processor.py:183} INFO - Processing /home/airflow/.local/lib/python3.8/site-packages/airflow/example_dags/tutorial_objectstorage.py took 0.082 seconds
[2024-04-08T08:29:22.374+0000] {processor.py:161} INFO - Started process (PID=1276) to work on /home/airflow/.local/lib/python3.8/site-packages/airflow/example_dags/tutorial_objectstorage.py
[2024-04-08T08:29:22.375+0000] {processor.py:830} INFO - Processing file /home/airflow/.local/lib/python3.8/site-packages/airflow/example_dags/tutorial_objectstorage.py for tasks to queue
[2024-04-08T08:29:22.376+0000] {logging_mixin.py:188} INFO - [2024-04-08T08:29:22.375+0000] {dagbag.py:540} INFO - Filling up the DagBag from /home/airflow/.local/lib/python3.8/site-packages/airflow/example_dags/tutorial_objectstorage.py
[2024-04-08T08:29:22.382+0000] {processor.py:840} INFO - DAG(s) 'tutorial_objectstorage' retrieved from /home/airflow/.local/lib/python3.8/site-packages/airflow/example_dags/tutorial_objectstorage.py
[2024-04-08T08:29:22.405+0000] {logging_mixin.py:188} INFO - [2024-04-08T08:29:22.404+0000] {dag.py:3047} INFO - Sync 1 DAGs
[2024-04-08T08:29:22.418+0000] {logging_mixin.py:188} INFO - [2024-04-08T08:29:22.418+0000] {dag.py:3834} INFO - Setting next_dagrun for tutorial_objectstorage to None, run_after=None
[2024-04-08T08:29:22.443+0000] {processor.py:183} INFO - Processing /home/airflow/.local/lib/python3.8/site-packages/airflow/example_dags/tutorial_objectstorage.py took 0.073 seconds
[2024-04-08T08:29:52.768+0000] {processor.py:161} INFO - Started process (PID=1533) to work on /home/airflow/.local/lib/python3.8/site-packages/airflow/example_dags/tutorial_objectstorage.py
[2024-04-08T08:29:52.769+0000] {processor.py:830} INFO - Processing file /home/airflow/.local/lib/python3.8/site-packages/airflow/example_dags/tutorial_objectstorage.py for tasks to queue
[2024-04-08T08:29:52.770+0000] {logging_mixin.py:188} INFO - [2024-04-08T08:29:52.770+0000] {dagbag.py:540} INFO - Filling up the DagBag from /home/airflow/.local/lib/python3.8/site-packages/airflow/example_dags/tutorial_objectstorage.py
[2024-04-08T08:29:52.777+0000] {processor.py:840} INFO - DAG(s) 'tutorial_objectstorage' retrieved from /home/airflow/.local/lib/python3.8/site-packages/airflow/example_dags/tutorial_objectstorage.py
[2024-04-08T08:29:52.801+0000] {logging_mixin.py:188} INFO - [2024-04-08T08:29:52.801+0000] {dag.py:3047} INFO - Sync 1 DAGs
[2024-04-08T08:29:52.817+0000] {logging_mixin.py:188} INFO - [2024-04-08T08:29:52.816+0000] {dag.py:3834} INFO - Setting next_dagrun for tutorial_objectstorage to None, run_after=None
[2024-04-08T08:29:52.841+0000] {processor.py:183} INFO - Processing /home/airflow/.local/lib/python3.8/site-packages/airflow/example_dags/tutorial_objectstorage.py took 0.076 seconds
[2024-04-08T08:30:23.509+0000] {processor.py:161} INFO - Started process (PID=1791) to work on /home/airflow/.local/lib/python3.8/site-packages/airflow/example_dags/tutorial_objectstorage.py
[2024-04-08T08:30:23.510+0000] {processor.py:830} INFO - Processing file /home/airflow/.local/lib/python3.8/site-packages/airflow/example_dags/tutorial_objectstorage.py for tasks to queue
[2024-04-08T08:30:23.511+0000] {logging_mixin.py:188} INFO - [2024-04-08T08:30:23.511+0000] {dagbag.py:540} INFO - Filling up the DagBag from /home/airflow/.local/lib/python3.8/site-packages/airflow/example_dags/tutorial_objectstorage.py
[2024-04-08T08:30:23.519+0000] {processor.py:840} INFO - DAG(s) 'tutorial_objectstorage' retrieved from /home/airflow/.local/lib/python3.8/site-packages/airflow/example_dags/tutorial_objectstorage.py
[2024-04-08T08:30:23.543+0000] {logging_mixin.py:188} INFO - [2024-04-08T08:30:23.542+0000] {dag.py:3047} INFO - Sync 1 DAGs
[2024-04-08T08:30:23.558+0000] {logging_mixin.py:188} INFO - [2024-04-08T08:30:23.558+0000] {dag.py:3834} INFO - Setting next_dagrun for tutorial_objectstorage to None, run_after=None
[2024-04-08T08:30:23.588+0000] {processor.py:183} INFO - Processing /home/airflow/.local/lib/python3.8/site-packages/airflow/example_dags/tutorial_objectstorage.py took 0.082 seconds
[2024-04-08T08:30:54.258+0000] {processor.py:161} INFO - Started process (PID=2050) to work on /home/airflow/.local/lib/python3.8/site-packages/airflow/example_dags/tutorial_objectstorage.py
[2024-04-08T08:30:54.259+0000] {processor.py:830} INFO - Processing file /home/airflow/.local/lib/python3.8/site-packages/airflow/example_dags/tutorial_objectstorage.py for tasks to queue
[2024-04-08T08:30:54.260+0000] {logging_mixin.py:188} INFO - [2024-04-08T08:30:54.260+0000] {dagbag.py:540} INFO - Filling up the DagBag from /home/airflow/.local/lib/python3.8/site-packages/airflow/example_dags/tutorial_objectstorage.py
[2024-04-08T08:30:54.268+0000] {processor.py:840} INFO - DAG(s) 'tutorial_objectstorage' retrieved from /home/airflow/.local/lib/python3.8/site-packages/airflow/example_dags/tutorial_objectstorage.py
[2024-04-08T08:30:54.291+0000] {logging_mixin.py:188} INFO - [2024-04-08T08:30:54.290+0000] {dag.py:3047} INFO - Sync 1 DAGs
[2024-04-08T08:30:54.306+0000] {logging_mixin.py:188} INFO - [2024-04-08T08:30:54.305+0000] {dag.py:3834} INFO - Setting next_dagrun for tutorial_objectstorage to None, run_after=None
[2024-04-08T08:30:54.348+0000] {processor.py:183} INFO - Processing /home/airflow/.local/lib/python3.8/site-packages/airflow/example_dags/tutorial_objectstorage.py took 0.093 seconds
[2024-04-08T08:31:24.618+0000] {processor.py:161} INFO - Started process (PID=2305) to work on /home/airflow/.local/lib/python3.8/site-packages/airflow/example_dags/tutorial_objectstorage.py
[2024-04-08T08:31:24.619+0000] {processor.py:830} INFO - Processing file /home/airflow/.local/lib/python3.8/site-packages/airflow/example_dags/tutorial_objectstorage.py for tasks to queue
[2024-04-08T08:31:24.620+0000] {logging_mixin.py:188} INFO - [2024-04-08T08:31:24.620+0000] {dagbag.py:540} INFO - Filling up the DagBag from /home/airflow/.local/lib/python3.8/site-packages/airflow/example_dags/tutorial_objectstorage.py
[2024-04-08T08:31:24.628+0000] {processor.py:840} INFO - DAG(s) 'tutorial_objectstorage' retrieved from /home/airflow/.local/lib/python3.8/site-packages/airflow/example_dags/tutorial_objectstorage.py
[2024-04-08T08:31:24.652+0000] {logging_mixin.py:188} INFO - [2024-04-08T08:31:24.651+0000] {dag.py:3047} INFO - Sync 1 DAGs
[2024-04-08T08:31:24.668+0000] {logging_mixin.py:188} INFO - [2024-04-08T08:31:24.667+0000] {dag.py:3834} INFO - Setting next_dagrun for tutorial_objectstorage to None, run_after=None
[2024-04-08T08:31:24.703+0000] {processor.py:183} INFO - Processing /home/airflow/.local/lib/python3.8/site-packages/airflow/example_dags/tutorial_objectstorage.py took 0.088 seconds
[2024-04-08T08:31:55.388+0000] {processor.py:161} INFO - Started process (PID=2562) to work on /home/airflow/.local/lib/python3.8/site-packages/airflow/example_dags/tutorial_objectstorage.py
[2024-04-08T08:31:55.389+0000] {processor.py:830} INFO - Processing file /home/airflow/.local/lib/python3.8/site-packages/airflow/example_dags/tutorial_objectstorage.py for tasks to queue
[2024-04-08T08:31:55.389+0000] {logging_mixin.py:188} INFO - [2024-04-08T08:31:55.389+0000] {dagbag.py:540} INFO - Filling up the DagBag from /home/airflow/.local/lib/python3.8/site-packages/airflow/example_dags/tutorial_objectstorage.py
[2024-04-08T08:31:55.397+0000] {processor.py:840} INFO - DAG(s) 'tutorial_objectstorage' retrieved from /home/airflow/.local/lib/python3.8/site-packages/airflow/example_dags/tutorial_objectstorage.py
[2024-04-08T08:31:55.419+0000] {logging_mixin.py:188} INFO - [2024-04-08T08:31:55.419+0000] {dag.py:3047} INFO - Sync 1 DAGs
[2024-04-08T08:31:55.434+0000] {logging_mixin.py:188} INFO - [2024-04-08T08:31:55.434+0000] {dag.py:3834} INFO - Setting next_dagrun for tutorial_objectstorage to None, run_after=None
[2024-04-08T08:31:55.458+0000] {processor.py:183} INFO - Processing /home/airflow/.local/lib/python3.8/site-packages/airflow/example_dags/tutorial_objectstorage.py took 0.073 seconds
[2024-04-08T08:32:26.033+0000] {processor.py:161} INFO - Started process (PID=2821) to work on /home/airflow/.local/lib/python3.8/site-packages/airflow/example_dags/tutorial_objectstorage.py
[2024-04-08T08:32:26.034+0000] {processor.py:830} INFO - Processing file /home/airflow/.local/lib/python3.8/site-packages/airflow/example_dags/tutorial_objectstorage.py for tasks to queue
[2024-04-08T08:32:26.035+0000] {logging_mixin.py:188} INFO - [2024-04-08T08:32:26.034+0000] {dagbag.py:540} INFO - Filling up the DagBag from /home/airflow/.local/lib/python3.8/site-packages/airflow/example_dags/tutorial_objectstorage.py
[2024-04-08T08:32:26.042+0000] {processor.py:840} INFO - DAG(s) 'tutorial_objectstorage' retrieved from /home/airflow/.local/lib/python3.8/site-packages/airflow/example_dags/tutorial_objectstorage.py
[2024-04-08T08:32:26.068+0000] {logging_mixin.py:188} INFO - [2024-04-08T08:32:26.067+0000] {dag.py:3047} INFO - Sync 1 DAGs
[2024-04-08T08:32:26.082+0000] {logging_mixin.py:188} INFO - [2024-04-08T08:32:26.082+0000] {dag.py:3834} INFO - Setting next_dagrun for tutorial_objectstorage to None, run_after=None
[2024-04-08T08:32:26.108+0000] {processor.py:183} INFO - Processing /home/airflow/.local/lib/python3.8/site-packages/airflow/example_dags/tutorial_objectstorage.py took 0.078 seconds
[2024-04-08T08:32:56.207+0000] {processor.py:161} INFO - Started process (PID=3078) to work on /home/airflow/.local/lib/python3.8/site-packages/airflow/example_dags/tutorial_objectstorage.py
[2024-04-08T08:32:56.208+0000] {processor.py:830} INFO - Processing file /home/airflow/.local/lib/python3.8/site-packages/airflow/example_dags/tutorial_objectstorage.py for tasks to queue
[2024-04-08T08:32:56.209+0000] {logging_mixin.py:188} INFO - [2024-04-08T08:32:56.209+0000] {dagbag.py:540} INFO - Filling up the DagBag from /home/airflow/.local/lib/python3.8/site-packages/airflow/example_dags/tutorial_objectstorage.py
[2024-04-08T08:32:56.217+0000] {processor.py:840} INFO - DAG(s) 'tutorial_objectstorage' retrieved from /home/airflow/.local/lib/python3.8/site-packages/airflow/example_dags/tutorial_objectstorage.py
[2024-04-08T08:32:56.240+0000] {logging_mixin.py:188} INFO - [2024-04-08T08:32:56.239+0000] {dag.py:3047} INFO - Sync 1 DAGs
[2024-04-08T08:32:56.254+0000] {logging_mixin.py:188} INFO - [2024-04-08T08:32:56.254+0000] {dag.py:3834} INFO - Setting next_dagrun for tutorial_objectstorage to None, run_after=None
[2024-04-08T08:32:56.279+0000] {processor.py:183} INFO - Processing /home/airflow/.local/lib/python3.8/site-packages/airflow/example_dags/tutorial_objectstorage.py took 0.075 seconds
[2024-04-08T08:33:26.688+0000] {processor.py:161} INFO - Started process (PID=3335) to work on /home/airflow/.local/lib/python3.8/site-packages/airflow/example_dags/tutorial_objectstorage.py
[2024-04-08T08:33:26.689+0000] {processor.py:830} INFO - Processing file /home/airflow/.local/lib/python3.8/site-packages/airflow/example_dags/tutorial_objectstorage.py for tasks to queue
[2024-04-08T08:33:26.689+0000] {logging_mixin.py:188} INFO - [2024-04-08T08:33:26.689+0000] {dagbag.py:540} INFO - Filling up the DagBag from /home/airflow/.local/lib/python3.8/site-packages/airflow/example_dags/tutorial_objectstorage.py
[2024-04-08T08:33:26.706+0000] {processor.py:840} INFO - DAG(s) 'tutorial_objectstorage' retrieved from /home/airflow/.local/lib/python3.8/site-packages/airflow/example_dags/tutorial_objectstorage.py
[2024-04-08T08:33:26.744+0000] {logging_mixin.py:188} INFO - [2024-04-08T08:33:26.744+0000] {dag.py:3047} INFO - Sync 1 DAGs
[2024-04-08T08:33:26.773+0000] {logging_mixin.py:188} INFO - [2024-04-08T08:33:26.773+0000] {dag.py:3834} INFO - Setting next_dagrun for tutorial_objectstorage to None, run_after=None
[2024-04-08T08:33:26.800+0000] {processor.py:183} INFO - Processing /home/airflow/.local/lib/python3.8/site-packages/airflow/example_dags/tutorial_objectstorage.py took 0.119 seconds
[2024-04-08T08:33:57.180+0000] {processor.py:161} INFO - Started process (PID=3590) to work on /home/airflow/.local/lib/python3.8/site-packages/airflow/example_dags/tutorial_objectstorage.py
[2024-04-08T08:33:57.181+0000] {processor.py:830} INFO - Processing file /home/airflow/.local/lib/python3.8/site-packages/airflow/example_dags/tutorial_objectstorage.py for tasks to queue
[2024-04-08T08:33:57.182+0000] {logging_mixin.py:188} INFO - [2024-04-08T08:33:57.181+0000] {dagbag.py:540} INFO - Filling up the DagBag from /home/airflow/.local/lib/python3.8/site-packages/airflow/example_dags/tutorial_objectstorage.py
[2024-04-08T08:33:57.189+0000] {processor.py:840} INFO - DAG(s) 'tutorial_objectstorage' retrieved from /home/airflow/.local/lib/python3.8/site-packages/airflow/example_dags/tutorial_objectstorage.py
[2024-04-08T08:33:57.211+0000] {logging_mixin.py:188} INFO - [2024-04-08T08:33:57.211+0000] {dag.py:3047} INFO - Sync 1 DAGs
[2024-04-08T08:33:57.223+0000] {logging_mixin.py:188} INFO - [2024-04-08T08:33:57.223+0000] {dag.py:3834} INFO - Setting next_dagrun for tutorial_objectstorage to None, run_after=None
[2024-04-08T08:33:57.249+0000] {processor.py:183} INFO - Processing /home/airflow/.local/lib/python3.8/site-packages/airflow/example_dags/tutorial_objectstorage.py took 0.073 seconds
[2024-04-08T08:34:27.402+0000] {processor.py:161} INFO - Started process (PID=3848) to work on /home/airflow/.local/lib/python3.8/site-packages/airflow/example_dags/tutorial_objectstorage.py
[2024-04-08T08:34:27.403+0000] {processor.py:830} INFO - Processing file /home/airflow/.local/lib/python3.8/site-packages/airflow/example_dags/tutorial_objectstorage.py for tasks to queue
[2024-04-08T08:34:27.404+0000] {logging_mixin.py:188} INFO - [2024-04-08T08:34:27.404+0000] {dagbag.py:540} INFO - Filling up the DagBag from /home/airflow/.local/lib/python3.8/site-packages/airflow/example_dags/tutorial_objectstorage.py
[2024-04-08T08:34:27.410+0000] {processor.py:840} INFO - DAG(s) 'tutorial_objectstorage' retrieved from /home/airflow/.local/lib/python3.8/site-packages/airflow/example_dags/tutorial_objectstorage.py
[2024-04-08T08:34:27.425+0000] {logging_mixin.py:188} INFO - [2024-04-08T08:34:27.425+0000] {dag.py:3047} INFO - Sync 1 DAGs
[2024-04-08T08:34:27.435+0000] {logging_mixin.py:188} INFO - [2024-04-08T08:34:27.434+0000] {dag.py:3834} INFO - Setting next_dagrun for tutorial_objectstorage to None, run_after=None
[2024-04-08T08:34:27.453+0000] {processor.py:183} INFO - Processing /home/airflow/.local/lib/python3.8/site-packages/airflow/example_dags/tutorial_objectstorage.py took 0.054 seconds
[2024-04-08T08:34:57.661+0000] {processor.py:161} INFO - Started process (PID=4105) to work on /home/airflow/.local/lib/python3.8/site-packages/airflow/example_dags/tutorial_objectstorage.py
[2024-04-08T08:34:57.662+0000] {processor.py:830} INFO - Processing file /home/airflow/.local/lib/python3.8/site-packages/airflow/example_dags/tutorial_objectstorage.py for tasks to queue
[2024-04-08T08:34:57.662+0000] {logging_mixin.py:188} INFO - [2024-04-08T08:34:57.662+0000] {dagbag.py:540} INFO - Filling up the DagBag from /home/airflow/.local/lib/python3.8/site-packages/airflow/example_dags/tutorial_objectstorage.py
[2024-04-08T08:34:57.669+0000] {processor.py:840} INFO - DAG(s) 'tutorial_objectstorage' retrieved from /home/airflow/.local/lib/python3.8/site-packages/airflow/example_dags/tutorial_objectstorage.py
[2024-04-08T08:34:57.692+0000] {logging_mixin.py:188} INFO - [2024-04-08T08:34:57.692+0000] {dag.py:3047} INFO - Sync 1 DAGs
[2024-04-08T08:34:57.709+0000] {logging_mixin.py:188} INFO - [2024-04-08T08:34:57.708+0000] {dag.py:3834} INFO - Setting next_dagrun for tutorial_objectstorage to None, run_after=None
[2024-04-08T08:34:57.732+0000] {processor.py:183} INFO - Processing /home/airflow/.local/lib/python3.8/site-packages/airflow/example_dags/tutorial_objectstorage.py took 0.075 seconds
[2024-04-08T08:35:28.252+0000] {processor.py:161} INFO - Started process (PID=4361) to work on /home/airflow/.local/lib/python3.8/site-packages/airflow/example_dags/tutorial_objectstorage.py
[2024-04-08T08:35:28.254+0000] {processor.py:830} INFO - Processing file /home/airflow/.local/lib/python3.8/site-packages/airflow/example_dags/tutorial_objectstorage.py for tasks to queue
[2024-04-08T08:35:28.255+0000] {logging_mixin.py:188} INFO - [2024-04-08T08:35:28.254+0000] {dagbag.py:540} INFO - Filling up the DagBag from /home/airflow/.local/lib/python3.8/site-packages/airflow/example_dags/tutorial_objectstorage.py
[2024-04-08T08:35:28.263+0000] {processor.py:840} INFO - DAG(s) 'tutorial_objectstorage' retrieved from /home/airflow/.local/lib/python3.8/site-packages/airflow/example_dags/tutorial_objectstorage.py
[2024-04-08T08:35:28.285+0000] {logging_mixin.py:188} INFO - [2024-04-08T08:35:28.285+0000] {dag.py:3047} INFO - Sync 1 DAGs
[2024-04-08T08:35:28.309+0000] {logging_mixin.py:188} INFO - [2024-04-08T08:35:28.309+0000] {dag.py:3834} INFO - Setting next_dagrun for tutorial_objectstorage to None, run_after=None
[2024-04-08T08:35:28.343+0000] {processor.py:183} INFO - Processing /home/airflow/.local/lib/python3.8/site-packages/airflow/example_dags/tutorial_objectstorage.py took 0.095 seconds
[2024-04-08T08:35:58.960+0000] {processor.py:161} INFO - Started process (PID=4618) to work on /home/airflow/.local/lib/python3.8/site-packages/airflow/example_dags/tutorial_objectstorage.py
[2024-04-08T08:35:58.961+0000] {processor.py:830} INFO - Processing file /home/airflow/.local/lib/python3.8/site-packages/airflow/example_dags/tutorial_objectstorage.py for tasks to queue
[2024-04-08T08:35:58.962+0000] {logging_mixin.py:188} INFO - [2024-04-08T08:35:58.962+0000] {dagbag.py:540} INFO - Filling up the DagBag from /home/airflow/.local/lib/python3.8/site-packages/airflow/example_dags/tutorial_objectstorage.py
[2024-04-08T08:35:58.970+0000] {processor.py:840} INFO - DAG(s) 'tutorial_objectstorage' retrieved from /home/airflow/.local/lib/python3.8/site-packages/airflow/example_dags/tutorial_objectstorage.py
[2024-04-08T08:35:58.993+0000] {logging_mixin.py:188} INFO - [2024-04-08T08:35:58.992+0000] {dag.py:3047} INFO - Sync 1 DAGs
[2024-04-08T08:35:59.007+0000] {logging_mixin.py:188} INFO - [2024-04-08T08:35:59.007+0000] {dag.py:3834} INFO - Setting next_dagrun for tutorial_objectstorage to None, run_after=None
[2024-04-08T08:35:59.030+0000] {processor.py:183} INFO - Processing /home/airflow/.local/lib/python3.8/site-packages/airflow/example_dags/tutorial_objectstorage.py took 0.075 seconds
[2024-04-08T08:36:29.372+0000] {processor.py:161} INFO - Started process (PID=4878) to work on /home/airflow/.local/lib/python3.8/site-packages/airflow/example_dags/tutorial_objectstorage.py
[2024-04-08T08:36:29.373+0000] {processor.py:830} INFO - Processing file /home/airflow/.local/lib/python3.8/site-packages/airflow/example_dags/tutorial_objectstorage.py for tasks to queue
[2024-04-08T08:36:29.373+0000] {logging_mixin.py:188} INFO - [2024-04-08T08:36:29.373+0000] {dagbag.py:540} INFO - Filling up the DagBag from /home/airflow/.local/lib/python3.8/site-packages/airflow/example_dags/tutorial_objectstorage.py
[2024-04-08T08:36:29.379+0000] {processor.py:840} INFO - DAG(s) 'tutorial_objectstorage' retrieved from /home/airflow/.local/lib/python3.8/site-packages/airflow/example_dags/tutorial_objectstorage.py
[2024-04-08T08:36:29.394+0000] {logging_mixin.py:188} INFO - [2024-04-08T08:36:29.394+0000] {dag.py:3047} INFO - Sync 1 DAGs
[2024-04-08T08:36:29.404+0000] {logging_mixin.py:188} INFO - [2024-04-08T08:36:29.404+0000] {dag.py:3834} INFO - Setting next_dagrun for tutorial_objectstorage to None, run_after=None
[2024-04-08T08:36:29.423+0000] {processor.py:183} INFO - Processing /home/airflow/.local/lib/python3.8/site-packages/airflow/example_dags/tutorial_objectstorage.py took 0.054 seconds
[2024-04-08T08:36:59.647+0000] {processor.py:161} INFO - Started process (PID=5135) to work on /home/airflow/.local/lib/python3.8/site-packages/airflow/example_dags/tutorial_objectstorage.py
[2024-04-08T08:36:59.648+0000] {processor.py:830} INFO - Processing file /home/airflow/.local/lib/python3.8/site-packages/airflow/example_dags/tutorial_objectstorage.py for tasks to queue
[2024-04-08T08:36:59.648+0000] {logging_mixin.py:188} INFO - [2024-04-08T08:36:59.648+0000] {dagbag.py:540} INFO - Filling up the DagBag from /home/airflow/.local/lib/python3.8/site-packages/airflow/example_dags/tutorial_objectstorage.py
[2024-04-08T08:36:59.654+0000] {processor.py:840} INFO - DAG(s) 'tutorial_objectstorage' retrieved from /home/airflow/.local/lib/python3.8/site-packages/airflow/example_dags/tutorial_objectstorage.py
[2024-04-08T08:36:59.670+0000] {logging_mixin.py:188} INFO - [2024-04-08T08:36:59.670+0000] {dag.py:3047} INFO - Sync 1 DAGs
[2024-04-08T08:36:59.680+0000] {logging_mixin.py:188} INFO - [2024-04-08T08:36:59.680+0000] {dag.py:3834} INFO - Setting next_dagrun for tutorial_objectstorage to None, run_after=None
[2024-04-08T08:36:59.702+0000] {processor.py:183} INFO - Processing /home/airflow/.local/lib/python3.8/site-packages/airflow/example_dags/tutorial_objectstorage.py took 0.058 seconds
[2024-04-08T08:37:30.232+0000] {processor.py:161} INFO - Started process (PID=5389) to work on /home/airflow/.local/lib/python3.8/site-packages/airflow/example_dags/tutorial_objectstorage.py
[2024-04-08T08:37:30.233+0000] {processor.py:830} INFO - Processing file /home/airflow/.local/lib/python3.8/site-packages/airflow/example_dags/tutorial_objectstorage.py for tasks to queue
[2024-04-08T08:37:30.234+0000] {logging_mixin.py:188} INFO - [2024-04-08T08:37:30.234+0000] {dagbag.py:540} INFO - Filling up the DagBag from /home/airflow/.local/lib/python3.8/site-packages/airflow/example_dags/tutorial_objectstorage.py
[2024-04-08T08:37:30.241+0000] {processor.py:840} INFO - DAG(s) 'tutorial_objectstorage' retrieved from /home/airflow/.local/lib/python3.8/site-packages/airflow/example_dags/tutorial_objectstorage.py
[2024-04-08T08:37:30.262+0000] {logging_mixin.py:188} INFO - [2024-04-08T08:37:30.262+0000] {dag.py:3047} INFO - Sync 1 DAGs
[2024-04-08T08:37:30.276+0000] {logging_mixin.py:188} INFO - [2024-04-08T08:37:30.276+0000] {dag.py:3834} INFO - Setting next_dagrun for tutorial_objectstorage to None, run_after=None
[2024-04-08T08:37:30.299+0000] {processor.py:183} INFO - Processing /home/airflow/.local/lib/python3.8/site-packages/airflow/example_dags/tutorial_objectstorage.py took 0.071 seconds
[2024-04-08T08:38:00.859+0000] {processor.py:161} INFO - Started process (PID=5648) to work on /home/airflow/.local/lib/python3.8/site-packages/airflow/example_dags/tutorial_objectstorage.py
[2024-04-08T08:38:00.860+0000] {processor.py:830} INFO - Processing file /home/airflow/.local/lib/python3.8/site-packages/airflow/example_dags/tutorial_objectstorage.py for tasks to queue
[2024-04-08T08:38:00.861+0000] {logging_mixin.py:188} INFO - [2024-04-08T08:38:00.861+0000] {dagbag.py:540} INFO - Filling up the DagBag from /home/airflow/.local/lib/python3.8/site-packages/airflow/example_dags/tutorial_objectstorage.py
[2024-04-08T08:38:00.868+0000] {processor.py:840} INFO - DAG(s) 'tutorial_objectstorage' retrieved from /home/airflow/.local/lib/python3.8/site-packages/airflow/example_dags/tutorial_objectstorage.py
[2024-04-08T08:38:00.891+0000] {logging_mixin.py:188} INFO - [2024-04-08T08:38:00.890+0000] {dag.py:3047} INFO - Sync 1 DAGs
[2024-04-08T08:38:00.906+0000] {logging_mixin.py:188} INFO - [2024-04-08T08:38:00.906+0000] {dag.py:3834} INFO - Setting next_dagrun for tutorial_objectstorage to None, run_after=None
[2024-04-08T08:38:00.932+0000] {processor.py:183} INFO - Processing /home/airflow/.local/lib/python3.8/site-packages/airflow/example_dags/tutorial_objectstorage.py took 0.076 seconds
[2024-04-08T08:38:31.342+0000] {processor.py:161} INFO - Started process (PID=5904) to work on /home/airflow/.local/lib/python3.8/site-packages/airflow/example_dags/tutorial_objectstorage.py
[2024-04-08T08:38:31.343+0000] {processor.py:830} INFO - Processing file /home/airflow/.local/lib/python3.8/site-packages/airflow/example_dags/tutorial_objectstorage.py for tasks to queue
[2024-04-08T08:38:31.344+0000] {logging_mixin.py:188} INFO - [2024-04-08T08:38:31.344+0000] {dagbag.py:540} INFO - Filling up the DagBag from /home/airflow/.local/lib/python3.8/site-packages/airflow/example_dags/tutorial_objectstorage.py
[2024-04-08T08:38:31.364+0000] {processor.py:840} INFO - DAG(s) 'tutorial_objectstorage' retrieved from /home/airflow/.local/lib/python3.8/site-packages/airflow/example_dags/tutorial_objectstorage.py
[2024-04-08T08:38:31.409+0000] {logging_mixin.py:188} INFO - [2024-04-08T08:38:31.409+0000] {dag.py:3047} INFO - Sync 1 DAGs
[2024-04-08T08:38:31.428+0000] {logging_mixin.py:188} INFO - [2024-04-08T08:38:31.427+0000] {dag.py:3834} INFO - Setting next_dagrun for tutorial_objectstorage to None, run_after=None
[2024-04-08T08:38:31.450+0000] {processor.py:183} INFO - Processing /home/airflow/.local/lib/python3.8/site-packages/airflow/example_dags/tutorial_objectstorage.py took 0.111 seconds
[2024-04-08T08:39:01.970+0000] {processor.py:161} INFO - Started process (PID=6161) to work on /home/airflow/.local/lib/python3.8/site-packages/airflow/example_dags/tutorial_objectstorage.py
[2024-04-08T08:39:01.971+0000] {processor.py:830} INFO - Processing file /home/airflow/.local/lib/python3.8/site-packages/airflow/example_dags/tutorial_objectstorage.py for tasks to queue
[2024-04-08T08:39:01.972+0000] {logging_mixin.py:188} INFO - [2024-04-08T08:39:01.972+0000] {dagbag.py:540} INFO - Filling up the DagBag from /home/airflow/.local/lib/python3.8/site-packages/airflow/example_dags/tutorial_objectstorage.py
[2024-04-08T08:39:01.980+0000] {processor.py:840} INFO - DAG(s) 'tutorial_objectstorage' retrieved from /home/airflow/.local/lib/python3.8/site-packages/airflow/example_dags/tutorial_objectstorage.py
[2024-04-08T08:39:02.022+0000] {logging_mixin.py:188} INFO - [2024-04-08T08:39:02.021+0000] {dag.py:3047} INFO - Sync 1 DAGs
[2024-04-08T08:39:02.036+0000] {logging_mixin.py:188} INFO - [2024-04-08T08:39:02.036+0000] {dag.py:3834} INFO - Setting next_dagrun for tutorial_objectstorage to None, run_after=None
[2024-04-08T08:39:02.060+0000] {processor.py:183} INFO - Processing /home/airflow/.local/lib/python3.8/site-packages/airflow/example_dags/tutorial_objectstorage.py took 0.093 seconds
[2024-04-08T08:39:32.484+0000] {processor.py:161} INFO - Started process (PID=6417) to work on /home/airflow/.local/lib/python3.8/site-packages/airflow/example_dags/tutorial_objectstorage.py
[2024-04-08T08:39:32.493+0000] {processor.py:830} INFO - Processing file /home/airflow/.local/lib/python3.8/site-packages/airflow/example_dags/tutorial_objectstorage.py for tasks to queue
[2024-04-08T08:39:32.495+0000] {logging_mixin.py:188} INFO - [2024-04-08T08:39:32.494+0000] {dagbag.py:540} INFO - Filling up the DagBag from /home/airflow/.local/lib/python3.8/site-packages/airflow/example_dags/tutorial_objectstorage.py
[2024-04-08T08:39:32.504+0000] {processor.py:840} INFO - DAG(s) 'tutorial_objectstorage' retrieved from /home/airflow/.local/lib/python3.8/site-packages/airflow/example_dags/tutorial_objectstorage.py
[2024-04-08T08:39:32.554+0000] {logging_mixin.py:188} INFO - [2024-04-08T08:39:32.554+0000] {dag.py:3047} INFO - Sync 1 DAGs
[2024-04-08T08:39:32.570+0000] {logging_mixin.py:188} INFO - [2024-04-08T08:39:32.569+0000] {dag.py:3834} INFO - Setting next_dagrun for tutorial_objectstorage to None, run_after=None
[2024-04-08T08:39:32.609+0000] {processor.py:183} INFO - Processing /home/airflow/.local/lib/python3.8/site-packages/airflow/example_dags/tutorial_objectstorage.py took 0.129 seconds
[2024-04-08T08:40:02.934+0000] {processor.py:161} INFO - Started process (PID=6674) to work on /home/airflow/.local/lib/python3.8/site-packages/airflow/example_dags/tutorial_objectstorage.py
[2024-04-08T08:40:02.935+0000] {processor.py:830} INFO - Processing file /home/airflow/.local/lib/python3.8/site-packages/airflow/example_dags/tutorial_objectstorage.py for tasks to queue
[2024-04-08T08:40:02.936+0000] {logging_mixin.py:188} INFO - [2024-04-08T08:40:02.936+0000] {dagbag.py:540} INFO - Filling up the DagBag from /home/airflow/.local/lib/python3.8/site-packages/airflow/example_dags/tutorial_objectstorage.py
[2024-04-08T08:40:02.944+0000] {processor.py:840} INFO - DAG(s) 'tutorial_objectstorage' retrieved from /home/airflow/.local/lib/python3.8/site-packages/airflow/example_dags/tutorial_objectstorage.py
[2024-04-08T08:40:02.964+0000] {logging_mixin.py:188} INFO - [2024-04-08T08:40:02.964+0000] {dag.py:3047} INFO - Sync 1 DAGs
[2024-04-08T08:40:02.980+0000] {logging_mixin.py:188} INFO - [2024-04-08T08:40:02.980+0000] {dag.py:3834} INFO - Setting next_dagrun for tutorial_objectstorage to None, run_after=None
[2024-04-08T08:40:03.006+0000] {processor.py:183} INFO - Processing /home/airflow/.local/lib/python3.8/site-packages/airflow/example_dags/tutorial_objectstorage.py took 0.076 seconds
[2024-04-08T08:40:33.284+0000] {processor.py:161} INFO - Started process (PID=6931) to work on /home/airflow/.local/lib/python3.8/site-packages/airflow/example_dags/tutorial_objectstorage.py
[2024-04-08T08:40:33.286+0000] {processor.py:830} INFO - Processing file /home/airflow/.local/lib/python3.8/site-packages/airflow/example_dags/tutorial_objectstorage.py for tasks to queue
[2024-04-08T08:40:33.287+0000] {logging_mixin.py:188} INFO - [2024-04-08T08:40:33.286+0000] {dagbag.py:540} INFO - Filling up the DagBag from /home/airflow/.local/lib/python3.8/site-packages/airflow/example_dags/tutorial_objectstorage.py
[2024-04-08T08:40:33.293+0000] {processor.py:840} INFO - DAG(s) 'tutorial_objectstorage' retrieved from /home/airflow/.local/lib/python3.8/site-packages/airflow/example_dags/tutorial_objectstorage.py
[2024-04-08T08:40:33.314+0000] {logging_mixin.py:188} INFO - [2024-04-08T08:40:33.314+0000] {dag.py:3047} INFO - Sync 1 DAGs
[2024-04-08T08:40:33.327+0000] {logging_mixin.py:188} INFO - [2024-04-08T08:40:33.327+0000] {dag.py:3834} INFO - Setting next_dagrun for tutorial_objectstorage to None, run_after=None
[2024-04-08T08:40:33.351+0000] {processor.py:183} INFO - Processing /home/airflow/.local/lib/python3.8/site-packages/airflow/example_dags/tutorial_objectstorage.py took 0.070 seconds
[2024-04-08T08:41:03.928+0000] {processor.py:161} INFO - Started process (PID=7190) to work on /home/airflow/.local/lib/python3.8/site-packages/airflow/example_dags/tutorial_objectstorage.py
[2024-04-08T08:41:03.929+0000] {processor.py:830} INFO - Processing file /home/airflow/.local/lib/python3.8/site-packages/airflow/example_dags/tutorial_objectstorage.py for tasks to queue
[2024-04-08T08:41:03.930+0000] {logging_mixin.py:188} INFO - [2024-04-08T08:41:03.929+0000] {dagbag.py:540} INFO - Filling up the DagBag from /home/airflow/.local/lib/python3.8/site-packages/airflow/example_dags/tutorial_objectstorage.py
[2024-04-08T08:41:03.940+0000] {processor.py:840} INFO - DAG(s) 'tutorial_objectstorage' retrieved from /home/airflow/.local/lib/python3.8/site-packages/airflow/example_dags/tutorial_objectstorage.py
[2024-04-08T08:41:03.964+0000] {logging_mixin.py:188} INFO - [2024-04-08T08:41:03.963+0000] {dag.py:3047} INFO - Sync 1 DAGs
[2024-04-08T08:41:03.978+0000] {logging_mixin.py:188} INFO - [2024-04-08T08:41:03.977+0000] {dag.py:3834} INFO - Setting next_dagrun for tutorial_objectstorage to None, run_after=None
[2024-04-08T08:41:04.002+0000] {processor.py:183} INFO - Processing /home/airflow/.local/lib/python3.8/site-packages/airflow/example_dags/tutorial_objectstorage.py took 0.078 seconds
[2024-04-08T08:41:34.415+0000] {processor.py:161} INFO - Started process (PID=7445) to work on /home/airflow/.local/lib/python3.8/site-packages/airflow/example_dags/tutorial_objectstorage.py
[2024-04-08T08:41:34.416+0000] {processor.py:830} INFO - Processing file /home/airflow/.local/lib/python3.8/site-packages/airflow/example_dags/tutorial_objectstorage.py for tasks to queue
[2024-04-08T08:41:34.417+0000] {logging_mixin.py:188} INFO - [2024-04-08T08:41:34.417+0000] {dagbag.py:540} INFO - Filling up the DagBag from /home/airflow/.local/lib/python3.8/site-packages/airflow/example_dags/tutorial_objectstorage.py
[2024-04-08T08:41:34.425+0000] {processor.py:840} INFO - DAG(s) 'tutorial_objectstorage' retrieved from /home/airflow/.local/lib/python3.8/site-packages/airflow/example_dags/tutorial_objectstorage.py
[2024-04-08T08:41:34.446+0000] {logging_mixin.py:188} INFO - [2024-04-08T08:41:34.445+0000] {dag.py:3047} INFO - Sync 1 DAGs
[2024-04-08T08:41:34.460+0000] {logging_mixin.py:188} INFO - [2024-04-08T08:41:34.460+0000] {dag.py:3834} INFO - Setting next_dagrun for tutorial_objectstorage to None, run_after=None
[2024-04-08T08:41:34.484+0000] {processor.py:183} INFO - Processing /home/airflow/.local/lib/python3.8/site-packages/airflow/example_dags/tutorial_objectstorage.py took 0.072 seconds
[2024-04-08T08:42:04.690+0000] {processor.py:161} INFO - Started process (PID=7704) to work on /home/airflow/.local/lib/python3.8/site-packages/airflow/example_dags/tutorial_objectstorage.py
[2024-04-08T08:42:04.691+0000] {processor.py:830} INFO - Processing file /home/airflow/.local/lib/python3.8/site-packages/airflow/example_dags/tutorial_objectstorage.py for tasks to queue
[2024-04-08T08:42:04.691+0000] {logging_mixin.py:188} INFO - [2024-04-08T08:42:04.691+0000] {dagbag.py:540} INFO - Filling up the DagBag from /home/airflow/.local/lib/python3.8/site-packages/airflow/example_dags/tutorial_objectstorage.py
[2024-04-08T08:42:04.697+0000] {processor.py:840} INFO - DAG(s) 'tutorial_objectstorage' retrieved from /home/airflow/.local/lib/python3.8/site-packages/airflow/example_dags/tutorial_objectstorage.py
[2024-04-08T08:42:04.713+0000] {logging_mixin.py:188} INFO - [2024-04-08T08:42:04.713+0000] {dag.py:3047} INFO - Sync 1 DAGs
[2024-04-08T08:42:04.723+0000] {logging_mixin.py:188} INFO - [2024-04-08T08:42:04.722+0000] {dag.py:3834} INFO - Setting next_dagrun for tutorial_objectstorage to None, run_after=None
[2024-04-08T08:42:04.742+0000] {processor.py:183} INFO - Processing /home/airflow/.local/lib/python3.8/site-packages/airflow/example_dags/tutorial_objectstorage.py took 0.055 seconds
[2024-04-08T08:42:35.041+0000] {processor.py:161} INFO - Started process (PID=7961) to work on /home/airflow/.local/lib/python3.8/site-packages/airflow/example_dags/tutorial_objectstorage.py
[2024-04-08T08:42:35.042+0000] {processor.py:830} INFO - Processing file /home/airflow/.local/lib/python3.8/site-packages/airflow/example_dags/tutorial_objectstorage.py for tasks to queue
[2024-04-08T08:42:35.043+0000] {logging_mixin.py:188} INFO - [2024-04-08T08:42:35.042+0000] {dagbag.py:540} INFO - Filling up the DagBag from /home/airflow/.local/lib/python3.8/site-packages/airflow/example_dags/tutorial_objectstorage.py
[2024-04-08T08:42:35.048+0000] {processor.py:840} INFO - DAG(s) 'tutorial_objectstorage' retrieved from /home/airflow/.local/lib/python3.8/site-packages/airflow/example_dags/tutorial_objectstorage.py
[2024-04-08T08:42:35.064+0000] {logging_mixin.py:188} INFO - [2024-04-08T08:42:35.064+0000] {dag.py:3047} INFO - Sync 1 DAGs
[2024-04-08T08:42:35.076+0000] {logging_mixin.py:188} INFO - [2024-04-08T08:42:35.076+0000] {dag.py:3834} INFO - Setting next_dagrun for tutorial_objectstorage to None, run_after=None
[2024-04-08T08:42:35.122+0000] {processor.py:183} INFO - Processing /home/airflow/.local/lib/python3.8/site-packages/airflow/example_dags/tutorial_objectstorage.py took 0.083 seconds
[2024-04-08T08:43:05.382+0000] {processor.py:161} INFO - Started process (PID=8218) to work on /home/airflow/.local/lib/python3.8/site-packages/airflow/example_dags/tutorial_objectstorage.py
[2024-04-08T08:43:05.384+0000] {processor.py:830} INFO - Processing file /home/airflow/.local/lib/python3.8/site-packages/airflow/example_dags/tutorial_objectstorage.py for tasks to queue
[2024-04-08T08:43:05.385+0000] {logging_mixin.py:188} INFO - [2024-04-08T08:43:05.384+0000] {dagbag.py:540} INFO - Filling up the DagBag from /home/airflow/.local/lib/python3.8/site-packages/airflow/example_dags/tutorial_objectstorage.py
[2024-04-08T08:43:05.391+0000] {processor.py:840} INFO - DAG(s) 'tutorial_objectstorage' retrieved from /home/airflow/.local/lib/python3.8/site-packages/airflow/example_dags/tutorial_objectstorage.py
[2024-04-08T08:43:05.408+0000] {logging_mixin.py:188} INFO - [2024-04-08T08:43:05.408+0000] {dag.py:3047} INFO - Sync 1 DAGs
[2024-04-08T08:43:05.418+0000] {logging_mixin.py:188} INFO - [2024-04-08T08:43:05.418+0000] {dag.py:3834} INFO - Setting next_dagrun for tutorial_objectstorage to None, run_after=None
[2024-04-08T08:43:05.437+0000] {processor.py:183} INFO - Processing /home/airflow/.local/lib/python3.8/site-packages/airflow/example_dags/tutorial_objectstorage.py took 0.058 seconds
[2024-04-08T08:43:35.841+0000] {processor.py:161} INFO - Started process (PID=8473) to work on /home/airflow/.local/lib/python3.8/site-packages/airflow/example_dags/tutorial_objectstorage.py
[2024-04-08T08:43:35.842+0000] {processor.py:830} INFO - Processing file /home/airflow/.local/lib/python3.8/site-packages/airflow/example_dags/tutorial_objectstorage.py for tasks to queue
[2024-04-08T08:43:35.843+0000] {logging_mixin.py:188} INFO - [2024-04-08T08:43:35.843+0000] {dagbag.py:540} INFO - Filling up the DagBag from /home/airflow/.local/lib/python3.8/site-packages/airflow/example_dags/tutorial_objectstorage.py
[2024-04-08T08:43:35.851+0000] {processor.py:840} INFO - DAG(s) 'tutorial_objectstorage' retrieved from /home/airflow/.local/lib/python3.8/site-packages/airflow/example_dags/tutorial_objectstorage.py
[2024-04-08T08:43:35.875+0000] {logging_mixin.py:188} INFO - [2024-04-08T08:43:35.874+0000] {dag.py:3047} INFO - Sync 1 DAGs
[2024-04-08T08:43:35.890+0000] {logging_mixin.py:188} INFO - [2024-04-08T08:43:35.889+0000] {dag.py:3834} INFO - Setting next_dagrun for tutorial_objectstorage to None, run_after=None
[2024-04-08T08:43:35.913+0000] {processor.py:183} INFO - Processing /home/airflow/.local/lib/python3.8/site-packages/airflow/example_dags/tutorial_objectstorage.py took 0.076 seconds
[2024-04-08T08:44:06.480+0000] {processor.py:161} INFO - Started process (PID=8732) to work on /home/airflow/.local/lib/python3.8/site-packages/airflow/example_dags/tutorial_objectstorage.py
[2024-04-08T08:44:06.481+0000] {processor.py:830} INFO - Processing file /home/airflow/.local/lib/python3.8/site-packages/airflow/example_dags/tutorial_objectstorage.py for tasks to queue
[2024-04-08T08:44:06.482+0000] {logging_mixin.py:188} INFO - [2024-04-08T08:44:06.482+0000] {dagbag.py:540} INFO - Filling up the DagBag from /home/airflow/.local/lib/python3.8/site-packages/airflow/example_dags/tutorial_objectstorage.py
[2024-04-08T08:44:06.490+0000] {processor.py:840} INFO - DAG(s) 'tutorial_objectstorage' retrieved from /home/airflow/.local/lib/python3.8/site-packages/airflow/example_dags/tutorial_objectstorage.py
[2024-04-08T08:44:06.513+0000] {logging_mixin.py:188} INFO - [2024-04-08T08:44:06.511+0000] {dag.py:3047} INFO - Sync 1 DAGs
[2024-04-08T08:44:06.544+0000] {logging_mixin.py:188} INFO - [2024-04-08T08:44:06.540+0000] {dag.py:3834} INFO - Setting next_dagrun for tutorial_objectstorage to None, run_after=None
[2024-04-08T08:44:06.583+0000] {processor.py:183} INFO - Processing /home/airflow/.local/lib/python3.8/site-packages/airflow/example_dags/tutorial_objectstorage.py took 0.106 seconds
[2024-04-08T08:44:37.196+0000] {processor.py:161} INFO - Started process (PID=8988) to work on /home/airflow/.local/lib/python3.8/site-packages/airflow/example_dags/tutorial_objectstorage.py
[2024-04-08T08:44:37.197+0000] {processor.py:830} INFO - Processing file /home/airflow/.local/lib/python3.8/site-packages/airflow/example_dags/tutorial_objectstorage.py for tasks to queue
[2024-04-08T08:44:37.198+0000] {logging_mixin.py:188} INFO - [2024-04-08T08:44:37.197+0000] {dagbag.py:540} INFO - Filling up the DagBag from /home/airflow/.local/lib/python3.8/site-packages/airflow/example_dags/tutorial_objectstorage.py
[2024-04-08T08:44:37.206+0000] {processor.py:840} INFO - DAG(s) 'tutorial_objectstorage' retrieved from /home/airflow/.local/lib/python3.8/site-packages/airflow/example_dags/tutorial_objectstorage.py
[2024-04-08T08:44:37.228+0000] {logging_mixin.py:188} INFO - [2024-04-08T08:44:37.227+0000] {dag.py:3047} INFO - Sync 1 DAGs
[2024-04-08T08:44:37.245+0000] {logging_mixin.py:188} INFO - [2024-04-08T08:44:37.244+0000] {dag.py:3834} INFO - Setting next_dagrun for tutorial_objectstorage to None, run_after=None
[2024-04-08T08:44:37.270+0000] {processor.py:183} INFO - Processing /home/airflow/.local/lib/python3.8/site-packages/airflow/example_dags/tutorial_objectstorage.py took 0.078 seconds
[2024-04-08T08:45:07.470+0000] {processor.py:161} INFO - Started process (PID=9249) to work on /home/airflow/.local/lib/python3.8/site-packages/airflow/example_dags/tutorial_objectstorage.py
[2024-04-08T08:45:07.471+0000] {processor.py:830} INFO - Processing file /home/airflow/.local/lib/python3.8/site-packages/airflow/example_dags/tutorial_objectstorage.py for tasks to queue
[2024-04-08T08:45:07.472+0000] {logging_mixin.py:188} INFO - [2024-04-08T08:45:07.471+0000] {dagbag.py:540} INFO - Filling up the DagBag from /home/airflow/.local/lib/python3.8/site-packages/airflow/example_dags/tutorial_objectstorage.py
[2024-04-08T08:45:07.479+0000] {processor.py:840} INFO - DAG(s) 'tutorial_objectstorage' retrieved from /home/airflow/.local/lib/python3.8/site-packages/airflow/example_dags/tutorial_objectstorage.py
[2024-04-08T08:45:07.502+0000] {logging_mixin.py:188} INFO - [2024-04-08T08:45:07.501+0000] {dag.py:3047} INFO - Sync 1 DAGs
[2024-04-08T08:45:07.516+0000] {logging_mixin.py:188} INFO - [2024-04-08T08:45:07.516+0000] {dag.py:3834} INFO - Setting next_dagrun for tutorial_objectstorage to None, run_after=None
[2024-04-08T08:45:07.569+0000] {processor.py:183} INFO - Processing /home/airflow/.local/lib/python3.8/site-packages/airflow/example_dags/tutorial_objectstorage.py took 0.102 seconds
[2024-04-08T08:45:37.808+0000] {processor.py:161} INFO - Started process (PID=9505) to work on /home/airflow/.local/lib/python3.8/site-packages/airflow/example_dags/tutorial_objectstorage.py
[2024-04-08T08:45:37.809+0000] {processor.py:830} INFO - Processing file /home/airflow/.local/lib/python3.8/site-packages/airflow/example_dags/tutorial_objectstorage.py for tasks to queue
[2024-04-08T08:45:37.810+0000] {logging_mixin.py:188} INFO - [2024-04-08T08:45:37.810+0000] {dagbag.py:540} INFO - Filling up the DagBag from /home/airflow/.local/lib/python3.8/site-packages/airflow/example_dags/tutorial_objectstorage.py
[2024-04-08T08:45:37.818+0000] {processor.py:840} INFO - DAG(s) 'tutorial_objectstorage' retrieved from /home/airflow/.local/lib/python3.8/site-packages/airflow/example_dags/tutorial_objectstorage.py
[2024-04-08T08:45:37.839+0000] {logging_mixin.py:188} INFO - [2024-04-08T08:45:37.839+0000] {dag.py:3047} INFO - Sync 1 DAGs
[2024-04-08T08:45:37.854+0000] {logging_mixin.py:188} INFO - [2024-04-08T08:45:37.854+0000] {dag.py:3834} INFO - Setting next_dagrun for tutorial_objectstorage to None, run_after=None
[2024-04-08T08:45:37.879+0000] {processor.py:183} INFO - Processing /home/airflow/.local/lib/python3.8/site-packages/airflow/example_dags/tutorial_objectstorage.py took 0.075 seconds
[2024-04-08T08:46:08.109+0000] {processor.py:161} INFO - Started process (PID=9762) to work on /home/airflow/.local/lib/python3.8/site-packages/airflow/example_dags/tutorial_objectstorage.py
[2024-04-08T08:46:08.112+0000] {processor.py:830} INFO - Processing file /home/airflow/.local/lib/python3.8/site-packages/airflow/example_dags/tutorial_objectstorage.py for tasks to queue
[2024-04-08T08:46:08.113+0000] {logging_mixin.py:188} INFO - [2024-04-08T08:46:08.112+0000] {dagbag.py:540} INFO - Filling up the DagBag from /home/airflow/.local/lib/python3.8/site-packages/airflow/example_dags/tutorial_objectstorage.py
[2024-04-08T08:46:08.121+0000] {processor.py:840} INFO - DAG(s) 'tutorial_objectstorage' retrieved from /home/airflow/.local/lib/python3.8/site-packages/airflow/example_dags/tutorial_objectstorage.py
[2024-04-08T08:46:08.145+0000] {logging_mixin.py:188} INFO - [2024-04-08T08:46:08.145+0000] {dag.py:3047} INFO - Sync 1 DAGs
[2024-04-08T08:46:08.158+0000] {logging_mixin.py:188} INFO - [2024-04-08T08:46:08.157+0000] {dag.py:3834} INFO - Setting next_dagrun for tutorial_objectstorage to None, run_after=None
[2024-04-08T08:46:08.179+0000] {processor.py:183} INFO - Processing /home/airflow/.local/lib/python3.8/site-packages/airflow/example_dags/tutorial_objectstorage.py took 0.074 seconds
[2024-04-08T08:46:38.557+0000] {processor.py:161} INFO - Started process (PID=10019) to work on /home/airflow/.local/lib/python3.8/site-packages/airflow/example_dags/tutorial_objectstorage.py
[2024-04-08T08:46:38.558+0000] {processor.py:830} INFO - Processing file /home/airflow/.local/lib/python3.8/site-packages/airflow/example_dags/tutorial_objectstorage.py for tasks to queue
[2024-04-08T08:46:38.559+0000] {logging_mixin.py:188} INFO - [2024-04-08T08:46:38.559+0000] {dagbag.py:540} INFO - Filling up the DagBag from /home/airflow/.local/lib/python3.8/site-packages/airflow/example_dags/tutorial_objectstorage.py
[2024-04-08T08:46:38.567+0000] {processor.py:840} INFO - DAG(s) 'tutorial_objectstorage' retrieved from /home/airflow/.local/lib/python3.8/site-packages/airflow/example_dags/tutorial_objectstorage.py
[2024-04-08T08:46:38.588+0000] {logging_mixin.py:188} INFO - [2024-04-08T08:46:38.588+0000] {dag.py:3047} INFO - Sync 1 DAGs
[2024-04-08T08:46:38.603+0000] {logging_mixin.py:188} INFO - [2024-04-08T08:46:38.602+0000] {dag.py:3834} INFO - Setting next_dagrun for tutorial_objectstorage to None, run_after=None
[2024-04-08T08:46:38.627+0000] {processor.py:183} INFO - Processing /home/airflow/.local/lib/python3.8/site-packages/airflow/example_dags/tutorial_objectstorage.py took 0.074 seconds
[2024-04-08T08:47:09.353+0000] {processor.py:161} INFO - Started process (PID=10276) to work on /home/airflow/.local/lib/python3.8/site-packages/airflow/example_dags/tutorial_objectstorage.py
[2024-04-08T08:47:09.354+0000] {processor.py:830} INFO - Processing file /home/airflow/.local/lib/python3.8/site-packages/airflow/example_dags/tutorial_objectstorage.py for tasks to queue
[2024-04-08T08:47:09.355+0000] {logging_mixin.py:188} INFO - [2024-04-08T08:47:09.355+0000] {dagbag.py:540} INFO - Filling up the DagBag from /home/airflow/.local/lib/python3.8/site-packages/airflow/example_dags/tutorial_objectstorage.py
[2024-04-08T08:47:09.363+0000] {processor.py:840} INFO - DAG(s) 'tutorial_objectstorage' retrieved from /home/airflow/.local/lib/python3.8/site-packages/airflow/example_dags/tutorial_objectstorage.py
[2024-04-08T08:47:09.385+0000] {logging_mixin.py:188} INFO - [2024-04-08T08:47:09.385+0000] {dag.py:3047} INFO - Sync 1 DAGs
[2024-04-08T08:47:09.398+0000] {logging_mixin.py:188} INFO - [2024-04-08T08:47:09.398+0000] {dag.py:3834} INFO - Setting next_dagrun for tutorial_objectstorage to None, run_after=None
[2024-04-08T08:47:09.421+0000] {processor.py:183} INFO - Processing /home/airflow/.local/lib/python3.8/site-packages/airflow/example_dags/tutorial_objectstorage.py took 0.072 seconds
[2024-04-08T08:47:40.434+0000] {processor.py:161} INFO - Started process (PID=10541) to work on /home/airflow/.local/lib/python3.8/site-packages/airflow/example_dags/tutorial_objectstorage.py
[2024-04-08T08:47:40.435+0000] {processor.py:830} INFO - Processing file /home/airflow/.local/lib/python3.8/site-packages/airflow/example_dags/tutorial_objectstorage.py for tasks to queue
[2024-04-08T08:47:40.436+0000] {logging_mixin.py:188} INFO - [2024-04-08T08:47:40.436+0000] {dagbag.py:540} INFO - Filling up the DagBag from /home/airflow/.local/lib/python3.8/site-packages/airflow/example_dags/tutorial_objectstorage.py
[2024-04-08T08:47:40.448+0000] {processor.py:840} INFO - DAG(s) 'tutorial_objectstorage' retrieved from /home/airflow/.local/lib/python3.8/site-packages/airflow/example_dags/tutorial_objectstorage.py
[2024-04-08T08:47:40.470+0000] {logging_mixin.py:188} INFO - [2024-04-08T08:47:40.470+0000] {dag.py:3047} INFO - Sync 1 DAGs
[2024-04-08T08:47:40.486+0000] {logging_mixin.py:188} INFO - [2024-04-08T08:47:40.486+0000] {dag.py:3834} INFO - Setting next_dagrun for tutorial_objectstorage to None, run_after=None
[2024-04-08T08:47:40.510+0000] {processor.py:183} INFO - Processing /home/airflow/.local/lib/python3.8/site-packages/airflow/example_dags/tutorial_objectstorage.py took 0.079 seconds
[2024-04-08T08:48:10.769+0000] {processor.py:161} INFO - Started process (PID=10796) to work on /home/airflow/.local/lib/python3.8/site-packages/airflow/example_dags/tutorial_objectstorage.py
[2024-04-08T08:48:10.770+0000] {processor.py:830} INFO - Processing file /home/airflow/.local/lib/python3.8/site-packages/airflow/example_dags/tutorial_objectstorage.py for tasks to queue
[2024-04-08T08:48:10.771+0000] {logging_mixin.py:188} INFO - [2024-04-08T08:48:10.771+0000] {dagbag.py:540} INFO - Filling up the DagBag from /home/airflow/.local/lib/python3.8/site-packages/airflow/example_dags/tutorial_objectstorage.py
[2024-04-08T08:48:10.780+0000] {processor.py:840} INFO - DAG(s) 'tutorial_objectstorage' retrieved from /home/airflow/.local/lib/python3.8/site-packages/airflow/example_dags/tutorial_objectstorage.py
[2024-04-08T08:48:10.801+0000] {logging_mixin.py:188} INFO - [2024-04-08T08:48:10.801+0000] {dag.py:3047} INFO - Sync 1 DAGs
[2024-04-08T08:48:10.815+0000] {logging_mixin.py:188} INFO - [2024-04-08T08:48:10.815+0000] {dag.py:3834} INFO - Setting next_dagrun for tutorial_objectstorage to None, run_after=None
[2024-04-08T08:48:10.843+0000] {processor.py:183} INFO - Processing /home/airflow/.local/lib/python3.8/site-packages/airflow/example_dags/tutorial_objectstorage.py took 0.079 seconds
[2024-04-08T08:48:41.216+0000] {processor.py:161} INFO - Started process (PID=11053) to work on /home/airflow/.local/lib/python3.8/site-packages/airflow/example_dags/tutorial_objectstorage.py
[2024-04-08T08:48:41.217+0000] {processor.py:830} INFO - Processing file /home/airflow/.local/lib/python3.8/site-packages/airflow/example_dags/tutorial_objectstorage.py for tasks to queue
[2024-04-08T08:48:41.218+0000] {logging_mixin.py:188} INFO - [2024-04-08T08:48:41.218+0000] {dagbag.py:540} INFO - Filling up the DagBag from /home/airflow/.local/lib/python3.8/site-packages/airflow/example_dags/tutorial_objectstorage.py
[2024-04-08T08:48:41.226+0000] {processor.py:840} INFO - DAG(s) 'tutorial_objectstorage' retrieved from /home/airflow/.local/lib/python3.8/site-packages/airflow/example_dags/tutorial_objectstorage.py
[2024-04-08T08:48:41.247+0000] {logging_mixin.py:188} INFO - [2024-04-08T08:48:41.246+0000] {dag.py:3047} INFO - Sync 1 DAGs
[2024-04-08T08:48:41.260+0000] {logging_mixin.py:188} INFO - [2024-04-08T08:48:41.260+0000] {dag.py:3834} INFO - Setting next_dagrun for tutorial_objectstorage to None, run_after=None
[2024-04-08T08:48:41.284+0000] {processor.py:183} INFO - Processing /home/airflow/.local/lib/python3.8/site-packages/airflow/example_dags/tutorial_objectstorage.py took 0.072 seconds
[2024-04-08T08:49:12.163+0000] {processor.py:161} INFO - Started process (PID=11310) to work on /home/airflow/.local/lib/python3.8/site-packages/airflow/example_dags/tutorial_objectstorage.py
[2024-04-08T08:49:12.165+0000] {processor.py:830} INFO - Processing file /home/airflow/.local/lib/python3.8/site-packages/airflow/example_dags/tutorial_objectstorage.py for tasks to queue
[2024-04-08T08:49:12.166+0000] {logging_mixin.py:188} INFO - [2024-04-08T08:49:12.165+0000] {dagbag.py:540} INFO - Filling up the DagBag from /home/airflow/.local/lib/python3.8/site-packages/airflow/example_dags/tutorial_objectstorage.py
[2024-04-08T08:49:12.173+0000] {processor.py:840} INFO - DAG(s) 'tutorial_objectstorage' retrieved from /home/airflow/.local/lib/python3.8/site-packages/airflow/example_dags/tutorial_objectstorage.py
[2024-04-08T08:49:12.194+0000] {logging_mixin.py:188} INFO - [2024-04-08T08:49:12.194+0000] {dag.py:3047} INFO - Sync 1 DAGs
[2024-04-08T08:49:12.208+0000] {logging_mixin.py:188} INFO - [2024-04-08T08:49:12.208+0000] {dag.py:3834} INFO - Setting next_dagrun for tutorial_objectstorage to None, run_after=None
[2024-04-08T08:49:12.234+0000] {processor.py:183} INFO - Processing /home/airflow/.local/lib/python3.8/site-packages/airflow/example_dags/tutorial_objectstorage.py took 0.074 seconds
[2024-04-08T08:49:42.666+0000] {processor.py:161} INFO - Started process (PID=11570) to work on /home/airflow/.local/lib/python3.8/site-packages/airflow/example_dags/tutorial_objectstorage.py
[2024-04-08T08:49:42.667+0000] {processor.py:830} INFO - Processing file /home/airflow/.local/lib/python3.8/site-packages/airflow/example_dags/tutorial_objectstorage.py for tasks to queue
[2024-04-08T08:49:42.669+0000] {logging_mixin.py:188} INFO - [2024-04-08T08:49:42.668+0000] {dagbag.py:540} INFO - Filling up the DagBag from /home/airflow/.local/lib/python3.8/site-packages/airflow/example_dags/tutorial_objectstorage.py
[2024-04-08T08:49:42.676+0000] {processor.py:840} INFO - DAG(s) 'tutorial_objectstorage' retrieved from /home/airflow/.local/lib/python3.8/site-packages/airflow/example_dags/tutorial_objectstorage.py
[2024-04-08T08:49:42.700+0000] {logging_mixin.py:188} INFO - [2024-04-08T08:49:42.700+0000] {dag.py:3047} INFO - Sync 1 DAGs
[2024-04-08T08:49:42.715+0000] {logging_mixin.py:188} INFO - [2024-04-08T08:49:42.715+0000] {dag.py:3834} INFO - Setting next_dagrun for tutorial_objectstorage to None, run_after=None
[2024-04-08T08:49:42.744+0000] {processor.py:183} INFO - Processing /home/airflow/.local/lib/python3.8/site-packages/airflow/example_dags/tutorial_objectstorage.py took 0.081 seconds
[2024-04-08T08:50:13.286+0000] {processor.py:161} INFO - Started process (PID=11824) to work on /home/airflow/.local/lib/python3.8/site-packages/airflow/example_dags/tutorial_objectstorage.py
[2024-04-08T08:50:13.287+0000] {processor.py:830} INFO - Processing file /home/airflow/.local/lib/python3.8/site-packages/airflow/example_dags/tutorial_objectstorage.py for tasks to queue
[2024-04-08T08:50:13.288+0000] {logging_mixin.py:188} INFO - [2024-04-08T08:50:13.288+0000] {dagbag.py:540} INFO - Filling up the DagBag from /home/airflow/.local/lib/python3.8/site-packages/airflow/example_dags/tutorial_objectstorage.py
[2024-04-08T08:50:13.296+0000] {processor.py:840} INFO - DAG(s) 'tutorial_objectstorage' retrieved from /home/airflow/.local/lib/python3.8/site-packages/airflow/example_dags/tutorial_objectstorage.py
[2024-04-08T08:50:13.319+0000] {logging_mixin.py:188} INFO - [2024-04-08T08:50:13.319+0000] {dag.py:3047} INFO - Sync 1 DAGs
[2024-04-08T08:50:13.334+0000] {logging_mixin.py:188} INFO - [2024-04-08T08:50:13.334+0000] {dag.py:3834} INFO - Setting next_dagrun for tutorial_objectstorage to None, run_after=None
[2024-04-08T08:50:13.360+0000] {processor.py:183} INFO - Processing /home/airflow/.local/lib/python3.8/site-packages/airflow/example_dags/tutorial_objectstorage.py took 0.077 seconds
[2024-04-08T08:50:43.788+0000] {processor.py:161} INFO - Started process (PID=12082) to work on /home/airflow/.local/lib/python3.8/site-packages/airflow/example_dags/tutorial_objectstorage.py
[2024-04-08T08:50:43.789+0000] {processor.py:830} INFO - Processing file /home/airflow/.local/lib/python3.8/site-packages/airflow/example_dags/tutorial_objectstorage.py for tasks to queue
[2024-04-08T08:50:43.790+0000] {logging_mixin.py:188} INFO - [2024-04-08T08:50:43.790+0000] {dagbag.py:540} INFO - Filling up the DagBag from /home/airflow/.local/lib/python3.8/site-packages/airflow/example_dags/tutorial_objectstorage.py
[2024-04-08T08:50:43.798+0000] {processor.py:840} INFO - DAG(s) 'tutorial_objectstorage' retrieved from /home/airflow/.local/lib/python3.8/site-packages/airflow/example_dags/tutorial_objectstorage.py
[2024-04-08T08:50:43.819+0000] {logging_mixin.py:188} INFO - [2024-04-08T08:50:43.819+0000] {dag.py:3047} INFO - Sync 1 DAGs
[2024-04-08T08:50:43.832+0000] {logging_mixin.py:188} INFO - [2024-04-08T08:50:43.832+0000] {dag.py:3834} INFO - Setting next_dagrun for tutorial_objectstorage to None, run_after=None
[2024-04-08T08:50:43.855+0000] {processor.py:183} INFO - Processing /home/airflow/.local/lib/python3.8/site-packages/airflow/example_dags/tutorial_objectstorage.py took 0.070 seconds
[2024-04-08T08:51:14.160+0000] {processor.py:161} INFO - Started process (PID=12340) to work on /home/airflow/.local/lib/python3.8/site-packages/airflow/example_dags/tutorial_objectstorage.py
[2024-04-08T08:51:14.160+0000] {processor.py:830} INFO - Processing file /home/airflow/.local/lib/python3.8/site-packages/airflow/example_dags/tutorial_objectstorage.py for tasks to queue
[2024-04-08T08:51:14.161+0000] {logging_mixin.py:188} INFO - [2024-04-08T08:51:14.161+0000] {dagbag.py:540} INFO - Filling up the DagBag from /home/airflow/.local/lib/python3.8/site-packages/airflow/example_dags/tutorial_objectstorage.py
[2024-04-08T08:51:14.169+0000] {processor.py:840} INFO - DAG(s) 'tutorial_objectstorage' retrieved from /home/airflow/.local/lib/python3.8/site-packages/airflow/example_dags/tutorial_objectstorage.py
[2024-04-08T08:51:14.194+0000] {logging_mixin.py:188} INFO - [2024-04-08T08:51:14.194+0000] {dag.py:3047} INFO - Sync 1 DAGs
[2024-04-08T08:51:14.209+0000] {logging_mixin.py:188} INFO - [2024-04-08T08:51:14.209+0000] {dag.py:3834} INFO - Setting next_dagrun for tutorial_objectstorage to None, run_after=None
[2024-04-08T08:51:14.232+0000] {processor.py:183} INFO - Processing /home/airflow/.local/lib/python3.8/site-packages/airflow/example_dags/tutorial_objectstorage.py took 0.076 seconds
[2024-04-08T08:51:44.631+0000] {processor.py:161} INFO - Started process (PID=12597) to work on /home/airflow/.local/lib/python3.8/site-packages/airflow/example_dags/tutorial_objectstorage.py
[2024-04-08T08:51:44.632+0000] {processor.py:830} INFO - Processing file /home/airflow/.local/lib/python3.8/site-packages/airflow/example_dags/tutorial_objectstorage.py for tasks to queue
[2024-04-08T08:51:44.634+0000] {logging_mixin.py:188} INFO - [2024-04-08T08:51:44.633+0000] {dagbag.py:540} INFO - Filling up the DagBag from /home/airflow/.local/lib/python3.8/site-packages/airflow/example_dags/tutorial_objectstorage.py
[2024-04-08T08:51:44.642+0000] {processor.py:840} INFO - DAG(s) 'tutorial_objectstorage' retrieved from /home/airflow/.local/lib/python3.8/site-packages/airflow/example_dags/tutorial_objectstorage.py
[2024-04-08T08:51:44.666+0000] {logging_mixin.py:188} INFO - [2024-04-08T08:51:44.666+0000] {dag.py:3047} INFO - Sync 1 DAGs
[2024-04-08T08:51:44.681+0000] {logging_mixin.py:188} INFO - [2024-04-08T08:51:44.681+0000] {dag.py:3834} INFO - Setting next_dagrun for tutorial_objectstorage to None, run_after=None
[2024-04-08T08:51:44.705+0000] {processor.py:183} INFO - Processing /home/airflow/.local/lib/python3.8/site-packages/airflow/example_dags/tutorial_objectstorage.py took 0.078 seconds
[2024-04-08T08:52:15.210+0000] {processor.py:161} INFO - Started process (PID=12856) to work on /home/airflow/.local/lib/python3.8/site-packages/airflow/example_dags/tutorial_objectstorage.py
[2024-04-08T08:52:15.210+0000] {processor.py:830} INFO - Processing file /home/airflow/.local/lib/python3.8/site-packages/airflow/example_dags/tutorial_objectstorage.py for tasks to queue
[2024-04-08T08:52:15.211+0000] {logging_mixin.py:188} INFO - [2024-04-08T08:52:15.211+0000] {dagbag.py:540} INFO - Filling up the DagBag from /home/airflow/.local/lib/python3.8/site-packages/airflow/example_dags/tutorial_objectstorage.py
[2024-04-08T08:52:15.219+0000] {processor.py:840} INFO - DAG(s) 'tutorial_objectstorage' retrieved from /home/airflow/.local/lib/python3.8/site-packages/airflow/example_dags/tutorial_objectstorage.py
[2024-04-08T08:52:15.242+0000] {logging_mixin.py:188} INFO - [2024-04-08T08:52:15.242+0000] {dag.py:3047} INFO - Sync 1 DAGs
[2024-04-08T08:52:15.257+0000] {logging_mixin.py:188} INFO - [2024-04-08T08:52:15.257+0000] {dag.py:3834} INFO - Setting next_dagrun for tutorial_objectstorage to None, run_after=None
[2024-04-08T08:52:15.288+0000] {processor.py:183} INFO - Processing /home/airflow/.local/lib/python3.8/site-packages/airflow/example_dags/tutorial_objectstorage.py took 0.082 seconds
[2024-04-08T08:52:45.739+0000] {processor.py:161} INFO - Started process (PID=13113) to work on /home/airflow/.local/lib/python3.8/site-packages/airflow/example_dags/tutorial_objectstorage.py
[2024-04-08T08:52:45.740+0000] {processor.py:830} INFO - Processing file /home/airflow/.local/lib/python3.8/site-packages/airflow/example_dags/tutorial_objectstorage.py for tasks to queue
[2024-04-08T08:52:45.741+0000] {logging_mixin.py:188} INFO - [2024-04-08T08:52:45.740+0000] {dagbag.py:540} INFO - Filling up the DagBag from /home/airflow/.local/lib/python3.8/site-packages/airflow/example_dags/tutorial_objectstorage.py
[2024-04-08T08:52:45.748+0000] {processor.py:840} INFO - DAG(s) 'tutorial_objectstorage' retrieved from /home/airflow/.local/lib/python3.8/site-packages/airflow/example_dags/tutorial_objectstorage.py
[2024-04-08T08:52:45.771+0000] {logging_mixin.py:188} INFO - [2024-04-08T08:52:45.771+0000] {dag.py:3047} INFO - Sync 1 DAGs
[2024-04-08T08:52:45.785+0000] {logging_mixin.py:188} INFO - [2024-04-08T08:52:45.785+0000] {dag.py:3834} INFO - Setting next_dagrun for tutorial_objectstorage to None, run_after=None
[2024-04-08T08:52:45.808+0000] {processor.py:183} INFO - Processing /home/airflow/.local/lib/python3.8/site-packages/airflow/example_dags/tutorial_objectstorage.py took 0.073 seconds
[2024-04-08T08:53:16.125+0000] {processor.py:161} INFO - Started process (PID=13368) to work on /home/airflow/.local/lib/python3.8/site-packages/airflow/example_dags/tutorial_objectstorage.py
[2024-04-08T08:53:16.126+0000] {processor.py:830} INFO - Processing file /home/airflow/.local/lib/python3.8/site-packages/airflow/example_dags/tutorial_objectstorage.py for tasks to queue
[2024-04-08T08:53:16.127+0000] {logging_mixin.py:188} INFO - [2024-04-08T08:53:16.127+0000] {dagbag.py:540} INFO - Filling up the DagBag from /home/airflow/.local/lib/python3.8/site-packages/airflow/example_dags/tutorial_objectstorage.py
[2024-04-08T08:53:16.136+0000] {processor.py:840} INFO - DAG(s) 'tutorial_objectstorage' retrieved from /home/airflow/.local/lib/python3.8/site-packages/airflow/example_dags/tutorial_objectstorage.py
[2024-04-08T08:53:16.156+0000] {logging_mixin.py:188} INFO - [2024-04-08T08:53:16.156+0000] {dag.py:3047} INFO - Sync 1 DAGs
[2024-04-08T08:53:16.170+0000] {logging_mixin.py:188} INFO - [2024-04-08T08:53:16.170+0000] {dag.py:3834} INFO - Setting next_dagrun for tutorial_objectstorage to None, run_after=None
[2024-04-08T08:53:16.193+0000] {processor.py:183} INFO - Processing /home/airflow/.local/lib/python3.8/site-packages/airflow/example_dags/tutorial_objectstorage.py took 0.072 seconds
[2024-04-08T08:53:46.478+0000] {processor.py:161} INFO - Started process (PID=13625) to work on /home/airflow/.local/lib/python3.8/site-packages/airflow/example_dags/tutorial_objectstorage.py
[2024-04-08T08:53:46.479+0000] {processor.py:830} INFO - Processing file /home/airflow/.local/lib/python3.8/site-packages/airflow/example_dags/tutorial_objectstorage.py for tasks to queue
[2024-04-08T08:53:46.480+0000] {logging_mixin.py:188} INFO - [2024-04-08T08:53:46.479+0000] {dagbag.py:540} INFO - Filling up the DagBag from /home/airflow/.local/lib/python3.8/site-packages/airflow/example_dags/tutorial_objectstorage.py
[2024-04-08T08:53:46.525+0000] {processor.py:840} INFO - DAG(s) 'tutorial_objectstorage' retrieved from /home/airflow/.local/lib/python3.8/site-packages/airflow/example_dags/tutorial_objectstorage.py
[2024-04-08T08:53:46.553+0000] {logging_mixin.py:188} INFO - [2024-04-08T08:53:46.552+0000] {dag.py:3047} INFO - Sync 1 DAGs
[2024-04-08T08:53:46.597+0000] {logging_mixin.py:188} INFO - [2024-04-08T08:53:46.597+0000] {dag.py:3834} INFO - Setting next_dagrun for tutorial_objectstorage to None, run_after=None
[2024-04-08T08:53:46.654+0000] {processor.py:183} INFO - Processing /home/airflow/.local/lib/python3.8/site-packages/airflow/example_dags/tutorial_objectstorage.py took 0.193 seconds
[2024-04-08T08:54:17.058+0000] {processor.py:161} INFO - Started process (PID=13883) to work on /home/airflow/.local/lib/python3.8/site-packages/airflow/example_dags/tutorial_objectstorage.py
[2024-04-08T08:54:17.059+0000] {processor.py:830} INFO - Processing file /home/airflow/.local/lib/python3.8/site-packages/airflow/example_dags/tutorial_objectstorage.py for tasks to queue
[2024-04-08T08:54:17.060+0000] {logging_mixin.py:188} INFO - [2024-04-08T08:54:17.060+0000] {dagbag.py:540} INFO - Filling up the DagBag from /home/airflow/.local/lib/python3.8/site-packages/airflow/example_dags/tutorial_objectstorage.py
[2024-04-08T08:54:17.068+0000] {processor.py:840} INFO - DAG(s) 'tutorial_objectstorage' retrieved from /home/airflow/.local/lib/python3.8/site-packages/airflow/example_dags/tutorial_objectstorage.py
[2024-04-08T08:54:17.090+0000] {logging_mixin.py:188} INFO - [2024-04-08T08:54:17.090+0000] {dag.py:3047} INFO - Sync 1 DAGs
[2024-04-08T08:54:17.105+0000] {logging_mixin.py:188} INFO - [2024-04-08T08:54:17.105+0000] {dag.py:3834} INFO - Setting next_dagrun for tutorial_objectstorage to None, run_after=None
[2024-04-08T08:54:17.159+0000] {processor.py:183} INFO - Processing /home/airflow/.local/lib/python3.8/site-packages/airflow/example_dags/tutorial_objectstorage.py took 0.105 seconds
[2024-04-08T08:54:47.484+0000] {processor.py:161} INFO - Started process (PID=14143) to work on /home/airflow/.local/lib/python3.8/site-packages/airflow/example_dags/tutorial_objectstorage.py
[2024-04-08T08:54:47.485+0000] {processor.py:830} INFO - Processing file /home/airflow/.local/lib/python3.8/site-packages/airflow/example_dags/tutorial_objectstorage.py for tasks to queue
[2024-04-08T08:54:47.486+0000] {logging_mixin.py:188} INFO - [2024-04-08T08:54:47.485+0000] {dagbag.py:540} INFO - Filling up the DagBag from /home/airflow/.local/lib/python3.8/site-packages/airflow/example_dags/tutorial_objectstorage.py
[2024-04-08T08:54:47.491+0000] {processor.py:840} INFO - DAG(s) 'tutorial_objectstorage' retrieved from /home/airflow/.local/lib/python3.8/site-packages/airflow/example_dags/tutorial_objectstorage.py
[2024-04-08T08:54:47.507+0000] {logging_mixin.py:188} INFO - [2024-04-08T08:54:47.506+0000] {dag.py:3047} INFO - Sync 1 DAGs
[2024-04-08T08:54:47.516+0000] {logging_mixin.py:188} INFO - [2024-04-08T08:54:47.516+0000] {dag.py:3834} INFO - Setting next_dagrun for tutorial_objectstorage to None, run_after=None
[2024-04-08T08:54:47.535+0000] {processor.py:183} INFO - Processing /home/airflow/.local/lib/python3.8/site-packages/airflow/example_dags/tutorial_objectstorage.py took 0.054 seconds
[2024-04-08T08:55:17.767+0000] {processor.py:161} INFO - Started process (PID=14401) to work on /home/airflow/.local/lib/python3.8/site-packages/airflow/example_dags/tutorial_objectstorage.py
[2024-04-08T08:55:17.768+0000] {processor.py:830} INFO - Processing file /home/airflow/.local/lib/python3.8/site-packages/airflow/example_dags/tutorial_objectstorage.py for tasks to queue
[2024-04-08T08:55:17.769+0000] {logging_mixin.py:188} INFO - [2024-04-08T08:55:17.768+0000] {dagbag.py:540} INFO - Filling up the DagBag from /home/airflow/.local/lib/python3.8/site-packages/airflow/example_dags/tutorial_objectstorage.py
[2024-04-08T08:55:17.778+0000] {processor.py:840} INFO - DAG(s) 'tutorial_objectstorage' retrieved from /home/airflow/.local/lib/python3.8/site-packages/airflow/example_dags/tutorial_objectstorage.py
[2024-04-08T08:55:17.800+0000] {logging_mixin.py:188} INFO - [2024-04-08T08:55:17.800+0000] {dag.py:3047} INFO - Sync 1 DAGs
[2024-04-08T08:55:17.817+0000] {logging_mixin.py:188} INFO - [2024-04-08T08:55:17.817+0000] {dag.py:3834} INFO - Setting next_dagrun for tutorial_objectstorage to None, run_after=None
[2024-04-08T08:55:17.840+0000] {processor.py:183} INFO - Processing /home/airflow/.local/lib/python3.8/site-packages/airflow/example_dags/tutorial_objectstorage.py took 0.076 seconds
[2024-04-08T08:55:48.132+0000] {processor.py:161} INFO - Started process (PID=14657) to work on /home/airflow/.local/lib/python3.8/site-packages/airflow/example_dags/tutorial_objectstorage.py
[2024-04-08T08:55:48.134+0000] {processor.py:830} INFO - Processing file /home/airflow/.local/lib/python3.8/site-packages/airflow/example_dags/tutorial_objectstorage.py for tasks to queue
[2024-04-08T08:55:48.135+0000] {logging_mixin.py:188} INFO - [2024-04-08T08:55:48.135+0000] {dagbag.py:540} INFO - Filling up the DagBag from /home/airflow/.local/lib/python3.8/site-packages/airflow/example_dags/tutorial_objectstorage.py
[2024-04-08T08:55:48.143+0000] {processor.py:840} INFO - DAG(s) 'tutorial_objectstorage' retrieved from /home/airflow/.local/lib/python3.8/site-packages/airflow/example_dags/tutorial_objectstorage.py
[2024-04-08T08:55:48.166+0000] {logging_mixin.py:188} INFO - [2024-04-08T08:55:48.165+0000] {dag.py:3047} INFO - Sync 1 DAGs
[2024-04-08T08:55:48.179+0000] {logging_mixin.py:188} INFO - [2024-04-08T08:55:48.179+0000] {dag.py:3834} INFO - Setting next_dagrun for tutorial_objectstorage to None, run_after=None
[2024-04-08T08:55:48.201+0000] {processor.py:183} INFO - Processing /home/airflow/.local/lib/python3.8/site-packages/airflow/example_dags/tutorial_objectstorage.py took 0.072 seconds
[2024-04-08T08:56:18.486+0000] {processor.py:161} INFO - Started process (PID=14915) to work on /home/airflow/.local/lib/python3.8/site-packages/airflow/example_dags/tutorial_objectstorage.py
[2024-04-08T08:56:18.487+0000] {processor.py:830} INFO - Processing file /home/airflow/.local/lib/python3.8/site-packages/airflow/example_dags/tutorial_objectstorage.py for tasks to queue
[2024-04-08T08:56:18.488+0000] {logging_mixin.py:188} INFO - [2024-04-08T08:56:18.488+0000] {dagbag.py:540} INFO - Filling up the DagBag from /home/airflow/.local/lib/python3.8/site-packages/airflow/example_dags/tutorial_objectstorage.py
[2024-04-08T08:56:18.496+0000] {processor.py:840} INFO - DAG(s) 'tutorial_objectstorage' retrieved from /home/airflow/.local/lib/python3.8/site-packages/airflow/example_dags/tutorial_objectstorage.py
[2024-04-08T08:56:18.519+0000] {logging_mixin.py:188} INFO - [2024-04-08T08:56:18.519+0000] {dag.py:3047} INFO - Sync 1 DAGs
[2024-04-08T08:56:18.537+0000] {logging_mixin.py:188} INFO - [2024-04-08T08:56:18.535+0000] {dag.py:3834} INFO - Setting next_dagrun for tutorial_objectstorage to None, run_after=None
[2024-04-08T08:56:18.566+0000] {processor.py:183} INFO - Processing /home/airflow/.local/lib/python3.8/site-packages/airflow/example_dags/tutorial_objectstorage.py took 0.084 seconds
[2024-04-08T08:56:49.006+0000] {processor.py:161} INFO - Started process (PID=15172) to work on /home/airflow/.local/lib/python3.8/site-packages/airflow/example_dags/tutorial_objectstorage.py
[2024-04-08T08:56:49.007+0000] {processor.py:830} INFO - Processing file /home/airflow/.local/lib/python3.8/site-packages/airflow/example_dags/tutorial_objectstorage.py for tasks to queue
[2024-04-08T08:56:49.008+0000] {logging_mixin.py:188} INFO - [2024-04-08T08:56:49.008+0000] {dagbag.py:540} INFO - Filling up the DagBag from /home/airflow/.local/lib/python3.8/site-packages/airflow/example_dags/tutorial_objectstorage.py
[2024-04-08T08:56:49.017+0000] {processor.py:840} INFO - DAG(s) 'tutorial_objectstorage' retrieved from /home/airflow/.local/lib/python3.8/site-packages/airflow/example_dags/tutorial_objectstorage.py
[2024-04-08T08:56:49.059+0000] {logging_mixin.py:188} INFO - [2024-04-08T08:56:49.059+0000] {dag.py:3047} INFO - Sync 1 DAGs
[2024-04-08T08:56:49.080+0000] {logging_mixin.py:188} INFO - [2024-04-08T08:56:49.080+0000] {dag.py:3834} INFO - Setting next_dagrun for tutorial_objectstorage to None, run_after=None
[2024-04-08T08:56:49.120+0000] {processor.py:183} INFO - Processing /home/airflow/.local/lib/python3.8/site-packages/airflow/example_dags/tutorial_objectstorage.py took 0.118 seconds
